21/11/23 11:25:47
/home/pi/reginaldojunior/experimentos/dynamic-batch/3-test//covtypeNorm-AdaptiveRandomForestExecutorMAXChunk
21/11/23 11:36:00
21/11/23 11:36:00
/home/pi/reginaldojunior/experimentos/dynamic-batch/3-test//covtypeNorm-LBagExecutorMAXChunk
21/11/23 11:46:13
21/11/23 11:46:13
/home/pi/reginaldojunior/experimentos/dynamic-batch/3-test//covtypeNorm-StreamingRandomPatchesExecutorMAXChunk
21/11/23 11:56:26
21/11/23 11:56:26
/home/pi/reginaldojunior/experimentos/dynamic-batch/3-test//covtypeNorm-OzaBagAdwinExecutorMAXChunk
21/11/23 12:06:40
21/11/23 12:06:40
/home/pi/reginaldojunior/experimentos/dynamic-batch/3-test//covtypeNorm-OzaBagASHTExecutorMAXChunk
21/11/23 12:16:53
21/11/23 12:16:53
/home/pi/reginaldojunior/experimentos/dynamic-batch/3-test//covtypeNorm-OzaBagExecutorMAXChunk
21/11/23 12:27:07
21/11/23 12:27:07
/home/pi/reginaldojunior/experimentos/dynamic-batch/3-test//airlines-AdaptiveRandomForestExecutorMAXChunk
21/11/23 12:37:19
21/11/23 12:37:19
/home/pi/reginaldojunior/experimentos/dynamic-batch/3-test//airlines-LBagExecutorMAXChunk
21/11/23 12:47:33
21/11/23 12:47:33
/home/pi/reginaldojunior/experimentos/dynamic-batch/3-test//airlines-StreamingRandomPatchesExecutorMAXChunk
21/11/23 12:57:45
21/11/23 12:57:45
/home/pi/reginaldojunior/experimentos/dynamic-batch/3-test//airlines-OzaBagAdwinExecutorMAXChunk
21/11/23 13:07:59
21/11/23 13:07:59
/home/pi/reginaldojunior/experimentos/dynamic-batch/3-test//airlines-OzaBagASHTExecutorMAXChunk
21/11/23 13:18:13
21/11/23 13:18:13
/home/pi/reginaldojunior/experimentos/dynamic-batch/3-test//airlines-OzaBagExecutorMAXChunk
21/11/23 13:28:27
21/11/23 13:28:27
/home/pi/reginaldojunior/experimentos/dynamic-batch/3-test//elecNormNew-AdaptiveRandomForestExecutorMAXChunk
21/11/23 13:38:40
21/11/23 13:38:40
/home/pi/reginaldojunior/experimentos/dynamic-batch/3-test//elecNormNew-LBagExecutorMAXChunk
21/11/23 13:48:19
21/11/23 13:48:19
/home/pi/reginaldojunior/experimentos/dynamic-batch/3-test//elecNormNew-StreamingRandomPatchesExecutorMAXChunk
21/11/23 13:58:32
21/11/23 13:58:32
/home/pi/reginaldojunior/experimentos/dynamic-batch/3-test//elecNormNew-OzaBagAdwinExecutorMAXChunk
21/11/23 14:04:17
21/11/23 14:04:17
/home/pi/reginaldojunior/experimentos/dynamic-batch/3-test//elecNormNew-OzaBagASHTExecutorMAXChunk
21/11/23 14:06:55
21/11/23 14:06:55
/home/pi/reginaldojunior/experimentos/dynamic-batch/3-test//elecNormNew-OzaBagExecutorMAXChunk
21/11/23 14:10:03
21/11/23 14:10:03
/home/pi/reginaldojunior/experimentos/dynamic-batch/3-test//GMSC-AdaptiveRandomForestExecutorMAXChunk
21/11/23 14:20:16
21/11/23 14:20:16
/home/pi/reginaldojunior/experimentos/dynamic-batch/3-test//GMSC-LBagExecutorMAXChunk
21/11/23 14:30:30
21/11/23 14:30:30
/home/pi/reginaldojunior/experimentos/dynamic-batch/3-test//GMSC-StreamingRandomPatchesExecutorMAXChunk
21/11/23 14:40:43
21/11/23 14:40:43
/home/pi/reginaldojunior/experimentos/dynamic-batch/3-test//GMSC-OzaBagAdwinExecutorMAXChunk
21/11/23 14:48:50
21/11/23 14:48:50
/home/pi/reginaldojunior/experimentos/dynamic-batch/3-test//GMSC-OzaBagASHTExecutorMAXChunk
21/11/23 14:52:15
21/11/23 14:52:15
/home/pi/reginaldojunior/experimentos/dynamic-batch/3-test//GMSC-OzaBagExecutorMAXChunk
21/11/23 14:59:43
21/11/23 14:59:43
