30/10/23 12:35:28
/home/pi/reginaldojunior/experimentos/dynamic-batch/2//covtypeNorm-AdaptiveRandomForestExecutorMAXChunk
30/10/23 12:37:40
30/10/23 12:37:40
/home/pi/reginaldojunior/experimentos/dynamic-batch/2//covtypeNorm-LBagExecutorMAXChunk
30/10/23 12:39:55
30/10/23 12:39:55
/home/pi/reginaldojunior/experimentos/dynamic-batch/2//covtypeNorm-StreamingRandomPatchesExecutorMAXChunk
30/10/23 12:42:07
30/10/23 12:42:07
/home/pi/reginaldojunior/experimentos/dynamic-batch/2//covtypeNorm-OzaBagAdwinExecutorMAXChunk
30/10/23 12:44:21
30/10/23 12:44:21
/home/pi/reginaldojunior/experimentos/dynamic-batch/2//covtypeNorm-OzaBagASHTExecutorMAXChunk
30/10/23 12:46:34
30/10/23 12:46:34
/home/pi/reginaldojunior/experimentos/dynamic-batch/2//covtypeNorm-OzaBagExecutorMAXChunk
30/10/23 12:48:48
30/10/23 12:48:48
/home/pi/reginaldojunior/experimentos/dynamic-batch/2//airlines-AdaptiveRandomForestExecutorMAXChunk
30/10/23 12:51:02
30/10/23 12:51:02
/home/pi/reginaldojunior/experimentos/dynamic-batch/2//airlines-LBagExecutorMAXChunk
30/10/23 12:53:19
30/10/23 12:53:19
/home/pi/reginaldojunior/experimentos/dynamic-batch/2//airlines-StreamingRandomPatchesExecutorMAXChunk
30/10/23 12:55:34
30/10/23 12:55:34
/home/pi/reginaldojunior/experimentos/dynamic-batch/2//airlines-OzaBagAdwinExecutorMAXChunk
30/10/23 12:57:48
30/10/23 12:57:48
/home/pi/reginaldojunior/experimentos/dynamic-batch/2//airlines-OzaBagASHTExecutorMAXChunk
30/10/23 13:00:03
30/10/23 13:00:03
/home/pi/reginaldojunior/experimentos/dynamic-batch/2//airlines-OzaBagExecutorMAXChunk
30/10/23 13:02:17
30/10/23 13:02:17
/home/pi/reginaldojunior/experimentos/dynamic-batch/2//elecNormNew-AdaptiveRandomForestExecutorMAXChunk
30/10/23 13:04:29
30/10/23 13:04:29
/home/pi/reginaldojunior/experimentos/dynamic-batch/2//elecNormNew-LBagExecutorMAXChunk
30/10/23 13:06:43
30/10/23 13:06:43
/home/pi/reginaldojunior/experimentos/dynamic-batch/2//elecNormNew-StreamingRandomPatchesExecutorMAXChunk
30/10/23 13:08:55
30/10/23 13:08:55
/home/pi/reginaldojunior/experimentos/dynamic-batch/2//elecNormNew-OzaBagAdwinExecutorMAXChunk
30/10/23 13:11:09
30/10/23 13:11:09
/home/pi/reginaldojunior/experimentos/dynamic-batch/2//elecNormNew-OzaBagASHTExecutorMAXChunk
30/10/23 13:13:22
30/10/23 13:13:22
/home/pi/reginaldojunior/experimentos/dynamic-batch/2//elecNormNew-OzaBagExecutorMAXChunk
30/10/23 13:15:36
30/10/23 13:15:36
/home/pi/reginaldojunior/experimentos/dynamic-batch/2//GMSC-AdaptiveRandomForestExecutorMAXChunk
30/10/23 13:17:48
30/10/23 13:17:48
/home/pi/reginaldojunior/experimentos/dynamic-batch/2//GMSC-LBagExecutorMAXChunk
30/10/23 13:20:02
30/10/23 13:20:02
/home/pi/reginaldojunior/experimentos/dynamic-batch/2//GMSC-StreamingRandomPatchesExecutorMAXChunk
30/10/23 13:22:15
30/10/23 13:22:15
/home/pi/reginaldojunior/experimentos/dynamic-batch/2//GMSC-OzaBagAdwinExecutorMAXChunk
30/10/23 13:24:29
30/10/23 13:24:29
/home/pi/reginaldojunior/experimentos/dynamic-batch/2//GMSC-OzaBagASHTExecutorMAXChunk
30/10/23 13:26:42
30/10/23 13:26:42
/home/pi/reginaldojunior/experimentos/dynamic-batch/2//GMSC-OzaBagExecutorMAXChunk
30/10/23 13:28:56
30/10/23 13:28:56
