23/02/22 04:11:47
/home/pi/reginaldojunior/experimentos/results/socket/1200/1200/elecNormNew-AdaptiveRandomForestExecutorMAXChunk-25-4-50-77
23/02/22 04:13:53
23/02/22 04:13:53
/home/pi/reginaldojunior/experimentos/results/socket/1200/1200/elecNormNew-AdaptiveRandomForestExecutorMAXChunk-25-4-50-389
23/02/22 04:15:56
23/02/22 04:15:56
/home/pi/reginaldojunior/experimentos/results/socket/1200/1200/elecNormNew-AdaptiveRandomForestExecutorMAXChunk-25-4-50-700
23/02/22 04:17:06
23/02/22 04:17:06
/home/pi/reginaldojunior/experimentos/results/socket/1200/1200/elecNormNew-LBagExecutorMAXChunk-25-4-50-114
23/02/22 04:19:13
23/02/22 04:19:13
/home/pi/reginaldojunior/experimentos/results/socket/1200/1200/elecNormNew-LBagExecutorMAXChunk-25-4-50-571
23/02/22 04:20:39
23/02/22 04:20:39
/home/pi/reginaldojunior/experimentos/results/socket/1200/1200/elecNormNew-LBagExecutorMAXChunk-25-4-50-1029
23/02/22 04:21:29
23/02/22 04:21:29
/home/pi/reginaldojunior/experimentos/results/socket/1200/1200/elecNormNew-StreamingRandomPatchesExecutorMAXChunk-25-4-50-37
23/02/22 04:23:34
23/02/22 04:23:34
/home/pi/reginaldojunior/experimentos/results/socket/1200/1200/elecNormNew-StreamingRandomPatchesExecutorMAXChunk-25-4-50-188
23/02/22 04:25:39
23/02/22 04:25:39
/home/pi/reginaldojunior/experimentos/results/socket/1200/1200/elecNormNew-StreamingRandomPatchesExecutorMAXChunk-25-4-50-338
23/02/22 04:27:44
23/02/22 04:27:44
/home/pi/reginaldojunior/experimentos/results/socket/1200/1200/elecNormNew-OzaBagAdwinExecutorMAXChunk-25-4-50-225
23/02/22 04:29:50
23/02/22 04:29:50
/home/pi/reginaldojunior/experimentos/results/socket/1200/1200/elecNormNew-OzaBagAdwinExecutorMAXChunk-25-4-50-1127
23/02/22 04:30:37
23/02/22 04:30:37
/home/pi/reginaldojunior/experimentos/results/socket/1200/1200/elecNormNew-OzaBagAdwinExecutorMAXChunk-25-4-50-2029
23/02/22 04:31:06
23/02/22 04:31:06
/home/pi/reginaldojunior/experimentos/results/socket/1200/1200/elecNormNew-OzaBagASHTExecutorMAXChunk-25-4-50-261
23/02/22 04:33:12
23/02/22 04:33:12
/home/pi/reginaldojunior/experimentos/results/socket/1200/1200/elecNormNew-OzaBagASHTExecutorMAXChunk-25-4-50-1309
23/02/22 04:33:54
23/02/22 04:33:54
/home/pi/reginaldojunior/experimentos/results/socket/1200/1200/elecNormNew-OzaBagASHTExecutorMAXChunk-25-4-50-2357
23/02/22 04:34:21
23/02/22 04:34:21
/home/pi/reginaldojunior/experimentos/results/socket/1200/1200/elecNormNew-OzaBagExecutorMAXChunk-25-4-50-273
23/02/22 04:36:27
23/02/22 04:36:27
/home/pi/reginaldojunior/experimentos/results/socket/1200/1200/elecNormNew-OzaBagExecutorMAXChunk-25-4-50-1366
23/02/22 04:37:07
23/02/22 04:37:07
/home/pi/reginaldojunior/experimentos/results/socket/1200/1200/elecNormNew-OzaBagExecutorMAXChunk-25-4-50-2459
23/02/22 04:37:31
23/02/22 04:37:32
/home/pi/reginaldojunior/experimentos/results/socket/1200/1200/covtypeNorm-AdaptiveRandomForestExecutorMAXChunk-25-4-50-58
23/02/22 04:39:37
23/02/22 04:39:37
/home/pi/reginaldojunior/experimentos/results/socket/1200/1200/covtypeNorm-AdaptiveRandomForestExecutorMAXChunk-25-4-50-293
23/02/22 04:41:43
23/02/22 04:41:43
/home/pi/reginaldojunior/experimentos/results/socket/1200/1200/covtypeNorm-AdaptiveRandomForestExecutorMAXChunk-25-4-50-527
23/02/22 04:43:48
23/02/22 04:43:48
/home/pi/reginaldojunior/experimentos/results/socket/1200/1200/covtypeNorm-LBagExecutorMAXChunk-25-4-50-44
23/02/22 04:45:55
23/02/22 04:45:55
/home/pi/reginaldojunior/experimentos/results/socket/1200/1200/covtypeNorm-LBagExecutorMAXChunk-25-4-50-221
23/02/22 04:48:01
23/02/22 04:48:01
/home/pi/reginaldojunior/experimentos/results/socket/1200/1200/covtypeNorm-LBagExecutorMAXChunk-25-4-50-397
23/02/22 04:50:08
23/02/22 04:50:08
/home/pi/reginaldojunior/experimentos/results/socket/1200/1200/covtypeNorm-StreamingRandomPatchesExecutorMAXChunk-25-4-50-16
23/02/22 04:52:14
23/02/22 04:52:14
/home/pi/reginaldojunior/experimentos/results/socket/1200/1200/covtypeNorm-StreamingRandomPatchesExecutorMAXChunk-25-4-50-81
23/02/22 04:54:19
23/02/22 04:54:19
/home/pi/reginaldojunior/experimentos/results/socket/1200/1200/covtypeNorm-StreamingRandomPatchesExecutorMAXChunk-25-4-50-147
23/02/22 04:56:24
23/02/22 04:56:24
/home/pi/reginaldojunior/experimentos/results/socket/1200/1200/covtypeNorm-OzaBagAdwinExecutorMAXChunk-25-4-50-61
23/02/22 04:58:30
23/02/22 04:58:31
/home/pi/reginaldojunior/experimentos/results/socket/1200/1200/covtypeNorm-OzaBagAdwinExecutorMAXChunk-25-4-50-305
23/02/22 05:00:37
23/02/22 05:00:37
/home/pi/reginaldojunior/experimentos/results/socket/1200/1200/covtypeNorm-OzaBagAdwinExecutorMAXChunk-25-4-50-549
23/02/22 05:02:44
23/02/22 05:02:44
/home/pi/reginaldojunior/experimentos/results/socket/1200/1200/covtypeNorm-OzaBagASHTExecutorMAXChunk-25-4-50-70
23/02/22 05:04:51
23/02/22 05:04:51
/home/pi/reginaldojunior/experimentos/results/socket/1200/1200/covtypeNorm-OzaBagASHTExecutorMAXChunk-25-4-50-350
23/02/22 05:06:57
23/02/22 05:06:57
/home/pi/reginaldojunior/experimentos/results/socket/1200/1200/covtypeNorm-OzaBagASHTExecutorMAXChunk-25-4-50-631
23/02/22 05:09:04
23/02/22 05:09:04
/home/pi/reginaldojunior/experimentos/results/socket/1200/1200/covtypeNorm-OzaBagExecutorMAXChunk-25-4-50-69
23/02/22 05:11:11
23/02/22 05:11:11
/home/pi/reginaldojunior/experimentos/results/socket/1200/1200/covtypeNorm-OzaBagExecutorMAXChunk-25-4-50-349
23/02/22 05:13:18
23/02/22 05:13:18
/home/pi/reginaldojunior/experimentos/results/socket/1200/1200/covtypeNorm-OzaBagExecutorMAXChunk-25-4-50-629
23/02/22 05:15:24
23/02/22 05:15:24
/home/pi/reginaldojunior/experimentos/results/socket/1200/1200/airlines-AdaptiveRandomForestExecutorMAXChunk-25-4-50-14
23/02/22 05:17:29
23/02/22 05:17:29
/home/pi/reginaldojunior/experimentos/results/socket/1200/1200/airlines-AdaptiveRandomForestExecutorMAXChunk-25-4-50-72
23/02/22 05:19:35
23/02/22 05:19:35
/home/pi/reginaldojunior/experimentos/results/socket/1200/1200/airlines-AdaptiveRandomForestExecutorMAXChunk-25-4-50-130
23/02/22 05:21:40
23/02/22 05:21:40
/home/pi/reginaldojunior/experimentos/results/socket/1200/1200/airlines-LBagExecutorMAXChunk-25-4-50-15
23/02/22 05:23:47
23/02/22 05:23:47
/home/pi/reginaldojunior/experimentos/results/socket/1200/1200/airlines-LBagExecutorMAXChunk-25-4-50-75
23/02/22 05:25:55
23/02/22 05:25:55
/home/pi/reginaldojunior/experimentos/results/socket/1200/1200/airlines-LBagExecutorMAXChunk-25-4-50-136
23/02/22 05:28:02
23/02/22 05:28:02
/home/pi/reginaldojunior/experimentos/results/socket/1200/1200/airlines-StreamingRandomPatchesExecutorMAXChunk-25-4-50-17
23/02/22 05:30:07
23/02/22 05:30:07
/home/pi/reginaldojunior/experimentos/results/socket/1200/1200/airlines-StreamingRandomPatchesExecutorMAXChunk-25-4-50-88
23/02/22 05:32:13
23/02/22 05:32:13
/home/pi/reginaldojunior/experimentos/results/socket/1200/1200/airlines-StreamingRandomPatchesExecutorMAXChunk-25-4-50-159
23/02/22 05:34:18
23/02/22 05:34:18
/home/pi/reginaldojunior/experimentos/results/socket/1200/1200/airlines-OzaBagAdwinExecutorMAXChunk-25-4-50-45
23/02/22 05:36:25
23/02/22 05:36:25
/home/pi/reginaldojunior/experimentos/results/socket/1200/1200/airlines-OzaBagAdwinExecutorMAXChunk-25-4-50-228
23/02/22 05:38:31
23/02/22 05:38:31
/home/pi/reginaldojunior/experimentos/results/socket/1200/1200/airlines-OzaBagAdwinExecutorMAXChunk-25-4-50-411
23/02/22 05:40:38
23/02/22 05:40:38
/home/pi/reginaldojunior/experimentos/results/socket/1200/1200/airlines-OzaBagASHTExecutorMAXChunk-25-4-50-90
23/02/22 05:42:45
23/02/22 05:42:45
/home/pi/reginaldojunior/experimentos/results/socket/1200/1200/airlines-OzaBagASHTExecutorMAXChunk-25-4-50-450
23/02/22 05:44:53
23/02/22 05:44:53
/home/pi/reginaldojunior/experimentos/results/socket/1200/1200/airlines-OzaBagASHTExecutorMAXChunk-25-4-50-811
23/02/22 05:47:00
23/02/22 05:47:00
/home/pi/reginaldojunior/experimentos/results/socket/1200/1200/airlines-OzaBagExecutorMAXChunk-25-4-50-107
23/02/22 05:49:06
23/02/22 05:49:06
/home/pi/reginaldojunior/experimentos/results/socket/1200/1200/airlines-OzaBagExecutorMAXChunk-25-4-50-536
23/02/22 05:51:16
23/02/22 05:51:16
/home/pi/reginaldojunior/experimentos/results/socket/1200/1200/airlines-OzaBagExecutorMAXChunk-25-4-50-966
23/02/22 05:53:25
23/02/22 05:53:25
/home/pi/reginaldojunior/experimentos/results/socket/1200/1200/GMSC-AdaptiveRandomForestExecutorMAXChunk-25-4-50-125
23/02/22 05:55:30
23/02/22 05:55:30
/home/pi/reginaldojunior/experimentos/results/socket/1200/1200/GMSC-AdaptiveRandomForestExecutorMAXChunk-25-4-50-627
23/02/22 05:57:35
23/02/22 05:57:35
/home/pi/reginaldojunior/experimentos/results/socket/1200/1200/GMSC-AdaptiveRandomForestExecutorMAXChunk-25-4-50-1129
23/02/22 05:59:40
23/02/22 05:59:40
/home/pi/reginaldojunior/experimentos/results/socket/1200/1200/GMSC-LBagExecutorMAXChunk-25-4-50-135
23/02/22 06:01:47
23/02/22 06:01:47
/home/pi/reginaldojunior/experimentos/results/socket/1200/1200/GMSC-LBagExecutorMAXChunk-25-4-50-675
23/02/22 06:03:53
23/02/22 06:03:53
/home/pi/reginaldojunior/experimentos/results/socket/1200/1200/GMSC-LBagExecutorMAXChunk-25-4-50-1216
23/02/22 06:06:00
23/02/22 06:06:00
/home/pi/reginaldojunior/experimentos/results/socket/1200/1200/GMSC-StreamingRandomPatchesExecutorMAXChunk-25-4-50-62
23/02/22 06:08:04
23/02/22 06:08:04
/home/pi/reginaldojunior/experimentos/results/socket/1200/1200/GMSC-StreamingRandomPatchesExecutorMAXChunk-25-4-50-310
23/02/22 06:10:09
23/02/22 06:10:09
/home/pi/reginaldojunior/experimentos/results/socket/1200/1200/GMSC-StreamingRandomPatchesExecutorMAXChunk-25-4-50-559
23/02/22 06:12:14
23/02/22 06:12:14
/home/pi/reginaldojunior/experimentos/results/socket/1200/1200/GMSC-OzaBagAdwinExecutorMAXChunk-25-4-50-391
23/02/22 06:14:21
23/02/22 06:14:21
/home/pi/reginaldojunior/experimentos/results/socket/1200/1200/GMSC-OzaBagAdwinExecutorMAXChunk-25-4-50-1957
23/02/22 06:15:45
23/02/22 06:15:45
/home/pi/reginaldojunior/experimentos/results/socket/1200/1200/GMSC-OzaBagAdwinExecutorMAXChunk-25-4-50-3523
23/02/22 06:16:35
23/02/22 06:16:35
/home/pi/reginaldojunior/experimentos/results/socket/1200/1200/GMSC-OzaBagASHTExecutorMAXChunk-25-4-50-415
23/02/22 06:18:41
23/02/22 06:18:41
/home/pi/reginaldojunior/experimentos/results/socket/1200/1200/GMSC-OzaBagASHTExecutorMAXChunk-25-4-50-2077
23/02/22 06:20:00
23/02/22 06:20:00
/home/pi/reginaldojunior/experimentos/results/socket/1200/1200/GMSC-OzaBagASHTExecutorMAXChunk-25-4-50-3740
23/02/22 06:20:50
23/02/22 06:20:50
/home/pi/reginaldojunior/experimentos/results/socket/1200/1200/GMSC-OzaBagExecutorMAXChunk-25-4-50-393
23/02/22 06:22:56
23/02/22 06:22:56
/home/pi/reginaldojunior/experimentos/results/socket/1200/1200/GMSC-OzaBagExecutorMAXChunk-25-4-50-1967
23/02/22 06:24:19
23/02/22 06:24:19
/home/pi/reginaldojunior/experimentos/results/socket/1200/1200/GMSC-OzaBagExecutorMAXChunk-25-4-50-3540
23/02/22 06:25:08
23/02/22 06:25:08
/home/pi/reginaldojunior/experimentos/results/socket/1200/1200/elecNormNew-AdaptiveRandomForestExecutorMAXChunk-25-4-500-79
23/02/22 06:27:14
23/02/22 06:27:14
/home/pi/reginaldojunior/experimentos/results/socket/1200/1200/elecNormNew-AdaptiveRandomForestExecutorMAXChunk-25-4-500-399
23/02/22 06:29:14
23/02/22 06:29:14
/home/pi/reginaldojunior/experimentos/results/socket/1200/1200/elecNormNew-AdaptiveRandomForestExecutorMAXChunk-25-4-500-718
23/02/22 06:30:22
23/02/22 06:30:23
/home/pi/reginaldojunior/experimentos/results/socket/1200/1200/elecNormNew-LBagExecutorMAXChunk-25-4-500-131
23/02/22 06:32:29
23/02/22 06:32:29
/home/pi/reginaldojunior/experimentos/results/socket/1200/1200/elecNormNew-LBagExecutorMAXChunk-25-4-500-658
23/02/22 06:33:45
23/02/22 06:33:45
/home/pi/reginaldojunior/experimentos/results/socket/1200/1200/elecNormNew-LBagExecutorMAXChunk-25-4-500-1186
23/02/22 06:34:30
23/02/22 06:34:30
/home/pi/reginaldojunior/experimentos/results/socket/1200/1200/elecNormNew-StreamingRandomPatchesExecutorMAXChunk-25-4-500-41
23/02/22 06:36:36
23/02/22 06:36:36
/home/pi/reginaldojunior/experimentos/results/socket/1200/1200/elecNormNew-StreamingRandomPatchesExecutorMAXChunk-25-4-500-209
23/02/22 06:38:42
23/02/22 06:38:42
/home/pi/reginaldojunior/experimentos/results/socket/1200/1200/elecNormNew-StreamingRandomPatchesExecutorMAXChunk-25-4-500-377
23/02/22 06:40:47
23/02/22 06:40:47
/home/pi/reginaldojunior/experimentos/results/socket/1200/1200/elecNormNew-OzaBagAdwinExecutorMAXChunk-25-4-500-259
23/02/22 06:42:54
23/02/22 06:42:54
/home/pi/reginaldojunior/experimentos/results/socket/1200/1200/elecNormNew-OzaBagAdwinExecutorMAXChunk-25-4-500-1297
23/02/22 06:43:35
23/02/22 06:43:35
/home/pi/reginaldojunior/experimentos/results/socket/1200/1200/elecNormNew-OzaBagAdwinExecutorMAXChunk-25-4-500-2335
23/02/22 06:44:02
23/02/22 06:44:02
/home/pi/reginaldojunior/experimentos/results/socket/1200/1200/elecNormNew-OzaBagASHTExecutorMAXChunk-25-4-500-298
23/02/22 06:46:09
23/02/22 06:46:09
/home/pi/reginaldojunior/experimentos/results/socket/1200/1200/elecNormNew-OzaBagASHTExecutorMAXChunk-25-4-500-1494
23/02/22 06:46:45
23/02/22 06:46:45
/home/pi/reginaldojunior/experimentos/results/socket/1200/1200/elecNormNew-OzaBagASHTExecutorMAXChunk-25-4-500-2689
23/02/22 06:47:09
23/02/22 06:47:09
/home/pi/reginaldojunior/experimentos/results/socket/1200/1200/elecNormNew-OzaBagExecutorMAXChunk-25-4-500-292
23/02/22 06:49:16
23/02/22 06:49:16
/home/pi/reginaldojunior/experimentos/results/socket/1200/1200/elecNormNew-OzaBagExecutorMAXChunk-25-4-500-1462
23/02/22 06:49:53
23/02/22 06:49:53
/home/pi/reginaldojunior/experimentos/results/socket/1200/1200/elecNormNew-OzaBagExecutorMAXChunk-25-4-500-2632
23/02/22 06:50:17
23/02/22 06:50:17
/home/pi/reginaldojunior/experimentos/results/socket/1200/1200/covtypeNorm-AdaptiveRandomForestExecutorMAXChunk-25-4-500-61
23/02/22 06:52:23
23/02/22 06:52:23
/home/pi/reginaldojunior/experimentos/results/socket/1200/1200/covtypeNorm-AdaptiveRandomForestExecutorMAXChunk-25-4-500-308
23/02/22 06:54:29
23/02/22 06:54:29
/home/pi/reginaldojunior/experimentos/results/socket/1200/1200/covtypeNorm-AdaptiveRandomForestExecutorMAXChunk-25-4-500-554
23/02/22 06:56:34
23/02/22 06:56:34
/home/pi/reginaldojunior/experimentos/results/socket/1200/1200/covtypeNorm-LBagExecutorMAXChunk-25-4-500-51
23/02/22 06:58:42
23/02/22 06:58:42
/home/pi/reginaldojunior/experimentos/results/socket/1200/1200/covtypeNorm-LBagExecutorMAXChunk-25-4-500-255
23/02/22 07:00:49
23/02/22 07:00:49
/home/pi/reginaldojunior/experimentos/results/socket/1200/1200/covtypeNorm-LBagExecutorMAXChunk-25-4-500-460
23/02/22 07:02:55
23/02/22 07:02:55
/home/pi/reginaldojunior/experimentos/results/socket/1200/1200/covtypeNorm-StreamingRandomPatchesExecutorMAXChunk-25-4-500-16
23/02/22 07:05:02
23/02/22 07:05:02
/home/pi/reginaldojunior/experimentos/results/socket/1200/1200/covtypeNorm-StreamingRandomPatchesExecutorMAXChunk-25-4-500-81
23/02/22 07:07:08
23/02/22 07:07:08
/home/pi/reginaldojunior/experimentos/results/socket/1200/1200/covtypeNorm-StreamingRandomPatchesExecutorMAXChunk-25-4-500-146
23/02/22 07:09:14
23/02/22 07:09:14
/home/pi/reginaldojunior/experimentos/results/socket/1200/1200/covtypeNorm-OzaBagAdwinExecutorMAXChunk-25-4-500-76
23/02/22 07:11:22
23/02/22 07:11:22
/home/pi/reginaldojunior/experimentos/results/socket/1200/1200/covtypeNorm-OzaBagAdwinExecutorMAXChunk-25-4-500-380
23/02/22 07:13:29
23/02/22 07:13:29
/home/pi/reginaldojunior/experimentos/results/socket/1200/1200/covtypeNorm-OzaBagAdwinExecutorMAXChunk-25-4-500-685
23/02/22 07:15:36
23/02/22 07:15:36
/home/pi/reginaldojunior/experimentos/results/socket/1200/1200/covtypeNorm-OzaBagASHTExecutorMAXChunk-25-4-500-79
23/02/22 07:17:43
23/02/22 07:17:43
/home/pi/reginaldojunior/experimentos/results/socket/1200/1200/covtypeNorm-OzaBagASHTExecutorMAXChunk-25-4-500-397
23/02/22 07:19:50
23/02/22 07:19:50
/home/pi/reginaldojunior/experimentos/results/socket/1200/1200/covtypeNorm-OzaBagASHTExecutorMAXChunk-25-4-500-715
23/02/22 07:21:57
23/02/22 07:21:57
/home/pi/reginaldojunior/experimentos/results/socket/1200/1200/covtypeNorm-OzaBagExecutorMAXChunk-25-4-500-75
23/02/22 07:24:05
23/02/22 07:24:05
/home/pi/reginaldojunior/experimentos/results/socket/1200/1200/covtypeNorm-OzaBagExecutorMAXChunk-25-4-500-378
23/02/22 07:26:12
23/02/22 07:26:12
/home/pi/reginaldojunior/experimentos/results/socket/1200/1200/covtypeNorm-OzaBagExecutorMAXChunk-25-4-500-680
23/02/22 07:28:18
23/02/22 07:28:18
/home/pi/reginaldojunior/experimentos/results/socket/1200/1200/airlines-AdaptiveRandomForestExecutorMAXChunk-25-4-500-16
23/02/22 07:30:26
23/02/22 07:30:26
/home/pi/reginaldojunior/experimentos/results/socket/1200/1200/airlines-AdaptiveRandomForestExecutorMAXChunk-25-4-500-82
23/02/22 07:32:38
23/02/22 07:32:38
/home/pi/reginaldojunior/experimentos/results/socket/1200/1200/airlines-AdaptiveRandomForestExecutorMAXChunk-25-4-500-148
23/02/22 07:34:47
23/02/22 07:34:47
/home/pi/reginaldojunior/experimentos/results/socket/1200/1200/airlines-LBagExecutorMAXChunk-25-4-500-17
23/02/22 07:36:54
23/02/22 07:36:54
/home/pi/reginaldojunior/experimentos/results/socket/1200/1200/airlines-LBagExecutorMAXChunk-25-4-500-85
23/02/22 07:39:01
23/02/22 07:39:01
/home/pi/reginaldojunior/experimentos/results/socket/1200/1200/airlines-LBagExecutorMAXChunk-25-4-500-153
23/02/22 07:41:57
23/02/22 07:41:57
/home/pi/reginaldojunior/experimentos/results/socket/1200/1200/airlines-StreamingRandomPatchesExecutorMAXChunk-25-4-500-18
23/02/22 07:44:05
23/02/22 07:44:05
/home/pi/reginaldojunior/experimentos/results/socket/1200/1200/airlines-StreamingRandomPatchesExecutorMAXChunk-25-4-500-94
23/02/22 07:46:18
23/02/22 07:46:18
/home/pi/reginaldojunior/experimentos/results/socket/1200/1200/airlines-StreamingRandomPatchesExecutorMAXChunk-25-4-500-170
23/02/22 07:48:29
23/02/22 07:48:29
/home/pi/reginaldojunior/experimentos/results/socket/1200/1200/airlines-OzaBagAdwinExecutorMAXChunk-25-4-500-44
23/02/22 07:50:36
23/02/22 07:50:36
/home/pi/reginaldojunior/experimentos/results/socket/1200/1200/airlines-OzaBagAdwinExecutorMAXChunk-25-4-500-224
23/02/22 07:52:44
23/02/22 07:52:44
/home/pi/reginaldojunior/experimentos/results/socket/1200/1200/airlines-OzaBagAdwinExecutorMAXChunk-25-4-500-403
23/02/22 07:54:51
23/02/22 07:54:51
/home/pi/reginaldojunior/experimentos/results/socket/1200/1200/airlines-OzaBagASHTExecutorMAXChunk-25-4-500-83
23/02/22 07:56:57
23/02/22 07:56:57
/home/pi/reginaldojunior/experimentos/results/socket/1200/1200/airlines-OzaBagASHTExecutorMAXChunk-25-4-500-418
23/02/22 07:59:08
23/02/22 07:59:08
/home/pi/reginaldojunior/experimentos/results/socket/1200/1200/airlines-OzaBagASHTExecutorMAXChunk-25-4-500-752
23/02/22 08:01:15
23/02/22 08:01:15
/home/pi/reginaldojunior/experimentos/results/socket/1200/1200/airlines-OzaBagExecutorMAXChunk-25-4-500-116
23/02/22 08:03:23
23/02/22 08:03:23
/home/pi/reginaldojunior/experimentos/results/socket/1200/1200/airlines-OzaBagExecutorMAXChunk-25-4-500-581
23/02/22 08:05:43
23/02/22 08:05:43
/home/pi/reginaldojunior/experimentos/results/socket/1200/1200/airlines-OzaBagExecutorMAXChunk-25-4-500-1046
23/02/22 08:07:56
23/02/22 08:07:56
/home/pi/reginaldojunior/experimentos/results/socket/1200/1200/GMSC-AdaptiveRandomForestExecutorMAXChunk-25-4-500-126
23/02/22 08:10:01
23/02/22 08:10:01
/home/pi/reginaldojunior/experimentos/results/socket/1200/1200/GMSC-AdaptiveRandomForestExecutorMAXChunk-25-4-500-630
23/02/22 08:12:07
23/02/22 08:12:07
/home/pi/reginaldojunior/experimentos/results/socket/1200/1200/GMSC-AdaptiveRandomForestExecutorMAXChunk-25-4-500-1135
23/02/22 08:14:12
23/02/22 08:14:12
/home/pi/reginaldojunior/experimentos/results/socket/1200/1200/GMSC-LBagExecutorMAXChunk-25-4-500-164
23/02/22 08:16:19
23/02/22 08:16:19
/home/pi/reginaldojunior/experimentos/results/socket/1200/1200/GMSC-LBagExecutorMAXChunk-25-4-500-823
23/02/22 08:18:26
23/02/22 08:18:26
/home/pi/reginaldojunior/experimentos/results/socket/1200/1200/GMSC-LBagExecutorMAXChunk-25-4-500-1482
23/02/22 08:20:15
23/02/22 08:20:15
/home/pi/reginaldojunior/experimentos/results/socket/1200/1200/GMSC-StreamingRandomPatchesExecutorMAXChunk-25-4-500-53
23/02/22 08:22:20
23/02/22 08:22:20
/home/pi/reginaldojunior/experimentos/results/socket/1200/1200/GMSC-StreamingRandomPatchesExecutorMAXChunk-25-4-500-267
23/02/22 08:24:26
23/02/22 08:24:26
/home/pi/reginaldojunior/experimentos/results/socket/1200/1200/GMSC-StreamingRandomPatchesExecutorMAXChunk-25-4-500-481
23/02/22 08:26:32
23/02/22 08:26:32
/home/pi/reginaldojunior/experimentos/results/socket/1200/1200/GMSC-OzaBagAdwinExecutorMAXChunk-25-4-500-411
23/02/22 08:28:38
23/02/22 08:28:38
/home/pi/reginaldojunior/experimentos/results/socket/1200/1200/GMSC-OzaBagAdwinExecutorMAXChunk-25-4-500-2055
23/02/22 08:29:58
23/02/22 08:29:58
/home/pi/reginaldojunior/experimentos/results/socket/1200/1200/GMSC-OzaBagAdwinExecutorMAXChunk-25-4-500-3699
23/02/22 08:30:45
23/02/22 08:30:45
/home/pi/reginaldojunior/experimentos/results/socket/1200/1200/GMSC-OzaBagASHTExecutorMAXChunk-25-4-500-491
23/02/22 08:32:51
23/02/22 08:32:51
/home/pi/reginaldojunior/experimentos/results/socket/1200/1200/GMSC-OzaBagASHTExecutorMAXChunk-25-4-500-2455
23/02/22 08:33:59
23/02/22 08:33:59
/home/pi/reginaldojunior/experimentos/results/socket/1200/1200/GMSC-OzaBagASHTExecutorMAXChunk-25-4-500-4420
23/02/22 08:36:08
23/02/22 08:36:08
/home/pi/reginaldojunior/experimentos/results/socket/1200/1200/GMSC-OzaBagExecutorMAXChunk-25-4-500-466
23/02/22 08:38:15
23/02/22 08:38:15
/home/pi/reginaldojunior/experimentos/results/socket/1200/1200/GMSC-OzaBagExecutorMAXChunk-25-4-500-2334
23/02/22 08:39:25
23/02/22 08:39:25
/home/pi/reginaldojunior/experimentos/results/socket/1200/1200/GMSC-OzaBagExecutorMAXChunk-25-4-500-4202
23/02/22 08:40:08
23/02/22 08:40:08
/home/pi/reginaldojunior/experimentos/results/socket/1200/1200/elecNormNew-AdaptiveRandomForestExecutorMAXChunk-25-4-2000-71
23/02/22 08:42:14
23/02/22 08:42:14
/home/pi/reginaldojunior/experimentos/results/socket/1200/1200/elecNormNew-AdaptiveRandomForestExecutorMAXChunk-25-4-2000-355
23/02/22 08:44:20
23/02/22 08:44:20
/home/pi/reginaldojunior/experimentos/results/socket/1200/1200/elecNormNew-AdaptiveRandomForestExecutorMAXChunk-25-4-2000-639
23/02/22 08:45:38
23/02/22 08:45:38
/home/pi/reginaldojunior/experimentos/results/socket/1200/1200/elecNormNew-LBagExecutorMAXChunk-25-4-2000-126
23/02/22 08:47:45
23/02/22 08:47:45
/home/pi/reginaldojunior/experimentos/results/socket/1200/1200/elecNormNew-LBagExecutorMAXChunk-25-4-2000-634
23/02/22 08:49:03
23/02/22 08:49:03
/home/pi/reginaldojunior/experimentos/results/socket/1200/1200/elecNormNew-LBagExecutorMAXChunk-25-4-2000-1142
23/02/22 08:49:50
23/02/22 08:49:50
/home/pi/reginaldojunior/experimentos/results/socket/1200/1200/elecNormNew-StreamingRandomPatchesExecutorMAXChunk-25-4-2000-39
23/02/22 08:51:56
23/02/22 08:51:56
/home/pi/reginaldojunior/experimentos/results/socket/1200/1200/elecNormNew-StreamingRandomPatchesExecutorMAXChunk-25-4-2000-196
23/02/22 08:54:05
23/02/22 08:54:05
/home/pi/reginaldojunior/experimentos/results/socket/1200/1200/elecNormNew-StreamingRandomPatchesExecutorMAXChunk-25-4-2000-353
23/02/22 08:56:12
23/02/22 08:56:12
/home/pi/reginaldojunior/experimentos/results/socket/1200/1200/elecNormNew-OzaBagAdwinExecutorMAXChunk-25-4-2000-244
23/02/22 08:58:18
23/02/22 08:58:18
/home/pi/reginaldojunior/experimentos/results/socket/1200/1200/elecNormNew-OzaBagAdwinExecutorMAXChunk-25-4-2000-1220
23/02/22 08:59:02
23/02/22 08:59:02
/home/pi/reginaldojunior/experimentos/results/socket/1200/1200/elecNormNew-OzaBagAdwinExecutorMAXChunk-25-4-2000-2196
23/02/22 08:59:30
23/02/22 08:59:30
/home/pi/reginaldojunior/experimentos/results/socket/1200/1200/elecNormNew-OzaBagASHTExecutorMAXChunk-25-4-2000-282
23/02/22 09:01:37
23/02/22 09:01:37
/home/pi/reginaldojunior/experimentos/results/socket/1200/1200/elecNormNew-OzaBagASHTExecutorMAXChunk-25-4-2000-1411
23/02/22 09:02:15
23/02/22 09:02:15
/home/pi/reginaldojunior/experimentos/results/socket/1200/1200/elecNormNew-OzaBagASHTExecutorMAXChunk-25-4-2000-2541
23/02/22 09:02:40
23/02/22 09:02:40
/home/pi/reginaldojunior/experimentos/results/socket/1200/1200/elecNormNew-OzaBagExecutorMAXChunk-25-4-2000-279
23/02/22 09:04:47
23/02/22 09:04:47
/home/pi/reginaldojunior/experimentos/results/socket/1200/1200/elecNormNew-OzaBagExecutorMAXChunk-25-4-2000-1397
23/02/22 09:05:26
23/02/22 09:05:26
/home/pi/reginaldojunior/experimentos/results/socket/1200/1200/elecNormNew-OzaBagExecutorMAXChunk-25-4-2000-2515
23/02/22 09:05:51
23/02/22 09:05:51
/home/pi/reginaldojunior/experimentos/results/socket/1200/1200/covtypeNorm-AdaptiveRandomForestExecutorMAXChunk-25-4-2000-58
23/02/22 09:07:57
23/02/22 09:07:57
/home/pi/reginaldojunior/experimentos/results/socket/1200/1200/covtypeNorm-AdaptiveRandomForestExecutorMAXChunk-25-4-2000-293
23/02/22 09:10:04
23/02/22 09:10:04
/home/pi/reginaldojunior/experimentos/results/socket/1200/1200/covtypeNorm-AdaptiveRandomForestExecutorMAXChunk-25-4-2000-528
23/02/22 09:12:11
23/02/22 09:12:11
/home/pi/reginaldojunior/experimentos/results/socket/1200/1200/covtypeNorm-LBagExecutorMAXChunk-25-4-2000-47
23/02/22 09:14:21
23/02/22 09:14:21
/home/pi/reginaldojunior/experimentos/results/socket/1200/1200/covtypeNorm-LBagExecutorMAXChunk-25-4-2000-235
23/02/22 09:16:30
23/02/22 09:16:30
/home/pi/reginaldojunior/experimentos/results/socket/1200/1200/covtypeNorm-LBagExecutorMAXChunk-25-4-2000-424
23/02/22 09:18:37
23/02/22 09:18:37
/home/pi/reginaldojunior/experimentos/results/socket/1200/1200/covtypeNorm-StreamingRandomPatchesExecutorMAXChunk-25-4-2000-16
23/02/22 09:20:59
23/02/22 09:20:59
/home/pi/reginaldojunior/experimentos/results/socket/1200/1200/covtypeNorm-StreamingRandomPatchesExecutorMAXChunk-25-4-2000-80
23/02/22 09:23:12
23/02/22 09:23:12
/home/pi/reginaldojunior/experimentos/results/socket/1200/1200/covtypeNorm-StreamingRandomPatchesExecutorMAXChunk-25-4-2000-144
23/02/22 09:25:19
23/02/22 09:25:19
/home/pi/reginaldojunior/experimentos/results/socket/1200/1200/covtypeNorm-OzaBagAdwinExecutorMAXChunk-25-4-2000-61
23/02/22 09:27:30
23/02/22 09:27:30
/home/pi/reginaldojunior/experimentos/results/socket/1200/1200/covtypeNorm-OzaBagAdwinExecutorMAXChunk-25-4-2000-306
23/02/22 09:29:37
23/02/22 09:29:37
/home/pi/reginaldojunior/experimentos/results/socket/1200/1200/covtypeNorm-OzaBagAdwinExecutorMAXChunk-25-4-2000-551
23/02/22 09:31:44
23/02/22 09:31:44
/home/pi/reginaldojunior/experimentos/results/socket/1200/1200/covtypeNorm-OzaBagASHTExecutorMAXChunk-25-4-2000-73
23/02/22 09:33:51
23/02/22 09:33:51
/home/pi/reginaldojunior/experimentos/results/socket/1200/1200/covtypeNorm-OzaBagASHTExecutorMAXChunk-25-4-2000-366
23/02/22 09:35:59
23/02/22 09:35:59
/home/pi/reginaldojunior/experimentos/results/socket/1200/1200/covtypeNorm-OzaBagASHTExecutorMAXChunk-25-4-2000-659
23/02/22 09:38:07
23/02/22 09:38:07
/home/pi/reginaldojunior/experimentos/results/socket/1200/1200/covtypeNorm-OzaBagExecutorMAXChunk-25-4-2000-73
23/02/22 09:40:15
23/02/22 09:40:15
/home/pi/reginaldojunior/experimentos/results/socket/1200/1200/covtypeNorm-OzaBagExecutorMAXChunk-25-4-2000-365
23/02/22 09:42:23
23/02/22 09:42:23
/home/pi/reginaldojunior/experimentos/results/socket/1200/1200/covtypeNorm-OzaBagExecutorMAXChunk-25-4-2000-658
23/02/22 09:44:31
23/02/22 09:44:31
/home/pi/reginaldojunior/experimentos/results/socket/1200/1200/airlines-AdaptiveRandomForestExecutorMAXChunk-25-4-2000-17
23/02/22 09:46:58
23/02/22 09:46:58
/home/pi/reginaldojunior/experimentos/results/socket/1200/1200/airlines-AdaptiveRandomForestExecutorMAXChunk-25-4-2000-89
23/02/22 11:03:52
/home/pi/reginaldojunior/experimentos/results/socket/1200/1200/airlines-AdaptiveRandomForestExecutorMAXChunk-25-4-2000-89
23/02/22 11:06:12
23/02/22 11:06:12
/home/pi/reginaldojunior/experimentos/results/socket/1200/1200/airlines-AdaptiveRandomForestExecutorMAXChunk-25-4-2000-161
23/02/22 11:08:29
23/02/22 11:08:29
/home/pi/reginaldojunior/experimentos/results/socket/1200/1200/airlines-LBagExecutorMAXChunk-25-4-2000-18
23/02/22 11:10:53
23/02/22 11:10:53
/home/pi/reginaldojunior/experimentos/results/socket/1200/1200/airlines-LBagExecutorMAXChunk-25-4-2000-91
23/02/22 11:18:19
23/02/22 11:18:19
/home/pi/reginaldojunior/experimentos/results/socket/1200/1200/airlines-LBagExecutorMAXChunk-25-4-2000-164
23/02/22 11:55:41
/home/pi/reginaldojunior/experimentos/results/socket/1200/1200/airlines-AdaptiveRandomForestExecutorMAXChunk-25-4-2000-89
23/02/22 11:58:03
23/02/22 11:58:03
/home/pi/reginaldojunior/experimentos/results/socket/1200/1200/airlines-AdaptiveRandomForestExecutorMAXChunk-25-4-2000-161
23/02/22 12:00:15
23/02/22 12:00:15
/home/pi/reginaldojunior/experimentos/results/socket/1200/1200/airlines-LBagExecutorMAXChunk-25-4-2000-18
23/02/22 12:02:37
23/02/22 12:02:37
/home/pi/reginaldojunior/experimentos/results/socket/1200/1200/airlines-LBagExecutorMAXChunk-25-4-2000-91
23/02/22 12:10:09
23/02/22 12:10:09
/home/pi/reginaldojunior/experimentos/results/socket/1200/1200/airlines-LBagExecutorMAXChunk-25-4-2000-164
23/02/22 12:23:26
23/02/22 12:23:26
/home/pi/reginaldojunior/experimentos/results/socket/1200/1200/airlines-StreamingRandomPatchesExecutorMAXChunk-25-4-2000-16
23/02/22 12:25:54
23/02/22 12:25:54
/home/pi/reginaldojunior/experimentos/results/socket/1200/1200/airlines-StreamingRandomPatchesExecutorMAXChunk-25-4-2000-80
23/02/22 12:28:18
23/02/22 12:28:18
/home/pi/reginaldojunior/experimentos/results/socket/1200/1200/airlines-StreamingRandomPatchesExecutorMAXChunk-25-4-2000-144
23/02/22 12:30:28
23/02/22 12:30:28
/home/pi/reginaldojunior/experimentos/results/socket/1200/1200/airlines-OzaBagAdwinExecutorMAXChunk-25-4-2000-61
23/02/22 12:32:38
23/02/22 12:32:38
/home/pi/reginaldojunior/experimentos/results/socket/1200/1200/airlines-OzaBagAdwinExecutorMAXChunk-25-4-2000-308
23/02/22 12:34:51
23/02/22 12:34:51
/home/pi/reginaldojunior/experimentos/results/socket/1200/1200/airlines-OzaBagAdwinExecutorMAXChunk-25-4-2000-554
23/02/22 12:37:06
23/02/22 12:37:06
/home/pi/reginaldojunior/experimentos/results/socket/1200/1200/airlines-OzaBagASHTExecutorMAXChunk-25-4-2000-92
23/02/22 12:39:15
23/02/22 12:39:15
/home/pi/reginaldojunior/experimentos/results/socket/1200/1200/airlines-OzaBagASHTExecutorMAXChunk-25-4-2000-461
23/02/22 12:41:53
23/02/22 12:41:53
/home/pi/reginaldojunior/experimentos/results/socket/1200/1200/airlines-OzaBagASHTExecutorMAXChunk-25-4-2000-831
23/02/22 12:44:03
23/02/22 12:44:03
/home/pi/reginaldojunior/experimentos/results/socket/1200/1200/airlines-OzaBagExecutorMAXChunk-25-4-2000-113
23/02/22 12:46:13
23/02/22 12:46:13
/home/pi/reginaldojunior/experimentos/results/socket/1200/1200/airlines-OzaBagExecutorMAXChunk-25-4-2000-566
23/02/22 12:48:35
23/02/22 12:48:35
/home/pi/reginaldojunior/experimentos/results/socket/1200/1200/airlines-OzaBagExecutorMAXChunk-25-4-2000-1019
23/02/22 12:51:09
23/02/22 12:51:09
/home/pi/reginaldojunior/experimentos/results/socket/1200/1200/GMSC-AdaptiveRandomForestExecutorMAXChunk-25-4-2000-106
23/02/22 12:53:15
23/02/22 12:53:15
/home/pi/reginaldojunior/experimentos/results/socket/1200/1200/GMSC-AdaptiveRandomForestExecutorMAXChunk-25-4-2000-530
23/02/22 12:55:21
23/02/22 12:55:21
/home/pi/reginaldojunior/experimentos/results/socket/1200/1200/GMSC-AdaptiveRandomForestExecutorMAXChunk-25-4-2000-955
23/02/22 12:57:28
23/02/22 12:57:28
/home/pi/reginaldojunior/experimentos/results/socket/1200/1200/GMSC-LBagExecutorMAXChunk-25-4-2000-167
23/02/22 12:59:35
23/02/22 12:59:35
/home/pi/reginaldojunior/experimentos/results/socket/1200/1200/GMSC-LBagExecutorMAXChunk-25-4-2000-836
23/02/22 13:01:43
23/02/22 13:01:43
/home/pi/reginaldojunior/experimentos/results/socket/1200/1200/GMSC-LBagExecutorMAXChunk-25-4-2000-1505
23/02/22 13:03:30
23/02/22 13:03:30
/home/pi/reginaldojunior/experimentos/results/socket/1200/1200/GMSC-StreamingRandomPatchesExecutorMAXChunk-25-4-2000-57
23/02/22 13:05:36
23/02/22 13:05:36
/home/pi/reginaldojunior/experimentos/results/socket/1200/1200/GMSC-StreamingRandomPatchesExecutorMAXChunk-25-4-2000-286
23/02/22 13:07:42
23/02/22 13:07:42
/home/pi/reginaldojunior/experimentos/results/socket/1200/1200/GMSC-StreamingRandomPatchesExecutorMAXChunk-25-4-2000-514
23/02/22 13:09:48
23/02/22 13:09:48
/home/pi/reginaldojunior/experimentos/results/socket/1200/1200/GMSC-OzaBagAdwinExecutorMAXChunk-25-4-2000-381
23/02/22 13:11:54
23/02/22 13:11:54
/home/pi/reginaldojunior/experimentos/results/socket/1200/1200/GMSC-OzaBagAdwinExecutorMAXChunk-25-4-2000-1905
23/02/22 13:13:20
23/02/22 13:13:20
/home/pi/reginaldojunior/experimentos/results/socket/1200/1200/GMSC-OzaBagAdwinExecutorMAXChunk-25-4-2000-3429
23/02/22 13:14:11
23/02/22 13:14:11
/home/pi/reginaldojunior/experimentos/results/socket/1200/1200/GMSC-OzaBagASHTExecutorMAXChunk-25-4-2000-457
23/02/22 13:16:18
23/02/22 13:16:18
/home/pi/reginaldojunior/experimentos/results/socket/1200/1200/GMSC-OzaBagASHTExecutorMAXChunk-25-4-2000-2286
23/02/22 13:17:31
23/02/22 13:17:31
/home/pi/reginaldojunior/experimentos/results/socket/1200/1200/GMSC-OzaBagASHTExecutorMAXChunk-25-4-2000-4115
23/02/22 13:18:13
23/02/22 13:18:13
/home/pi/reginaldojunior/experimentos/results/socket/1200/1200/GMSC-OzaBagExecutorMAXChunk-25-4-2000-452
23/02/22 13:20:20
23/02/22 13:20:20
/home/pi/reginaldojunior/experimentos/results/socket/1200/1200/GMSC-OzaBagExecutorMAXChunk-25-4-2000-2260
23/02/22 13:22:46
23/02/22 13:22:46
/home/pi/reginaldojunior/experimentos/results/socket/1200/1200/GMSC-OzaBagExecutorMAXChunk-25-4-2000-4068
23/02/22 13:23:30
23/02/22 13:23:30
