16/03/22 11:01:34
/home/pi/reginaldojunior/experimentos/results/socket/4/1200/1200/elecNormNew-LeveragingBag-25-1-1-68
16/03/22 11:03:40
16/03/22 11:03:41
/home/pi/reginaldojunior/experimentos/results/socket/4/1200/1200/elecNormNew-LBagExecutorRUNPER-25-4-1-68
16/03/22 11:05:47
16/03/22 11:05:47
/home/pi/reginaldojunior/experimentos/results/socket/4/1200/1200/elecNormNew-LeveragingBag-25-1-1-344
16/03/22 11:07:53
16/03/22 11:07:53
/home/pi/reginaldojunior/experimentos/results/socket/4/1200/1200/elecNormNew-LBagExecutorRUNPER-25-4-1-344
16/03/22 11:09:59
16/03/22 11:10:00
/home/pi/reginaldojunior/experimentos/results/socket/4/1200/1200/elecNormNew-LeveragingBag-25-1-1-620
16/03/22 11:11:35
16/03/22 11:11:35
/home/pi/reginaldojunior/experimentos/results/socket/4/1200/1200/elecNormNew-LBagExecutorRUNPER-25-4-1-620
16/03/22 11:12:55
16/03/22 11:12:55
/home/pi/reginaldojunior/experimentos/results/socket/4/1200/1200/elecNormNew-StreamingRandomPatches-25-1-1-25
16/03/22 11:15:00
16/03/22 11:15:00
/home/pi/reginaldojunior/experimentos/results/socket/4/1200/1200/elecNormNew-StreamingRandomPatchesExecutorRUNPER-25-4-1-25
16/03/22 11:17:06
16/03/22 11:17:06
/home/pi/reginaldojunior/experimentos/results/socket/4/1200/1200/elecNormNew-StreamingRandomPatches-25-1-1-127
16/03/22 11:19:11
16/03/22 11:19:11
/home/pi/reginaldojunior/experimentos/results/socket/4/1200/1200/elecNormNew-StreamingRandomPatchesExecutorRUNPER-25-4-1-127
16/03/22 11:21:15
16/03/22 11:21:15
/home/pi/reginaldojunior/experimentos/results/socket/4/1200/1200/elecNormNew-StreamingRandomPatches-25-1-1-229
16/03/22 11:23:20
16/03/22 11:23:20
/home/pi/reginaldojunior/experimentos/results/socket/4/1200/1200/elecNormNew-StreamingRandomPatchesExecutorRUNPER-25-4-1-229
16/03/22 11:25:25
16/03/22 11:25:25
/home/pi/reginaldojunior/experimentos/results/socket/4/1200/1200/elecNormNew-OzaBagAdwin-25-1-1-115
16/03/22 11:27:32
16/03/22 11:27:32
/home/pi/reginaldojunior/experimentos/results/socket/4/1200/1200/elecNormNew-OzaBagAdwinExecutorRUNPER-25-4-1-115
16/03/22 11:29:38
16/03/22 11:29:38
/home/pi/reginaldojunior/experimentos/results/socket/4/1200/1200/elecNormNew-OzaBagAdwin-25-1-1-577
16/03/22 11:31:04
16/03/22 11:31:04
/home/pi/reginaldojunior/experimentos/results/socket/4/1200/1200/elecNormNew-OzaBagAdwinExecutorRUNPER-25-4-1-577
16/03/22 11:32:29
16/03/22 11:32:29
/home/pi/reginaldojunior/experimentos/results/socket/4/1200/1200/elecNormNew-OzaBagAdwin-25-1-1-1039
16/03/22 11:33:20
16/03/22 11:33:20
/home/pi/reginaldojunior/experimentos/results/socket/4/1200/1200/elecNormNew-OzaBagAdwinExecutorRUNPER-25-4-1-1039
16/03/22 11:34:10
16/03/22 11:34:10
/home/pi/reginaldojunior/experimentos/results/socket/4/1200/1200/elecNormNew-OzaBagASHT-25-1-1-134
16/03/22 11:36:17
16/03/22 11:36:17
/home/pi/reginaldojunior/experimentos/results/socket/4/1200/1200/elecNormNew-OzaBagASHTExecutorRUNPER-25-4-1-134
16/03/22 11:38:23
16/03/22 11:38:23
/home/pi/reginaldojunior/experimentos/results/socket/4/1200/1200/elecNormNew-OzaBagASHT-25-1-1-673
16/03/22 11:39:38
16/03/22 11:39:38
/home/pi/reginaldojunior/experimentos/results/socket/4/1200/1200/elecNormNew-OzaBagASHTExecutorRUNPER-25-4-1-673
16/03/22 11:40:53
16/03/22 11:40:53
/home/pi/reginaldojunior/experimentos/results/socket/4/1200/1200/elecNormNew-OzaBagASHT-25-1-1-1211
16/03/22 11:41:36
16/03/22 11:41:36
/home/pi/reginaldojunior/experimentos/results/socket/4/1200/1200/elecNormNew-OzaBagASHTExecutorRUNPER-25-4-1-1211
16/03/22 11:42:20
16/03/22 11:42:20
/home/pi/reginaldojunior/experimentos/results/socket/4/1200/1200/elecNormNew-OzaBag-25-1-1-138
16/03/22 11:44:26
16/03/22 11:44:26
/home/pi/reginaldojunior/experimentos/results/socket/4/1200/1200/elecNormNew-OzaBagExecutorRUNPER-25-4-1-138
16/03/22 11:46:33
16/03/22 11:46:33
/home/pi/reginaldojunior/experimentos/results/socket/4/1200/1200/elecNormNew-OzaBag-25-1-1-694
16/03/22 11:47:45
16/03/22 11:47:45
/home/pi/reginaldojunior/experimentos/results/socket/4/1200/1200/elecNormNew-OzaBagExecutorRUNPER-25-4-1-694
16/03/22 11:48:58
16/03/22 11:48:58
/home/pi/reginaldojunior/experimentos/results/socket/4/1200/1200/elecNormNew-OzaBag-25-1-1-1250
16/03/22 11:49:40
16/03/22 11:49:40
/home/pi/reginaldojunior/experimentos/results/socket/4/1200/1200/elecNormNew-OzaBagExecutorRUNPER-25-4-1-1250
16/03/22 11:50:23
16/03/22 11:50:23
/home/pi/reginaldojunior/experimentos/results/socket/4/1200/1200/covtypeNorm-AdaptiveRandomForestSequential-25-1-1-40
16/03/22 11:52:27
16/03/22 11:52:27
/home/pi/reginaldojunior/experimentos/results/socket/4/1200/1200/covtypeNorm-AdaptiveRandomForestExecutorRUNPER-25-4-1-40
16/03/22 11:54:33
16/03/22 11:54:33
/home/pi/reginaldojunior/experimentos/results/socket/4/1200/1200/covtypeNorm-AdaptiveRandomForestSequential-25-1-1-200
16/03/22 11:56:38
16/03/22 11:56:38
/home/pi/reginaldojunior/experimentos/results/socket/4/1200/1200/covtypeNorm-AdaptiveRandomForestExecutorRUNPER-25-4-1-200
16/03/22 11:58:42
16/03/22 11:58:42
/home/pi/reginaldojunior/experimentos/results/socket/4/1200/1200/covtypeNorm-AdaptiveRandomForestSequential-25-1-1-361
16/03/22 12:00:47
16/03/22 12:00:47
/home/pi/reginaldojunior/experimentos/results/socket/4/1200/1200/covtypeNorm-AdaptiveRandomForestExecutorRUNPER-25-4-1-361
16/03/22 12:02:52
16/03/22 12:02:52
/home/pi/reginaldojunior/experimentos/results/socket/4/1200/1200/covtypeNorm-LeveragingBag-25-1-1-29
16/03/22 12:04:58
16/03/22 12:04:59
/home/pi/reginaldojunior/experimentos/results/socket/4/1200/1200/covtypeNorm-LBagExecutorRUNPER-25-4-1-29
16/03/22 12:07:05
16/03/22 12:07:05
/home/pi/reginaldojunior/experimentos/results/socket/4/1200/1200/covtypeNorm-LeveragingBag-25-1-1-146
16/03/22 12:09:12
16/03/22 12:09:12
/home/pi/reginaldojunior/experimentos/results/socket/4/1200/1200/covtypeNorm-LBagExecutorRUNPER-25-4-1-146
16/03/22 12:11:18
16/03/22 12:11:18
/home/pi/reginaldojunior/experimentos/results/socket/4/1200/1200/covtypeNorm-LeveragingBag-25-1-1-264
16/03/22 12:13:25
16/03/22 12:13:25
/home/pi/reginaldojunior/experimentos/results/socket/4/1200/1200/covtypeNorm-LBagExecutorRUNPER-25-4-1-264
16/03/22 12:15:32
16/03/22 12:15:32
/home/pi/reginaldojunior/experimentos/results/socket/4/1200/1200/covtypeNorm-StreamingRandomPatches-25-1-1-12
16/03/22 12:17:37
16/03/22 12:17:37
/home/pi/reginaldojunior/experimentos/results/socket/4/1200/1200/covtypeNorm-StreamingRandomPatchesExecutorRUNPER-25-4-1-12
16/03/22 12:19:43
16/03/22 12:19:43
/home/pi/reginaldojunior/experimentos/results/socket/4/1200/1200/covtypeNorm-StreamingRandomPatches-25-1-1-60
16/03/22 12:21:47
16/03/22 12:21:48
/home/pi/reginaldojunior/experimentos/results/socket/4/1200/1200/covtypeNorm-StreamingRandomPatchesExecutorRUNPER-25-4-1-60
16/03/22 12:23:52
16/03/22 12:23:52
/home/pi/reginaldojunior/experimentos/results/socket/4/1200/1200/covtypeNorm-StreamingRandomPatches-25-1-1-108
16/03/22 12:25:57
16/03/22 12:25:57
/home/pi/reginaldojunior/experimentos/results/socket/4/1200/1200/covtypeNorm-StreamingRandomPatchesExecutorRUNPER-25-4-1-108
16/03/22 12:28:02
16/03/22 12:28:02
/home/pi/reginaldojunior/experimentos/results/socket/4/1200/1200/covtypeNorm-OzaBagAdwin-25-1-1-42
16/03/22 12:30:09
16/03/22 12:30:09
/home/pi/reginaldojunior/experimentos/results/socket/4/1200/1200/covtypeNorm-OzaBagAdwinExecutorRUNPER-25-4-1-42
16/03/22 12:32:15
16/03/22 12:32:15
/home/pi/reginaldojunior/experimentos/results/socket/4/1200/1200/covtypeNorm-OzaBagAdwin-25-1-1-210
16/03/22 12:34:22
16/03/22 12:34:22
/home/pi/reginaldojunior/experimentos/results/socket/4/1200/1200/covtypeNorm-OzaBagAdwinExecutorRUNPER-25-4-1-210
16/03/22 12:36:29
16/03/22 12:36:29
/home/pi/reginaldojunior/experimentos/results/socket/4/1200/1200/covtypeNorm-OzaBagAdwin-25-1-1-379
16/03/22 12:38:35
16/03/22 12:38:35
/home/pi/reginaldojunior/experimentos/results/socket/4/1200/1200/covtypeNorm-OzaBagAdwinExecutorRUNPER-25-4-1-379
16/03/22 12:40:42
16/03/22 12:40:42
/home/pi/reginaldojunior/experimentos/results/socket/4/1200/1200/covtypeNorm-OzaBagASHT-25-1-1-43
16/03/22 12:42:48
16/03/22 12:42:48
/home/pi/reginaldojunior/experimentos/results/socket/4/1200/1200/covtypeNorm-OzaBagASHTExecutorRUNPER-25-4-1-43
16/03/22 12:44:55
16/03/22 12:44:55
/home/pi/reginaldojunior/experimentos/results/socket/4/1200/1200/covtypeNorm-OzaBagASHT-25-1-1-215
16/03/22 12:47:02
16/03/22 12:47:02
/home/pi/reginaldojunior/experimentos/results/socket/4/1200/1200/covtypeNorm-OzaBagASHTExecutorRUNPER-25-4-1-215
16/03/22 12:49:08
16/03/22 12:49:08
/home/pi/reginaldojunior/experimentos/results/socket/4/1200/1200/covtypeNorm-OzaBagASHT-25-1-1-388
16/03/22 12:51:15
16/03/22 12:51:15
/home/pi/reginaldojunior/experimentos/results/socket/4/1200/1200/covtypeNorm-OzaBagASHTExecutorRUNPER-25-4-1-388
16/03/22 12:53:21
16/03/22 12:53:21
/home/pi/reginaldojunior/experimentos/results/socket/4/1200/1200/covtypeNorm-OzaBag-25-1-1-43
16/03/22 12:55:28
16/03/22 12:55:28
/home/pi/reginaldojunior/experimentos/results/socket/4/1200/1200/covtypeNorm-OzaBagExecutorRUNPER-25-4-1-43
16/03/22 12:57:34
16/03/22 12:57:34
/home/pi/reginaldojunior/experimentos/results/socket/4/1200/1200/covtypeNorm-OzaBag-25-1-1-217
16/03/22 12:59:41
16/03/22 12:59:41
/home/pi/reginaldojunior/experimentos/results/socket/4/1200/1200/covtypeNorm-OzaBagExecutorRUNPER-25-4-1-217
16/03/22 13:01:48
16/03/22 13:01:48
/home/pi/reginaldojunior/experimentos/results/socket/4/1200/1200/covtypeNorm-OzaBag-25-1-1-390
16/03/22 13:03:53
16/03/22 13:03:53
/home/pi/reginaldojunior/experimentos/results/socket/4/1200/1200/covtypeNorm-OzaBagExecutorRUNPER-25-4-1-390
16/03/22 13:06:00
16/03/22 13:06:00
/home/pi/reginaldojunior/experimentos/results/socket/4/1200/1200/GMSC-AdaptiveRandomForestSequential-25-1-1-70
16/03/22 13:08:04
16/03/22 13:08:04
/home/pi/reginaldojunior/experimentos/results/socket/4/1200/1200/GMSC-AdaptiveRandomForestExecutorRUNPER-25-4-1-70
16/03/22 13:10:09
16/03/22 13:10:09
/home/pi/reginaldojunior/experimentos/results/socket/4/1200/1200/GMSC-AdaptiveRandomForestSequential-25-1-1-350
16/03/22 13:12:14
16/03/22 13:12:14
/home/pi/reginaldojunior/experimentos/results/socket/4/1200/1200/GMSC-AdaptiveRandomForestExecutorRUNPER-25-4-1-350
16/03/22 13:14:18
16/03/22 13:14:18
/home/pi/reginaldojunior/experimentos/results/socket/4/1200/1200/GMSC-AdaptiveRandomForestSequential-25-1-1-630
16/03/22 13:16:23
16/03/22 13:16:23
/home/pi/reginaldojunior/experimentos/results/socket/4/1200/1200/GMSC-AdaptiveRandomForestExecutorRUNPER-25-4-1-630
16/03/22 13:18:28
16/03/22 13:18:28
/home/pi/reginaldojunior/experimentos/results/socket/4/1200/1200/GMSC-LeveragingBag-25-1-1-90
16/03/22 13:20:35
16/03/22 13:20:35
/home/pi/reginaldojunior/experimentos/results/socket/4/1200/1200/GMSC-LBagExecutorRUNPER-25-4-1-90
16/03/22 13:22:41
16/03/22 13:22:41
/home/pi/reginaldojunior/experimentos/results/socket/4/1200/1200/GMSC-LeveragingBag-25-1-1-452
16/03/22 13:24:48
16/03/22 13:24:48
/home/pi/reginaldojunior/experimentos/results/socket/4/1200/1200/GMSC-LBagExecutorRUNPER-25-4-1-452
16/03/22 13:26:55
16/03/22 13:26:55
/home/pi/reginaldojunior/experimentos/results/socket/4/1200/1200/GMSC-LeveragingBag-25-1-1-814
16/03/22 13:29:01
16/03/22 13:29:01
/home/pi/reginaldojunior/experimentos/results/socket/4/1200/1200/GMSC-LBagExecutorRUNPER-25-4-1-814
16/03/22 13:31:07
16/03/22 13:31:07
/home/pi/reginaldojunior/experimentos/results/socket/4/1200/1200/GMSC-StreamingRandomPatches-25-1-1-33
16/03/22 13:33:13
16/03/22 13:33:13
/home/pi/reginaldojunior/experimentos/results/socket/4/1200/1200/GMSC-StreamingRandomPatchesExecutorRUNPER-25-4-1-33
16/03/22 13:35:18
16/03/22 13:35:18
/home/pi/reginaldojunior/experimentos/results/socket/4/1200/1200/GMSC-StreamingRandomPatches-25-1-1-167
16/03/22 13:37:23
16/03/22 13:37:23
/home/pi/reginaldojunior/experimentos/results/socket/4/1200/1200/GMSC-StreamingRandomPatchesExecutorRUNPER-25-4-1-167
16/03/22 13:39:28
16/03/22 13:39:28
/home/pi/reginaldojunior/experimentos/results/socket/4/1200/1200/GMSC-StreamingRandomPatches-25-1-1-301
16/03/22 13:41:33
16/03/22 13:41:33
/home/pi/reginaldojunior/experimentos/results/socket/4/1200/1200/GMSC-StreamingRandomPatchesExecutorRUNPER-25-4-1-301
16/03/22 13:43:38
16/03/22 13:43:38
/home/pi/reginaldojunior/experimentos/results/socket/4/1200/1200/GMSC-OzaBagAdwin-25-1-1-175
16/03/22 13:45:44
16/03/22 13:45:44
/home/pi/reginaldojunior/experimentos/results/socket/4/1200/1200/GMSC-OzaBagAdwinExecutorRUNPER-25-4-1-175
16/03/22 13:47:51
16/03/22 13:47:51
/home/pi/reginaldojunior/experimentos/results/socket/4/1200/1200/GMSC-OzaBagAdwin-25-1-1-877
16/03/22 13:49:57
16/03/22 13:49:57
/home/pi/reginaldojunior/experimentos/results/socket/4/1200/1200/GMSC-OzaBagAdwinExecutorRUNPER-25-4-1-877
16/03/22 13:52:03
16/03/22 13:52:03
/home/pi/reginaldojunior/experimentos/results/socket/4/1200/1200/GMSC-OzaBagAdwin-25-1-1-1578
16/03/22 13:53:45
16/03/22 13:53:45
/home/pi/reginaldojunior/experimentos/results/socket/4/1200/1200/GMSC-OzaBagAdwinExecutorRUNPER-25-4-1-1578
16/03/22 13:55:26
16/03/22 13:55:26
/home/pi/reginaldojunior/experimentos/results/socket/4/1200/1200/GMSC-OzaBagASHT-25-1-1-191
16/03/22 13:57:33
16/03/22 13:57:33
/home/pi/reginaldojunior/experimentos/results/socket/4/1200/1200/GMSC-OzaBagASHTExecutorRUNPER-25-4-1-191
16/03/22 13:59:40
16/03/22 13:59:40
/home/pi/reginaldojunior/experimentos/results/socket/4/1200/1200/GMSC-OzaBagASHT-25-1-1-959
16/03/22 14:01:46
16/03/22 14:01:46
/home/pi/reginaldojunior/experimentos/results/socket/4/1200/1200/GMSC-OzaBagASHTExecutorRUNPER-25-4-1-959
16/03/22 14:03:53
16/03/22 14:03:53
/home/pi/reginaldojunior/experimentos/results/socket/4/1200/1200/GMSC-OzaBagASHT-25-1-1-1727
16/03/22 14:05:26
16/03/22 14:05:26
/home/pi/reginaldojunior/experimentos/results/socket/4/1200/1200/GMSC-OzaBagASHTExecutorRUNPER-25-4-1-1727
16/03/22 14:07:32
16/03/22 14:07:32
/home/pi/reginaldojunior/experimentos/results/socket/4/1200/1200/GMSC-OzaBag-25-1-1-184
16/03/22 14:09:39
16/03/22 14:09:39
/home/pi/reginaldojunior/experimentos/results/socket/4/1200/1200/GMSC-OzaBagExecutorRUNPER-25-4-1-184
16/03/22 14:11:45
16/03/22 14:11:45
/home/pi/reginaldojunior/experimentos/results/socket/4/1200/1200/GMSC-OzaBag-25-1-1-924
16/03/22 14:13:52
16/03/22 14:13:52
/home/pi/reginaldojunior/experimentos/results/socket/4/1200/1200/GMSC-OzaBagExecutorRUNPER-25-4-1-924
16/03/22 14:15:58
16/03/22 14:15:58
/home/pi/reginaldojunior/experimentos/results/socket/4/1200/1200/GMSC-OzaBag-25-1-1-1663
16/03/22 14:17:35
16/03/22 14:17:35
/home/pi/reginaldojunior/experimentos/results/socket/4/1200/1200/GMSC-OzaBagExecutorRUNPER-25-4-1-1663
16/03/22 14:19:12
16/03/22 14:19:12
/home/pi/reginaldojunior/experimentos/results/socket/4/1200/1200/airlines-AdaptiveRandomForestSequential-25-1-1-15
16/03/22 14:21:16
16/03/22 14:21:16
/home/pi/reginaldojunior/experimentos/results/socket/4/1200/1200/airlines-AdaptiveRandomForestExecutorRUNPER-25-4-1-15
16/03/22 14:23:22
16/03/22 14:23:22
/home/pi/reginaldojunior/experimentos/results/socket/4/1200/1200/airlines-AdaptiveRandomForestSequential-25-1-1-78
16/03/22 14:25:27
16/03/22 14:25:27
/home/pi/reginaldojunior/experimentos/results/socket/4/1200/1200/airlines-AdaptiveRandomForestExecutorRUNPER-25-4-1-78
16/03/22 14:27:32
16/03/22 14:27:32
/home/pi/reginaldojunior/experimentos/results/socket/4/1200/1200/airlines-AdaptiveRandomForestSequential-25-1-1-140
16/03/22 14:29:37
16/03/22 14:29:37
/home/pi/reginaldojunior/experimentos/results/socket/4/1200/1200/airlines-AdaptiveRandomForestExecutorRUNPER-25-4-1-140
16/03/22 14:31:42
16/03/22 14:31:42
/home/pi/reginaldojunior/experimentos/results/socket/4/1200/1200/airlines-LeveragingBag-25-1-1-15
16/03/22 14:33:48
16/03/22 14:33:48
/home/pi/reginaldojunior/experimentos/results/socket/4/1200/1200/airlines-LBagExecutorRUNPER-25-4-1-15
16/03/22 14:35:55
16/03/22 14:35:55
/home/pi/reginaldojunior/experimentos/results/socket/4/1200/1200/airlines-LeveragingBag-25-1-1-75
16/03/22 14:38:01
16/03/22 14:38:01
/home/pi/reginaldojunior/experimentos/results/socket/4/1200/1200/airlines-LBagExecutorRUNPER-25-4-1-75
16/03/22 14:40:08
16/03/22 14:40:08
/home/pi/reginaldojunior/experimentos/results/socket/4/1200/1200/airlines-LeveragingBag-25-1-1-136
16/03/22 14:42:16
16/03/22 14:42:16
/home/pi/reginaldojunior/experimentos/results/socket/4/1200/1200/airlines-LBagExecutorRUNPER-25-4-1-136
16/03/22 14:44:24
16/03/22 14:44:24
/home/pi/reginaldojunior/experimentos/results/socket/4/1200/1200/airlines-StreamingRandomPatches-25-1-1-15
16/03/22 14:46:29
16/03/22 14:46:29
/home/pi/reginaldojunior/experimentos/results/socket/4/1200/1200/airlines-StreamingRandomPatchesExecutorRUNPER-25-4-1-15
16/03/22 14:48:34
16/03/22 14:48:34
/home/pi/reginaldojunior/experimentos/results/socket/4/1200/1200/airlines-StreamingRandomPatches-25-1-1-77
16/03/22 14:50:39
16/03/22 14:50:39
/home/pi/reginaldojunior/experimentos/results/socket/4/1200/1200/airlines-StreamingRandomPatchesExecutorRUNPER-25-4-1-77
16/03/22 14:52:44
16/03/22 14:52:44
/home/pi/reginaldojunior/experimentos/results/socket/4/1200/1200/airlines-StreamingRandomPatches-25-1-1-139
16/03/22 14:54:49
16/03/22 14:54:49
/home/pi/reginaldojunior/experimentos/results/socket/4/1200/1200/airlines-StreamingRandomPatchesExecutorRUNPER-25-4-1-139
16/03/22 14:56:54
16/03/22 14:56:54
/home/pi/reginaldojunior/experimentos/results/socket/4/1200/1200/airlines-OzaBagAdwin-25-1-1-22
16/03/22 14:59:01
16/03/22 14:59:01
/home/pi/reginaldojunior/experimentos/results/socket/4/1200/1200/airlines-OzaBagAdwinExecutorRUNPER-25-4-1-22
16/03/22 15:01:08
16/03/22 15:01:08
/home/pi/reginaldojunior/experimentos/results/socket/4/1200/1200/airlines-OzaBagAdwin-25-1-1-114
16/03/22 15:03:14
16/03/22 15:03:14
/home/pi/reginaldojunior/experimentos/results/socket/4/1200/1200/airlines-OzaBagAdwinExecutorRUNPER-25-4-1-114
16/03/22 15:05:20
16/03/22 15:05:20
/home/pi/reginaldojunior/experimentos/results/socket/4/1200/1200/airlines-OzaBagAdwin-25-1-1-205
16/03/22 15:07:26
16/03/22 15:07:26
/home/pi/reginaldojunior/experimentos/results/socket/4/1200/1200/airlines-OzaBagAdwinExecutorRUNPER-25-4-1-205
16/03/22 15:09:33
16/03/22 15:09:33
/home/pi/reginaldojunior/experimentos/results/socket/4/1200/1200/airlines-OzaBagASHT-25-1-1-55
16/03/22 15:11:39
16/03/22 15:11:39
/home/pi/reginaldojunior/experimentos/results/socket/4/1200/1200/airlines-OzaBagASHTExecutorRUNPER-25-4-1-55
16/03/22 15:13:46
16/03/22 15:13:46
/home/pi/reginaldojunior/experimentos/results/socket/4/1200/1200/airlines-OzaBagASHT-25-1-1-277
16/03/22 15:15:52
16/03/22 15:15:52
/home/pi/reginaldojunior/experimentos/results/socket/4/1200/1200/airlines-OzaBagASHTExecutorRUNPER-25-4-1-277
16/03/22 15:17:59
16/03/22 15:17:59
/home/pi/reginaldojunior/experimentos/results/socket/4/1200/1200/airlines-OzaBagASHT-25-1-1-499
16/03/22 15:20:05
16/03/22 15:20:05
/home/pi/reginaldojunior/experimentos/results/socket/4/1200/1200/airlines-OzaBagASHTExecutorRUNPER-25-4-1-499
16/03/22 15:22:12
16/03/22 15:22:12
/home/pi/reginaldojunior/experimentos/results/socket/4/1200/1200/airlines-OzaBag-25-1-1-80
16/03/22 15:24:18
16/03/22 15:24:18
/home/pi/reginaldojunior/experimentos/results/socket/4/1200/1200/airlines-OzaBagExecutorRUNPER-25-4-1-80
16/03/22 15:26:25
16/03/22 15:26:25
/home/pi/reginaldojunior/experimentos/results/socket/4/1200/1200/airlines-OzaBag-25-1-1-402
16/03/22 15:28:32
16/03/22 15:28:32
/home/pi/reginaldojunior/experimentos/results/socket/4/1200/1200/airlines-OzaBagExecutorRUNPER-25-4-1-402
16/03/22 15:30:39
16/03/22 15:30:39
/home/pi/reginaldojunior/experimentos/results/socket/4/1200/1200/airlines-OzaBag-25-1-1-724
16/03/22 15:32:46
16/03/22 15:32:46
/home/pi/reginaldojunior/experimentos/results/socket/4/1200/1200/airlines-OzaBagExecutorRUNPER-25-4-1-724
16/03/22 15:34:52
16/03/22 15:34:52
