30/11/23 01:10:27
/home/pi/reginaldojunior/experimentos/dynamic-batch/8-test//covtypeNorm-AdaptiveRandomForestExecutorMAXChunk
30/11/23 01:20:40
30/11/23 01:20:40
/home/pi/reginaldojunior/experimentos/dynamic-batch/8-test//covtypeNorm-LBagExecutorMAXChunk
30/11/23 01:30:53
30/11/23 01:30:53
/home/pi/reginaldojunior/experimentos/dynamic-batch/8-test//covtypeNorm-StreamingRandomPatchesExecutorMAXChunk
30/11/23 01:41:06
30/11/23 01:41:06
/home/pi/reginaldojunior/experimentos/dynamic-batch/8-test//covtypeNorm-OzaBagAdwinExecutorMAXChunk
30/11/23 01:51:19
30/11/23 01:51:19
/home/pi/reginaldojunior/experimentos/dynamic-batch/8-test//covtypeNorm-OzaBagASHTExecutorMAXChunk
30/11/23 02:01:33
30/11/23 02:01:33
/home/pi/reginaldojunior/experimentos/dynamic-batch/8-test//covtypeNorm-OzaBagExecutorMAXChunk
30/11/23 02:11:47
30/11/23 02:11:47
/home/pi/reginaldojunior/experimentos/dynamic-batch/8-test//airlines-AdaptiveRandomForestExecutorMAXChunk
30/11/23 02:21:59
30/11/23 02:21:59
/home/pi/reginaldojunior/experimentos/dynamic-batch/8-test//airlines-LBagExecutorMAXChunk
30/11/23 02:32:13
30/11/23 02:32:13
/home/pi/reginaldojunior/experimentos/dynamic-batch/8-test//airlines-StreamingRandomPatchesExecutorMAXChunk
30/11/23 02:42:26
30/11/23 02:42:26
/home/pi/reginaldojunior/experimentos/dynamic-batch/8-test//airlines-OzaBagAdwinExecutorMAXChunk
30/11/23 02:52:40
30/11/23 02:52:40
/home/pi/reginaldojunior/experimentos/dynamic-batch/8-test//airlines-OzaBagASHTExecutorMAXChunk
30/11/23 03:02:54
30/11/23 03:02:54
/home/pi/reginaldojunior/experimentos/dynamic-batch/8-test//airlines-OzaBagExecutorMAXChunk
30/11/23 03:13:07
30/11/23 03:13:07
/home/pi/reginaldojunior/experimentos/dynamic-batch/8-test//elecNormNew-AdaptiveRandomForestExecutorMAXChunk
30/11/23 03:23:20
30/11/23 03:23:20
/home/pi/reginaldojunior/experimentos/dynamic-batch/8-test//elecNormNew-LBagExecutorMAXChunk
30/11/23 03:33:13
30/11/23 03:33:13
/home/pi/reginaldojunior/experimentos/dynamic-batch/8-test//elecNormNew-StreamingRandomPatchesExecutorMAXChunk
30/11/23 03:43:25
30/11/23 03:43:25
/home/pi/reginaldojunior/experimentos/dynamic-batch/8-test//elecNormNew-OzaBagAdwinExecutorMAXChunk
30/11/23 03:51:48
30/11/23 03:51:48
/home/pi/reginaldojunior/experimentos/dynamic-batch/8-test//elecNormNew-OzaBagASHTExecutorMAXChunk
30/11/23 03:55:01
30/11/23 03:55:01
/home/pi/reginaldojunior/experimentos/dynamic-batch/8-test//elecNormNew-OzaBagExecutorMAXChunk
30/11/23 03:58:09
30/11/23 03:58:09
/home/pi/reginaldojunior/experimentos/dynamic-batch/8-test//GMSC-AdaptiveRandomForestExecutorMAXChunk
30/11/23 04:08:22
30/11/23 04:08:22
/home/pi/reginaldojunior/experimentos/dynamic-batch/8-test//GMSC-LBagExecutorMAXChunk
30/11/23 04:18:36
30/11/23 04:18:36
/home/pi/reginaldojunior/experimentos/dynamic-batch/8-test//GMSC-StreamingRandomPatchesExecutorMAXChunk
30/11/23 04:28:48
30/11/23 04:28:49
/home/pi/reginaldojunior/experimentos/dynamic-batch/8-test//GMSC-OzaBagAdwinExecutorMAXChunk
30/11/23 04:37:01
30/11/23 04:37:01
/home/pi/reginaldojunior/experimentos/dynamic-batch/8-test//GMSC-OzaBagASHTExecutorMAXChunk
30/11/23 04:44:12
30/11/23 04:44:12
/home/pi/reginaldojunior/experimentos/dynamic-batch/8-test//GMSC-OzaBagExecutorMAXChunk
30/11/23 04:50:36
30/11/23 04:50:36
