30/11/23 11:51:10
/home/pi/reginaldojunior/experimentos/dynamic-batch/10-test//covtypeNorm-AdaptiveRandomForestExecutorMAXChunk
30/11/23 12:01:23
30/11/23 12:01:23
/home/pi/reginaldojunior/experimentos/dynamic-batch/10-test//covtypeNorm-LBagExecutorMAXChunk
30/11/23 12:11:37
30/11/23 12:11:37
/home/pi/reginaldojunior/experimentos/dynamic-batch/10-test//covtypeNorm-StreamingRandomPatchesExecutorMAXChunk
30/11/23 12:21:49
30/11/23 12:21:49
/home/pi/reginaldojunior/experimentos/dynamic-batch/10-test//covtypeNorm-OzaBagAdwinExecutorMAXChunk
30/11/23 12:32:03
30/11/23 12:32:03
/home/pi/reginaldojunior/experimentos/dynamic-batch/10-test//covtypeNorm-OzaBagASHTExecutorMAXChunk
30/11/23 12:42:16
30/11/23 12:42:16
/home/pi/reginaldojunior/experimentos/dynamic-batch/10-test//covtypeNorm-OzaBagExecutorMAXChunk
30/11/23 12:52:30
30/11/23 12:52:30
/home/pi/reginaldojunior/experimentos/dynamic-batch/10-test//airlines-AdaptiveRandomForestExecutorMAXChunk
30/11/23 13:02:43
30/11/23 13:02:43
/home/pi/reginaldojunior/experimentos/dynamic-batch/10-test//airlines-LBagExecutorMAXChunk
30/11/23 13:12:56
30/11/23 13:12:56
/home/pi/reginaldojunior/experimentos/dynamic-batch/10-test//airlines-StreamingRandomPatchesExecutorMAXChunk
30/11/23 13:23:09
30/11/23 13:23:09
/home/pi/reginaldojunior/experimentos/dynamic-batch/10-test//airlines-OzaBagAdwinExecutorMAXChunk
30/11/23 13:33:23
30/11/23 13:33:24
/home/pi/reginaldojunior/experimentos/dynamic-batch/10-test//airlines-OzaBagASHTExecutorMAXChunk
30/11/23 13:43:37
30/11/23 13:43:37
/home/pi/reginaldojunior/experimentos/dynamic-batch/10-test//airlines-OzaBagExecutorMAXChunk
30/11/23 13:53:51
30/11/23 13:53:51
/home/pi/reginaldojunior/experimentos/dynamic-batch/10-test//elecNormNew-AdaptiveRandomForestExecutorMAXChunk
30/11/23 14:04:04
30/11/23 14:04:04
/home/pi/reginaldojunior/experimentos/dynamic-batch/10-test//elecNormNew-LBagExecutorMAXChunk
30/11/23 14:14:17
30/11/23 14:14:17
/home/pi/reginaldojunior/experimentos/dynamic-batch/10-test//elecNormNew-StreamingRandomPatchesExecutorMAXChunk
30/11/23 14:24:30
30/11/23 14:24:30
/home/pi/reginaldojunior/experimentos/dynamic-batch/10-test//elecNormNew-OzaBagAdwinExecutorMAXChunk
30/11/23 14:30:47
30/11/23 14:30:47
/home/pi/reginaldojunior/experimentos/dynamic-batch/10-test//elecNormNew-OzaBagASHTExecutorMAXChunk
30/11/23 14:37:14
30/11/23 14:37:14
/home/pi/reginaldojunior/experimentos/dynamic-batch/10-test//elecNormNew-OzaBagExecutorMAXChunk
30/11/23 14:41:28
30/11/23 14:41:28
/home/pi/reginaldojunior/experimentos/dynamic-batch/10-test//GMSC-AdaptiveRandomForestExecutorMAXChunk
30/11/23 14:51:40
30/11/23 14:51:40
/home/pi/reginaldojunior/experimentos/dynamic-batch/10-test//GMSC-LBagExecutorMAXChunk
30/11/23 15:01:54
30/11/23 15:01:54
/home/pi/reginaldojunior/experimentos/dynamic-batch/10-test//GMSC-StreamingRandomPatchesExecutorMAXChunk
30/11/23 15:12:06
30/11/23 15:12:06
/home/pi/reginaldojunior/experimentos/dynamic-batch/10-test//GMSC-OzaBagAdwinExecutorMAXChunk
30/11/23 15:22:20
30/11/23 15:22:20
/home/pi/reginaldojunior/experimentos/dynamic-batch/10-test//GMSC-OzaBagASHTExecutorMAXChunk
30/11/23 15:26:56
30/11/23 15:26:56
/home/pi/reginaldojunior/experimentos/dynamic-batch/10-test//GMSC-OzaBagExecutorMAXChunk
30/11/23 15:31:47
30/11/23 15:31:47
