28/09/23 00:16:27
/home/pi/reginaldojunior/experimentos/mb-and-mblf//covtypeNorm-AdaptiveRandomForestExecutorMAXChunk-25-4-50
28/09/23 00:16:34
28/09/23 00:16:34
/home/pi/reginaldojunior/experimentos/mb-and-mblf//covtypeNorm-LBagExecutorMAXChunk-25-4-50
28/09/23 00:16:40
28/09/23 00:16:40
28/09/23 00:18:12
/home/pi/reginaldojunior/experimentos/mb-and-mblf//covtypeNorm-AdaptiveRandomForestExecutorMAXChunk-25-4-50
28/09/23 00:18:19
28/09/23 00:18:19
28/09/23 00:19:06
/home/pi/reginaldojunior/experimentos/mb-and-mblf//covtypeNorm-AdaptiveRandomForestExecutorMAXChunk-25-4-50
28/09/23 00:19:12
28/09/23 00:19:12
28/09/23 00:20:30
/home/pi/reginaldojunior/experimentos/mb-and-mblf//covtypeNorm-AdaptiveRandomForestExecutorMAXChunk-25-4-50
28/09/23 00:22:34
28/09/23 00:22:34
/home/pi/reginaldojunior/experimentos/mb-and-mblf//covtypeNorm-LBagExecutorMAXChunk-25-4-50
28/09/23 00:24:41
28/09/23 00:24:41
/home/pi/reginaldojunior/experimentos/mb-and-mblf//covtypeNorm-StreamingRandomPatchesExecutorMAXChunk-25-4-50
28/09/23 00:26:46
28/09/23 00:26:46
/home/pi/reginaldojunior/experimentos/mb-and-mblf//covtypeNorm-OzaBagAdwinExecutorMAXChunk-25-4-50
28/09/23 00:28:53
28/09/23 00:28:53
/home/pi/reginaldojunior/experimentos/mb-and-mblf//covtypeNorm-OzaBagASHTExecutorMAXChunk-25-4-50
28/09/23 00:30:59
28/09/23 00:30:59
/home/pi/reginaldojunior/experimentos/mb-and-mblf//covtypeNorm-OzaBagExecutorMAXChunk-25-4-50
28/09/23 00:33:06
28/09/23 00:33:06
/home/pi/reginaldojunior/experimentos/mb-and-mblf//airlines-AdaptiveRandomForestExecutorMAXChunk-25-4-50
28/09/23 00:35:11
28/09/23 00:35:11
/home/pi/reginaldojunior/experimentos/mb-and-mblf//airlines-LBagExecutorMAXChunk-25-4-50
28/09/23 00:37:20
28/09/23 00:37:20
/home/pi/reginaldojunior/experimentos/mb-and-mblf//airlines-StreamingRandomPatchesExecutorMAXChunk-25-4-50
28/09/23 00:39:26
28/09/23 00:39:26
/home/pi/reginaldojunior/experimentos/mb-and-mblf//airlines-OzaBagAdwinExecutorMAXChunk-25-4-50
28/09/23 00:41:33
28/09/23 00:41:33
/home/pi/reginaldojunior/experimentos/mb-and-mblf//airlines-OzaBagASHTExecutorMAXChunk-25-4-50
28/09/23 00:43:40
28/09/23 00:43:40
/home/pi/reginaldojunior/experimentos/mb-and-mblf//airlines-OzaBagExecutorMAXChunk-25-4-50
28/09/23 00:45:46
28/09/23 00:45:46
/home/pi/reginaldojunior/experimentos/mb-and-mblf//elecNormNew-AdaptiveRandomForestExecutorMAXChunk-25-4-50
28/09/23 00:47:52
28/09/23 00:47:52
/home/pi/reginaldojunior/experimentos/mb-and-mblf//elecNormNew-LBagExecutorMAXChunk-25-4-50
28/09/23 00:49:59
28/09/23 00:49:59
/home/pi/reginaldojunior/experimentos/mb-and-mblf//elecNormNew-StreamingRandomPatchesExecutorMAXChunk-25-4-50
28/09/23 00:52:04
28/09/23 00:52:04
/home/pi/reginaldojunior/experimentos/mb-and-mblf//elecNormNew-OzaBagAdwinExecutorMAXChunk-25-4-50
28/09/23 00:54:11
28/09/23 00:54:11
/home/pi/reginaldojunior/experimentos/mb-and-mblf//elecNormNew-OzaBagASHTExecutorMAXChunk-25-4-50
28/09/23 00:56:18
28/09/23 00:56:18
/home/pi/reginaldojunior/experimentos/mb-and-mblf//elecNormNew-OzaBagExecutorMAXChunk-25-4-50
28/09/23 00:58:24
28/09/23 00:58:24
/home/pi/reginaldojunior/experimentos/mb-and-mblf//GMSC-AdaptiveRandomForestExecutorMAXChunk-25-4-50
28/09/23 01:00:29
28/09/23 01:00:29
/home/pi/reginaldojunior/experimentos/mb-and-mblf//GMSC-LBagExecutorMAXChunk-25-4-50
28/09/23 01:02:36
28/09/23 01:02:36
/home/pi/reginaldojunior/experimentos/mb-and-mblf//GMSC-StreamingRandomPatchesExecutorMAXChunk-25-4-50
28/09/23 01:04:41
28/09/23 01:04:41
/home/pi/reginaldojunior/experimentos/mb-and-mblf//GMSC-OzaBagAdwinExecutorMAXChunk-25-4-50
28/09/23 01:06:48
28/09/23 01:06:48
/home/pi/reginaldojunior/experimentos/mb-and-mblf//GMSC-OzaBagASHTExecutorMAXChunk-25-4-50
28/09/23 01:08:55
28/09/23 01:08:55
/home/pi/reginaldojunior/experimentos/mb-and-mblf//GMSC-OzaBagExecutorMAXChunk-25-4-50
28/09/23 01:11:02
28/09/23 01:11:02
