07/02/22 09:51:16
/home/pi/reginaldojunior/experimentos/results/socket/800/800/elecNormNew-AdaptiveRandomForestExecutorMAXChunk-25-4-50-77
07/02/22 09:53:22
07/02/22 09:53:22
/home/pi/reginaldojunior/experimentos/results/socket/800/800/elecNormNew-AdaptiveRandomForestExecutorMAXChunk-25-4-50-389
07/02/22 09:55:25
07/02/22 09:55:25
/home/pi/reginaldojunior/experimentos/results/socket/800/800/elecNormNew-AdaptiveRandomForestExecutorMAXChunk-25-4-50-701
07/02/22 09:56:35
07/02/22 09:56:35
/home/pi/reginaldojunior/experimentos/results/socket/800/800/elecNormNew-LBagExecutorMAXChunk-25-4-50-105
07/02/22 09:58:42
07/02/22 09:58:42
/home/pi/reginaldojunior/experimentos/results/socket/800/800/elecNormNew-LBagExecutorMAXChunk-25-4-50-526
07/02/22 10:00:15
07/02/22 10:00:15
/home/pi/reginaldojunior/experimentos/results/socket/800/800/elecNormNew-LBagExecutorMAXChunk-25-4-50-946
07/02/22 10:01:09
07/02/22 10:01:09
/home/pi/reginaldojunior/experimentos/results/socket/800/800/elecNormNew-StreamingRandomPatchesExecutorMAXChunk-25-4-50-38
07/02/22 10:03:14
07/02/22 10:03:14
/home/pi/reginaldojunior/experimentos/results/socket/800/800/elecNormNew-StreamingRandomPatchesExecutorMAXChunk-25-4-50-193
07/02/22 10:05:19
07/02/22 10:05:19
/home/pi/reginaldojunior/experimentos/results/socket/800/800/elecNormNew-StreamingRandomPatchesExecutorMAXChunk-25-4-50-347
07/02/22 10:07:25
07/02/22 10:07:25
/home/pi/reginaldojunior/experimentos/results/socket/800/800/elecNormNew-OzaBagAdwinExecutorMAXChunk-25-4-50-209
07/02/22 10:09:31
07/02/22 10:09:31
/home/pi/reginaldojunior/experimentos/results/socket/800/800/elecNormNew-OzaBagAdwinExecutorMAXChunk-25-4-50-1045
07/02/22 10:10:21
07/02/22 10:10:21
/home/pi/reginaldojunior/experimentos/results/socket/800/800/elecNormNew-OzaBagAdwinExecutorMAXChunk-25-4-50-1882
07/02/22 10:10:52
07/02/22 10:10:52
/home/pi/reginaldojunior/experimentos/results/socket/800/800/elecNormNew-OzaBagASHTExecutorMAXChunk-25-4-50-270
07/02/22 10:12:58
07/02/22 10:12:58
/home/pi/reginaldojunior/experimentos/results/socket/800/800/elecNormNew-OzaBagASHTExecutorMAXChunk-25-4-50-1354
07/02/22 10:13:38
07/02/22 10:13:38
/home/pi/reginaldojunior/experimentos/results/socket/800/800/elecNormNew-OzaBagASHTExecutorMAXChunk-25-4-50-2437
07/02/22 10:14:06
07/02/22 10:14:06
/home/pi/reginaldojunior/experimentos/results/socket/800/800/elecNormNew-OzaBagExecutorMAXChunk-25-4-50-275
07/02/22 10:16:13
07/02/22 10:16:13
/home/pi/reginaldojunior/experimentos/results/socket/800/800/elecNormNew-OzaBagExecutorMAXChunk-25-4-50-1375
07/02/22 10:16:52
07/02/22 10:16:52
/home/pi/reginaldojunior/experimentos/results/socket/800/800/elecNormNew-OzaBagExecutorMAXChunk-25-4-50-2476
07/02/22 10:17:21
07/02/22 10:17:21
/home/pi/reginaldojunior/experimentos/results/socket/800/800/covtypeNorm-AdaptiveRandomForestExecutorMAXChunk-25-4-50-52
07/02/22 10:19:26
07/02/22 10:19:26
/home/pi/reginaldojunior/experimentos/results/socket/800/800/covtypeNorm-AdaptiveRandomForestExecutorMAXChunk-25-4-50-263
07/02/22 10:21:31
07/02/22 10:21:31
/home/pi/reginaldojunior/experimentos/results/socket/800/800/covtypeNorm-AdaptiveRandomForestExecutorMAXChunk-25-4-50-474
07/02/22 10:23:36
07/02/22 10:23:36
/home/pi/reginaldojunior/experimentos/results/socket/800/800/covtypeNorm-LBagExecutorMAXChunk-25-4-50-44
07/02/22 10:25:43
07/02/22 10:25:43
/home/pi/reginaldojunior/experimentos/results/socket/800/800/covtypeNorm-LBagExecutorMAXChunk-25-4-50-223
07/02/22 10:27:49
07/02/22 10:27:50
/home/pi/reginaldojunior/experimentos/results/socket/800/800/covtypeNorm-LBagExecutorMAXChunk-25-4-50-401
07/02/22 10:29:55
07/02/22 10:29:55
/home/pi/reginaldojunior/experimentos/results/socket/800/800/covtypeNorm-StreamingRandomPatchesExecutorMAXChunk-25-4-50-15
07/02/22 10:32:01
07/02/22 10:32:01
/home/pi/reginaldojunior/experimentos/results/socket/800/800/covtypeNorm-StreamingRandomPatchesExecutorMAXChunk-25-4-50-78
07/02/22 10:34:07
07/02/22 10:34:07
/home/pi/reginaldojunior/experimentos/results/socket/800/800/covtypeNorm-StreamingRandomPatchesExecutorMAXChunk-25-4-50-142
07/02/22 10:36:11
07/02/22 10:36:11
/home/pi/reginaldojunior/experimentos/results/socket/800/800/covtypeNorm-OzaBagAdwinExecutorMAXChunk-25-4-50-62
07/02/22 10:38:18
07/02/22 10:38:18
/home/pi/reginaldojunior/experimentos/results/socket/800/800/covtypeNorm-OzaBagAdwinExecutorMAXChunk-25-4-50-311
07/02/22 10:40:25
07/02/22 10:40:25
/home/pi/reginaldojunior/experimentos/results/socket/800/800/covtypeNorm-OzaBagAdwinExecutorMAXChunk-25-4-50-560
07/02/22 10:42:30
07/02/22 10:42:30
/home/pi/reginaldojunior/experimentos/results/socket/800/800/covtypeNorm-OzaBagASHTExecutorMAXChunk-25-4-50-64
07/02/22 10:44:37
07/02/22 10:44:37
/home/pi/reginaldojunior/experimentos/results/socket/800/800/covtypeNorm-OzaBagASHTExecutorMAXChunk-25-4-50-320
07/02/22 10:46:44
07/02/22 10:46:44
/home/pi/reginaldojunior/experimentos/results/socket/800/800/covtypeNorm-OzaBagASHTExecutorMAXChunk-25-4-50-576
07/02/22 10:48:50
07/02/22 10:48:50
/home/pi/reginaldojunior/experimentos/results/socket/800/800/covtypeNorm-OzaBagExecutorMAXChunk-25-4-50-68
07/02/22 10:50:57
07/02/22 10:50:57
/home/pi/reginaldojunior/experimentos/results/socket/800/800/covtypeNorm-OzaBagExecutorMAXChunk-25-4-50-340
07/02/22 10:53:04
07/02/22 10:53:04
/home/pi/reginaldojunior/experimentos/results/socket/800/800/covtypeNorm-OzaBagExecutorMAXChunk-25-4-50-613
07/02/22 10:55:10
07/02/22 10:55:10
/home/pi/reginaldojunior/experimentos/results/socket/800/800/airlines-AdaptiveRandomForestExecutorMAXChunk-25-4-50-15
07/02/22 10:57:16
07/02/22 10:57:16
/home/pi/reginaldojunior/experimentos/results/socket/800/800/airlines-AdaptiveRandomForestExecutorMAXChunk-25-4-50-78
07/02/22 10:59:20
07/02/22 10:59:20
/home/pi/reginaldojunior/experimentos/results/socket/800/800/airlines-AdaptiveRandomForestExecutorMAXChunk-25-4-50-141
07/02/22 11:01:26
07/02/22 11:01:26
/home/pi/reginaldojunior/experimentos/results/socket/800/800/airlines-LBagExecutorMAXChunk-25-4-50-12
07/02/22 11:03:32
07/02/22 11:03:32
/home/pi/reginaldojunior/experimentos/results/socket/800/800/airlines-LBagExecutorMAXChunk-25-4-50-61
07/02/22 11:05:40
07/02/22 11:05:40
/home/pi/reginaldojunior/experimentos/results/socket/800/800/airlines-LBagExecutorMAXChunk-25-4-50-109
07/02/22 11:07:48
07/02/22 11:07:48
/home/pi/reginaldojunior/experimentos/results/socket/800/800/airlines-StreamingRandomPatchesExecutorMAXChunk-25-4-50-16
07/02/22 11:09:54
07/02/22 11:09:54
/home/pi/reginaldojunior/experimentos/results/socket/800/800/airlines-StreamingRandomPatchesExecutorMAXChunk-25-4-50-84
07/02/22 11:11:59
07/02/22 11:11:59
/home/pi/reginaldojunior/experimentos/results/socket/800/800/airlines-StreamingRandomPatchesExecutorMAXChunk-25-4-50-152
07/02/22 11:14:05
07/02/22 11:14:05
/home/pi/reginaldojunior/experimentos/results/socket/800/800/airlines-OzaBagAdwinExecutorMAXChunk-25-4-50-45
07/02/22 11:16:12
07/02/22 11:16:12
/home/pi/reginaldojunior/experimentos/results/socket/800/800/airlines-OzaBagAdwinExecutorMAXChunk-25-4-50-226
07/02/22 11:18:19
07/02/22 11:18:19
/home/pi/reginaldojunior/experimentos/results/socket/800/800/airlines-OzaBagAdwinExecutorMAXChunk-25-4-50-407
07/02/22 11:20:26
07/02/22 11:20:26
/home/pi/reginaldojunior/experimentos/results/socket/800/800/airlines-OzaBagASHTExecutorMAXChunk-25-4-50-91
07/02/22 11:22:33
07/02/22 11:22:33
/home/pi/reginaldojunior/experimentos/results/socket/800/800/airlines-OzaBagASHTExecutorMAXChunk-25-4-50-456
07/02/22 11:24:39
07/02/22 11:24:39
/home/pi/reginaldojunior/experimentos/results/socket/800/800/airlines-OzaBagASHTExecutorMAXChunk-25-4-50-822
07/02/22 11:26:46
07/02/22 11:26:46
/home/pi/reginaldojunior/experimentos/results/socket/800/800/airlines-OzaBagExecutorMAXChunk-25-4-50-71
07/02/22 11:28:53
07/02/22 11:28:53
/home/pi/reginaldojunior/experimentos/results/socket/800/800/airlines-OzaBagExecutorMAXChunk-25-4-50-355
07/02/22 11:31:00
07/02/22 11:31:00
/home/pi/reginaldojunior/experimentos/results/socket/800/800/airlines-OzaBagExecutorMAXChunk-25-4-50-639
07/02/22 11:33:08
07/02/22 11:33:08
/home/pi/reginaldojunior/experimentos/results/socket/800/800/GMSC-AdaptiveRandomForestExecutorMAXChunk-25-4-50-116
07/02/22 11:35:12
07/02/22 11:35:12
/home/pi/reginaldojunior/experimentos/results/socket/800/800/GMSC-AdaptiveRandomForestExecutorMAXChunk-25-4-50-583
07/02/22 11:37:18
07/02/22 11:37:18
/home/pi/reginaldojunior/experimentos/results/socket/800/800/GMSC-AdaptiveRandomForestExecutorMAXChunk-25-4-50-1050
07/02/22 11:39:23
07/02/22 11:39:23
/home/pi/reginaldojunior/experimentos/results/socket/800/800/GMSC-LBagExecutorMAXChunk-25-4-50-141
07/02/22 11:41:29
07/02/22 11:41:29
/home/pi/reginaldojunior/experimentos/results/socket/800/800/GMSC-LBagExecutorMAXChunk-25-4-50-708
07/02/22 11:43:35
07/02/22 11:43:35
/home/pi/reginaldojunior/experimentos/results/socket/800/800/GMSC-LBagExecutorMAXChunk-25-4-50-1274
07/02/22 11:45:40
07/02/22 11:45:40
/home/pi/reginaldojunior/experimentos/results/socket/800/800/GMSC-StreamingRandomPatchesExecutorMAXChunk-25-4-50-65
07/02/22 11:47:45
07/02/22 11:47:45
/home/pi/reginaldojunior/experimentos/results/socket/800/800/GMSC-StreamingRandomPatchesExecutorMAXChunk-25-4-50-326
07/02/22 11:49:50
07/02/22 11:49:50
/home/pi/reginaldojunior/experimentos/results/socket/800/800/GMSC-StreamingRandomPatchesExecutorMAXChunk-25-4-50-588
07/02/22 11:51:55
07/02/22 11:51:55
/home/pi/reginaldojunior/experimentos/results/socket/800/800/GMSC-OzaBagAdwinExecutorMAXChunk-25-4-50-373
07/02/22 11:54:02
07/02/22 11:54:02
/home/pi/reginaldojunior/experimentos/results/socket/800/800/GMSC-OzaBagAdwinExecutorMAXChunk-25-4-50-1865
07/02/22 11:55:28
07/02/22 11:55:28
/home/pi/reginaldojunior/experimentos/results/socket/800/800/GMSC-OzaBagAdwinExecutorMAXChunk-25-4-50-3357
07/02/22 11:56:21
07/02/22 11:56:21
/home/pi/reginaldojunior/experimentos/results/socket/800/800/GMSC-OzaBagASHTExecutorMAXChunk-25-4-50-407
07/02/22 11:58:28
07/02/22 11:58:28
/home/pi/reginaldojunior/experimentos/results/socket/800/800/GMSC-OzaBagASHTExecutorMAXChunk-25-4-50-2039
07/02/22 11:59:48
07/02/22 11:59:48
/home/pi/reginaldojunior/experimentos/results/socket/800/800/GMSC-OzaBagASHTExecutorMAXChunk-25-4-50-3671
07/02/22 12:00:37
07/02/22 12:00:37
/home/pi/reginaldojunior/experimentos/results/socket/800/800/GMSC-OzaBagExecutorMAXChunk-25-4-50-382
07/02/22 12:02:44
07/02/22 12:02:44
/home/pi/reginaldojunior/experimentos/results/socket/800/800/GMSC-OzaBagExecutorMAXChunk-25-4-50-1910
07/02/22 12:04:08
07/02/22 12:04:08
/home/pi/reginaldojunior/experimentos/results/socket/800/800/GMSC-OzaBagExecutorMAXChunk-25-4-50-3438
07/02/22 12:04:59
07/02/22 12:04:59
/home/pi/reginaldojunior/experimentos/results/socket/800/800/elecNormNew-AdaptiveRandomForestExecutorMAXChunk-25-4-500-80
07/02/22 12:07:04
07/02/22 12:07:04
/home/pi/reginaldojunior/experimentos/results/socket/800/800/elecNormNew-AdaptiveRandomForestExecutorMAXChunk-25-4-500-403
07/02/22 12:09:02
07/02/22 12:09:02
/home/pi/reginaldojunior/experimentos/results/socket/800/800/elecNormNew-AdaptiveRandomForestExecutorMAXChunk-25-4-500-726
07/02/22 12:10:12
07/02/22 12:10:12
/home/pi/reginaldojunior/experimentos/results/socket/800/800/elecNormNew-LBagExecutorMAXChunk-25-4-500-113
07/02/22 12:12:19
07/02/22 12:12:19
/home/pi/reginaldojunior/experimentos/results/socket/800/800/elecNormNew-LBagExecutorMAXChunk-25-4-500-565
07/02/22 12:13:45
07/02/22 12:13:45
/home/pi/reginaldojunior/experimentos/results/socket/800/800/elecNormNew-LBagExecutorMAXChunk-25-4-500-1017
07/02/22 12:14:37
07/02/22 12:14:37
/home/pi/reginaldojunior/experimentos/results/socket/800/800/elecNormNew-StreamingRandomPatchesExecutorMAXChunk-25-4-500-38
07/02/22 12:16:43
07/02/22 12:16:43
/home/pi/reginaldojunior/experimentos/results/socket/800/800/elecNormNew-StreamingRandomPatchesExecutorMAXChunk-25-4-500-192
07/02/22 12:18:49
07/02/22 12:18:49
/home/pi/reginaldojunior/experimentos/results/socket/800/800/elecNormNew-StreamingRandomPatchesExecutorMAXChunk-25-4-500-345
07/02/22 12:20:55
07/02/22 12:20:55
/home/pi/reginaldojunior/experimentos/results/socket/800/800/elecNormNew-OzaBagAdwinExecutorMAXChunk-25-4-500-215
07/02/22 12:23:01
07/02/22 12:23:01
/home/pi/reginaldojunior/experimentos/results/socket/800/800/elecNormNew-OzaBagAdwinExecutorMAXChunk-25-4-500-1078
07/02/22 12:23:50
07/02/22 12:23:50
/home/pi/reginaldojunior/experimentos/results/socket/800/800/elecNormNew-OzaBagAdwinExecutorMAXChunk-25-4-500-1941
07/02/22 12:24:19
07/02/22 12:24:19
/home/pi/reginaldojunior/experimentos/results/socket/800/800/elecNormNew-OzaBagASHTExecutorMAXChunk-25-4-500-301
07/02/22 12:26:26
07/02/22 12:26:26
/home/pi/reginaldojunior/experimentos/results/socket/800/800/elecNormNew-OzaBagASHTExecutorMAXChunk-25-4-500-1507
07/02/22 12:27:02
07/02/22 12:27:02
/home/pi/reginaldojunior/experimentos/results/socket/800/800/elecNormNew-OzaBagASHTExecutorMAXChunk-25-4-500-2714
07/02/22 12:27:26
07/02/22 12:27:26
/home/pi/reginaldojunior/experimentos/results/socket/800/800/elecNormNew-OzaBagExecutorMAXChunk-25-4-500-303
07/02/22 12:29:33
07/02/22 12:29:33
/home/pi/reginaldojunior/experimentos/results/socket/800/800/elecNormNew-OzaBagExecutorMAXChunk-25-4-500-1518
07/02/22 12:30:09
07/02/22 12:30:09
/home/pi/reginaldojunior/experimentos/results/socket/800/800/elecNormNew-OzaBagExecutorMAXChunk-25-4-500-2732
07/02/22 12:30:34
07/02/22 12:30:34
/home/pi/reginaldojunior/experimentos/results/socket/800/800/covtypeNorm-AdaptiveRandomForestExecutorMAXChunk-25-4-500-57
07/02/22 12:32:39
07/02/22 12:32:39
/home/pi/reginaldojunior/experimentos/results/socket/800/800/covtypeNorm-AdaptiveRandomForestExecutorMAXChunk-25-4-500-286
07/02/22 12:34:45
07/02/22 12:34:45
/home/pi/reginaldojunior/experimentos/results/socket/800/800/covtypeNorm-AdaptiveRandomForestExecutorMAXChunk-25-4-500-516
07/02/22 12:36:51
07/02/22 12:36:51
/home/pi/reginaldojunior/experimentos/results/socket/800/800/covtypeNorm-LBagExecutorMAXChunk-25-4-500-48
07/02/22 12:38:59
07/02/22 12:38:59
/home/pi/reginaldojunior/experimentos/results/socket/800/800/covtypeNorm-LBagExecutorMAXChunk-25-4-500-242
07/02/22 12:41:05
07/02/22 12:41:06
/home/pi/reginaldojunior/experimentos/results/socket/800/800/covtypeNorm-LBagExecutorMAXChunk-25-4-500-436
07/02/22 12:43:12
07/02/22 12:43:13
/home/pi/reginaldojunior/experimentos/results/socket/800/800/covtypeNorm-StreamingRandomPatchesExecutorMAXChunk-25-4-500-14
07/02/22 12:45:18
07/02/22 12:45:18
/home/pi/reginaldojunior/experimentos/results/socket/800/800/covtypeNorm-StreamingRandomPatchesExecutorMAXChunk-25-4-500-72
07/02/22 12:47:26
07/02/22 12:47:26
/home/pi/reginaldojunior/experimentos/results/socket/800/800/covtypeNorm-StreamingRandomPatchesExecutorMAXChunk-25-4-500-129
07/02/22 12:49:34
07/02/22 12:49:34
/home/pi/reginaldojunior/experimentos/results/socket/800/800/covtypeNorm-OzaBagAdwinExecutorMAXChunk-25-4-500-74
07/02/22 12:51:41
07/02/22 12:51:41
/home/pi/reginaldojunior/experimentos/results/socket/800/800/covtypeNorm-OzaBagAdwinExecutorMAXChunk-25-4-500-372
07/02/22 12:53:48
07/02/22 12:53:48
/home/pi/reginaldojunior/experimentos/results/socket/800/800/covtypeNorm-OzaBagAdwinExecutorMAXChunk-25-4-500-670
07/02/22 12:55:55
07/02/22 12:55:55
/home/pi/reginaldojunior/experimentos/results/socket/800/800/covtypeNorm-OzaBagASHTExecutorMAXChunk-25-4-500-73
07/02/22 12:58:02
07/02/22 12:58:02
/home/pi/reginaldojunior/experimentos/results/socket/800/800/covtypeNorm-OzaBagASHTExecutorMAXChunk-25-4-500-365
07/02/22 13:00:09
07/02/22 13:00:09
/home/pi/reginaldojunior/experimentos/results/socket/800/800/covtypeNorm-OzaBagASHTExecutorMAXChunk-25-4-500-658
07/02/22 13:02:16
07/02/22 13:02:16
/home/pi/reginaldojunior/experimentos/results/socket/800/800/covtypeNorm-OzaBagExecutorMAXChunk-25-4-500-76
07/02/22 13:04:24
07/02/22 13:04:24
/home/pi/reginaldojunior/experimentos/results/socket/800/800/covtypeNorm-OzaBagExecutorMAXChunk-25-4-500-380
07/02/22 13:06:30
07/02/22 13:06:30
/home/pi/reginaldojunior/experimentos/results/socket/800/800/covtypeNorm-OzaBagExecutorMAXChunk-25-4-500-684
07/02/22 13:08:37
07/02/22 13:08:37
/home/pi/reginaldojunior/experimentos/results/socket/800/800/airlines-AdaptiveRandomForestExecutorMAXChunk-25-4-500-18
07/02/22 13:10:45
07/02/22 13:10:45
/home/pi/reginaldojunior/experimentos/results/socket/800/800/airlines-AdaptiveRandomForestExecutorMAXChunk-25-4-500-90
07/02/22 13:12:53
07/02/22 13:12:53
/home/pi/reginaldojunior/experimentos/results/socket/800/800/airlines-AdaptiveRandomForestExecutorMAXChunk-25-4-500-163
07/02/22 13:15:02
07/02/22 13:15:02
/home/pi/reginaldojunior/experimentos/results/socket/800/800/airlines-LBagExecutorMAXChunk-25-4-500-14
07/02/22 13:17:09
07/02/22 13:17:09
/home/pi/reginaldojunior/experimentos/results/socket/800/800/airlines-LBagExecutorMAXChunk-25-4-500-74
07/02/22 13:19:21
07/02/22 13:19:21
/home/pi/reginaldojunior/experimentos/results/socket/800/800/airlines-LBagExecutorMAXChunk-25-4-500-133
07/02/22 13:21:53
07/02/22 13:21:53
/home/pi/reginaldojunior/experimentos/results/socket/800/800/airlines-StreamingRandomPatchesExecutorMAXChunk-25-4-500-19
07/02/22 13:24:00
07/02/22 13:24:00
/home/pi/reginaldojunior/experimentos/results/socket/800/800/airlines-StreamingRandomPatchesExecutorMAXChunk-25-4-500-95
07/02/22 13:26:14
07/02/22 13:26:14
/home/pi/reginaldojunior/experimentos/results/socket/800/800/airlines-StreamingRandomPatchesExecutorMAXChunk-25-4-500-172
07/02/22 13:28:20
07/02/22 13:28:20
/home/pi/reginaldojunior/experimentos/results/socket/800/800/airlines-OzaBagAdwinExecutorMAXChunk-25-4-500-46
07/02/22 13:30:27
07/02/22 13:30:27
/home/pi/reginaldojunior/experimentos/results/socket/800/800/airlines-OzaBagAdwinExecutorMAXChunk-25-4-500-230
07/02/22 13:32:35
07/02/22 13:32:35
/home/pi/reginaldojunior/experimentos/results/socket/800/800/airlines-OzaBagAdwinExecutorMAXChunk-25-4-500-415
07/02/22 13:34:47
07/02/22 13:34:47
/home/pi/reginaldojunior/experimentos/results/socket/800/800/airlines-OzaBagASHTExecutorMAXChunk-25-4-500-63
07/02/22 13:36:54
07/02/22 13:36:54
/home/pi/reginaldojunior/experimentos/results/socket/800/800/airlines-OzaBagASHTExecutorMAXChunk-25-4-500-316
07/02/22 13:39:04
07/02/22 13:39:04
/home/pi/reginaldojunior/experimentos/results/socket/800/800/airlines-OzaBagASHTExecutorMAXChunk-25-4-500-569
07/02/22 13:41:15
07/02/22 13:41:15
/home/pi/reginaldojunior/experimentos/results/socket/800/800/airlines-OzaBagExecutorMAXChunk-25-4-500-104
07/02/22 13:43:23
07/02/22 13:43:23
/home/pi/reginaldojunior/experimentos/results/socket/800/800/airlines-OzaBagExecutorMAXChunk-25-4-500-520
07/02/22 13:45:44
07/02/22 13:45:44
/home/pi/reginaldojunior/experimentos/results/socket/800/800/airlines-OzaBagExecutorMAXChunk-25-4-500-936
07/02/22 13:47:52
07/02/22 13:47:52
/home/pi/reginaldojunior/experimentos/results/socket/800/800/GMSC-AdaptiveRandomForestExecutorMAXChunk-25-4-500-118
07/02/22 13:49:58
07/02/22 13:49:58
/home/pi/reginaldojunior/experimentos/results/socket/800/800/GMSC-AdaptiveRandomForestExecutorMAXChunk-25-4-500-592
07/02/22 13:52:03
07/02/22 13:52:03
/home/pi/reginaldojunior/experimentos/results/socket/800/800/GMSC-AdaptiveRandomForestExecutorMAXChunk-25-4-500-1067
07/02/22 13:54:09
07/02/22 13:54:09
/home/pi/reginaldojunior/experimentos/results/socket/800/800/GMSC-LBagExecutorMAXChunk-25-4-500-157
07/02/22 13:56:15
07/02/22 13:56:15
/home/pi/reginaldojunior/experimentos/results/socket/800/800/GMSC-LBagExecutorMAXChunk-25-4-500-787
07/02/22 13:58:22
07/02/22 13:58:22
/home/pi/reginaldojunior/experimentos/results/socket/800/800/GMSC-LBagExecutorMAXChunk-25-4-500-1416
07/02/22 14:00:16
07/02/22 14:00:16
/home/pi/reginaldojunior/experimentos/results/socket/800/800/GMSC-StreamingRandomPatchesExecutorMAXChunk-25-4-500-66
07/02/22 14:02:22
07/02/22 14:02:22
/home/pi/reginaldojunior/experimentos/results/socket/800/800/GMSC-StreamingRandomPatchesExecutorMAXChunk-25-4-500-333
07/02/22 14:04:27
07/02/22 14:04:27
/home/pi/reginaldojunior/experimentos/results/socket/800/800/GMSC-StreamingRandomPatchesExecutorMAXChunk-25-4-500-600
07/02/22 14:06:33
07/02/22 14:06:33
/home/pi/reginaldojunior/experimentos/results/socket/800/800/GMSC-OzaBagAdwinExecutorMAXChunk-25-4-500-406
07/02/22 14:08:40
07/02/22 14:08:40
/home/pi/reginaldojunior/experimentos/results/socket/800/800/GMSC-OzaBagAdwinExecutorMAXChunk-25-4-500-2033
07/02/22 14:10:00
07/02/22 14:10:00
/home/pi/reginaldojunior/experimentos/results/socket/800/800/GMSC-OzaBagAdwinExecutorMAXChunk-25-4-500-3661
07/02/22 14:12:07
07/02/22 14:12:07
/home/pi/reginaldojunior/experimentos/results/socket/800/800/GMSC-OzaBagASHTExecutorMAXChunk-25-4-500-482
07/02/22 14:14:14
07/02/22 14:14:14
/home/pi/reginaldojunior/experimentos/results/socket/800/800/GMSC-OzaBagASHTExecutorMAXChunk-25-4-500-2411
07/02/22 14:15:22
07/02/22 14:15:22
/home/pi/reginaldojunior/experimentos/results/socket/800/800/GMSC-OzaBagASHTExecutorMAXChunk-25-4-500-4341
07/02/22 14:16:04
07/02/22 14:16:04
/home/pi/reginaldojunior/experimentos/results/socket/800/800/GMSC-OzaBagExecutorMAXChunk-25-4-500-443
07/02/22 14:18:10
07/02/22 14:18:10
/home/pi/reginaldojunior/experimentos/results/socket/800/800/GMSC-OzaBagExecutorMAXChunk-25-4-500-2217
07/02/22 14:19:25
07/02/22 14:19:25
/home/pi/reginaldojunior/experimentos/results/socket/800/800/GMSC-OzaBagExecutorMAXChunk-25-4-500-3990
07/02/22 14:20:10
07/02/22 14:20:10
/home/pi/reginaldojunior/experimentos/results/socket/800/800/elecNormNew-AdaptiveRandomForestExecutorMAXChunk-25-4-2000-78
07/02/22 14:22:16
07/02/22 14:22:16
/home/pi/reginaldojunior/experimentos/results/socket/800/800/elecNormNew-AdaptiveRandomForestExecutorMAXChunk-25-4-2000-392
07/02/22 14:24:18
07/02/22 14:24:18
/home/pi/reginaldojunior/experimentos/results/socket/800/800/elecNormNew-AdaptiveRandomForestExecutorMAXChunk-25-4-2000-706
07/02/22 14:25:34
07/02/22 14:25:34
/home/pi/reginaldojunior/experimentos/results/socket/800/800/elecNormNew-LBagExecutorMAXChunk-25-4-2000-109
07/02/22 14:27:41
07/02/22 14:27:41
/home/pi/reginaldojunior/experimentos/results/socket/800/800/elecNormNew-LBagExecutorMAXChunk-25-4-2000-546
07/02/22 14:29:11
07/02/22 14:29:11
/home/pi/reginaldojunior/experimentos/results/socket/800/800/elecNormNew-LBagExecutorMAXChunk-25-4-2000-983
07/02/22 14:30:04
07/02/22 14:30:04
/home/pi/reginaldojunior/experimentos/results/socket/800/800/elecNormNew-StreamingRandomPatchesExecutorMAXChunk-25-4-2000-39
07/02/22 14:32:10
07/02/22 14:32:10
/home/pi/reginaldojunior/experimentos/results/socket/800/800/elecNormNew-StreamingRandomPatchesExecutorMAXChunk-25-4-2000-195
07/02/22 14:34:18
07/02/22 14:34:18
/home/pi/reginaldojunior/experimentos/results/socket/800/800/elecNormNew-StreamingRandomPatchesExecutorMAXChunk-25-4-2000-351
07/02/22 14:36:24
07/02/22 14:36:24
/home/pi/reginaldojunior/experimentos/results/socket/800/800/elecNormNew-OzaBagAdwinExecutorMAXChunk-25-4-2000-230
07/02/22 14:38:31
07/02/22 14:38:31
/home/pi/reginaldojunior/experimentos/results/socket/800/800/elecNormNew-OzaBagAdwinExecutorMAXChunk-25-4-2000-1152
07/02/22 14:39:17
07/02/22 14:39:17
/home/pi/reginaldojunior/experimentos/results/socket/800/800/elecNormNew-OzaBagAdwinExecutorMAXChunk-25-4-2000-2075
07/02/22 14:39:45
07/02/22 14:39:45
/home/pi/reginaldojunior/experimentos/results/socket/800/800/elecNormNew-OzaBagASHTExecutorMAXChunk-25-4-2000-239
07/02/22 14:41:52
07/02/22 14:41:52
/home/pi/reginaldojunior/experimentos/results/socket/800/800/elecNormNew-OzaBagASHTExecutorMAXChunk-25-4-2000-1196
07/02/22 14:42:37
07/02/22 14:42:37
/home/pi/reginaldojunior/experimentos/results/socket/800/800/elecNormNew-OzaBagASHTExecutorMAXChunk-25-4-2000-2154
07/02/22 14:43:04
07/02/22 14:43:04
/home/pi/reginaldojunior/experimentos/results/socket/800/800/elecNormNew-OzaBagExecutorMAXChunk-25-4-2000-260
07/02/22 14:45:11
07/02/22 14:45:11
/home/pi/reginaldojunior/experimentos/results/socket/800/800/elecNormNew-OzaBagExecutorMAXChunk-25-4-2000-1301
07/02/22 14:45:52
07/02/22 14:45:52
/home/pi/reginaldojunior/experimentos/results/socket/800/800/elecNormNew-OzaBagExecutorMAXChunk-25-4-2000-2341
07/02/22 14:46:18
07/02/22 14:46:18
/home/pi/reginaldojunior/experimentos/results/socket/800/800/covtypeNorm-AdaptiveRandomForestExecutorMAXChunk-25-4-2000-52
07/02/22 14:48:26
07/02/22 14:48:26
/home/pi/reginaldojunior/experimentos/results/socket/800/800/covtypeNorm-AdaptiveRandomForestExecutorMAXChunk-25-4-2000-264
07/02/22 14:50:32
07/02/22 14:50:32
/home/pi/reginaldojunior/experimentos/results/socket/800/800/covtypeNorm-AdaptiveRandomForestExecutorMAXChunk-25-4-2000-475
07/02/22 14:52:38
07/02/22 14:52:38
/home/pi/reginaldojunior/experimentos/results/socket/800/800/covtypeNorm-LBagExecutorMAXChunk-25-4-2000-47
07/02/22 14:54:48
07/02/22 14:54:48
/home/pi/reginaldojunior/experimentos/results/socket/800/800/covtypeNorm-LBagExecutorMAXChunk-25-4-2000-235
07/02/22 14:56:57
07/02/22 14:56:57
/home/pi/reginaldojunior/experimentos/results/socket/800/800/covtypeNorm-LBagExecutorMAXChunk-25-4-2000-423
07/02/22 14:59:04
07/02/22 14:59:04
/home/pi/reginaldojunior/experimentos/results/socket/800/800/covtypeNorm-StreamingRandomPatchesExecutorMAXChunk-25-4-2000-12
07/02/22 15:01:24
07/02/22 15:01:24
/home/pi/reginaldojunior/experimentos/results/socket/800/800/covtypeNorm-StreamingRandomPatchesExecutorMAXChunk-25-4-2000-62
07/02/22 15:03:38
07/02/22 15:03:38
/home/pi/reginaldojunior/experimentos/results/socket/800/800/covtypeNorm-StreamingRandomPatchesExecutorMAXChunk-25-4-2000-112
07/02/22 15:05:46
07/02/22 15:05:46
/home/pi/reginaldojunior/experimentos/results/socket/800/800/covtypeNorm-OzaBagAdwinExecutorMAXChunk-25-4-2000-59
07/02/22 15:07:53
07/02/22 15:07:54
/home/pi/reginaldojunior/experimentos/results/socket/800/800/covtypeNorm-OzaBagAdwinExecutorMAXChunk-25-4-2000-297
07/02/22 15:10:02
07/02/22 15:10:02
/home/pi/reginaldojunior/experimentos/results/socket/800/800/covtypeNorm-OzaBagAdwinExecutorMAXChunk-25-4-2000-535
07/02/22 15:12:10
07/02/22 15:12:10
/home/pi/reginaldojunior/experimentos/results/socket/800/800/covtypeNorm-OzaBagASHTExecutorMAXChunk-25-4-2000-72
07/02/22 15:14:16
07/02/22 15:14:16
/home/pi/reginaldojunior/experimentos/results/socket/800/800/covtypeNorm-OzaBagASHTExecutorMAXChunk-25-4-2000-360
07/02/22 15:16:22
07/02/22 15:16:22
/home/pi/reginaldojunior/experimentos/results/socket/800/800/covtypeNorm-OzaBagASHTExecutorMAXChunk-25-4-2000-648
07/02/22 15:18:30
07/02/22 15:18:30
/home/pi/reginaldojunior/experimentos/results/socket/800/800/covtypeNorm-OzaBagExecutorMAXChunk-25-4-2000-73
07/02/22 15:20:37
07/02/22 15:20:37
/home/pi/reginaldojunior/experimentos/results/socket/800/800/covtypeNorm-OzaBagExecutorMAXChunk-25-4-2000-369
07/02/22 15:22:45
07/02/22 15:22:45
/home/pi/reginaldojunior/experimentos/results/socket/800/800/covtypeNorm-OzaBagExecutorMAXChunk-25-4-2000-665
07/02/22 15:24:51
07/02/22 15:24:51
/home/pi/reginaldojunior/experimentos/results/socket/800/800/airlines-AdaptiveRandomForestExecutorMAXChunk-25-4-2000-17
07/02/22 15:27:25
07/02/22 15:27:25
/home/pi/reginaldojunior/experimentos/results/socket/800/800/airlines-AdaptiveRandomForestExecutorMAXChunk-25-4-2000-87
07/02/22 15:29:43
07/02/22 15:29:43
/home/pi/reginaldojunior/experimentos/results/socket/800/800/airlines-AdaptiveRandomForestExecutorMAXChunk-25-4-2000-157
07/02/22 15:31:57
07/02/22 15:31:57
/home/pi/reginaldojunior/experimentos/results/socket/800/800/airlines-LBagExecutorMAXChunk-25-4-2000-17
07/02/22 15:34:25
07/02/22 15:34:25
/home/pi/reginaldojunior/experimentos/results/socket/800/800/airlines-LBagExecutorMAXChunk-25-4-2000-87
07/02/22 15:41:57
07/02/22 15:41:57
/home/pi/reginaldojunior/experimentos/results/socket/800/800/airlines-LBagExecutorMAXChunk-25-4-2000-158
07/02/22 15:45:01
07/02/22 15:45:01
/home/pi/reginaldojunior/experimentos/results/socket/800/800/airlines-StreamingRandomPatchesExecutorMAXChunk-25-4-2000-17
07/02/22 15:47:33
07/02/22 15:47:33
/home/pi/reginaldojunior/experimentos/results/socket/800/800/airlines-StreamingRandomPatchesExecutorMAXChunk-25-4-2000-89
07/02/22 15:50:00
07/02/22 15:50:00
/home/pi/reginaldojunior/experimentos/results/socket/800/800/airlines-StreamingRandomPatchesExecutorMAXChunk-25-4-2000-161
07/02/22 15:52:19
07/02/22 15:52:19
/home/pi/reginaldojunior/experimentos/results/socket/800/800/airlines-OzaBagAdwinExecutorMAXChunk-25-4-2000-44
07/02/22 15:54:27
07/02/22 15:54:27
/home/pi/reginaldojunior/experimentos/results/socket/800/800/airlines-OzaBagAdwinExecutorMAXChunk-25-4-2000-222
07/02/22 15:56:44
07/02/22 15:56:44
/home/pi/reginaldojunior/experimentos/results/socket/800/800/airlines-OzaBagAdwinExecutorMAXChunk-25-4-2000-400
07/02/22 15:58:51
07/02/22 15:58:51
/home/pi/reginaldojunior/experimentos/results/socket/800/800/airlines-OzaBagASHTExecutorMAXChunk-25-4-2000-84
07/02/22 16:01:02
07/02/22 16:01:02
/home/pi/reginaldojunior/experimentos/results/socket/800/800/airlines-OzaBagASHTExecutorMAXChunk-25-4-2000-423
07/02/22 16:03:14
07/02/22 16:03:14
/home/pi/reginaldojunior/experimentos/results/socket/800/800/airlines-OzaBagASHTExecutorMAXChunk-25-4-2000-761
07/02/22 16:05:30
07/02/22 16:05:30
/home/pi/reginaldojunior/experimentos/results/socket/800/800/airlines-OzaBagExecutorMAXChunk-25-4-2000-108
07/02/22 16:07:42
07/02/22 16:07:42
/home/pi/reginaldojunior/experimentos/results/socket/800/800/airlines-OzaBagExecutorMAXChunk-25-4-2000-541
07/02/22 16:10:32
07/02/22 16:10:32
/home/pi/reginaldojunior/experimentos/results/socket/800/800/airlines-OzaBagExecutorMAXChunk-25-4-2000-974
07/02/22 16:12:44
07/02/22 16:12:44
/home/pi/reginaldojunior/experimentos/results/socket/800/800/GMSC-AdaptiveRandomForestExecutorMAXChunk-25-4-2000-124
07/02/22 16:14:50
07/02/22 16:14:50
/home/pi/reginaldojunior/experimentos/results/socket/800/800/GMSC-AdaptiveRandomForestExecutorMAXChunk-25-4-2000-623
07/02/22 16:16:56
07/02/22 16:16:56
/home/pi/reginaldojunior/experimentos/results/socket/800/800/GMSC-AdaptiveRandomForestExecutorMAXChunk-25-4-2000-1121
07/02/22 16:19:02
07/02/22 16:19:02
/home/pi/reginaldojunior/experimentos/results/socket/800/800/GMSC-LBagExecutorMAXChunk-25-4-2000-141
07/02/22 16:21:08
07/02/22 16:21:08
/home/pi/reginaldojunior/experimentos/results/socket/800/800/GMSC-LBagExecutorMAXChunk-25-4-2000-706
07/02/22 16:23:14
07/02/22 16:23:14
/home/pi/reginaldojunior/experimentos/results/socket/800/800/GMSC-LBagExecutorMAXChunk-25-4-2000-1271
07/02/22 16:25:20
07/02/22 16:25:20
/home/pi/reginaldojunior/experimentos/results/socket/800/800/GMSC-StreamingRandomPatchesExecutorMAXChunk-25-4-2000-62
07/02/22 16:27:27
07/02/22 16:27:27
/home/pi/reginaldojunior/experimentos/results/socket/800/800/GMSC-StreamingRandomPatchesExecutorMAXChunk-25-4-2000-314
07/02/22 16:29:34
07/02/22 16:29:34
/home/pi/reginaldojunior/experimentos/results/socket/800/800/GMSC-StreamingRandomPatchesExecutorMAXChunk-25-4-2000-566
07/02/22 16:31:40
07/02/22 16:31:40
/home/pi/reginaldojunior/experimentos/results/socket/800/800/GMSC-OzaBagAdwinExecutorMAXChunk-25-4-2000-384
07/02/22 16:33:46
07/02/22 16:33:46
/home/pi/reginaldojunior/experimentos/results/socket/800/800/GMSC-OzaBagAdwinExecutorMAXChunk-25-4-2000-1920
07/02/22 16:35:11
07/02/22 16:35:11
/home/pi/reginaldojunior/experimentos/results/socket/800/800/GMSC-OzaBagAdwinExecutorMAXChunk-25-4-2000-3456
07/02/22 16:36:01
07/02/22 16:36:01
/home/pi/reginaldojunior/experimentos/results/socket/800/800/GMSC-OzaBagASHTExecutorMAXChunk-25-4-2000-445
07/02/22 16:38:07
07/02/22 16:38:07
/home/pi/reginaldojunior/experimentos/results/socket/800/800/GMSC-OzaBagASHTExecutorMAXChunk-25-4-2000-2228
07/02/22 16:39:22
07/02/22 16:39:22
/home/pi/reginaldojunior/experimentos/results/socket/800/800/GMSC-OzaBagASHTExecutorMAXChunk-25-4-2000-4011
07/02/22 16:40:07
07/02/22 16:40:07
/home/pi/reginaldojunior/experimentos/results/socket/800/800/GMSC-OzaBagExecutorMAXChunk-25-4-2000-403
07/02/22 16:42:13
07/02/22 16:42:13
/home/pi/reginaldojunior/experimentos/results/socket/800/800/GMSC-OzaBagExecutorMAXChunk-25-4-2000-2015
07/02/22 16:43:34
07/02/22 16:43:34
/home/pi/reginaldojunior/experimentos/results/socket/800/800/GMSC-OzaBagExecutorMAXChunk-25-4-2000-3628
07/02/22 16:45:47
