26/10/23 09:09:36
/home/pi/reginaldojunior/experimentos/socket/mb-socket-dynamic/all-batches-1//elecNormNew-AdaptiveRandomForestExecutorMAXChunk-25-4-25-316
26/10/23 09:18:42
26/10/23 09:18:42
/home/pi/reginaldojunior/experimentos/socket/mb-socket-dynamic/all-batches-1//elecNormNew-LBagExecutorMAXChunk-25-4-25-524
26/10/23 09:23:54
26/10/23 09:23:54
/home/pi/reginaldojunior/experimentos/socket/mb-socket-dynamic/all-batches-1//elecNormNew-StreamingRandomPatchesExecutorMAXChunk-25-4-25-169
26/10/23 09:34:00
26/10/23 09:34:00
/home/pi/reginaldojunior/experimentos/socket/mb-socket-dynamic/all-batches-1//elecNormNew-OzaBagAdwinExecutorMAXChunk-25-4-25-1208
26/10/23 09:35:54
26/10/23 09:35:54
/home/pi/reginaldojunior/experimentos/socket/mb-socket-dynamic/all-batches-1//elecNormNew-OzaBagASHTExecutorMAXChunk-25-4-25-1496
26/10/23 09:37:02
26/10/23 09:37:02
/home/pi/reginaldojunior/experimentos/socket/mb-socket-dynamic/all-batches-1//elecNormNew-OzaBagExecutorMAXChunk-25-4-25-1664
26/10/23 09:38:38
26/10/23 09:38:38
/home/pi/reginaldojunior/experimentos/socket/mb-socket-dynamic/all-batches-1//covtypeNorm-AdaptiveRandomForestExecutorMAXChunk-25-4-25-207
26/10/23 09:48:43
26/10/23 09:48:43
/home/pi/reginaldojunior/experimentos/socket/mb-socket-dynamic/all-batches-1//covtypeNorm-LBagExecutorMAXChunk-25-4-25-150
26/10/23 09:58:50
26/10/23 09:58:50
/home/pi/reginaldojunior/experimentos/socket/mb-socket-dynamic/all-batches-1//covtypeNorm-StreamingRandomPatchesExecutorMAXChunk-25-4-25-68
26/10/23 10:08:56
26/10/23 10:08:56
/home/pi/reginaldojunior/experimentos/socket/mb-socket-dynamic/all-batches-1//covtypeNorm-OzaBagAdwinExecutorMAXChunk-25-4-25-283
26/10/23 10:19:02
26/10/23 10:19:02
/home/pi/reginaldojunior/experimentos/socket/mb-socket-dynamic/all-batches-1//covtypeNorm-OzaBagASHTExecutorMAXChunk-25-4-25-251
26/10/23 10:29:08
26/10/23 10:29:08
/home/pi/reginaldojunior/experimentos/socket/mb-socket-dynamic/all-batches-1//covtypeNorm-OzaBagExecutorMAXChunk-25-4-25-288
26/10/23 10:39:15
26/10/23 10:39:15
/home/pi/reginaldojunior/experimentos/socket/mb-socket-dynamic/all-batches-1//airlines-AdaptiveRandomForestExecutorMAXChunk-25-4-25-66
26/10/23 10:49:20
26/10/23 10:49:20
/home/pi/reginaldojunior/experimentos/socket/mb-socket-dynamic/all-batches-1//airlines-LBagExecutorMAXChunk-25-4-25-46
26/10/23 10:59:27
26/10/23 10:59:27
/home/pi/reginaldojunior/experimentos/socket/mb-socket-dynamic/all-batches-1//airlines-StreamingRandomPatchesExecutorMAXChunk-25-4-25-69
26/10/23 11:09:32
26/10/23 11:09:32
/home/pi/reginaldojunior/experimentos/socket/mb-socket-dynamic/all-batches-1//airlines-OzaBagAdwinExecutorMAXChunk-25-4-25-170
26/10/23 11:19:39
26/10/23 11:19:39
/home/pi/reginaldojunior/experimentos/socket/mb-socket-dynamic/all-batches-1//airlines-OzaBagASHTExecutorMAXChunk-25-4-25-177
26/10/23 11:29:46
26/10/23 11:29:46
/home/pi/reginaldojunior/experimentos/socket/mb-socket-dynamic/all-batches-1//airlines-OzaBagExecutorMAXChunk-25-4-25-170
26/10/23 11:39:54
26/10/23 11:39:54
/home/pi/reginaldojunior/experimentos/socket/mb-socket-dynamic/all-batches-1//GMSC-AdaptiveRandomForestExecutorMAXChunk-25-4-25-540
26/10/23 11:50:00
26/10/23 11:50:00
/home/pi/reginaldojunior/experimentos/socket/mb-socket-dynamic/all-batches-1//GMSC-LBagExecutorMAXChunk-25-4-25-716
26/10/23 12:00:07
26/10/23 12:00:07
/home/pi/reginaldojunior/experimentos/socket/mb-socket-dynamic/all-batches-1//GMSC-StreamingRandomPatchesExecutorMAXChunk-25-4-25-295
26/10/23 12:10:13
26/10/23 12:10:13
/home/pi/reginaldojunior/experimentos/socket/mb-socket-dynamic/all-batches-1//GMSC-OzaBagAdwinExecutorMAXChunk-25-4-25-1709
26/10/23 12:15:37
26/10/23 12:15:37
/home/pi/reginaldojunior/experimentos/socket/mb-socket-dynamic/all-batches-1//GMSC-OzaBagASHTExecutorMAXChunk-25-4-25-2263
26/10/23 12:18:14
26/10/23 12:18:14
/home/pi/reginaldojunior/experimentos/socket/mb-socket-dynamic/all-batches-1//GMSC-OzaBagExecutorMAXChunk-25-4-25-2260
26/10/23 12:22:08
26/10/23 12:22:09
/home/pi/reginaldojunior/experimentos/socket/mb-socket-dynamic/all-batches-1//elecNormNew-AdaptiveRandomForestExecutorMAXChunk-25-4-50-316
26/10/23 12:31:39
26/10/23 12:31:39
/home/pi/reginaldojunior/experimentos/socket/mb-socket-dynamic/all-batches-1//elecNormNew-LBagExecutorMAXChunk-25-4-50-524
26/10/23 12:37:59
26/10/23 12:37:59
/home/pi/reginaldojunior/experimentos/socket/mb-socket-dynamic/all-batches-1//elecNormNew-StreamingRandomPatchesExecutorMAXChunk-25-4-50-169
26/10/23 12:48:05
26/10/23 12:48:05
/home/pi/reginaldojunior/experimentos/socket/mb-socket-dynamic/all-batches-1//elecNormNew-OzaBagAdwinExecutorMAXChunk-25-4-50-1208
26/10/23 12:49:35
26/10/23 12:49:35
/home/pi/reginaldojunior/experimentos/socket/mb-socket-dynamic/all-batches-1//elecNormNew-OzaBagASHTExecutorMAXChunk-25-4-50-1496
26/10/23 12:50:53
26/10/23 12:50:53
/home/pi/reginaldojunior/experimentos/socket/mb-socket-dynamic/all-batches-1//elecNormNew-OzaBagExecutorMAXChunk-25-4-50-1664
26/10/23 12:53:44
26/10/23 12:53:44
/home/pi/reginaldojunior/experimentos/socket/mb-socket-dynamic/all-batches-1//covtypeNorm-AdaptiveRandomForestExecutorMAXChunk-25-4-50-207
26/10/23 13:03:49
26/10/23 13:03:49
/home/pi/reginaldojunior/experimentos/socket/mb-socket-dynamic/all-batches-1//covtypeNorm-LBagExecutorMAXChunk-25-4-50-150
26/10/23 13:13:56
26/10/23 13:13:56
/home/pi/reginaldojunior/experimentos/socket/mb-socket-dynamic/all-batches-1//covtypeNorm-StreamingRandomPatchesExecutorMAXChunk-25-4-50-68
26/10/23 13:24:01
26/10/23 13:24:01
/home/pi/reginaldojunior/experimentos/socket/mb-socket-dynamic/all-batches-1//covtypeNorm-OzaBagAdwinExecutorMAXChunk-25-4-50-283
26/10/23 13:34:08
26/10/23 13:34:08
/home/pi/reginaldojunior/experimentos/socket/mb-socket-dynamic/all-batches-1//covtypeNorm-OzaBagASHTExecutorMAXChunk-25-4-50-251
26/10/23 13:44:14
26/10/23 13:44:14
/home/pi/reginaldojunior/experimentos/socket/mb-socket-dynamic/all-batches-1//covtypeNorm-OzaBagExecutorMAXChunk-25-4-50-288
26/10/23 13:54:21
26/10/23 13:54:21
/home/pi/reginaldojunior/experimentos/socket/mb-socket-dynamic/all-batches-1//airlines-AdaptiveRandomForestExecutorMAXChunk-25-4-50-66
26/10/23 14:04:26
26/10/23 14:04:26
/home/pi/reginaldojunior/experimentos/socket/mb-socket-dynamic/all-batches-1//airlines-LBagExecutorMAXChunk-25-4-50-46
26/10/23 14:14:33
26/10/23 14:14:33
/home/pi/reginaldojunior/experimentos/socket/mb-socket-dynamic/all-batches-1//airlines-StreamingRandomPatchesExecutorMAXChunk-25-4-50-69
26/10/23 14:24:38
26/10/23 14:24:38
/home/pi/reginaldojunior/experimentos/socket/mb-socket-dynamic/all-batches-1//airlines-OzaBagAdwinExecutorMAXChunk-25-4-50-170
26/10/23 14:34:46
26/10/23 14:34:46
/home/pi/reginaldojunior/experimentos/socket/mb-socket-dynamic/all-batches-1//airlines-OzaBagASHTExecutorMAXChunk-25-4-50-177
26/10/23 14:44:53
26/10/23 14:44:53
/home/pi/reginaldojunior/experimentos/socket/mb-socket-dynamic/all-batches-1//airlines-OzaBagExecutorMAXChunk-25-4-50-170
26/10/23 14:55:03
26/10/23 14:55:03
/home/pi/reginaldojunior/experimentos/socket/mb-socket-dynamic/all-batches-1//GMSC-AdaptiveRandomForestExecutorMAXChunk-25-4-50-540
26/10/23 15:05:09
26/10/23 15:05:09
/home/pi/reginaldojunior/experimentos/socket/mb-socket-dynamic/all-batches-1//GMSC-LBagExecutorMAXChunk-25-4-50-716
26/10/23 15:15:16
26/10/23 15:15:16
/home/pi/reginaldojunior/experimentos/socket/mb-socket-dynamic/all-batches-1//GMSC-StreamingRandomPatchesExecutorMAXChunk-25-4-50-295
26/10/23 15:25:21
26/10/23 15:25:21
/home/pi/reginaldojunior/experimentos/socket/mb-socket-dynamic/all-batches-1//GMSC-OzaBagAdwinExecutorMAXChunk-25-4-50-1709
26/10/23 15:32:00
26/10/23 15:32:00
/home/pi/reginaldojunior/experimentos/socket/mb-socket-dynamic/all-batches-1//GMSC-OzaBagASHTExecutorMAXChunk-25-4-50-2263
26/10/23 15:38:07
26/10/23 15:38:07
/home/pi/reginaldojunior/experimentos/socket/mb-socket-dynamic/all-batches-1//GMSC-OzaBagExecutorMAXChunk-25-4-50-2260
26/10/23 15:41:59
26/10/23 15:41:59
/home/pi/reginaldojunior/experimentos/socket/mb-socket-dynamic/all-batches-1//elecNormNew-AdaptiveRandomForestExecutorMAXChunk-25-4-500-316
26/10/23 15:50:30
26/10/23 15:50:30
/home/pi/reginaldojunior/experimentos/socket/mb-socket-dynamic/all-batches-1//elecNormNew-LBagExecutorMAXChunk-25-4-500-524
26/10/23 15:55:34
26/10/23 15:55:34
/home/pi/reginaldojunior/experimentos/socket/mb-socket-dynamic/all-batches-1//elecNormNew-StreamingRandomPatchesExecutorMAXChunk-25-4-500-169
26/10/23 16:05:40
26/10/23 16:05:40
/home/pi/reginaldojunior/experimentos/socket/mb-socket-dynamic/all-batches-1//elecNormNew-OzaBagAdwinExecutorMAXChunk-25-4-500-1208
26/10/23 16:07:48
26/10/23 16:07:48
/home/pi/reginaldojunior/experimentos/socket/mb-socket-dynamic/all-batches-1//elecNormNew-OzaBagASHTExecutorMAXChunk-25-4-500-1496
26/10/23 16:09:10
26/10/23 16:09:10
/home/pi/reginaldojunior/experimentos/socket/mb-socket-dynamic/all-batches-1//elecNormNew-OzaBagExecutorMAXChunk-25-4-500-1664
26/10/23 16:10:12
26/10/23 16:10:12
/home/pi/reginaldojunior/experimentos/socket/mb-socket-dynamic/all-batches-1//covtypeNorm-AdaptiveRandomForestExecutorMAXChunk-25-4-500-207
26/10/23 17:05:52
/home/pi/reginaldojunior/experimentos/socket/mb-socket-dynamic/all-batches-1//elecNormNew-StreamingRandomPatchesExecutorMAXChunk-25-4-500-169
26/10/23 17:15:58
26/10/23 17:15:58
/home/pi/reginaldojunior/experimentos/socket/mb-socket-dynamic/all-batches-1//elecNormNew-OzaBagAdwinExecutorMAXChunk-25-4-500-1208
26/10/23 17:18:02
26/10/23 17:18:02
/home/pi/reginaldojunior/experimentos/socket/mb-socket-dynamic/all-batches-1//elecNormNew-OzaBagASHTExecutorMAXChunk-25-4-500-1496
26/10/23 17:20:17
26/10/23 17:20:17
/home/pi/reginaldojunior/experimentos/socket/mb-socket-dynamic/all-batches-1//elecNormNew-OzaBagExecutorMAXChunk-25-4-500-1664
26/10/23 17:21:27
26/10/23 17:21:27
/home/pi/reginaldojunior/experimentos/socket/mb-socket-dynamic/all-batches-1//covtypeNorm-AdaptiveRandomForestExecutorMAXChunk-25-4-500-207
26/10/23 17:31:33
26/10/23 17:31:33
/home/pi/reginaldojunior/experimentos/socket/mb-socket-dynamic/all-batches-1//covtypeNorm-LBagExecutorMAXChunk-25-4-500-150
26/10/23 17:41:40
26/10/23 17:41:41
/home/pi/reginaldojunior/experimentos/socket/mb-socket-dynamic/all-batches-1//covtypeNorm-StreamingRandomPatchesExecutorMAXChunk-25-4-500-68
26/10/23 17:51:47
26/10/23 17:51:47
/home/pi/reginaldojunior/experimentos/socket/mb-socket-dynamic/all-batches-1//covtypeNorm-OzaBagAdwinExecutorMAXChunk-25-4-500-283
26/10/23 18:01:53
26/10/23 18:01:53
/home/pi/reginaldojunior/experimentos/socket/mb-socket-dynamic/all-batches-1//covtypeNorm-OzaBagASHTExecutorMAXChunk-25-4-500-251
26/10/23 18:12:01
26/10/23 18:12:01
/home/pi/reginaldojunior/experimentos/socket/mb-socket-dynamic/all-batches-1//covtypeNorm-OzaBagExecutorMAXChunk-25-4-500-288
26/10/23 18:22:07
26/10/23 18:22:07
/home/pi/reginaldojunior/experimentos/socket/mb-socket-dynamic/all-batches-1//airlines-AdaptiveRandomForestExecutorMAXChunk-25-4-500-66
26/10/23 18:32:14
26/10/23 18:32:14
/home/pi/reginaldojunior/experimentos/socket/mb-socket-dynamic/all-batches-1//airlines-LBagExecutorMAXChunk-25-4-500-46
26/10/23 18:42:24
26/10/23 18:42:24
/home/pi/reginaldojunior/experimentos/socket/mb-socket-dynamic/all-batches-1//airlines-StreamingRandomPatchesExecutorMAXChunk-25-4-500-69
26/10/23 18:52:35
26/10/23 18:52:35
/home/pi/reginaldojunior/experimentos/socket/mb-socket-dynamic/all-batches-1//airlines-OzaBagAdwinExecutorMAXChunk-25-4-500-170
26/10/23 19:02:42
26/10/23 19:02:42
/home/pi/reginaldojunior/experimentos/socket/mb-socket-dynamic/all-batches-1//airlines-OzaBagASHTExecutorMAXChunk-25-4-500-177
26/10/23 19:12:50
26/10/23 19:12:50
/home/pi/reginaldojunior/experimentos/socket/mb-socket-dynamic/all-batches-1//airlines-OzaBagExecutorMAXChunk-25-4-500-170
26/10/23 19:23:02
26/10/23 19:23:02
/home/pi/reginaldojunior/experimentos/socket/mb-socket-dynamic/all-batches-1//GMSC-AdaptiveRandomForestExecutorMAXChunk-25-4-500-540
26/10/23 19:33:08
26/10/23 19:33:08
/home/pi/reginaldojunior/experimentos/socket/mb-socket-dynamic/all-batches-1//GMSC-LBagExecutorMAXChunk-25-4-500-716
26/10/23 19:43:08
26/10/23 19:43:08
/home/pi/reginaldojunior/experimentos/socket/mb-socket-dynamic/all-batches-1//GMSC-StreamingRandomPatchesExecutorMAXChunk-25-4-500-295
26/10/23 19:53:14
26/10/23 19:53:14
/home/pi/reginaldojunior/experimentos/socket/mb-socket-dynamic/all-batches-1//GMSC-OzaBagAdwinExecutorMAXChunk-25-4-500-1709
26/10/23 20:03:19
26/10/23 20:03:19
/home/pi/reginaldojunior/experimentos/socket/mb-socket-dynamic/all-batches-1//GMSC-OzaBagASHTExecutorMAXChunk-25-4-500-2263
26/10/23 20:07:36
26/10/23 20:07:36
/home/pi/reginaldojunior/experimentos/socket/mb-socket-dynamic/all-batches-1//GMSC-OzaBagExecutorMAXChunk-25-4-500-2260
26/10/23 20:14:15
26/10/23 20:14:15
/home/pi/reginaldojunior/experimentos/socket/mb-socket-dynamic/all-batches-1//elecNormNew-AdaptiveRandomForestExecutorMAXChunk-25-4-2000-316
26/10/23 20:24:22
26/10/23 20:24:22
/home/pi/reginaldojunior/experimentos/socket/mb-socket-dynamic/all-batches-1//elecNormNew-LBagExecutorMAXChunk-25-4-2000-524
26/10/23 20:28:40
26/10/23 20:28:40
/home/pi/reginaldojunior/experimentos/socket/mb-socket-dynamic/all-batches-1//elecNormNew-StreamingRandomPatchesExecutorMAXChunk-25-4-2000-169
26/10/23 20:38:46
26/10/23 20:38:46
/home/pi/reginaldojunior/experimentos/socket/mb-socket-dynamic/all-batches-1//elecNormNew-OzaBagAdwinExecutorMAXChunk-25-4-2000-1208
26/10/23 20:41:21
26/10/23 20:41:21
/home/pi/reginaldojunior/experimentos/socket/mb-socket-dynamic/all-batches-1//elecNormNew-OzaBagASHTExecutorMAXChunk-25-4-2000-1496
26/10/23 20:43:31
26/10/23 20:43:31
/home/pi/reginaldojunior/experimentos/socket/mb-socket-dynamic/all-batches-1//elecNormNew-OzaBagExecutorMAXChunk-25-4-2000-1664
26/10/23 20:44:43
26/10/23 20:44:43
/home/pi/reginaldojunior/experimentos/socket/mb-socket-dynamic/all-batches-1//covtypeNorm-AdaptiveRandomForestExecutorMAXChunk-25-4-2000-207
26/10/23 20:54:49
26/10/23 20:54:49
/home/pi/reginaldojunior/experimentos/socket/mb-socket-dynamic/all-batches-1//covtypeNorm-LBagExecutorMAXChunk-25-4-2000-150
26/10/23 21:04:58
26/10/23 21:04:58
/home/pi/reginaldojunior/experimentos/socket/mb-socket-dynamic/all-batches-1//covtypeNorm-StreamingRandomPatchesExecutorMAXChunk-25-4-2000-68
26/10/23 21:15:12
26/10/23 21:15:12
/home/pi/reginaldojunior/experimentos/socket/mb-socket-dynamic/all-batches-1//covtypeNorm-OzaBagAdwinExecutorMAXChunk-25-4-2000-283
26/10/23 21:25:20
26/10/23 21:25:20
/home/pi/reginaldojunior/experimentos/socket/mb-socket-dynamic/all-batches-1//covtypeNorm-OzaBagASHTExecutorMAXChunk-25-4-2000-251
26/10/23 21:35:29
26/10/23 21:35:29
/home/pi/reginaldojunior/experimentos/socket/mb-socket-dynamic/all-batches-1//covtypeNorm-OzaBagExecutorMAXChunk-25-4-2000-288
26/10/23 21:45:37
26/10/23 21:45:37
/home/pi/reginaldojunior/experimentos/socket/mb-socket-dynamic/all-batches-1//airlines-AdaptiveRandomForestExecutorMAXChunk-25-4-2000-66
26/10/23 21:55:49
26/10/23 21:55:49
/home/pi/reginaldojunior/experimentos/socket/mb-socket-dynamic/all-batches-1//airlines-LBagExecutorMAXChunk-25-4-2000-46
26/10/23 22:07:05
26/10/23 22:07:05
/home/pi/reginaldojunior/experimentos/socket/mb-socket-dynamic/all-batches-1//airlines-StreamingRandomPatchesExecutorMAXChunk-25-4-2000-69
26/10/23 22:17:34
26/10/23 22:17:34
/home/pi/reginaldojunior/experimentos/socket/mb-socket-dynamic/all-batches-1//airlines-OzaBagAdwinExecutorMAXChunk-25-4-2000-170
26/10/23 22:27:45
26/10/23 22:27:45
/home/pi/reginaldojunior/experimentos/socket/mb-socket-dynamic/all-batches-1//airlines-OzaBagASHTExecutorMAXChunk-25-4-2000-177
26/10/23 22:37:55
26/10/23 22:37:55
/home/pi/reginaldojunior/experimentos/socket/mb-socket-dynamic/all-batches-1//airlines-OzaBagExecutorMAXChunk-25-4-2000-170
26/10/23 22:48:06
26/10/23 22:48:06
/home/pi/reginaldojunior/experimentos/socket/mb-socket-dynamic/all-batches-1//GMSC-AdaptiveRandomForestExecutorMAXChunk-25-4-2000-540
26/10/23 22:58:12
26/10/23 22:58:12
/home/pi/reginaldojunior/experimentos/socket/mb-socket-dynamic/all-batches-1//GMSC-LBagExecutorMAXChunk-25-4-2000-716
26/10/23 23:08:20
26/10/23 23:08:20
/home/pi/reginaldojunior/experimentos/socket/mb-socket-dynamic/all-batches-1//GMSC-StreamingRandomPatchesExecutorMAXChunk-25-4-2000-295
26/10/23 23:18:26
26/10/23 23:18:26
/home/pi/reginaldojunior/experimentos/socket/mb-socket-dynamic/all-batches-1//GMSC-OzaBagAdwinExecutorMAXChunk-25-4-2000-1709
26/10/23 23:23:07
26/10/23 23:23:07
/home/pi/reginaldojunior/experimentos/socket/mb-socket-dynamic/all-batches-1//GMSC-OzaBagASHTExecutorMAXChunk-25-4-2000-2263
26/10/23 23:27:45
26/10/23 23:27:45
/home/pi/reginaldojunior/experimentos/socket/mb-socket-dynamic/all-batches-1//GMSC-OzaBagExecutorMAXChunk-25-4-2000-2260
26/10/23 23:31:19
