14/01/22 13:54:31
/home/pi/reginaldojunior/experimentos/results/socket/600/600/elecNormNew-AdaptiveRandomForestExecutorMAXChunk-25-4-50-9
14/01/22 13:54:43
14/01/22 13:55:53
14/01/22 13:56:52
/home/pi/reginaldojunior/experimentos/results/socket/600/600/elecNormNew-AdaptiveRandomForestExecutorMAXChunk-25-4-50-9
14/01/22 13:56:58
14/01/22 13:56:58
14/01/22 13:57:03
/home/pi/reginaldojunior/experimentos/results/socket/600/600/elecNormNew-AdaptiveRandomForestExecutorMAXChunk-25-4-50-9
14/01/22 13:57:09
14/01/22 13:57:09
14/01/22 13:57:53
/home/pi/reginaldojunior/experimentos/results/socket/600/600/elecNormNew-AdaptiveRandomForestExecutorMAXChunk-25-4-50-9
14/01/22 13:57:58
14/01/22 13:57:58
14/01/22 13:59:38
/home/pi/reginaldojunior/experimentos/results/socket/600/600/elecNormNew-AdaptiveRandomForestExecutorMAXChunk-25-4-50-9
14/01/22 14:01:45
14/01/22 14:01:45
/home/pi/reginaldojunior/experimentos/results/socket/600/600/elecNormNew-AdaptiveRandomForestExecutorMAXChunk-25-4-50-49
14/01/22 14:03:51
14/01/22 14:03:51
/home/pi/reginaldojunior/experimentos/results/socket/600/600/elecNormNew-AdaptiveRandomForestExecutorMAXChunk-25-4-50-89
14/01/22 14:05:57
14/01/22 14:05:57
/home/pi/reginaldojunior/experimentos/results/socket/600/600/elecNormNew-LBagExecutorMAXChunk-25-4-50-17
14/01/22 14:08:06
14/01/22 14:08:06
/home/pi/reginaldojunior/experimentos/results/socket/600/600/elecNormNew-LBagExecutorMAXChunk-25-4-50-87
14/01/22 14:10:15
14/01/22 14:10:15
/home/pi/reginaldojunior/experimentos/results/socket/600/600/elecNormNew-LBagExecutorMAXChunk-25-4-50-158
14/01/22 14:12:24
14/01/22 14:12:24
/home/pi/reginaldojunior/experimentos/results/socket/600/600/elecNormNew-StreamingRandomPatchesExecutorMAXChunk-25-4-50-6
14/01/22 14:14:31
14/01/22 14:14:31
/home/pi/reginaldojunior/experimentos/results/socket/600/600/elecNormNew-StreamingRandomPatchesExecutorMAXChunk-25-4-50-30
14/01/22 14:16:37
14/01/22 14:16:37
/home/pi/reginaldojunior/experimentos/results/socket/600/600/elecNormNew-StreamingRandomPatchesExecutorMAXChunk-25-4-50-55
14/01/22 14:18:44
14/01/22 14:18:44
/home/pi/reginaldojunior/experimentos/results/socket/600/600/elecNormNew-OzaBagAdwinExecutorMAXChunk-25-4-50-42
14/01/22 14:20:53
14/01/22 14:20:53
/home/pi/reginaldojunior/experimentos/results/socket/600/600/elecNormNew-OzaBagAdwinExecutorMAXChunk-25-4-50-212
14/01/22 14:23:01
14/01/22 14:23:02
/home/pi/reginaldojunior/experimentos/results/socket/600/600/elecNormNew-OzaBagAdwinExecutorMAXChunk-25-4-50-382
14/01/22 14:25:10
14/01/22 14:25:10
/home/pi/reginaldojunior/experimentos/results/socket/600/600/elecNormNew-OzaBagASHTExecutorMAXChunk-25-4-50-46
14/01/22 14:27:18
14/01/22 14:27:19
/home/pi/reginaldojunior/experimentos/results/socket/600/600/elecNormNew-OzaBagASHTExecutorMAXChunk-25-4-50-230
14/01/22 14:29:27
14/01/22 14:29:28
/home/pi/reginaldojunior/experimentos/results/socket/600/600/elecNormNew-OzaBagASHTExecutorMAXChunk-25-4-50-415
14/01/22 14:31:25
14/01/22 14:31:25
/home/pi/reginaldojunior/experimentos/results/socket/600/600/elecNormNew-OzaBagExecutorMAXChunk-25-4-50-51
14/01/22 14:33:34
14/01/22 14:33:34
/home/pi/reginaldojunior/experimentos/results/socket/600/600/elecNormNew-OzaBagExecutorMAXChunk-25-4-50-255
14/01/22 14:35:43
14/01/22 14:35:43
/home/pi/reginaldojunior/experimentos/results/socket/600/600/elecNormNew-OzaBagExecutorMAXChunk-25-4-50-460
14/01/22 14:37:31
14/01/22 14:37:31
/home/pi/reginaldojunior/experimentos/results/socket/600/600/covtypeNorm-AdaptiveRandomForestExecutorMAXChunk-25-4-50-5
14/01/22 14:39:37
14/01/22 14:39:37
/home/pi/reginaldojunior/experimentos/results/socket/600/600/covtypeNorm-AdaptiveRandomForestExecutorMAXChunk-25-4-50-29
14/01/22 14:41:44
14/01/22 14:41:44
/home/pi/reginaldojunior/experimentos/results/socket/600/600/covtypeNorm-AdaptiveRandomForestExecutorMAXChunk-25-4-50-52
14/01/22 14:43:50
14/01/22 14:43:50
/home/pi/reginaldojunior/experimentos/results/socket/600/600/covtypeNorm-LBagExecutorMAXChunk-25-4-50-0
14/01/22 14:46:51
14/01/22 14:46:51
14/01/22 14:57:18
/home/pi/reginaldojunior/experimentos/results/socket/600/600/covtypeNorm-LBagExecutorMAXChunk-25-4-50-5
14/01/22 14:57:23
14/01/22 14:57:23
14/01/22 14:58:03
/home/pi/reginaldojunior/experimentos/results/socket/600/600/covtypeNorm-LBagExecutorMAXChunk-25-4-50-5
14/01/22 14:58:14
14/01/22 14:58:14
14/01/22 14:58:58
/home/pi/reginaldojunior/experimentos/results/socket/600/600/covtypeNorm-LBagExecutorMAXChunk-25-4-50-5
14/01/22 14:59:08
14/01/22 14:59:08
14/01/22 15:00:28
/home/pi/reginaldojunior/experimentos/results/socket/600/600/covtypeNorm-LBagExecutorMAXChunk-25-4-50-5
14/01/22 15:00:36
14/01/22 15:00:36
14/01/22 15:00:53
14/01/22 15:01:14
/home/pi/reginaldojunior/experimentos/results/socket/600/600/covtypeNorm-LBagExecutorMAXChunk-25-4-50-5
14/01/22 15:01:18
14/01/22 15:01:18
14/01/22 15:01:25
14/01/22 15:02:23
/home/pi/reginaldojunior/experimentos/results/socket/600/600/covtypeNorm-LBagExecutorMAXChunk-25-4-50-5
14/01/22 15:03:32
14/01/22 15:03:32
/home/pi/reginaldojunior/experimentos/results/socket/600/600/covtypeNorm-LBagExecutorMAXChunk-25-4-50-5
14/01/22 15:04:41
14/01/22 15:04:41
/home/pi/reginaldojunior/experimentos/results/socket/600/600/covtypeNorm-LBagExecutorMAXChunk-25-4-50-5
14/01/22 15:05:49
14/01/22 15:05:49
/home/pi/reginaldojunior/experimentos/results/socket/600/600/covtypeNorm-StreamingRandomPatchesExecutorMAXChunk-25-4-50-5
14/01/22 15:06:56
14/01/22 15:06:56
/home/pi/reginaldojunior/experimentos/results/socket/600/600/covtypeNorm-StreamingRandomPatchesExecutorMAXChunk-25-4-50-5
14/01/22 15:08:03
14/01/22 15:08:03
/home/pi/reginaldojunior/experimentos/results/socket/600/600/covtypeNorm-StreamingRandomPatchesExecutorMAXChunk-25-4-50-5
14/01/22 15:09:09
14/01/22 15:09:09
/home/pi/reginaldojunior/experimentos/results/socket/600/600/covtypeNorm-OzaBagAdwinExecutorMAXChunk-25-4-50-5
14/01/22 15:10:18
14/01/22 15:10:18
/home/pi/reginaldojunior/experimentos/results/socket/600/600/covtypeNorm-OzaBagAdwinExecutorMAXChunk-25-4-50-5
14/01/22 15:11:27
14/01/22 15:11:27
/home/pi/reginaldojunior/experimentos/results/socket/600/600/covtypeNorm-OzaBagAdwinExecutorMAXChunk-25-4-50-5
14/01/22 15:12:36
14/01/22 15:12:36
/home/pi/reginaldojunior/experimentos/results/socket/600/600/covtypeNorm-OzaBagASHTExecutorMAXChunk-25-4-50-5
14/01/22 15:13:45
14/01/22 15:13:45
/home/pi/reginaldojunior/experimentos/results/socket/600/600/covtypeNorm-OzaBagASHTExecutorMAXChunk-25-4-50-5
14/01/22 15:14:54
14/01/22 15:14:54
/home/pi/reginaldojunior/experimentos/results/socket/600/600/covtypeNorm-OzaBagASHTExecutorMAXChunk-25-4-50-5
14/01/22 15:16:02
14/01/22 15:16:02
/home/pi/reginaldojunior/experimentos/results/socket/600/600/covtypeNorm-OzaBagExecutorMAXChunk-25-4-50-5
14/01/22 15:17:11
14/01/22 15:17:11
/home/pi/reginaldojunior/experimentos/results/socket/600/600/covtypeNorm-OzaBagExecutorMAXChunk-25-4-50-5
14/01/22 15:18:20
14/01/22 15:18:20
/home/pi/reginaldojunior/experimentos/results/socket/600/600/covtypeNorm-OzaBagExecutorMAXChunk-25-4-50-5
14/01/22 15:19:29
14/01/22 15:19:29
/home/pi/reginaldojunior/experimentos/results/socket/600/600/elecNormNew-AdaptiveRandomForestExecutorMAXChunk-25-4-500-9
14/01/22 15:20:42
14/01/22 15:20:42
/home/pi/reginaldojunior/experimentos/results/socket/600/600/elecNormNew-AdaptiveRandomForestExecutorMAXChunk-25-4-500-48
14/01/22 15:21:49
14/01/22 15:21:49
/home/pi/reginaldojunior/experimentos/results/socket/600/600/elecNormNew-AdaptiveRandomForestExecutorMAXChunk-25-4-500-88
14/01/22 15:22:56
14/01/22 15:22:56
/home/pi/reginaldojunior/experimentos/results/socket/600/600/elecNormNew-LBagExecutorMAXChunk-25-4-500-19
14/01/22 15:24:05
14/01/22 15:24:05
/home/pi/reginaldojunior/experimentos/results/socket/600/600/elecNormNew-LBagExecutorMAXChunk-25-4-500-97
14/01/22 15:25:14
14/01/22 15:25:14
/home/pi/reginaldojunior/experimentos/results/socket/600/600/elecNormNew-LBagExecutorMAXChunk-25-4-500-175
14/01/22 15:26:23
14/01/22 15:26:23
/home/pi/reginaldojunior/experimentos/results/socket/600/600/elecNormNew-StreamingRandomPatchesExecutorMAXChunk-25-4-500-6
14/01/22 15:27:39
14/01/22 15:27:39
/home/pi/reginaldojunior/experimentos/results/socket/600/600/elecNormNew-StreamingRandomPatchesExecutorMAXChunk-25-4-500-30
14/01/22 15:28:47
14/01/22 15:28:47
/home/pi/reginaldojunior/experimentos/results/socket/600/600/elecNormNew-StreamingRandomPatchesExecutorMAXChunk-25-4-500-54
14/01/22 15:29:55
14/01/22 15:29:55
/home/pi/reginaldojunior/experimentos/results/socket/600/600/elecNormNew-OzaBagAdwinExecutorMAXChunk-25-4-500-41
14/01/22 15:31:04
14/01/22 15:31:04
/home/pi/reginaldojunior/experimentos/results/socket/600/600/elecNormNew-OzaBagAdwinExecutorMAXChunk-25-4-500-208
14/01/22 15:32:13
14/01/22 15:32:13
/home/pi/reginaldojunior/experimentos/results/socket/600/600/elecNormNew-OzaBagAdwinExecutorMAXChunk-25-4-500-374
14/01/22 15:33:22
14/01/22 15:33:22
/home/pi/reginaldojunior/experimentos/results/socket/600/600/elecNormNew-OzaBagASHTExecutorMAXChunk-25-4-500-48
14/01/22 15:34:31
14/01/22 15:34:31
/home/pi/reginaldojunior/experimentos/results/socket/600/600/elecNormNew-OzaBagASHTExecutorMAXChunk-25-4-500-243
14/01/22 15:35:40
14/01/22 15:35:40
/home/pi/reginaldojunior/experimentos/results/socket/600/600/elecNormNew-OzaBagASHTExecutorMAXChunk-25-4-500-439
14/01/22 15:36:49
14/01/22 15:36:49
/home/pi/reginaldojunior/experimentos/results/socket/600/600/elecNormNew-OzaBagExecutorMAXChunk-25-4-500-54
14/01/22 15:37:58
14/01/22 15:37:58
/home/pi/reginaldojunior/experimentos/results/socket/600/600/elecNormNew-OzaBagExecutorMAXChunk-25-4-500-271
14/01/22 15:39:06
14/01/22 15:39:06
/home/pi/reginaldojunior/experimentos/results/socket/600/600/elecNormNew-OzaBagExecutorMAXChunk-25-4-500-489
14/01/22 15:40:15
14/01/22 15:40:15
/home/pi/reginaldojunior/experimentos/results/socket/600/600/covtypeNorm-AdaptiveRandomForestExecutorMAXChunk-25-4-500-7
14/01/22 15:41:31
14/01/22 15:41:31
/home/pi/reginaldojunior/experimentos/results/socket/600/600/covtypeNorm-AdaptiveRandomForestExecutorMAXChunk-25-4-500-35
14/01/22 15:42:38
14/01/22 15:42:38
/home/pi/reginaldojunior/experimentos/results/socket/600/600/covtypeNorm-AdaptiveRandomForestExecutorMAXChunk-25-4-500-64
14/01/22 15:43:45
14/01/22 15:43:45
/home/pi/reginaldojunior/experimentos/results/socket/600/600/covtypeNorm-LBagExecutorMAXChunk-25-4-500-5
14/01/22 15:44:58
14/01/22 15:44:58
/home/pi/reginaldojunior/experimentos/results/socket/600/600/covtypeNorm-LBagExecutorMAXChunk-25-4-500-5
14/01/22 15:46:11
14/01/22 15:46:11
/home/pi/reginaldojunior/experimentos/results/socket/600/600/covtypeNorm-LBagExecutorMAXChunk-25-4-500-5
14/01/22 15:47:24
14/01/22 15:47:24
/home/pi/reginaldojunior/experimentos/results/socket/600/600/covtypeNorm-StreamingRandomPatchesExecutorMAXChunk-25-4-500-5
14/01/22 15:48:36
14/01/22 15:48:36
/home/pi/reginaldojunior/experimentos/results/socket/600/600/covtypeNorm-StreamingRandomPatchesExecutorMAXChunk-25-4-500-5
14/01/22 15:49:46
14/01/22 15:49:46
/home/pi/reginaldojunior/experimentos/results/socket/600/600/covtypeNorm-StreamingRandomPatchesExecutorMAXChunk-25-4-500-5
14/01/22 15:50:57
14/01/22 15:50:57
/home/pi/reginaldojunior/experimentos/results/socket/600/600/covtypeNorm-OzaBagAdwinExecutorMAXChunk-25-4-500-5
14/01/22 15:52:06
14/01/22 15:52:06
/home/pi/reginaldojunior/experimentos/results/socket/600/600/covtypeNorm-OzaBagAdwinExecutorMAXChunk-25-4-500-5
14/01/22 15:53:16
14/01/22 15:53:16
/home/pi/reginaldojunior/experimentos/results/socket/600/600/covtypeNorm-OzaBagAdwinExecutorMAXChunk-25-4-500-5
14/01/22 15:54:26
14/01/22 15:54:26
/home/pi/reginaldojunior/experimentos/results/socket/600/600/covtypeNorm-OzaBagASHTExecutorMAXChunk-25-4-500-5
14/01/22 15:55:36
14/01/22 15:55:36
/home/pi/reginaldojunior/experimentos/results/socket/600/600/covtypeNorm-OzaBagASHTExecutorMAXChunk-25-4-500-5
14/01/22 15:56:46
14/01/22 15:56:46
/home/pi/reginaldojunior/experimentos/results/socket/600/600/covtypeNorm-OzaBagASHTExecutorMAXChunk-25-4-500-5
14/01/22 15:57:55
14/01/22 15:57:55
/home/pi/reginaldojunior/experimentos/results/socket/600/600/covtypeNorm-OzaBagExecutorMAXChunk-25-4-500-5
14/01/22 15:59:05
14/01/22 15:59:05
/home/pi/reginaldojunior/experimentos/results/socket/600/600/covtypeNorm-OzaBagExecutorMAXChunk-25-4-500-5
14/01/22 16:00:15
14/01/22 16:00:15
/home/pi/reginaldojunior/experimentos/results/socket/600/600/covtypeNorm-OzaBagExecutorMAXChunk-25-4-500-5
14/01/22 16:01:25
14/01/22 16:01:25
/home/pi/reginaldojunior/experimentos/results/socket/600/600/elecNormNew-AdaptiveRandomForestExecutorMAXChunk-25-4-2000-9
14/01/22 16:02:38
14/01/22 16:02:38
/home/pi/reginaldojunior/experimentos/results/socket/600/600/elecNormNew-AdaptiveRandomForestExecutorMAXChunk-25-4-2000-46
14/01/22 16:59:44
14/01/22 16:59:44
/home/pi/reginaldojunior/experimentos/results/socket/600/600/elecNormNew-AdaptiveRandomForestExecutorMAXChunk-25-4-2000-83
14/01/22 17:00:52
14/01/22 17:00:52
/home/pi/reginaldojunior/experimentos/results/socket/600/600/elecNormNew-LBagExecutorMAXChunk-25-4-2000-18
14/01/22 17:02:13
14/01/22 17:02:13
/home/pi/reginaldojunior/experimentos/results/socket/600/600/elecNormNew-LBagExecutorMAXChunk-25-4-2000-91
14/01/22 17:03:23
14/01/22 17:03:23
/home/pi/reginaldojunior/experimentos/results/socket/600/600/elecNormNew-LBagExecutorMAXChunk-25-4-2000-164
14/01/22 17:04:33
14/01/22 17:04:33
/home/pi/reginaldojunior/experimentos/results/socket/600/600/elecNormNew-StreamingRandomPatchesExecutorMAXChunk-25-4-2000-6
14/01/22 17:05:49
14/01/22 17:05:49
/home/pi/reginaldojunior/experimentos/results/socket/600/600/elecNormNew-StreamingRandomPatchesExecutorMAXChunk-25-4-2000-30
14/01/22 17:07:16
14/01/22 17:07:16
/home/pi/reginaldojunior/experimentos/results/socket/600/600/elecNormNew-StreamingRandomPatchesExecutorMAXChunk-25-4-2000-54
14/01/22 17:35:22
14/01/22 17:35:22
/home/pi/reginaldojunior/experimentos/results/socket/600/600/elecNormNew-OzaBagAdwinExecutorMAXChunk-25-4-2000-43
14/01/22 17:36:30
14/01/22 17:36:30
/home/pi/reginaldojunior/experimentos/results/socket/600/600/elecNormNew-OzaBagAdwinExecutorMAXChunk-25-4-2000-216
14/01/22 17:37:39
14/01/22 17:37:39
/home/pi/reginaldojunior/experimentos/results/socket/600/600/elecNormNew-OzaBagAdwinExecutorMAXChunk-25-4-2000-390
14/01/22 17:38:49
14/01/22 17:38:49
/home/pi/reginaldojunior/experimentos/results/socket/600/600/elecNormNew-OzaBagASHTExecutorMAXChunk-25-4-2000-46
14/01/22 17:39:59
14/01/22 17:39:59
/home/pi/reginaldojunior/experimentos/results/socket/600/600/elecNormNew-OzaBagASHTExecutorMAXChunk-25-4-2000-233
14/01/22 17:41:09
14/01/22 17:41:09
/home/pi/reginaldojunior/experimentos/results/socket/600/600/elecNormNew-OzaBagASHTExecutorMAXChunk-25-4-2000-419
14/01/22 17:42:18
14/01/22 17:42:18
/home/pi/reginaldojunior/experimentos/results/socket/600/600/elecNormNew-OzaBagExecutorMAXChunk-25-4-2000-50
14/01/22 17:43:27
14/01/22 17:43:28
/home/pi/reginaldojunior/experimentos/results/socket/600/600/elecNormNew-OzaBagExecutorMAXChunk-25-4-2000-250
14/01/22 17:44:36
14/01/22 17:44:36
/home/pi/reginaldojunior/experimentos/results/socket/600/600/elecNormNew-OzaBagExecutorMAXChunk-25-4-2000-451
14/01/22 17:45:46
14/01/22 17:45:46
/home/pi/reginaldojunior/experimentos/results/socket/600/600/covtypeNorm-AdaptiveRandomForestExecutorMAXChunk-25-4-2000-7
14/01/22 17:47:01
14/01/22 17:47:01
/home/pi/reginaldojunior/experimentos/results/socket/600/600/covtypeNorm-AdaptiveRandomForestExecutorMAXChunk-25-4-2000-36
14/01/22 17:52:40
14/01/22 17:52:40
/home/pi/reginaldojunior/experimentos/results/socket/600/600/covtypeNorm-AdaptiveRandomForestExecutorMAXChunk-25-4-2000-65
14/01/22 17:53:55
14/01/22 17:53:56
/home/pi/reginaldojunior/experimentos/results/socket/600/600/covtypeNorm-LBagExecutorMAXChunk-25-4-2000-5
14/01/22 17:55:19
14/01/22 17:55:19
/home/pi/reginaldojunior/experimentos/results/socket/600/600/covtypeNorm-LBagExecutorMAXChunk-25-4-2000-5
14/01/22 17:56:41
14/01/22 17:56:41
/home/pi/reginaldojunior/experimentos/results/socket/600/600/covtypeNorm-LBagExecutorMAXChunk-25-4-2000-5
14/01/22 17:58:02
14/01/22 17:58:02
/home/pi/reginaldojunior/experimentos/results/socket/600/600/covtypeNorm-StreamingRandomPatchesExecutorMAXChunk-25-4-2000-5
14/01/22 17:59:36
14/01/22 17:59:36
/home/pi/reginaldojunior/experimentos/results/socket/600/600/covtypeNorm-StreamingRandomPatchesExecutorMAXChunk-25-4-2000-5
14/01/22 18:01:10
14/01/22 18:01:10
/home/pi/reginaldojunior/experimentos/results/socket/600/600/covtypeNorm-StreamingRandomPatchesExecutorMAXChunk-25-4-2000-5
14/01/22 18:02:44
14/01/22 18:02:44
/home/pi/reginaldojunior/experimentos/results/socket/600/600/covtypeNorm-OzaBagAdwinExecutorMAXChunk-25-4-2000-5
14/01/22 18:04:01
14/01/22 18:04:01
/home/pi/reginaldojunior/experimentos/results/socket/600/600/covtypeNorm-OzaBagAdwinExecutorMAXChunk-25-4-2000-5
14/01/22 18:05:18
14/01/22 18:05:18
/home/pi/reginaldojunior/experimentos/results/socket/600/600/covtypeNorm-OzaBagAdwinExecutorMAXChunk-25-4-2000-5
14/01/22 18:06:35
14/01/22 18:06:35
/home/pi/reginaldojunior/experimentos/results/socket/600/600/covtypeNorm-OzaBagASHTExecutorMAXChunk-25-4-2000-5
14/01/22 18:07:51
14/01/22 18:07:51
/home/pi/reginaldojunior/experimentos/results/socket/600/600/covtypeNorm-OzaBagASHTExecutorMAXChunk-25-4-2000-5
14/01/22 18:09:07
14/01/22 18:09:07
/home/pi/reginaldojunior/experimentos/results/socket/600/600/covtypeNorm-OzaBagASHTExecutorMAXChunk-25-4-2000-5
14/01/22 18:10:23
14/01/22 18:10:23
/home/pi/reginaldojunior/experimentos/results/socket/600/600/covtypeNorm-OzaBagExecutorMAXChunk-25-4-2000-5
14/01/22 18:11:39
14/01/22 18:11:39
/home/pi/reginaldojunior/experimentos/results/socket/600/600/covtypeNorm-OzaBagExecutorMAXChunk-25-4-2000-5
14/01/22 18:12:55
14/01/22 18:12:55
/home/pi/reginaldojunior/experimentos/results/socket/600/600/covtypeNorm-OzaBagExecutorMAXChunk-25-4-2000-5
14/01/22 18:14:11
22/01/22 11:53:20
/home/pi/reginaldojunior/experimentos/results/socket/600/600/GMSC-AdaptiveRandomForestExecutorMAXChunk-25-4-50-17
22/01/22 11:53:25
22/01/22 11:53:25
22/01/22 11:55:03
/home/pi/reginaldojunior/experimentos/results/socket/600/600/GMSC-AdaptiveRandomForestExecutorMAXChunk-25-4-50-17
22/01/22 11:56:10
22/01/22 11:56:10
/home/pi/reginaldojunior/experimentos/results/socket/600/600/GMSC-AdaptiveRandomForestExecutorMAXChunk-25-4-50-86
22/01/22 11:57:17
22/01/22 11:57:17
/home/pi/reginaldojunior/experimentos/results/socket/600/600/GMSC-AdaptiveRandomForestExecutorMAXChunk-25-4-50-155
22/01/22 11:58:23
22/01/22 11:58:23
/home/pi/reginaldojunior/experimentos/results/socket/600/600/GMSC-LBagExecutorMAXChunk-25-4-50-22
22/01/22 11:59:32
22/01/22 11:59:32
/home/pi/reginaldojunior/experimentos/results/socket/600/600/GMSC-LBagExecutorMAXChunk-25-4-50-114
22/01/22 12:00:41
22/01/22 12:00:41
/home/pi/reginaldojunior/experimentos/results/socket/600/600/GMSC-LBagExecutorMAXChunk-25-4-50-206
22/01/22 12:01:50
22/01/22 12:01:50
/home/pi/reginaldojunior/experimentos/results/socket/600/600/GMSC-StreamingRandomPatchesExecutorMAXChunk-25-4-50-9
22/01/22 12:02:57
22/01/22 12:02:57
/home/pi/reginaldojunior/experimentos/results/socket/600/600/GMSC-StreamingRandomPatchesExecutorMAXChunk-25-4-50-48
22/01/22 12:04:04
22/01/22 12:04:04
/home/pi/reginaldojunior/experimentos/results/socket/600/600/GMSC-StreamingRandomPatchesExecutorMAXChunk-25-4-50-87
22/01/22 12:05:10
22/01/22 12:05:10
/home/pi/reginaldojunior/experimentos/results/socket/600/600/GMSC-OzaBagAdwinExecutorMAXChunk-25-4-50-64
22/01/22 12:06:18
22/01/22 12:06:18
/home/pi/reginaldojunior/experimentos/results/socket/600/600/GMSC-OzaBagAdwinExecutorMAXChunk-25-4-50-321
22/01/22 12:07:28
22/01/22 12:07:28
/home/pi/reginaldojunior/experimentos/results/socket/600/600/GMSC-OzaBagAdwinExecutorMAXChunk-25-4-50-578
22/01/22 12:08:37
22/01/22 12:08:37
/home/pi/reginaldojunior/experimentos/results/socket/600/600/GMSC-OzaBagASHTExecutorMAXChunk-25-4-50-90
22/01/22 12:09:46
22/01/22 12:09:46
/home/pi/reginaldojunior/experimentos/results/socket/600/600/GMSC-OzaBagASHTExecutorMAXChunk-25-4-50-453
22/01/22 12:10:54
22/01/22 12:10:54
/home/pi/reginaldojunior/experimentos/results/socket/600/600/GMSC-OzaBagASHTExecutorMAXChunk-25-4-50-816
22/01/22 12:12:03
22/01/22 12:12:03
/home/pi/reginaldojunior/experimentos/results/socket/600/600/GMSC-OzaBagExecutorMAXChunk-25-4-50-67
22/01/22 12:13:12
22/01/22 12:13:12
/home/pi/reginaldojunior/experimentos/results/socket/600/600/GMSC-OzaBagExecutorMAXChunk-25-4-50-335
22/01/22 12:14:21
22/01/22 12:14:21
/home/pi/reginaldojunior/experimentos/results/socket/600/600/GMSC-OzaBagExecutorMAXChunk-25-4-50-603
22/01/22 12:15:30
22/01/22 12:15:30
/home/pi/reginaldojunior/experimentos/results/socket/600/600/elecNormNew-AdaptiveRandomForestExecutorMAXChunk-25-4-50-10
22/01/22 12:16:36
22/01/22 12:16:36
/home/pi/reginaldojunior/experimentos/results/socket/600/600/elecNormNew-AdaptiveRandomForestExecutorMAXChunk-25-4-50-50
22/01/22 12:17:43
22/01/22 12:17:43
/home/pi/reginaldojunior/experimentos/results/socket/600/600/elecNormNew-AdaptiveRandomForestExecutorMAXChunk-25-4-50-91
22/01/22 12:18:50
22/01/22 12:18:50
/home/pi/reginaldojunior/experimentos/results/socket/600/600/elecNormNew-LBagExecutorMAXChunk-25-4-50-16
22/01/22 12:19:59
22/01/22 12:19:59
/home/pi/reginaldojunior/experimentos/results/socket/600/600/elecNormNew-LBagExecutorMAXChunk-25-4-50-84
22/01/22 12:21:08
22/01/22 12:21:08
/home/pi/reginaldojunior/experimentos/results/socket/600/600/elecNormNew-LBagExecutorMAXChunk-25-4-50-152
22/01/22 12:22:17
22/01/22 12:22:17
/home/pi/reginaldojunior/experimentos/results/socket/600/600/elecNormNew-StreamingRandomPatchesExecutorMAXChunk-25-4-50-6
22/01/22 12:23:24
22/01/22 12:23:24
/home/pi/reginaldojunior/experimentos/results/socket/600/600/elecNormNew-StreamingRandomPatchesExecutorMAXChunk-25-4-50-30
22/01/22 12:24:31
22/01/22 12:24:31
/home/pi/reginaldojunior/experimentos/results/socket/600/600/elecNormNew-StreamingRandomPatchesExecutorMAXChunk-25-4-50-54
22/01/22 12:25:38
22/01/22 12:25:38
/home/pi/reginaldojunior/experimentos/results/socket/600/600/elecNormNew-OzaBagAdwinExecutorMAXChunk-25-4-50-42
22/01/22 12:26:46
22/01/22 12:26:46
/home/pi/reginaldojunior/experimentos/results/socket/600/600/elecNormNew-OzaBagAdwinExecutorMAXChunk-25-4-50-211
22/01/22 12:27:55
22/01/22 12:27:55
/home/pi/reginaldojunior/experimentos/results/socket/600/600/elecNormNew-OzaBagAdwinExecutorMAXChunk-25-4-50-380
22/01/22 12:29:04
22/01/22 12:29:04
/home/pi/reginaldojunior/experimentos/results/socket/600/600/elecNormNew-OzaBagASHTExecutorMAXChunk-25-4-50-43
22/01/22 12:30:13
22/01/22 12:30:13
/home/pi/reginaldojunior/experimentos/results/socket/600/600/elecNormNew-OzaBagASHTExecutorMAXChunk-25-4-50-215
22/01/22 12:31:22
22/01/22 12:31:22
/home/pi/reginaldojunior/experimentos/results/socket/600/600/elecNormNew-OzaBagASHTExecutorMAXChunk-25-4-50-387
22/01/22 12:32:31
22/01/22 12:32:31
/home/pi/reginaldojunior/experimentos/results/socket/600/600/elecNormNew-OzaBagExecutorMAXChunk-25-4-50-50
22/01/22 12:33:40
22/01/22 12:33:40
/home/pi/reginaldojunior/experimentos/results/socket/600/600/elecNormNew-OzaBagExecutorMAXChunk-25-4-50-251
22/01/22 12:34:49
22/01/22 12:34:49
/home/pi/reginaldojunior/experimentos/results/socket/600/600/elecNormNew-OzaBagExecutorMAXChunk-25-4-50-452
22/01/22 12:35:57
22/01/22 12:35:57
/home/pi/reginaldojunior/experimentos/results/socket/600/600/covtypeNorm-AdaptiveRandomForestExecutorMAXChunk-25-4-50-7
22/01/22 12:37:04
22/01/22 12:37:04
/home/pi/reginaldojunior/experimentos/results/socket/600/600/covtypeNorm-AdaptiveRandomForestExecutorMAXChunk-25-4-50-36
22/01/22 12:38:11
22/01/22 12:38:11
/home/pi/reginaldojunior/experimentos/results/socket/600/600/covtypeNorm-AdaptiveRandomForestExecutorMAXChunk-25-4-50-65
22/01/22 12:39:17
22/01/22 12:39:17
/home/pi/reginaldojunior/experimentos/results/socket/600/600/covtypeNorm-LBagExecutorMAXChunk-25-4-50-4
22/01/22 12:40:26
22/01/22 12:40:26
/home/pi/reginaldojunior/experimentos/results/socket/600/600/covtypeNorm-LBagExecutorMAXChunk-25-4-50-20
22/01/22 12:41:35
22/01/22 12:41:35
/home/pi/reginaldojunior/experimentos/results/socket/600/600/covtypeNorm-LBagExecutorMAXChunk-25-4-50-37
22/01/22 12:42:44
22/01/22 12:42:44
/home/pi/reginaldojunior/experimentos/results/socket/600/600/covtypeNorm-StreamingRandomPatchesExecutorMAXChunk-25-4-50-2
22/01/22 12:43:50
22/01/22 12:43:50
/home/pi/reginaldojunior/experimentos/results/socket/600/600/covtypeNorm-StreamingRandomPatchesExecutorMAXChunk-25-4-50-12
22/01/22 12:44:57
22/01/22 12:44:57
/home/pi/reginaldojunior/experimentos/results/socket/600/600/covtypeNorm-StreamingRandomPatchesExecutorMAXChunk-25-4-50-21
22/01/22 12:46:04
22/01/22 12:46:04
/home/pi/reginaldojunior/experimentos/results/socket/600/600/covtypeNorm-OzaBagAdwinExecutorMAXChunk-25-4-50-4
22/01/22 12:47:13
22/01/22 12:47:13
/home/pi/reginaldojunior/experimentos/results/socket/600/600/covtypeNorm-OzaBagAdwinExecutorMAXChunk-25-4-50-24
22/01/22 12:48:22
22/01/22 12:48:22
/home/pi/reginaldojunior/experimentos/results/socket/600/600/covtypeNorm-OzaBagAdwinExecutorMAXChunk-25-4-50-43
22/01/22 12:49:31
22/01/22 12:49:31
/home/pi/reginaldojunior/experimentos/results/socket/600/600/covtypeNorm-OzaBagASHTExecutorMAXChunk-25-4-50-4
22/01/22 12:50:39
22/01/22 12:50:39
/home/pi/reginaldojunior/experimentos/results/socket/600/600/covtypeNorm-OzaBagASHTExecutorMAXChunk-25-4-50-21
22/01/22 12:51:48
22/01/22 12:51:48
/home/pi/reginaldojunior/experimentos/results/socket/600/600/covtypeNorm-OzaBagASHTExecutorMAXChunk-25-4-50-38
22/01/22 12:52:57
22/01/22 12:52:57
/home/pi/reginaldojunior/experimentos/results/socket/600/600/covtypeNorm-OzaBagExecutorMAXChunk-25-4-50-4
22/01/22 12:54:06
22/01/22 12:54:06
/home/pi/reginaldojunior/experimentos/results/socket/600/600/covtypeNorm-OzaBagExecutorMAXChunk-25-4-50-21
22/01/22 12:55:14
22/01/22 12:55:14
/home/pi/reginaldojunior/experimentos/results/socket/600/600/covtypeNorm-OzaBagExecutorMAXChunk-25-4-50-38
22/01/22 12:56:23
22/01/22 12:56:23
/home/pi/reginaldojunior/experimentos/results/socket/600/600/GMSC-AdaptiveRandomForestExecutorMAXChunk-25-4-500-17
22/01/22 12:57:31
22/01/22 12:57:31
/home/pi/reginaldojunior/experimentos/results/socket/600/600/GMSC-AdaptiveRandomForestExecutorMAXChunk-25-4-500-89
22/01/22 12:58:38
22/01/22 12:58:38
/home/pi/reginaldojunior/experimentos/results/socket/600/600/GMSC-AdaptiveRandomForestExecutorMAXChunk-25-4-500-161
22/01/22 12:59:45
22/01/22 12:59:45
/home/pi/reginaldojunior/experimentos/results/socket/600/600/GMSC-LBagExecutorMAXChunk-25-4-500-23
22/01/22 13:00:54
22/01/22 13:00:54
/home/pi/reginaldojunior/experimentos/results/socket/600/600/GMSC-LBagExecutorMAXChunk-25-4-500-117
22/01/22 13:02:02
22/01/22 13:02:02
/home/pi/reginaldojunior/experimentos/results/socket/600/600/GMSC-LBagExecutorMAXChunk-25-4-500-210
22/01/22 13:03:11
22/01/22 13:03:11
/home/pi/reginaldojunior/experimentos/results/socket/600/600/GMSC-StreamingRandomPatchesExecutorMAXChunk-25-4-500-9
22/01/22 13:04:27
22/01/22 13:04:27
/home/pi/reginaldojunior/experimentos/results/socket/600/600/GMSC-StreamingRandomPatchesExecutorMAXChunk-25-4-500-48
22/01/22 13:05:34
22/01/22 13:05:34
/home/pi/reginaldojunior/experimentos/results/socket/600/600/GMSC-StreamingRandomPatchesExecutorMAXChunk-25-4-500-87
22/01/22 13:06:41
22/01/22 13:06:41
/home/pi/reginaldojunior/experimentos/results/socket/600/600/GMSC-OzaBagAdwinExecutorMAXChunk-25-4-500-60
22/01/22 13:07:50
22/01/22 13:07:50
/home/pi/reginaldojunior/experimentos/results/socket/600/600/GMSC-OzaBagAdwinExecutorMAXChunk-25-4-500-303
22/01/22 13:08:59
22/01/22 13:08:59
/home/pi/reginaldojunior/experimentos/results/socket/600/600/GMSC-OzaBagAdwinExecutorMAXChunk-25-4-500-546
22/01/22 13:10:08
22/01/22 13:10:08
/home/pi/reginaldojunior/experimentos/results/socket/600/600/GMSC-OzaBagASHTExecutorMAXChunk-25-4-500-96
22/01/22 13:11:17
22/01/22 13:11:17
/home/pi/reginaldojunior/experimentos/results/socket/600/600/GMSC-OzaBagASHTExecutorMAXChunk-25-4-500-484
22/01/22 13:12:26
22/01/22 13:12:26
/home/pi/reginaldojunior/experimentos/results/socket/600/600/GMSC-OzaBagASHTExecutorMAXChunk-25-4-500-871
22/01/22 13:13:35
22/01/22 13:13:35
/home/pi/reginaldojunior/experimentos/results/socket/600/600/GMSC-OzaBagExecutorMAXChunk-25-4-500-72
22/01/22 13:14:44
22/01/22 13:14:44
/home/pi/reginaldojunior/experimentos/results/socket/600/600/GMSC-OzaBagExecutorMAXChunk-25-4-500-362
22/01/22 13:15:52
22/01/22 13:15:52
/home/pi/reginaldojunior/experimentos/results/socket/600/600/GMSC-OzaBagExecutorMAXChunk-25-4-500-652
22/01/22 13:17:01
22/01/22 13:17:01
/home/pi/reginaldojunior/experimentos/results/socket/600/600/elecNormNew-AdaptiveRandomForestExecutorMAXChunk-25-4-500-10
22/01/22 15:02:02
/home/pi/reginaldojunior/experimentos/results/socket/600/600/GMSC-AdaptiveRandomForestExecutorMAXChunk-25-4-50-17
22/01/22 15:03:09
22/01/22 15:03:09
/home/pi/reginaldojunior/experimentos/results/socket/600/600/GMSC-AdaptiveRandomForestExecutorMAXChunk-25-4-50-86
22/01/22 15:04:16
22/01/22 15:04:16
/home/pi/reginaldojunior/experimentos/results/socket/600/600/GMSC-AdaptiveRandomForestExecutorMAXChunk-25-4-50-155
22/01/22 15:05:23
22/01/22 15:05:23
/home/pi/reginaldojunior/experimentos/results/socket/600/600/GMSC-LBagExecutorMAXChunk-25-4-50-22
22/01/22 15:06:32
22/01/22 15:06:32
/home/pi/reginaldojunior/experimentos/results/socket/600/600/GMSC-LBagExecutorMAXChunk-25-4-50-114
22/01/22 15:07:41
22/01/22 15:07:41
/home/pi/reginaldojunior/experimentos/results/socket/600/600/GMSC-LBagExecutorMAXChunk-25-4-50-206
22/01/22 15:08:50
22/01/22 15:08:50
/home/pi/reginaldojunior/experimentos/results/socket/600/600/GMSC-StreamingRandomPatchesExecutorMAXChunk-25-4-50-9
22/01/22 15:09:57
22/01/22 15:09:57
/home/pi/reginaldojunior/experimentos/results/socket/600/600/GMSC-StreamingRandomPatchesExecutorMAXChunk-25-4-50-48
22/01/22 15:11:02
22/01/22 15:11:02
/home/pi/reginaldojunior/experimentos/results/socket/600/600/GMSC-StreamingRandomPatchesExecutorMAXChunk-25-4-50-87
22/01/22 15:12:08
22/01/22 15:12:08
/home/pi/reginaldojunior/experimentos/results/socket/600/600/GMSC-OzaBagAdwinExecutorMAXChunk-25-4-50-64
22/01/22 15:13:17
22/01/22 15:13:17
/home/pi/reginaldojunior/experimentos/results/socket/600/600/GMSC-OzaBagAdwinExecutorMAXChunk-25-4-50-321
22/01/22 15:14:26
22/01/22 15:14:26
/home/pi/reginaldojunior/experimentos/results/socket/600/600/GMSC-OzaBagAdwinExecutorMAXChunk-25-4-50-578
22/01/22 15:15:35
22/01/22 15:15:35
/home/pi/reginaldojunior/experimentos/results/socket/600/600/GMSC-OzaBagASHTExecutorMAXChunk-25-4-50-90
22/01/22 15:16:44
22/01/22 15:16:44
/home/pi/reginaldojunior/experimentos/results/socket/600/600/GMSC-OzaBagASHTExecutorMAXChunk-25-4-50-453
22/01/22 15:17:53
22/01/22 15:17:53
/home/pi/reginaldojunior/experimentos/results/socket/600/600/GMSC-OzaBagASHTExecutorMAXChunk-25-4-50-816
22/01/22 15:19:02
22/01/22 15:19:02
/home/pi/reginaldojunior/experimentos/results/socket/600/600/GMSC-OzaBagExecutorMAXChunk-25-4-50-67
22/01/22 15:20:11
22/01/22 15:20:11
/home/pi/reginaldojunior/experimentos/results/socket/600/600/GMSC-OzaBagExecutorMAXChunk-25-4-50-335
22/01/22 15:21:20
22/01/22 15:21:20
/home/pi/reginaldojunior/experimentos/results/socket/600/600/GMSC-OzaBagExecutorMAXChunk-25-4-50-603
22/01/22 15:22:31
22/01/22 15:22:31
/home/pi/reginaldojunior/experimentos/results/socket/600/600/elecNormNew-AdaptiveRandomForestExecutorMAXChunk-25-4-50-10
22/01/22 15:23:38
22/01/22 15:23:38
/home/pi/reginaldojunior/experimentos/results/socket/600/600/elecNormNew-AdaptiveRandomForestExecutorMAXChunk-25-4-50-50
22/01/22 15:24:45
22/01/22 15:24:45
/home/pi/reginaldojunior/experimentos/results/socket/600/600/elecNormNew-AdaptiveRandomForestExecutorMAXChunk-25-4-50-91
22/01/22 15:25:51
22/01/22 15:25:51
/home/pi/reginaldojunior/experimentos/results/socket/600/600/elecNormNew-LBagExecutorMAXChunk-25-4-50-16
22/01/22 15:27:00
22/01/22 15:27:00
/home/pi/reginaldojunior/experimentos/results/socket/600/600/elecNormNew-LBagExecutorMAXChunk-25-4-50-84
22/01/22 15:28:09
22/01/22 15:28:09
/home/pi/reginaldojunior/experimentos/results/socket/600/600/elecNormNew-LBagExecutorMAXChunk-25-4-50-152
22/01/22 15:29:17
22/01/22 15:29:17
/home/pi/reginaldojunior/experimentos/results/socket/600/600/elecNormNew-StreamingRandomPatchesExecutorMAXChunk-25-4-50-6
22/01/22 15:30:24
22/01/22 15:30:24
/home/pi/reginaldojunior/experimentos/results/socket/600/600/elecNormNew-StreamingRandomPatchesExecutorMAXChunk-25-4-50-30
22/01/22 15:31:30
22/01/22 15:31:30
/home/pi/reginaldojunior/experimentos/results/socket/600/600/elecNormNew-StreamingRandomPatchesExecutorMAXChunk-25-4-50-54
22/01/22 15:32:36
22/01/22 15:32:36
/home/pi/reginaldojunior/experimentos/results/socket/600/600/elecNormNew-OzaBagAdwinExecutorMAXChunk-25-4-50-42
22/01/22 15:33:45
22/01/22 15:33:45
/home/pi/reginaldojunior/experimentos/results/socket/600/600/elecNormNew-OzaBagAdwinExecutorMAXChunk-25-4-50-211
22/01/22 15:34:54
22/01/22 15:34:54
/home/pi/reginaldojunior/experimentos/results/socket/600/600/elecNormNew-OzaBagAdwinExecutorMAXChunk-25-4-50-380
22/01/22 15:36:03
22/01/22 15:36:03
/home/pi/reginaldojunior/experimentos/results/socket/600/600/elecNormNew-OzaBagASHTExecutorMAXChunk-25-4-50-43
22/01/22 15:37:12
22/01/22 15:37:12
/home/pi/reginaldojunior/experimentos/results/socket/600/600/elecNormNew-OzaBagASHTExecutorMAXChunk-25-4-50-215
22/01/22 15:38:21
22/01/22 15:38:21
/home/pi/reginaldojunior/experimentos/results/socket/600/600/elecNormNew-OzaBagASHTExecutorMAXChunk-25-4-50-387
22/01/22 15:39:30
22/01/22 15:39:30
/home/pi/reginaldojunior/experimentos/results/socket/600/600/elecNormNew-OzaBagExecutorMAXChunk-25-4-50-50
22/01/22 15:40:38
22/01/22 15:40:38
/home/pi/reginaldojunior/experimentos/results/socket/600/600/elecNormNew-OzaBagExecutorMAXChunk-25-4-50-251
22/01/22 15:41:49
22/01/22 15:41:49
/home/pi/reginaldojunior/experimentos/results/socket/600/600/elecNormNew-OzaBagExecutorMAXChunk-25-4-50-452
22/01/22 15:42:58
22/01/22 15:42:58
/home/pi/reginaldojunior/experimentos/results/socket/600/600/covtypeNorm-AdaptiveRandomForestExecutorMAXChunk-25-4-50-7
22/01/22 15:44:05
22/01/22 15:44:05
/home/pi/reginaldojunior/experimentos/results/socket/600/600/covtypeNorm-AdaptiveRandomForestExecutorMAXChunk-25-4-50-36
22/01/22 15:45:12
22/01/22 15:45:12
/home/pi/reginaldojunior/experimentos/results/socket/600/600/covtypeNorm-AdaptiveRandomForestExecutorMAXChunk-25-4-50-65
22/01/22 15:46:18
22/01/22 15:46:18
/home/pi/reginaldojunior/experimentos/results/socket/600/600/covtypeNorm-LBagExecutorMAXChunk-25-4-50-4
22/01/22 15:47:27
22/01/22 15:47:27
/home/pi/reginaldojunior/experimentos/results/socket/600/600/covtypeNorm-LBagExecutorMAXChunk-25-4-50-20
22/01/22 15:48:36
22/01/22 15:48:36
/home/pi/reginaldojunior/experimentos/results/socket/600/600/covtypeNorm-LBagExecutorMAXChunk-25-4-50-37
22/01/22 15:49:44
22/01/22 15:49:44
/home/pi/reginaldojunior/experimentos/results/socket/600/600/covtypeNorm-StreamingRandomPatchesExecutorMAXChunk-25-4-50-2
22/01/22 15:50:51
22/01/22 15:50:51
/home/pi/reginaldojunior/experimentos/results/socket/600/600/covtypeNorm-StreamingRandomPatchesExecutorMAXChunk-25-4-50-12
22/01/22 15:51:58
22/01/22 15:51:58
/home/pi/reginaldojunior/experimentos/results/socket/600/600/covtypeNorm-StreamingRandomPatchesExecutorMAXChunk-25-4-50-21
22/01/22 15:53:05
22/01/22 15:53:05
/home/pi/reginaldojunior/experimentos/results/socket/600/600/covtypeNorm-OzaBagAdwinExecutorMAXChunk-25-4-50-4
22/01/22 15:54:14
22/01/22 15:54:14
/home/pi/reginaldojunior/experimentos/results/socket/600/600/covtypeNorm-OzaBagAdwinExecutorMAXChunk-25-4-50-24
22/01/22 15:55:23
22/01/22 15:55:23
/home/pi/reginaldojunior/experimentos/results/socket/600/600/covtypeNorm-OzaBagAdwinExecutorMAXChunk-25-4-50-43
22/01/22 15:56:31
22/01/22 15:56:31
/home/pi/reginaldojunior/experimentos/results/socket/600/600/covtypeNorm-OzaBagASHTExecutorMAXChunk-25-4-50-4
22/01/22 15:57:40
22/01/22 15:57:40
/home/pi/reginaldojunior/experimentos/results/socket/600/600/covtypeNorm-OzaBagASHTExecutorMAXChunk-25-4-50-21
22/01/22 15:58:49
22/01/22 15:58:49
/home/pi/reginaldojunior/experimentos/results/socket/600/600/covtypeNorm-OzaBagASHTExecutorMAXChunk-25-4-50-38
22/01/22 15:59:58
22/01/22 15:59:58
/home/pi/reginaldojunior/experimentos/results/socket/600/600/covtypeNorm-OzaBagExecutorMAXChunk-25-4-50-4
22/01/22 16:01:07
22/01/22 16:01:07
/home/pi/reginaldojunior/experimentos/results/socket/600/600/covtypeNorm-OzaBagExecutorMAXChunk-25-4-50-21
22/01/22 16:02:16
22/01/22 16:02:16
/home/pi/reginaldojunior/experimentos/results/socket/600/600/covtypeNorm-OzaBagExecutorMAXChunk-25-4-50-38
22/01/22 16:03:24
22/01/22 16:03:24
/home/pi/reginaldojunior/experimentos/results/socket/600/600/GMSC-AdaptiveRandomForestExecutorMAXChunk-25-4-500-17
22/01/22 16:04:32
22/01/22 16:04:32
/home/pi/reginaldojunior/experimentos/results/socket/600/600/GMSC-AdaptiveRandomForestExecutorMAXChunk-25-4-500-89
22/01/22 16:05:39
22/01/22 16:05:39
/home/pi/reginaldojunior/experimentos/results/socket/600/600/GMSC-AdaptiveRandomForestExecutorMAXChunk-25-4-500-161
22/01/22 16:06:46
22/01/22 16:06:46
/home/pi/reginaldojunior/experimentos/results/socket/600/600/GMSC-LBagExecutorMAXChunk-25-4-500-23
22/01/22 16:07:55
22/01/22 16:07:55
/home/pi/reginaldojunior/experimentos/results/socket/600/600/GMSC-LBagExecutorMAXChunk-25-4-500-117
22/01/22 16:09:04
22/01/22 16:09:04
/home/pi/reginaldojunior/experimentos/results/socket/600/600/GMSC-LBagExecutorMAXChunk-25-4-500-210
22/01/22 16:10:13
22/01/22 16:10:13
/home/pi/reginaldojunior/experimentos/results/socket/600/600/GMSC-StreamingRandomPatchesExecutorMAXChunk-25-4-500-9
22/01/22 16:11:29
22/01/22 16:11:29
/home/pi/reginaldojunior/experimentos/results/socket/600/600/GMSC-StreamingRandomPatchesExecutorMAXChunk-25-4-500-48
22/01/22 16:12:35
22/01/22 16:12:35
/home/pi/reginaldojunior/experimentos/results/socket/600/600/GMSC-StreamingRandomPatchesExecutorMAXChunk-25-4-500-87
22/01/22 16:13:42
22/01/22 16:13:42
/home/pi/reginaldojunior/experimentos/results/socket/600/600/GMSC-OzaBagAdwinExecutorMAXChunk-25-4-500-60
22/01/22 16:14:52
22/01/22 16:14:52
/home/pi/reginaldojunior/experimentos/results/socket/600/600/GMSC-OzaBagAdwinExecutorMAXChunk-25-4-500-303
22/01/22 16:16:01
22/01/22 16:16:01
/home/pi/reginaldojunior/experimentos/results/socket/600/600/GMSC-OzaBagAdwinExecutorMAXChunk-25-4-500-546
22/01/22 16:17:10
22/01/22 16:17:10
/home/pi/reginaldojunior/experimentos/results/socket/600/600/GMSC-OzaBagASHTExecutorMAXChunk-25-4-500-96
22/01/22 16:18:19
22/01/22 16:18:19
/home/pi/reginaldojunior/experimentos/results/socket/600/600/GMSC-OzaBagASHTExecutorMAXChunk-25-4-500-484
22/01/22 16:19:28
22/01/22 16:19:28
/home/pi/reginaldojunior/experimentos/results/socket/600/600/GMSC-OzaBagASHTExecutorMAXChunk-25-4-500-871
22/01/22 16:20:37
22/01/22 16:20:37
/home/pi/reginaldojunior/experimentos/results/socket/600/600/GMSC-OzaBagExecutorMAXChunk-25-4-500-72
22/01/22 16:21:46
22/01/22 16:21:46
/home/pi/reginaldojunior/experimentos/results/socket/600/600/GMSC-OzaBagExecutorMAXChunk-25-4-500-362
22/01/22 16:22:55
22/01/22 16:22:55
/home/pi/reginaldojunior/experimentos/results/socket/600/600/GMSC-OzaBagExecutorMAXChunk-25-4-500-652
22/01/22 16:24:04
22/01/22 16:24:04
/home/pi/reginaldojunior/experimentos/results/socket/600/600/elecNormNew-AdaptiveRandomForestExecutorMAXChunk-25-4-500-10
22/01/22 16:32:33
22/01/22 16:32:34
/home/pi/reginaldojunior/experimentos/results/socket/600/600/elecNormNew-AdaptiveRandomForestExecutorMAXChunk-25-4-500-50
22/01/22 16:33:41
22/01/22 16:33:41
/home/pi/reginaldojunior/experimentos/results/socket/600/600/elecNormNew-AdaptiveRandomForestExecutorMAXChunk-25-4-500-91
22/01/22 16:34:48
22/01/22 16:34:48
/home/pi/reginaldojunior/experimentos/results/socket/600/600/elecNormNew-LBagExecutorMAXChunk-25-4-500-19
22/01/22 16:35:58
22/01/22 16:35:58
/home/pi/reginaldojunior/experimentos/results/socket/600/600/elecNormNew-LBagExecutorMAXChunk-25-4-500-98
22/01/22 16:37:07
22/01/22 16:37:07
/home/pi/reginaldojunior/experimentos/results/socket/600/600/elecNormNew-LBagExecutorMAXChunk-25-4-500-177
22/01/22 16:38:16
22/01/22 16:38:16
/home/pi/reginaldojunior/experimentos/results/socket/600/600/elecNormNew-StreamingRandomPatchesExecutorMAXChunk-25-4-500-6
22/01/22 16:39:32
22/01/22 16:39:32
/home/pi/reginaldojunior/experimentos/results/socket/600/600/elecNormNew-StreamingRandomPatchesExecutorMAXChunk-25-4-500-30
22/01/22 16:40:40
22/01/22 16:40:40
/home/pi/reginaldojunior/experimentos/results/socket/600/600/elecNormNew-StreamingRandomPatchesExecutorMAXChunk-25-4-500-54
22/01/22 16:41:48
22/01/22 16:41:48
/home/pi/reginaldojunior/experimentos/results/socket/600/600/elecNormNew-OzaBagAdwinExecutorMAXChunk-25-4-500-45
22/01/22 16:42:56
22/01/22 16:42:56
/home/pi/reginaldojunior/experimentos/results/socket/600/600/elecNormNew-OzaBagAdwinExecutorMAXChunk-25-4-500-228
22/01/22 16:44:05
22/01/22 16:44:05
/home/pi/reginaldojunior/experimentos/results/socket/600/600/elecNormNew-OzaBagAdwinExecutorMAXChunk-25-4-500-411
22/01/22 16:45:14
22/01/22 16:45:14
/home/pi/reginaldojunior/experimentos/results/socket/600/600/elecNormNew-OzaBagASHTExecutorMAXChunk-25-4-500-48
22/01/22 16:46:23
22/01/22 16:46:23
/home/pi/reginaldojunior/experimentos/results/socket/600/600/elecNormNew-OzaBagASHTExecutorMAXChunk-25-4-500-244
22/01/22 16:47:32
22/01/22 16:47:32
/home/pi/reginaldojunior/experimentos/results/socket/600/600/elecNormNew-OzaBagASHTExecutorMAXChunk-25-4-500-440
22/01/22 16:48:41
22/01/22 16:48:41
/home/pi/reginaldojunior/experimentos/results/socket/600/600/elecNormNew-OzaBagExecutorMAXChunk-25-4-500-53
22/01/22 16:49:50
22/01/22 16:49:50
/home/pi/reginaldojunior/experimentos/results/socket/600/600/elecNormNew-OzaBagExecutorMAXChunk-25-4-500-266
22/01/22 16:50:59
22/01/22 16:50:59
/home/pi/reginaldojunior/experimentos/results/socket/600/600/elecNormNew-OzaBagExecutorMAXChunk-25-4-500-479
22/01/22 16:52:08
22/01/22 16:52:08
/home/pi/reginaldojunior/experimentos/results/socket/600/600/covtypeNorm-AdaptiveRandomForestExecutorMAXChunk-25-4-500-7
22/01/22 16:53:24
22/01/22 16:53:24
/home/pi/reginaldojunior/experimentos/results/socket/600/600/covtypeNorm-AdaptiveRandomForestExecutorMAXChunk-25-4-500-36
22/01/22 16:54:31
22/01/22 16:54:31
/home/pi/reginaldojunior/experimentos/results/socket/600/600/covtypeNorm-AdaptiveRandomForestExecutorMAXChunk-25-4-500-66
22/01/22 16:55:38
22/01/22 16:55:38
/home/pi/reginaldojunior/experimentos/results/socket/600/600/covtypeNorm-LBagExecutorMAXChunk-25-4-500-4
22/01/22 16:56:49
22/01/22 16:56:49
/home/pi/reginaldojunior/experimentos/results/socket/600/600/covtypeNorm-LBagExecutorMAXChunk-25-4-500-21
22/01/22 16:58:00
22/01/22 16:58:00
/home/pi/reginaldojunior/experimentos/results/socket/600/600/covtypeNorm-LBagExecutorMAXChunk-25-4-500-38
22/01/22 16:59:09
22/01/22 16:59:09
/home/pi/reginaldojunior/experimentos/results/socket/600/600/covtypeNorm-StreamingRandomPatchesExecutorMAXChunk-25-4-500-2
22/01/22 17:08:41
22/01/22 17:08:41
/home/pi/reginaldojunior/experimentos/results/socket/600/600/covtypeNorm-StreamingRandomPatchesExecutorMAXChunk-25-4-500-12
22/01/22 17:09:55
22/01/22 17:09:55
/home/pi/reginaldojunior/experimentos/results/socket/600/600/covtypeNorm-StreamingRandomPatchesExecutorMAXChunk-25-4-500-21
22/01/22 17:11:04
22/01/22 17:11:04
/home/pi/reginaldojunior/experimentos/results/socket/600/600/covtypeNorm-OzaBagAdwinExecutorMAXChunk-25-4-500-3
22/01/22 17:12:14
22/01/22 17:12:14
/home/pi/reginaldojunior/experimentos/results/socket/600/600/covtypeNorm-OzaBagAdwinExecutorMAXChunk-25-4-500-19
22/01/22 17:13:24
22/01/22 17:13:24
/home/pi/reginaldojunior/experimentos/results/socket/600/600/covtypeNorm-OzaBagAdwinExecutorMAXChunk-25-4-500-34
22/01/22 17:14:34
22/01/22 17:14:34
/home/pi/reginaldojunior/experimentos/results/socket/600/600/covtypeNorm-OzaBagASHTExecutorMAXChunk-25-4-500-5
22/01/22 17:15:44
22/01/22 17:15:44
/home/pi/reginaldojunior/experimentos/results/socket/600/600/covtypeNorm-OzaBagASHTExecutorMAXChunk-25-4-500-29
22/01/22 17:16:53
22/01/22 17:16:53
/home/pi/reginaldojunior/experimentos/results/socket/600/600/covtypeNorm-OzaBagASHTExecutorMAXChunk-25-4-500-52
22/01/22 17:18:05
22/01/22 17:18:05
/home/pi/reginaldojunior/experimentos/results/socket/600/600/covtypeNorm-OzaBagExecutorMAXChunk-25-4-500-4
22/01/22 17:19:14
22/01/22 17:19:14
/home/pi/reginaldojunior/experimentos/results/socket/600/600/covtypeNorm-OzaBagExecutorMAXChunk-25-4-500-22
22/01/22 17:20:23
22/01/22 17:20:23
/home/pi/reginaldojunior/experimentos/results/socket/600/600/covtypeNorm-OzaBagExecutorMAXChunk-25-4-500-41
22/01/22 17:21:33
22/01/22 17:21:33
/home/pi/reginaldojunior/experimentos/results/socket/600/600/GMSC-AdaptiveRandomForestExecutorMAXChunk-25-4-2000-15
22/01/22 17:22:50
22/01/22 17:22:50
/home/pi/reginaldojunior/experimentos/results/socket/600/600/GMSC-AdaptiveRandomForestExecutorMAXChunk-25-4-2000-79
22/01/22 17:23:57
22/01/22 17:23:57
/home/pi/reginaldojunior/experimentos/results/socket/600/600/GMSC-AdaptiveRandomForestExecutorMAXChunk-25-4-2000-143
22/01/22 17:25:04
22/01/22 17:25:04
/home/pi/reginaldojunior/experimentos/results/socket/600/600/GMSC-LBagExecutorMAXChunk-25-4-2000-21
22/01/22 17:26:22
22/01/22 17:26:22
/home/pi/reginaldojunior/experimentos/results/socket/600/600/GMSC-LBagExecutorMAXChunk-25-4-2000-105
22/01/22 17:27:32
22/01/22 17:27:32
/home/pi/reginaldojunior/experimentos/results/socket/600/600/GMSC-LBagExecutorMAXChunk-25-4-2000-189
22/01/22 17:28:42
22/01/22 17:28:43
/home/pi/reginaldojunior/experimentos/results/socket/600/600/GMSC-StreamingRandomPatchesExecutorMAXChunk-25-4-2000-9
22/01/22 17:29:58
22/01/22 17:29:58
/home/pi/reginaldojunior/experimentos/results/socket/600/600/GMSC-StreamingRandomPatchesExecutorMAXChunk-25-4-2000-47
22/01/22 17:36:34
22/01/22 17:36:34
/home/pi/reginaldojunior/experimentos/results/socket/600/600/GMSC-StreamingRandomPatchesExecutorMAXChunk-25-4-2000-84
22/01/22 17:37:42
22/01/22 17:37:42
/home/pi/reginaldojunior/experimentos/results/socket/600/600/GMSC-OzaBagAdwinExecutorMAXChunk-25-4-2000-55
22/01/22 17:38:51
22/01/22 17:38:51
/home/pi/reginaldojunior/experimentos/results/socket/600/600/GMSC-OzaBagAdwinExecutorMAXChunk-25-4-2000-278
22/01/22 17:40:01
22/01/22 17:40:01
/home/pi/reginaldojunior/experimentos/results/socket/600/600/GMSC-OzaBagAdwinExecutorMAXChunk-25-4-2000-502
22/01/22 17:41:10
22/01/22 17:41:10
/home/pi/reginaldojunior/experimentos/results/socket/600/600/GMSC-OzaBagASHTExecutorMAXChunk-25-4-2000-82
22/01/22 17:42:19
22/01/22 17:42:19
/home/pi/reginaldojunior/experimentos/results/socket/600/600/GMSC-OzaBagASHTExecutorMAXChunk-25-4-2000-411
22/01/22 17:43:28
22/01/22 17:43:28
/home/pi/reginaldojunior/experimentos/results/socket/600/600/GMSC-OzaBagASHTExecutorMAXChunk-25-4-2000-740
22/01/22 17:44:37
22/01/22 17:44:37
/home/pi/reginaldojunior/experimentos/results/socket/600/600/GMSC-OzaBagExecutorMAXChunk-25-4-2000-65
22/01/22 17:45:49
22/01/22 17:45:49
/home/pi/reginaldojunior/experimentos/results/socket/600/600/GMSC-OzaBagExecutorMAXChunk-25-4-2000-329
22/01/22 17:46:58
22/01/22 17:46:58
/home/pi/reginaldojunior/experimentos/results/socket/600/600/GMSC-OzaBagExecutorMAXChunk-25-4-2000-593
22/01/22 17:48:07
22/01/22 17:48:07
/home/pi/reginaldojunior/experimentos/results/socket/600/600/elecNormNew-AdaptiveRandomForestExecutorMAXChunk-25-4-2000-9
22/01/22 17:49:20
22/01/22 17:49:20
/home/pi/reginaldojunior/experimentos/results/socket/600/600/elecNormNew-AdaptiveRandomForestExecutorMAXChunk-25-4-2000-49
22/01/22 17:51:52
22/01/22 17:51:52
/home/pi/reginaldojunior/experimentos/results/socket/600/600/elecNormNew-AdaptiveRandomForestExecutorMAXChunk-25-4-2000-89
22/01/22 17:53:01
22/01/22 17:53:01
/home/pi/reginaldojunior/experimentos/results/socket/600/600/elecNormNew-LBagExecutorMAXChunk-25-4-2000-18
22/01/22 17:54:22
22/01/22 17:54:22
/home/pi/reginaldojunior/experimentos/results/socket/600/600/elecNormNew-LBagExecutorMAXChunk-25-4-2000-91
22/01/22 17:55:33
22/01/22 17:55:33
/home/pi/reginaldojunior/experimentos/results/socket/600/600/elecNormNew-LBagExecutorMAXChunk-25-4-2000-164
22/01/22 17:56:43
22/01/22 17:56:43
/home/pi/reginaldojunior/experimentos/results/socket/600/600/elecNormNew-StreamingRandomPatchesExecutorMAXChunk-25-4-2000-6
22/01/22 17:57:59
22/01/22 17:57:59
/home/pi/reginaldojunior/experimentos/results/socket/600/600/elecNormNew-StreamingRandomPatchesExecutorMAXChunk-25-4-2000-31
22/01/22 17:59:25
22/01/22 17:59:25
/home/pi/reginaldojunior/experimentos/results/socket/600/600/elecNormNew-StreamingRandomPatchesExecutorMAXChunk-25-4-2000-56
22/01/22 18:00:36
22/01/22 18:00:36
/home/pi/reginaldojunior/experimentos/results/socket/600/600/elecNormNew-OzaBagAdwinExecutorMAXChunk-25-4-2000-42
22/01/22 18:01:45
22/01/22 18:01:45
/home/pi/reginaldojunior/experimentos/results/socket/600/600/elecNormNew-OzaBagAdwinExecutorMAXChunk-25-4-2000-214
22/01/22 18:02:54
22/01/22 18:02:54
/home/pi/reginaldojunior/experimentos/results/socket/600/600/elecNormNew-OzaBagAdwinExecutorMAXChunk-25-4-2000-386
22/01/22 18:04:03
22/01/22 18:04:03
/home/pi/reginaldojunior/experimentos/results/socket/600/600/elecNormNew-OzaBagASHTExecutorMAXChunk-25-4-2000-46
22/01/22 18:05:13
22/01/22 18:05:13
/home/pi/reginaldojunior/experimentos/results/socket/600/600/elecNormNew-OzaBagASHTExecutorMAXChunk-25-4-2000-231
22/01/22 18:06:23
22/01/22 18:06:23
/home/pi/reginaldojunior/experimentos/results/socket/600/600/elecNormNew-OzaBagASHTExecutorMAXChunk-25-4-2000-416
22/01/22 18:07:32
22/01/22 18:07:32
/home/pi/reginaldojunior/experimentos/results/socket/600/600/elecNormNew-OzaBagExecutorMAXChunk-25-4-2000-50
22/01/22 18:08:42
22/01/22 18:08:42
/home/pi/reginaldojunior/experimentos/results/socket/600/600/elecNormNew-OzaBagExecutorMAXChunk-25-4-2000-251
22/01/22 18:09:51
22/01/22 18:09:51
/home/pi/reginaldojunior/experimentos/results/socket/600/600/elecNormNew-OzaBagExecutorMAXChunk-25-4-2000-452
22/01/22 18:11:01
22/01/22 18:11:01
/home/pi/reginaldojunior/experimentos/results/socket/600/600/covtypeNorm-AdaptiveRandomForestExecutorMAXChunk-25-4-2000-6
22/01/22 18:12:17
22/01/22 18:12:17
/home/pi/reginaldojunior/experimentos/results/socket/600/600/covtypeNorm-AdaptiveRandomForestExecutorMAXChunk-25-4-2000-30
22/01/22 18:13:51
22/01/22 18:13:51
/home/pi/reginaldojunior/experimentos/results/socket/600/600/covtypeNorm-AdaptiveRandomForestExecutorMAXChunk-25-4-2000-54
22/01/22 18:19:44
22/01/22 18:19:44
/home/pi/reginaldojunior/experimentos/results/socket/600/600/covtypeNorm-LBagExecutorMAXChunk-25-4-2000-4
22/01/22 18:21:05
22/01/22 18:21:05
/home/pi/reginaldojunior/experimentos/results/socket/600/600/covtypeNorm-LBagExecutorMAXChunk-25-4-2000-23
22/01/22 18:22:25
22/01/22 18:22:25
/home/pi/reginaldojunior/experimentos/results/socket/600/600/covtypeNorm-LBagExecutorMAXChunk-25-4-2000-42
22/01/22 18:23:43
22/01/22 18:23:43
/home/pi/reginaldojunior/experimentos/results/socket/600/600/covtypeNorm-StreamingRandomPatchesExecutorMAXChunk-25-4-2000-2
22/01/22 18:25:06
22/01/22 18:25:06
/home/pi/reginaldojunior/experimentos/results/socket/600/600/covtypeNorm-StreamingRandomPatchesExecutorMAXChunk-25-4-2000-13
22/01/22 18:26:29
22/01/22 18:26:29
/home/pi/reginaldojunior/experimentos/results/socket/600/600/covtypeNorm-StreamingRandomPatchesExecutorMAXChunk-25-4-2000-24
22/01/22 18:28:00
22/01/22 18:28:00
/home/pi/reginaldojunior/experimentos/results/socket/600/600/covtypeNorm-OzaBagAdwinExecutorMAXChunk-25-4-2000-4
22/01/22 18:29:16
22/01/22 18:29:16
/home/pi/reginaldojunior/experimentos/results/socket/600/600/covtypeNorm-OzaBagAdwinExecutorMAXChunk-25-4-2000-24
22/01/22 18:30:32
22/01/22 18:30:32
/home/pi/reginaldojunior/experimentos/results/socket/600/600/covtypeNorm-OzaBagAdwinExecutorMAXChunk-25-4-2000-43
22/01/22 18:31:43
22/01/22 18:31:43
/home/pi/reginaldojunior/experimentos/results/socket/600/600/covtypeNorm-OzaBagASHTExecutorMAXChunk-25-4-2000-6
22/01/22 18:32:55
22/01/22 18:32:55
/home/pi/reginaldojunior/experimentos/results/socket/600/600/covtypeNorm-OzaBagASHTExecutorMAXChunk-25-4-2000-30
22/01/22 18:34:11
22/01/22 18:34:11
/home/pi/reginaldojunior/experimentos/results/socket/600/600/covtypeNorm-OzaBagASHTExecutorMAXChunk-25-4-2000-54
22/01/22 18:35:24
22/01/22 18:35:24
/home/pi/reginaldojunior/experimentos/results/socket/600/600/covtypeNorm-OzaBagExecutorMAXChunk-25-4-2000-4
22/01/22 18:36:40
22/01/22 18:36:40
/home/pi/reginaldojunior/experimentos/results/socket/600/600/covtypeNorm-OzaBagExecutorMAXChunk-25-4-2000-24
22/01/22 18:37:56
22/01/22 18:37:56
/home/pi/reginaldojunior/experimentos/results/socket/600/600/covtypeNorm-OzaBagExecutorMAXChunk-25-4-2000-43
22/01/22 18:39:07
28/01/22 19:17:59
/home/pi/reginaldojunior/experimentos/results/socket/600/600/elecNormNew-AdaptiveRandomForestExecutorMAXChunk-25-4-50-40
28/01/22 19:18:04
28/01/22 19:18:04
28/01/22 19:19:03
/home/pi/reginaldojunior/experimentos/results/socket/600/600/elecNormNew-AdaptiveRandomForestExecutorMAXChunk-25-4-50-40
28/01/22 19:20:10
28/01/22 19:20:10
/home/pi/reginaldojunior/experimentos/results/socket/600/600/elecNormNew-AdaptiveRandomForestExecutorMAXChunk-25-4-50-202
28/01/22 19:21:17
28/01/22 19:21:17
/home/pi/reginaldojunior/experimentos/results/socket/600/600/elecNormNew-AdaptiveRandomForestExecutorMAXChunk-25-4-50-365
28/01/22 19:22:23
28/01/22 19:22:23
/home/pi/reginaldojunior/experimentos/results/socket/600/600/elecNormNew-LBagExecutorMAXChunk-25-4-50-60
28/01/22 19:23:32
28/01/22 19:23:32
/home/pi/reginaldojunior/experimentos/results/socket/600/600/elecNormNew-LBagExecutorMAXChunk-25-4-50-302
28/01/22 19:24:41
28/01/22 19:24:41
/home/pi/reginaldojunior/experimentos/results/socket/600/600/elecNormNew-LBagExecutorMAXChunk-25-4-50-544
28/01/22 19:25:50
28/01/22 19:25:50
/home/pi/reginaldojunior/experimentos/results/socket/600/600/elecNormNew-StreamingRandomPatchesExecutorMAXChunk-25-4-50-19
28/01/22 19:26:57
28/01/22 19:26:57
/home/pi/reginaldojunior/experimentos/results/socket/600/600/elecNormNew-StreamingRandomPatchesExecutorMAXChunk-25-4-50-98
28/01/22 19:28:03
28/01/22 19:28:03
/home/pi/reginaldojunior/experimentos/results/socket/600/600/elecNormNew-StreamingRandomPatchesExecutorMAXChunk-25-4-50-177
28/01/22 19:29:10
28/01/22 19:29:10
/home/pi/reginaldojunior/experimentos/results/socket/600/600/elecNormNew-OzaBagAdwinExecutorMAXChunk-25-4-50-117
28/01/22 19:30:18
28/01/22 19:30:18
/home/pi/reginaldojunior/experimentos/results/socket/600/600/elecNormNew-OzaBagAdwinExecutorMAXChunk-25-4-50-589
28/01/22 19:31:27
28/01/22 19:31:27
/home/pi/reginaldojunior/experimentos/results/socket/600/600/elecNormNew-OzaBagAdwinExecutorMAXChunk-25-4-50-1060
28/01/22 19:32:19
28/01/22 19:32:19
/home/pi/reginaldojunior/experimentos/results/socket/600/600/elecNormNew-OzaBagASHTExecutorMAXChunk-25-4-50-138
28/01/22 19:33:28
28/01/22 19:33:28
/home/pi/reginaldojunior/experimentos/results/socket/600/600/elecNormNew-OzaBagASHTExecutorMAXChunk-25-4-50-690
28/01/22 19:34:37
28/01/22 19:34:37
/home/pi/reginaldojunior/experimentos/results/socket/600/600/elecNormNew-OzaBagASHTExecutorMAXChunk-25-4-50-1243
28/01/22 19:35:23
28/01/22 19:35:23
/home/pi/reginaldojunior/experimentos/results/socket/600/600/elecNormNew-OzaBagExecutorMAXChunk-25-4-50-142
28/01/22 19:36:32
28/01/22 19:36:32
/home/pi/reginaldojunior/experimentos/results/socket/600/600/elecNormNew-OzaBagExecutorMAXChunk-25-4-50-712
28/01/22 19:37:41
28/01/22 19:37:41
/home/pi/reginaldojunior/experimentos/results/socket/600/600/elecNormNew-OzaBagExecutorMAXChunk-25-4-50-1283
28/01/22 19:38:25
28/01/22 19:38:25
/home/pi/reginaldojunior/experimentos/results/socket/600/600/covtypeNorm-AdaptiveRandomForestExecutorMAXChunk-25-4-50-31
28/01/22 19:39:31
28/01/22 19:39:31
/home/pi/reginaldojunior/experimentos/results/socket/600/600/covtypeNorm-AdaptiveRandomForestExecutorMAXChunk-25-4-50-158
28/01/22 19:40:38
28/01/22 19:40:38
/home/pi/reginaldojunior/experimentos/results/socket/600/600/covtypeNorm-AdaptiveRandomForestExecutorMAXChunk-25-4-50-285
28/01/22 19:41:45
28/01/22 19:41:45
/home/pi/reginaldojunior/experimentos/results/socket/600/600/covtypeNorm-LBagExecutorMAXChunk-25-4-50-15
28/01/22 19:42:53
28/01/22 19:42:53
/home/pi/reginaldojunior/experimentos/results/socket/600/600/covtypeNorm-LBagExecutorMAXChunk-25-4-50-77
28/01/22 19:44:02
28/01/22 19:44:02
/home/pi/reginaldojunior/experimentos/results/socket/600/600/covtypeNorm-LBagExecutorMAXChunk-25-4-50-139
28/01/22 19:45:11
28/01/22 19:45:11
/home/pi/reginaldojunior/experimentos/results/socket/600/600/covtypeNorm-StreamingRandomPatchesExecutorMAXChunk-25-4-50-7
28/01/22 19:46:18
28/01/22 19:46:18
/home/pi/reginaldojunior/experimentos/results/socket/600/600/covtypeNorm-StreamingRandomPatchesExecutorMAXChunk-25-4-50-37
28/01/22 19:47:25
28/01/22 19:47:25
/home/pi/reginaldojunior/experimentos/results/socket/600/600/covtypeNorm-StreamingRandomPatchesExecutorMAXChunk-25-4-50-68
28/01/22 19:48:32
28/01/22 19:48:33
/home/pi/reginaldojunior/experimentos/results/socket/600/600/covtypeNorm-OzaBagAdwinExecutorMAXChunk-25-4-50-19
28/01/22 19:49:41
28/01/22 19:49:41
/home/pi/reginaldojunior/experimentos/results/socket/600/600/covtypeNorm-OzaBagAdwinExecutorMAXChunk-25-4-50-95
28/01/22 19:50:50
28/01/22 19:50:50
/home/pi/reginaldojunior/experimentos/results/socket/600/600/covtypeNorm-OzaBagAdwinExecutorMAXChunk-25-4-50-171
28/01/22 19:51:59
28/01/22 19:51:59
/home/pi/reginaldojunior/experimentos/results/socket/600/600/covtypeNorm-OzaBagASHTExecutorMAXChunk-25-4-50-20
28/01/22 19:53:08
28/01/22 19:53:08
/home/pi/reginaldojunior/experimentos/results/socket/600/600/covtypeNorm-OzaBagASHTExecutorMAXChunk-25-4-50-103
28/01/22 19:54:17
28/01/22 19:54:17
/home/pi/reginaldojunior/experimentos/results/socket/600/600/covtypeNorm-OzaBagASHTExecutorMAXChunk-25-4-50-186
28/01/22 19:55:25
28/01/22 19:55:25
/home/pi/reginaldojunior/experimentos/results/socket/600/600/covtypeNorm-OzaBagExecutorMAXChunk-25-4-50-20
28/01/22 19:56:34
28/01/22 19:56:34
/home/pi/reginaldojunior/experimentos/results/socket/600/600/covtypeNorm-OzaBagExecutorMAXChunk-25-4-50-100
28/01/22 19:57:43
28/01/22 19:57:43
/home/pi/reginaldojunior/experimentos/results/socket/600/600/covtypeNorm-OzaBagExecutorMAXChunk-25-4-50-181
28/01/22 19:58:52
28/01/22 19:58:52
/home/pi/reginaldojunior/experimentos/results/socket/600/600/airlines-AdaptiveRandomForestExecutorMAXChunk-25-4-50-7
28/01/22 19:59:59
28/01/22 19:59:59
/home/pi/reginaldojunior/experimentos/results/socket/600/600/airlines-AdaptiveRandomForestExecutorMAXChunk-25-4-50-39
28/01/22 20:01:06
28/01/22 20:01:06
/home/pi/reginaldojunior/experimentos/results/socket/600/600/airlines-AdaptiveRandomForestExecutorMAXChunk-25-4-50-70
28/01/22 20:02:12
28/01/22 20:02:12
/home/pi/reginaldojunior/experimentos/results/socket/600/600/airlines-LBagExecutorMAXChunk-25-4-50-6
28/01/22 20:03:21
28/01/22 20:03:21
/home/pi/reginaldojunior/experimentos/results/socket/600/600/airlines-LBagExecutorMAXChunk-25-4-50-32
28/01/22 20:04:30
28/01/22 20:04:30
/home/pi/reginaldojunior/experimentos/results/socket/600/600/airlines-LBagExecutorMAXChunk-25-4-50-57
28/01/22 20:05:40
28/01/22 20:05:40
/home/pi/reginaldojunior/experimentos/results/socket/600/600/airlines-StreamingRandomPatchesExecutorMAXChunk-25-4-50-8
28/01/22 20:06:48
28/01/22 20:06:48
/home/pi/reginaldojunior/experimentos/results/socket/600/600/airlines-StreamingRandomPatchesExecutorMAXChunk-25-4-50-40
28/01/22 20:07:54
28/01/22 20:07:54
/home/pi/reginaldojunior/experimentos/results/socket/600/600/airlines-StreamingRandomPatchesExecutorMAXChunk-25-4-50-72
28/01/22 20:09:01
28/01/22 20:09:01
/home/pi/reginaldojunior/experimentos/results/socket/600/600/airlines-OzaBagAdwinExecutorMAXChunk-25-4-50-24
28/01/22 20:10:10
28/01/22 20:10:10
/home/pi/reginaldojunior/experimentos/results/socket/600/600/airlines-OzaBagAdwinExecutorMAXChunk-25-4-50-121
28/01/22 20:11:19
28/01/22 20:11:19
/home/pi/reginaldojunior/experimentos/results/socket/600/600/airlines-OzaBagAdwinExecutorMAXChunk-25-4-50-218
28/01/22 20:12:28
28/01/22 20:12:28
/home/pi/reginaldojunior/experimentos/results/socket/600/600/airlines-OzaBagASHTExecutorMAXChunk-25-4-50-23
28/01/22 20:13:37
28/01/22 20:13:37
/home/pi/reginaldojunior/experimentos/results/socket/600/600/airlines-OzaBagASHTExecutorMAXChunk-25-4-50-116
28/01/22 20:14:46
28/01/22 20:14:46
/home/pi/reginaldojunior/experimentos/results/socket/600/600/airlines-OzaBagASHTExecutorMAXChunk-25-4-50-209
28/01/22 20:15:56
28/01/22 20:15:56
/home/pi/reginaldojunior/experimentos/results/socket/600/600/airlines-OzaBagExecutorMAXChunk-25-4-50-20
28/01/22 20:17:04
28/01/22 20:17:05
/home/pi/reginaldojunior/experimentos/results/socket/600/600/airlines-OzaBagExecutorMAXChunk-25-4-50-100
28/01/22 20:18:13
28/01/22 20:18:13
/home/pi/reginaldojunior/experimentos/results/socket/600/600/airlines-OzaBagExecutorMAXChunk-25-4-50-181
28/01/22 20:19:22
28/01/22 20:19:22
/home/pi/reginaldojunior/experimentos/results/socket/600/600/GMSC-AdaptiveRandomForestExecutorMAXChunk-25-4-50-66
28/01/22 20:20:29
28/01/22 20:20:29
/home/pi/reginaldojunior/experimentos/results/socket/600/600/GMSC-AdaptiveRandomForestExecutorMAXChunk-25-4-50-333
28/01/22 20:21:36
28/01/22 20:21:36
/home/pi/reginaldojunior/experimentos/results/socket/600/600/GMSC-AdaptiveRandomForestExecutorMAXChunk-25-4-50-600
28/01/22 20:22:42
28/01/22 20:22:42
/home/pi/reginaldojunior/experimentos/results/socket/600/600/GMSC-LBagExecutorMAXChunk-25-4-50-83
28/01/22 20:23:51
28/01/22 20:23:51
/home/pi/reginaldojunior/experimentos/results/socket/600/600/GMSC-LBagExecutorMAXChunk-25-4-50-418
28/01/22 20:25:00
28/01/22 20:25:00
/home/pi/reginaldojunior/experimentos/results/socket/600/600/GMSC-LBagExecutorMAXChunk-25-4-50-753
28/01/22 20:26:10
28/01/22 20:26:10
/home/pi/reginaldojunior/experimentos/results/socket/600/600/GMSC-StreamingRandomPatchesExecutorMAXChunk-25-4-50-34
28/01/22 20:27:17
28/01/22 20:27:17
/home/pi/reginaldojunior/experimentos/results/socket/600/600/GMSC-StreamingRandomPatchesExecutorMAXChunk-25-4-50-174
28/01/22 20:28:24
28/01/22 20:28:24
/home/pi/reginaldojunior/experimentos/results/socket/600/600/GMSC-StreamingRandomPatchesExecutorMAXChunk-25-4-50-314
28/01/22 20:29:31
28/01/22 20:29:31
/home/pi/reginaldojunior/experimentos/results/socket/600/600/GMSC-OzaBagAdwinExecutorMAXChunk-25-4-50-204
28/01/22 20:30:40
28/01/22 20:30:40
/home/pi/reginaldojunior/experimentos/results/socket/600/600/GMSC-OzaBagAdwinExecutorMAXChunk-25-4-50-1024
28/01/22 20:31:49
28/01/22 20:31:49
/home/pi/reginaldojunior/experimentos/results/socket/600/600/GMSC-OzaBagAdwinExecutorMAXChunk-25-4-50-1843
28/01/22 20:32:58
28/01/22 20:32:58
/home/pi/reginaldojunior/experimentos/results/socket/600/600/GMSC-OzaBagASHTExecutorMAXChunk-25-4-50-217
28/01/22 20:34:07
28/01/22 20:34:07
/home/pi/reginaldojunior/experimentos/results/socket/600/600/GMSC-OzaBagASHTExecutorMAXChunk-25-4-50-1087
28/01/22 20:35:15
28/01/22 20:35:15
/home/pi/reginaldojunior/experimentos/results/socket/600/600/GMSC-OzaBagASHTExecutorMAXChunk-25-4-50-1956
28/01/22 20:36:24
28/01/22 20:36:24
/home/pi/reginaldojunior/experimentos/results/socket/600/600/GMSC-OzaBagExecutorMAXChunk-25-4-50-205
28/01/22 20:37:33
28/01/22 20:37:33
/home/pi/reginaldojunior/experimentos/results/socket/600/600/GMSC-OzaBagExecutorMAXChunk-25-4-50-1029
28/01/22 20:38:42
28/01/22 20:38:42
/home/pi/reginaldojunior/experimentos/results/socket/600/600/GMSC-OzaBagExecutorMAXChunk-25-4-50-1852
28/01/22 20:39:51
28/01/22 20:39:51
/home/pi/reginaldojunior/experimentos/results/socket/600/600/elecNormNew-AdaptiveRandomForestExecutorMAXChunk-25-4-500-41
28/01/22 20:40:59
28/01/22 20:40:59
/home/pi/reginaldojunior/experimentos/results/socket/600/600/elecNormNew-AdaptiveRandomForestExecutorMAXChunk-25-4-500-207
28/01/22 20:42:06
28/01/22 20:42:06
/home/pi/reginaldojunior/experimentos/results/socket/600/600/elecNormNew-AdaptiveRandomForestExecutorMAXChunk-25-4-500-373
28/01/22 20:43:13
28/01/22 20:43:13
/home/pi/reginaldojunior/experimentos/results/socket/600/600/elecNormNew-LBagExecutorMAXChunk-25-4-500-67
28/01/22 20:44:22
28/01/22 20:44:22
/home/pi/reginaldojunior/experimentos/results/socket/600/600/elecNormNew-LBagExecutorMAXChunk-25-4-500-335
28/01/22 20:45:31
28/01/22 20:45:31
/home/pi/reginaldojunior/experimentos/results/socket/600/600/elecNormNew-LBagExecutorMAXChunk-25-4-500-603
28/01/22 20:46:40
28/01/22 20:46:40
/home/pi/reginaldojunior/experimentos/results/socket/600/600/elecNormNew-StreamingRandomPatchesExecutorMAXChunk-25-4-500-20
28/01/22 20:47:47
28/01/22 20:47:47
/home/pi/reginaldojunior/experimentos/results/socket/600/600/elecNormNew-StreamingRandomPatchesExecutorMAXChunk-25-4-500-103
28/01/22 20:48:55
28/01/22 20:48:55
/home/pi/reginaldojunior/experimentos/results/socket/600/600/elecNormNew-StreamingRandomPatchesExecutorMAXChunk-25-4-500-186
28/01/22 20:50:03
28/01/22 20:50:03
/home/pi/reginaldojunior/experimentos/results/socket/600/600/elecNormNew-OzaBagAdwinExecutorMAXChunk-25-4-500-134
28/01/22 20:51:12
28/01/22 20:51:12
/home/pi/reginaldojunior/experimentos/results/socket/600/600/elecNormNew-OzaBagAdwinExecutorMAXChunk-25-4-500-674
28/01/22 20:52:21
28/01/22 20:52:21
/home/pi/reginaldojunior/experimentos/results/socket/600/600/elecNormNew-OzaBagAdwinExecutorMAXChunk-25-4-500-1213
28/01/22 20:53:07
28/01/22 20:53:07
/home/pi/reginaldojunior/experimentos/results/socket/600/600/elecNormNew-OzaBagASHTExecutorMAXChunk-25-4-500-157
28/01/22 20:54:16
28/01/22 20:54:16
/home/pi/reginaldojunior/experimentos/results/socket/600/600/elecNormNew-OzaBagASHTExecutorMAXChunk-25-4-500-787
28/01/22 20:55:23
28/01/22 20:55:23
/home/pi/reginaldojunior/experimentos/results/socket/600/600/elecNormNew-OzaBagASHTExecutorMAXChunk-25-4-500-1418
28/01/22 20:56:04
28/01/22 20:56:04
/home/pi/reginaldojunior/experimentos/results/socket/600/600/elecNormNew-OzaBagExecutorMAXChunk-25-4-500-156
28/01/22 20:57:13
28/01/22 20:57:13
/home/pi/reginaldojunior/experimentos/results/socket/600/600/elecNormNew-OzaBagExecutorMAXChunk-25-4-500-782
28/01/22 20:58:20
28/01/22 20:58:20
/home/pi/reginaldojunior/experimentos/results/socket/600/600/elecNormNew-OzaBagExecutorMAXChunk-25-4-500-1408
28/01/22 20:59:01
28/01/22 20:59:01
/home/pi/reginaldojunior/experimentos/results/socket/600/600/covtypeNorm-AdaptiveRandomForestExecutorMAXChunk-25-4-500-25
28/01/22 21:00:09
28/01/22 21:00:09
/home/pi/reginaldojunior/experimentos/results/socket/600/600/covtypeNorm-AdaptiveRandomForestExecutorMAXChunk-25-4-500-128
28/01/22 21:01:17
28/01/22 21:01:17
/home/pi/reginaldojunior/experimentos/results/socket/600/600/covtypeNorm-AdaptiveRandomForestExecutorMAXChunk-25-4-500-232
28/01/22 21:02:25
28/01/22 21:02:25
/home/pi/reginaldojunior/experimentos/results/socket/600/600/covtypeNorm-LBagExecutorMAXChunk-25-4-500-19
28/01/22 21:03:36
28/01/22 21:03:36
/home/pi/reginaldojunior/experimentos/results/socket/600/600/covtypeNorm-LBagExecutorMAXChunk-25-4-500-95
28/01/22 21:04:45
28/01/22 21:04:45
/home/pi/reginaldojunior/experimentos/results/socket/600/600/covtypeNorm-LBagExecutorMAXChunk-25-4-500-172
28/01/22 21:05:55
28/01/22 21:05:55
/home/pi/reginaldojunior/experimentos/results/socket/600/600/covtypeNorm-StreamingRandomPatchesExecutorMAXChunk-25-4-500-8
28/01/22 21:07:15
28/01/22 21:07:15
/home/pi/reginaldojunior/experimentos/results/socket/600/600/covtypeNorm-StreamingRandomPatchesExecutorMAXChunk-25-4-500-40
28/01/22 21:08:25
28/01/22 21:08:25
/home/pi/reginaldojunior/experimentos/results/socket/600/600/covtypeNorm-StreamingRandomPatchesExecutorMAXChunk-25-4-500-72
28/01/22 21:09:32
28/01/22 21:09:32
/home/pi/reginaldojunior/experimentos/results/socket/600/600/covtypeNorm-OzaBagAdwinExecutorMAXChunk-25-4-500-21
28/01/22 21:10:41
28/01/22 21:10:41
/home/pi/reginaldojunior/experimentos/results/socket/600/600/covtypeNorm-OzaBagAdwinExecutorMAXChunk-25-4-500-106
28/01/22 21:11:51
28/01/22 21:11:51
/home/pi/reginaldojunior/experimentos/results/socket/600/600/covtypeNorm-OzaBagAdwinExecutorMAXChunk-25-4-500-190
28/01/22 21:13:01
28/01/22 21:13:01
/home/pi/reginaldojunior/experimentos/results/socket/600/600/covtypeNorm-OzaBagASHTExecutorMAXChunk-25-4-500-26
28/01/22 21:14:11
28/01/22 21:14:11
/home/pi/reginaldojunior/experimentos/results/socket/600/600/covtypeNorm-OzaBagASHTExecutorMAXChunk-25-4-500-130
28/01/22 21:15:21
28/01/22 21:15:21
/home/pi/reginaldojunior/experimentos/results/socket/600/600/covtypeNorm-OzaBagASHTExecutorMAXChunk-25-4-500-234
28/01/22 21:16:30
28/01/22 21:16:30
/home/pi/reginaldojunior/experimentos/results/socket/600/600/covtypeNorm-OzaBagExecutorMAXChunk-25-4-500-22
28/01/22 21:17:39
28/01/22 21:17:39
/home/pi/reginaldojunior/experimentos/results/socket/600/600/covtypeNorm-OzaBagExecutorMAXChunk-25-4-500-111
28/01/22 21:18:49
28/01/22 21:18:49
/home/pi/reginaldojunior/experimentos/results/socket/600/600/covtypeNorm-OzaBagExecutorMAXChunk-25-4-500-200
28/01/22 21:20:01
28/01/22 21:20:01
/home/pi/reginaldojunior/experimentos/results/socket/600/600/airlines-AdaptiveRandomForestExecutorMAXChunk-25-4-500-8
28/01/22 21:21:24
28/01/22 21:21:24
/home/pi/reginaldojunior/experimentos/results/socket/600/600/airlines-AdaptiveRandomForestExecutorMAXChunk-25-4-500-40
28/01/22 21:22:35
28/01/22 21:22:35
/home/pi/reginaldojunior/experimentos/results/socket/600/600/airlines-AdaptiveRandomForestExecutorMAXChunk-25-4-500-72
28/01/22 21:23:46
28/01/22 21:23:46
/home/pi/reginaldojunior/experimentos/results/socket/600/600/airlines-LBagExecutorMAXChunk-25-4-500-5
28/01/22 21:24:58
28/01/22 21:24:58
/home/pi/reginaldojunior/experimentos/results/socket/600/600/airlines-LBagExecutorMAXChunk-25-4-500-28
28/01/22 21:26:10
28/01/22 21:26:10
/home/pi/reginaldojunior/experimentos/results/socket/600/600/airlines-LBagExecutorMAXChunk-25-4-500-52
28/01/22 21:27:30
28/01/22 21:27:30
/home/pi/reginaldojunior/experimentos/results/socket/600/600/airlines-StreamingRandomPatchesExecutorMAXChunk-25-4-500-8
28/01/22 21:28:54
28/01/22 21:28:54
/home/pi/reginaldojunior/experimentos/results/socket/600/600/airlines-StreamingRandomPatchesExecutorMAXChunk-25-4-500-41
28/01/22 21:30:09
28/01/22 21:30:09
/home/pi/reginaldojunior/experimentos/results/socket/600/600/airlines-StreamingRandomPatchesExecutorMAXChunk-25-4-500-74
28/01/22 21:31:16
28/01/22 21:31:16
/home/pi/reginaldojunior/experimentos/results/socket/600/600/airlines-OzaBagAdwinExecutorMAXChunk-25-4-500-21
28/01/22 21:32:24
28/01/22 21:32:25
/home/pi/reginaldojunior/experimentos/results/socket/600/600/airlines-OzaBagAdwinExecutorMAXChunk-25-4-500-109
28/01/22 21:33:35
28/01/22 21:33:35
/home/pi/reginaldojunior/experimentos/results/socket/600/600/airlines-OzaBagAdwinExecutorMAXChunk-25-4-500-196
28/01/22 21:34:46
28/01/22 21:34:46
/home/pi/reginaldojunior/experimentos/results/socket/600/600/airlines-OzaBagASHTExecutorMAXChunk-25-4-500-23
28/01/22 21:35:55
28/01/22 21:35:55
/home/pi/reginaldojunior/experimentos/results/socket/600/600/airlines-OzaBagASHTExecutorMAXChunk-25-4-500-118
28/01/22 21:37:06
28/01/22 21:37:06
/home/pi/reginaldojunior/experimentos/results/socket/600/600/airlines-OzaBagASHTExecutorMAXChunk-25-4-500-212
28/01/22 21:38:17
28/01/22 21:38:17
/home/pi/reginaldojunior/experimentos/results/socket/600/600/airlines-OzaBagExecutorMAXChunk-25-4-500-20
28/01/22 21:39:26
28/01/22 21:39:26
/home/pi/reginaldojunior/experimentos/results/socket/600/600/airlines-OzaBagExecutorMAXChunk-25-4-500-103
28/01/22 21:40:37
28/01/22 21:40:37
/home/pi/reginaldojunior/experimentos/results/socket/600/600/airlines-OzaBagExecutorMAXChunk-25-4-500-186
28/01/22 21:41:48
28/01/22 21:41:48
/home/pi/reginaldojunior/experimentos/results/socket/600/600/GMSC-AdaptiveRandomForestExecutorMAXChunk-25-4-500-67
28/01/22 21:42:55
28/01/22 21:42:55
/home/pi/reginaldojunior/experimentos/results/socket/600/600/GMSC-AdaptiveRandomForestExecutorMAXChunk-25-4-500-337
28/01/22 21:44:03
28/01/22 21:44:03
/home/pi/reginaldojunior/experimentos/results/socket/600/600/GMSC-AdaptiveRandomForestExecutorMAXChunk-25-4-500-607
28/01/22 21:45:10
28/01/22 21:45:10
/home/pi/reginaldojunior/experimentos/results/socket/600/600/GMSC-LBagExecutorMAXChunk-25-4-500-90
28/01/22 21:46:19
28/01/22 21:46:19
/home/pi/reginaldojunior/experimentos/results/socket/600/600/GMSC-LBagExecutorMAXChunk-25-4-500-454
28/01/22 21:47:28
28/01/22 21:47:28
/home/pi/reginaldojunior/experimentos/results/socket/600/600/GMSC-LBagExecutorMAXChunk-25-4-500-818
28/01/22 21:50:00
28/01/22 21:50:00
/home/pi/reginaldojunior/experimentos/results/socket/600/600/GMSC-StreamingRandomPatchesExecutorMAXChunk-25-4-500-36
28/01/22 21:51:07
28/01/22 21:51:07
/home/pi/reginaldojunior/experimentos/results/socket/600/600/GMSC-StreamingRandomPatchesExecutorMAXChunk-25-4-500-182
28/01/22 21:52:15
28/01/22 21:52:15
/home/pi/reginaldojunior/experimentos/results/socket/600/600/GMSC-StreamingRandomPatchesExecutorMAXChunk-25-4-500-328
28/01/22 21:53:23
28/01/22 21:53:23
/home/pi/reginaldojunior/experimentos/results/socket/600/600/GMSC-OzaBagAdwinExecutorMAXChunk-25-4-500-200
28/01/22 21:54:32
28/01/22 21:54:32
/home/pi/reginaldojunior/experimentos/results/socket/600/600/GMSC-OzaBagAdwinExecutorMAXChunk-25-4-500-1003
28/01/22 21:55:41
28/01/22 21:55:41
/home/pi/reginaldojunior/experimentos/results/socket/600/600/GMSC-OzaBagAdwinExecutorMAXChunk-25-4-500-1805
28/01/22 21:56:50
28/01/22 21:56:50
/home/pi/reginaldojunior/experimentos/results/socket/600/600/GMSC-OzaBagASHTExecutorMAXChunk-25-4-500-260
28/01/22 21:57:59
28/01/22 21:57:59
/home/pi/reginaldojunior/experimentos/results/socket/600/600/GMSC-OzaBagASHTExecutorMAXChunk-25-4-500-1301
28/01/22 21:59:08
28/01/22 21:59:08
/home/pi/reginaldojunior/experimentos/results/socket/600/600/GMSC-OzaBagASHTExecutorMAXChunk-25-4-500-2342
28/01/22 22:00:17
28/01/22 22:00:17
/home/pi/reginaldojunior/experimentos/results/socket/600/600/GMSC-OzaBagExecutorMAXChunk-25-4-500-247
28/01/22 22:01:26
28/01/22 22:01:26
/home/pi/reginaldojunior/experimentos/results/socket/600/600/GMSC-OzaBagExecutorMAXChunk-25-4-500-1236
28/01/22 22:02:35
28/01/22 22:02:35
/home/pi/reginaldojunior/experimentos/results/socket/600/600/GMSC-OzaBagExecutorMAXChunk-25-4-500-2225
28/01/22 22:03:44
28/01/22 22:03:44
/home/pi/reginaldojunior/experimentos/results/socket/600/600/elecNormNew-AdaptiveRandomForestExecutorMAXChunk-25-4-2000-39
28/01/22 22:13:09
28/01/22 22:13:09
/home/pi/reginaldojunior/experimentos/results/socket/600/600/elecNormNew-AdaptiveRandomForestExecutorMAXChunk-25-4-2000-198
28/01/22 22:14:17
28/01/22 22:14:17
/home/pi/reginaldojunior/experimentos/results/socket/600/600/elecNormNew-AdaptiveRandomForestExecutorMAXChunk-25-4-2000-358
28/01/22 22:15:23
28/01/22 22:15:23
/home/pi/reginaldojunior/experimentos/results/socket/600/600/elecNormNew-LBagExecutorMAXChunk-25-4-2000-66
28/01/22 22:16:35
28/01/22 22:16:35
/home/pi/reginaldojunior/experimentos/results/socket/600/600/elecNormNew-LBagExecutorMAXChunk-25-4-2000-332
28/01/22 22:17:45
28/01/22 22:17:45
/home/pi/reginaldojunior/experimentos/results/socket/600/600/elecNormNew-LBagExecutorMAXChunk-25-4-2000-598
28/01/22 22:18:54
28/01/22 22:18:54
/home/pi/reginaldojunior/experimentos/results/socket/600/600/elecNormNew-StreamingRandomPatchesExecutorMAXChunk-25-4-2000-19
28/01/22 22:20:17
28/01/22 22:20:17
/home/pi/reginaldojunior/experimentos/results/socket/600/600/elecNormNew-StreamingRandomPatchesExecutorMAXChunk-25-4-2000-99
28/01/22 22:21:29
28/01/22 22:21:29
/home/pi/reginaldojunior/experimentos/results/socket/600/600/elecNormNew-StreamingRandomPatchesExecutorMAXChunk-25-4-2000-178
28/01/22 22:22:39
28/01/22 22:22:39
/home/pi/reginaldojunior/experimentos/results/socket/600/600/elecNormNew-OzaBagAdwinExecutorMAXChunk-25-4-2000-128
28/01/22 22:23:48
28/01/22 22:23:48
/home/pi/reginaldojunior/experimentos/results/socket/600/600/elecNormNew-OzaBagAdwinExecutorMAXChunk-25-4-2000-644
28/01/22 22:24:57
28/01/22 22:24:57
/home/pi/reginaldojunior/experimentos/results/socket/600/600/elecNormNew-OzaBagAdwinExecutorMAXChunk-25-4-2000-1160
28/01/22 22:25:46
28/01/22 22:25:46
/home/pi/reginaldojunior/experimentos/results/socket/600/600/elecNormNew-OzaBagASHTExecutorMAXChunk-25-4-2000-147
28/01/22 22:26:55
28/01/22 22:26:55
/home/pi/reginaldojunior/experimentos/results/socket/600/600/elecNormNew-OzaBagASHTExecutorMAXChunk-25-4-2000-737
28/01/22 22:28:04
28/01/22 22:28:04
/home/pi/reginaldojunior/experimentos/results/socket/600/600/elecNormNew-OzaBagASHTExecutorMAXChunk-25-4-2000-1327
28/01/22 22:28:47
28/01/22 22:28:47
/home/pi/reginaldojunior/experimentos/results/socket/600/600/elecNormNew-OzaBagExecutorMAXChunk-25-4-2000-151
28/01/22 22:29:56
28/01/22 22:29:56
/home/pi/reginaldojunior/experimentos/results/socket/600/600/elecNormNew-OzaBagExecutorMAXChunk-25-4-2000-758
28/01/22 22:31:05
28/01/22 22:31:05
/home/pi/reginaldojunior/experimentos/results/socket/600/600/elecNormNew-OzaBagExecutorMAXChunk-25-4-2000-1364
28/01/22 22:31:47
28/01/22 22:31:47
/home/pi/reginaldojunior/experimentos/results/socket/600/600/covtypeNorm-AdaptiveRandomForestExecutorMAXChunk-25-4-2000-22
28/01/22 22:33:14
28/01/22 22:33:15
/home/pi/reginaldojunior/experimentos/results/socket/600/600/covtypeNorm-AdaptiveRandomForestExecutorMAXChunk-25-4-2000-114
28/01/22 22:34:23
28/01/22 22:34:23
/home/pi/reginaldojunior/experimentos/results/socket/600/600/covtypeNorm-AdaptiveRandomForestExecutorMAXChunk-25-4-2000-206
28/01/22 22:35:33
28/01/22 22:35:33
/home/pi/reginaldojunior/experimentos/results/socket/600/600/covtypeNorm-LBagExecutorMAXChunk-25-4-2000-18
28/01/22 22:36:50
28/01/22 22:36:50
/home/pi/reginaldojunior/experimentos/results/socket/600/600/covtypeNorm-LBagExecutorMAXChunk-25-4-2000-90
28/01/22 22:38:07
28/01/22 22:38:07
/home/pi/reginaldojunior/experimentos/results/socket/600/600/covtypeNorm-LBagExecutorMAXChunk-25-4-2000-162
28/01/22 22:39:17
28/01/22 22:39:17
/home/pi/reginaldojunior/experimentos/results/socket/600/600/covtypeNorm-StreamingRandomPatchesExecutorMAXChunk-25-4-2000-8
28/01/22 22:40:36
28/01/22 22:40:36
/home/pi/reginaldojunior/experimentos/results/socket/600/600/covtypeNorm-StreamingRandomPatchesExecutorMAXChunk-25-4-2000-40
28/01/22 22:55:18
28/01/22 22:55:18
/home/pi/reginaldojunior/experimentos/results/socket/600/600/covtypeNorm-StreamingRandomPatchesExecutorMAXChunk-25-4-2000-72
28/01/22 22:56:41
28/01/22 22:56:41
/home/pi/reginaldojunior/experimentos/results/socket/600/600/covtypeNorm-OzaBagAdwinExecutorMAXChunk-25-4-2000-21
28/01/22 22:57:58
28/01/22 22:57:58
/home/pi/reginaldojunior/experimentos/results/socket/600/600/covtypeNorm-OzaBagAdwinExecutorMAXChunk-25-4-2000-107
28/01/22 22:59:14
28/01/22 22:59:14
/home/pi/reginaldojunior/experimentos/results/socket/600/600/covtypeNorm-OzaBagAdwinExecutorMAXChunk-25-4-2000-192
28/01/22 23:00:26
28/01/22 23:00:26
/home/pi/reginaldojunior/experimentos/results/socket/600/600/covtypeNorm-OzaBagASHTExecutorMAXChunk-25-4-2000-22
28/01/22 23:01:42
28/01/22 23:01:42
/home/pi/reginaldojunior/experimentos/results/socket/600/600/covtypeNorm-OzaBagASHTExecutorMAXChunk-25-4-2000-113
28/01/22 23:02:58
28/01/22 23:02:58
/home/pi/reginaldojunior/experimentos/results/socket/600/600/covtypeNorm-OzaBagASHTExecutorMAXChunk-25-4-2000-205
28/01/22 23:04:08
28/01/22 23:04:08
/home/pi/reginaldojunior/experimentos/results/socket/600/600/covtypeNorm-OzaBagExecutorMAXChunk-25-4-2000-22
28/01/22 23:05:23
28/01/22 23:05:23
/home/pi/reginaldojunior/experimentos/results/socket/600/600/covtypeNorm-OzaBagExecutorMAXChunk-25-4-2000-114
28/01/22 23:06:35
28/01/22 23:06:35
/home/pi/reginaldojunior/experimentos/results/socket/600/600/covtypeNorm-OzaBagExecutorMAXChunk-25-4-2000-206
28/01/22 23:07:52
28/01/22 23:07:52
/home/pi/reginaldojunior/experimentos/results/socket/600/600/airlines-AdaptiveRandomForestExecutorMAXChunk-25-4-2000-8
28/01/22 23:09:15
28/01/22 23:09:15
/home/pi/reginaldojunior/experimentos/results/socket/600/600/airlines-AdaptiveRandomForestExecutorMAXChunk-25-4-2000-40
28/01/22 23:27:24
28/01/22 23:27:24
/home/pi/reginaldojunior/experimentos/results/socket/600/600/airlines-AdaptiveRandomForestExecutorMAXChunk-25-4-2000-72
28/01/22 23:29:31
28/01/22 23:29:31
/home/pi/reginaldojunior/experimentos/results/socket/600/600/airlines-LBagExecutorMAXChunk-25-4-2000-5
28/01/22 23:31:05
28/01/22 23:31:05
/home/pi/reginaldojunior/experimentos/results/socket/600/600/airlines-LBagExecutorMAXChunk-25-4-2000-29
28/01/22 23:32:40
28/01/22 23:32:40
/home/pi/reginaldojunior/experimentos/results/socket/600/600/airlines-LBagExecutorMAXChunk-25-4-2000-53
28/01/22 23:56:21
28/01/22 23:56:21
/home/pi/reginaldojunior/experimentos/results/socket/600/600/airlines-StreamingRandomPatchesExecutorMAXChunk-25-4-2000-8
28/01/22 23:57:48
28/01/22 23:57:48
/home/pi/reginaldojunior/experimentos/results/socket/600/600/airlines-StreamingRandomPatchesExecutorMAXChunk-25-4-2000-43
29/01/22 00:17:38
29/01/22 00:17:38
/home/pi/reginaldojunior/experimentos/results/socket/600/600/airlines-StreamingRandomPatchesExecutorMAXChunk-25-4-2000-77
29/01/22 00:40:12
29/01/22 00:40:12
/home/pi/reginaldojunior/experimentos/results/socket/600/600/airlines-OzaBagAdwinExecutorMAXChunk-25-4-2000-20
29/01/22 00:41:40
29/01/22 00:41:40
/home/pi/reginaldojunior/experimentos/results/socket/600/600/airlines-OzaBagAdwinExecutorMAXChunk-25-4-2000-102
29/01/22 00:42:57
29/01/22 00:42:57
/home/pi/reginaldojunior/experimentos/results/socket/600/600/airlines-OzaBagAdwinExecutorMAXChunk-25-4-2000-185
29/01/22 00:44:15
29/01/22 00:44:15
/home/pi/reginaldojunior/experimentos/results/socket/600/600/airlines-OzaBagASHTExecutorMAXChunk-25-4-2000-22
29/01/22 00:45:42
29/01/22 00:45:42
/home/pi/reginaldojunior/experimentos/results/socket/600/600/airlines-OzaBagASHTExecutorMAXChunk-25-4-2000-114
29/01/22 00:46:53
29/01/22 00:46:53
/home/pi/reginaldojunior/experimentos/results/socket/600/600/airlines-OzaBagASHTExecutorMAXChunk-25-4-2000-206
29/01/22 00:48:05
29/01/22 00:48:05
/home/pi/reginaldojunior/experimentos/results/socket/600/600/airlines-OzaBagExecutorMAXChunk-25-4-2000-21
29/01/22 00:49:34
29/01/22 00:49:34
/home/pi/reginaldojunior/experimentos/results/socket/600/600/airlines-OzaBagExecutorMAXChunk-25-4-2000-105
29/01/22 00:50:47
29/01/22 00:50:47
/home/pi/reginaldojunior/experimentos/results/socket/600/600/airlines-OzaBagExecutorMAXChunk-25-4-2000-189
29/01/22 00:52:03
29/01/22 00:52:03
/home/pi/reginaldojunior/experimentos/results/socket/600/600/GMSC-AdaptiveRandomForestExecutorMAXChunk-25-4-2000-65
29/01/22 00:53:13
29/01/22 00:53:13
/home/pi/reginaldojunior/experimentos/results/socket/600/600/GMSC-AdaptiveRandomForestExecutorMAXChunk-25-4-2000-327
29/01/22 00:54:21
29/01/22 00:54:21
/home/pi/reginaldojunior/experimentos/results/socket/600/600/GMSC-AdaptiveRandomForestExecutorMAXChunk-25-4-2000-588
29/01/22 00:55:30
29/01/22 00:55:30
/home/pi/reginaldojunior/experimentos/results/socket/600/600/GMSC-LBagExecutorMAXChunk-25-4-2000-83
29/01/22 00:56:40
29/01/22 00:56:40
/home/pi/reginaldojunior/experimentos/results/socket/600/600/GMSC-LBagExecutorMAXChunk-25-4-2000-416
29/01/22 00:57:49
29/01/22 00:57:49
/home/pi/reginaldojunior/experimentos/results/socket/600/600/GMSC-LBagExecutorMAXChunk-25-4-2000-749
29/01/22 00:58:58
29/01/22 00:58:58
/home/pi/reginaldojunior/experimentos/results/socket/600/600/GMSC-StreamingRandomPatchesExecutorMAXChunk-25-4-2000-36
29/01/22 01:01:32
29/01/22 01:01:32
/home/pi/reginaldojunior/experimentos/results/socket/600/600/GMSC-StreamingRandomPatchesExecutorMAXChunk-25-4-2000-181
29/01/22 01:02:41
29/01/22 01:02:41
/home/pi/reginaldojunior/experimentos/results/socket/600/600/GMSC-StreamingRandomPatchesExecutorMAXChunk-25-4-2000-326
29/01/22 01:03:50
29/01/22 01:03:50
/home/pi/reginaldojunior/experimentos/results/socket/600/600/GMSC-OzaBagAdwinExecutorMAXChunk-25-4-2000-198
29/01/22 01:04:59
29/01/22 01:04:59
/home/pi/reginaldojunior/experimentos/results/socket/600/600/GMSC-OzaBagAdwinExecutorMAXChunk-25-4-2000-991
29/01/22 01:06:08
29/01/22 01:06:08
/home/pi/reginaldojunior/experimentos/results/socket/600/600/GMSC-OzaBagAdwinExecutorMAXChunk-25-4-2000-1784
29/01/22 01:07:18
29/01/22 01:07:18
/home/pi/reginaldojunior/experimentos/results/socket/600/600/GMSC-OzaBagASHTExecutorMAXChunk-25-4-2000-252
29/01/22 01:08:27
29/01/22 01:08:27
/home/pi/reginaldojunior/experimentos/results/socket/600/600/GMSC-OzaBagASHTExecutorMAXChunk-25-4-2000-1263
29/01/22 01:11:26
29/01/22 01:11:26
/home/pi/reginaldojunior/experimentos/results/socket/600/600/GMSC-OzaBagASHTExecutorMAXChunk-25-4-2000-2275
29/01/22 01:12:35
29/01/22 01:12:35
/home/pi/reginaldojunior/experimentos/results/socket/600/600/GMSC-OzaBagExecutorMAXChunk-25-4-2000-240
29/01/22 01:13:44
29/01/22 01:13:44
/home/pi/reginaldojunior/experimentos/results/socket/600/600/GMSC-OzaBagExecutorMAXChunk-25-4-2000-1202
29/01/22 01:14:53
29/01/22 01:14:53
/home/pi/reginaldojunior/experimentos/results/socket/600/600/GMSC-OzaBagExecutorMAXChunk-25-4-2000-2165
29/01/22 01:16:02
