14/01/22 18:22:46
/home/pi/reginaldojunior/experimentos/results/socket/800/800/GMSC-AdaptiveRandomForestExecutorMAXChunk-25-4-50-32
14/01/22 18:24:52
14/01/22 18:24:52
/home/pi/reginaldojunior/experimentos/results/socket/800/800/GMSC-AdaptiveRandomForestExecutorMAXChunk-25-4-50-160
14/01/22 18:26:58
14/01/22 18:26:58
/home/pi/reginaldojunior/experimentos/results/socket/800/800/GMSC-AdaptiveRandomForestExecutorMAXChunk-25-4-50-288
14/01/22 18:29:05
14/01/22 18:29:05
/home/pi/reginaldojunior/experimentos/results/socket/800/800/GMSC-LBagExecutorMAXChunk-25-4-50-42
14/01/22 18:31:14
14/01/22 18:31:14
/home/pi/reginaldojunior/experimentos/results/socket/800/800/GMSC-LBagExecutorMAXChunk-25-4-50-210
14/01/22 18:33:23
14/01/22 18:33:23
/home/pi/reginaldojunior/experimentos/results/socket/800/800/GMSC-LBagExecutorMAXChunk-25-4-50-378
14/01/22 18:35:32
14/01/22 18:35:32
/home/pi/reginaldojunior/experimentos/results/socket/800/800/GMSC-StreamingRandomPatchesExecutorMAXChunk-25-4-50-18
14/01/22 18:37:38
14/01/22 18:37:38
/home/pi/reginaldojunior/experimentos/results/socket/800/800/GMSC-StreamingRandomPatchesExecutorMAXChunk-25-4-50-90
14/01/22 18:39:44
14/01/22 18:39:44
/home/pi/reginaldojunior/experimentos/results/socket/800/800/GMSC-StreamingRandomPatchesExecutorMAXChunk-25-4-50-162
14/01/22 18:41:50
14/01/22 18:41:50
/home/pi/reginaldojunior/experimentos/results/socket/800/800/GMSC-OzaBagAdwinExecutorMAXChunk-25-4-50-107
14/01/22 18:43:59
14/01/22 18:43:59
/home/pi/reginaldojunior/experimentos/results/socket/800/800/GMSC-OzaBagAdwinExecutorMAXChunk-25-4-50-537
14/01/22 18:46:08
14/01/22 18:46:08
/home/pi/reginaldojunior/experimentos/results/socket/800/800/GMSC-OzaBagAdwinExecutorMAXChunk-25-4-50-968
14/01/22 18:48:17
14/01/22 18:48:17
/home/pi/reginaldojunior/experimentos/results/socket/800/800/GMSC-OzaBagASHTExecutorMAXChunk-25-4-50-170
14/01/22 18:50:26
14/01/22 18:50:26
/home/pi/reginaldojunior/experimentos/results/socket/800/800/GMSC-OzaBagASHTExecutorMAXChunk-25-4-50-850
14/01/22 18:52:35
14/01/22 18:52:35
/home/pi/reginaldojunior/experimentos/results/socket/800/800/GMSC-OzaBagASHTExecutorMAXChunk-25-4-50-1530
14/01/22 18:54:22
14/01/22 18:54:22
/home/pi/reginaldojunior/experimentos/results/socket/800/800/GMSC-OzaBagExecutorMAXChunk-25-4-50-108
14/01/22 18:56:31
14/01/22 18:56:31
/home/pi/reginaldojunior/experimentos/results/socket/800/800/GMSC-OzaBagExecutorMAXChunk-25-4-50-543
14/01/22 19:43:10
/home/pi/reginaldojunior/experimentos/results/socket/800/800/GMSC-AdaptiveRandomForestExecutorMAXChunk-25-4-50-32
14/01/22 19:45:15
14/01/22 19:45:15
/home/pi/reginaldojunior/experimentos/results/socket/800/800/GMSC-AdaptiveRandomForestExecutorMAXChunk-25-4-50-160
14/01/22 19:47:19
14/01/22 19:47:19
/home/pi/reginaldojunior/experimentos/results/socket/800/800/GMSC-AdaptiveRandomForestExecutorMAXChunk-25-4-50-288
14/01/22 19:49:24
14/01/22 19:49:24
/home/pi/reginaldojunior/experimentos/results/socket/800/800/GMSC-LBagExecutorMAXChunk-25-4-50-42
14/01/22 19:51:31
14/01/22 19:51:31
/home/pi/reginaldojunior/experimentos/results/socket/800/800/GMSC-LBagExecutorMAXChunk-25-4-50-210
14/01/22 19:53:37
14/01/22 19:53:37
/home/pi/reginaldojunior/experimentos/results/socket/800/800/GMSC-LBagExecutorMAXChunk-25-4-50-378
14/01/22 19:55:44
14/01/22 19:55:44
/home/pi/reginaldojunior/experimentos/results/socket/800/800/GMSC-StreamingRandomPatchesExecutorMAXChunk-25-4-50-18
14/01/22 19:57:49
14/01/22 19:57:49
/home/pi/reginaldojunior/experimentos/results/socket/800/800/GMSC-StreamingRandomPatchesExecutorMAXChunk-25-4-50-90
14/01/22 19:59:53
14/01/22 19:59:53
/home/pi/reginaldojunior/experimentos/results/socket/800/800/GMSC-StreamingRandomPatchesExecutorMAXChunk-25-4-50-162
14/01/22 20:01:58
14/01/22 20:01:58
/home/pi/reginaldojunior/experimentos/results/socket/800/800/GMSC-OzaBagAdwinExecutorMAXChunk-25-4-50-107
14/01/22 20:04:05
14/01/22 20:04:05
/home/pi/reginaldojunior/experimentos/results/socket/800/800/GMSC-OzaBagAdwinExecutorMAXChunk-25-4-50-537
14/01/22 20:06:11
14/01/22 20:06:11
/home/pi/reginaldojunior/experimentos/results/socket/800/800/GMSC-OzaBagAdwinExecutorMAXChunk-25-4-50-968
14/01/22 20:08:18
14/01/22 20:08:18
/home/pi/reginaldojunior/experimentos/results/socket/800/800/GMSC-OzaBagASHTExecutorMAXChunk-25-4-50-170
14/01/22 20:10:24
14/01/22 20:10:24
/home/pi/reginaldojunior/experimentos/results/socket/800/800/GMSC-OzaBagASHTExecutorMAXChunk-25-4-50-850
14/01/22 20:12:31
14/01/22 20:12:31
/home/pi/reginaldojunior/experimentos/results/socket/800/800/GMSC-OzaBagASHTExecutorMAXChunk-25-4-50-1530
14/01/22 20:14:16
14/01/22 20:14:16
/home/pi/reginaldojunior/experimentos/results/socket/800/800/GMSC-OzaBagExecutorMAXChunk-25-4-50-108
14/01/22 20:16:22
14/01/22 20:16:22
/home/pi/reginaldojunior/experimentos/results/socket/800/800/GMSC-OzaBagExecutorMAXChunk-25-4-50-543
14/01/22 20:18:29
14/01/22 20:18:29
/home/pi/reginaldojunior/experimentos/results/socket/800/800/GMSC-OzaBagExecutorMAXChunk-25-4-50-977
14/01/22 20:20:36
14/01/22 20:20:36
/home/pi/reginaldojunior/experimentos/results/socket/800/800/elecNormNew-AdaptiveRandomForestExecutorMAXChunk-25-4-50-17
14/01/22 20:22:40
14/01/22 20:22:40
/home/pi/reginaldojunior/experimentos/results/socket/800/800/elecNormNew-AdaptiveRandomForestExecutorMAXChunk-25-4-50-85
14/01/22 20:24:45
14/01/22 20:24:45
/home/pi/reginaldojunior/experimentos/results/socket/800/800/elecNormNew-AdaptiveRandomForestExecutorMAXChunk-25-4-50-154
14/01/22 20:26:50
14/01/22 20:26:50
/home/pi/reginaldojunior/experimentos/results/socket/800/800/elecNormNew-LBagExecutorMAXChunk-25-4-50-32
14/01/22 20:28:56
14/01/22 20:28:57
/home/pi/reginaldojunior/experimentos/results/socket/800/800/elecNormNew-LBagExecutorMAXChunk-25-4-50-163
14/01/22 20:31:03
14/01/22 20:31:03
/home/pi/reginaldojunior/experimentos/results/socket/800/800/elecNormNew-LBagExecutorMAXChunk-25-4-50-294
14/01/22 20:33:10
14/01/22 20:33:10
/home/pi/reginaldojunior/experimentos/results/socket/800/800/elecNormNew-StreamingRandomPatchesExecutorMAXChunk-25-4-50-4
14/01/22 20:35:14
14/01/22 20:35:14
/home/pi/reginaldojunior/experimentos/results/socket/800/800/elecNormNew-StreamingRandomPatchesExecutorMAXChunk-25-4-50-23
14/01/22 20:37:20
14/01/22 20:37:20
/home/pi/reginaldojunior/experimentos/results/socket/800/800/elecNormNew-StreamingRandomPatchesExecutorMAXChunk-25-4-50-42
14/01/22 20:39:25
14/01/22 20:39:25
/home/pi/reginaldojunior/experimentos/results/socket/800/800/elecNormNew-OzaBagAdwinExecutorMAXChunk-25-4-50-79
14/01/22 20:41:31
14/01/22 20:41:31
/home/pi/reginaldojunior/experimentos/results/socket/800/800/elecNormNew-OzaBagAdwinExecutorMAXChunk-25-4-50-398
14/01/22 20:43:33
14/01/22 20:43:33
/home/pi/reginaldojunior/experimentos/results/socket/800/800/elecNormNew-OzaBagAdwinExecutorMAXChunk-25-4-50-717
14/01/22 20:44:42
14/01/22 20:44:42
/home/pi/reginaldojunior/experimentos/results/socket/800/800/elecNormNew-OzaBagASHTExecutorMAXChunk-25-4-50-41
14/01/22 20:46:49
14/01/22 20:46:49
/home/pi/reginaldojunior/experimentos/results/socket/800/800/elecNormNew-OzaBagASHTExecutorMAXChunk-25-4-50-206
14/01/22 20:48:55
14/01/22 20:48:55
/home/pi/reginaldojunior/experimentos/results/socket/800/800/elecNormNew-OzaBagASHTExecutorMAXChunk-25-4-50-371
14/01/22 20:51:02
14/01/22 20:51:02
/home/pi/reginaldojunior/experimentos/results/socket/800/800/elecNormNew-OzaBagExecutorMAXChunk-25-4-50-95
14/01/22 20:53:09
14/01/22 20:53:09
/home/pi/reginaldojunior/experimentos/results/socket/800/800/elecNormNew-OzaBagExecutorMAXChunk-25-4-50-479
14/01/22 20:54:50
14/01/22 20:54:50
/home/pi/reginaldojunior/experimentos/results/socket/800/800/elecNormNew-OzaBagExecutorMAXChunk-25-4-50-862
14/01/22 20:55:50
14/01/22 20:55:50
/home/pi/reginaldojunior/experimentos/results/socket/800/800/covtypeNorm-AdaptiveRandomForestExecutorMAXChunk-25-4-50-11
14/01/22 20:57:54
14/01/22 20:57:54
/home/pi/reginaldojunior/experimentos/results/socket/800/800/covtypeNorm-AdaptiveRandomForestExecutorMAXChunk-25-4-50-56
14/01/22 20:59:59
14/01/22 20:59:59
/home/pi/reginaldojunior/experimentos/results/socket/800/800/covtypeNorm-AdaptiveRandomForestExecutorMAXChunk-25-4-50-102
14/01/22 21:02:04
14/01/22 21:02:04
/home/pi/reginaldojunior/experimentos/results/socket/800/800/covtypeNorm-LBagExecutorMAXChunk-25-4-50-7
14/01/22 21:04:10
14/01/22 21:04:10
/home/pi/reginaldojunior/experimentos/results/socket/800/800/covtypeNorm-LBagExecutorMAXChunk-25-4-50-38
14/01/22 21:06:17
14/01/22 21:06:17
/home/pi/reginaldojunior/experimentos/results/socket/800/800/covtypeNorm-LBagExecutorMAXChunk-25-4-50-68
14/01/22 21:08:24
14/01/22 21:08:24
/home/pi/reginaldojunior/experimentos/results/socket/800/800/covtypeNorm-StreamingRandomPatchesExecutorMAXChunk-25-4-50-4
14/01/22 21:10:29
14/01/22 21:10:29
/home/pi/reginaldojunior/experimentos/results/socket/800/800/covtypeNorm-StreamingRandomPatchesExecutorMAXChunk-25-4-50-23
14/01/22 21:12:35
14/01/22 21:12:35
/home/pi/reginaldojunior/experimentos/results/socket/800/800/covtypeNorm-StreamingRandomPatchesExecutorMAXChunk-25-4-50-43
14/01/22 21:14:41
14/01/22 21:14:41
/home/pi/reginaldojunior/experimentos/results/socket/800/800/covtypeNorm-OzaBagAdwinExecutorMAXChunk-25-4-50-6
14/01/22 21:16:47
14/01/22 21:16:48
/home/pi/reginaldojunior/experimentos/results/socket/800/800/covtypeNorm-OzaBagAdwinExecutorMAXChunk-25-4-50-32
14/01/22 21:18:54
14/01/22 21:18:54
/home/pi/reginaldojunior/experimentos/results/socket/800/800/covtypeNorm-OzaBagAdwinExecutorMAXChunk-25-4-50-58
14/01/22 21:21:01
14/01/22 21:21:01
/home/pi/reginaldojunior/experimentos/results/socket/800/800/covtypeNorm-OzaBagASHTExecutorMAXChunk-25-4-50-6
14/01/22 21:23:07
14/01/22 21:23:07
/home/pi/reginaldojunior/experimentos/results/socket/800/800/covtypeNorm-OzaBagASHTExecutorMAXChunk-25-4-50-32
14/01/22 21:25:14
14/01/22 21:25:14
/home/pi/reginaldojunior/experimentos/results/socket/800/800/covtypeNorm-OzaBagASHTExecutorMAXChunk-25-4-50-58
14/01/22 21:27:20
14/01/22 21:27:20
/home/pi/reginaldojunior/experimentos/results/socket/800/800/covtypeNorm-OzaBagExecutorMAXChunk-25-4-50-10
14/01/22 21:29:27
14/01/22 21:29:27
/home/pi/reginaldojunior/experimentos/results/socket/800/800/covtypeNorm-OzaBagExecutorMAXChunk-25-4-50-50
14/01/22 21:31:34
14/01/22 21:31:34
/home/pi/reginaldojunior/experimentos/results/socket/800/800/covtypeNorm-OzaBagExecutorMAXChunk-25-4-50-90
14/01/22 21:33:40
14/01/22 21:33:40
/home/pi/reginaldojunior/experimentos/results/socket/800/800/GMSC-AdaptiveRandomForestExecutorMAXChunk-25-4-500-32
14/01/22 21:35:46
14/01/22 21:35:46
/home/pi/reginaldojunior/experimentos/results/socket/800/800/GMSC-AdaptiveRandomForestExecutorMAXChunk-25-4-500-160
14/01/22 21:37:52
14/01/22 21:37:52
/home/pi/reginaldojunior/experimentos/results/socket/800/800/GMSC-AdaptiveRandomForestExecutorMAXChunk-25-4-500-288
14/01/22 21:39:56
14/01/22 21:39:56
/home/pi/reginaldojunior/experimentos/results/socket/800/800/GMSC-LBagExecutorMAXChunk-25-4-500-42
14/01/22 21:42:03
14/01/22 21:42:03
/home/pi/reginaldojunior/experimentos/results/socket/800/800/GMSC-LBagExecutorMAXChunk-25-4-500-210
14/01/22 21:44:10
14/01/22 21:44:10
/home/pi/reginaldojunior/experimentos/results/socket/800/800/GMSC-LBagExecutorMAXChunk-25-4-500-378
14/01/22 21:46:17
14/01/22 21:46:17
/home/pi/reginaldojunior/experimentos/results/socket/800/800/GMSC-StreamingRandomPatchesExecutorMAXChunk-25-4-500-18
14/01/22 21:48:22
14/01/22 21:48:22
/home/pi/reginaldojunior/experimentos/results/socket/800/800/GMSC-StreamingRandomPatchesExecutorMAXChunk-25-4-500-90
14/01/22 21:50:28
14/01/22 21:50:28
/home/pi/reginaldojunior/experimentos/results/socket/800/800/GMSC-StreamingRandomPatchesExecutorMAXChunk-25-4-500-162
14/01/22 21:52:34
14/01/22 21:52:34
/home/pi/reginaldojunior/experimentos/results/socket/800/800/GMSC-OzaBagAdwinExecutorMAXChunk-25-4-500-107
14/01/22 21:54:41
14/01/22 21:54:41
/home/pi/reginaldojunior/experimentos/results/socket/800/800/GMSC-OzaBagAdwinExecutorMAXChunk-25-4-500-537
14/01/22 21:56:47
14/01/22 21:56:47
/home/pi/reginaldojunior/experimentos/results/socket/800/800/GMSC-OzaBagAdwinExecutorMAXChunk-25-4-500-968
14/01/22 21:58:54
14/01/22 21:58:54
/home/pi/reginaldojunior/experimentos/results/socket/800/800/GMSC-OzaBagASHTExecutorMAXChunk-25-4-500-170
14/01/22 22:01:01
14/01/22 22:01:01
/home/pi/reginaldojunior/experimentos/results/socket/800/800/GMSC-OzaBagASHTExecutorMAXChunk-25-4-500-850
14/01/22 22:03:08
14/01/22 22:03:08
/home/pi/reginaldojunior/experimentos/results/socket/800/800/GMSC-OzaBagASHTExecutorMAXChunk-25-4-500-1530
14/01/22 22:04:52
14/01/22 22:04:52
/home/pi/reginaldojunior/experimentos/results/socket/800/800/GMSC-OzaBagExecutorMAXChunk-25-4-500-108
14/01/22 22:06:59
14/01/22 22:06:59
/home/pi/reginaldojunior/experimentos/results/socket/800/800/GMSC-OzaBagExecutorMAXChunk-25-4-500-543
14/01/22 22:09:06
14/01/22 22:09:06
/home/pi/reginaldojunior/experimentos/results/socket/800/800/GMSC-OzaBagExecutorMAXChunk-25-4-500-977
14/01/22 22:11:12
14/01/22 22:11:12
/home/pi/reginaldojunior/experimentos/results/socket/800/800/elecNormNew-AdaptiveRandomForestExecutorMAXChunk-25-4-500-17
14/01/22 22:13:18
14/01/22 22:13:18
/home/pi/reginaldojunior/experimentos/results/socket/800/800/elecNormNew-AdaptiveRandomForestExecutorMAXChunk-25-4-500-85
14/01/22 22:15:24
14/01/22 22:15:24
/home/pi/reginaldojunior/experimentos/results/socket/800/800/elecNormNew-AdaptiveRandomForestExecutorMAXChunk-25-4-500-154
14/01/22 22:17:30
14/01/22 22:17:30
/home/pi/reginaldojunior/experimentos/results/socket/800/800/elecNormNew-LBagExecutorMAXChunk-25-4-500-32
14/01/22 22:19:36
14/01/22 22:19:36
/home/pi/reginaldojunior/experimentos/results/socket/800/800/elecNormNew-LBagExecutorMAXChunk-25-4-500-163
14/01/22 22:21:43
14/01/22 22:21:43
/home/pi/reginaldojunior/experimentos/results/socket/800/800/elecNormNew-LBagExecutorMAXChunk-25-4-500-294
14/01/22 22:23:50
14/01/22 22:23:50
/home/pi/reginaldojunior/experimentos/results/socket/800/800/elecNormNew-StreamingRandomPatchesExecutorMAXChunk-25-4-500-4
14/01/22 22:25:55
14/01/22 22:25:55
/home/pi/reginaldojunior/experimentos/results/socket/800/800/elecNormNew-StreamingRandomPatchesExecutorMAXChunk-25-4-500-23
14/01/22 22:28:01
14/01/22 22:28:01
/home/pi/reginaldojunior/experimentos/results/socket/800/800/elecNormNew-StreamingRandomPatchesExecutorMAXChunk-25-4-500-42
14/01/22 22:30:07
14/01/22 22:30:07
/home/pi/reginaldojunior/experimentos/results/socket/800/800/elecNormNew-OzaBagAdwinExecutorMAXChunk-25-4-500-79
14/01/22 22:32:13
14/01/22 22:32:13
/home/pi/reginaldojunior/experimentos/results/socket/800/800/elecNormNew-OzaBagAdwinExecutorMAXChunk-25-4-500-398
14/01/22 22:34:15
14/01/22 22:34:15
/home/pi/reginaldojunior/experimentos/results/socket/800/800/elecNormNew-OzaBagAdwinExecutorMAXChunk-25-4-500-717
14/01/22 22:35:25
14/01/22 22:35:25
/home/pi/reginaldojunior/experimentos/results/socket/800/800/elecNormNew-OzaBagASHTExecutorMAXChunk-25-4-500-41
14/01/22 22:37:31
14/01/22 22:37:31
/home/pi/reginaldojunior/experimentos/results/socket/800/800/elecNormNew-OzaBagASHTExecutorMAXChunk-25-4-500-206
14/01/22 22:39:38
14/01/22 22:39:38
/home/pi/reginaldojunior/experimentos/results/socket/800/800/elecNormNew-OzaBagASHTExecutorMAXChunk-25-4-500-371
14/01/22 22:41:44
14/01/22 22:41:44
/home/pi/reginaldojunior/experimentos/results/socket/800/800/elecNormNew-OzaBagExecutorMAXChunk-25-4-500-95
14/01/22 22:43:51
14/01/22 22:43:51
/home/pi/reginaldojunior/experimentos/results/socket/800/800/elecNormNew-OzaBagExecutorMAXChunk-25-4-500-479
14/01/22 22:45:33
14/01/22 22:45:33
/home/pi/reginaldojunior/experimentos/results/socket/800/800/elecNormNew-OzaBagExecutorMAXChunk-25-4-500-862
14/01/22 22:46:32
14/01/22 22:46:32
/home/pi/reginaldojunior/experimentos/results/socket/800/800/covtypeNorm-AdaptiveRandomForestExecutorMAXChunk-25-4-500-11
14/01/22 22:48:38
14/01/22 22:48:38
/home/pi/reginaldojunior/experimentos/results/socket/800/800/covtypeNorm-AdaptiveRandomForestExecutorMAXChunk-25-4-500-56
14/01/22 22:50:44
14/01/22 22:50:44
/home/pi/reginaldojunior/experimentos/results/socket/800/800/covtypeNorm-AdaptiveRandomForestExecutorMAXChunk-25-4-500-102
14/01/22 22:52:49
14/01/22 22:52:49
/home/pi/reginaldojunior/experimentos/results/socket/800/800/covtypeNorm-LBagExecutorMAXChunk-25-4-500-7
14/01/22 22:54:56
14/01/22 22:54:56
/home/pi/reginaldojunior/experimentos/results/socket/800/800/covtypeNorm-LBagExecutorMAXChunk-25-4-500-38
14/01/22 22:57:03
14/01/22 22:57:03
/home/pi/reginaldojunior/experimentos/results/socket/800/800/covtypeNorm-LBagExecutorMAXChunk-25-4-500-68
14/01/22 22:59:10
14/01/22 22:59:10
/home/pi/reginaldojunior/experimentos/results/socket/800/800/covtypeNorm-StreamingRandomPatchesExecutorMAXChunk-25-4-500-4
14/01/22 23:01:17
14/01/22 23:01:17
/home/pi/reginaldojunior/experimentos/results/socket/800/800/covtypeNorm-StreamingRandomPatchesExecutorMAXChunk-25-4-500-23
14/01/22 23:03:24
14/01/22 23:03:24
/home/pi/reginaldojunior/experimentos/results/socket/800/800/covtypeNorm-StreamingRandomPatchesExecutorMAXChunk-25-4-500-43
14/01/22 23:05:31
14/01/22 23:05:31
/home/pi/reginaldojunior/experimentos/results/socket/800/800/covtypeNorm-OzaBagAdwinExecutorMAXChunk-25-4-500-6
14/01/22 23:07:38
14/01/22 23:07:38
/home/pi/reginaldojunior/experimentos/results/socket/800/800/covtypeNorm-OzaBagAdwinExecutorMAXChunk-25-4-500-32
14/01/22 23:09:44
14/01/22 23:09:44
/home/pi/reginaldojunior/experimentos/results/socket/800/800/covtypeNorm-OzaBagAdwinExecutorMAXChunk-25-4-500-58
14/01/22 23:11:51
14/01/22 23:11:51
/home/pi/reginaldojunior/experimentos/results/socket/800/800/covtypeNorm-OzaBagASHTExecutorMAXChunk-25-4-500-6
14/01/22 23:13:58
14/01/22 23:13:58
/home/pi/reginaldojunior/experimentos/results/socket/800/800/covtypeNorm-OzaBagASHTExecutorMAXChunk-25-4-500-32
14/01/22 23:16:04
14/01/22 23:16:04
/home/pi/reginaldojunior/experimentos/results/socket/800/800/covtypeNorm-OzaBagASHTExecutorMAXChunk-25-4-500-58
14/01/22 23:18:11
14/01/22 23:18:11
/home/pi/reginaldojunior/experimentos/results/socket/800/800/covtypeNorm-OzaBagExecutorMAXChunk-25-4-500-10
14/01/22 23:20:17
14/01/22 23:20:17
/home/pi/reginaldojunior/experimentos/results/socket/800/800/covtypeNorm-OzaBagExecutorMAXChunk-25-4-500-50
14/01/22 23:22:25
14/01/22 23:22:25
/home/pi/reginaldojunior/experimentos/results/socket/800/800/covtypeNorm-OzaBagExecutorMAXChunk-25-4-500-90
14/01/22 23:24:32
14/01/22 23:24:32
/home/pi/reginaldojunior/experimentos/results/socket/800/800/GMSC-AdaptiveRandomForestExecutorMAXChunk-25-4-2000-32
14/01/22 23:26:38
14/01/22 23:26:39
/home/pi/reginaldojunior/experimentos/results/socket/800/800/GMSC-AdaptiveRandomForestExecutorMAXChunk-25-4-2000-160
14/01/22 23:28:44
14/01/22 23:28:44
/home/pi/reginaldojunior/experimentos/results/socket/800/800/GMSC-AdaptiveRandomForestExecutorMAXChunk-25-4-2000-288
14/01/22 23:30:50
14/01/22 23:30:50
/home/pi/reginaldojunior/experimentos/results/socket/800/800/GMSC-LBagExecutorMAXChunk-25-4-2000-42
14/01/22 23:32:57
14/01/22 23:32:57
/home/pi/reginaldojunior/experimentos/results/socket/800/800/GMSC-LBagExecutorMAXChunk-25-4-2000-210
14/01/22 23:35:03
14/01/22 23:35:03
/home/pi/reginaldojunior/experimentos/results/socket/800/800/GMSC-LBagExecutorMAXChunk-25-4-2000-378
14/01/22 23:37:10
14/01/22 23:37:10
/home/pi/reginaldojunior/experimentos/results/socket/800/800/GMSC-StreamingRandomPatchesExecutorMAXChunk-25-4-2000-18
14/01/22 23:39:25
14/01/22 23:39:25
/home/pi/reginaldojunior/experimentos/results/socket/800/800/GMSC-StreamingRandomPatchesExecutorMAXChunk-25-4-2000-90
14/01/22 23:41:30
14/01/22 23:41:30
/home/pi/reginaldojunior/experimentos/results/socket/800/800/GMSC-StreamingRandomPatchesExecutorMAXChunk-25-4-2000-162
14/01/22 23:43:36
14/01/22 23:43:36
/home/pi/reginaldojunior/experimentos/results/socket/800/800/GMSC-OzaBagAdwinExecutorMAXChunk-25-4-2000-107
14/01/22 23:45:43
14/01/22 23:45:43
/home/pi/reginaldojunior/experimentos/results/socket/800/800/GMSC-OzaBagAdwinExecutorMAXChunk-25-4-2000-537
14/01/22 23:47:49
14/01/22 23:47:49
/home/pi/reginaldojunior/experimentos/results/socket/800/800/GMSC-OzaBagAdwinExecutorMAXChunk-25-4-2000-968
14/01/22 23:49:56
14/01/22 23:49:56
/home/pi/reginaldojunior/experimentos/results/socket/800/800/GMSC-OzaBagASHTExecutorMAXChunk-25-4-2000-170
14/01/22 23:52:02
14/01/22 23:52:02
/home/pi/reginaldojunior/experimentos/results/socket/800/800/GMSC-OzaBagASHTExecutorMAXChunk-25-4-2000-850
14/01/22 23:54:09
14/01/22 23:54:09
/home/pi/reginaldojunior/experimentos/results/socket/800/800/GMSC-OzaBagASHTExecutorMAXChunk-25-4-2000-1530
14/01/22 23:55:53
14/01/22 23:55:53
/home/pi/reginaldojunior/experimentos/results/socket/800/800/GMSC-OzaBagExecutorMAXChunk-25-4-2000-108
14/01/22 23:58:00
14/01/22 23:58:00
/home/pi/reginaldojunior/experimentos/results/socket/800/800/GMSC-OzaBagExecutorMAXChunk-25-4-2000-543
15/01/22 00:00:07
15/01/22 00:00:07
/home/pi/reginaldojunior/experimentos/results/socket/800/800/GMSC-OzaBagExecutorMAXChunk-25-4-2000-977
15/01/22 00:02:14
15/01/22 00:02:14
/home/pi/reginaldojunior/experimentos/results/socket/800/800/elecNormNew-AdaptiveRandomForestExecutorMAXChunk-25-4-2000-17
15/01/22 00:04:33
15/01/22 00:04:33
/home/pi/reginaldojunior/experimentos/results/socket/800/800/elecNormNew-AdaptiveRandomForestExecutorMAXChunk-25-4-2000-85
15/01/22 00:06:37
15/01/22 00:06:37
/home/pi/reginaldojunior/experimentos/results/socket/800/800/elecNormNew-AdaptiveRandomForestExecutorMAXChunk-25-4-2000-154
15/01/22 00:08:44
15/01/22 00:08:44
/home/pi/reginaldojunior/experimentos/results/socket/800/800/elecNormNew-LBagExecutorMAXChunk-25-4-2000-32
15/01/22 00:10:52
15/01/22 00:10:52
/home/pi/reginaldojunior/experimentos/results/socket/800/800/elecNormNew-LBagExecutorMAXChunk-25-4-2000-163
15/01/22 00:12:59
15/01/22 00:12:59
/home/pi/reginaldojunior/experimentos/results/socket/800/800/elecNormNew-LBagExecutorMAXChunk-25-4-2000-294
15/01/22 00:15:06
15/01/22 00:15:06
/home/pi/reginaldojunior/experimentos/results/socket/800/800/elecNormNew-StreamingRandomPatchesExecutorMAXChunk-25-4-2000-4
15/01/22 00:17:13
15/01/22 00:17:13
/home/pi/reginaldojunior/experimentos/results/socket/800/800/elecNormNew-StreamingRandomPatchesExecutorMAXChunk-25-4-2000-23
15/01/22 00:19:18
15/01/22 00:19:18
/home/pi/reginaldojunior/experimentos/results/socket/800/800/elecNormNew-StreamingRandomPatchesExecutorMAXChunk-25-4-2000-42
15/01/22 00:21:26
15/01/22 00:21:26
/home/pi/reginaldojunior/experimentos/results/socket/800/800/elecNormNew-OzaBagAdwinExecutorMAXChunk-25-4-2000-79
15/01/22 00:23:33
15/01/22 00:23:33
/home/pi/reginaldojunior/experimentos/results/socket/800/800/elecNormNew-OzaBagAdwinExecutorMAXChunk-25-4-2000-398
15/01/22 00:25:35
15/01/22 00:25:35
/home/pi/reginaldojunior/experimentos/results/socket/800/800/elecNormNew-OzaBagAdwinExecutorMAXChunk-25-4-2000-717
15/01/22 00:26:44
15/01/22 00:26:44
/home/pi/reginaldojunior/experimentos/results/socket/800/800/elecNormNew-OzaBagASHTExecutorMAXChunk-25-4-2000-41
15/01/22 00:28:51
15/01/22 00:28:51
/home/pi/reginaldojunior/experimentos/results/socket/800/800/elecNormNew-OzaBagASHTExecutorMAXChunk-25-4-2000-206
15/01/22 00:30:58
15/01/22 00:30:58
/home/pi/reginaldojunior/experimentos/results/socket/800/800/elecNormNew-OzaBagASHTExecutorMAXChunk-25-4-2000-371
15/01/22 00:33:05
15/01/22 00:33:05
/home/pi/reginaldojunior/experimentos/results/socket/800/800/elecNormNew-OzaBagExecutorMAXChunk-25-4-2000-95
15/01/22 00:35:11
15/01/22 00:35:11
/home/pi/reginaldojunior/experimentos/results/socket/800/800/elecNormNew-OzaBagExecutorMAXChunk-25-4-2000-479
15/01/22 00:36:54
15/01/22 00:36:54
/home/pi/reginaldojunior/experimentos/results/socket/800/800/elecNormNew-OzaBagExecutorMAXChunk-25-4-2000-862
15/01/22 00:37:53
15/01/22 00:37:53
/home/pi/reginaldojunior/experimentos/results/socket/800/800/covtypeNorm-AdaptiveRandomForestExecutorMAXChunk-25-4-2000-11
15/01/22 00:40:14
15/01/22 00:40:14
/home/pi/reginaldojunior/experimentos/results/socket/800/800/covtypeNorm-AdaptiveRandomForestExecutorMAXChunk-25-4-2000-56
15/01/22 00:42:20
15/01/22 00:42:20
/home/pi/reginaldojunior/experimentos/results/socket/800/800/covtypeNorm-AdaptiveRandomForestExecutorMAXChunk-25-4-2000-102
15/01/22 00:44:27
15/01/22 00:44:27
/home/pi/reginaldojunior/experimentos/results/socket/800/800/covtypeNorm-LBagExecutorMAXChunk-25-4-2000-7
15/01/22 00:46:38
15/01/22 00:46:38
/home/pi/reginaldojunior/experimentos/results/socket/800/800/covtypeNorm-LBagExecutorMAXChunk-25-4-2000-38
15/01/22 00:48:45
15/01/22 00:48:45
/home/pi/reginaldojunior/experimentos/results/socket/800/800/covtypeNorm-LBagExecutorMAXChunk-25-4-2000-68
15/01/22 00:50:58
15/01/22 00:50:58
/home/pi/reginaldojunior/experimentos/results/socket/800/800/covtypeNorm-StreamingRandomPatchesExecutorMAXChunk-25-4-2000-4
15/01/22 02:03:45
15/01/22 02:03:45
/home/pi/reginaldojunior/experimentos/results/socket/800/800/covtypeNorm-StreamingRandomPatchesExecutorMAXChunk-25-4-2000-23
15/01/22 02:14:36
15/01/22 02:14:36
/home/pi/reginaldojunior/experimentos/results/socket/800/800/covtypeNorm-StreamingRandomPatchesExecutorMAXChunk-25-4-2000-43
15/01/22 02:16:44
15/01/22 02:16:44
/home/pi/reginaldojunior/experimentos/results/socket/800/800/covtypeNorm-OzaBagAdwinExecutorMAXChunk-25-4-2000-6
15/01/22 02:18:53
15/01/22 02:18:53
/home/pi/reginaldojunior/experimentos/results/socket/800/800/covtypeNorm-OzaBagAdwinExecutorMAXChunk-25-4-2000-32
15/01/22 02:21:04
15/01/22 02:21:04
/home/pi/reginaldojunior/experimentos/results/socket/800/800/covtypeNorm-OzaBagAdwinExecutorMAXChunk-25-4-2000-58
15/01/22 02:23:12
15/01/22 02:23:13
/home/pi/reginaldojunior/experimentos/results/socket/800/800/covtypeNorm-OzaBagASHTExecutorMAXChunk-25-4-2000-6
15/01/22 02:25:23
15/01/22 02:25:23
/home/pi/reginaldojunior/experimentos/results/socket/800/800/covtypeNorm-OzaBagASHTExecutorMAXChunk-25-4-2000-32
15/01/22 02:27:33
15/01/22 02:27:33
/home/pi/reginaldojunior/experimentos/results/socket/800/800/covtypeNorm-OzaBagASHTExecutorMAXChunk-25-4-2000-58
15/01/22 02:29:41
15/01/22 02:29:41
/home/pi/reginaldojunior/experimentos/results/socket/800/800/covtypeNorm-OzaBagExecutorMAXChunk-25-4-2000-10
15/01/22 02:31:51
15/01/22 02:31:51
/home/pi/reginaldojunior/experimentos/results/socket/800/800/covtypeNorm-OzaBagExecutorMAXChunk-25-4-2000-50
15/01/22 02:34:01
15/01/22 02:34:01
/home/pi/reginaldojunior/experimentos/results/socket/800/800/covtypeNorm-OzaBagExecutorMAXChunk-25-4-2000-90
15/01/22 02:36:10
