03/11/23 19:32:13
/home/pi/reginaldojunior/experimentos/socket/mb-socket-dynamic/all-batches-8//elecNormNew-AdaptiveRandomForestExecutorMAXChunk-25-4-25-316
03/11/23 19:42:19
03/11/23 19:42:19
/home/pi/reginaldojunior/experimentos/socket/mb-socket-dynamic/all-batches-8//elecNormNew-LBagExecutorMAXChunk-25-4-25-524
03/11/23 19:47:07
03/11/23 19:47:07
/home/pi/reginaldojunior/experimentos/socket/mb-socket-dynamic/all-batches-8//elecNormNew-StreamingRandomPatchesExecutorMAXChunk-25-4-25-169
03/11/23 19:57:13
03/11/23 19:57:13
/home/pi/reginaldojunior/experimentos/socket/mb-socket-dynamic/all-batches-8//elecNormNew-OzaBagAdwinExecutorMAXChunk-25-4-25-1208
03/11/23 20:00:56
03/11/23 20:00:57
/home/pi/reginaldojunior/experimentos/socket/mb-socket-dynamic/all-batches-8//elecNormNew-OzaBagASHTExecutorMAXChunk-25-4-25-1496
03/11/23 20:04:35
03/11/23 20:04:35
/home/pi/reginaldojunior/experimentos/socket/mb-socket-dynamic/all-batches-8//elecNormNew-OzaBagExecutorMAXChunk-25-4-25-1664
03/11/23 20:08:52
03/11/23 20:08:52
/home/pi/reginaldojunior/experimentos/socket/mb-socket-dynamic/all-batches-8//covtypeNorm-AdaptiveRandomForestExecutorMAXChunk-25-4-25-207
03/11/23 20:18:58
03/11/23 20:18:58
/home/pi/reginaldojunior/experimentos/socket/mb-socket-dynamic/all-batches-8//covtypeNorm-LBagExecutorMAXChunk-25-4-25-150
03/11/23 20:29:04
03/11/23 20:29:04
/home/pi/reginaldojunior/experimentos/socket/mb-socket-dynamic/all-batches-8//covtypeNorm-StreamingRandomPatchesExecutorMAXChunk-25-4-25-68
03/11/23 20:39:10
03/11/23 20:39:10
/home/pi/reginaldojunior/experimentos/socket/mb-socket-dynamic/all-batches-8//covtypeNorm-OzaBagAdwinExecutorMAXChunk-25-4-25-283
03/11/23 20:49:17
03/11/23 20:49:17
/home/pi/reginaldojunior/experimentos/socket/mb-socket-dynamic/all-batches-8//covtypeNorm-OzaBagASHTExecutorMAXChunk-25-4-25-251
03/11/23 20:59:23
03/11/23 20:59:23
/home/pi/reginaldojunior/experimentos/socket/mb-socket-dynamic/all-batches-8//covtypeNorm-OzaBagExecutorMAXChunk-25-4-25-288
03/11/23 21:09:29
03/11/23 21:09:29
/home/pi/reginaldojunior/experimentos/socket/mb-socket-dynamic/all-batches-8//airlines-AdaptiveRandomForestExecutorMAXChunk-25-4-25-66
03/11/23 21:19:35
03/11/23 21:19:35
/home/pi/reginaldojunior/experimentos/socket/mb-socket-dynamic/all-batches-8//airlines-LBagExecutorMAXChunk-25-4-25-46
03/11/23 21:29:42
03/11/23 21:29:42
/home/pi/reginaldojunior/experimentos/socket/mb-socket-dynamic/all-batches-8//airlines-StreamingRandomPatchesExecutorMAXChunk-25-4-25-69
03/11/23 21:39:48
03/11/23 21:39:48
/home/pi/reginaldojunior/experimentos/socket/mb-socket-dynamic/all-batches-8//airlines-OzaBagAdwinExecutorMAXChunk-25-4-25-170
03/11/23 21:49:54
03/11/23 21:49:54
/home/pi/reginaldojunior/experimentos/socket/mb-socket-dynamic/all-batches-8//airlines-OzaBagASHTExecutorMAXChunk-25-4-25-177
03/11/23 22:00:03
03/11/23 22:00:03
/home/pi/reginaldojunior/experimentos/socket/mb-socket-dynamic/all-batches-8//airlines-OzaBagExecutorMAXChunk-25-4-25-170
03/11/23 22:10:10
03/11/23 22:10:10
/home/pi/reginaldojunior/experimentos/socket/mb-socket-dynamic/all-batches-8//GMSC-AdaptiveRandomForestExecutorMAXChunk-25-4-25-540
03/11/23 22:20:16
03/11/23 22:20:16
/home/pi/reginaldojunior/experimentos/socket/mb-socket-dynamic/all-batches-8//GMSC-LBagExecutorMAXChunk-25-4-25-716
03/11/23 22:30:22
03/11/23 22:30:22
/home/pi/reginaldojunior/experimentos/socket/mb-socket-dynamic/all-batches-8//GMSC-StreamingRandomPatchesExecutorMAXChunk-25-4-25-295
03/11/23 22:40:28
03/11/23 22:40:28
/home/pi/reginaldojunior/experimentos/socket/mb-socket-dynamic/all-batches-8//GMSC-OzaBagAdwinExecutorMAXChunk-25-4-25-1709
03/11/23 22:45:42
03/11/23 22:45:42
/home/pi/reginaldojunior/experimentos/socket/mb-socket-dynamic/all-batches-8//GMSC-OzaBagASHTExecutorMAXChunk-25-4-25-2263
03/11/23 22:50:16
03/11/23 22:50:16
/home/pi/reginaldojunior/experimentos/socket/mb-socket-dynamic/all-batches-8//GMSC-OzaBagExecutorMAXChunk-25-4-25-2260
03/11/23 22:52:59
03/11/23 22:52:59
/home/pi/reginaldojunior/experimentos/socket/mb-socket-dynamic/all-batches-8//elecNormNew-AdaptiveRandomForestExecutorMAXChunk-25-4-50-316
03/11/23 23:03:05
03/11/23 23:03:05
/home/pi/reginaldojunior/experimentos/socket/mb-socket-dynamic/all-batches-8//elecNormNew-LBagExecutorMAXChunk-25-4-50-524
03/11/23 23:13:12
03/11/23 23:13:12
/home/pi/reginaldojunior/experimentos/socket/mb-socket-dynamic/all-batches-8//elecNormNew-StreamingRandomPatchesExecutorMAXChunk-25-4-50-169
03/11/23 23:23:17
03/11/23 23:23:17
/home/pi/reginaldojunior/experimentos/socket/mb-socket-dynamic/all-batches-8//elecNormNew-OzaBagAdwinExecutorMAXChunk-25-4-50-1208
03/11/23 23:26:11
03/11/23 23:26:11
/home/pi/reginaldojunior/experimentos/socket/mb-socket-dynamic/all-batches-8//elecNormNew-OzaBagASHTExecutorMAXChunk-25-4-50-1496
03/11/23 23:28:19
03/11/23 23:28:19
/home/pi/reginaldojunior/experimentos/socket/mb-socket-dynamic/all-batches-8//elecNormNew-OzaBagExecutorMAXChunk-25-4-50-1664
03/11/23 23:30:15
03/11/23 23:30:15
/home/pi/reginaldojunior/experimentos/socket/mb-socket-dynamic/all-batches-8//covtypeNorm-AdaptiveRandomForestExecutorMAXChunk-25-4-50-207
03/11/23 23:40:21
03/11/23 23:40:21
/home/pi/reginaldojunior/experimentos/socket/mb-socket-dynamic/all-batches-8//covtypeNorm-LBagExecutorMAXChunk-25-4-50-150
03/11/23 23:50:27
03/11/23 23:50:27
/home/pi/reginaldojunior/experimentos/socket/mb-socket-dynamic/all-batches-8//covtypeNorm-StreamingRandomPatchesExecutorMAXChunk-25-4-50-68
04/11/23 00:00:33
04/11/23 00:00:33
/home/pi/reginaldojunior/experimentos/socket/mb-socket-dynamic/all-batches-8//covtypeNorm-OzaBagAdwinExecutorMAXChunk-25-4-50-283
04/11/23 00:10:39
04/11/23 00:10:39
/home/pi/reginaldojunior/experimentos/socket/mb-socket-dynamic/all-batches-8//covtypeNorm-OzaBagASHTExecutorMAXChunk-25-4-50-251
04/11/23 00:20:46
04/11/23 00:20:46
/home/pi/reginaldojunior/experimentos/socket/mb-socket-dynamic/all-batches-8//covtypeNorm-OzaBagExecutorMAXChunk-25-4-50-288
04/11/23 00:30:52
04/11/23 00:30:52
/home/pi/reginaldojunior/experimentos/socket/mb-socket-dynamic/all-batches-8//airlines-AdaptiveRandomForestExecutorMAXChunk-25-4-50-66
04/11/23 00:40:58
04/11/23 00:40:58
/home/pi/reginaldojunior/experimentos/socket/mb-socket-dynamic/all-batches-8//airlines-LBagExecutorMAXChunk-25-4-50-46
04/11/23 00:51:05
04/11/23 00:51:05
/home/pi/reginaldojunior/experimentos/socket/mb-socket-dynamic/all-batches-8//airlines-StreamingRandomPatchesExecutorMAXChunk-25-4-50-69
04/11/23 01:01:11
04/11/23 01:01:11
/home/pi/reginaldojunior/experimentos/socket/mb-socket-dynamic/all-batches-8//airlines-OzaBagAdwinExecutorMAXChunk-25-4-50-170
04/11/23 01:11:18
04/11/23 01:11:18
/home/pi/reginaldojunior/experimentos/socket/mb-socket-dynamic/all-batches-8//airlines-OzaBagASHTExecutorMAXChunk-25-4-50-177
04/11/23 01:21:25
04/11/23 01:21:25
/home/pi/reginaldojunior/experimentos/socket/mb-socket-dynamic/all-batches-8//airlines-OzaBagExecutorMAXChunk-25-4-50-170
04/11/23 01:31:32
04/11/23 01:31:32
/home/pi/reginaldojunior/experimentos/socket/mb-socket-dynamic/all-batches-8//GMSC-AdaptiveRandomForestExecutorMAXChunk-25-4-50-540
04/11/23 01:41:37
04/11/23 01:41:37
/home/pi/reginaldojunior/experimentos/socket/mb-socket-dynamic/all-batches-8//GMSC-LBagExecutorMAXChunk-25-4-50-716
04/11/23 01:51:44
04/11/23 01:51:44
/home/pi/reginaldojunior/experimentos/socket/mb-socket-dynamic/all-batches-8//GMSC-StreamingRandomPatchesExecutorMAXChunk-25-4-50-295
04/11/23 02:01:49
04/11/23 02:01:50
/home/pi/reginaldojunior/experimentos/socket/mb-socket-dynamic/all-batches-8//GMSC-OzaBagAdwinExecutorMAXChunk-25-4-50-1709
04/11/23 02:08:46
04/11/23 02:08:46
/home/pi/reginaldojunior/experimentos/socket/mb-socket-dynamic/all-batches-8//GMSC-OzaBagASHTExecutorMAXChunk-25-4-50-2263
04/11/23 02:12:23
04/11/23 02:12:23
/home/pi/reginaldojunior/experimentos/socket/mb-socket-dynamic/all-batches-8//GMSC-OzaBagExecutorMAXChunk-25-4-50-2260
04/11/23 02:17:38
04/11/23 02:17:38
/home/pi/reginaldojunior/experimentos/socket/mb-socket-dynamic/all-batches-8//elecNormNew-AdaptiveRandomForestExecutorMAXChunk-25-4-500-316
04/11/23 02:27:44
04/11/23 02:27:44
/home/pi/reginaldojunior/experimentos/socket/mb-socket-dynamic/all-batches-8//elecNormNew-LBagExecutorMAXChunk-25-4-500-524
04/11/23 02:32:42
04/11/23 02:32:42
/home/pi/reginaldojunior/experimentos/socket/mb-socket-dynamic/all-batches-8//elecNormNew-StreamingRandomPatchesExecutorMAXChunk-25-4-500-169
04/11/23 07:39:31
/home/pi/reginaldojunior/experimentos/socket/mb-socket-dynamic/all-batches-8//elecNormNew-AdaptiveRandomForestExecutorMAXChunk-25-4-500-316
04/11/23 07:49:37
04/11/23 07:49:37
/home/pi/reginaldojunior/experimentos/socket/mb-socket-dynamic/all-batches-8//elecNormNew-LBagExecutorMAXChunk-25-4-500-524
04/11/23 07:55:34
04/11/23 07:55:34
/home/pi/reginaldojunior/experimentos/socket/mb-socket-dynamic/all-batches-8//elecNormNew-StreamingRandomPatchesExecutorMAXChunk-25-4-500-169
04/11/23 08:05:40
04/11/23 08:05:40
/home/pi/reginaldojunior/experimentos/socket/mb-socket-dynamic/all-batches-8//elecNormNew-OzaBagAdwinExecutorMAXChunk-25-4-500-1208
04/11/23 08:08:37
04/11/23 08:08:37
/home/pi/reginaldojunior/experimentos/socket/mb-socket-dynamic/all-batches-8//elecNormNew-OzaBagASHTExecutorMAXChunk-25-4-500-1496
04/11/23 08:12:19
04/11/23 08:12:19
/home/pi/reginaldojunior/experimentos/socket/mb-socket-dynamic/all-batches-8//elecNormNew-OzaBagExecutorMAXChunk-25-4-500-1664
04/11/23 08:13:48
04/11/23 08:13:48
/home/pi/reginaldojunior/experimentos/socket/mb-socket-dynamic/all-batches-8//covtypeNorm-AdaptiveRandomForestExecutorMAXChunk-25-4-500-207
04/11/23 08:23:54
04/11/23 08:23:54
/home/pi/reginaldojunior/experimentos/socket/mb-socket-dynamic/all-batches-8//covtypeNorm-LBagExecutorMAXChunk-25-4-500-150
04/11/23 08:34:01
04/11/23 08:34:01
/home/pi/reginaldojunior/experimentos/socket/mb-socket-dynamic/all-batches-8//covtypeNorm-StreamingRandomPatchesExecutorMAXChunk-25-4-500-68
04/11/23 08:44:07
04/11/23 08:44:07
/home/pi/reginaldojunior/experimentos/socket/mb-socket-dynamic/all-batches-8//covtypeNorm-OzaBagAdwinExecutorMAXChunk-25-4-500-283
04/11/23 08:54:13
04/11/23 08:54:13
/home/pi/reginaldojunior/experimentos/socket/mb-socket-dynamic/all-batches-8//covtypeNorm-OzaBagASHTExecutorMAXChunk-25-4-500-251
04/11/23 09:04:20
04/11/23 09:04:20
/home/pi/reginaldojunior/experimentos/socket/mb-socket-dynamic/all-batches-8//covtypeNorm-OzaBagExecutorMAXChunk-25-4-500-288
04/11/23 09:14:27
04/11/23 09:14:27
/home/pi/reginaldojunior/experimentos/socket/mb-socket-dynamic/all-batches-8//airlines-AdaptiveRandomForestExecutorMAXChunk-25-4-500-66
04/11/23 09:24:35
04/11/23 09:24:35
/home/pi/reginaldojunior/experimentos/socket/mb-socket-dynamic/all-batches-8//airlines-LBagExecutorMAXChunk-25-4-500-46
04/11/23 09:34:46
04/11/23 09:34:46
/home/pi/reginaldojunior/experimentos/socket/mb-socket-dynamic/all-batches-8//airlines-StreamingRandomPatchesExecutorMAXChunk-25-4-500-69
04/11/23 09:44:57
04/11/23 09:44:57
/home/pi/reginaldojunior/experimentos/socket/mb-socket-dynamic/all-batches-8//airlines-OzaBagAdwinExecutorMAXChunk-25-4-500-170
04/11/23 09:55:04
04/11/23 09:55:04
/home/pi/reginaldojunior/experimentos/socket/mb-socket-dynamic/all-batches-8//airlines-OzaBagASHTExecutorMAXChunk-25-4-500-177
04/11/23 10:05:12
04/11/23 10:05:12
/home/pi/reginaldojunior/experimentos/socket/mb-socket-dynamic/all-batches-8//airlines-OzaBagExecutorMAXChunk-25-4-500-170
04/11/23 10:15:23
04/11/23 10:15:23
/home/pi/reginaldojunior/experimentos/socket/mb-socket-dynamic/all-batches-8//GMSC-AdaptiveRandomForestExecutorMAXChunk-25-4-500-540
04/11/23 10:25:29
04/11/23 10:25:29
/home/pi/reginaldojunior/experimentos/socket/mb-socket-dynamic/all-batches-8//GMSC-LBagExecutorMAXChunk-25-4-500-716
04/11/23 10:35:36
04/11/23 10:35:36
/home/pi/reginaldojunior/experimentos/socket/mb-socket-dynamic/all-batches-8//GMSC-StreamingRandomPatchesExecutorMAXChunk-25-4-500-295
04/11/23 10:45:42
04/11/23 10:45:42
/home/pi/reginaldojunior/experimentos/socket/mb-socket-dynamic/all-batches-8//GMSC-OzaBagAdwinExecutorMAXChunk-25-4-500-1709
04/11/23 10:49:56
04/11/23 10:49:56
/home/pi/reginaldojunior/experimentos/socket/mb-socket-dynamic/all-batches-8//GMSC-OzaBagASHTExecutorMAXChunk-25-4-500-2263
04/11/23 10:57:31
04/11/23 10:57:31
/home/pi/reginaldojunior/experimentos/socket/mb-socket-dynamic/all-batches-8//GMSC-OzaBagExecutorMAXChunk-25-4-500-2260
04/11/23 11:02:55
04/11/23 11:02:55
/home/pi/reginaldojunior/experimentos/socket/mb-socket-dynamic/all-batches-8//elecNormNew-AdaptiveRandomForestExecutorMAXChunk-25-4-2000-316
04/11/23 11:12:53
04/11/23 11:12:53
/home/pi/reginaldojunior/experimentos/socket/mb-socket-dynamic/all-batches-8//elecNormNew-LBagExecutorMAXChunk-25-4-2000-524
04/11/23 11:17:48
04/11/23 11:17:48
/home/pi/reginaldojunior/experimentos/socket/mb-socket-dynamic/all-batches-8//elecNormNew-StreamingRandomPatchesExecutorMAXChunk-25-4-2000-169
04/11/23 11:27:56
04/11/23 11:27:56
/home/pi/reginaldojunior/experimentos/socket/mb-socket-dynamic/all-batches-8//elecNormNew-OzaBagAdwinExecutorMAXChunk-25-4-2000-1208
04/11/23 11:32:06
04/11/23 11:32:06
/home/pi/reginaldojunior/experimentos/socket/mb-socket-dynamic/all-batches-8//elecNormNew-OzaBagASHTExecutorMAXChunk-25-4-2000-1496
04/11/23 11:34:42
04/11/23 11:34:42
/home/pi/reginaldojunior/experimentos/socket/mb-socket-dynamic/all-batches-8//elecNormNew-OzaBagExecutorMAXChunk-25-4-2000-1664
04/11/23 11:35:40
04/11/23 11:35:40
/home/pi/reginaldojunior/experimentos/socket/mb-socket-dynamic/all-batches-8//covtypeNorm-AdaptiveRandomForestExecutorMAXChunk-25-4-2000-207
04/11/23 11:45:47
04/11/23 11:45:47
/home/pi/reginaldojunior/experimentos/socket/mb-socket-dynamic/all-batches-8//covtypeNorm-LBagExecutorMAXChunk-25-4-2000-150
04/11/23 11:55:56
04/11/23 11:55:56
/home/pi/reginaldojunior/experimentos/socket/mb-socket-dynamic/all-batches-8//covtypeNorm-StreamingRandomPatchesExecutorMAXChunk-25-4-2000-68
04/11/23 12:06:11
04/11/23 12:06:11
/home/pi/reginaldojunior/experimentos/socket/mb-socket-dynamic/all-batches-8//covtypeNorm-OzaBagAdwinExecutorMAXChunk-25-4-2000-283
04/11/23 12:16:20
04/11/23 12:16:20
/home/pi/reginaldojunior/experimentos/socket/mb-socket-dynamic/all-batches-8//covtypeNorm-OzaBagASHTExecutorMAXChunk-25-4-2000-251
04/11/23 12:26:28
04/11/23 12:26:28
/home/pi/reginaldojunior/experimentos/socket/mb-socket-dynamic/all-batches-8//covtypeNorm-OzaBagExecutorMAXChunk-25-4-2000-288
04/11/23 12:36:35
04/11/23 12:36:35
/home/pi/reginaldojunior/experimentos/socket/mb-socket-dynamic/all-batches-8//airlines-AdaptiveRandomForestExecutorMAXChunk-25-4-2000-66
04/11/23 12:46:45
04/11/23 12:46:45
/home/pi/reginaldojunior/experimentos/socket/mb-socket-dynamic/all-batches-8//airlines-LBagExecutorMAXChunk-25-4-2000-46
04/11/23 12:57:11
04/11/23 12:57:11
/home/pi/reginaldojunior/experimentos/socket/mb-socket-dynamic/all-batches-8//airlines-StreamingRandomPatchesExecutorMAXChunk-25-4-2000-69
04/11/23 13:07:34
04/11/23 13:07:34
/home/pi/reginaldojunior/experimentos/socket/mb-socket-dynamic/all-batches-8//airlines-OzaBagAdwinExecutorMAXChunk-25-4-2000-170
04/11/23 13:17:47
04/11/23 13:17:47
/home/pi/reginaldojunior/experimentos/socket/mb-socket-dynamic/all-batches-8//airlines-OzaBagASHTExecutorMAXChunk-25-4-2000-177
04/11/23 13:27:55
04/11/23 13:27:55
/home/pi/reginaldojunior/experimentos/socket/mb-socket-dynamic/all-batches-8//airlines-OzaBagExecutorMAXChunk-25-4-2000-170
04/11/23 13:38:03
04/11/23 13:38:03
/home/pi/reginaldojunior/experimentos/socket/mb-socket-dynamic/all-batches-8//GMSC-AdaptiveRandomForestExecutorMAXChunk-25-4-2000-540
04/11/23 13:48:09
04/11/23 13:48:09
/home/pi/reginaldojunior/experimentos/socket/mb-socket-dynamic/all-batches-8//GMSC-LBagExecutorMAXChunk-25-4-2000-716
04/11/23 13:58:16
04/11/23 13:58:16
/home/pi/reginaldojunior/experimentos/socket/mb-socket-dynamic/all-batches-8//GMSC-StreamingRandomPatchesExecutorMAXChunk-25-4-2000-295
04/11/23 14:08:25
04/11/23 14:08:25
/home/pi/reginaldojunior/experimentos/socket/mb-socket-dynamic/all-batches-8//GMSC-OzaBagAdwinExecutorMAXChunk-25-4-2000-1709
04/11/23 14:14:05
04/11/23 14:14:05
/home/pi/reginaldojunior/experimentos/socket/mb-socket-dynamic/all-batches-8//GMSC-OzaBagASHTExecutorMAXChunk-25-4-2000-2263
04/11/23 14:20:10
04/11/23 14:20:10
/home/pi/reginaldojunior/experimentos/socket/mb-socket-dynamic/all-batches-8//GMSC-OzaBagExecutorMAXChunk-25-4-2000-2260
04/11/23 14:24:41
