23/02/22 13:30:18
/home/pi/reginaldojunior/experimentos/results/socket/600/600/elecNormNew-AdaptiveRandomForestExecutorMAXChunk-25-4-50-40
23/02/22 13:32:24
23/02/22 13:32:24
/home/pi/reginaldojunior/experimentos/results/socket/600/600/elecNormNew-AdaptiveRandomForestExecutorMAXChunk-25-4-50-202
23/02/22 13:34:31
23/02/22 13:34:31
/home/pi/reginaldojunior/experimentos/results/socket/600/600/elecNormNew-AdaptiveRandomForestExecutorMAXChunk-25-4-50-365
23/02/22 13:36:37
23/02/22 13:36:37
/home/pi/reginaldojunior/experimentos/results/socket/600/600/elecNormNew-LBagExecutorMAXChunk-25-4-50-60
23/02/22 13:38:46
23/02/22 13:38:46
/home/pi/reginaldojunior/experimentos/results/socket/600/600/elecNormNew-LBagExecutorMAXChunk-25-4-50-302
23/02/22 13:40:55
23/02/22 13:40:55
/home/pi/reginaldojunior/experimentos/results/socket/600/600/elecNormNew-LBagExecutorMAXChunk-25-4-50-544
23/02/22 13:42:28
23/02/22 13:42:28
/home/pi/reginaldojunior/experimentos/results/socket/600/600/elecNormNew-StreamingRandomPatchesExecutorMAXChunk-25-4-50-19
23/02/22 13:44:35
23/02/22 13:44:35
/home/pi/reginaldojunior/experimentos/results/socket/600/600/elecNormNew-StreamingRandomPatchesExecutorMAXChunk-25-4-50-98
23/02/22 13:46:41
23/02/22 13:46:41
/home/pi/reginaldojunior/experimentos/results/socket/600/600/elecNormNew-StreamingRandomPatchesExecutorMAXChunk-25-4-50-177
23/02/22 13:48:47
23/02/22 13:48:47
/home/pi/reginaldojunior/experimentos/results/socket/600/600/elecNormNew-OzaBagAdwinExecutorMAXChunk-25-4-50-117
23/02/22 13:50:56
23/02/22 13:50:56
/home/pi/reginaldojunior/experimentos/results/socket/600/600/elecNormNew-OzaBagAdwinExecutorMAXChunk-25-4-50-589
23/02/22 13:52:23
23/02/22 13:52:23
/home/pi/reginaldojunior/experimentos/results/socket/600/600/elecNormNew-OzaBagAdwinExecutorMAXChunk-25-4-50-1060
23/02/22 13:53:14
23/02/22 13:53:14
/home/pi/reginaldojunior/experimentos/results/socket/600/600/elecNormNew-OzaBagASHTExecutorMAXChunk-25-4-50-138
23/02/22 13:55:23
23/02/22 13:55:23
/home/pi/reginaldojunior/experimentos/results/socket/600/600/elecNormNew-OzaBagASHTExecutorMAXChunk-25-4-50-690
23/02/22 13:56:38
23/02/22 13:56:38
/home/pi/reginaldojunior/experimentos/results/socket/600/600/elecNormNew-OzaBagASHTExecutorMAXChunk-25-4-50-1243
23/02/22 13:57:23
23/02/22 13:57:23
/home/pi/reginaldojunior/experimentos/results/socket/600/600/elecNormNew-OzaBagExecutorMAXChunk-25-4-50-142
23/02/22 13:59:32
23/02/22 13:59:32
/home/pi/reginaldojunior/experimentos/results/socket/600/600/elecNormNew-OzaBagExecutorMAXChunk-25-4-50-712
23/02/22 14:00:45
23/02/22 14:00:45
/home/pi/reginaldojunior/experimentos/results/socket/600/600/elecNormNew-OzaBagExecutorMAXChunk-25-4-50-1283
23/02/22 14:01:29
23/02/22 14:01:29
/home/pi/reginaldojunior/experimentos/results/socket/600/600/covtypeNorm-AdaptiveRandomForestExecutorMAXChunk-25-4-50-31
23/02/22 14:03:36
23/02/22 14:03:36
/home/pi/reginaldojunior/experimentos/results/socket/600/600/covtypeNorm-AdaptiveRandomForestExecutorMAXChunk-25-4-50-158
23/02/22 14:05:42
23/02/22 14:05:42
/home/pi/reginaldojunior/experimentos/results/socket/600/600/covtypeNorm-AdaptiveRandomForestExecutorMAXChunk-25-4-50-285
23/02/22 14:07:49
23/02/22 14:07:49
/home/pi/reginaldojunior/experimentos/results/socket/600/600/covtypeNorm-LBagExecutorMAXChunk-25-4-50-15
23/02/22 14:09:57
23/02/22 14:09:57
/home/pi/reginaldojunior/experimentos/results/socket/600/600/covtypeNorm-LBagExecutorMAXChunk-25-4-50-77
23/02/22 14:12:06
23/02/22 14:12:06
/home/pi/reginaldojunior/experimentos/results/socket/600/600/covtypeNorm-LBagExecutorMAXChunk-25-4-50-139
23/02/22 14:14:15
23/02/22 14:14:15
/home/pi/reginaldojunior/experimentos/results/socket/600/600/covtypeNorm-StreamingRandomPatchesExecutorMAXChunk-25-4-50-7
23/02/22 14:16:22
23/02/22 14:16:22
/home/pi/reginaldojunior/experimentos/results/socket/600/600/covtypeNorm-StreamingRandomPatchesExecutorMAXChunk-25-4-50-37
23/02/22 14:18:30
23/02/22 14:18:30
/home/pi/reginaldojunior/experimentos/results/socket/600/600/covtypeNorm-StreamingRandomPatchesExecutorMAXChunk-25-4-50-68
23/02/22 14:20:37
23/02/22 14:20:37
/home/pi/reginaldojunior/experimentos/results/socket/600/600/covtypeNorm-OzaBagAdwinExecutorMAXChunk-25-4-50-19
23/02/22 14:22:46
23/02/22 14:22:46
/home/pi/reginaldojunior/experimentos/results/socket/600/600/covtypeNorm-OzaBagAdwinExecutorMAXChunk-25-4-50-95
23/02/22 14:24:55
23/02/22 14:24:55
/home/pi/reginaldojunior/experimentos/results/socket/600/600/covtypeNorm-OzaBagAdwinExecutorMAXChunk-25-4-50-171
23/02/22 14:27:04
23/02/22 14:27:04
/home/pi/reginaldojunior/experimentos/results/socket/600/600/covtypeNorm-OzaBagASHTExecutorMAXChunk-25-4-50-20
23/02/22 14:29:13
23/02/22 14:29:13
/home/pi/reginaldojunior/experimentos/results/socket/600/600/covtypeNorm-OzaBagASHTExecutorMAXChunk-25-4-50-103
23/02/22 14:31:22
23/02/22 14:31:22
/home/pi/reginaldojunior/experimentos/results/socket/600/600/covtypeNorm-OzaBagASHTExecutorMAXChunk-25-4-50-186
23/02/22 14:33:31
23/02/22 14:33:31
/home/pi/reginaldojunior/experimentos/results/socket/600/600/covtypeNorm-OzaBagExecutorMAXChunk-25-4-50-20
23/02/22 14:35:40
23/02/22 14:35:40
/home/pi/reginaldojunior/experimentos/results/socket/600/600/covtypeNorm-OzaBagExecutorMAXChunk-25-4-50-100
23/02/22 14:37:48
23/02/22 14:37:48
/home/pi/reginaldojunior/experimentos/results/socket/600/600/covtypeNorm-OzaBagExecutorMAXChunk-25-4-50-181
23/02/22 14:39:57
23/02/22 14:39:57
/home/pi/reginaldojunior/experimentos/results/socket/600/600/airlines-AdaptiveRandomForestExecutorMAXChunk-25-4-50-7
23/02/22 14:42:04
23/02/22 14:42:04
/home/pi/reginaldojunior/experimentos/results/socket/600/600/airlines-AdaptiveRandomForestExecutorMAXChunk-25-4-50-39
23/02/22 14:44:13
23/02/22 14:44:14
/home/pi/reginaldojunior/experimentos/results/socket/600/600/airlines-AdaptiveRandomForestExecutorMAXChunk-25-4-50-70
23/02/22 14:46:20
23/02/22 14:46:20
/home/pi/reginaldojunior/experimentos/results/socket/600/600/airlines-LBagExecutorMAXChunk-25-4-50-6
23/02/22 14:48:28
23/02/22 14:48:28
/home/pi/reginaldojunior/experimentos/results/socket/600/600/airlines-LBagExecutorMAXChunk-25-4-50-32
23/02/22 14:50:38
23/02/22 14:50:38
/home/pi/reginaldojunior/experimentos/results/socket/600/600/airlines-LBagExecutorMAXChunk-25-4-50-57
23/02/22 14:52:47
23/02/22 14:52:47
/home/pi/reginaldojunior/experimentos/results/socket/600/600/airlines-StreamingRandomPatchesExecutorMAXChunk-25-4-50-8
23/02/22 14:54:54
23/02/22 14:54:54
/home/pi/reginaldojunior/experimentos/results/socket/600/600/airlines-StreamingRandomPatchesExecutorMAXChunk-25-4-50-40
23/02/22 14:57:02
23/02/22 14:57:02
/home/pi/reginaldojunior/experimentos/results/socket/600/600/airlines-StreamingRandomPatchesExecutorMAXChunk-25-4-50-72
23/02/22 14:59:09
23/02/22 14:59:09
/home/pi/reginaldojunior/experimentos/results/socket/600/600/airlines-OzaBagAdwinExecutorMAXChunk-25-4-50-24
23/02/22 15:01:18
23/02/22 15:01:18
/home/pi/reginaldojunior/experimentos/results/socket/600/600/airlines-OzaBagAdwinExecutorMAXChunk-25-4-50-121
23/02/22 15:03:28
23/02/22 15:03:28
/home/pi/reginaldojunior/experimentos/results/socket/600/600/airlines-OzaBagAdwinExecutorMAXChunk-25-4-50-218
23/02/22 15:05:36
23/02/22 15:05:36
/home/pi/reginaldojunior/experimentos/results/socket/600/600/airlines-OzaBagASHTExecutorMAXChunk-25-4-50-23
23/02/22 15:07:45
23/02/22 15:07:45
/home/pi/reginaldojunior/experimentos/results/socket/600/600/airlines-OzaBagASHTExecutorMAXChunk-25-4-50-116
23/02/22 15:09:54
23/02/22 15:09:54
/home/pi/reginaldojunior/experimentos/results/socket/600/600/airlines-OzaBagASHTExecutorMAXChunk-25-4-50-209
23/02/22 15:12:06
23/02/22 15:12:06
/home/pi/reginaldojunior/experimentos/results/socket/600/600/airlines-OzaBagExecutorMAXChunk-25-4-50-20
23/02/22 15:14:14
23/02/22 15:14:14
/home/pi/reginaldojunior/experimentos/results/socket/600/600/airlines-OzaBagExecutorMAXChunk-25-4-50-100
23/02/22 15:16:24
23/02/22 15:16:24
/home/pi/reginaldojunior/experimentos/results/socket/600/600/airlines-OzaBagExecutorMAXChunk-25-4-50-181
23/02/22 15:18:33
23/02/22 15:18:33
/home/pi/reginaldojunior/experimentos/results/socket/600/600/GMSC-AdaptiveRandomForestExecutorMAXChunk-25-4-50-66
23/02/22 15:20:39
23/02/22 15:20:39
/home/pi/reginaldojunior/experimentos/results/socket/600/600/GMSC-AdaptiveRandomForestExecutorMAXChunk-25-4-50-333
23/02/22 15:22:45
23/02/22 15:22:45
/home/pi/reginaldojunior/experimentos/results/socket/600/600/GMSC-AdaptiveRandomForestExecutorMAXChunk-25-4-50-600
23/02/22 15:24:51
23/02/22 15:24:51
/home/pi/reginaldojunior/experimentos/results/socket/600/600/GMSC-LBagExecutorMAXChunk-25-4-50-83
23/02/22 15:27:00
23/02/22 15:27:00
/home/pi/reginaldojunior/experimentos/results/socket/600/600/GMSC-LBagExecutorMAXChunk-25-4-50-418
23/02/22 15:29:09
23/02/22 15:29:09
/home/pi/reginaldojunior/experimentos/results/socket/600/600/GMSC-LBagExecutorMAXChunk-25-4-50-753
23/02/22 15:31:18
23/02/22 15:31:18
/home/pi/reginaldojunior/experimentos/results/socket/600/600/GMSC-StreamingRandomPatchesExecutorMAXChunk-25-4-50-34
23/02/22 15:33:24
23/02/22 15:33:24
/home/pi/reginaldojunior/experimentos/results/socket/600/600/GMSC-StreamingRandomPatchesExecutorMAXChunk-25-4-50-174
23/02/22 15:35:30
23/02/22 15:35:30
/home/pi/reginaldojunior/experimentos/results/socket/600/600/GMSC-StreamingRandomPatchesExecutorMAXChunk-25-4-50-314
23/02/22 15:37:37
23/02/22 15:37:37
/home/pi/reginaldojunior/experimentos/results/socket/600/600/GMSC-OzaBagAdwinExecutorMAXChunk-25-4-50-204
23/02/22 15:39:46
23/02/22 15:39:46
/home/pi/reginaldojunior/experimentos/results/socket/600/600/GMSC-OzaBagAdwinExecutorMAXChunk-25-4-50-1024
23/02/22 15:41:55
23/02/22 15:41:55
/home/pi/reginaldojunior/experimentos/results/socket/600/600/GMSC-OzaBagAdwinExecutorMAXChunk-25-4-50-1843
23/02/22 15:43:26
23/02/22 15:43:26
/home/pi/reginaldojunior/experimentos/results/socket/600/600/GMSC-OzaBagASHTExecutorMAXChunk-25-4-50-217
23/02/22 15:45:35
23/02/22 15:45:35
/home/pi/reginaldojunior/experimentos/results/socket/600/600/GMSC-OzaBagASHTExecutorMAXChunk-25-4-50-1087
23/02/22 15:47:44
23/02/22 15:47:44
/home/pi/reginaldojunior/experimentos/results/socket/600/600/GMSC-OzaBagASHTExecutorMAXChunk-25-4-50-1956
23/02/22 15:49:10
23/02/22 15:49:10
/home/pi/reginaldojunior/experimentos/results/socket/600/600/GMSC-OzaBagExecutorMAXChunk-25-4-50-205
23/02/22 15:51:19
23/02/22 15:51:19
/home/pi/reginaldojunior/experimentos/results/socket/600/600/GMSC-OzaBagExecutorMAXChunk-25-4-50-1029
23/02/22 15:53:28
23/02/22 15:53:28
/home/pi/reginaldojunior/experimentos/results/socket/600/600/GMSC-OzaBagExecutorMAXChunk-25-4-50-1852
23/02/22 15:54:58
23/02/22 15:54:58
/home/pi/reginaldojunior/experimentos/results/socket/600/600/elecNormNew-AdaptiveRandomForestExecutorMAXChunk-25-4-500-41
23/02/22 15:57:05
23/02/22 15:57:05
/home/pi/reginaldojunior/experimentos/results/socket/600/600/elecNormNew-AdaptiveRandomForestExecutorMAXChunk-25-4-500-207
23/02/22 15:59:13
23/02/22 15:59:13
/home/pi/reginaldojunior/experimentos/results/socket/600/600/elecNormNew-AdaptiveRandomForestExecutorMAXChunk-25-4-500-373
23/02/22 16:01:20
23/02/22 16:01:20
/home/pi/reginaldojunior/experimentos/results/socket/600/600/elecNormNew-LBagExecutorMAXChunk-25-4-500-67
23/02/22 16:03:29
23/02/22 16:03:29
/home/pi/reginaldojunior/experimentos/results/socket/600/600/elecNormNew-LBagExecutorMAXChunk-25-4-500-335
23/02/22 16:05:38
23/02/22 16:05:38
/home/pi/reginaldojunior/experimentos/results/socket/600/600/elecNormNew-LBagExecutorMAXChunk-25-4-500-603
23/02/22 16:07:03
23/02/22 16:07:03
/home/pi/reginaldojunior/experimentos/results/socket/600/600/elecNormNew-StreamingRandomPatchesExecutorMAXChunk-25-4-500-20
23/02/22 16:09:11
23/02/22 16:09:11
/home/pi/reginaldojunior/experimentos/results/socket/600/600/elecNormNew-StreamingRandomPatchesExecutorMAXChunk-25-4-500-103
23/02/22 16:11:19
23/02/22 16:11:19
/home/pi/reginaldojunior/experimentos/results/socket/600/600/elecNormNew-StreamingRandomPatchesExecutorMAXChunk-25-4-500-186
23/02/22 16:13:27
23/02/22 16:13:27
/home/pi/reginaldojunior/experimentos/results/socket/600/600/elecNormNew-OzaBagAdwinExecutorMAXChunk-25-4-500-134
23/02/22 16:15:36
23/02/22 16:15:36
/home/pi/reginaldojunior/experimentos/results/socket/600/600/elecNormNew-OzaBagAdwinExecutorMAXChunk-25-4-500-674
23/02/22 16:16:53
23/02/22 16:16:53
/home/pi/reginaldojunior/experimentos/results/socket/600/600/elecNormNew-OzaBagAdwinExecutorMAXChunk-25-4-500-1213
23/02/22 16:17:40
23/02/22 16:17:40
/home/pi/reginaldojunior/experimentos/results/socket/600/600/elecNormNew-OzaBagASHTExecutorMAXChunk-25-4-500-157
23/02/22 16:19:49
23/02/22 16:19:49
/home/pi/reginaldojunior/experimentos/results/socket/600/600/elecNormNew-OzaBagASHTExecutorMAXChunk-25-4-500-787
23/02/22 16:20:55
23/02/22 16:20:55
/home/pi/reginaldojunior/experimentos/results/socket/600/600/elecNormNew-OzaBagASHTExecutorMAXChunk-25-4-500-1418
23/02/22 16:21:36
23/02/22 16:21:36
/home/pi/reginaldojunior/experimentos/results/socket/600/600/elecNormNew-OzaBagExecutorMAXChunk-25-4-500-156
23/02/22 16:23:45
23/02/22 16:23:45
/home/pi/reginaldojunior/experimentos/results/socket/600/600/elecNormNew-OzaBagExecutorMAXChunk-25-4-500-782
23/02/22 16:24:52
23/02/22 16:24:52
/home/pi/reginaldojunior/experimentos/results/socket/600/600/elecNormNew-OzaBagExecutorMAXChunk-25-4-500-1408
23/02/22 16:25:33
23/02/22 16:25:33
/home/pi/reginaldojunior/experimentos/results/socket/600/600/covtypeNorm-AdaptiveRandomForestExecutorMAXChunk-25-4-500-25
23/02/22 16:27:41
23/02/22 16:27:41
/home/pi/reginaldojunior/experimentos/results/socket/600/600/covtypeNorm-AdaptiveRandomForestExecutorMAXChunk-25-4-500-128
23/02/22 16:29:48
23/02/22 16:29:48
/home/pi/reginaldojunior/experimentos/results/socket/600/600/covtypeNorm-AdaptiveRandomForestExecutorMAXChunk-25-4-500-232
23/02/22 16:31:55
23/02/22 16:31:55
/home/pi/reginaldojunior/experimentos/results/socket/600/600/covtypeNorm-LBagExecutorMAXChunk-25-4-500-19
23/02/22 16:34:05
23/02/22 16:34:05
/home/pi/reginaldojunior/experimentos/results/socket/600/600/covtypeNorm-LBagExecutorMAXChunk-25-4-500-95
23/02/22 16:36:15
23/02/22 16:36:16
/home/pi/reginaldojunior/experimentos/results/socket/600/600/covtypeNorm-LBagExecutorMAXChunk-25-4-500-172
23/02/22 16:38:26
23/02/22 16:38:26
/home/pi/reginaldojunior/experimentos/results/socket/600/600/covtypeNorm-StreamingRandomPatchesExecutorMAXChunk-25-4-500-8
23/02/22 16:40:33
23/02/22 16:40:33
/home/pi/reginaldojunior/experimentos/results/socket/600/600/covtypeNorm-StreamingRandomPatchesExecutorMAXChunk-25-4-500-40
23/02/22 16:42:43
23/02/22 16:42:43
/home/pi/reginaldojunior/experimentos/results/socket/600/600/covtypeNorm-StreamingRandomPatchesExecutorMAXChunk-25-4-500-72
23/02/22 16:44:53
23/02/22 16:44:53
/home/pi/reginaldojunior/experimentos/results/socket/600/600/covtypeNorm-OzaBagAdwinExecutorMAXChunk-25-4-500-21
23/02/22 16:47:04
23/02/22 16:47:04
/home/pi/reginaldojunior/experimentos/results/socket/600/600/covtypeNorm-OzaBagAdwinExecutorMAXChunk-25-4-500-106
23/02/22 16:49:14
23/02/22 16:49:15
/home/pi/reginaldojunior/experimentos/results/socket/600/600/covtypeNorm-OzaBagAdwinExecutorMAXChunk-25-4-500-190
23/02/22 16:51:23
23/02/22 16:51:23
/home/pi/reginaldojunior/experimentos/results/socket/600/600/covtypeNorm-OzaBagASHTExecutorMAXChunk-25-4-500-26
23/02/22 16:53:34
23/02/22 16:53:34
/home/pi/reginaldojunior/experimentos/results/socket/600/600/covtypeNorm-OzaBagASHTExecutorMAXChunk-25-4-500-130
23/02/22 16:55:44
23/02/22 16:55:44
/home/pi/reginaldojunior/experimentos/results/socket/600/600/covtypeNorm-OzaBagASHTExecutorMAXChunk-25-4-500-234
23/02/22 16:57:54
23/02/22 16:57:54
/home/pi/reginaldojunior/experimentos/results/socket/600/600/covtypeNorm-OzaBagExecutorMAXChunk-25-4-500-22
23/02/22 17:00:05
23/02/22 17:00:05
/home/pi/reginaldojunior/experimentos/results/socket/600/600/covtypeNorm-OzaBagExecutorMAXChunk-25-4-500-111
23/02/22 17:02:14
23/02/22 17:02:14
/home/pi/reginaldojunior/experimentos/results/socket/600/600/covtypeNorm-OzaBagExecutorMAXChunk-25-4-500-200
23/02/22 17:04:24
23/02/22 17:04:24
/home/pi/reginaldojunior/experimentos/results/socket/600/600/airlines-AdaptiveRandomForestExecutorMAXChunk-25-4-500-8
23/02/22 21:08:52
23/02/22 21:08:52
23/02/22 23:43:54
23/02/22 23:44:36
/home/pi/reginaldojunior/experimentos/results/socket/600/600/elecNormNew-AdaptiveRandomForestExecutorMAXChunk-25-4-50-40
23/02/22 23:46:42
23/02/22 23:46:42
/home/pi/reginaldojunior/experimentos/results/socket/600/600/elecNormNew-AdaptiveRandomForestExecutorMAXChunk-25-4-50-202
23/02/22 23:48:48
23/02/22 23:48:48
/home/pi/reginaldojunior/experimentos/results/socket/600/600/elecNormNew-AdaptiveRandomForestExecutorMAXChunk-25-4-50-365
23/02/22 23:50:54
23/02/22 23:50:54
/home/pi/reginaldojunior/experimentos/results/socket/600/600/elecNormNew-LBagExecutorMAXChunk-25-4-50-60
23/02/22 23:53:03
23/02/22 23:53:03
/home/pi/reginaldojunior/experimentos/results/socket/600/600/elecNormNew-LBagExecutorMAXChunk-25-4-50-302
23/02/22 23:55:13
23/02/22 23:55:13
/home/pi/reginaldojunior/experimentos/results/socket/600/600/elecNormNew-LBagExecutorMAXChunk-25-4-50-544
23/02/22 23:56:46
23/02/22 23:56:46
/home/pi/reginaldojunior/experimentos/results/socket/600/600/elecNormNew-StreamingRandomPatchesExecutorMAXChunk-25-4-50-19
23/02/22 23:58:52
23/02/22 23:58:52
/home/pi/reginaldojunior/experimentos/results/socket/600/600/elecNormNew-StreamingRandomPatchesExecutorMAXChunk-25-4-50-98
24/02/22 00:00:58
24/02/22 00:00:58
/home/pi/reginaldojunior/experimentos/results/socket/600/600/elecNormNew-StreamingRandomPatchesExecutorMAXChunk-25-4-50-177
24/02/22 00:03:05
24/02/22 00:03:05
/home/pi/reginaldojunior/experimentos/results/socket/600/600/elecNormNew-OzaBagAdwinExecutorMAXChunk-25-4-50-117
24/02/22 00:05:14
24/02/22 00:05:14
/home/pi/reginaldojunior/experimentos/results/socket/600/600/elecNormNew-OzaBagAdwinExecutorMAXChunk-25-4-50-589
24/02/22 00:06:41
24/02/22 00:06:41
/home/pi/reginaldojunior/experimentos/results/socket/600/600/elecNormNew-OzaBagAdwinExecutorMAXChunk-25-4-50-1060
24/02/22 00:07:32
24/02/22 00:07:32
/home/pi/reginaldojunior/experimentos/results/socket/600/600/elecNormNew-OzaBagASHTExecutorMAXChunk-25-4-50-138
24/02/22 00:09:41
24/02/22 00:09:41
/home/pi/reginaldojunior/experimentos/results/socket/600/600/elecNormNew-OzaBagASHTExecutorMAXChunk-25-4-50-690
24/02/22 00:10:56
24/02/22 00:10:56
/home/pi/reginaldojunior/experimentos/results/socket/600/600/elecNormNew-OzaBagASHTExecutorMAXChunk-25-4-50-1243
24/02/22 00:11:42
24/02/22 00:11:42
/home/pi/reginaldojunior/experimentos/results/socket/600/600/elecNormNew-OzaBagExecutorMAXChunk-25-4-50-142
24/02/22 00:13:51
24/02/22 00:13:51
/home/pi/reginaldojunior/experimentos/results/socket/600/600/elecNormNew-OzaBagExecutorMAXChunk-25-4-50-712
24/02/22 00:15:04
24/02/22 00:15:04
/home/pi/reginaldojunior/experimentos/results/socket/600/600/elecNormNew-OzaBagExecutorMAXChunk-25-4-50-1283
24/02/22 00:15:48
24/02/22 00:15:48
/home/pi/reginaldojunior/experimentos/results/socket/600/600/covtypeNorm-AdaptiveRandomForestExecutorMAXChunk-25-4-50-31
24/02/22 00:17:53
24/02/22 00:17:53
/home/pi/reginaldojunior/experimentos/results/socket/600/600/covtypeNorm-AdaptiveRandomForestExecutorMAXChunk-25-4-50-158
24/02/22 00:20:00
24/02/22 00:20:00
/home/pi/reginaldojunior/experimentos/results/socket/600/600/covtypeNorm-AdaptiveRandomForestExecutorMAXChunk-25-4-50-285
24/02/22 00:22:06
24/02/22 00:22:06
/home/pi/reginaldojunior/experimentos/results/socket/600/600/covtypeNorm-LBagExecutorMAXChunk-25-4-50-15
24/02/22 00:24:15
24/02/22 00:24:15
/home/pi/reginaldojunior/experimentos/results/socket/600/600/covtypeNorm-LBagExecutorMAXChunk-25-4-50-77
24/02/22 00:26:24
24/02/22 00:26:24
/home/pi/reginaldojunior/experimentos/results/socket/600/600/covtypeNorm-LBagExecutorMAXChunk-25-4-50-139
24/02/22 00:28:33
24/02/22 00:28:33
/home/pi/reginaldojunior/experimentos/results/socket/600/600/covtypeNorm-StreamingRandomPatchesExecutorMAXChunk-25-4-50-7
24/02/22 00:30:39
24/02/22 00:30:39
/home/pi/reginaldojunior/experimentos/results/socket/600/600/covtypeNorm-StreamingRandomPatchesExecutorMAXChunk-25-4-50-37
24/02/22 00:32:46
24/02/22 00:32:47
/home/pi/reginaldojunior/experimentos/results/socket/600/600/covtypeNorm-StreamingRandomPatchesExecutorMAXChunk-25-4-50-68
24/02/22 00:34:54
24/02/22 00:34:54
/home/pi/reginaldojunior/experimentos/results/socket/600/600/covtypeNorm-OzaBagAdwinExecutorMAXChunk-25-4-50-19
24/02/22 00:37:03
24/02/22 00:37:03
/home/pi/reginaldojunior/experimentos/results/socket/600/600/covtypeNorm-OzaBagAdwinExecutorMAXChunk-25-4-50-95
24/02/22 00:39:12
24/02/22 00:39:12
/home/pi/reginaldojunior/experimentos/results/socket/600/600/covtypeNorm-OzaBagAdwinExecutorMAXChunk-25-4-50-171
24/02/22 00:41:20
24/02/22 00:41:20
/home/pi/reginaldojunior/experimentos/results/socket/600/600/covtypeNorm-OzaBagASHTExecutorMAXChunk-25-4-50-20
24/02/22 00:43:29
24/02/22 00:43:29
/home/pi/reginaldojunior/experimentos/results/socket/600/600/covtypeNorm-OzaBagASHTExecutorMAXChunk-25-4-50-103
24/02/22 00:45:38
24/02/22 00:45:38
/home/pi/reginaldojunior/experimentos/results/socket/600/600/covtypeNorm-OzaBagASHTExecutorMAXChunk-25-4-50-186
24/02/22 00:47:47
24/02/22 00:47:47
/home/pi/reginaldojunior/experimentos/results/socket/600/600/covtypeNorm-OzaBagExecutorMAXChunk-25-4-50-20
24/02/22 00:49:56
24/02/22 00:49:56
/home/pi/reginaldojunior/experimentos/results/socket/600/600/covtypeNorm-OzaBagExecutorMAXChunk-25-4-50-100
24/02/22 00:52:05
24/02/22 00:52:05
/home/pi/reginaldojunior/experimentos/results/socket/600/600/covtypeNorm-OzaBagExecutorMAXChunk-25-4-50-181
24/02/22 00:54:14
24/02/22 00:54:14
/home/pi/reginaldojunior/experimentos/results/socket/600/600/airlines-AdaptiveRandomForestExecutorMAXChunk-25-4-50-7
24/02/22 00:56:21
24/02/22 00:56:21
/home/pi/reginaldojunior/experimentos/results/socket/600/600/airlines-AdaptiveRandomForestExecutorMAXChunk-25-4-50-39
24/02/22 00:58:29
24/02/22 00:58:29
/home/pi/reginaldojunior/experimentos/results/socket/600/600/airlines-AdaptiveRandomForestExecutorMAXChunk-25-4-50-70
24/02/22 01:00:39
24/02/22 01:00:39
/home/pi/reginaldojunior/experimentos/results/socket/600/600/airlines-LBagExecutorMAXChunk-25-4-50-6
24/02/22 01:02:48
24/02/22 01:02:48
/home/pi/reginaldojunior/experimentos/results/socket/600/600/airlines-LBagExecutorMAXChunk-25-4-50-32
24/02/22 01:04:58
24/02/22 01:04:58
/home/pi/reginaldojunior/experimentos/results/socket/600/600/airlines-LBagExecutorMAXChunk-25-4-50-57
24/02/22 01:07:08
24/02/22 01:07:08
/home/pi/reginaldojunior/experimentos/results/socket/600/600/airlines-StreamingRandomPatchesExecutorMAXChunk-25-4-50-8
24/02/22 01:09:15
24/02/22 01:09:15
/home/pi/reginaldojunior/experimentos/results/socket/600/600/airlines-StreamingRandomPatchesExecutorMAXChunk-25-4-50-40
24/02/22 01:11:22
24/02/22 01:11:22
/home/pi/reginaldojunior/experimentos/results/socket/600/600/airlines-StreamingRandomPatchesExecutorMAXChunk-25-4-50-72
24/02/22 01:13:29
24/02/22 01:13:29
/home/pi/reginaldojunior/experimentos/results/socket/600/600/airlines-OzaBagAdwinExecutorMAXChunk-25-4-50-24
24/02/22 01:15:38
24/02/22 01:15:38
/home/pi/reginaldojunior/experimentos/results/socket/600/600/airlines-OzaBagAdwinExecutorMAXChunk-25-4-50-121
24/02/22 01:17:46
24/02/22 01:17:46
/home/pi/reginaldojunior/experimentos/results/socket/600/600/airlines-OzaBagAdwinExecutorMAXChunk-25-4-50-218
24/02/22 01:19:55
24/02/22 01:19:55
/home/pi/reginaldojunior/experimentos/results/socket/600/600/airlines-OzaBagASHTExecutorMAXChunk-25-4-50-23
24/02/22 01:22:04
24/02/22 01:22:04
/home/pi/reginaldojunior/experimentos/results/socket/600/600/airlines-OzaBagASHTExecutorMAXChunk-25-4-50-116
24/02/22 01:24:13
24/02/22 01:24:13
/home/pi/reginaldojunior/experimentos/results/socket/600/600/airlines-OzaBagASHTExecutorMAXChunk-25-4-50-209
24/02/22 01:26:23
24/02/22 01:26:23
/home/pi/reginaldojunior/experimentos/results/socket/600/600/airlines-OzaBagExecutorMAXChunk-25-4-50-20
24/02/22 01:28:31
24/02/22 01:28:31
/home/pi/reginaldojunior/experimentos/results/socket/600/600/airlines-OzaBagExecutorMAXChunk-25-4-50-100
24/02/22 01:30:42
24/02/22 01:30:42
/home/pi/reginaldojunior/experimentos/results/socket/600/600/airlines-OzaBagExecutorMAXChunk-25-4-50-181
24/02/22 01:32:51
24/02/22 01:32:51
/home/pi/reginaldojunior/experimentos/results/socket/600/600/GMSC-AdaptiveRandomForestExecutorMAXChunk-25-4-50-66
24/02/22 01:34:57
24/02/22 01:34:57
/home/pi/reginaldojunior/experimentos/results/socket/600/600/GMSC-AdaptiveRandomForestExecutorMAXChunk-25-4-50-333
24/02/22 01:37:03
24/02/22 01:37:03
/home/pi/reginaldojunior/experimentos/results/socket/600/600/GMSC-AdaptiveRandomForestExecutorMAXChunk-25-4-50-600
24/02/22 01:39:10
24/02/22 01:39:10
/home/pi/reginaldojunior/experimentos/results/socket/600/600/GMSC-LBagExecutorMAXChunk-25-4-50-83
24/02/22 01:41:19
24/02/22 01:41:19
/home/pi/reginaldojunior/experimentos/results/socket/600/600/GMSC-LBagExecutorMAXChunk-25-4-50-418
24/02/22 01:43:28
24/02/22 01:43:28
/home/pi/reginaldojunior/experimentos/results/socket/600/600/GMSC-LBagExecutorMAXChunk-25-4-50-753
24/02/22 01:45:37
24/02/22 01:45:37
/home/pi/reginaldojunior/experimentos/results/socket/600/600/GMSC-StreamingRandomPatchesExecutorMAXChunk-25-4-50-34
24/02/22 01:47:42
24/02/22 01:47:42
/home/pi/reginaldojunior/experimentos/results/socket/600/600/GMSC-StreamingRandomPatchesExecutorMAXChunk-25-4-50-174
24/02/22 01:49:49
24/02/22 01:49:49
/home/pi/reginaldojunior/experimentos/results/socket/600/600/GMSC-StreamingRandomPatchesExecutorMAXChunk-25-4-50-314
24/02/22 01:51:55
24/02/22 01:51:55
/home/pi/reginaldojunior/experimentos/results/socket/600/600/GMSC-OzaBagAdwinExecutorMAXChunk-25-4-50-204
24/02/22 01:54:04
24/02/22 01:54:04
/home/pi/reginaldojunior/experimentos/results/socket/600/600/GMSC-OzaBagAdwinExecutorMAXChunk-25-4-50-1024
24/02/22 01:56:13
24/02/22 01:56:13
/home/pi/reginaldojunior/experimentos/results/socket/600/600/GMSC-OzaBagAdwinExecutorMAXChunk-25-4-50-1843
24/02/22 01:57:43
24/02/22 01:57:43
/home/pi/reginaldojunior/experimentos/results/socket/600/600/GMSC-OzaBagASHTExecutorMAXChunk-25-4-50-217
24/02/22 01:59:52
24/02/22 01:59:52
/home/pi/reginaldojunior/experimentos/results/socket/600/600/GMSC-OzaBagASHTExecutorMAXChunk-25-4-50-1087
24/02/22 02:02:01
24/02/22 02:02:01
/home/pi/reginaldojunior/experimentos/results/socket/600/600/GMSC-OzaBagASHTExecutorMAXChunk-25-4-50-1956
24/02/22 02:03:27
24/02/22 02:03:27
/home/pi/reginaldojunior/experimentos/results/socket/600/600/GMSC-OzaBagExecutorMAXChunk-25-4-50-205
24/02/22 02:05:36
24/02/22 02:05:36
/home/pi/reginaldojunior/experimentos/results/socket/600/600/GMSC-OzaBagExecutorMAXChunk-25-4-50-1029
24/02/22 02:07:45
24/02/22 02:07:45
/home/pi/reginaldojunior/experimentos/results/socket/600/600/GMSC-OzaBagExecutorMAXChunk-25-4-50-1852
24/02/22 02:09:15
24/02/22 02:09:15
/home/pi/reginaldojunior/experimentos/results/socket/600/600/elecNormNew-AdaptiveRandomForestExecutorMAXChunk-25-4-500-41
24/02/22 02:11:22
24/02/22 02:11:22
/home/pi/reginaldojunior/experimentos/results/socket/600/600/elecNormNew-AdaptiveRandomForestExecutorMAXChunk-25-4-500-207
24/02/22 02:13:29
24/02/22 02:13:29
/home/pi/reginaldojunior/experimentos/results/socket/600/600/elecNormNew-AdaptiveRandomForestExecutorMAXChunk-25-4-500-373
24/02/22 02:15:37
24/02/22 02:15:37
/home/pi/reginaldojunior/experimentos/results/socket/600/600/elecNormNew-LBagExecutorMAXChunk-25-4-500-67
24/02/22 02:17:46
24/02/22 02:17:46
/home/pi/reginaldojunior/experimentos/results/socket/600/600/elecNormNew-LBagExecutorMAXChunk-25-4-500-335
24/02/22 02:19:55
24/02/22 02:19:55
/home/pi/reginaldojunior/experimentos/results/socket/600/600/elecNormNew-LBagExecutorMAXChunk-25-4-500-603
24/02/22 02:21:20
24/02/22 02:21:20
/home/pi/reginaldojunior/experimentos/results/socket/600/600/elecNormNew-StreamingRandomPatchesExecutorMAXChunk-25-4-500-20
24/02/22 02:23:28
24/02/22 02:23:28
/home/pi/reginaldojunior/experimentos/results/socket/600/600/elecNormNew-StreamingRandomPatchesExecutorMAXChunk-25-4-500-103
24/02/22 02:25:36
24/02/22 02:25:36
/home/pi/reginaldojunior/experimentos/results/socket/600/600/elecNormNew-StreamingRandomPatchesExecutorMAXChunk-25-4-500-186
24/02/22 02:27:43
24/02/22 02:27:43
/home/pi/reginaldojunior/experimentos/results/socket/600/600/elecNormNew-OzaBagAdwinExecutorMAXChunk-25-4-500-134
24/02/22 02:29:52
24/02/22 02:29:52
/home/pi/reginaldojunior/experimentos/results/socket/600/600/elecNormNew-OzaBagAdwinExecutorMAXChunk-25-4-500-674
24/02/22 02:31:09
24/02/22 02:31:09
/home/pi/reginaldojunior/experimentos/results/socket/600/600/elecNormNew-OzaBagAdwinExecutorMAXChunk-25-4-500-1213
24/02/22 02:31:55
24/02/22 02:31:55
/home/pi/reginaldojunior/experimentos/results/socket/600/600/elecNormNew-OzaBagASHTExecutorMAXChunk-25-4-500-157
24/02/22 02:34:04
24/02/22 02:34:04
/home/pi/reginaldojunior/experimentos/results/socket/600/600/elecNormNew-OzaBagASHTExecutorMAXChunk-25-4-500-787
24/02/22 02:35:11
24/02/22 02:35:11
/home/pi/reginaldojunior/experimentos/results/socket/600/600/elecNormNew-OzaBagASHTExecutorMAXChunk-25-4-500-1418
24/02/22 02:35:53
24/02/22 02:35:53
/home/pi/reginaldojunior/experimentos/results/socket/600/600/elecNormNew-OzaBagExecutorMAXChunk-25-4-500-156
24/02/22 02:38:01
24/02/22 02:38:01
/home/pi/reginaldojunior/experimentos/results/socket/600/600/elecNormNew-OzaBagExecutorMAXChunk-25-4-500-782
24/02/22 02:39:08
24/02/22 02:39:08
/home/pi/reginaldojunior/experimentos/results/socket/600/600/elecNormNew-OzaBagExecutorMAXChunk-25-4-500-1408
24/02/22 02:39:49
24/02/22 02:39:49
/home/pi/reginaldojunior/experimentos/results/socket/600/600/covtypeNorm-AdaptiveRandomForestExecutorMAXChunk-25-4-500-25
24/02/22 02:41:57
24/02/22 02:41:57
/home/pi/reginaldojunior/experimentos/results/socket/600/600/covtypeNorm-AdaptiveRandomForestExecutorMAXChunk-25-4-500-128
24/02/22 02:44:05
24/02/22 02:44:05
/home/pi/reginaldojunior/experimentos/results/socket/600/600/covtypeNorm-AdaptiveRandomForestExecutorMAXChunk-25-4-500-232
24/02/22 02:46:12
24/02/22 02:46:12
/home/pi/reginaldojunior/experimentos/results/socket/600/600/covtypeNorm-LBagExecutorMAXChunk-25-4-500-19
24/02/22 02:48:23
24/02/22 02:48:23
/home/pi/reginaldojunior/experimentos/results/socket/600/600/covtypeNorm-LBagExecutorMAXChunk-25-4-500-95
24/02/22 02:50:34
24/02/22 02:50:34
/home/pi/reginaldojunior/experimentos/results/socket/600/600/covtypeNorm-LBagExecutorMAXChunk-25-4-500-172
24/02/22 02:52:44
24/02/22 02:52:44
/home/pi/reginaldojunior/experimentos/results/socket/600/600/covtypeNorm-StreamingRandomPatchesExecutorMAXChunk-25-4-500-8
24/02/22 02:54:51
24/02/22 02:54:51
/home/pi/reginaldojunior/experimentos/results/socket/600/600/covtypeNorm-StreamingRandomPatchesExecutorMAXChunk-25-4-500-40
24/02/22 02:57:00
24/02/22 02:57:00
/home/pi/reginaldojunior/experimentos/results/socket/600/600/covtypeNorm-StreamingRandomPatchesExecutorMAXChunk-25-4-500-72
24/02/22 02:59:10
24/02/22 02:59:10
/home/pi/reginaldojunior/experimentos/results/socket/600/600/covtypeNorm-OzaBagAdwinExecutorMAXChunk-25-4-500-21
24/02/22 03:01:21
24/02/22 03:01:21
/home/pi/reginaldojunior/experimentos/results/socket/600/600/covtypeNorm-OzaBagAdwinExecutorMAXChunk-25-4-500-106
24/02/22 03:03:31
24/02/22 03:03:31
/home/pi/reginaldojunior/experimentos/results/socket/600/600/covtypeNorm-OzaBagAdwinExecutorMAXChunk-25-4-500-190
24/02/22 03:05:40
24/02/22 03:05:40
/home/pi/reginaldojunior/experimentos/results/socket/600/600/covtypeNorm-OzaBagASHTExecutorMAXChunk-25-4-500-26
24/02/22 03:07:51
24/02/22 03:07:51
/home/pi/reginaldojunior/experimentos/results/socket/600/600/covtypeNorm-OzaBagASHTExecutorMAXChunk-25-4-500-130
24/02/22 03:10:01
24/02/22 03:10:01
/home/pi/reginaldojunior/experimentos/results/socket/600/600/covtypeNorm-OzaBagASHTExecutorMAXChunk-25-4-500-234
24/02/22 03:12:11
24/02/22 03:12:11
/home/pi/reginaldojunior/experimentos/results/socket/600/600/covtypeNorm-OzaBagExecutorMAXChunk-25-4-500-22
24/02/22 03:14:22
24/02/22 03:14:22
/home/pi/reginaldojunior/experimentos/results/socket/600/600/covtypeNorm-OzaBagExecutorMAXChunk-25-4-500-111
24/02/22 03:16:31
24/02/22 03:16:31
/home/pi/reginaldojunior/experimentos/results/socket/600/600/covtypeNorm-OzaBagExecutorMAXChunk-25-4-500-200
24/02/22 03:18:42
24/02/22 03:18:42
/home/pi/reginaldojunior/experimentos/results/socket/600/600/airlines-AdaptiveRandomForestExecutorMAXChunk-25-4-500-8
24/02/22 03:27:42
24/02/22 03:27:42
/home/pi/reginaldojunior/experimentos/results/socket/600/600/airlines-AdaptiveRandomForestExecutorMAXChunk-25-4-500-40
24/02/22 03:29:53
24/02/22 03:29:53
/home/pi/reginaldojunior/experimentos/results/socket/600/600/airlines-AdaptiveRandomForestExecutorMAXChunk-25-4-500-72
24/02/22 03:32:06
24/02/22 03:32:06
/home/pi/reginaldojunior/experimentos/results/socket/600/600/airlines-LBagExecutorMAXChunk-25-4-500-5
24/02/22 03:34:26
24/02/22 03:34:26
/home/pi/reginaldojunior/experimentos/results/socket/600/600/airlines-LBagExecutorMAXChunk-25-4-500-28
24/02/22 03:36:47
24/02/22 03:36:47
/home/pi/reginaldojunior/experimentos/results/socket/600/600/airlines-LBagExecutorMAXChunk-25-4-500-52
24/02/22 03:38:58
24/02/22 03:38:58
/home/pi/reginaldojunior/experimentos/results/socket/600/600/airlines-StreamingRandomPatchesExecutorMAXChunk-25-4-500-8
24/02/22 03:41:29
24/02/22 03:41:29
/home/pi/reginaldojunior/experimentos/results/socket/600/600/airlines-StreamingRandomPatchesExecutorMAXChunk-25-4-500-41
24/02/22 03:43:41
24/02/22 03:43:41
/home/pi/reginaldojunior/experimentos/results/socket/600/600/airlines-StreamingRandomPatchesExecutorMAXChunk-25-4-500-74
24/02/22 03:45:48
24/02/22 03:45:48
/home/pi/reginaldojunior/experimentos/results/socket/600/600/airlines-OzaBagAdwinExecutorMAXChunk-25-4-500-21
24/02/22 03:47:57
24/02/22 03:47:57
/home/pi/reginaldojunior/experimentos/results/socket/600/600/airlines-OzaBagAdwinExecutorMAXChunk-25-4-500-109
24/02/22 03:50:09
24/02/22 03:50:09
/home/pi/reginaldojunior/experimentos/results/socket/600/600/airlines-OzaBagAdwinExecutorMAXChunk-25-4-500-196
24/02/22 03:52:20
24/02/22 03:52:20
/home/pi/reginaldojunior/experimentos/results/socket/600/600/airlines-OzaBagASHTExecutorMAXChunk-25-4-500-23
24/02/22 03:54:29
24/02/22 03:54:29
/home/pi/reginaldojunior/experimentos/results/socket/600/600/airlines-OzaBagASHTExecutorMAXChunk-25-4-500-118
24/02/22 03:56:39
24/02/22 03:56:39
/home/pi/reginaldojunior/experimentos/results/socket/600/600/airlines-OzaBagASHTExecutorMAXChunk-25-4-500-212
24/02/22 03:58:48
24/02/22 03:58:48
/home/pi/reginaldojunior/experimentos/results/socket/600/600/airlines-OzaBagExecutorMAXChunk-25-4-500-20
24/02/22 04:00:58
24/02/22 04:00:58
/home/pi/reginaldojunior/experimentos/results/socket/600/600/airlines-OzaBagExecutorMAXChunk-25-4-500-103
24/02/22 04:03:09
24/02/22 04:03:09
/home/pi/reginaldojunior/experimentos/results/socket/600/600/airlines-OzaBagExecutorMAXChunk-25-4-500-186
24/02/22 04:05:20
24/02/22 04:05:20
/home/pi/reginaldojunior/experimentos/results/socket/600/600/GMSC-AdaptiveRandomForestExecutorMAXChunk-25-4-500-67
24/02/22 04:07:27
24/02/22 04:07:27
/home/pi/reginaldojunior/experimentos/results/socket/600/600/GMSC-AdaptiveRandomForestExecutorMAXChunk-25-4-500-337
24/02/22 04:09:33
24/02/22 04:09:33
/home/pi/reginaldojunior/experimentos/results/socket/600/600/GMSC-AdaptiveRandomForestExecutorMAXChunk-25-4-500-607
24/02/22 04:11:40
24/02/22 04:11:40
/home/pi/reginaldojunior/experimentos/results/socket/600/600/GMSC-LBagExecutorMAXChunk-25-4-500-90
24/02/22 04:13:49
24/02/22 04:13:49
/home/pi/reginaldojunior/experimentos/results/socket/600/600/GMSC-LBagExecutorMAXChunk-25-4-500-454
24/02/22 04:15:58
24/02/22 04:15:58
/home/pi/reginaldojunior/experimentos/results/socket/600/600/GMSC-LBagExecutorMAXChunk-25-4-500-818
24/02/22 04:18:07
24/02/22 04:18:07
/home/pi/reginaldojunior/experimentos/results/socket/600/600/GMSC-StreamingRandomPatchesExecutorMAXChunk-25-4-500-36
24/02/22 04:20:14
24/02/22 04:20:14
/home/pi/reginaldojunior/experimentos/results/socket/600/600/GMSC-StreamingRandomPatchesExecutorMAXChunk-25-4-500-182
24/02/22 04:22:21
24/02/22 04:22:21
/home/pi/reginaldojunior/experimentos/results/socket/600/600/GMSC-StreamingRandomPatchesExecutorMAXChunk-25-4-500-328
24/02/22 04:24:28
24/02/22 04:24:28
/home/pi/reginaldojunior/experimentos/results/socket/600/600/GMSC-OzaBagAdwinExecutorMAXChunk-25-4-500-200
24/02/22 04:26:38
24/02/22 04:26:38
/home/pi/reginaldojunior/experimentos/results/socket/600/600/GMSC-OzaBagAdwinExecutorMAXChunk-25-4-500-1003
24/02/22 04:28:47
24/02/22 04:28:47
/home/pi/reginaldojunior/experimentos/results/socket/600/600/GMSC-OzaBagAdwinExecutorMAXChunk-25-4-500-1805
24/02/22 04:30:19
24/02/22 04:30:19
/home/pi/reginaldojunior/experimentos/results/socket/600/600/GMSC-OzaBagASHTExecutorMAXChunk-25-4-500-260
24/02/22 04:32:28
24/02/22 04:32:28
/home/pi/reginaldojunior/experimentos/results/socket/600/600/GMSC-OzaBagASHTExecutorMAXChunk-25-4-500-1301
24/02/22 04:34:32
24/02/22 04:34:32
/home/pi/reginaldojunior/experimentos/results/socket/600/600/GMSC-OzaBagASHTExecutorMAXChunk-25-4-500-2342
24/02/22 04:35:45
24/02/22 04:35:45
/home/pi/reginaldojunior/experimentos/results/socket/600/600/GMSC-OzaBagExecutorMAXChunk-25-4-500-247
24/02/22 04:37:54
24/02/22 04:37:54
/home/pi/reginaldojunior/experimentos/results/socket/600/600/GMSC-OzaBagExecutorMAXChunk-25-4-500-1236
24/02/22 04:40:02
24/02/22 04:40:02
/home/pi/reginaldojunior/experimentos/results/socket/600/600/GMSC-OzaBagExecutorMAXChunk-25-4-500-2225
24/02/22 04:41:18
24/02/22 04:41:18
/home/pi/reginaldojunior/experimentos/results/socket/600/600/elecNormNew-AdaptiveRandomForestExecutorMAXChunk-25-4-2000-39
24/02/22 04:43:25
24/02/22 04:43:25
/home/pi/reginaldojunior/experimentos/results/socket/600/600/elecNormNew-AdaptiveRandomForestExecutorMAXChunk-25-4-2000-198
24/02/22 04:45:34
24/02/22 04:45:34
/home/pi/reginaldojunior/experimentos/results/socket/600/600/elecNormNew-AdaptiveRandomForestExecutorMAXChunk-25-4-2000-358
24/02/22 04:47:42
24/02/22 04:47:42
/home/pi/reginaldojunior/experimentos/results/socket/600/600/elecNormNew-LBagExecutorMAXChunk-25-4-2000-66
24/02/22 04:49:53
24/02/22 04:49:53
/home/pi/reginaldojunior/experimentos/results/socket/600/600/elecNormNew-LBagExecutorMAXChunk-25-4-2000-332
24/02/22 04:52:03
24/02/22 04:52:03
/home/pi/reginaldojunior/experimentos/results/socket/600/600/elecNormNew-LBagExecutorMAXChunk-25-4-2000-598
24/02/22 04:53:30
24/02/22 04:53:30
/home/pi/reginaldojunior/experimentos/results/socket/600/600/elecNormNew-StreamingRandomPatchesExecutorMAXChunk-25-4-2000-19
24/02/22 04:55:54
24/02/22 04:55:54
/home/pi/reginaldojunior/experimentos/results/socket/600/600/elecNormNew-StreamingRandomPatchesExecutorMAXChunk-25-4-2000-99
24/02/22 04:58:04
24/02/22 04:58:04
/home/pi/reginaldojunior/experimentos/results/socket/600/600/elecNormNew-StreamingRandomPatchesExecutorMAXChunk-25-4-2000-178
24/02/22 05:00:18
24/02/22 05:00:18
/home/pi/reginaldojunior/experimentos/results/socket/600/600/elecNormNew-OzaBagAdwinExecutorMAXChunk-25-4-2000-128
24/02/22 05:02:27
24/02/22 05:02:27
/home/pi/reginaldojunior/experimentos/results/socket/600/600/elecNormNew-OzaBagAdwinExecutorMAXChunk-25-4-2000-644
24/02/22 05:03:47
24/02/22 05:03:47
/home/pi/reginaldojunior/experimentos/results/socket/600/600/elecNormNew-OzaBagAdwinExecutorMAXChunk-25-4-2000-1160
24/02/22 05:04:36
24/02/22 05:04:36
/home/pi/reginaldojunior/experimentos/results/socket/600/600/elecNormNew-OzaBagASHTExecutorMAXChunk-25-4-2000-147
24/02/22 05:06:45
24/02/22 05:06:45
/home/pi/reginaldojunior/experimentos/results/socket/600/600/elecNormNew-OzaBagASHTExecutorMAXChunk-25-4-2000-737
24/02/22 05:07:55
24/02/22 05:07:55
/home/pi/reginaldojunior/experimentos/results/socket/600/600/elecNormNew-OzaBagASHTExecutorMAXChunk-25-4-2000-1327
24/02/22 05:08:39
24/02/22 05:08:39
/home/pi/reginaldojunior/experimentos/results/socket/600/600/elecNormNew-OzaBagExecutorMAXChunk-25-4-2000-151
24/02/22 05:10:49
24/02/22 05:10:49
/home/pi/reginaldojunior/experimentos/results/socket/600/600/elecNormNew-OzaBagExecutorMAXChunk-25-4-2000-758
24/02/22 05:11:58
24/02/22 05:11:58
/home/pi/reginaldojunior/experimentos/results/socket/600/600/elecNormNew-OzaBagExecutorMAXChunk-25-4-2000-1364
24/02/22 05:12:41
24/02/22 05:12:41
/home/pi/reginaldojunior/experimentos/results/socket/600/600/covtypeNorm-AdaptiveRandomForestExecutorMAXChunk-25-4-2000-22
24/02/22 05:15:10
24/02/22 05:15:10
/home/pi/reginaldojunior/experimentos/results/socket/600/600/covtypeNorm-AdaptiveRandomForestExecutorMAXChunk-25-4-2000-114
24/02/22 05:17:21
24/02/22 05:17:21
/home/pi/reginaldojunior/experimentos/results/socket/600/600/covtypeNorm-AdaptiveRandomForestExecutorMAXChunk-25-4-2000-206
24/02/22 05:19:28
24/02/22 05:19:28
/home/pi/reginaldojunior/experimentos/results/socket/600/600/covtypeNorm-LBagExecutorMAXChunk-25-4-2000-18
24/02/22 05:21:52
24/02/22 05:21:52
/home/pi/reginaldojunior/experimentos/results/socket/600/600/covtypeNorm-LBagExecutorMAXChunk-25-4-2000-90
24/02/22 05:24:02
24/02/22 05:24:02
/home/pi/reginaldojunior/experimentos/results/socket/600/600/covtypeNorm-LBagExecutorMAXChunk-25-4-2000-162
24/02/22 05:26:15
24/02/22 05:26:15
/home/pi/reginaldojunior/experimentos/results/socket/600/600/covtypeNorm-StreamingRandomPatchesExecutorMAXChunk-25-4-2000-8
24/02/22 05:28:38
24/02/22 05:28:38
/home/pi/reginaldojunior/experimentos/results/socket/600/600/covtypeNorm-StreamingRandomPatchesExecutorMAXChunk-25-4-2000-40
24/02/22 05:30:51
24/02/22 05:30:51
/home/pi/reginaldojunior/experimentos/results/socket/600/600/covtypeNorm-StreamingRandomPatchesExecutorMAXChunk-25-4-2000-72
24/02/22 05:33:13
24/02/22 05:33:13
/home/pi/reginaldojunior/experimentos/results/socket/600/600/covtypeNorm-OzaBagAdwinExecutorMAXChunk-25-4-2000-21
24/02/22 05:35:24
24/02/22 05:35:24
/home/pi/reginaldojunior/experimentos/results/socket/600/600/covtypeNorm-OzaBagAdwinExecutorMAXChunk-25-4-2000-107
24/02/22 05:37:38
24/02/22 05:37:38
/home/pi/reginaldojunior/experimentos/results/socket/600/600/covtypeNorm-OzaBagAdwinExecutorMAXChunk-25-4-2000-192
24/02/22 05:39:53
24/02/22 05:39:53
/home/pi/reginaldojunior/experimentos/results/socket/600/600/covtypeNorm-OzaBagASHTExecutorMAXChunk-25-4-2000-22
24/02/22 05:42:04
24/02/22 05:42:04
/home/pi/reginaldojunior/experimentos/results/socket/600/600/covtypeNorm-OzaBagASHTExecutorMAXChunk-25-4-2000-113
24/02/22 05:44:15
24/02/22 05:44:15
/home/pi/reginaldojunior/experimentos/results/socket/600/600/covtypeNorm-OzaBagASHTExecutorMAXChunk-25-4-2000-205
24/02/22 05:46:27
24/02/22 05:46:27
/home/pi/reginaldojunior/experimentos/results/socket/600/600/covtypeNorm-OzaBagExecutorMAXChunk-25-4-2000-22
24/02/22 05:48:38
24/02/22 05:48:38
/home/pi/reginaldojunior/experimentos/results/socket/600/600/covtypeNorm-OzaBagExecutorMAXChunk-25-4-2000-114
24/02/22 05:50:51
24/02/22 05:50:51
/home/pi/reginaldojunior/experimentos/results/socket/600/600/covtypeNorm-OzaBagExecutorMAXChunk-25-4-2000-206
24/02/22 05:53:03
24/02/22 05:53:03
/home/pi/reginaldojunior/experimentos/results/socket/600/600/airlines-AdaptiveRandomForestExecutorMAXChunk-25-4-2000-8
24/02/22 05:55:34
24/02/22 05:55:34
/home/pi/reginaldojunior/experimentos/results/socket/600/600/airlines-AdaptiveRandomForestExecutorMAXChunk-25-4-2000-40
24/02/22 05:57:59
24/02/22 05:57:59
/home/pi/reginaldojunior/experimentos/results/socket/600/600/airlines-AdaptiveRandomForestExecutorMAXChunk-25-4-2000-72
24/02/22 06:00:34
24/02/22 06:00:34
/home/pi/reginaldojunior/experimentos/results/socket/600/600/airlines-LBagExecutorMAXChunk-25-4-2000-5
24/02/22 06:03:02
24/02/22 06:03:02
/home/pi/reginaldojunior/experimentos/results/socket/600/600/airlines-LBagExecutorMAXChunk-25-4-2000-29
24/02/22 06:05:34
24/02/22 06:05:34
/home/pi/reginaldojunior/experimentos/results/socket/600/600/airlines-LBagExecutorMAXChunk-25-4-2000-53
24/02/22 06:07:52
24/02/22 06:07:52
/home/pi/reginaldojunior/experimentos/results/socket/600/600/airlines-StreamingRandomPatchesExecutorMAXChunk-25-4-2000-8
24/02/22 06:10:21
24/02/22 06:10:21
/home/pi/reginaldojunior/experimentos/results/socket/600/600/airlines-StreamingRandomPatchesExecutorMAXChunk-25-4-2000-43
24/02/22 06:12:50
24/02/22 06:12:50
/home/pi/reginaldojunior/experimentos/results/socket/600/600/airlines-StreamingRandomPatchesExecutorMAXChunk-25-4-2000-77
24/02/22 06:15:01
24/02/22 06:15:01
/home/pi/reginaldojunior/experimentos/results/socket/600/600/airlines-OzaBagAdwinExecutorMAXChunk-25-4-2000-20
24/02/22 06:17:14
24/02/22 06:17:14
/home/pi/reginaldojunior/experimentos/results/socket/600/600/airlines-OzaBagAdwinExecutorMAXChunk-25-4-2000-102
24/02/22 06:19:37
24/02/22 06:19:37
/home/pi/reginaldojunior/experimentos/results/socket/600/600/airlines-OzaBagAdwinExecutorMAXChunk-25-4-2000-185
24/02/22 06:21:46
24/02/22 06:21:46
/home/pi/reginaldojunior/experimentos/results/socket/600/600/airlines-OzaBagASHTExecutorMAXChunk-25-4-2000-22
24/02/22 06:23:56
24/02/22 06:23:56
/home/pi/reginaldojunior/experimentos/results/socket/600/600/airlines-OzaBagASHTExecutorMAXChunk-25-4-2000-114
24/02/22 06:26:07
24/02/22 06:26:07
/home/pi/reginaldojunior/experimentos/results/socket/600/600/airlines-OzaBagASHTExecutorMAXChunk-25-4-2000-206
24/02/22 06:28:26
24/02/22 06:28:26
/home/pi/reginaldojunior/experimentos/results/socket/600/600/airlines-OzaBagExecutorMAXChunk-25-4-2000-21
24/02/22 06:30:50
24/02/22 06:30:50
/home/pi/reginaldojunior/experimentos/results/socket/600/600/airlines-OzaBagExecutorMAXChunk-25-4-2000-105
24/02/22 06:33:08
24/02/22 06:33:08
/home/pi/reginaldojunior/experimentos/results/socket/600/600/airlines-OzaBagExecutorMAXChunk-25-4-2000-189
24/02/22 06:35:18
24/02/22 06:35:18
/home/pi/reginaldojunior/experimentos/results/socket/600/600/GMSC-AdaptiveRandomForestExecutorMAXChunk-25-4-2000-65
24/02/22 06:37:27
24/02/22 06:37:27
/home/pi/reginaldojunior/experimentos/results/socket/600/600/GMSC-AdaptiveRandomForestExecutorMAXChunk-25-4-2000-327
24/02/22 06:39:34
24/02/22 06:39:34
/home/pi/reginaldojunior/experimentos/results/socket/600/600/GMSC-AdaptiveRandomForestExecutorMAXChunk-25-4-2000-588
24/02/22 06:41:42
24/02/22 06:41:42
/home/pi/reginaldojunior/experimentos/results/socket/600/600/GMSC-LBagExecutorMAXChunk-25-4-2000-83
24/02/22 06:43:53
24/02/22 06:43:53
/home/pi/reginaldojunior/experimentos/results/socket/600/600/GMSC-LBagExecutorMAXChunk-25-4-2000-416
24/02/22 06:46:03
24/02/22 06:46:03
/home/pi/reginaldojunior/experimentos/results/socket/600/600/GMSC-LBagExecutorMAXChunk-25-4-2000-749
24/02/22 06:48:13
24/02/22 06:48:13
/home/pi/reginaldojunior/experimentos/results/socket/600/600/GMSC-StreamingRandomPatchesExecutorMAXChunk-25-4-2000-36
24/02/22 06:50:20
24/02/22 06:50:20
/home/pi/reginaldojunior/experimentos/results/socket/600/600/GMSC-StreamingRandomPatchesExecutorMAXChunk-25-4-2000-181
24/02/22 06:52:30
24/02/22 06:52:30
/home/pi/reginaldojunior/experimentos/results/socket/600/600/GMSC-StreamingRandomPatchesExecutorMAXChunk-25-4-2000-326
24/02/22 06:54:37
24/02/22 06:54:37
/home/pi/reginaldojunior/experimentos/results/socket/600/600/GMSC-OzaBagAdwinExecutorMAXChunk-25-4-2000-198
24/02/22 06:56:46
24/02/22 06:56:46
/home/pi/reginaldojunior/experimentos/results/socket/600/600/GMSC-OzaBagAdwinExecutorMAXChunk-25-4-2000-991
24/02/22 06:58:56
24/02/22 06:58:56
/home/pi/reginaldojunior/experimentos/results/socket/600/600/GMSC-OzaBagAdwinExecutorMAXChunk-25-4-2000-1784
24/02/22 07:01:13
24/02/22 07:01:13
/home/pi/reginaldojunior/experimentos/results/socket/600/600/GMSC-OzaBagASHTExecutorMAXChunk-25-4-2000-252
24/02/22 07:03:22
24/02/22 07:03:22
/home/pi/reginaldojunior/experimentos/results/socket/600/600/GMSC-OzaBagASHTExecutorMAXChunk-25-4-2000-1263
24/02/22 07:06:13
24/02/22 07:06:13
/home/pi/reginaldojunior/experimentos/results/socket/600/600/GMSC-OzaBagASHTExecutorMAXChunk-25-4-2000-2275
24/02/22 07:07:28
24/02/22 07:07:28
/home/pi/reginaldojunior/experimentos/results/socket/600/600/GMSC-OzaBagExecutorMAXChunk-25-4-2000-240
24/02/22 07:09:37
24/02/22 07:09:37
/home/pi/reginaldojunior/experimentos/results/socket/600/600/GMSC-OzaBagExecutorMAXChunk-25-4-2000-1202
24/02/22 07:11:46
24/02/22 07:11:46
/home/pi/reginaldojunior/experimentos/results/socket/600/600/GMSC-OzaBagExecutorMAXChunk-25-4-2000-2165
24/02/22 07:13:04
24/02/22 07:13:04
