04/07/23 09:28:14
/home/pi/reginaldojunior/experimentos/socket/pareto//covtypeNorm-AdaptiveRandomForestExecutorMAXChunk-25-4-25-84
04/07/23 09:30:19
04/07/23 09:30:19
/home/pi/reginaldojunior/experimentos/socket/pareto//covtypeNorm-AdaptiveRandomForestExecutorMAXChunk-25-4-25-422
04/07/23 09:32:24
04/07/23 09:32:24
/home/pi/reginaldojunior/experimentos/socket/pareto//covtypeNorm-AdaptiveRandomForestExecutorMAXChunk-25-4-25-760
04/07/23 09:34:29
04/07/23 09:34:29
/home/pi/reginaldojunior/experimentos/socket/pareto//covtypeNorm-LBagExecutorMAXChunk-25-4-25-57
04/07/23 09:36:36
04/07/23 09:36:36
/home/pi/reginaldojunior/experimentos/socket/pareto//covtypeNorm-LBagExecutorMAXChunk-25-4-25-287
04/07/23 09:38:42
04/07/23 09:38:42
/home/pi/reginaldojunior/experimentos/socket/pareto//covtypeNorm-LBagExecutorMAXChunk-25-4-25-517
04/07/23 09:40:49
04/07/23 09:40:49
/home/pi/reginaldojunior/experimentos/socket/pareto//covtypeNorm-StreamingRandomPatchesExecutorMAXChunk-25-4-25-25
04/07/23 09:42:54
04/07/23 09:42:54
/home/pi/reginaldojunior/experimentos/socket/pareto//covtypeNorm-StreamingRandomPatchesExecutorMAXChunk-25-4-25-126
04/07/23 09:44:59
04/07/23 09:44:59
/home/pi/reginaldojunior/experimentos/socket/pareto//covtypeNorm-StreamingRandomPatchesExecutorMAXChunk-25-4-25-228
04/07/23 09:47:04
04/07/23 09:47:04
/home/pi/reginaldojunior/experimentos/socket/pareto//covtypeNorm-OzaBagAdwinExecutorMAXChunk-25-4-25-79
04/07/23 09:49:11
04/07/23 09:49:11
/home/pi/reginaldojunior/experimentos/socket/pareto//covtypeNorm-OzaBagAdwinExecutorMAXChunk-25-4-25-397
04/07/23 09:51:18
04/07/23 09:51:18
/home/pi/reginaldojunior/experimentos/socket/pareto//covtypeNorm-OzaBagAdwinExecutorMAXChunk-25-4-25-714
04/07/23 09:53:24
04/07/23 09:53:24
/home/pi/reginaldojunior/experimentos/socket/pareto//covtypeNorm-OzaBagASHTExecutorMAXChunk-25-4-25-270
04/07/23 09:55:31
04/07/23 09:55:31
/home/pi/reginaldojunior/experimentos/socket/pareto//covtypeNorm-OzaBagASHTExecutorMAXChunk-25-4-25-1354
04/07/23 09:57:38
04/07/23 09:57:38
/home/pi/reginaldojunior/experimentos/socket/pareto//covtypeNorm-OzaBagASHTExecutorMAXChunk-25-4-25-2438
04/07/23 09:59:45
04/07/23 09:59:45
/home/pi/reginaldojunior/experimentos/socket/pareto//covtypeNorm-OzaBagExecutorMAXChunk-25-4-25-267
04/07/23 10:01:51
04/07/23 10:01:52
/home/pi/reginaldojunior/experimentos/socket/pareto//covtypeNorm-OzaBagExecutorMAXChunk-25-4-25-1339
04/07/23 10:03:57
04/07/23 10:03:57
/home/pi/reginaldojunior/experimentos/socket/pareto//covtypeNorm-OzaBagExecutorMAXChunk-25-4-25-2411
04/07/23 10:06:04
04/07/23 10:06:04
/home/pi/reginaldojunior/experimentos/socket/pareto//airlines-AdaptiveRandomForestExecutorMAXChunk-25-4-25-21
04/07/23 10:08:09
04/07/23 10:08:09
/home/pi/reginaldojunior/experimentos/socket/pareto//airlines-AdaptiveRandomForestExecutorMAXChunk-25-4-25-106
04/07/23 10:10:15
04/07/23 10:10:15
/home/pi/reginaldojunior/experimentos/socket/pareto//airlines-AdaptiveRandomForestExecutorMAXChunk-25-4-25-192
04/07/23 10:12:20
04/07/23 10:12:20
/home/pi/reginaldojunior/experimentos/socket/pareto//airlines-LBagExecutorMAXChunk-25-4-25-21
04/07/23 10:14:27
04/07/23 10:14:27
/home/pi/reginaldojunior/experimentos/socket/pareto//airlines-LBagExecutorMAXChunk-25-4-25-105
04/07/23 10:16:34
04/07/23 10:16:34
/home/pi/reginaldojunior/experimentos/socket/pareto//airlines-LBagExecutorMAXChunk-25-4-25-189
04/07/23 10:18:41
04/07/23 10:18:41
/home/pi/reginaldojunior/experimentos/socket/pareto//airlines-StreamingRandomPatchesExecutorMAXChunk-25-4-25-23
04/07/23 10:20:47
04/07/23 10:20:47
/home/pi/reginaldojunior/experimentos/socket/pareto//airlines-StreamingRandomPatchesExecutorMAXChunk-25-4-25-118
04/07/23 10:22:52
04/07/23 10:22:52
/home/pi/reginaldojunior/experimentos/socket/pareto//airlines-StreamingRandomPatchesExecutorMAXChunk-25-4-25-212
04/07/23 10:24:57
04/07/23 10:24:57
/home/pi/reginaldojunior/experimentos/socket/pareto//airlines-OzaBagAdwinExecutorMAXChunk-25-4-25-71
04/07/23 10:27:04
04/07/23 10:27:04
/home/pi/reginaldojunior/experimentos/socket/pareto//airlines-OzaBagAdwinExecutorMAXChunk-25-4-25-358
04/07/23 10:29:10
04/07/23 10:29:10
/home/pi/reginaldojunior/experimentos/socket/pareto//airlines-OzaBagAdwinExecutorMAXChunk-25-4-25-646
04/07/23 10:31:16
04/07/23 10:31:16
/home/pi/reginaldojunior/experimentos/socket/pareto//airlines-OzaBagASHTExecutorMAXChunk-25-4-25-273
04/07/23 10:33:23
04/07/23 10:33:23
/home/pi/reginaldojunior/experimentos/socket/pareto//airlines-OzaBagASHTExecutorMAXChunk-25-4-25-1367
04/07/23 10:35:30
04/07/23 10:35:30
/home/pi/reginaldojunior/experimentos/socket/pareto//airlines-OzaBagASHTExecutorMAXChunk-25-4-25-2462
04/07/23 10:37:36
04/07/23 10:37:36
/home/pi/reginaldojunior/experimentos/socket/pareto//airlines-OzaBagExecutorMAXChunk-25-4-25-480
04/07/23 10:39:43
04/07/23 10:39:43
/home/pi/reginaldojunior/experimentos/socket/pareto//airlines-OzaBagExecutorMAXChunk-25-4-25-2400
04/07/23 10:41:49
04/07/23 10:41:49
/home/pi/reginaldojunior/experimentos/socket/pareto//airlines-OzaBagExecutorMAXChunk-25-4-25-4320
04/07/23 10:43:56
04/07/23 10:43:56
/home/pi/reginaldojunior/experimentos/socket/pareto//elecNormNew-AdaptiveRandomForestExecutorMAXChunk-25-4-25-88
04/07/23 10:46:01
04/07/23 10:46:01
/home/pi/reginaldojunior/experimentos/socket/pareto//elecNormNew-AdaptiveRandomForestExecutorMAXChunk-25-4-25-441
04/07/23 10:47:49
04/07/23 10:47:49
/home/pi/reginaldojunior/experimentos/socket/pareto//elecNormNew-AdaptiveRandomForestExecutorMAXChunk-25-4-25-794
04/07/23 10:48:51
04/07/23 10:48:51
/home/pi/reginaldojunior/experimentos/socket/pareto//elecNormNew-LBagExecutorMAXChunk-25-4-25-125
04/07/23 10:50:57
04/07/23 10:50:57
/home/pi/reginaldojunior/experimentos/socket/pareto//elecNormNew-LBagExecutorMAXChunk-25-4-25-629
04/07/23 10:52:16
04/07/23 10:52:16
/home/pi/reginaldojunior/experimentos/socket/pareto//elecNormNew-LBagExecutorMAXChunk-25-4-25-1132
04/07/23 10:53:03
04/07/23 10:53:03
/home/pi/reginaldojunior/experimentos/socket/pareto//elecNormNew-StreamingRandomPatchesExecutorMAXChunk-25-4-25-49
04/07/23 10:55:07
04/07/23 10:55:07
/home/pi/reginaldojunior/experimentos/socket/pareto//elecNormNew-StreamingRandomPatchesExecutorMAXChunk-25-4-25-248
04/07/23 10:57:13
04/07/23 10:57:13
/home/pi/reginaldojunior/experimentos/socket/pareto//elecNormNew-StreamingRandomPatchesExecutorMAXChunk-25-4-25-446
04/07/23 10:59:06
04/07/23 10:59:06
/home/pi/reginaldojunior/experimentos/socket/pareto//elecNormNew-OzaBagAdwinExecutorMAXChunk-25-4-25-214
04/07/23 11:01:13
04/07/23 11:01:13
/home/pi/reginaldojunior/experimentos/socket/pareto//elecNormNew-OzaBagAdwinExecutorMAXChunk-25-4-25-1071
04/07/23 11:02:01
04/07/23 11:02:01
/home/pi/reginaldojunior/experimentos/socket/pareto//elecNormNew-OzaBagAdwinExecutorMAXChunk-25-4-25-1928
04/07/23 11:02:31
04/07/23 11:02:31
/home/pi/reginaldojunior/experimentos/socket/pareto//elecNormNew-OzaBagASHTExecutorMAXChunk-25-4-25-392
04/07/23 11:04:33
04/07/23 11:04:33
/home/pi/reginaldojunior/experimentos/socket/pareto//elecNormNew-OzaBagASHTExecutorMAXChunk-25-4-25-1963
04/07/23 11:05:03
04/07/23 11:05:03
/home/pi/reginaldojunior/experimentos/socket/pareto//elecNormNew-OzaBagASHTExecutorMAXChunk-25-4-25-3533
04/07/23 11:05:24
04/07/23 11:05:24
/home/pi/reginaldojunior/experimentos/socket/pareto//elecNormNew-OzaBagExecutorMAXChunk-25-4-25-394
04/07/23 11:07:26
04/07/23 11:07:26
/home/pi/reginaldojunior/experimentos/socket/pareto//elecNormNew-OzaBagExecutorMAXChunk-25-4-25-1972
04/07/23 11:07:56
04/07/23 11:07:56
/home/pi/reginaldojunior/experimentos/socket/pareto//elecNormNew-OzaBagExecutorMAXChunk-25-4-25-3550
04/07/23 11:08:17
04/07/23 11:08:17
/home/pi/reginaldojunior/experimentos/socket/pareto//GMSC-AdaptiveRandomForestExecutorMAXChunk-25-4-25-157
04/07/23 11:10:22
04/07/23 11:10:22
/home/pi/reginaldojunior/experimentos/socket/pareto//GMSC-AdaptiveRandomForestExecutorMAXChunk-25-4-25-787
04/07/23 11:12:28
04/07/23 11:12:28
/home/pi/reginaldojunior/experimentos/socket/pareto//GMSC-AdaptiveRandomForestExecutorMAXChunk-25-4-25-1417
04/07/23 11:14:21
04/07/23 11:14:21
/home/pi/reginaldojunior/experimentos/socket/pareto//GMSC-LBagExecutorMAXChunk-25-4-25-186
04/07/23 11:16:28
04/07/23 11:16:28
/home/pi/reginaldojunior/experimentos/socket/pareto//GMSC-LBagExecutorMAXChunk-25-4-25-930
04/07/23 11:18:35
04/07/23 11:18:35
/home/pi/reginaldojunior/experimentos/socket/pareto//GMSC-LBagExecutorMAXChunk-25-4-25-1675
04/07/23 11:20:11
04/07/23 11:20:11
/home/pi/reginaldojunior/experimentos/socket/pareto//GMSC-StreamingRandomPatchesExecutorMAXChunk-25-4-25-89
04/07/23 11:22:16
04/07/23 11:22:16
/home/pi/reginaldojunior/experimentos/socket/pareto//GMSC-StreamingRandomPatchesExecutorMAXChunk-25-4-25-449
04/07/23 11:24:22
04/07/23 11:24:22
/home/pi/reginaldojunior/experimentos/socket/pareto//GMSC-StreamingRandomPatchesExecutorMAXChunk-25-4-25-808
04/07/23 11:26:27
04/07/23 11:26:27
/home/pi/reginaldojunior/experimentos/socket/pareto//GMSC-OzaBagAdwinExecutorMAXChunk-25-4-25-306
04/07/23 11:28:34
04/07/23 11:28:34
/home/pi/reginaldojunior/experimentos/socket/pareto//GMSC-OzaBagAdwinExecutorMAXChunk-25-4-25-1533
04/07/23 11:30:19
04/07/23 11:30:19
/home/pi/reginaldojunior/experimentos/socket/pareto//GMSC-OzaBagAdwinExecutorMAXChunk-25-4-25-2760
04/07/23 11:31:20
04/07/23 11:31:20
/home/pi/reginaldojunior/experimentos/socket/pareto//GMSC-OzaBagASHTExecutorMAXChunk-25-4-25-686
04/07/23 11:33:26
04/07/23 11:33:26
/home/pi/reginaldojunior/experimentos/socket/pareto//GMSC-OzaBagASHTExecutorMAXChunk-25-4-25-3431
04/07/23 11:34:17
04/07/23 11:34:17
/home/pi/reginaldojunior/experimentos/socket/pareto//GMSC-OzaBagASHTExecutorMAXChunk-25-4-25-6177
04/07/23 11:34:54
04/07/23 11:34:54
/home/pi/reginaldojunior/experimentos/socket/pareto//GMSC-OzaBagExecutorMAXChunk-25-4-25-665
04/07/23 11:37:01
04/07/23 11:37:01
/home/pi/reginaldojunior/experimentos/socket/pareto//GMSC-OzaBagExecutorMAXChunk-25-4-25-3326
04/07/23 11:37:52
04/07/23 11:37:52
/home/pi/reginaldojunior/experimentos/socket/pareto//GMSC-OzaBagExecutorMAXChunk-25-4-25-5988
04/07/23 11:38:32
04/07/23 11:38:32
/home/pi/reginaldojunior/experimentos/socket/pareto//covtypeNorm-AdaptiveRandomForestExecutorMAXChunk-25-4-50-101
04/07/23 11:40:37
04/07/23 11:40:37
/home/pi/reginaldojunior/experimentos/socket/pareto//covtypeNorm-AdaptiveRandomForestExecutorMAXChunk-25-4-50-506
04/07/23 11:42:42
04/07/23 11:42:42
/home/pi/reginaldojunior/experimentos/socket/pareto//covtypeNorm-AdaptiveRandomForestExecutorMAXChunk-25-4-50-911
04/07/23 11:44:47
04/07/23 11:44:47
/home/pi/reginaldojunior/experimentos/socket/pareto//covtypeNorm-LBagExecutorMAXChunk-25-4-50-66
04/07/23 11:46:54
04/07/23 11:46:54
/home/pi/reginaldojunior/experimentos/socket/pareto//covtypeNorm-LBagExecutorMAXChunk-25-4-50-333
04/07/23 11:49:01
04/07/23 11:49:01
/home/pi/reginaldojunior/experimentos/socket/pareto//covtypeNorm-LBagExecutorMAXChunk-25-4-50-600
04/07/23 11:51:08
04/07/23 11:51:08
/home/pi/reginaldojunior/experimentos/socket/pareto//covtypeNorm-StreamingRandomPatchesExecutorMAXChunk-25-4-50-25
04/07/23 11:53:12
04/07/23 11:53:12
/home/pi/reginaldojunior/experimentos/socket/pareto//covtypeNorm-StreamingRandomPatchesExecutorMAXChunk-25-4-50-127
04/07/23 11:55:17
04/07/23 11:55:17
/home/pi/reginaldojunior/experimentos/socket/pareto//covtypeNorm-StreamingRandomPatchesExecutorMAXChunk-25-4-50-230
04/07/23 11:57:23
04/07/23 11:57:23
/home/pi/reginaldojunior/experimentos/socket/pareto//covtypeNorm-OzaBagAdwinExecutorMAXChunk-25-4-50-99
04/07/23 11:59:29
04/07/23 11:59:29
/home/pi/reginaldojunior/experimentos/socket/pareto//covtypeNorm-OzaBagAdwinExecutorMAXChunk-25-4-50-498
04/07/23 12:01:36
04/07/23 12:01:36
/home/pi/reginaldojunior/experimentos/socket/pareto//covtypeNorm-OzaBagAdwinExecutorMAXChunk-25-4-50-896
04/07/23 12:03:43
04/07/23 12:03:43
/home/pi/reginaldojunior/experimentos/socket/pareto//covtypeNorm-OzaBagASHTExecutorMAXChunk-25-4-50-270
04/07/23 12:05:50
04/07/23 12:05:50
/home/pi/reginaldojunior/experimentos/socket/pareto//covtypeNorm-OzaBagASHTExecutorMAXChunk-25-4-50-1354
04/07/23 12:07:57
04/07/23 12:07:57
/home/pi/reginaldojunior/experimentos/socket/pareto//covtypeNorm-OzaBagASHTExecutorMAXChunk-25-4-50-2437
04/07/23 12:10:04
04/07/23 12:10:04
/home/pi/reginaldojunior/experimentos/socket/pareto//covtypeNorm-OzaBagExecutorMAXChunk-25-4-50-267
04/07/23 12:12:10
04/07/23 12:12:10
/home/pi/reginaldojunior/experimentos/socket/pareto//covtypeNorm-OzaBagExecutorMAXChunk-25-4-50-1337
04/07/23 12:14:17
04/07/23 12:14:17
/home/pi/reginaldojunior/experimentos/socket/pareto//covtypeNorm-OzaBagExecutorMAXChunk-25-4-50-2407
04/07/23 12:16:23
04/07/23 12:16:23
/home/pi/reginaldojunior/experimentos/socket/pareto//airlines-AdaptiveRandomForestExecutorMAXChunk-25-4-50-22
04/07/23 12:18:28
04/07/23 12:18:28
/home/pi/reginaldojunior/experimentos/socket/pareto//airlines-AdaptiveRandomForestExecutorMAXChunk-25-4-50-110
04/07/23 12:20:34
04/07/23 12:20:34
/home/pi/reginaldojunior/experimentos/socket/pareto//airlines-AdaptiveRandomForestExecutorMAXChunk-25-4-50-198
04/07/23 12:22:41
04/07/23 12:22:41
/home/pi/reginaldojunior/experimentos/socket/pareto//airlines-LBagExecutorMAXChunk-25-4-50-21
04/07/23 12:24:48
04/07/23 12:24:48
/home/pi/reginaldojunior/experimentos/socket/pareto//airlines-LBagExecutorMAXChunk-25-4-50-107
04/07/23 12:26:57
04/07/23 12:26:57
/home/pi/reginaldojunior/experimentos/socket/pareto//airlines-LBagExecutorMAXChunk-25-4-50-192
04/07/23 12:29:04
04/07/23 12:29:04
/home/pi/reginaldojunior/experimentos/socket/pareto//airlines-StreamingRandomPatchesExecutorMAXChunk-25-4-50-23
04/07/23 12:31:09
04/07/23 12:31:10
/home/pi/reginaldojunior/experimentos/socket/pareto//airlines-StreamingRandomPatchesExecutorMAXChunk-25-4-50-119
04/07/23 12:33:15
04/07/23 12:33:15
/home/pi/reginaldojunior/experimentos/socket/pareto//airlines-StreamingRandomPatchesExecutorMAXChunk-25-4-50-215
04/07/23 12:35:20
04/07/23 12:35:20
/home/pi/reginaldojunior/experimentos/socket/pareto//airlines-OzaBagAdwinExecutorMAXChunk-25-4-50-68
04/07/23 12:37:27
04/07/23 12:37:27
/home/pi/reginaldojunior/experimentos/socket/pareto//airlines-OzaBagAdwinExecutorMAXChunk-25-4-50-341
04/07/23 12:39:34
04/07/23 12:39:34
/home/pi/reginaldojunior/experimentos/socket/pareto//airlines-OzaBagAdwinExecutorMAXChunk-25-4-50-614
04/07/23 12:41:41
04/07/23 12:41:41
/home/pi/reginaldojunior/experimentos/socket/pareto//airlines-OzaBagASHTExecutorMAXChunk-25-4-50-379
04/07/23 12:43:48
04/07/23 12:43:48
/home/pi/reginaldojunior/experimentos/socket/pareto//airlines-OzaBagASHTExecutorMAXChunk-25-4-50-1899
04/07/23 12:45:54
04/07/23 12:45:54
/home/pi/reginaldojunior/experimentos/socket/pareto//airlines-OzaBagASHTExecutorMAXChunk-25-4-50-3419
04/07/23 12:48:01
04/07/23 12:48:01
/home/pi/reginaldojunior/experimentos/socket/pareto//airlines-OzaBagExecutorMAXChunk-25-4-50-502
04/07/23 12:50:08
04/07/23 12:50:08
/home/pi/reginaldojunior/experimentos/socket/pareto//airlines-OzaBagExecutorMAXChunk-25-4-50-2513
04/07/23 12:52:14
04/07/23 12:52:14
/home/pi/reginaldojunior/experimentos/socket/pareto//airlines-OzaBagExecutorMAXChunk-25-4-50-4525
04/07/23 12:54:21
04/07/23 12:54:21
/home/pi/reginaldojunior/experimentos/socket/pareto//elecNormNew-AdaptiveRandomForestExecutorMAXChunk-25-4-50-91
04/07/23 12:56:26
04/07/23 12:56:26
/home/pi/reginaldojunior/experimentos/socket/pareto//elecNormNew-AdaptiveRandomForestExecutorMAXChunk-25-4-50-459
04/07/23 12:58:11
04/07/23 12:58:11
/home/pi/reginaldojunior/experimentos/socket/pareto//elecNormNew-AdaptiveRandomForestExecutorMAXChunk-25-4-50-827
04/07/23 12:59:11
04/07/23 12:59:11
/home/pi/reginaldojunior/experimentos/socket/pareto//elecNormNew-LBagExecutorMAXChunk-25-4-50-131
04/07/23 13:01:18
04/07/23 13:01:18
/home/pi/reginaldojunior/experimentos/socket/pareto//elecNormNew-LBagExecutorMAXChunk-25-4-50-658
04/07/23 13:02:34
04/07/23 13:02:34
/home/pi/reginaldojunior/experimentos/socket/pareto//elecNormNew-LBagExecutorMAXChunk-25-4-50-1184
04/07/23 13:03:23
04/07/23 13:03:23
/home/pi/reginaldojunior/experimentos/socket/pareto//elecNormNew-StreamingRandomPatchesExecutorMAXChunk-25-4-50-48
04/07/23 13:05:27
04/07/23 13:05:28
/home/pi/reginaldojunior/experimentos/socket/pareto//elecNormNew-StreamingRandomPatchesExecutorMAXChunk-25-4-50-244
04/07/23 13:07:32
04/07/23 13:07:32
/home/pi/reginaldojunior/experimentos/socket/pareto//elecNormNew-StreamingRandomPatchesExecutorMAXChunk-25-4-50-440
04/07/23 13:09:30
04/07/23 13:09:30
/home/pi/reginaldojunior/experimentos/socket/pareto//elecNormNew-OzaBagAdwinExecutorMAXChunk-25-4-50-252
04/07/23 13:11:36
04/07/23 13:11:36
/home/pi/reginaldojunior/experimentos/socket/pareto//elecNormNew-OzaBagAdwinExecutorMAXChunk-25-4-50-1261
04/07/23 13:12:19
04/07/23 13:12:19
/home/pi/reginaldojunior/experimentos/socket/pareto//elecNormNew-OzaBagAdwinExecutorMAXChunk-25-4-50-2270
04/07/23 13:12:51
04/07/23 13:12:51
/home/pi/reginaldojunior/experimentos/socket/pareto//elecNormNew-OzaBagASHTExecutorMAXChunk-25-4-50-414
04/07/23 13:14:47
04/07/23 13:14:47
/home/pi/reginaldojunior/experimentos/socket/pareto//elecNormNew-OzaBagASHTExecutorMAXChunk-25-4-50-2070
04/07/23 13:15:16
04/07/23 13:15:16
/home/pi/reginaldojunior/experimentos/socket/pareto//elecNormNew-OzaBagASHTExecutorMAXChunk-25-4-50-3727
04/07/23 13:15:39
04/07/23 13:15:39
/home/pi/reginaldojunior/experimentos/socket/pareto//elecNormNew-OzaBagExecutorMAXChunk-25-4-50-416
04/07/23 13:17:34
04/07/23 13:17:34
/home/pi/reginaldojunior/experimentos/socket/pareto//elecNormNew-OzaBagExecutorMAXChunk-25-4-50-2081
04/07/23 13:18:03
04/07/23 13:18:03
/home/pi/reginaldojunior/experimentos/socket/pareto//elecNormNew-OzaBagExecutorMAXChunk-25-4-50-3745
04/07/23 13:18:21
04/07/23 13:18:22
/home/pi/reginaldojunior/experimentos/socket/pareto//GMSC-AdaptiveRandomForestExecutorMAXChunk-25-4-50-169
04/07/23 13:20:26
04/07/23 13:20:26
/home/pi/reginaldojunior/experimentos/socket/pareto//GMSC-AdaptiveRandomForestExecutorMAXChunk-25-4-50-849
04/07/23 13:22:32
04/07/23 13:22:32
/home/pi/reginaldojunior/experimentos/socket/pareto//GMSC-AdaptiveRandomForestExecutorMAXChunk-25-4-50-1529
04/07/23 13:24:18
04/07/23 13:24:18
/home/pi/reginaldojunior/experimentos/socket/pareto//GMSC-LBagExecutorMAXChunk-25-4-50-203
04/07/23 13:26:24
04/07/23 13:26:24
/home/pi/reginaldojunior/experimentos/socket/pareto//GMSC-LBagExecutorMAXChunk-25-4-50-1018
04/07/23 13:28:31
04/07/23 13:28:31
/home/pi/reginaldojunior/experimentos/socket/pareto//GMSC-LBagExecutorMAXChunk-25-4-50-1833
04/07/23 13:30:10
04/07/23 13:30:10
/home/pi/reginaldojunior/experimentos/socket/pareto//GMSC-StreamingRandomPatchesExecutorMAXChunk-25-4-50-95
04/07/23 13:32:14
04/07/23 13:32:14
/home/pi/reginaldojunior/experimentos/socket/pareto//GMSC-StreamingRandomPatchesExecutorMAXChunk-25-4-50-479
04/07/23 13:34:20
04/07/23 13:34:20
/home/pi/reginaldojunior/experimentos/socket/pareto//GMSC-StreamingRandomPatchesExecutorMAXChunk-25-4-50-862
04/07/23 13:36:25
04/07/23 13:36:25
/home/pi/reginaldojunior/experimentos/socket/pareto//GMSC-OzaBagAdwinExecutorMAXChunk-25-4-50-402
04/07/23 13:38:32
04/07/23 13:38:32
/home/pi/reginaldojunior/experimentos/socket/pareto//GMSC-OzaBagAdwinExecutorMAXChunk-25-4-50-2013
04/07/23 13:39:54
04/07/23 13:39:54
/home/pi/reginaldojunior/experimentos/socket/pareto//GMSC-OzaBagAdwinExecutorMAXChunk-25-4-50-3625
04/07/23 13:41:37
04/07/23 13:41:37
/home/pi/reginaldojunior/experimentos/socket/pareto//GMSC-OzaBagASHTExecutorMAXChunk-25-4-50-728
04/07/23 13:43:43
04/07/23 13:43:43
/home/pi/reginaldojunior/experimentos/socket/pareto//GMSC-OzaBagASHTExecutorMAXChunk-25-4-50-3642
04/07/23 13:44:32
04/07/23 13:44:32
/home/pi/reginaldojunior/experimentos/socket/pareto//GMSC-OzaBagASHTExecutorMAXChunk-25-4-50-6556
04/07/23 13:45:12
04/07/23 13:45:12
/home/pi/reginaldojunior/experimentos/socket/pareto//GMSC-OzaBagExecutorMAXChunk-25-4-50-699
04/07/23 13:47:19
04/07/23 13:47:19
/home/pi/reginaldojunior/experimentos/socket/pareto//GMSC-OzaBagExecutorMAXChunk-25-4-50-3495
04/07/23 13:48:09
04/07/23 13:48:09
/home/pi/reginaldojunior/experimentos/socket/pareto//GMSC-OzaBagExecutorMAXChunk-25-4-50-6291
04/07/23 13:48:48
04/07/23 13:48:48
/home/pi/reginaldojunior/experimentos/socket/pareto//covtypeNorm-AdaptiveRandomForestExecutorMAXChunk-25-4-100-106
04/07/23 13:50:53
04/07/23 13:50:53
/home/pi/reginaldojunior/experimentos/socket/pareto//covtypeNorm-AdaptiveRandomForestExecutorMAXChunk-25-4-100-530
04/07/23 13:52:58
04/07/23 13:52:58
/home/pi/reginaldojunior/experimentos/socket/pareto//covtypeNorm-AdaptiveRandomForestExecutorMAXChunk-25-4-100-955
04/07/23 13:55:03
04/07/23 13:55:03
/home/pi/reginaldojunior/experimentos/socket/pareto//covtypeNorm-LBagExecutorMAXChunk-25-4-100-71
04/07/23 13:57:09
04/07/23 13:57:09
/home/pi/reginaldojunior/experimentos/socket/pareto//covtypeNorm-LBagExecutorMAXChunk-25-4-100-356
04/07/23 13:59:16
04/07/23 13:59:16
/home/pi/reginaldojunior/experimentos/socket/pareto//covtypeNorm-LBagExecutorMAXChunk-25-4-100-641
04/07/23 14:01:23
04/07/23 14:01:23
/home/pi/reginaldojunior/experimentos/socket/pareto//covtypeNorm-StreamingRandomPatchesExecutorMAXChunk-25-4-100-26
04/07/23 14:03:29
04/07/23 14:03:29
/home/pi/reginaldojunior/experimentos/socket/pareto//covtypeNorm-StreamingRandomPatchesExecutorMAXChunk-25-4-100-132
04/07/23 14:05:34
04/07/23 14:05:34
/home/pi/reginaldojunior/experimentos/socket/pareto//covtypeNorm-StreamingRandomPatchesExecutorMAXChunk-25-4-100-238
04/07/23 14:07:39
04/07/23 14:07:39
/home/pi/reginaldojunior/experimentos/socket/pareto//covtypeNorm-OzaBagAdwinExecutorMAXChunk-25-4-100-112
04/07/23 14:09:46
04/07/23 14:09:46
/home/pi/reginaldojunior/experimentos/socket/pareto//covtypeNorm-OzaBagAdwinExecutorMAXChunk-25-4-100-563
04/07/23 14:11:53
04/07/23 14:11:53
/home/pi/reginaldojunior/experimentos/socket/pareto//covtypeNorm-OzaBagAdwinExecutorMAXChunk-25-4-100-1014
04/07/23 14:14:00
04/07/23 14:14:00
/home/pi/reginaldojunior/experimentos/socket/pareto//covtypeNorm-OzaBagASHTExecutorMAXChunk-25-4-100-314
04/07/23 14:16:06
04/07/23 14:16:06
/home/pi/reginaldojunior/experimentos/socket/pareto//covtypeNorm-OzaBagASHTExecutorMAXChunk-25-4-100-1573
04/07/23 14:18:13
04/07/23 14:18:13
/home/pi/reginaldojunior/experimentos/socket/pareto//covtypeNorm-OzaBagASHTExecutorMAXChunk-25-4-100-2831
04/07/23 14:20:20
04/07/23 14:20:20
/home/pi/reginaldojunior/experimentos/socket/pareto//covtypeNorm-OzaBagExecutorMAXChunk-25-4-100-299
04/07/23 14:22:27
04/07/23 14:22:27
/home/pi/reginaldojunior/experimentos/socket/pareto//covtypeNorm-OzaBagExecutorMAXChunk-25-4-100-1495
04/07/23 14:24:33
04/07/23 14:24:33
/home/pi/reginaldojunior/experimentos/socket/pareto//covtypeNorm-OzaBagExecutorMAXChunk-25-4-100-2691
04/07/23 14:26:40
04/07/23 14:26:40
/home/pi/reginaldojunior/experimentos/socket/pareto//airlines-AdaptiveRandomForestExecutorMAXChunk-25-4-100-23
04/07/23 14:28:47
04/07/23 14:28:47
/home/pi/reginaldojunior/experimentos/socket/pareto//airlines-AdaptiveRandomForestExecutorMAXChunk-25-4-100-115
04/07/23 14:30:54
04/07/23 14:30:54
/home/pi/reginaldojunior/experimentos/socket/pareto//airlines-AdaptiveRandomForestExecutorMAXChunk-25-4-100-207
04/07/23 14:33:00
04/07/23 14:33:00
/home/pi/reginaldojunior/experimentos/socket/pareto//airlines-LBagExecutorMAXChunk-25-4-100-21
04/07/23 14:35:07
04/07/23 14:35:07
/home/pi/reginaldojunior/experimentos/socket/pareto//airlines-LBagExecutorMAXChunk-25-4-100-108
04/07/23 14:37:17
04/07/23 14:37:17
/home/pi/reginaldojunior/experimentos/socket/pareto//airlines-LBagExecutorMAXChunk-25-4-100-195
04/07/23 14:39:27
04/07/23 14:39:27
/home/pi/reginaldojunior/experimentos/socket/pareto//airlines-StreamingRandomPatchesExecutorMAXChunk-25-4-100-24
04/07/23 14:41:34
04/07/23 14:41:34
/home/pi/reginaldojunior/experimentos/socket/pareto//airlines-StreamingRandomPatchesExecutorMAXChunk-25-4-100-121
04/07/23 14:43:40
04/07/23 14:43:40
/home/pi/reginaldojunior/experimentos/socket/pareto//airlines-StreamingRandomPatchesExecutorMAXChunk-25-4-100-218
04/07/23 14:45:47
04/07/23 14:45:47
/home/pi/reginaldojunior/experimentos/socket/pareto//airlines-OzaBagAdwinExecutorMAXChunk-25-4-100-68
04/07/23 14:47:53
04/07/23 14:47:53
/home/pi/reginaldojunior/experimentos/socket/pareto//airlines-OzaBagAdwinExecutorMAXChunk-25-4-100-341
04/07/23 14:50:00
04/07/23 14:50:00
/home/pi/reginaldojunior/experimentos/socket/pareto//airlines-OzaBagAdwinExecutorMAXChunk-25-4-100-614
04/07/23 14:52:06
04/07/23 14:52:06
/home/pi/reginaldojunior/experimentos/socket/pareto//airlines-OzaBagASHTExecutorMAXChunk-25-4-100-447
04/07/23 14:54:13
04/07/23 14:54:13
/home/pi/reginaldojunior/experimentos/socket/pareto//airlines-OzaBagASHTExecutorMAXChunk-25-4-100-2236
04/07/23 14:56:20
04/07/23 14:56:20
/home/pi/reginaldojunior/experimentos/socket/pareto//airlines-OzaBagASHTExecutorMAXChunk-25-4-100-4026
04/07/23 14:58:26
04/07/23 14:58:26
/home/pi/reginaldojunior/experimentos/socket/pareto//airlines-OzaBagExecutorMAXChunk-25-4-100-511
04/07/23 15:00:33
04/07/23 15:00:33
/home/pi/reginaldojunior/experimentos/socket/pareto//airlines-OzaBagExecutorMAXChunk-25-4-100-2555
04/07/23 15:02:40
04/07/23 15:02:40
/home/pi/reginaldojunior/experimentos/socket/pareto//airlines-OzaBagExecutorMAXChunk-25-4-100-4599
04/07/23 15:04:46
04/07/23 15:04:46
/home/pi/reginaldojunior/experimentos/socket/pareto//elecNormNew-AdaptiveRandomForestExecutorMAXChunk-25-4-100-93
04/07/23 15:06:51
04/07/23 15:06:51
/home/pi/reginaldojunior/experimentos/socket/pareto//elecNormNew-AdaptiveRandomForestExecutorMAXChunk-25-4-100-467
04/07/23 15:08:34
04/07/23 15:08:34
/home/pi/reginaldojunior/experimentos/socket/pareto//elecNormNew-AdaptiveRandomForestExecutorMAXChunk-25-4-100-841
04/07/23 15:09:43
04/07/23 15:09:43
/home/pi/reginaldojunior/experimentos/socket/pareto//elecNormNew-LBagExecutorMAXChunk-25-4-100-141
04/07/23 15:11:49
04/07/23 15:11:49
/home/pi/reginaldojunior/experimentos/socket/pareto//elecNormNew-LBagExecutorMAXChunk-25-4-100-705
04/07/23 15:13:00
04/07/23 15:13:00
/home/pi/reginaldojunior/experimentos/socket/pareto//elecNormNew-LBagExecutorMAXChunk-25-4-100-1270
04/07/23 15:13:43
04/07/23 15:13:43
/home/pi/reginaldojunior/experimentos/socket/pareto//elecNormNew-StreamingRandomPatchesExecutorMAXChunk-25-4-100-51
04/07/23 15:15:48
04/07/23 15:15:48
/home/pi/reginaldojunior/experimentos/socket/pareto//elecNormNew-StreamingRandomPatchesExecutorMAXChunk-25-4-100-256
04/07/23 15:17:52
04/07/23 15:17:52
/home/pi/reginaldojunior/experimentos/socket/pareto//elecNormNew-StreamingRandomPatchesExecutorMAXChunk-25-4-100-462
04/07/23 15:19:40
04/07/23 15:19:40
/home/pi/reginaldojunior/experimentos/socket/pareto//elecNormNew-OzaBagAdwinExecutorMAXChunk-25-4-100-272
04/07/23 15:21:46
04/07/23 15:21:46
/home/pi/reginaldojunior/experimentos/socket/pareto//elecNormNew-OzaBagAdwinExecutorMAXChunk-25-4-100-1363
04/07/23 15:22:26
04/07/23 15:22:26
/home/pi/reginaldojunior/experimentos/socket/pareto//elecNormNew-OzaBagAdwinExecutorMAXChunk-25-4-100-2453
04/07/23 15:22:50
04/07/23 15:22:51
/home/pi/reginaldojunior/experimentos/socket/pareto//elecNormNew-OzaBagASHTExecutorMAXChunk-25-4-100-424
04/07/23 15:24:45
04/07/23 15:24:45
/home/pi/reginaldojunior/experimentos/socket/pareto//elecNormNew-OzaBagASHTExecutorMAXChunk-25-4-100-2121
04/07/23 15:25:13
04/07/23 15:25:13
/home/pi/reginaldojunior/experimentos/socket/pareto//elecNormNew-OzaBagASHTExecutorMAXChunk-25-4-100-3819
04/07/23 15:25:32
04/07/23 15:25:32
/home/pi/reginaldojunior/experimentos/socket/pareto//elecNormNew-OzaBagExecutorMAXChunk-25-4-100-448
04/07/23 15:27:20
04/07/23 15:27:20
/home/pi/reginaldojunior/experimentos/socket/pareto//elecNormNew-OzaBagExecutorMAXChunk-25-4-100-2241
04/07/23 15:27:47
04/07/23 15:27:47
/home/pi/reginaldojunior/experimentos/socket/pareto//elecNormNew-OzaBagExecutorMAXChunk-25-4-100-4034
04/07/23 15:28:06
04/07/23 15:28:06
/home/pi/reginaldojunior/experimentos/socket/pareto//GMSC-AdaptiveRandomForestExecutorMAXChunk-25-4-100-176
04/07/23 15:30:10
04/07/23 15:30:10
/home/pi/reginaldojunior/experimentos/socket/pareto//GMSC-AdaptiveRandomForestExecutorMAXChunk-25-4-100-881
04/07/23 15:32:16
04/07/23 15:32:16
/home/pi/reginaldojunior/experimentos/socket/pareto//GMSC-AdaptiveRandomForestExecutorMAXChunk-25-4-100-1587
04/07/23 15:34:01
04/07/23 15:34:01
/home/pi/reginaldojunior/experimentos/socket/pareto//GMSC-LBagExecutorMAXChunk-25-4-100-217
04/07/23 15:36:08
04/07/23 15:36:08
/home/pi/reginaldojunior/experimentos/socket/pareto//GMSC-LBagExecutorMAXChunk-25-4-100-1088
04/07/23 15:38:14
04/07/23 15:38:14
/home/pi/reginaldojunior/experimentos/socket/pareto//GMSC-LBagExecutorMAXChunk-25-4-100-1959
04/07/23 15:39:46
04/07/23 15:39:46
/home/pi/reginaldojunior/experimentos/socket/pareto//GMSC-StreamingRandomPatchesExecutorMAXChunk-25-4-100-97
04/07/23 15:41:51
04/07/23 15:41:51
/home/pi/reginaldojunior/experimentos/socket/pareto//GMSC-StreamingRandomPatchesExecutorMAXChunk-25-4-100-488
04/07/23 15:43:56
04/07/23 15:43:56
/home/pi/reginaldojunior/experimentos/socket/pareto//GMSC-StreamingRandomPatchesExecutorMAXChunk-25-4-100-878
04/07/23 15:46:01
04/07/23 15:46:01
/home/pi/reginaldojunior/experimentos/socket/pareto//GMSC-OzaBagAdwinExecutorMAXChunk-25-4-100-457
04/07/23 15:48:08
04/07/23 15:48:08
/home/pi/reginaldojunior/experimentos/socket/pareto//GMSC-OzaBagAdwinExecutorMAXChunk-25-4-100-2288
04/07/23 15:49:21
04/07/23 15:49:21
/home/pi/reginaldojunior/experimentos/socket/pareto//GMSC-OzaBagAdwinExecutorMAXChunk-25-4-100-4119
04/07/23 15:50:11
04/07/23 15:50:11
/home/pi/reginaldojunior/experimentos/socket/pareto//GMSC-OzaBagASHTExecutorMAXChunk-25-4-100-786
04/07/23 15:52:19
04/07/23 15:52:19
/home/pi/reginaldojunior/experimentos/socket/pareto//GMSC-OzaBagASHTExecutorMAXChunk-25-4-100-3934
04/07/23 15:53:05
04/07/23 15:53:05
/home/pi/reginaldojunior/experimentos/socket/pareto//GMSC-OzaBagASHTExecutorMAXChunk-25-4-100-7082
04/07/23 15:53:38
04/07/23 15:53:38
/home/pi/reginaldojunior/experimentos/socket/pareto//GMSC-OzaBagExecutorMAXChunk-25-4-100-751
04/07/23 15:55:44
04/07/23 15:55:44
/home/pi/reginaldojunior/experimentos/socket/pareto//GMSC-OzaBagExecutorMAXChunk-25-4-100-3757
04/07/23 15:56:31
04/07/23 15:56:31
/home/pi/reginaldojunior/experimentos/socket/pareto//GMSC-OzaBagExecutorMAXChunk-25-4-100-6764
04/07/23 15:57:03
04/07/23 15:57:03
/home/pi/reginaldojunior/experimentos/socket/pareto//covtypeNorm-AdaptiveRandomForestExecutorMAXChunk-25-4-250-97
04/07/23 15:59:08
04/07/23 15:59:08
/home/pi/reginaldojunior/experimentos/socket/pareto//covtypeNorm-AdaptiveRandomForestExecutorMAXChunk-25-4-250-485
04/07/23 16:01:13
04/07/23 16:01:13
/home/pi/reginaldojunior/experimentos/socket/pareto//covtypeNorm-AdaptiveRandomForestExecutorMAXChunk-25-4-250-874
04/07/23 16:03:18
04/07/23 16:03:18
/home/pi/reginaldojunior/experimentos/socket/pareto//covtypeNorm-LBagExecutorMAXChunk-25-4-250-76
04/07/23 16:05:25
04/07/23 16:05:25
/home/pi/reginaldojunior/experimentos/socket/pareto//covtypeNorm-LBagExecutorMAXChunk-25-4-250-381
04/07/23 16:07:32
04/07/23 16:07:32
/home/pi/reginaldojunior/experimentos/socket/pareto//covtypeNorm-LBagExecutorMAXChunk-25-4-250-686
04/07/23 16:09:38
04/07/23 16:09:38
/home/pi/reginaldojunior/experimentos/socket/pareto//covtypeNorm-StreamingRandomPatchesExecutorMAXChunk-25-4-250-28
04/07/23 16:11:44
04/07/23 16:11:44
/home/pi/reginaldojunior/experimentos/socket/pareto//covtypeNorm-StreamingRandomPatchesExecutorMAXChunk-25-4-250-141
04/07/23 16:13:50
04/07/23 16:13:50
/home/pi/reginaldojunior/experimentos/socket/pareto//covtypeNorm-StreamingRandomPatchesExecutorMAXChunk-25-4-250-253
04/07/23 16:15:56
04/07/23 16:15:56
/home/pi/reginaldojunior/experimentos/socket/pareto//covtypeNorm-OzaBagAdwinExecutorMAXChunk-25-4-250-118
04/07/23 16:18:02
04/07/23 16:18:02
/home/pi/reginaldojunior/experimentos/socket/pareto//covtypeNorm-OzaBagAdwinExecutorMAXChunk-25-4-250-592
04/07/23 16:20:09
04/07/23 16:20:09
/home/pi/reginaldojunior/experimentos/socket/pareto//covtypeNorm-OzaBagAdwinExecutorMAXChunk-25-4-250-1067
04/07/23 16:22:15
04/07/23 16:22:15
/home/pi/reginaldojunior/experimentos/socket/pareto//covtypeNorm-OzaBagASHTExecutorMAXChunk-25-4-250-306
04/07/23 16:24:22
04/07/23 16:24:22
/home/pi/reginaldojunior/experimentos/socket/pareto//covtypeNorm-OzaBagASHTExecutorMAXChunk-25-4-250-1530
04/07/23 16:26:29
04/07/23 16:26:29
/home/pi/reginaldojunior/experimentos/socket/pareto//covtypeNorm-OzaBagASHTExecutorMAXChunk-25-4-250-2755
04/07/23 16:28:35
04/07/23 16:28:35
/home/pi/reginaldojunior/experimentos/socket/pareto//covtypeNorm-OzaBagExecutorMAXChunk-25-4-250-329
04/07/23 16:30:41
04/07/23 16:30:41
/home/pi/reginaldojunior/experimentos/socket/pareto//covtypeNorm-OzaBagExecutorMAXChunk-25-4-250-1647
04/07/23 16:32:48
04/07/23 16:32:48
/home/pi/reginaldojunior/experimentos/socket/pareto//covtypeNorm-OzaBagExecutorMAXChunk-25-4-250-2964
04/07/23 16:34:54
04/07/23 16:34:54
/home/pi/reginaldojunior/experimentos/socket/pareto//airlines-AdaptiveRandomForestExecutorMAXChunk-25-4-250-25
04/07/23 16:37:03
04/07/23 16:37:03
/home/pi/reginaldojunior/experimentos/socket/pareto//airlines-AdaptiveRandomForestExecutorMAXChunk-25-4-250-128
04/07/23 16:39:09
04/07/23 16:39:09
/home/pi/reginaldojunior/experimentos/socket/pareto//airlines-AdaptiveRandomForestExecutorMAXChunk-25-4-250-230
04/07/23 16:41:15
04/07/23 16:41:15
/home/pi/reginaldojunior/experimentos/socket/pareto//airlines-LBagExecutorMAXChunk-25-4-250-22
04/07/23 16:43:21
04/07/23 16:43:21
/home/pi/reginaldojunior/experimentos/socket/pareto//airlines-LBagExecutorMAXChunk-25-4-250-112
04/07/23 16:45:29
04/07/23 16:45:29
/home/pi/reginaldojunior/experimentos/socket/pareto//airlines-LBagExecutorMAXChunk-25-4-250-203
04/07/23 16:47:41
04/07/23 16:47:41
/home/pi/reginaldojunior/experimentos/socket/pareto//airlines-StreamingRandomPatchesExecutorMAXChunk-25-4-250-26
04/07/23 16:49:48
04/07/23 16:49:48
/home/pi/reginaldojunior/experimentos/socket/pareto//airlines-StreamingRandomPatchesExecutorMAXChunk-25-4-250-130
04/07/23 16:51:56
04/07/23 16:51:56
/home/pi/reginaldojunior/experimentos/socket/pareto//airlines-StreamingRandomPatchesExecutorMAXChunk-25-4-250-235
04/07/23 16:54:05
04/07/23 16:54:05
/home/pi/reginaldojunior/experimentos/socket/pareto//airlines-OzaBagAdwinExecutorMAXChunk-25-4-250-72
04/07/23 16:56:11
04/07/23 16:56:11
/home/pi/reginaldojunior/experimentos/socket/pareto//airlines-OzaBagAdwinExecutorMAXChunk-25-4-250-361
04/07/23 16:58:18
04/07/23 16:58:18
/home/pi/reginaldojunior/experimentos/socket/pareto//airlines-OzaBagAdwinExecutorMAXChunk-25-4-250-650
04/07/23 17:00:25
04/07/23 17:00:25
/home/pi/reginaldojunior/experimentos/socket/pareto//airlines-OzaBagASHTExecutorMAXChunk-25-4-250-477
04/07/23 17:02:32
04/07/23 17:02:32
/home/pi/reginaldojunior/experimentos/socket/pareto//airlines-OzaBagASHTExecutorMAXChunk-25-4-250-2388
04/07/23 17:04:39
04/07/23 17:04:39
/home/pi/reginaldojunior/experimentos/socket/pareto//airlines-OzaBagASHTExecutorMAXChunk-25-4-250-4300
04/07/23 17:06:46
04/07/23 17:06:46
/home/pi/reginaldojunior/experimentos/socket/pareto//airlines-OzaBagExecutorMAXChunk-25-4-250-572
04/07/23 17:08:52
04/07/23 17:08:52
/home/pi/reginaldojunior/experimentos/socket/pareto//airlines-OzaBagExecutorMAXChunk-25-4-250-2863
04/07/23 17:10:59
04/07/23 17:10:59
/home/pi/reginaldojunior/experimentos/socket/pareto//airlines-OzaBagExecutorMAXChunk-25-4-250-5155
04/07/23 17:13:05
04/07/23 17:13:05
/home/pi/reginaldojunior/experimentos/socket/pareto//elecNormNew-AdaptiveRandomForestExecutorMAXChunk-25-4-250-92
04/07/23 17:15:10
04/07/23 17:15:10
/home/pi/reginaldojunior/experimentos/socket/pareto//elecNormNew-AdaptiveRandomForestExecutorMAXChunk-25-4-250-461
04/07/23 17:16:54
04/07/23 17:16:54
/home/pi/reginaldojunior/experimentos/socket/pareto//elecNormNew-AdaptiveRandomForestExecutorMAXChunk-25-4-250-830
04/07/23 17:17:54
04/07/23 17:17:54
/home/pi/reginaldojunior/experimentos/socket/pareto//elecNormNew-LBagExecutorMAXChunk-25-4-250-142
04/07/23 17:20:01
04/07/23 17:20:01
/home/pi/reginaldojunior/experimentos/socket/pareto//elecNormNew-LBagExecutorMAXChunk-25-4-250-712
04/07/23 17:21:11
04/07/23 17:21:11
/home/pi/reginaldojunior/experimentos/socket/pareto//elecNormNew-LBagExecutorMAXChunk-25-4-250-1282
04/07/23 17:21:53
04/07/23 17:21:53
/home/pi/reginaldojunior/experimentos/socket/pareto//elecNormNew-StreamingRandomPatchesExecutorMAXChunk-25-4-250-51
04/07/23 17:23:59
04/07/23 17:23:59
/home/pi/reginaldojunior/experimentos/socket/pareto//elecNormNew-StreamingRandomPatchesExecutorMAXChunk-25-4-250-256
04/07/23 17:26:04
04/07/23 17:26:04
/home/pi/reginaldojunior/experimentos/socket/pareto//elecNormNew-StreamingRandomPatchesExecutorMAXChunk-25-4-250-460
04/07/23 17:27:48
04/07/23 17:27:48
/home/pi/reginaldojunior/experimentos/socket/pareto//elecNormNew-OzaBagAdwinExecutorMAXChunk-25-4-250-288
04/07/23 17:29:55
04/07/23 17:29:55
/home/pi/reginaldojunior/experimentos/socket/pareto//elecNormNew-OzaBagAdwinExecutorMAXChunk-25-4-250-1441
04/07/23 17:30:33
04/07/23 17:30:33
/home/pi/reginaldojunior/experimentos/socket/pareto//elecNormNew-OzaBagAdwinExecutorMAXChunk-25-4-250-2594
04/07/23 17:30:56
04/07/23 17:30:57
/home/pi/reginaldojunior/experimentos/socket/pareto//elecNormNew-OzaBagASHTExecutorMAXChunk-25-4-250-465
04/07/23 17:32:40
04/07/23 17:32:40
/home/pi/reginaldojunior/experimentos/socket/pareto//elecNormNew-OzaBagASHTExecutorMAXChunk-25-4-250-2326
04/07/23 17:33:06
04/07/23 17:33:06
/home/pi/reginaldojunior/experimentos/socket/pareto//elecNormNew-OzaBagASHTExecutorMAXChunk-25-4-250-4188
04/07/23 17:33:23
04/07/23 17:33:23
/home/pi/reginaldojunior/experimentos/socket/pareto//elecNormNew-OzaBagExecutorMAXChunk-25-4-250-466
04/07/23 17:35:07
04/07/23 17:35:07
/home/pi/reginaldojunior/experimentos/socket/pareto//elecNormNew-OzaBagExecutorMAXChunk-25-4-250-2332
04/07/23 17:35:33
04/07/23 17:35:33
/home/pi/reginaldojunior/experimentos/socket/pareto//elecNormNew-OzaBagExecutorMAXChunk-25-4-250-4198
04/07/23 17:35:50
04/07/23 17:35:50
/home/pi/reginaldojunior/experimentos/socket/pareto//GMSC-AdaptiveRandomForestExecutorMAXChunk-25-4-250-170
04/07/23 17:37:55
04/07/23 17:37:55
/home/pi/reginaldojunior/experimentos/socket/pareto//GMSC-AdaptiveRandomForestExecutorMAXChunk-25-4-250-854
04/07/23 17:40:00
04/07/23 17:40:00
/home/pi/reginaldojunior/experimentos/socket/pareto//GMSC-AdaptiveRandomForestExecutorMAXChunk-25-4-250-1538
04/07/23 17:41:45
04/07/23 17:41:45
/home/pi/reginaldojunior/experimentos/socket/pareto//GMSC-LBagExecutorMAXChunk-25-4-250-228
04/07/23 17:43:52
04/07/23 17:43:52
/home/pi/reginaldojunior/experimentos/socket/pareto//GMSC-LBagExecutorMAXChunk-25-4-250-1141
04/07/23 17:45:59
04/07/23 17:45:59
/home/pi/reginaldojunior/experimentos/socket/pareto//GMSC-LBagExecutorMAXChunk-25-4-250-2054
04/07/23 17:48:13
04/07/23 17:48:13
/home/pi/reginaldojunior/experimentos/socket/pareto//GMSC-StreamingRandomPatchesExecutorMAXChunk-25-4-250-95
04/07/23 17:50:19
04/07/23 17:50:19
/home/pi/reginaldojunior/experimentos/socket/pareto//GMSC-StreamingRandomPatchesExecutorMAXChunk-25-4-250-479
04/07/23 17:52:24
04/07/23 17:52:24
/home/pi/reginaldojunior/experimentos/socket/pareto//GMSC-StreamingRandomPatchesExecutorMAXChunk-25-4-250-862
04/07/23 17:54:29
04/07/23 17:54:29
/home/pi/reginaldojunior/experimentos/socket/pareto//GMSC-OzaBagAdwinExecutorMAXChunk-25-4-250-425
04/07/23 17:56:36
04/07/23 17:56:36
/home/pi/reginaldojunior/experimentos/socket/pareto//GMSC-OzaBagAdwinExecutorMAXChunk-25-4-250-2128
04/07/23 17:57:53
04/07/23 17:57:53
/home/pi/reginaldojunior/experimentos/socket/pareto//GMSC-OzaBagAdwinExecutorMAXChunk-25-4-250-3830
04/07/23 17:58:38
04/07/23 17:58:38
/home/pi/reginaldojunior/experimentos/socket/pareto//GMSC-OzaBagASHTExecutorMAXChunk-25-4-250-869
04/07/23 18:00:45
04/07/23 18:00:45
/home/pi/reginaldojunior/experimentos/socket/pareto//GMSC-OzaBagASHTExecutorMAXChunk-25-4-250-4349
04/07/23 18:01:26
04/07/23 18:01:26
/home/pi/reginaldojunior/experimentos/socket/pareto//GMSC-OzaBagASHTExecutorMAXChunk-25-4-250-7829
04/07/23 18:01:52
04/07/23 18:01:52
/home/pi/reginaldojunior/experimentos/socket/pareto//GMSC-OzaBagExecutorMAXChunk-25-4-250-846
04/07/23 18:03:58
04/07/23 18:03:58
/home/pi/reginaldojunior/experimentos/socket/pareto//GMSC-OzaBagExecutorMAXChunk-25-4-250-4234
04/07/23 18:04:40
04/07/23 18:04:40
/home/pi/reginaldojunior/experimentos/socket/pareto//GMSC-OzaBagExecutorMAXChunk-25-4-250-7622
04/07/23 18:05:07
04/07/23 18:05:07
/home/pi/reginaldojunior/experimentos/socket/pareto//covtypeNorm-AdaptiveRandomForestExecutorMAXChunk-25-4-500-96
04/07/23 18:07:12
04/07/23 18:07:12
/home/pi/reginaldojunior/experimentos/socket/pareto//covtypeNorm-AdaptiveRandomForestExecutorMAXChunk-25-4-500-481
04/07/23 18:09:18
04/07/23 18:09:18
/home/pi/reginaldojunior/experimentos/socket/pareto//covtypeNorm-AdaptiveRandomForestExecutorMAXChunk-25-4-500-866
04/07/23 18:11:22
04/07/23 18:11:22
/home/pi/reginaldojunior/experimentos/socket/pareto//covtypeNorm-LBagExecutorMAXChunk-25-4-500-78
04/07/23 18:13:28
04/07/23 18:13:28
/home/pi/reginaldojunior/experimentos/socket/pareto//covtypeNorm-LBagExecutorMAXChunk-25-4-500-391
04/07/23 18:15:34
04/07/23 18:15:34
/home/pi/reginaldojunior/experimentos/socket/pareto//covtypeNorm-LBagExecutorMAXChunk-25-4-500-704
04/07/23 18:17:40
04/07/23 18:17:40
/home/pi/reginaldojunior/experimentos/socket/pareto//covtypeNorm-StreamingRandomPatchesExecutorMAXChunk-25-4-500-27
04/07/23 18:19:47
04/07/23 18:19:47
/home/pi/reginaldojunior/experimentos/socket/pareto//covtypeNorm-StreamingRandomPatchesExecutorMAXChunk-25-4-500-138
04/07/23 18:21:52
04/07/23 18:21:52
/home/pi/reginaldojunior/experimentos/socket/pareto//covtypeNorm-StreamingRandomPatchesExecutorMAXChunk-25-4-500-248
04/07/23 18:23:58
04/07/23 18:23:58
/home/pi/reginaldojunior/experimentos/socket/pareto//covtypeNorm-OzaBagAdwinExecutorMAXChunk-25-4-500-115
04/07/23 18:26:05
04/07/23 18:26:05
/home/pi/reginaldojunior/experimentos/socket/pareto//covtypeNorm-OzaBagAdwinExecutorMAXChunk-25-4-500-577
04/07/23 18:28:12
04/07/23 18:28:12
/home/pi/reginaldojunior/experimentos/socket/pareto//covtypeNorm-OzaBagAdwinExecutorMAXChunk-25-4-500-1039
04/07/23 18:30:19
04/07/23 18:30:19
/home/pi/reginaldojunior/experimentos/socket/pareto//covtypeNorm-OzaBagASHTExecutorMAXChunk-25-4-500-336
04/07/23 18:32:25
04/07/23 18:32:25
/home/pi/reginaldojunior/experimentos/socket/pareto//covtypeNorm-OzaBagASHTExecutorMAXChunk-25-4-500-1684
04/07/23 18:34:32
04/07/23 18:34:32
/home/pi/reginaldojunior/experimentos/socket/pareto//covtypeNorm-OzaBagASHTExecutorMAXChunk-25-4-500-3031
04/07/23 18:36:38
04/07/23 18:36:38
/home/pi/reginaldojunior/experimentos/socket/pareto//covtypeNorm-OzaBagExecutorMAXChunk-25-4-500-370
04/07/23 18:38:45
04/07/23 18:38:45
/home/pi/reginaldojunior/experimentos/socket/pareto//covtypeNorm-OzaBagExecutorMAXChunk-25-4-500-1854
04/07/23 18:40:51
04/07/23 18:40:51
/home/pi/reginaldojunior/experimentos/socket/pareto//covtypeNorm-OzaBagExecutorMAXChunk-25-4-500-3337
04/07/23 18:42:58
04/07/23 18:42:58
/home/pi/reginaldojunior/experimentos/socket/pareto//airlines-AdaptiveRandomForestExecutorMAXChunk-25-4-500-27
04/07/23 18:45:06
04/07/23 18:45:06
/home/pi/reginaldojunior/experimentos/socket/pareto//airlines-AdaptiveRandomForestExecutorMAXChunk-25-4-500-138
04/07/23 18:47:13
04/07/23 18:47:13
/home/pi/reginaldojunior/experimentos/socket/pareto//airlines-AdaptiveRandomForestExecutorMAXChunk-25-4-500-249
04/07/23 18:49:24
04/07/23 18:49:24
/home/pi/reginaldojunior/experimentos/socket/pareto//airlines-LBagExecutorMAXChunk-25-4-500-24
04/07/23 18:51:31
04/07/23 18:51:31
/home/pi/reginaldojunior/experimentos/socket/pareto//airlines-LBagExecutorMAXChunk-25-4-500-122
04/07/23 18:53:40
04/07/23 18:53:40
/home/pi/reginaldojunior/experimentos/socket/pareto//airlines-LBagExecutorMAXChunk-25-4-500-220
04/07/23 18:55:53
04/07/23 18:55:53
/home/pi/reginaldojunior/experimentos/socket/pareto//airlines-StreamingRandomPatchesExecutorMAXChunk-25-4-500-26
04/07/23 18:58:03
04/07/23 18:58:03
/home/pi/reginaldojunior/experimentos/socket/pareto//airlines-StreamingRandomPatchesExecutorMAXChunk-25-4-500-133
04/07/23 19:00:12
04/07/23 19:00:12
/home/pi/reginaldojunior/experimentos/socket/pareto//airlines-StreamingRandomPatchesExecutorMAXChunk-25-4-500-239
04/07/23 19:02:20
04/07/23 19:02:20
/home/pi/reginaldojunior/experimentos/socket/pareto//airlines-OzaBagAdwinExecutorMAXChunk-25-4-500-75
04/07/23 19:04:29
04/07/23 19:04:29
/home/pi/reginaldojunior/experimentos/socket/pareto//airlines-OzaBagAdwinExecutorMAXChunk-25-4-500-376
04/07/23 19:06:35
04/07/23 19:06:36
/home/pi/reginaldojunior/experimentos/socket/pareto//airlines-OzaBagAdwinExecutorMAXChunk-25-4-500-678
04/07/23 19:08:44
04/07/23 19:08:44
/home/pi/reginaldojunior/experimentos/socket/pareto//airlines-OzaBagASHTExecutorMAXChunk-25-4-500-485
04/07/23 19:10:51
04/07/23 19:10:51
/home/pi/reginaldojunior/experimentos/socket/pareto//airlines-OzaBagASHTExecutorMAXChunk-25-4-500-2428
04/07/23 19:12:58
04/07/23 19:12:58
/home/pi/reginaldojunior/experimentos/socket/pareto//airlines-OzaBagASHTExecutorMAXChunk-25-4-500-4371
04/07/23 19:15:04
04/07/23 19:15:04
/home/pi/reginaldojunior/experimentos/socket/pareto//airlines-OzaBagExecutorMAXChunk-25-4-500-617
04/07/23 19:17:11
04/07/23 19:17:11
/home/pi/reginaldojunior/experimentos/socket/pareto//airlines-OzaBagExecutorMAXChunk-25-4-500-3085
04/07/23 19:19:17
04/07/23 19:19:17
/home/pi/reginaldojunior/experimentos/socket/pareto//airlines-OzaBagExecutorMAXChunk-25-4-500-5553
04/07/23 19:21:24
04/07/23 19:21:24
/home/pi/reginaldojunior/experimentos/socket/pareto//elecNormNew-AdaptiveRandomForestExecutorMAXChunk-25-4-500-93
04/07/23 19:23:29
04/07/23 19:23:29
/home/pi/reginaldojunior/experimentos/socket/pareto//elecNormNew-AdaptiveRandomForestExecutorMAXChunk-25-4-500-465
04/07/23 19:25:12
04/07/23 19:25:12
/home/pi/reginaldojunior/experimentos/socket/pareto//elecNormNew-AdaptiveRandomForestExecutorMAXChunk-25-4-500-837
04/07/23 19:26:11
04/07/23 19:26:11
/home/pi/reginaldojunior/experimentos/socket/pareto//elecNormNew-LBagExecutorMAXChunk-25-4-500-147
04/07/23 19:28:18
04/07/23 19:28:18
/home/pi/reginaldojunior/experimentos/socket/pareto//elecNormNew-LBagExecutorMAXChunk-25-4-500-735
04/07/23 19:29:27
04/07/23 19:29:27
/home/pi/reginaldojunior/experimentos/socket/pareto//elecNormNew-LBagExecutorMAXChunk-25-4-500-1324
04/07/23 19:30:08
04/07/23 19:30:08
/home/pi/reginaldojunior/experimentos/socket/pareto//elecNormNew-StreamingRandomPatchesExecutorMAXChunk-25-4-500-49
04/07/23 19:32:13
04/07/23 19:32:13
/home/pi/reginaldojunior/experimentos/socket/pareto//elecNormNew-StreamingRandomPatchesExecutorMAXChunk-25-4-500-247
04/07/23 19:34:17
04/07/23 19:34:17
/home/pi/reginaldojunior/experimentos/socket/pareto//elecNormNew-StreamingRandomPatchesExecutorMAXChunk-25-4-500-445
04/07/23 19:36:04
04/07/23 19:36:04
/home/pi/reginaldojunior/experimentos/socket/pareto//elecNormNew-OzaBagAdwinExecutorMAXChunk-25-4-500-279
04/07/23 19:38:11
04/07/23 19:38:11
/home/pi/reginaldojunior/experimentos/socket/pareto//elecNormNew-OzaBagAdwinExecutorMAXChunk-25-4-500-1397
04/07/23 19:38:50
04/07/23 19:38:50
/home/pi/reginaldojunior/experimentos/socket/pareto//elecNormNew-OzaBagAdwinExecutorMAXChunk-25-4-500-2515
04/07/23 19:39:15
04/07/23 19:39:15
/home/pi/reginaldojunior/experimentos/socket/pareto//elecNormNew-OzaBagASHTExecutorMAXChunk-25-4-500-471
04/07/23 19:40:57
04/07/23 19:40:57
/home/pi/reginaldojunior/experimentos/socket/pareto//elecNormNew-OzaBagASHTExecutorMAXChunk-25-4-500-2356
04/07/23 19:41:23
04/07/23 19:41:23
/home/pi/reginaldojunior/experimentos/socket/pareto//elecNormNew-OzaBagASHTExecutorMAXChunk-25-4-500-4241
04/07/23 19:41:41
04/07/23 19:41:41
/home/pi/reginaldojunior/experimentos/socket/pareto//elecNormNew-OzaBagExecutorMAXChunk-25-4-500-445
04/07/23 19:43:29
04/07/23 19:43:29
/home/pi/reginaldojunior/experimentos/socket/pareto//elecNormNew-OzaBagExecutorMAXChunk-25-4-500-2227
04/07/23 19:43:56
04/07/23 19:43:56
/home/pi/reginaldojunior/experimentos/socket/pareto//elecNormNew-OzaBagExecutorMAXChunk-25-4-500-4009
04/07/23 19:44:13
04/07/23 19:44:13
/home/pi/reginaldojunior/experimentos/socket/pareto//GMSC-AdaptiveRandomForestExecutorMAXChunk-25-4-500-182
04/07/23 19:46:18
04/07/23 19:46:18
/home/pi/reginaldojunior/experimentos/socket/pareto//GMSC-AdaptiveRandomForestExecutorMAXChunk-25-4-500-910
04/07/23 19:48:23
04/07/23 19:48:23
/home/pi/reginaldojunior/experimentos/socket/pareto//GMSC-AdaptiveRandomForestExecutorMAXChunk-25-4-500-1638
04/07/23 19:50:01
04/07/23 19:50:01
/home/pi/reginaldojunior/experimentos/socket/pareto//GMSC-LBagExecutorMAXChunk-25-4-500-227
04/07/23 19:52:07
04/07/23 19:52:07
/home/pi/reginaldojunior/experimentos/socket/pareto//GMSC-LBagExecutorMAXChunk-25-4-500-1135
04/07/23 19:54:14
04/07/23 19:54:14
/home/pi/reginaldojunior/experimentos/socket/pareto//GMSC-LBagExecutorMAXChunk-25-4-500-2044
04/07/23 19:55:34
04/07/23 19:55:34
/home/pi/reginaldojunior/experimentos/socket/pareto//GMSC-StreamingRandomPatchesExecutorMAXChunk-25-4-500-101
04/07/23 19:57:39
04/07/23 19:57:39
/home/pi/reginaldojunior/experimentos/socket/pareto//GMSC-StreamingRandomPatchesExecutorMAXChunk-25-4-500-509
04/07/23 19:59:45
04/07/23 19:59:45
/home/pi/reginaldojunior/experimentos/socket/pareto//GMSC-StreamingRandomPatchesExecutorMAXChunk-25-4-500-917
04/07/23 20:01:51
04/07/23 20:01:51
/home/pi/reginaldojunior/experimentos/socket/pareto//GMSC-OzaBagAdwinExecutorMAXChunk-25-4-500-473
04/07/23 20:03:57
04/07/23 20:03:57
/home/pi/reginaldojunior/experimentos/socket/pareto//GMSC-OzaBagAdwinExecutorMAXChunk-25-4-500-2366
04/07/23 20:05:07
04/07/23 20:05:07
/home/pi/reginaldojunior/experimentos/socket/pareto//GMSC-OzaBagAdwinExecutorMAXChunk-25-4-500-4260
04/07/23 20:05:49
04/07/23 20:05:49
/home/pi/reginaldojunior/experimentos/socket/pareto//GMSC-OzaBagASHTExecutorMAXChunk-25-4-500-861
04/07/23 20:07:56
04/07/23 20:07:56
/home/pi/reginaldojunior/experimentos/socket/pareto//GMSC-OzaBagASHTExecutorMAXChunk-25-4-500-4308
04/07/23 20:08:37
04/07/23 20:08:37
/home/pi/reginaldojunior/experimentos/socket/pareto//GMSC-OzaBagASHTExecutorMAXChunk-25-4-500-7755
04/07/23 20:09:03
04/07/23 20:09:03
/home/pi/reginaldojunior/experimentos/socket/pareto//GMSC-OzaBagExecutorMAXChunk-25-4-500-849
04/07/23 20:11:10
04/07/23 20:11:10
/home/pi/reginaldojunior/experimentos/socket/pareto//GMSC-OzaBagExecutorMAXChunk-25-4-500-4249
04/07/23 20:11:51
04/07/23 20:11:51
/home/pi/reginaldojunior/experimentos/socket/pareto//GMSC-OzaBagExecutorMAXChunk-25-4-500-7649
04/07/23 20:12:18
04/07/23 20:12:18
/home/pi/reginaldojunior/experimentos/socket/pareto//covtypeNorm-AdaptiveRandomForestExecutorMAXChunk-25-4-2000-108
04/07/23 20:14:23
04/07/23 20:14:23
/home/pi/reginaldojunior/experimentos/socket/pareto//covtypeNorm-AdaptiveRandomForestExecutorMAXChunk-25-4-2000-540
04/07/23 20:16:30
04/07/23 20:16:30
/home/pi/reginaldojunior/experimentos/socket/pareto//covtypeNorm-AdaptiveRandomForestExecutorMAXChunk-25-4-2000-972
04/07/23 20:18:35
04/07/23 20:18:35
/home/pi/reginaldojunior/experimentos/socket/pareto//covtypeNorm-LBagExecutorMAXChunk-25-4-2000-70
04/07/23 20:20:42
04/07/23 20:20:42
/home/pi/reginaldojunior/experimentos/socket/pareto//covtypeNorm-LBagExecutorMAXChunk-25-4-2000-351
04/07/23 20:22:49
04/07/23 20:22:50
/home/pi/reginaldojunior/experimentos/socket/pareto//covtypeNorm-LBagExecutorMAXChunk-25-4-2000-632
04/07/23 20:24:56
04/07/23 20:24:56
/home/pi/reginaldojunior/experimentos/socket/pareto//covtypeNorm-StreamingRandomPatchesExecutorMAXChunk-25-4-2000-29
04/07/23 20:27:01
04/07/23 20:27:01
/home/pi/reginaldojunior/experimentos/socket/pareto//covtypeNorm-StreamingRandomPatchesExecutorMAXChunk-25-4-2000-145
04/07/23 20:29:07
04/07/23 20:29:07
/home/pi/reginaldojunior/experimentos/socket/pareto//covtypeNorm-StreamingRandomPatchesExecutorMAXChunk-25-4-2000-262
04/07/23 20:31:12
04/07/23 20:31:13
/home/pi/reginaldojunior/experimentos/socket/pareto//covtypeNorm-OzaBagAdwinExecutorMAXChunk-25-4-2000-114
04/07/23 20:33:19
04/07/23 20:33:19
/home/pi/reginaldojunior/experimentos/socket/pareto//covtypeNorm-OzaBagAdwinExecutorMAXChunk-25-4-2000-574
04/07/23 20:35:26
04/07/23 20:35:26
/home/pi/reginaldojunior/experimentos/socket/pareto//covtypeNorm-OzaBagAdwinExecutorMAXChunk-25-4-2000-1034
04/07/23 20:37:33
04/07/23 20:37:33
/home/pi/reginaldojunior/experimentos/socket/pareto//covtypeNorm-OzaBagASHTExecutorMAXChunk-25-4-2000-331
04/07/23 20:39:40
04/07/23 20:39:40
/home/pi/reginaldojunior/experimentos/socket/pareto//covtypeNorm-OzaBagASHTExecutorMAXChunk-25-4-2000-1657
04/07/23 20:41:46
04/07/23 20:41:46
/home/pi/reginaldojunior/experimentos/socket/pareto//covtypeNorm-OzaBagASHTExecutorMAXChunk-25-4-2000-2982
04/07/23 20:43:52
04/07/23 20:43:52
/home/pi/reginaldojunior/experimentos/socket/pareto//covtypeNorm-OzaBagExecutorMAXChunk-25-4-2000-355
04/07/23 20:45:59
04/07/23 20:45:59
/home/pi/reginaldojunior/experimentos/socket/pareto//covtypeNorm-OzaBagExecutorMAXChunk-25-4-2000-1778
04/07/23 20:48:05
04/07/23 20:48:05
/home/pi/reginaldojunior/experimentos/socket/pareto//covtypeNorm-OzaBagExecutorMAXChunk-25-4-2000-3201
04/07/23 20:50:11
04/07/23 20:50:11
/home/pi/reginaldojunior/experimentos/socket/pareto//airlines-AdaptiveRandomForestExecutorMAXChunk-25-4-2000-29
04/07/23 20:52:17
04/07/23 20:52:17
/home/pi/reginaldojunior/experimentos/socket/pareto//airlines-AdaptiveRandomForestExecutorMAXChunk-25-4-2000-146
04/07/23 20:54:26
04/07/23 20:54:26
/home/pi/reginaldojunior/experimentos/socket/pareto//airlines-AdaptiveRandomForestExecutorMAXChunk-25-4-2000-263
04/07/23 20:56:44
04/07/23 20:56:44
/home/pi/reginaldojunior/experimentos/socket/pareto//airlines-LBagExecutorMAXChunk-25-4-2000-44
04/07/23 20:58:59
04/07/23 20:58:59
/home/pi/reginaldojunior/experimentos/socket/pareto//airlines-LBagExecutorMAXChunk-25-4-2000-220
04/07/23 21:38:58
04/07/23 21:38:58
/home/pi/reginaldojunior/experimentos/socket/pareto//airlines-LBagExecutorMAXChunk-25-4-2000-396
04/07/23 22:13:16
04/07/23 22:13:16
/home/pi/reginaldojunior/experimentos/socket/pareto//airlines-StreamingRandomPatchesExecutorMAXChunk-25-4-2000-27
04/07/23 22:15:22
04/07/23 22:15:22
/home/pi/reginaldojunior/experimentos/socket/pareto//airlines-StreamingRandomPatchesExecutorMAXChunk-25-4-2000-138
04/07/23 22:17:52
04/07/23 22:17:52
/home/pi/reginaldojunior/experimentos/socket/pareto//airlines-StreamingRandomPatchesExecutorMAXChunk-25-4-2000-249
04/07/23 22:20:22
04/07/23 22:20:23
/home/pi/reginaldojunior/experimentos/socket/pareto//airlines-OzaBagAdwinExecutorMAXChunk-25-4-2000-97
04/07/23 22:22:30
04/07/23 22:22:30
/home/pi/reginaldojunior/experimentos/socket/pareto//airlines-OzaBagAdwinExecutorMAXChunk-25-4-2000-485
04/07/23 22:24:41
04/07/23 22:24:41
/home/pi/reginaldojunior/experimentos/socket/pareto//airlines-OzaBagAdwinExecutorMAXChunk-25-4-2000-873
04/07/23 22:27:01
04/07/23 22:27:01
/home/pi/reginaldojunior/experimentos/socket/pareto//airlines-OzaBagASHTExecutorMAXChunk-25-4-2000-498
04/07/23 22:29:08
04/07/23 22:29:08
/home/pi/reginaldojunior/experimentos/socket/pareto//airlines-OzaBagASHTExecutorMAXChunk-25-4-2000-2494
04/07/23 22:31:15
04/07/23 22:31:15
/home/pi/reginaldojunior/experimentos/socket/pareto//airlines-OzaBagASHTExecutorMAXChunk-25-4-2000-4490
04/07/23 22:33:22
04/07/23 22:33:22
/home/pi/reginaldojunior/experimentos/socket/pareto//airlines-OzaBagExecutorMAXChunk-25-4-2000-622
04/07/23 22:35:29
04/07/23 22:35:29
/home/pi/reginaldojunior/experimentos/socket/pareto//airlines-OzaBagExecutorMAXChunk-25-4-2000-3110
04/07/23 22:37:35
04/07/23 22:37:35
/home/pi/reginaldojunior/experimentos/socket/pareto//airlines-OzaBagExecutorMAXChunk-25-4-2000-5598
04/07/23 22:39:42
04/07/23 22:39:42
/home/pi/reginaldojunior/experimentos/socket/pareto//elecNormNew-AdaptiveRandomForestExecutorMAXChunk-25-4-2000-87
04/07/23 22:41:48
04/07/23 22:41:48
/home/pi/reginaldojunior/experimentos/socket/pareto//elecNormNew-AdaptiveRandomForestExecutorMAXChunk-25-4-2000-437
04/07/23 22:43:38
04/07/23 22:43:38
/home/pi/reginaldojunior/experimentos/socket/pareto//elecNormNew-AdaptiveRandomForestExecutorMAXChunk-25-4-2000-787
04/07/23 22:44:41
04/07/23 22:44:41
/home/pi/reginaldojunior/experimentos/socket/pareto//elecNormNew-LBagExecutorMAXChunk-25-4-2000-140
04/07/23 22:46:47
04/07/23 22:46:47
/home/pi/reginaldojunior/experimentos/socket/pareto//elecNormNew-LBagExecutorMAXChunk-25-4-2000-701
04/07/23 22:47:58
04/07/23 22:47:58
/home/pi/reginaldojunior/experimentos/socket/pareto//elecNormNew-LBagExecutorMAXChunk-25-4-2000-1262
04/07/23 22:48:41
04/07/23 22:48:41
/home/pi/reginaldojunior/experimentos/socket/pareto//elecNormNew-StreamingRandomPatchesExecutorMAXChunk-25-4-2000-51
04/07/23 22:50:49
04/07/23 22:50:49
/home/pi/reginaldojunior/experimentos/socket/pareto//elecNormNew-StreamingRandomPatchesExecutorMAXChunk-25-4-2000-259
04/07/23 22:52:57
04/07/23 22:52:57
/home/pi/reginaldojunior/experimentos/socket/pareto//elecNormNew-StreamingRandomPatchesExecutorMAXChunk-25-4-2000-467
04/07/23 22:54:42
04/07/23 22:54:42
/home/pi/reginaldojunior/experimentos/socket/pareto//elecNormNew-OzaBagAdwinExecutorMAXChunk-25-4-2000-252
04/07/23 22:56:49
04/07/23 22:56:49
/home/pi/reginaldojunior/experimentos/socket/pareto//elecNormNew-OzaBagAdwinExecutorMAXChunk-25-4-2000-1264
04/07/23 22:57:32
04/07/23 22:57:32
/home/pi/reginaldojunior/experimentos/socket/pareto//elecNormNew-OzaBagAdwinExecutorMAXChunk-25-4-2000-2275
04/07/23 22:57:58
04/07/23 22:57:58
/home/pi/reginaldojunior/experimentos/socket/pareto//elecNormNew-OzaBagASHTExecutorMAXChunk-25-4-2000-420
04/07/23 22:59:53
04/07/23 22:59:53
/home/pi/reginaldojunior/experimentos/socket/pareto//elecNormNew-OzaBagASHTExecutorMAXChunk-25-4-2000-2101
04/07/23 23:00:21
04/07/23 23:00:21
/home/pi/reginaldojunior/experimentos/socket/pareto//elecNormNew-OzaBagASHTExecutorMAXChunk-25-4-2000-3782
04/07/23 23:00:39
04/07/23 23:00:39
/home/pi/reginaldojunior/experimentos/socket/pareto//elecNormNew-OzaBagExecutorMAXChunk-25-4-2000-404
04/07/23 23:02:39
04/07/23 23:02:39
/home/pi/reginaldojunior/experimentos/socket/pareto//elecNormNew-OzaBagExecutorMAXChunk-25-4-2000-2021
04/07/23 23:03:07
04/07/23 23:03:08
/home/pi/reginaldojunior/experimentos/socket/pareto//elecNormNew-OzaBagExecutorMAXChunk-25-4-2000-3638
04/07/23 23:03:26
04/07/23 23:03:26
/home/pi/reginaldojunior/experimentos/socket/pareto//GMSC-AdaptiveRandomForestExecutorMAXChunk-25-4-2000-180
04/07/23 23:05:31
04/07/23 23:05:31
/home/pi/reginaldojunior/experimentos/socket/pareto//GMSC-AdaptiveRandomForestExecutorMAXChunk-25-4-2000-900
04/07/23 23:07:37
04/07/23 23:07:37
/home/pi/reginaldojunior/experimentos/socket/pareto//GMSC-AdaptiveRandomForestExecutorMAXChunk-25-4-2000-1620
04/07/23 23:09:16
04/07/23 23:09:16
/home/pi/reginaldojunior/experimentos/socket/pareto//GMSC-LBagExecutorMAXChunk-25-4-2000-222
04/07/23 23:11:22
04/07/23 23:11:22
/home/pi/reginaldojunior/experimentos/socket/pareto//GMSC-LBagExecutorMAXChunk-25-4-2000-1112
04/07/23 23:13:29
04/07/23 23:13:29
/home/pi/reginaldojunior/experimentos/socket/pareto//GMSC-LBagExecutorMAXChunk-25-4-2000-2001
04/07/23 23:14:51
04/07/23 23:14:51
/home/pi/reginaldojunior/experimentos/socket/pareto//GMSC-StreamingRandomPatchesExecutorMAXChunk-25-4-2000-97
04/07/23 23:16:56
04/07/23 23:16:56
/home/pi/reginaldojunior/experimentos/socket/pareto//GMSC-StreamingRandomPatchesExecutorMAXChunk-25-4-2000-487
04/07/23 23:19:03
04/07/23 23:19:03
/home/pi/reginaldojunior/experimentos/socket/pareto//GMSC-StreamingRandomPatchesExecutorMAXChunk-25-4-2000-877
04/07/23 23:21:09
04/07/23 23:21:09
/home/pi/reginaldojunior/experimentos/socket/pareto//GMSC-OzaBagAdwinExecutorMAXChunk-25-4-2000-454
04/07/23 23:23:16
04/07/23 23:23:16
/home/pi/reginaldojunior/experimentos/socket/pareto//GMSC-OzaBagAdwinExecutorMAXChunk-25-4-2000-2270
04/07/23 23:24:29
04/07/23 23:24:29
/home/pi/reginaldojunior/experimentos/socket/pareto//GMSC-OzaBagAdwinExecutorMAXChunk-25-4-2000-4086
04/07/23 23:25:14
04/07/23 23:25:14
/home/pi/reginaldojunior/experimentos/socket/pareto//GMSC-OzaBagASHTExecutorMAXChunk-25-4-2000-890
04/07/23 23:27:20
04/07/23 23:27:20
/home/pi/reginaldojunior/experimentos/socket/pareto//GMSC-OzaBagASHTExecutorMAXChunk-25-4-2000-4453
04/07/23 23:28:01
04/07/23 23:28:01
/home/pi/reginaldojunior/experimentos/socket/pareto//GMSC-OzaBagASHTExecutorMAXChunk-25-4-2000-8015
04/07/23 23:28:27
04/07/23 23:28:27
/home/pi/reginaldojunior/experimentos/socket/pareto//GMSC-OzaBagExecutorMAXChunk-25-4-2000-841
04/07/23 23:30:34
04/07/23 23:30:34
/home/pi/reginaldojunior/experimentos/socket/pareto//GMSC-OzaBagExecutorMAXChunk-25-4-2000-4205
04/07/23 23:31:17
04/07/23 23:31:17
/home/pi/reginaldojunior/experimentos/socket/pareto//GMSC-OzaBagExecutorMAXChunk-25-4-2000-7569
04/07/23 23:31:43
04/07/23 23:31:43
