31/10/23 20:37:46
/home/pi/reginaldojunior/experimentos/dynamic-batch/4//covtypeNorm-AdaptiveRandomForestExecutorMAXChunk
31/10/23 20:39:58
31/10/23 20:39:58
/home/pi/reginaldojunior/experimentos/dynamic-batch/4//covtypeNorm-LBagExecutorMAXChunk
31/10/23 20:42:12
31/10/23 20:42:12
/home/pi/reginaldojunior/experimentos/dynamic-batch/4//covtypeNorm-StreamingRandomPatchesExecutorMAXChunk
31/10/23 20:44:24
31/10/23 20:44:24
/home/pi/reginaldojunior/experimentos/dynamic-batch/4//covtypeNorm-OzaBagAdwinExecutorMAXChunk
31/10/23 20:46:38
31/10/23 20:46:38
/home/pi/reginaldojunior/experimentos/dynamic-batch/4//covtypeNorm-OzaBagASHTExecutorMAXChunk
31/10/23 20:48:52
31/10/23 20:48:52
/home/pi/reginaldojunior/experimentos/dynamic-batch/4//covtypeNorm-OzaBagExecutorMAXChunk
31/10/23 20:51:06
31/10/23 20:51:06
/home/pi/reginaldojunior/experimentos/dynamic-batch/4//airlines-AdaptiveRandomForestExecutorMAXChunk
31/10/23 20:53:20
31/10/23 20:53:20
/home/pi/reginaldojunior/experimentos/dynamic-batch/4//airlines-LBagExecutorMAXChunk
31/10/23 21:13:13
31/10/23 21:13:13
/home/pi/reginaldojunior/experimentos/dynamic-batch/4//airlines-StreamingRandomPatchesExecutorMAXChunk
31/10/23 21:15:30
31/10/23 21:15:30
/home/pi/reginaldojunior/experimentos/dynamic-batch/4//airlines-OzaBagAdwinExecutorMAXChunk
31/10/23 21:17:44
31/10/23 21:17:44
/home/pi/reginaldojunior/experimentos/dynamic-batch/4//airlines-OzaBagASHTExecutorMAXChunk
31/10/23 21:19:58
31/10/23 21:19:58
/home/pi/reginaldojunior/experimentos/dynamic-batch/4//airlines-OzaBagExecutorMAXChunk
31/10/23 21:22:12
31/10/23 21:22:12
/home/pi/reginaldojunior/experimentos/dynamic-batch/4//elecNormNew-AdaptiveRandomForestExecutorMAXChunk
31/10/23 21:24:25
31/10/23 21:24:25
/home/pi/reginaldojunior/experimentos/dynamic-batch/4//elecNormNew-LBagExecutorMAXChunk
31/10/23 21:26:39
31/10/23 21:26:39
/home/pi/reginaldojunior/experimentos/dynamic-batch/4//elecNormNew-StreamingRandomPatchesExecutorMAXChunk
31/10/23 21:28:51
31/10/23 21:28:51
/home/pi/reginaldojunior/experimentos/dynamic-batch/4//elecNormNew-OzaBagAdwinExecutorMAXChunk
31/10/23 21:31:05
31/10/23 21:31:05
/home/pi/reginaldojunior/experimentos/dynamic-batch/4//elecNormNew-OzaBagASHTExecutorMAXChunk
31/10/23 21:33:18
31/10/23 21:33:18
/home/pi/reginaldojunior/experimentos/dynamic-batch/4//elecNormNew-OzaBagExecutorMAXChunk
31/10/23 21:35:32
31/10/23 21:35:32
/home/pi/reginaldojunior/experimentos/dynamic-batch/4//GMSC-AdaptiveRandomForestExecutorMAXChunk
31/10/23 21:37:45
31/10/23 21:37:45
/home/pi/reginaldojunior/experimentos/dynamic-batch/4//GMSC-LBagExecutorMAXChunk
31/10/23 21:39:58
31/10/23 21:39:58
/home/pi/reginaldojunior/experimentos/dynamic-batch/4//GMSC-StreamingRandomPatchesExecutorMAXChunk
31/10/23 21:42:10
31/10/23 21:42:10
/home/pi/reginaldojunior/experimentos/dynamic-batch/4//GMSC-OzaBagAdwinExecutorMAXChunk
31/10/23 21:44:24
31/10/23 21:44:24
/home/pi/reginaldojunior/experimentos/dynamic-batch/4//GMSC-OzaBagASHTExecutorMAXChunk
31/10/23 21:46:38
31/10/23 21:46:38
/home/pi/reginaldojunior/experimentos/dynamic-batch/4//GMSC-OzaBagExecutorMAXChunk
31/10/23 21:48:52
31/10/23 21:48:52
