12/11/23 21:41:54
/home/pi/reginaldojunior/experimentos/socket/loop-fusion-dynamic/all-batches-2//covtypeNorm-AdaptiveRandomForestExecutorMAXChunk-25-4-25-844
12/11/23 21:52:00
12/11/23 21:52:00
/home/pi/reginaldojunior/experimentos/socket/loop-fusion-dynamic/all-batches-2//covtypeNorm-LBagExecutorMAXChunk-25-4-25-575
12/11/23 22:02:07
12/11/23 22:02:07
/home/pi/reginaldojunior/experimentos/socket/loop-fusion-dynamic/all-batches-2//covtypeNorm-StreamingRandomPatchesExecutorMAXChunk-25-4-25-253
12/11/23 22:12:12
12/11/23 22:12:12
/home/pi/reginaldojunior/experimentos/socket/loop-fusion-dynamic/all-batches-2//covtypeNorm-OzaBagAdwinExecutorMAXChunk-25-4-25-794
12/11/23 22:22:19
12/11/23 22:22:19
/home/pi/reginaldojunior/experimentos/socket/loop-fusion-dynamic/all-batches-2//covtypeNorm-OzaBagASHTExecutorMAXChunk-25-4-25-2709
12/11/23 22:32:25
12/11/23 22:32:26
/home/pi/reginaldojunior/experimentos/socket/loop-fusion-dynamic/all-batches-2//covtypeNorm-OzaBagExecutorMAXChunk-25-4-25-2679
12/11/23 22:42:32
12/11/23 22:42:32
/home/pi/reginaldojunior/experimentos/socket/loop-fusion-dynamic/all-batches-2//airlines-AdaptiveRandomForestExecutorMAXChunk-25-4-25-213
12/11/23 22:52:37
12/11/23 22:52:37
/home/pi/reginaldojunior/experimentos/socket/loop-fusion-dynamic/all-batches-2//airlines-LBagExecutorMAXChunk-25-4-25-210
12/11/23 23:02:44
12/11/23 23:02:44
/home/pi/reginaldojunior/experimentos/socket/loop-fusion-dynamic/all-batches-2//airlines-StreamingRandomPatchesExecutorMAXChunk-25-4-25-236
12/11/23 23:12:49
12/11/23 23:12:49
/home/pi/reginaldojunior/experimentos/socket/loop-fusion-dynamic/all-batches-2//airlines-OzaBagAdwinExecutorMAXChunk-25-4-25-717
12/11/23 23:22:56
12/11/23 23:22:56
/home/pi/reginaldojunior/experimentos/socket/loop-fusion-dynamic/all-batches-2//airlines-OzaBagASHTExecutorMAXChunk-25-4-25-2735
12/11/23 23:33:02
12/11/23 23:33:02
/home/pi/reginaldojunior/experimentos/socket/loop-fusion-dynamic/all-batches-2//airlines-OzaBagExecutorMAXChunk-25-4-25-4800
12/11/23 23:43:10
12/11/23 23:43:10
/home/pi/reginaldojunior/experimentos/socket/loop-fusion-dynamic/all-batches-2//elecNormNew-AdaptiveRandomForestExecutorMAXChunk-25-4-25-882
12/11/23 23:53:15
12/11/23 23:53:15
/home/pi/reginaldojunior/experimentos/socket/loop-fusion-dynamic/all-batches-2//elecNormNew-LBagExecutorMAXChunk-25-4-25-1258
13/11/23 00:03:22
13/11/23 00:03:22
/home/pi/reginaldojunior/experimentos/socket/loop-fusion-dynamic/all-batches-2//elecNormNew-StreamingRandomPatchesExecutorMAXChunk-25-4-25-496
13/11/23 00:13:27
13/11/23 00:13:27
/home/pi/reginaldojunior/experimentos/socket/loop-fusion-dynamic/all-batches-2//elecNormNew-OzaBagAdwinExecutorMAXChunk-25-4-25-2142
13/11/23 00:20:53
13/11/23 00:20:53
/home/pi/reginaldojunior/experimentos/socket/loop-fusion-dynamic/all-batches-2//elecNormNew-OzaBagASHTExecutorMAXChunk-25-4-25-3926
13/11/23 00:25:47
13/11/23 00:25:47
/home/pi/reginaldojunior/experimentos/socket/loop-fusion-dynamic/all-batches-2//elecNormNew-OzaBagExecutorMAXChunk-25-4-25-3944
13/11/23 00:29:20
13/11/23 00:29:20
/home/pi/reginaldojunior/experimentos/socket/loop-fusion-dynamic/all-batches-2//GMSC-AdaptiveRandomForestExecutorMAXChunk-25-4-25-1574
13/11/23 00:39:25
13/11/23 00:39:25
/home/pi/reginaldojunior/experimentos/socket/loop-fusion-dynamic/all-batches-2//GMSC-LBagExecutorMAXChunk-25-4-25-1861
13/11/23 00:49:32
13/11/23 00:49:32
/home/pi/reginaldojunior/experimentos/socket/loop-fusion-dynamic/all-batches-2//GMSC-StreamingRandomPatchesExecutorMAXChunk-25-4-25-898
13/11/23 00:59:38
13/11/23 00:59:38
/home/pi/reginaldojunior/experimentos/socket/loop-fusion-dynamic/all-batches-2//GMSC-OzaBagAdwinExecutorMAXChunk-25-4-25-3066
13/11/23 01:09:44
13/11/23 01:09:44
/home/pi/reginaldojunior/experimentos/socket/loop-fusion-dynamic/all-batches-2//GMSC-OzaBagASHTExecutorMAXChunk-25-4-25-6863
13/11/23 01:17:21
13/11/23 01:17:21
/home/pi/reginaldojunior/experimentos/socket/loop-fusion-dynamic/all-batches-2//GMSC-OzaBagExecutorMAXChunk-25-4-25-6653
13/11/23 01:22:53
13/11/23 01:22:53
/home/pi/reginaldojunior/experimentos/socket/loop-fusion-dynamic/all-batches-2//covtypeNorm-AdaptiveRandomForestExecutorMAXChunk-25-4-50-1012
13/11/23 01:32:58
13/11/23 01:32:58
/home/pi/reginaldojunior/experimentos/socket/loop-fusion-dynamic/all-batches-2//covtypeNorm-LBagExecutorMAXChunk-25-4-50-667
13/11/23 01:43:05
13/11/23 01:43:05
/home/pi/reginaldojunior/experimentos/socket/loop-fusion-dynamic/all-batches-2//covtypeNorm-StreamingRandomPatchesExecutorMAXChunk-25-4-50-255
13/11/23 01:53:11
13/11/23 01:53:11
/home/pi/reginaldojunior/experimentos/socket/loop-fusion-dynamic/all-batches-2//covtypeNorm-OzaBagAdwinExecutorMAXChunk-25-4-50-996
13/11/23 02:03:17
13/11/23 02:03:17
/home/pi/reginaldojunior/experimentos/socket/loop-fusion-dynamic/all-batches-2//covtypeNorm-OzaBagASHTExecutorMAXChunk-25-4-50-2708
13/11/23 02:13:24
13/11/23 02:13:24
/home/pi/reginaldojunior/experimentos/socket/loop-fusion-dynamic/all-batches-2//covtypeNorm-OzaBagExecutorMAXChunk-25-4-50-2675
13/11/23 02:23:30
13/11/23 02:23:30
/home/pi/reginaldojunior/experimentos/socket/loop-fusion-dynamic/all-batches-2//airlines-AdaptiveRandomForestExecutorMAXChunk-25-4-50-220
13/11/23 02:33:36
13/11/23 02:33:36
/home/pi/reginaldojunior/experimentos/socket/loop-fusion-dynamic/all-batches-2//airlines-LBagExecutorMAXChunk-25-4-50-214
13/11/23 02:43:42
13/11/23 02:43:42
/home/pi/reginaldojunior/experimentos/socket/loop-fusion-dynamic/all-batches-2//airlines-StreamingRandomPatchesExecutorMAXChunk-25-4-50-239
13/11/23 02:53:47
13/11/23 02:53:47
/home/pi/reginaldojunior/experimentos/socket/loop-fusion-dynamic/all-batches-2//airlines-OzaBagAdwinExecutorMAXChunk-25-4-50-683
13/11/23 03:03:54
13/11/23 03:03:54
/home/pi/reginaldojunior/experimentos/socket/loop-fusion-dynamic/all-batches-2//airlines-OzaBagASHTExecutorMAXChunk-25-4-50-3799
13/11/23 03:14:01
13/11/23 03:14:01
/home/pi/reginaldojunior/experimentos/socket/loop-fusion-dynamic/all-batches-2//airlines-OzaBagExecutorMAXChunk-25-4-50-5027
13/11/23 03:24:08
13/11/23 03:24:08
/home/pi/reginaldojunior/experimentos/socket/loop-fusion-dynamic/all-batches-2//elecNormNew-AdaptiveRandomForestExecutorMAXChunk-25-4-50-918
13/11/23 03:34:14
13/11/23 03:34:14
/home/pi/reginaldojunior/experimentos/socket/loop-fusion-dynamic/all-batches-2//elecNormNew-LBagExecutorMAXChunk-25-4-50-1316
13/11/23 03:44:21
13/11/23 03:44:21
/home/pi/reginaldojunior/experimentos/socket/loop-fusion-dynamic/all-batches-2//elecNormNew-StreamingRandomPatchesExecutorMAXChunk-25-4-50-489
13/11/23 03:54:26
13/11/23 03:54:26
/home/pi/reginaldojunior/experimentos/socket/loop-fusion-dynamic/all-batches-2//elecNormNew-OzaBagAdwinExecutorMAXChunk-25-4-50-2523
13/11/23 03:58:24
13/11/23 03:58:24
/home/pi/reginaldojunior/experimentos/socket/loop-fusion-dynamic/all-batches-2//elecNormNew-OzaBagASHTExecutorMAXChunk-25-4-50-4141
13/11/23 04:02:18
13/11/23 04:02:18
/home/pi/reginaldojunior/experimentos/socket/loop-fusion-dynamic/all-batches-2//elecNormNew-OzaBagExecutorMAXChunk-25-4-50-4162
13/11/23 04:04:29
13/11/23 04:04:29
/home/pi/reginaldojunior/experimentos/socket/loop-fusion-dynamic/all-batches-2//GMSC-AdaptiveRandomForestExecutorMAXChunk-25-4-50-1699
13/11/23 04:14:34
13/11/23 04:14:34
/home/pi/reginaldojunior/experimentos/socket/loop-fusion-dynamic/all-batches-2//GMSC-LBagExecutorMAXChunk-25-4-50-2037
13/11/23 04:24:41
13/11/23 04:24:41
/home/pi/reginaldojunior/experimentos/socket/loop-fusion-dynamic/all-batches-2//GMSC-StreamingRandomPatchesExecutorMAXChunk-25-4-50-958
13/11/23 04:34:47
13/11/23 04:34:47
/home/pi/reginaldojunior/experimentos/socket/loop-fusion-dynamic/all-batches-2//GMSC-OzaBagAdwinExecutorMAXChunk-25-4-50-4027
13/11/23 04:44:53
13/11/23 04:44:53
/home/pi/reginaldojunior/experimentos/socket/loop-fusion-dynamic/all-batches-2//GMSC-OzaBagASHTExecutorMAXChunk-25-4-50-7285
13/11/23 04:52:33
13/11/23 04:52:33
/home/pi/reginaldojunior/experimentos/socket/loop-fusion-dynamic/all-batches-2//GMSC-OzaBagExecutorMAXChunk-25-4-50-6990
13/11/23 04:58:58
13/11/23 04:58:58
/home/pi/reginaldojunior/experimentos/socket/loop-fusion-dynamic/all-batches-2//covtypeNorm-AdaptiveRandomForestExecutorMAXChunk-25-4-500-963
13/11/23 05:09:04
13/11/23 05:09:04
/home/pi/reginaldojunior/experimentos/socket/loop-fusion-dynamic/all-batches-2//covtypeNorm-LBagExecutorMAXChunk-25-4-500-782
13/11/23 05:19:11
13/11/23 05:19:11
/home/pi/reginaldojunior/experimentos/socket/loop-fusion-dynamic/all-batches-2//covtypeNorm-StreamingRandomPatchesExecutorMAXChunk-25-4-500-276
13/11/23 05:29:16
13/11/23 05:29:16
/home/pi/reginaldojunior/experimentos/socket/loop-fusion-dynamic/all-batches-2//covtypeNorm-OzaBagAdwinExecutorMAXChunk-25-4-500-1154
13/11/23 05:39:23
13/11/23 05:39:23
/home/pi/reginaldojunior/experimentos/socket/loop-fusion-dynamic/all-batches-2//covtypeNorm-OzaBagASHTExecutorMAXChunk-25-4-500-3368
13/11/23 05:49:29
13/11/23 05:49:29
/home/pi/reginaldojunior/experimentos/socket/loop-fusion-dynamic/all-batches-2//covtypeNorm-OzaBagExecutorMAXChunk-25-4-500-3708
13/11/23 05:59:36
13/11/23 05:59:36
/home/pi/reginaldojunior/experimentos/socket/loop-fusion-dynamic/all-batches-2//airlines-AdaptiveRandomForestExecutorMAXChunk-25-4-500-276
13/11/23 06:09:44
13/11/23 06:09:44
/home/pi/reginaldojunior/experimentos/socket/loop-fusion-dynamic/all-batches-2//airlines-LBagExecutorMAXChunk-25-4-500-245
13/11/23 06:19:51
13/11/23 06:19:51
/home/pi/reginaldojunior/experimentos/socket/loop-fusion-dynamic/all-batches-2//airlines-StreamingRandomPatchesExecutorMAXChunk-25-4-500-266
13/11/23 06:29:57
13/11/23 06:29:57
/home/pi/reginaldojunior/experimentos/socket/loop-fusion-dynamic/all-batches-2//airlines-OzaBagAdwinExecutorMAXChunk-25-4-500-753
13/11/23 06:40:04
13/11/23 06:40:04
/home/pi/reginaldojunior/experimentos/socket/loop-fusion-dynamic/all-batches-2//airlines-OzaBagASHTExecutorMAXChunk-25-4-500-4856
13/11/23 06:50:11
13/11/23 06:50:11
/home/pi/reginaldojunior/experimentos/socket/loop-fusion-dynamic/all-batches-2//airlines-OzaBagExecutorMAXChunk-25-4-500-6170
13/11/23 07:00:17
13/11/23 07:00:17
/home/pi/reginaldojunior/experimentos/socket/loop-fusion-dynamic/all-batches-2//elecNormNew-AdaptiveRandomForestExecutorMAXChunk-25-4-500-930
13/11/23 07:10:23
13/11/23 07:10:23
/home/pi/reginaldojunior/experimentos/socket/loop-fusion-dynamic/all-batches-2//elecNormNew-LBagExecutorMAXChunk-25-4-500-1471
13/11/23 07:20:30
13/11/23 07:20:30
/home/pi/reginaldojunior/experimentos/socket/loop-fusion-dynamic/all-batches-2//elecNormNew-StreamingRandomPatchesExecutorMAXChunk-25-4-500-494
13/11/23 07:30:35
13/11/23 07:30:35
/home/pi/reginaldojunior/experimentos/socket/loop-fusion-dynamic/all-batches-2//elecNormNew-OzaBagAdwinExecutorMAXChunk-25-4-500-2794
13/11/23 07:34:24
13/11/23 07:34:24
/home/pi/reginaldojunior/experimentos/socket/loop-fusion-dynamic/all-batches-2//elecNormNew-OzaBagASHTExecutorMAXChunk-25-4-500-4712
13/11/23 07:38:06
13/11/23 07:38:06
/home/pi/reginaldojunior/experimentos/socket/loop-fusion-dynamic/all-batches-2//elecNormNew-OzaBagExecutorMAXChunk-25-4-500-4455
13/11/23 07:41:44
13/11/23 07:41:44
/home/pi/reginaldojunior/experimentos/socket/loop-fusion-dynamic/all-batches-2//GMSC-AdaptiveRandomForestExecutorMAXChunk-25-4-500-1820
13/11/23 07:51:50
13/11/23 07:51:50
/home/pi/reginaldojunior/experimentos/socket/loop-fusion-dynamic/all-batches-2//GMSC-LBagExecutorMAXChunk-25-4-500-2271
13/11/23 08:01:56
13/11/23 08:01:56
/home/pi/reginaldojunior/experimentos/socket/loop-fusion-dynamic/all-batches-2//GMSC-StreamingRandomPatchesExecutorMAXChunk-25-4-500-1019
13/11/23 08:12:01
13/11/23 08:12:01
/home/pi/reginaldojunior/experimentos/socket/loop-fusion-dynamic/all-batches-2//GMSC-OzaBagAdwinExecutorMAXChunk-25-4-500-4733
13/11/23 08:22:08
13/11/23 08:22:08
/home/pi/reginaldojunior/experimentos/socket/loop-fusion-dynamic/all-batches-2//GMSC-OzaBagASHTExecutorMAXChunk-25-4-500-8617
13/11/23 08:26:32
13/11/23 08:26:32
/home/pi/reginaldojunior/experimentos/socket/loop-fusion-dynamic/all-batches-2//GMSC-OzaBagExecutorMAXChunk-25-4-500-8499
13/11/23 08:32:45
13/11/23 08:32:45
/home/pi/reginaldojunior/experimentos/socket/loop-fusion-dynamic/all-batches-2//covtypeNorm-AdaptiveRandomForestExecutorMAXChunk-25-4-2000-1080
13/11/23 08:42:50
13/11/23 08:42:50
/home/pi/reginaldojunior/experimentos/socket/loop-fusion-dynamic/all-batches-2//covtypeNorm-LBagExecutorMAXChunk-25-4-2000-702
13/11/23 08:52:57
13/11/23 08:52:57
/home/pi/reginaldojunior/experimentos/socket/loop-fusion-dynamic/all-batches-2//covtypeNorm-StreamingRandomPatchesExecutorMAXChunk-25-4-2000-291
13/11/23 09:03:03
13/11/23 09:03:03
/home/pi/reginaldojunior/experimentos/socket/loop-fusion-dynamic/all-batches-2//covtypeNorm-OzaBagAdwinExecutorMAXChunk-25-4-2000-1149
13/11/23 09:13:09
13/11/23 09:13:09
/home/pi/reginaldojunior/experimentos/socket/loop-fusion-dynamic/all-batches-2//covtypeNorm-OzaBagASHTExecutorMAXChunk-25-4-2000-3314
13/11/23 09:23:17
13/11/23 09:23:17
/home/pi/reginaldojunior/experimentos/socket/loop-fusion-dynamic/all-batches-2//covtypeNorm-OzaBagExecutorMAXChunk-25-4-2000-3557
13/11/23 09:33:23
13/11/23 09:33:23
/home/pi/reginaldojunior/experimentos/socket/loop-fusion-dynamic/all-batches-2//airlines-AdaptiveRandomForestExecutorMAXChunk-25-4-2000-292
13/11/23 09:43:29
13/11/23 09:43:29
/home/pi/reginaldojunior/experimentos/socket/loop-fusion-dynamic/all-batches-2//airlines-LBagExecutorMAXChunk-25-4-2000-440
13/11/23 09:54:14
13/11/23 09:54:14
/home/pi/reginaldojunior/experimentos/socket/loop-fusion-dynamic/all-batches-2//airlines-StreamingRandomPatchesExecutorMAXChunk-25-4-2000-277
13/11/23 10:04:20
13/11/23 10:04:20
/home/pi/reginaldojunior/experimentos/socket/loop-fusion-dynamic/all-batches-2//airlines-OzaBagAdwinExecutorMAXChunk-25-4-2000-970
13/11/23 10:14:27
13/11/23 10:14:27
/home/pi/reginaldojunior/experimentos/socket/loop-fusion-dynamic/all-batches-2//airlines-OzaBagASHTExecutorMAXChunk-25-4-2000-4989
13/11/23 10:24:34
13/11/23 10:24:34
/home/pi/reginaldojunior/experimentos/socket/loop-fusion-dynamic/all-batches-2//airlines-OzaBagExecutorMAXChunk-25-4-2000-6220
13/11/23 10:34:41
13/11/23 10:34:41
/home/pi/reginaldojunior/experimentos/socket/loop-fusion-dynamic/all-batches-2//elecNormNew-AdaptiveRandomForestExecutorMAXChunk-25-4-2000-875
13/11/23 10:44:47
13/11/23 10:44:47
/home/pi/reginaldojunior/experimentos/socket/loop-fusion-dynamic/all-batches-2//elecNormNew-LBagExecutorMAXChunk-25-4-2000-1402
13/11/23 10:54:29
13/11/23 10:54:29
/home/pi/reginaldojunior/experimentos/socket/loop-fusion-dynamic/all-batches-2//elecNormNew-StreamingRandomPatchesExecutorMAXChunk-25-4-2000-519
13/11/23 11:04:35
13/11/23 11:04:35
/home/pi/reginaldojunior/experimentos/socket/loop-fusion-dynamic/all-batches-2//elecNormNew-OzaBagAdwinExecutorMAXChunk-25-4-2000-2528
13/11/23 11:11:16
13/11/23 11:11:16
/home/pi/reginaldojunior/experimentos/socket/loop-fusion-dynamic/all-batches-2//elecNormNew-OzaBagASHTExecutorMAXChunk-25-4-2000-4202
13/11/23 11:14:58
13/11/23 11:14:58
/home/pi/reginaldojunior/experimentos/socket/loop-fusion-dynamic/all-batches-2//elecNormNew-OzaBagExecutorMAXChunk-25-4-2000-4042
13/11/23 11:19:22
13/11/23 11:19:22
/home/pi/reginaldojunior/experimentos/socket/loop-fusion-dynamic/all-batches-2//GMSC-AdaptiveRandomForestExecutorMAXChunk-25-4-2000-1801
13/11/23 11:29:28
13/11/23 11:29:28
/home/pi/reginaldojunior/experimentos/socket/loop-fusion-dynamic/all-batches-2//GMSC-LBagExecutorMAXChunk-25-4-2000-2224
13/11/23 11:39:34
13/11/23 11:39:34
/home/pi/reginaldojunior/experimentos/socket/loop-fusion-dynamic/all-batches-2//GMSC-StreamingRandomPatchesExecutorMAXChunk-25-4-2000-974
13/11/23 11:49:40
13/11/23 11:49:40
/home/pi/reginaldojunior/experimentos/socket/loop-fusion-dynamic/all-batches-2//GMSC-OzaBagAdwinExecutorMAXChunk-25-4-2000-4540
13/11/23 11:59:47
13/11/23 11:59:47
/home/pi/reginaldojunior/experimentos/socket/loop-fusion-dynamic/all-batches-2//GMSC-OzaBagASHTExecutorMAXChunk-25-4-2000-8906
13/11/23 12:03:48
13/11/23 12:03:48
/home/pi/reginaldojunior/experimentos/socket/loop-fusion-dynamic/all-batches-2//GMSC-OzaBagExecutorMAXChunk-25-4-2000-8410
13/11/23 12:11:04
