06/11/23 21:40:09
/home/pi/reginaldojunior/experimentos/dynamic-batch/6//covtypeNorm-AdaptiveRandomForestExecutorMAXChunk
06/11/23 21:42:22
06/11/23 21:42:22
/home/pi/reginaldojunior/experimentos/dynamic-batch/6//covtypeNorm-LBagExecutorMAXChunk
06/11/23 21:44:36
06/11/23 21:44:36
/home/pi/reginaldojunior/experimentos/dynamic-batch/6//covtypeNorm-StreamingRandomPatchesExecutorMAXChunk
06/11/23 21:46:51
06/11/23 21:46:51
/home/pi/reginaldojunior/experimentos/dynamic-batch/6//covtypeNorm-OzaBagAdwinExecutorMAXChunk
06/11/23 21:49:05
06/11/23 21:49:05
/home/pi/reginaldojunior/experimentos/dynamic-batch/6//covtypeNorm-OzaBagASHTExecutorMAXChunk
06/11/23 21:51:18
06/11/23 21:51:18
/home/pi/reginaldojunior/experimentos/dynamic-batch/6//covtypeNorm-OzaBagExecutorMAXChunk
06/11/23 21:53:31
06/11/23 21:53:31
/home/pi/reginaldojunior/experimentos/dynamic-batch/6//airlines-AdaptiveRandomForestExecutorMAXChunk
06/11/23 21:55:43
06/11/23 21:55:43
/home/pi/reginaldojunior/experimentos/dynamic-batch/6//airlines-LBagExecutorMAXChunk
06/11/23 21:57:57
06/11/23 21:57:57
/home/pi/reginaldojunior/experimentos/dynamic-batch/6//airlines-StreamingRandomPatchesExecutorMAXChunk
06/11/23 22:00:10
06/11/23 22:00:10
/home/pi/reginaldojunior/experimentos/dynamic-batch/6//airlines-OzaBagAdwinExecutorMAXChunk
06/11/23 22:02:23
06/11/23 22:02:23
/home/pi/reginaldojunior/experimentos/dynamic-batch/6//airlines-OzaBagASHTExecutorMAXChunk
06/11/23 22:04:37
06/11/23 22:04:37
/home/pi/reginaldojunior/experimentos/dynamic-batch/6//airlines-OzaBagExecutorMAXChunk
06/11/23 22:06:51
06/11/23 22:06:51
/home/pi/reginaldojunior/experimentos/dynamic-batch/6//elecNormNew-AdaptiveRandomForestExecutorMAXChunk
06/11/23 22:09:03
06/11/23 22:09:03
/home/pi/reginaldojunior/experimentos/dynamic-batch/6//elecNormNew-LBagExecutorMAXChunk
06/11/23 22:11:17
06/11/23 22:11:17
/home/pi/reginaldojunior/experimentos/dynamic-batch/6//elecNormNew-StreamingRandomPatchesExecutorMAXChunk
06/11/23 22:13:29
06/11/23 22:13:29
/home/pi/reginaldojunior/experimentos/dynamic-batch/6//elecNormNew-OzaBagAdwinExecutorMAXChunk
06/11/23 22:15:43
06/11/23 22:15:43
/home/pi/reginaldojunior/experimentos/dynamic-batch/6//elecNormNew-OzaBagASHTExecutorMAXChunk
06/11/23 22:17:57
06/11/23 22:17:57
/home/pi/reginaldojunior/experimentos/dynamic-batch/6//elecNormNew-OzaBagExecutorMAXChunk
06/11/23 22:20:10
06/11/23 22:20:10
/home/pi/reginaldojunior/experimentos/dynamic-batch/6//GMSC-AdaptiveRandomForestExecutorMAXChunk
06/11/23 22:22:23
06/11/23 22:22:23
/home/pi/reginaldojunior/experimentos/dynamic-batch/6//GMSC-LBagExecutorMAXChunk
06/11/23 22:24:37
06/11/23 22:24:37
/home/pi/reginaldojunior/experimentos/dynamic-batch/6//GMSC-StreamingRandomPatchesExecutorMAXChunk
06/11/23 22:26:49
06/11/23 22:26:50
/home/pi/reginaldojunior/experimentos/dynamic-batch/6//GMSC-OzaBagAdwinExecutorMAXChunk
06/11/23 22:29:03
06/11/23 22:29:03
/home/pi/reginaldojunior/experimentos/dynamic-batch/6//GMSC-OzaBagASHTExecutorMAXChunk
06/11/23 22:31:17
06/11/23 22:31:17
/home/pi/reginaldojunior/experimentos/dynamic-batch/6//GMSC-OzaBagExecutorMAXChunk
06/11/23 22:33:31
06/11/23 22:33:31
