09/12/23 14:17:52
/home/pi/reginaldojunior/experimentos/socket/loop-fusion-dynamic/all-batches-10//covtypeNorm-AdaptiveRandomForestExecutorMAXChunk-25-4-25-844
09/12/23 14:27:57
09/12/23 14:27:57
/home/pi/reginaldojunior/experimentos/socket/loop-fusion-dynamic/all-batches-10//covtypeNorm-LBagExecutorMAXChunk-25-4-25-575
09/12/23 14:38:04
09/12/23 14:38:04
/home/pi/reginaldojunior/experimentos/socket/loop-fusion-dynamic/all-batches-10//covtypeNorm-StreamingRandomPatchesExecutorMAXChunk-25-4-25-253
09/12/23 14:48:09
09/12/23 14:48:09
/home/pi/reginaldojunior/experimentos/socket/loop-fusion-dynamic/all-batches-10//covtypeNorm-OzaBagAdwinExecutorMAXChunk-25-4-25-794
09/12/23 14:58:16
09/12/23 14:58:16
/home/pi/reginaldojunior/experimentos/socket/loop-fusion-dynamic/all-batches-10//covtypeNorm-OzaBagASHTExecutorMAXChunk-25-4-25-2709
09/12/23 15:08:22
09/12/23 15:08:22
/home/pi/reginaldojunior/experimentos/socket/loop-fusion-dynamic/all-batches-10//covtypeNorm-OzaBagExecutorMAXChunk-25-4-25-2679
09/12/23 15:18:29
09/12/23 15:18:29
/home/pi/reginaldojunior/experimentos/socket/loop-fusion-dynamic/all-batches-10//airlines-AdaptiveRandomForestExecutorMAXChunk-25-4-25-213
09/12/23 15:28:34
09/12/23 15:28:34
/home/pi/reginaldojunior/experimentos/socket/loop-fusion-dynamic/all-batches-10//airlines-LBagExecutorMAXChunk-25-4-25-210
09/12/23 15:38:41
09/12/23 15:38:41
/home/pi/reginaldojunior/experimentos/socket/loop-fusion-dynamic/all-batches-10//airlines-StreamingRandomPatchesExecutorMAXChunk-25-4-25-236
09/12/23 15:48:47
09/12/23 15:48:47
/home/pi/reginaldojunior/experimentos/socket/loop-fusion-dynamic/all-batches-10//airlines-OzaBagAdwinExecutorMAXChunk-25-4-25-717
09/12/23 15:58:53
09/12/23 15:58:53
/home/pi/reginaldojunior/experimentos/socket/loop-fusion-dynamic/all-batches-10//airlines-OzaBagASHTExecutorMAXChunk-25-4-25-2735
09/12/23 23:38:16
/home/pi/reginaldojunior/experimentos/socket/loop-fusion-dynamic/all-batches-10//covtypeNorm-AdaptiveRandomForestExecutorMAXChunk-25-4-25-844
09/12/23 23:48:22
09/12/23 23:48:22
/home/pi/reginaldojunior/experimentos/socket/loop-fusion-dynamic/all-batches-10//covtypeNorm-LBagExecutorMAXChunk-25-4-25-575
09/12/23 23:58:28
09/12/23 23:58:28
/home/pi/reginaldojunior/experimentos/socket/loop-fusion-dynamic/all-batches-10//covtypeNorm-StreamingRandomPatchesExecutorMAXChunk-25-4-25-253
10/12/23 00:08:34
10/12/23 00:08:34
/home/pi/reginaldojunior/experimentos/socket/loop-fusion-dynamic/all-batches-10//covtypeNorm-OzaBagAdwinExecutorMAXChunk-25-4-25-794
10/12/23 00:18:40
10/12/23 00:18:40
/home/pi/reginaldojunior/experimentos/socket/loop-fusion-dynamic/all-batches-10//covtypeNorm-OzaBagASHTExecutorMAXChunk-25-4-25-2709
10/12/23 00:28:47
10/12/23 00:28:47
/home/pi/reginaldojunior/experimentos/socket/loop-fusion-dynamic/all-batches-10//covtypeNorm-OzaBagExecutorMAXChunk-25-4-25-2679
10/12/23 00:38:54
10/12/23 00:38:54
/home/pi/reginaldojunior/experimentos/socket/loop-fusion-dynamic/all-batches-10//airlines-AdaptiveRandomForestExecutorMAXChunk-25-4-25-213
10/12/23 00:48:59
10/12/23 00:48:59
/home/pi/reginaldojunior/experimentos/socket/loop-fusion-dynamic/all-batches-10//airlines-LBagExecutorMAXChunk-25-4-25-210
10/12/23 00:59:06
10/12/23 00:59:06
/home/pi/reginaldojunior/experimentos/socket/loop-fusion-dynamic/all-batches-10//airlines-StreamingRandomPatchesExecutorMAXChunk-25-4-25-236
10/12/23 01:09:11
10/12/23 01:09:11
/home/pi/reginaldojunior/experimentos/socket/loop-fusion-dynamic/all-batches-10//airlines-OzaBagAdwinExecutorMAXChunk-25-4-25-717
10/12/23 01:19:18
10/12/23 01:19:18
/home/pi/reginaldojunior/experimentos/socket/loop-fusion-dynamic/all-batches-10//airlines-OzaBagASHTExecutorMAXChunk-25-4-25-2735
10/12/23 01:29:25
10/12/23 01:29:25
/home/pi/reginaldojunior/experimentos/socket/loop-fusion-dynamic/all-batches-10//airlines-OzaBagExecutorMAXChunk-25-4-25-4800
10/12/23 01:39:31
10/12/23 01:39:31
/home/pi/reginaldojunior/experimentos/socket/loop-fusion-dynamic/all-batches-10//elecNormNew-AdaptiveRandomForestExecutorMAXChunk-25-4-25-882
10/12/23 01:49:37
10/12/23 01:49:37
/home/pi/reginaldojunior/experimentos/socket/loop-fusion-dynamic/all-batches-10//elecNormNew-LBagExecutorMAXChunk-25-4-25-1258
10/12/23 01:59:43
10/12/23 01:59:43
/home/pi/reginaldojunior/experimentos/socket/loop-fusion-dynamic/all-batches-10//elecNormNew-StreamingRandomPatchesExecutorMAXChunk-25-4-25-496
10/12/23 02:09:49
10/12/23 02:09:49
/home/pi/reginaldojunior/experimentos/socket/loop-fusion-dynamic/all-batches-10//elecNormNew-OzaBagAdwinExecutorMAXChunk-25-4-25-2142
10/12/23 02:17:39
10/12/23 02:17:39
/home/pi/reginaldojunior/experimentos/socket/loop-fusion-dynamic/all-batches-10//elecNormNew-OzaBagASHTExecutorMAXChunk-25-4-25-3926
10/12/23 02:19:49
10/12/23 02:19:49
/home/pi/reginaldojunior/experimentos/socket/loop-fusion-dynamic/all-batches-10//elecNormNew-OzaBagExecutorMAXChunk-25-4-25-3944
10/12/23 02:23:19
10/12/23 02:23:19
/home/pi/reginaldojunior/experimentos/socket/loop-fusion-dynamic/all-batches-10//GMSC-AdaptiveRandomForestExecutorMAXChunk-25-4-25-1574
10/12/23 02:33:25
10/12/23 02:33:25
/home/pi/reginaldojunior/experimentos/socket/loop-fusion-dynamic/all-batches-10//GMSC-LBagExecutorMAXChunk-25-4-25-1861
10/12/23 02:43:31
10/12/23 02:43:31
/home/pi/reginaldojunior/experimentos/socket/loop-fusion-dynamic/all-batches-10//GMSC-StreamingRandomPatchesExecutorMAXChunk-25-4-25-898
10/12/23 02:53:37
10/12/23 02:53:37
/home/pi/reginaldojunior/experimentos/socket/loop-fusion-dynamic/all-batches-10//GMSC-OzaBagAdwinExecutorMAXChunk-25-4-25-3066
10/12/23 03:03:43
10/12/23 03:03:43
/home/pi/reginaldojunior/experimentos/socket/loop-fusion-dynamic/all-batches-10//GMSC-OzaBagASHTExecutorMAXChunk-25-4-25-6863
10/12/23 03:10:52
10/12/23 03:10:52
/home/pi/reginaldojunior/experimentos/socket/loop-fusion-dynamic/all-batches-10//GMSC-OzaBagExecutorMAXChunk-25-4-25-6653
10/12/23 03:17:26
10/12/23 03:17:26
/home/pi/reginaldojunior/experimentos/socket/loop-fusion-dynamic/all-batches-10//covtypeNorm-AdaptiveRandomForestExecutorMAXChunk-25-4-50-1012
10/12/23 03:27:32
10/12/23 03:27:32
/home/pi/reginaldojunior/experimentos/socket/loop-fusion-dynamic/all-batches-10//covtypeNorm-LBagExecutorMAXChunk-25-4-50-667
10/12/23 03:37:38
10/12/23 03:37:38
/home/pi/reginaldojunior/experimentos/socket/loop-fusion-dynamic/all-batches-10//covtypeNorm-StreamingRandomPatchesExecutorMAXChunk-25-4-50-255
10/12/23 03:47:44
10/12/23 03:47:44
/home/pi/reginaldojunior/experimentos/socket/loop-fusion-dynamic/all-batches-10//covtypeNorm-OzaBagAdwinExecutorMAXChunk-25-4-50-996
10/12/23 03:57:50
10/12/23 03:57:50
/home/pi/reginaldojunior/experimentos/socket/loop-fusion-dynamic/all-batches-10//covtypeNorm-OzaBagASHTExecutorMAXChunk-25-4-50-2708
10/12/23 04:07:57
10/12/23 04:07:57
/home/pi/reginaldojunior/experimentos/socket/loop-fusion-dynamic/all-batches-10//covtypeNorm-OzaBagExecutorMAXChunk-25-4-50-2675
10/12/23 04:18:03
10/12/23 04:18:03
/home/pi/reginaldojunior/experimentos/socket/loop-fusion-dynamic/all-batches-10//airlines-AdaptiveRandomForestExecutorMAXChunk-25-4-50-220
10/12/23 04:28:09
10/12/23 04:28:09
/home/pi/reginaldojunior/experimentos/socket/loop-fusion-dynamic/all-batches-10//airlines-LBagExecutorMAXChunk-25-4-50-214
10/12/23 04:38:15
10/12/23 04:38:15
/home/pi/reginaldojunior/experimentos/socket/loop-fusion-dynamic/all-batches-10//airlines-StreamingRandomPatchesExecutorMAXChunk-25-4-50-239
10/12/23 04:48:21
10/12/23 04:48:21
/home/pi/reginaldojunior/experimentos/socket/loop-fusion-dynamic/all-batches-10//airlines-OzaBagAdwinExecutorMAXChunk-25-4-50-683
10/12/23 04:58:27
10/12/23 04:58:27
/home/pi/reginaldojunior/experimentos/socket/loop-fusion-dynamic/all-batches-10//airlines-OzaBagASHTExecutorMAXChunk-25-4-50-3799
10/12/23 05:08:33
10/12/23 05:08:33
/home/pi/reginaldojunior/experimentos/socket/loop-fusion-dynamic/all-batches-10//airlines-OzaBagExecutorMAXChunk-25-4-50-5027
10/12/23 05:18:40
10/12/23 05:18:40
/home/pi/reginaldojunior/experimentos/socket/loop-fusion-dynamic/all-batches-10//elecNormNew-AdaptiveRandomForestExecutorMAXChunk-25-4-50-918
10/12/23 05:28:46
10/12/23 05:28:46
/home/pi/reginaldojunior/experimentos/socket/loop-fusion-dynamic/all-batches-10//elecNormNew-LBagExecutorMAXChunk-25-4-50-1316
10/12/23 05:37:42
10/12/23 05:37:42
/home/pi/reginaldojunior/experimentos/socket/loop-fusion-dynamic/all-batches-10//elecNormNew-StreamingRandomPatchesExecutorMAXChunk-25-4-50-489
10/12/23 05:47:48
10/12/23 05:47:48
/home/pi/reginaldojunior/experimentos/socket/loop-fusion-dynamic/all-batches-10//elecNormNew-OzaBagAdwinExecutorMAXChunk-25-4-50-2523
10/12/23 05:54:19
10/12/23 05:54:19
/home/pi/reginaldojunior/experimentos/socket/loop-fusion-dynamic/all-batches-10//elecNormNew-OzaBagASHTExecutorMAXChunk-25-4-50-4141
10/12/23 05:56:56
10/12/23 05:56:56
/home/pi/reginaldojunior/experimentos/socket/loop-fusion-dynamic/all-batches-10//elecNormNew-OzaBagExecutorMAXChunk-25-4-50-4162
10/12/23 06:02:09
10/12/23 06:02:09
/home/pi/reginaldojunior/experimentos/socket/loop-fusion-dynamic/all-batches-10//GMSC-AdaptiveRandomForestExecutorMAXChunk-25-4-50-1699
10/12/23 06:12:14
10/12/23 06:12:14
/home/pi/reginaldojunior/experimentos/socket/loop-fusion-dynamic/all-batches-10//GMSC-LBagExecutorMAXChunk-25-4-50-2037
10/12/23 06:22:21
10/12/23 06:22:21
/home/pi/reginaldojunior/experimentos/socket/loop-fusion-dynamic/all-batches-10//GMSC-StreamingRandomPatchesExecutorMAXChunk-25-4-50-958
10/12/23 06:32:26
10/12/23 06:32:26
/home/pi/reginaldojunior/experimentos/socket/loop-fusion-dynamic/all-batches-10//GMSC-OzaBagAdwinExecutorMAXChunk-25-4-50-4027
10/12/23 06:42:33
10/12/23 06:42:33
/home/pi/reginaldojunior/experimentos/socket/loop-fusion-dynamic/all-batches-10//GMSC-OzaBagASHTExecutorMAXChunk-25-4-50-7285
10/12/23 06:48:54
10/12/23 06:48:54
/home/pi/reginaldojunior/experimentos/socket/loop-fusion-dynamic/all-batches-10//GMSC-OzaBagExecutorMAXChunk-25-4-50-6990
10/12/23 06:57:48
10/12/23 06:57:48
/home/pi/reginaldojunior/experimentos/socket/loop-fusion-dynamic/all-batches-10//covtypeNorm-AdaptiveRandomForestExecutorMAXChunk-25-4-500-963
10/12/23 07:07:53
10/12/23 07:07:53
/home/pi/reginaldojunior/experimentos/socket/loop-fusion-dynamic/all-batches-10//covtypeNorm-LBagExecutorMAXChunk-25-4-500-782
10/12/23 07:18:00
10/12/23 07:18:00
/home/pi/reginaldojunior/experimentos/socket/loop-fusion-dynamic/all-batches-10//covtypeNorm-StreamingRandomPatchesExecutorMAXChunk-25-4-500-276
10/12/23 07:28:06
10/12/23 07:28:06
/home/pi/reginaldojunior/experimentos/socket/loop-fusion-dynamic/all-batches-10//covtypeNorm-OzaBagAdwinExecutorMAXChunk-25-4-500-1154
10/12/23 07:38:12
10/12/23 07:38:12
/home/pi/reginaldojunior/experimentos/socket/loop-fusion-dynamic/all-batches-10//covtypeNorm-OzaBagASHTExecutorMAXChunk-25-4-500-3368
10/12/23 07:48:19
10/12/23 07:48:19
/home/pi/reginaldojunior/experimentos/socket/loop-fusion-dynamic/all-batches-10//covtypeNorm-OzaBagExecutorMAXChunk-25-4-500-3708
10/12/23 07:58:26
10/12/23 07:58:26
/home/pi/reginaldojunior/experimentos/socket/loop-fusion-dynamic/all-batches-10//airlines-AdaptiveRandomForestExecutorMAXChunk-25-4-500-276
10/12/23 08:08:31
10/12/23 08:08:31
/home/pi/reginaldojunior/experimentos/socket/loop-fusion-dynamic/all-batches-10//airlines-LBagExecutorMAXChunk-25-4-500-245
10/12/23 08:18:38
10/12/23 08:18:39
/home/pi/reginaldojunior/experimentos/socket/loop-fusion-dynamic/all-batches-10//airlines-StreamingRandomPatchesExecutorMAXChunk-25-4-500-266
10/12/23 08:28:44
10/12/23 08:28:44
/home/pi/reginaldojunior/experimentos/socket/loop-fusion-dynamic/all-batches-10//airlines-OzaBagAdwinExecutorMAXChunk-25-4-500-753
10/12/23 08:38:51
10/12/23 08:38:51
/home/pi/reginaldojunior/experimentos/socket/loop-fusion-dynamic/all-batches-10//airlines-OzaBagASHTExecutorMAXChunk-25-4-500-4856
10/12/23 08:48:57
10/12/23 08:48:57
/home/pi/reginaldojunior/experimentos/socket/loop-fusion-dynamic/all-batches-10//airlines-OzaBagExecutorMAXChunk-25-4-500-6170
10/12/23 08:59:04
10/12/23 08:59:04
/home/pi/reginaldojunior/experimentos/socket/loop-fusion-dynamic/all-batches-10//elecNormNew-AdaptiveRandomForestExecutorMAXChunk-25-4-500-930
10/12/23 09:09:10
10/12/23 09:09:10
/home/pi/reginaldojunior/experimentos/socket/loop-fusion-dynamic/all-batches-10//elecNormNew-LBagExecutorMAXChunk-25-4-500-1471
10/12/23 09:17:49
10/12/23 09:17:49
/home/pi/reginaldojunior/experimentos/socket/loop-fusion-dynamic/all-batches-10//elecNormNew-StreamingRandomPatchesExecutorMAXChunk-25-4-500-494
10/12/23 09:27:54
10/12/23 09:27:54
/home/pi/reginaldojunior/experimentos/socket/loop-fusion-dynamic/all-batches-10//elecNormNew-OzaBagAdwinExecutorMAXChunk-25-4-500-2794
10/12/23 09:32:34
10/12/23 09:32:34
/home/pi/reginaldojunior/experimentos/socket/loop-fusion-dynamic/all-batches-10//elecNormNew-OzaBagASHTExecutorMAXChunk-25-4-500-4712
10/12/23 09:38:30
10/12/23 09:38:30
/home/pi/reginaldojunior/experimentos/socket/loop-fusion-dynamic/all-batches-10//elecNormNew-OzaBagExecutorMAXChunk-25-4-500-4455
10/12/23 09:41:46
10/12/23 09:41:46
/home/pi/reginaldojunior/experimentos/socket/loop-fusion-dynamic/all-batches-10//GMSC-AdaptiveRandomForestExecutorMAXChunk-25-4-500-1820
10/12/23 09:51:51
10/12/23 09:51:51
/home/pi/reginaldojunior/experimentos/socket/loop-fusion-dynamic/all-batches-10//GMSC-LBagExecutorMAXChunk-25-4-500-2271
10/12/23 10:01:58
10/12/23 10:01:58
/home/pi/reginaldojunior/experimentos/socket/loop-fusion-dynamic/all-batches-10//GMSC-StreamingRandomPatchesExecutorMAXChunk-25-4-500-1019
10/12/23 10:12:04
10/12/23 10:12:04
/home/pi/reginaldojunior/experimentos/socket/loop-fusion-dynamic/all-batches-10//GMSC-OzaBagAdwinExecutorMAXChunk-25-4-500-4733
10/12/23 10:21:29
10/12/23 10:21:29
/home/pi/reginaldojunior/experimentos/socket/loop-fusion-dynamic/all-batches-10//GMSC-OzaBagASHTExecutorMAXChunk-25-4-500-8617
10/12/23 10:25:42
10/12/23 10:25:42
/home/pi/reginaldojunior/experimentos/socket/loop-fusion-dynamic/all-batches-10//GMSC-OzaBagExecutorMAXChunk-25-4-500-8499
10/12/23 10:34:56
10/12/23 10:34:56
/home/pi/reginaldojunior/experimentos/socket/loop-fusion-dynamic/all-batches-10//covtypeNorm-AdaptiveRandomForestExecutorMAXChunk-25-4-2000-1080
10/12/23 10:45:02
10/12/23 10:45:02
/home/pi/reginaldojunior/experimentos/socket/loop-fusion-dynamic/all-batches-10//covtypeNorm-LBagExecutorMAXChunk-25-4-2000-702
10/12/23 10:55:09
10/12/23 10:55:09
/home/pi/reginaldojunior/experimentos/socket/loop-fusion-dynamic/all-batches-10//covtypeNorm-StreamingRandomPatchesExecutorMAXChunk-25-4-2000-291
10/12/23 11:05:14
10/12/23 11:05:14
/home/pi/reginaldojunior/experimentos/socket/loop-fusion-dynamic/all-batches-10//covtypeNorm-OzaBagAdwinExecutorMAXChunk-25-4-2000-1149
10/12/23 11:15:21
10/12/23 11:15:21
/home/pi/reginaldojunior/experimentos/socket/loop-fusion-dynamic/all-batches-10//covtypeNorm-OzaBagASHTExecutorMAXChunk-25-4-2000-3314
10/12/23 11:25:27
10/12/23 11:25:27
/home/pi/reginaldojunior/experimentos/socket/loop-fusion-dynamic/all-batches-10//covtypeNorm-OzaBagExecutorMAXChunk-25-4-2000-3557
10/12/23 11:35:34
10/12/23 11:35:34
/home/pi/reginaldojunior/experimentos/socket/loop-fusion-dynamic/all-batches-10//airlines-AdaptiveRandomForestExecutorMAXChunk-25-4-2000-292
10/12/23 11:45:40
10/12/23 11:45:40
/home/pi/reginaldojunior/experimentos/socket/loop-fusion-dynamic/all-batches-10//airlines-LBagExecutorMAXChunk-25-4-2000-440
10/12/23 11:58:08
10/12/23 11:58:08
/home/pi/reginaldojunior/experimentos/socket/loop-fusion-dynamic/all-batches-10//airlines-StreamingRandomPatchesExecutorMAXChunk-25-4-2000-277
10/12/23 12:08:14
10/12/23 12:08:14
/home/pi/reginaldojunior/experimentos/socket/loop-fusion-dynamic/all-batches-10//airlines-OzaBagAdwinExecutorMAXChunk-25-4-2000-970
10/12/23 12:18:21
10/12/23 12:18:21
/home/pi/reginaldojunior/experimentos/socket/loop-fusion-dynamic/all-batches-10//airlines-OzaBagASHTExecutorMAXChunk-25-4-2000-4989
10/12/23 12:28:28
10/12/23 12:28:28
/home/pi/reginaldojunior/experimentos/socket/loop-fusion-dynamic/all-batches-10//airlines-OzaBagExecutorMAXChunk-25-4-2000-6220
10/12/23 12:38:34
10/12/23 12:38:34
/home/pi/reginaldojunior/experimentos/socket/loop-fusion-dynamic/all-batches-10//elecNormNew-AdaptiveRandomForestExecutorMAXChunk-25-4-2000-875
10/12/23 12:48:40
10/12/23 12:48:40
/home/pi/reginaldojunior/experimentos/socket/loop-fusion-dynamic/all-batches-10//elecNormNew-LBagExecutorMAXChunk-25-4-2000-1402
10/12/23 12:58:14
10/12/23 12:58:14
/home/pi/reginaldojunior/experimentos/socket/loop-fusion-dynamic/all-batches-10//elecNormNew-StreamingRandomPatchesExecutorMAXChunk-25-4-2000-519
10/12/23 13:08:20
10/12/23 13:08:20
/home/pi/reginaldojunior/experimentos/socket/loop-fusion-dynamic/all-batches-10//elecNormNew-OzaBagAdwinExecutorMAXChunk-25-4-2000-2528
10/12/23 13:13:26
10/12/23 13:13:26
/home/pi/reginaldojunior/experimentos/socket/loop-fusion-dynamic/all-batches-10//elecNormNew-OzaBagASHTExecutorMAXChunk-25-4-2000-4202
10/12/23 13:17:09
10/12/23 13:17:09
/home/pi/reginaldojunior/experimentos/socket/loop-fusion-dynamic/all-batches-10//elecNormNew-OzaBagExecutorMAXChunk-25-4-2000-4042
10/12/23 13:20:30
10/12/23 13:20:30
/home/pi/reginaldojunior/experimentos/socket/loop-fusion-dynamic/all-batches-10//GMSC-AdaptiveRandomForestExecutorMAXChunk-25-4-2000-1801
10/12/23 13:30:35
10/12/23 13:30:35
/home/pi/reginaldojunior/experimentos/socket/loop-fusion-dynamic/all-batches-10//GMSC-LBagExecutorMAXChunk-25-4-2000-2224
10/12/23 13:40:42
10/12/23 13:40:42
/home/pi/reginaldojunior/experimentos/socket/loop-fusion-dynamic/all-batches-10//GMSC-StreamingRandomPatchesExecutorMAXChunk-25-4-2000-974
10/12/23 13:50:48
10/12/23 13:50:48
/home/pi/reginaldojunior/experimentos/socket/loop-fusion-dynamic/all-batches-10//GMSC-OzaBagAdwinExecutorMAXChunk-25-4-2000-4540
10/12/23 14:00:55
10/12/23 14:00:55
/home/pi/reginaldojunior/experimentos/socket/loop-fusion-dynamic/all-batches-10//GMSC-OzaBagASHTExecutorMAXChunk-25-4-2000-8906
10/12/23 14:04:09
10/12/23 14:04:09
/home/pi/reginaldojunior/experimentos/socket/loop-fusion-dynamic/all-batches-10//GMSC-OzaBagExecutorMAXChunk-25-4-2000-8410
10/12/23 14:10:39
