20/09/22 23:47:17
/home/pi/reginaldojunior/experimentos/socket/loop-fusion/covtypeNorm-AdaptiveRandomForestSequential-25-1-1-21-1
20/09/22 23:49:24
20/09/22 23:49:24
/home/pi/reginaldojunior/experimentos/socket/loop-fusion/covtypeNorm-AdaptiveRandomForestExecutorMAXChunk-25-4-50-31-2
20/09/22 23:51:28
20/09/22 23:51:28
/home/pi/reginaldojunior/experimentos/socket/loop-fusion/covtypeNorm-AdaptiveRandomForestExecutorMAXChunk-25-4-50-101-3
20/09/22 23:53:33
20/09/22 23:53:33
/home/pi/reginaldojunior/experimentos/socket/loop-fusion/covtypeNorm-AdaptiveRandomForestSequential-25-1-1-105-1
20/09/22 23:55:38
20/09/22 23:55:38
/home/pi/reginaldojunior/experimentos/socket/loop-fusion/covtypeNorm-AdaptiveRandomForestExecutorMAXChunk-25-4-50-158-2
20/09/22 23:57:43
20/09/22 23:57:43
/home/pi/reginaldojunior/experimentos/socket/loop-fusion/covtypeNorm-AdaptiveRandomForestExecutorMAXChunk-25-4-50-506-3
20/09/22 23:59:48
20/09/22 23:59:48
/home/pi/reginaldojunior/experimentos/socket/loop-fusion/covtypeNorm-AdaptiveRandomForestSequential-25-1-1-189-1
21/09/22 00:01:53
21/09/22 00:01:53
/home/pi/reginaldojunior/experimentos/socket/loop-fusion/covtypeNorm-AdaptiveRandomForestExecutorMAXChunk-25-4-50-285-2
21/09/22 00:03:59
21/09/22 00:03:59
/home/pi/reginaldojunior/experimentos/socket/loop-fusion/covtypeNorm-AdaptiveRandomForestExecutorMAXChunk-25-4-50-911-3
21/09/22 00:06:04
21/09/22 00:06:04
/home/pi/reginaldojunior/experimentos/socket/loop-fusion/covtypeNorm-LeveragingBag-25-1-1-15-1
21/09/22 00:08:11
21/09/22 00:08:11
/home/pi/reginaldojunior/experimentos/socket/loop-fusion/covtypeNorm-LBagExecutorMAXChunk-25-4-50-26-2
21/09/22 00:10:18
21/09/22 00:10:18
/home/pi/reginaldojunior/experimentos/socket/loop-fusion/covtypeNorm-LBagExecutorMAXChunk-25-4-50-66-3
21/09/22 00:12:25
21/09/22 00:12:25
/home/pi/reginaldojunior/experimentos/socket/loop-fusion/covtypeNorm-LeveragingBag-25-1-1-75-1
21/09/22 00:14:32
21/09/22 00:14:32
/home/pi/reginaldojunior/experimentos/socket/loop-fusion/covtypeNorm-LBagExecutorMAXChunk-25-4-50-134-2
21/09/22 00:16:39
21/09/22 00:16:39
/home/pi/reginaldojunior/experimentos/socket/loop-fusion/covtypeNorm-LBagExecutorMAXChunk-25-4-50-333-3
21/09/22 00:18:46
21/09/22 00:18:46
/home/pi/reginaldojunior/experimentos/socket/loop-fusion/covtypeNorm-LeveragingBag-25-1-1-136-1
21/09/22 00:20:53
21/09/22 00:20:53
/home/pi/reginaldojunior/experimentos/socket/loop-fusion/covtypeNorm-LBagExecutorMAXChunk-25-4-50-241-2
21/09/22 00:23:00
21/09/22 00:23:00
/home/pi/reginaldojunior/experimentos/socket/loop-fusion/covtypeNorm-LBagExecutorMAXChunk-25-4-50-600-3
21/09/22 00:25:06
21/09/22 00:25:06
/home/pi/reginaldojunior/experimentos/socket/loop-fusion/covtypeNorm-StreamingRandomPatches-25-1-1-6-1
21/09/22 00:27:12
21/09/22 00:27:12
/home/pi/reginaldojunior/experimentos/socket/loop-fusion/covtypeNorm-StreamingRandomPatchesExecutorMAXChunk-25-4-50-15-2
21/09/22 00:29:18
21/09/22 00:29:18
/home/pi/reginaldojunior/experimentos/socket/loop-fusion/covtypeNorm-StreamingRandomPatchesExecutorMAXChunk-25-4-50-25-3
21/09/22 00:31:23
21/09/22 00:31:23
/home/pi/reginaldojunior/experimentos/socket/loop-fusion/covtypeNorm-StreamingRandomPatches-25-1-1-34-1
21/09/22 00:33:28
21/09/22 00:33:28
/home/pi/reginaldojunior/experimentos/socket/loop-fusion/covtypeNorm-StreamingRandomPatchesExecutorMAXChunk-25-4-50-77-2
21/09/22 00:35:33
21/09/22 00:35:33
/home/pi/reginaldojunior/experimentos/socket/loop-fusion/covtypeNorm-StreamingRandomPatchesExecutorMAXChunk-25-4-50-127-3
21/09/22 00:37:38
21/09/22 00:37:38
/home/pi/reginaldojunior/experimentos/socket/loop-fusion/covtypeNorm-StreamingRandomPatches-25-1-1-61-1
21/09/22 00:39:43
21/09/22 00:39:43
/home/pi/reginaldojunior/experimentos/socket/loop-fusion/covtypeNorm-StreamingRandomPatchesExecutorMAXChunk-25-4-50-139-2
21/09/22 00:41:49
21/09/22 00:41:49
/home/pi/reginaldojunior/experimentos/socket/loop-fusion/covtypeNorm-StreamingRandomPatchesExecutorMAXChunk-25-4-50-230-3
21/09/22 00:43:54
21/09/22 00:43:54
/home/pi/reginaldojunior/experimentos/socket/loop-fusion/covtypeNorm-OzaBagAdwin-25-1-1-27-1
21/09/22 00:46:01
21/09/22 00:46:01
/home/pi/reginaldojunior/experimentos/socket/loop-fusion/covtypeNorm-OzaBagAdwinExecutorMAXChunk-25-4-50-31-2
21/09/22 00:48:08
21/09/22 00:48:08
/home/pi/reginaldojunior/experimentos/socket/loop-fusion/covtypeNorm-OzaBagAdwinExecutorMAXChunk-25-4-50-99-3
21/09/22 00:50:14
21/09/22 00:50:14
/home/pi/reginaldojunior/experimentos/socket/loop-fusion/covtypeNorm-OzaBagAdwin-25-1-1-135-1
21/09/22 00:52:21
21/09/22 00:52:21
/home/pi/reginaldojunior/experimentos/socket/loop-fusion/covtypeNorm-OzaBagAdwinExecutorMAXChunk-25-4-50-159-2
21/09/22 00:54:28
21/09/22 00:54:28
/home/pi/reginaldojunior/experimentos/socket/loop-fusion/covtypeNorm-OzaBagAdwinExecutorMAXChunk-25-4-50-498-3
21/09/22 00:56:35
21/09/22 00:56:35
/home/pi/reginaldojunior/experimentos/socket/loop-fusion/covtypeNorm-OzaBagAdwin-25-1-1-243-1
21/09/22 00:58:42
21/09/22 00:58:42
/home/pi/reginaldojunior/experimentos/socket/loop-fusion/covtypeNorm-OzaBagAdwinExecutorMAXChunk-25-4-50-287-2
21/09/22 01:00:49
21/09/22 01:00:49
/home/pi/reginaldojunior/experimentos/socket/loop-fusion/covtypeNorm-OzaBagAdwinExecutorMAXChunk-25-4-50-896-3
21/09/22 01:02:56
21/09/22 01:02:56
/home/pi/reginaldojunior/experimentos/socket/loop-fusion/covtypeNorm-OzaBagASHT-25-1-1-24-1
21/09/22 01:05:03
21/09/22 01:05:03
/home/pi/reginaldojunior/experimentos/socket/loop-fusion/covtypeNorm-OzaBagASHTExecutorMAXChunk-25-4-50-30-2
21/09/22 01:07:10
21/09/22 01:07:10
/home/pi/reginaldojunior/experimentos/socket/loop-fusion/covtypeNorm-OzaBagASHTExecutorMAXChunk-25-4-50-270-3
21/09/22 01:09:16
21/09/22 01:09:16
/home/pi/reginaldojunior/experimentos/socket/loop-fusion/covtypeNorm-OzaBagASHT-25-1-1-122-1
21/09/22 01:11:23
21/09/22 01:11:23
/home/pi/reginaldojunior/experimentos/socket/loop-fusion/covtypeNorm-OzaBagASHTExecutorMAXChunk-25-4-50-151-2
21/09/22 01:13:30
21/09/22 01:13:30
/home/pi/reginaldojunior/experimentos/socket/loop-fusion/covtypeNorm-OzaBagASHTExecutorMAXChunk-25-4-50-1354-3
21/09/22 01:15:37
21/09/22 01:15:37
/home/pi/reginaldojunior/experimentos/socket/loop-fusion/covtypeNorm-OzaBagASHT-25-1-1-219-1
21/09/22 01:17:44
21/09/22 01:17:44
/home/pi/reginaldojunior/experimentos/socket/loop-fusion/covtypeNorm-OzaBagASHTExecutorMAXChunk-25-4-50-272-2
21/09/22 01:19:51
21/09/22 01:19:51
/home/pi/reginaldojunior/experimentos/socket/loop-fusion/covtypeNorm-OzaBagASHTExecutorMAXChunk-25-4-50-2437-3
21/09/22 01:21:58
21/09/22 01:21:58
/home/pi/reginaldojunior/experimentos/socket/loop-fusion/covtypeNorm-OzaBag-25-1-1-31-1
21/09/22 01:24:06
21/09/22 01:24:06
/home/pi/reginaldojunior/experimentos/socket/loop-fusion/covtypeNorm-OzaBagExecutorMAXChunk-25-4-50-30-2
21/09/22 01:26:13
21/09/22 01:26:13
/home/pi/reginaldojunior/experimentos/socket/loop-fusion/covtypeNorm-OzaBagExecutorMAXChunk-25-4-50-267-3
21/09/22 01:28:20
21/09/22 01:28:20
/home/pi/reginaldojunior/experimentos/socket/loop-fusion/covtypeNorm-OzaBag-25-1-1-158-1
21/09/22 01:30:28
21/09/22 01:30:28
/home/pi/reginaldojunior/experimentos/socket/loop-fusion/covtypeNorm-OzaBagExecutorMAXChunk-25-4-50-150-2
21/09/22 01:32:35
21/09/22 01:32:35
/home/pi/reginaldojunior/experimentos/socket/loop-fusion/covtypeNorm-OzaBagExecutorMAXChunk-25-4-50-1337-3
21/09/22 01:34:41
21/09/22 01:34:41
/home/pi/reginaldojunior/experimentos/socket/loop-fusion/covtypeNorm-OzaBag-25-1-1-284-1
21/09/22 01:36:50
21/09/22 01:36:50
/home/pi/reginaldojunior/experimentos/socket/loop-fusion/covtypeNorm-OzaBagExecutorMAXChunk-25-4-50-271-2
21/09/22 01:38:56
21/09/22 01:38:56
/home/pi/reginaldojunior/experimentos/socket/loop-fusion/covtypeNorm-OzaBagExecutorMAXChunk-25-4-50-2407-3
21/09/22 01:41:02
21/09/22 01:41:02
/home/pi/reginaldojunior/experimentos/socket/loop-fusion/airlines-AdaptiveRandomForestSequential-25-1-1-6-1
21/09/22 01:43:08
21/09/22 01:43:08
/home/pi/reginaldojunior/experimentos/socket/loop-fusion/airlines-AdaptiveRandomForestExecutorMAXChunk-25-4-50-14-2
21/09/22 01:45:15
21/09/22 01:45:15
/home/pi/reginaldojunior/experimentos/socket/loop-fusion/airlines-AdaptiveRandomForestExecutorMAXChunk-25-4-50-22-3
21/09/22 01:47:21
21/09/22 01:47:21
/home/pi/reginaldojunior/experimentos/socket/loop-fusion/airlines-AdaptiveRandomForestSequential-25-1-1-32-1
21/09/22 01:49:28
21/09/22 01:49:28
/home/pi/reginaldojunior/experimentos/socket/loop-fusion/airlines-AdaptiveRandomForestExecutorMAXChunk-25-4-50-72-2
21/09/22 01:51:33
21/09/22 01:51:33
/home/pi/reginaldojunior/experimentos/socket/loop-fusion/airlines-AdaptiveRandomForestExecutorMAXChunk-25-4-50-110-3
21/09/22 01:53:39
21/09/22 01:53:39
/home/pi/reginaldojunior/experimentos/socket/loop-fusion/airlines-AdaptiveRandomForestSequential-25-1-1-58-1
21/09/22 01:55:45
21/09/22 01:55:45
/home/pi/reginaldojunior/experimentos/socket/loop-fusion/airlines-AdaptiveRandomForestExecutorMAXChunk-25-4-50-130-2
21/09/22 01:57:51
21/09/22 01:57:51
/home/pi/reginaldojunior/experimentos/socket/loop-fusion/airlines-AdaptiveRandomForestExecutorMAXChunk-25-4-50-198-3
21/09/22 01:59:59
21/09/22 01:59:59
/home/pi/reginaldojunior/experimentos/socket/loop-fusion/airlines-LeveragingBag-25-1-1-5-1
21/09/22 02:02:06
21/09/22 02:02:06
/home/pi/reginaldojunior/experimentos/socket/loop-fusion/airlines-LBagExecutorMAXChunk-25-4-50-13-2
21/09/22 02:04:13
21/09/22 02:04:13
/home/pi/reginaldojunior/experimentos/socket/loop-fusion/airlines-LBagExecutorMAXChunk-25-4-50-21-3
21/09/22 02:06:20
21/09/22 02:06:20
/home/pi/reginaldojunior/experimentos/socket/loop-fusion/airlines-LeveragingBag-25-1-1-23-1
21/09/22 02:08:28
21/09/22 02:08:28
/home/pi/reginaldojunior/experimentos/socket/loop-fusion/airlines-LBagExecutorMAXChunk-25-4-50-66-2
21/09/22 02:10:35
21/09/22 02:10:35
/home/pi/reginaldojunior/experimentos/socket/loop-fusion/airlines-LBagExecutorMAXChunk-25-4-50-107-3
21/09/22 02:12:43
21/09/22 02:12:43
/home/pi/reginaldojunior/experimentos/socket/loop-fusion/airlines-LeveragingBag-25-1-1-41-1
21/09/22 02:14:51
21/09/22 02:14:51
/home/pi/reginaldojunior/experimentos/socket/loop-fusion/airlines-LBagExecutorMAXChunk-25-4-50-118-2
21/09/22 02:17:02
21/09/22 02:17:02
/home/pi/reginaldojunior/experimentos/socket/loop-fusion/airlines-LBagExecutorMAXChunk-25-4-50-192-3
21/09/22 02:19:10
21/09/22 02:19:10
/home/pi/reginaldojunior/experimentos/socket/loop-fusion/airlines-StreamingRandomPatches-25-1-1-6-1
21/09/22 02:21:16
21/09/22 02:21:16
/home/pi/reginaldojunior/experimentos/socket/loop-fusion/airlines-StreamingRandomPatchesExecutorMAXChunk-25-4-50-14-2
21/09/22 02:23:22
21/09/22 02:23:22
/home/pi/reginaldojunior/experimentos/socket/loop-fusion/airlines-StreamingRandomPatchesExecutorMAXChunk-25-4-50-23-3
21/09/22 02:25:27
21/09/22 02:25:27
/home/pi/reginaldojunior/experimentos/socket/loop-fusion/airlines-StreamingRandomPatches-25-1-1-34-1
21/09/22 02:27:35
21/09/22 02:27:35
/home/pi/reginaldojunior/experimentos/socket/loop-fusion/airlines-StreamingRandomPatchesExecutorMAXChunk-25-4-50-73-2
21/09/22 02:29:40
21/09/22 02:29:40
/home/pi/reginaldojunior/experimentos/socket/loop-fusion/airlines-StreamingRandomPatchesExecutorMAXChunk-25-4-50-119-3
21/09/22 02:31:45
21/09/22 02:31:45
/home/pi/reginaldojunior/experimentos/socket/loop-fusion/airlines-StreamingRandomPatches-25-1-1-62-1
21/09/22 02:33:51
21/09/22 02:33:51
/home/pi/reginaldojunior/experimentos/socket/loop-fusion/airlines-StreamingRandomPatchesExecutorMAXChunk-25-4-50-132-2
21/09/22 02:35:57
21/09/22 02:35:57
/home/pi/reginaldojunior/experimentos/socket/loop-fusion/airlines-StreamingRandomPatchesExecutorMAXChunk-25-4-50-215-3
21/09/22 02:38:03
21/09/22 02:38:03
/home/pi/reginaldojunior/experimentos/socket/loop-fusion/airlines-OzaBagAdwin-25-1-1-16-1
21/09/22 02:40:10
21/09/22 02:40:11
/home/pi/reginaldojunior/experimentos/socket/loop-fusion/airlines-OzaBagAdwinExecutorMAXChunk-25-4-50-44-2
21/09/22 02:42:17
21/09/22 02:42:17
/home/pi/reginaldojunior/experimentos/socket/loop-fusion/airlines-OzaBagAdwinExecutorMAXChunk-25-4-50-68-3
21/09/22 02:44:24
21/09/22 02:44:24
/home/pi/reginaldojunior/experimentos/socket/loop-fusion/airlines-OzaBagAdwin-25-1-1-84-1
21/09/22 02:46:32
21/09/22 02:46:32
/home/pi/reginaldojunior/experimentos/socket/loop-fusion/airlines-OzaBagAdwinExecutorMAXChunk-25-4-50-221-2
21/09/22 02:48:39
21/09/22 02:48:39
/home/pi/reginaldojunior/experimentos/socket/loop-fusion/airlines-OzaBagAdwinExecutorMAXChunk-25-4-50-341-3
21/09/22 02:50:45
21/09/22 02:50:45
/home/pi/reginaldojunior/experimentos/socket/loop-fusion/airlines-OzaBagAdwin-25-1-1-152-1
21/09/22 02:52:53
21/09/22 02:52:53
/home/pi/reginaldojunior/experimentos/socket/loop-fusion/airlines-OzaBagAdwinExecutorMAXChunk-25-4-50-398-2
21/09/22 02:55:00
21/09/22 02:55:00
/home/pi/reginaldojunior/experimentos/socket/loop-fusion/airlines-OzaBagAdwinExecutorMAXChunk-25-4-50-614-3
21/09/22 02:57:06
21/09/22 02:57:06
/home/pi/reginaldojunior/experimentos/socket/loop-fusion/airlines-OzaBagASHT-25-1-1-18-1
21/09/22 02:59:14
21/09/22 02:59:14
/home/pi/reginaldojunior/experimentos/socket/loop-fusion/airlines-OzaBagASHTExecutorMAXChunk-25-4-50-39-2
21/09/22 03:01:21
21/09/22 03:01:21
/home/pi/reginaldojunior/experimentos/socket/loop-fusion/airlines-OzaBagASHTExecutorMAXChunk-25-4-50-379-3
21/09/22 03:03:27
21/09/22 03:03:27
/home/pi/reginaldojunior/experimentos/socket/loop-fusion/airlines-OzaBagASHT-25-1-1-91-1
21/09/22 03:05:35
21/09/22 03:05:35
/home/pi/reginaldojunior/experimentos/socket/loop-fusion/airlines-OzaBagASHTExecutorMAXChunk-25-4-50-196-2
21/09/22 03:07:42
21/09/22 03:07:42
/home/pi/reginaldojunior/experimentos/socket/loop-fusion/airlines-OzaBagASHTExecutorMAXChunk-25-4-50-1899-3
21/09/22 03:09:48
21/09/22 03:09:48
/home/pi/reginaldojunior/experimentos/socket/loop-fusion/airlines-OzaBagASHT-25-1-1-165-1
21/09/22 03:11:56
21/09/22 03:11:56
/home/pi/reginaldojunior/experimentos/socket/loop-fusion/airlines-OzaBagASHTExecutorMAXChunk-25-4-50-353-2
21/09/22 03:14:04
21/09/22 03:14:04
/home/pi/reginaldojunior/experimentos/socket/loop-fusion/airlines-OzaBagASHTExecutorMAXChunk-25-4-50-3419-3
21/09/22 03:16:11
21/09/22 03:16:11
/home/pi/reginaldojunior/experimentos/socket/loop-fusion/airlines-OzaBag-25-1-1-17-1
21/09/22 03:18:19
21/09/22 03:18:19
/home/pi/reginaldojunior/experimentos/socket/loop-fusion/airlines-OzaBagExecutorMAXChunk-25-4-50-35-2
21/09/22 03:20:26
21/09/22 03:20:26
/home/pi/reginaldojunior/experimentos/socket/loop-fusion/airlines-OzaBagExecutorMAXChunk-25-4-50-502-3
21/09/22 03:22:33
21/09/22 03:22:33
/home/pi/reginaldojunior/experimentos/socket/loop-fusion/airlines-OzaBag-25-1-1-85-1
21/09/22 03:24:40
21/09/22 03:24:40
/home/pi/reginaldojunior/experimentos/socket/loop-fusion/airlines-OzaBagExecutorMAXChunk-25-4-50-178-2
21/09/22 03:26:46
21/09/22 03:26:46
/home/pi/reginaldojunior/experimentos/socket/loop-fusion/airlines-OzaBagExecutorMAXChunk-25-4-50-2513-3
21/09/22 03:28:53
21/09/22 03:28:53
/home/pi/reginaldojunior/experimentos/socket/loop-fusion/airlines-OzaBag-25-1-1-154-1
21/09/22 03:31:01
21/09/22 03:31:01
/home/pi/reginaldojunior/experimentos/socket/loop-fusion/airlines-OzaBagExecutorMAXChunk-25-4-50-321-2
21/09/22 03:33:09
21/09/22 03:33:09
/home/pi/reginaldojunior/experimentos/socket/loop-fusion/airlines-OzaBagExecutorMAXChunk-25-4-50-4525-3
21/09/22 03:35:16
21/09/22 03:35:16
/home/pi/reginaldojunior/experimentos/socket/loop-fusion/elecNormNew-AdaptiveRandomForestSequential-25-1-1-31-1
21/09/22 03:37:22
21/09/22 03:37:22
/home/pi/reginaldojunior/experimentos/socket/loop-fusion/elecNormNew-AdaptiveRandomForestExecutorMAXChunk-25-4-50-79-2
21/09/22 03:39:27
21/09/22 03:39:27
/home/pi/reginaldojunior/experimentos/socket/loop-fusion/elecNormNew-AdaptiveRandomForestExecutorMAXChunk-25-4-50-91-3
21/09/22 03:41:32
21/09/22 03:41:32
/home/pi/reginaldojunior/experimentos/socket/loop-fusion/elecNormNew-AdaptiveRandomForestSequential-25-1-1-158-1
21/09/22 03:43:37
21/09/22 03:43:37
/home/pi/reginaldojunior/experimentos/socket/loop-fusion/elecNormNew-AdaptiveRandomForestExecutorMAXChunk-25-4-50-397-2
21/09/22 03:45:37
21/09/22 03:45:37
/home/pi/reginaldojunior/experimentos/socket/loop-fusion/elecNormNew-AdaptiveRandomForestExecutorMAXChunk-25-4-50-459-3
21/09/22 03:47:22
21/09/22 03:47:22
/home/pi/reginaldojunior/experimentos/socket/loop-fusion/elecNormNew-AdaptiveRandomForestSequential-25-1-1-284-1
21/09/22 03:49:28
21/09/22 03:49:28
/home/pi/reginaldojunior/experimentos/socket/loop-fusion/elecNormNew-AdaptiveRandomForestExecutorMAXChunk-25-4-50-715-2
21/09/22 03:50:37
21/09/22 03:50:37
/home/pi/reginaldojunior/experimentos/socket/loop-fusion/elecNormNew-AdaptiveRandomForestExecutorMAXChunk-25-4-50-827-3
21/09/22 03:51:37
21/09/22 03:51:37
/home/pi/reginaldojunior/experimentos/socket/loop-fusion/elecNormNew-LeveragingBag-25-1-1-50-1
21/09/22 03:53:45
21/09/22 03:53:45
/home/pi/reginaldojunior/experimentos/socket/loop-fusion/elecNormNew-LBagExecutorMAXChunk-25-4-50-120-2
21/09/22 03:55:51
21/09/22 03:55:52
/home/pi/reginaldojunior/experimentos/socket/loop-fusion/elecNormNew-LBagExecutorMAXChunk-25-4-50-131-3
21/09/22 03:57:58
21/09/22 03:57:58
/home/pi/reginaldojunior/experimentos/socket/loop-fusion/elecNormNew-LeveragingBag-25-1-1-254-1
21/09/22 04:00:06
21/09/22 04:00:07
/home/pi/reginaldojunior/experimentos/socket/loop-fusion/elecNormNew-LBagExecutorMAXChunk-25-4-50-600-2
21/09/22 04:01:28
21/09/22 04:01:28
/home/pi/reginaldojunior/experimentos/socket/loop-fusion/elecNormNew-LBagExecutorMAXChunk-25-4-50-658-3
21/09/22 04:02:44
21/09/22 04:02:44
/home/pi/reginaldojunior/experimentos/socket/loop-fusion/elecNormNew-LeveragingBag-25-1-1-457-1
21/09/22 04:04:34
21/09/22 04:04:34
/home/pi/reginaldojunior/experimentos/socket/loop-fusion/elecNormNew-LBagExecutorMAXChunk-25-4-50-1080-2
21/09/22 04:05:23
21/09/22 04:05:23
/home/pi/reginaldojunior/experimentos/socket/loop-fusion/elecNormNew-LBagExecutorMAXChunk-25-4-50-1184-3
21/09/22 04:06:09
21/09/22 04:06:09
/home/pi/reginaldojunior/experimentos/socket/loop-fusion/elecNormNew-StreamingRandomPatches-25-1-1-16-1
21/09/22 04:08:15
21/09/22 04:08:15
/home/pi/reginaldojunior/experimentos/socket/loop-fusion/elecNormNew-StreamingRandomPatchesExecutorMAXChunk-25-4-50-39-2
21/09/22 04:10:20
21/09/22 04:10:20
/home/pi/reginaldojunior/experimentos/socket/loop-fusion/elecNormNew-StreamingRandomPatchesExecutorMAXChunk-25-4-50-48-3
21/09/22 04:12:25
21/09/22 04:12:25
/home/pi/reginaldojunior/experimentos/socket/loop-fusion/elecNormNew-StreamingRandomPatches-25-1-1-82-1
21/09/22 04:14:31
21/09/22 04:14:31
/home/pi/reginaldojunior/experimentos/socket/loop-fusion/elecNormNew-StreamingRandomPatchesExecutorMAXChunk-25-4-50-197-2
21/09/22 04:16:36
21/09/22 04:16:36
/home/pi/reginaldojunior/experimentos/socket/loop-fusion/elecNormNew-StreamingRandomPatchesExecutorMAXChunk-25-4-50-244-3
21/09/22 04:18:41
21/09/22 04:18:41
/home/pi/reginaldojunior/experimentos/socket/loop-fusion/elecNormNew-StreamingRandomPatches-25-1-1-147-1
21/09/22 04:20:47
21/09/22 04:20:47
/home/pi/reginaldojunior/experimentos/socket/loop-fusion/elecNormNew-StreamingRandomPatchesExecutorMAXChunk-25-4-50-355-2
21/09/22 04:22:52
21/09/22 04:22:52
/home/pi/reginaldojunior/experimentos/socket/loop-fusion/elecNormNew-StreamingRandomPatchesExecutorMAXChunk-25-4-50-440-3
21/09/22 04:24:47
21/09/22 04:24:47
/home/pi/reginaldojunior/experimentos/socket/loop-fusion/elecNormNew-OzaBagAdwin-25-1-1-116-1
21/09/22 04:26:54
21/09/22 04:26:54
/home/pi/reginaldojunior/experimentos/socket/loop-fusion/elecNormNew-OzaBagAdwinExecutorMAXChunk-25-4-50-215-2
21/09/22 04:29:01
21/09/22 04:29:01
/home/pi/reginaldojunior/experimentos/socket/loop-fusion/elecNormNew-OzaBagAdwinExecutorMAXChunk-25-4-50-252-3
21/09/22 04:31:08
21/09/22 04:31:08
/home/pi/reginaldojunior/experimentos/socket/loop-fusion/elecNormNew-OzaBagAdwin-25-1-1-584-1
21/09/22 04:32:34
21/09/22 04:32:34
/home/pi/reginaldojunior/experimentos/socket/loop-fusion/elecNormNew-OzaBagAdwinExecutorMAXChunk-25-4-50-1077-2
21/09/22 04:33:22
21/09/22 04:33:22
/home/pi/reginaldojunior/experimentos/socket/loop-fusion/elecNormNew-OzaBagAdwinExecutorMAXChunk-25-4-50-1261-3
21/09/22 04:34:05
21/09/22 04:34:05
/home/pi/reginaldojunior/experimentos/socket/loop-fusion/elecNormNew-OzaBagAdwin-25-1-1-1051-1
21/09/22 04:35:05
21/09/22 04:35:05
/home/pi/reginaldojunior/experimentos/socket/loop-fusion/elecNormNew-OzaBagAdwinExecutorMAXChunk-25-4-50-1940-2
21/09/22 04:35:35
21/09/22 04:35:35
/home/pi/reginaldojunior/experimentos/socket/loop-fusion/elecNormNew-OzaBagAdwinExecutorMAXChunk-25-4-50-2270-3
21/09/22 04:36:01
21/09/22 04:36:01
/home/pi/reginaldojunior/experimentos/socket/loop-fusion/elecNormNew-OzaBagASHT-25-1-1-144-1
21/09/22 04:38:08
21/09/22 04:38:08
/home/pi/reginaldojunior/experimentos/socket/loop-fusion/elecNormNew-OzaBagASHTExecutorMAXChunk-25-4-50-261-2
21/09/22 04:40:15
21/09/22 04:40:15
/home/pi/reginaldojunior/experimentos/socket/loop-fusion/elecNormNew-OzaBagASHTExecutorMAXChunk-25-4-50-414-3
21/09/22 04:42:12
21/09/22 04:42:12
/home/pi/reginaldojunior/experimentos/socket/loop-fusion/elecNormNew-OzaBagASHT-25-1-1-723-1
21/09/22 04:43:23
21/09/22 04:43:23
/home/pi/reginaldojunior/experimentos/socket/loop-fusion/elecNormNew-OzaBagASHTExecutorMAXChunk-25-4-50-1307-2
21/09/22 04:44:05
21/09/22 04:44:05
/home/pi/reginaldojunior/experimentos/socket/loop-fusion/elecNormNew-OzaBagASHTExecutorMAXChunk-25-4-50-2070-3
21/09/22 04:44:33
21/09/22 04:44:33
/home/pi/reginaldojunior/experimentos/socket/loop-fusion/elecNormNew-OzaBagASHT-25-1-1-1301-1
21/09/22 04:45:25
21/09/22 04:45:25
/home/pi/reginaldojunior/experimentos/socket/loop-fusion/elecNormNew-OzaBagASHTExecutorMAXChunk-25-4-50-2354-2
21/09/22 04:45:51
21/09/22 04:45:51
/home/pi/reginaldojunior/experimentos/socket/loop-fusion/elecNormNew-OzaBagASHTExecutorMAXChunk-25-4-50-3727-3
21/09/22 04:46:11
21/09/22 04:46:11
/home/pi/reginaldojunior/experimentos/socket/loop-fusion/elecNormNew-OzaBag-25-1-1-155-1
21/09/22 04:48:18
21/09/22 04:48:18
/home/pi/reginaldojunior/experimentos/socket/loop-fusion/elecNormNew-OzaBagExecutorMAXChunk-25-4-50-255-2
21/09/22 04:50:25
21/09/22 04:50:25
/home/pi/reginaldojunior/experimentos/socket/loop-fusion/elecNormNew-OzaBagExecutorMAXChunk-25-4-50-416-3
21/09/22 04:52:20
21/09/22 04:52:20
/home/pi/reginaldojunior/experimentos/socket/loop-fusion/elecNormNew-OzaBag-25-1-1-775-1
21/09/22 04:53:26
21/09/22 04:53:26
/home/pi/reginaldojunior/experimentos/socket/loop-fusion/elecNormNew-OzaBagExecutorMAXChunk-25-4-50-1276-2
21/09/22 04:54:08
21/09/22 04:54:08
/home/pi/reginaldojunior/experimentos/socket/loop-fusion/elecNormNew-OzaBagExecutorMAXChunk-25-4-50-2081-3
21/09/22 04:54:37
21/09/22 04:54:37
/home/pi/reginaldojunior/experimentos/socket/loop-fusion/elecNormNew-OzaBag-25-1-1-1395-1
21/09/22 04:55:24
21/09/22 04:55:24
/home/pi/reginaldojunior/experimentos/socket/loop-fusion/elecNormNew-OzaBagExecutorMAXChunk-25-4-50-2296-2
21/09/22 04:55:50
21/09/22 04:55:50
/home/pi/reginaldojunior/experimentos/socket/loop-fusion/elecNormNew-OzaBagExecutorMAXChunk-25-4-50-3745-3
21/09/22 04:56:09
21/09/22 04:56:09
/home/pi/reginaldojunior/experimentos/socket/loop-fusion/GMSC-AdaptiveRandomForestSequential-25-1-1-52-1
21/09/22 04:58:14
21/09/22 04:58:14
/home/pi/reginaldojunior/experimentos/socket/loop-fusion/GMSC-AdaptiveRandomForestExecutorMAXChunk-25-4-50-116-2
21/09/22 05:00:19
21/09/22 05:00:19
/home/pi/reginaldojunior/experimentos/socket/loop-fusion/GMSC-AdaptiveRandomForestExecutorMAXChunk-25-4-50-169-3
21/09/22 05:02:23
21/09/22 05:02:23
/home/pi/reginaldojunior/experimentos/socket/loop-fusion/GMSC-AdaptiveRandomForestSequential-25-1-1-262-1
21/09/22 05:04:29
21/09/22 05:04:29
/home/pi/reginaldojunior/experimentos/socket/loop-fusion/GMSC-AdaptiveRandomForestExecutorMAXChunk-25-4-50-584-2
21/09/22 05:06:34
21/09/22 05:06:34
/home/pi/reginaldojunior/experimentos/socket/loop-fusion/GMSC-AdaptiveRandomForestExecutorMAXChunk-25-4-50-849-3
21/09/22 05:08:40
21/09/22 05:08:40
/home/pi/reginaldojunior/experimentos/socket/loop-fusion/GMSC-AdaptiveRandomForestSequential-25-1-1-473-1
21/09/22 05:10:45
21/09/22 05:10:45
/home/pi/reginaldojunior/experimentos/socket/loop-fusion/GMSC-AdaptiveRandomForestExecutorMAXChunk-25-4-50-1052-2
21/09/22 05:12:51
21/09/22 05:12:51
/home/pi/reginaldojunior/experimentos/socket/loop-fusion/GMSC-AdaptiveRandomForestExecutorMAXChunk-25-4-50-1529-3
21/09/22 05:14:44
21/09/22 05:14:44
/home/pi/reginaldojunior/experimentos/socket/loop-fusion/GMSC-LeveragingBag-25-1-1-71-1
21/09/22 05:16:51
21/09/22 05:16:51
/home/pi/reginaldojunior/experimentos/socket/loop-fusion/GMSC-LBagExecutorMAXChunk-25-4-50-163-2
21/09/22 05:18:58
21/09/22 05:18:58
/home/pi/reginaldojunior/experimentos/socket/loop-fusion/GMSC-LBagExecutorMAXChunk-25-4-50-203-3
21/09/22 05:21:04
21/09/22 05:21:05
/home/pi/reginaldojunior/experimentos/socket/loop-fusion/GMSC-LeveragingBag-25-1-1-356-1
21/09/22 05:23:12
21/09/22 05:23:12
/home/pi/reginaldojunior/experimentos/socket/loop-fusion/GMSC-LBagExecutorMAXChunk-25-4-50-818-2
21/09/22 05:25:19
21/09/22 05:25:19
/home/pi/reginaldojunior/experimentos/socket/loop-fusion/GMSC-LBagExecutorMAXChunk-25-4-50-1018-3
21/09/22 05:27:25
21/09/22 05:27:25
/home/pi/reginaldojunior/experimentos/socket/loop-fusion/GMSC-LeveragingBag-25-1-1-641-1
21/09/22 05:29:33
21/09/22 05:29:33
/home/pi/reginaldojunior/experimentos/socket/loop-fusion/GMSC-LBagExecutorMAXChunk-25-4-50-1474-2
21/09/22 05:31:22
21/09/22 05:31:22
/home/pi/reginaldojunior/experimentos/socket/loop-fusion/GMSC-LBagExecutorMAXChunk-25-4-50-1833-3
21/09/22 05:32:52
21/09/22 05:32:52
/home/pi/reginaldojunior/experimentos/socket/loop-fusion/GMSC-StreamingRandomPatches-25-1-1-29-1
21/09/22 05:34:58
21/09/22 05:34:58
/home/pi/reginaldojunior/experimentos/socket/loop-fusion/GMSC-StreamingRandomPatchesExecutorMAXChunk-25-4-50-63-2
21/09/22 05:37:03
21/09/22 05:37:03
/home/pi/reginaldojunior/experimentos/socket/loop-fusion/GMSC-StreamingRandomPatchesExecutorMAXChunk-25-4-50-95-3
21/09/22 05:39:08
21/09/22 05:39:08
/home/pi/reginaldojunior/experimentos/socket/loop-fusion/GMSC-StreamingRandomPatches-25-1-1-149-1
21/09/22 05:41:13
21/09/22 05:41:13
/home/pi/reginaldojunior/experimentos/socket/loop-fusion/GMSC-StreamingRandomPatchesExecutorMAXChunk-25-4-50-319-2
21/09/22 05:43:19
21/09/22 05:43:19
/home/pi/reginaldojunior/experimentos/socket/loop-fusion/GMSC-StreamingRandomPatchesExecutorMAXChunk-25-4-50-479-3
21/09/22 05:45:24
21/09/22 05:45:24
/home/pi/reginaldojunior/experimentos/socket/loop-fusion/GMSC-StreamingRandomPatches-25-1-1-269-1
21/09/22 05:47:29
21/09/22 05:47:29
/home/pi/reginaldojunior/experimentos/socket/loop-fusion/GMSC-StreamingRandomPatchesExecutorMAXChunk-25-4-50-575-2
21/09/22 05:49:35
21/09/22 05:49:35
/home/pi/reginaldojunior/experimentos/socket/loop-fusion/GMSC-StreamingRandomPatchesExecutorMAXChunk-25-4-50-862-3
21/09/22 05:51:40
21/09/22 05:51:40
/home/pi/reginaldojunior/experimentos/socket/loop-fusion/GMSC-OzaBagAdwin-25-1-1-170-1
21/09/22 05:53:47
21/09/22 05:53:47
/home/pi/reginaldojunior/experimentos/socket/loop-fusion/GMSC-OzaBagAdwinExecutorMAXChunk-25-4-50-353-2
21/09/22 05:55:54
21/09/22 05:55:54
/home/pi/reginaldojunior/experimentos/socket/loop-fusion/GMSC-OzaBagAdwinExecutorMAXChunk-25-4-50-402-3
21/09/22 05:58:01
21/09/22 05:58:01
/home/pi/reginaldojunior/experimentos/socket/loop-fusion/GMSC-OzaBagAdwin-25-1-1-854-1
21/09/22 06:00:09
21/09/22 06:00:09
/home/pi/reginaldojunior/experimentos/socket/loop-fusion/GMSC-OzaBagAdwinExecutorMAXChunk-25-4-50-1766-2
21/09/22 06:01:41
21/09/22 06:01:41
/home/pi/reginaldojunior/experimentos/socket/loop-fusion/GMSC-OzaBagAdwinExecutorMAXChunk-25-4-50-2013-3
21/09/22 06:03:02
21/09/22 06:03:02
/home/pi/reginaldojunior/experimentos/socket/loop-fusion/GMSC-OzaBagAdwin-25-1-1-1538-1
21/09/22 06:04:51
21/09/22 06:04:51
/home/pi/reginaldojunior/experimentos/socket/loop-fusion/GMSC-OzaBagAdwinExecutorMAXChunk-25-4-50-3179-2
21/09/22 06:05:44
21/09/22 06:05:44
/home/pi/reginaldojunior/experimentos/socket/loop-fusion/GMSC-OzaBagAdwinExecutorMAXChunk-25-4-50-3625-3
21/09/22 06:06:32
21/09/22 06:06:32
/home/pi/reginaldojunior/experimentos/socket/loop-fusion/GMSC-OzaBagASHT-25-1-1-223-1
21/09/22 06:08:39
21/09/22 06:08:39
/home/pi/reginaldojunior/experimentos/socket/loop-fusion/GMSC-OzaBagASHTExecutorMAXChunk-25-4-50-368-2
21/09/22 06:10:46
21/09/22 06:10:46
/home/pi/reginaldojunior/experimentos/socket/loop-fusion/GMSC-OzaBagASHTExecutorMAXChunk-25-4-50-728-3
21/09/22 06:12:53
21/09/22 06:12:53
/home/pi/reginaldojunior/experimentos/socket/loop-fusion/GMSC-OzaBagASHT-25-1-1-1115-1
21/09/22 06:15:00
21/09/22 06:15:00
/home/pi/reginaldojunior/experimentos/socket/loop-fusion/GMSC-OzaBagASHTExecutorMAXChunk-25-4-50-1843-2
21/09/22 06:16:28
21/09/22 06:16:28
/home/pi/reginaldojunior/experimentos/socket/loop-fusion/GMSC-OzaBagASHTExecutorMAXChunk-25-4-50-3642-3
21/09/22 06:17:15
21/09/22 06:17:15
/home/pi/reginaldojunior/experimentos/socket/loop-fusion/GMSC-OzaBagASHT-25-1-1-2008-1
21/09/22 06:18:43
21/09/22 06:18:43
/home/pi/reginaldojunior/experimentos/socket/loop-fusion/GMSC-OzaBagASHTExecutorMAXChunk-25-4-50-3318-2
21/09/22 06:19:34
21/09/22 06:19:34
/home/pi/reginaldojunior/experimentos/socket/loop-fusion/GMSC-OzaBagASHTExecutorMAXChunk-25-4-50-6556-3
21/09/22 06:20:04
21/09/22 06:20:04
/home/pi/reginaldojunior/experimentos/socket/loop-fusion/GMSC-OzaBag-25-1-1-225-1
21/09/22 06:22:12
21/09/22 06:22:12
/home/pi/reginaldojunior/experimentos/socket/loop-fusion/GMSC-OzaBagExecutorMAXChunk-25-4-50-368-2
21/09/22 06:24:19
21/09/22 06:24:19
/home/pi/reginaldojunior/experimentos/socket/loop-fusion/GMSC-OzaBagExecutorMAXChunk-25-4-50-699-3
21/09/22 06:26:26
21/09/22 06:26:26
/home/pi/reginaldojunior/experimentos/socket/loop-fusion/GMSC-OzaBag-25-1-1-1127-1
21/09/22 06:28:33
21/09/22 06:28:33
/home/pi/reginaldojunior/experimentos/socket/loop-fusion/GMSC-OzaBagExecutorMAXChunk-25-4-50-1843-2
21/09/22 06:30:01
21/09/22 06:30:01
/home/pi/reginaldojunior/experimentos/socket/loop-fusion/GMSC-OzaBagExecutorMAXChunk-25-4-50-3495-3
21/09/22 06:30:51
21/09/22 06:30:51
/home/pi/reginaldojunior/experimentos/socket/loop-fusion/GMSC-OzaBag-25-1-1-2028-1
21/09/22 06:32:34
21/09/22 06:32:34
/home/pi/reginaldojunior/experimentos/socket/loop-fusion/GMSC-OzaBagExecutorMAXChunk-25-4-50-3318-2
21/09/22 06:33:25
21/09/22 06:33:25
/home/pi/reginaldojunior/experimentos/socket/loop-fusion/GMSC-OzaBagExecutorMAXChunk-25-4-50-6291-3
21/09/22 06:33:56
21/09/22 06:33:56
