21/11/23 07:37:01
/home/pi/reginaldojunior/experimentos/dynamic-batch/2-test//covtypeNorm-AdaptiveRandomForestExecutorMAXChunk
21/11/23 07:47:13
21/11/23 07:47:13
/home/pi/reginaldojunior/experimentos/dynamic-batch/2-test//covtypeNorm-LBagExecutorMAXChunk
21/11/23 07:57:27
21/11/23 07:57:27
/home/pi/reginaldojunior/experimentos/dynamic-batch/2-test//covtypeNorm-StreamingRandomPatchesExecutorMAXChunk
21/11/23 08:07:40
21/11/23 08:07:40
/home/pi/reginaldojunior/experimentos/dynamic-batch/2-test//covtypeNorm-OzaBagAdwinExecutorMAXChunk
21/11/23 08:17:53
21/11/23 08:17:53
/home/pi/reginaldojunior/experimentos/dynamic-batch/2-test//covtypeNorm-OzaBagASHTExecutorMAXChunk
21/11/23 08:28:07
21/11/23 08:28:07
/home/pi/reginaldojunior/experimentos/dynamic-batch/2-test//covtypeNorm-OzaBagExecutorMAXChunk
21/11/23 08:38:21
21/11/23 08:38:21
/home/pi/reginaldojunior/experimentos/dynamic-batch/2-test//airlines-AdaptiveRandomForestExecutorMAXChunk
21/11/23 08:48:33
21/11/23 08:48:33
/home/pi/reginaldojunior/experimentos/dynamic-batch/2-test//airlines-LBagExecutorMAXChunk
21/11/23 08:58:47
21/11/23 08:58:47
/home/pi/reginaldojunior/experimentos/dynamic-batch/2-test//airlines-StreamingRandomPatchesExecutorMAXChunk
21/11/23 09:09:00
21/11/23 09:09:00
/home/pi/reginaldojunior/experimentos/dynamic-batch/2-test//airlines-OzaBagAdwinExecutorMAXChunk
21/11/23 09:19:14
21/11/23 09:19:14
/home/pi/reginaldojunior/experimentos/dynamic-batch/2-test//airlines-OzaBagASHTExecutorMAXChunk
21/11/23 09:29:28
21/11/23 09:29:28
/home/pi/reginaldojunior/experimentos/dynamic-batch/2-test//airlines-OzaBagExecutorMAXChunk
21/11/23 09:39:42
21/11/23 09:39:42
/home/pi/reginaldojunior/experimentos/dynamic-batch/2-test//elecNormNew-AdaptiveRandomForestExecutorMAXChunk
21/11/23 09:49:54
21/11/23 09:49:54
/home/pi/reginaldojunior/experimentos/dynamic-batch/2-test//elecNormNew-LBagExecutorMAXChunk
21/11/23 10:00:08
21/11/23 10:00:08
/home/pi/reginaldojunior/experimentos/dynamic-batch/2-test//elecNormNew-StreamingRandomPatchesExecutorMAXChunk
21/11/23 10:10:20
21/11/23 10:10:21
/home/pi/reginaldojunior/experimentos/dynamic-batch/2-test//elecNormNew-OzaBagAdwinExecutorMAXChunk
21/11/23 10:18:42
21/11/23 10:18:42
/home/pi/reginaldojunior/experimentos/dynamic-batch/2-test//elecNormNew-OzaBagASHTExecutorMAXChunk
21/11/23 10:21:39
21/11/23 10:21:39
/home/pi/reginaldojunior/experimentos/dynamic-batch/2-test//elecNormNew-OzaBagExecutorMAXChunk
21/11/23 10:24:39
21/11/23 10:24:39
/home/pi/reginaldojunior/experimentos/dynamic-batch/2-test//GMSC-AdaptiveRandomForestExecutorMAXChunk
21/11/23 10:34:51
21/11/23 10:34:51
/home/pi/reginaldojunior/experimentos/dynamic-batch/2-test//GMSC-LBagExecutorMAXChunk
21/11/23 10:45:05
21/11/23 10:45:05
/home/pi/reginaldojunior/experimentos/dynamic-batch/2-test//GMSC-StreamingRandomPatchesExecutorMAXChunk
21/11/23 10:55:18
21/11/23 10:55:18
/home/pi/reginaldojunior/experimentos/dynamic-batch/2-test//GMSC-OzaBagAdwinExecutorMAXChunk
21/11/23 11:05:31
21/11/23 11:05:31
/home/pi/reginaldojunior/experimentos/dynamic-batch/2-test//GMSC-OzaBagASHTExecutorMAXChunk
21/11/23 11:12:02
21/11/23 11:12:02
/home/pi/reginaldojunior/experimentos/dynamic-batch/2-test//GMSC-OzaBagExecutorMAXChunk
21/11/23 11:18:10
21/11/23 11:18:10
