28/11/23 12:48:21
/home/pi/reginaldojunior/experimentos/dynamic-batch/5-test//covtypeNorm-AdaptiveRandomForestExecutorMAXChunk
28/11/23 12:58:34
28/11/23 12:58:34
/home/pi/reginaldojunior/experimentos/dynamic-batch/5-test//covtypeNorm-LBagExecutorMAXChunk
28/11/23 13:08:47
28/11/23 13:08:47
/home/pi/reginaldojunior/experimentos/dynamic-batch/5-test//covtypeNorm-StreamingRandomPatchesExecutorMAXChunk
28/11/23 13:19:00
28/11/23 13:19:00
/home/pi/reginaldojunior/experimentos/dynamic-batch/5-test//covtypeNorm-OzaBagAdwinExecutorMAXChunk
28/11/23 13:29:13
28/11/23 13:29:13
/home/pi/reginaldojunior/experimentos/dynamic-batch/5-test//covtypeNorm-OzaBagASHTExecutorMAXChunk
28/11/23 13:39:27
28/11/23 13:39:27
/home/pi/reginaldojunior/experimentos/dynamic-batch/5-test//covtypeNorm-OzaBagExecutorMAXChunk
28/11/23 13:49:41
28/11/23 13:49:41
/home/pi/reginaldojunior/experimentos/dynamic-batch/5-test//airlines-AdaptiveRandomForestExecutorMAXChunk
28/11/23 13:59:54
28/11/23 13:59:54
/home/pi/reginaldojunior/experimentos/dynamic-batch/5-test//airlines-LBagExecutorMAXChunk
28/11/23 14:10:07
28/11/23 14:10:08
/home/pi/reginaldojunior/experimentos/dynamic-batch/5-test//airlines-StreamingRandomPatchesExecutorMAXChunk
28/11/23 14:20:20
28/11/23 14:20:21
/home/pi/reginaldojunior/experimentos/dynamic-batch/5-test//airlines-OzaBagAdwinExecutorMAXChunk
28/11/23 14:30:34
28/11/23 14:30:34
/home/pi/reginaldojunior/experimentos/dynamic-batch/5-test//airlines-OzaBagASHTExecutorMAXChunk
28/11/23 14:40:49
28/11/23 14:40:49
/home/pi/reginaldojunior/experimentos/dynamic-batch/5-test//airlines-OzaBagExecutorMAXChunk
28/11/23 14:51:03
28/11/23 14:51:03
/home/pi/reginaldojunior/experimentos/dynamic-batch/5-test//elecNormNew-AdaptiveRandomForestExecutorMAXChunk
28/11/23 15:01:15
28/11/23 15:01:15
/home/pi/reginaldojunior/experimentos/dynamic-batch/5-test//elecNormNew-LBagExecutorMAXChunk
28/11/23 15:11:29
28/11/23 15:11:29
/home/pi/reginaldojunior/experimentos/dynamic-batch/5-test//elecNormNew-StreamingRandomPatchesExecutorMAXChunk
28/11/23 15:21:42
28/11/23 15:21:42
/home/pi/reginaldojunior/experimentos/dynamic-batch/5-test//elecNormNew-OzaBagAdwinExecutorMAXChunk
28/11/23 15:26:52
28/11/23 15:26:52
/home/pi/reginaldojunior/experimentos/dynamic-batch/5-test//elecNormNew-OzaBagASHTExecutorMAXChunk
28/11/23 15:29:57
28/11/23 15:29:57
/home/pi/reginaldojunior/experimentos/dynamic-batch/5-test//elecNormNew-OzaBagExecutorMAXChunk
28/11/23 15:34:04
28/11/23 15:34:04
/home/pi/reginaldojunior/experimentos/dynamic-batch/5-test//GMSC-AdaptiveRandomForestExecutorMAXChunk
28/11/23 15:44:17
28/11/23 15:44:17
/home/pi/reginaldojunior/experimentos/dynamic-batch/5-test//GMSC-LBagExecutorMAXChunk
28/11/23 15:54:30
28/11/23 15:54:30
/home/pi/reginaldojunior/experimentos/dynamic-batch/5-test//GMSC-StreamingRandomPatchesExecutorMAXChunk
28/11/23 16:04:43
28/11/23 16:04:43
/home/pi/reginaldojunior/experimentos/dynamic-batch/5-test//GMSC-OzaBagAdwinExecutorMAXChunk
28/11/23 16:14:57
28/11/23 16:14:57
/home/pi/reginaldojunior/experimentos/dynamic-batch/5-test//GMSC-OzaBagASHTExecutorMAXChunk
28/11/23 16:22:24
28/11/23 16:22:24
/home/pi/reginaldojunior/experimentos/dynamic-batch/5-test//GMSC-OzaBagExecutorMAXChunk
28/11/23 16:28:19
28/11/23 16:28:19
