14/10/23 11:51:35
/home/pi/reginaldojunior/experimentos/socket/mb-socket-dynamic/all-batches-2//elecNormNew-AdaptiveRandomForestExecutorMAXChunk-25-4-25-316
14/10/23 11:52:07
14/10/23 11:52:07
14/10/23 12:01:57
/home/pi/reginaldojunior/experimentos/socket/mb-socket-dynamic/all-batches-2//elecNormNew-AdaptiveRandomForestExecutorMAXChunk-25-4-50-316
14/10/23 12:12:02
14/10/23 12:12:02
/home/pi/reginaldojunior/experimentos/socket/mb-socket-dynamic/all-batches-2//elecNormNew-LBagExecutorMAXChunk-25-4-50-524
14/10/23 12:16:51
14/10/23 12:16:51
/home/pi/reginaldojunior/experimentos/socket/mb-socket-dynamic/all-batches-2//elecNormNew-StreamingRandomPatchesExecutorMAXChunk-25-4-50-169
14/10/23 12:26:57
14/10/23 12:26:57
/home/pi/reginaldojunior/experimentos/socket/mb-socket-dynamic/all-batches-2//elecNormNew-OzaBagAdwinExecutorMAXChunk-25-4-50-1208
14/10/23 12:29:31
14/10/23 12:29:31
/home/pi/reginaldojunior/experimentos/socket/mb-socket-dynamic/all-batches-2//elecNormNew-OzaBagASHTExecutorMAXChunk-25-4-50-1496
14/10/23 12:30:45
14/10/23 12:30:45
/home/pi/reginaldojunior/experimentos/socket/mb-socket-dynamic/all-batches-2//elecNormNew-OzaBagExecutorMAXChunk-25-4-50-1664
14/10/23 12:32:19
14/10/23 12:32:19
/home/pi/reginaldojunior/experimentos/socket/mb-socket-dynamic/all-batches-2//covtypeNorm-AdaptiveRandomForestExecutorMAXChunk-25-4-50-207
14/10/23 12:42:25
14/10/23 12:42:25
/home/pi/reginaldojunior/experimentos/socket/mb-socket-dynamic/all-batches-2//covtypeNorm-LBagExecutorMAXChunk-25-4-50-150
14/10/23 12:52:31
14/10/23 12:52:31
/home/pi/reginaldojunior/experimentos/socket/mb-socket-dynamic/all-batches-2//covtypeNorm-StreamingRandomPatchesExecutorMAXChunk-25-4-50-68
14/10/23 13:02:37
14/10/23 13:02:37
/home/pi/reginaldojunior/experimentos/socket/mb-socket-dynamic/all-batches-2//covtypeNorm-OzaBagAdwinExecutorMAXChunk-25-4-50-283
14/10/23 13:12:43
14/10/23 13:12:43
/home/pi/reginaldojunior/experimentos/socket/mb-socket-dynamic/all-batches-2//covtypeNorm-OzaBagASHTExecutorMAXChunk-25-4-50-251
14/10/23 13:22:50
14/10/23 13:22:50
/home/pi/reginaldojunior/experimentos/socket/mb-socket-dynamic/all-batches-2//covtypeNorm-OzaBagExecutorMAXChunk-25-4-50-288
14/10/23 13:32:56
14/10/23 13:32:56
/home/pi/reginaldojunior/experimentos/socket/mb-socket-dynamic/all-batches-2//airlines-AdaptiveRandomForestExecutorMAXChunk-25-4-50-66
14/10/23 13:43:02
14/10/23 13:43:02
/home/pi/reginaldojunior/experimentos/socket/mb-socket-dynamic/all-batches-2//airlines-LBagExecutorMAXChunk-25-4-50-46
14/10/23 13:53:09
14/10/23 13:53:09
/home/pi/reginaldojunior/experimentos/socket/mb-socket-dynamic/all-batches-2//airlines-StreamingRandomPatchesExecutorMAXChunk-25-4-50-69
14/10/23 14:03:16
14/10/23 14:03:16
/home/pi/reginaldojunior/experimentos/socket/mb-socket-dynamic/all-batches-2//airlines-OzaBagAdwinExecutorMAXChunk-25-4-50-170
14/10/23 14:13:23
14/10/23 14:13:23
/home/pi/reginaldojunior/experimentos/socket/mb-socket-dynamic/all-batches-2//airlines-OzaBagASHTExecutorMAXChunk-25-4-50-177
14/10/23 14:23:31
14/10/23 14:23:31
/home/pi/reginaldojunior/experimentos/socket/mb-socket-dynamic/all-batches-2//airlines-OzaBagExecutorMAXChunk-25-4-50-170
14/10/23 14:33:40
14/10/23 14:33:40
/home/pi/reginaldojunior/experimentos/socket/mb-socket-dynamic/all-batches-2//GMSC-AdaptiveRandomForestExecutorMAXChunk-25-4-50-540
14/10/23 14:43:45
14/10/23 14:43:45
/home/pi/reginaldojunior/experimentos/socket/mb-socket-dynamic/all-batches-2//GMSC-LBagExecutorMAXChunk-25-4-50-716
14/10/23 14:53:52
14/10/23 14:53:52
/home/pi/reginaldojunior/experimentos/socket/mb-socket-dynamic/all-batches-2//GMSC-StreamingRandomPatchesExecutorMAXChunk-25-4-50-295
14/10/23 15:03:58
14/10/23 15:03:58
/home/pi/reginaldojunior/experimentos/socket/mb-socket-dynamic/all-batches-2//GMSC-OzaBagAdwinExecutorMAXChunk-25-4-50-1709
14/10/23 15:09:03
14/10/23 15:09:03
/home/pi/reginaldojunior/experimentos/socket/mb-socket-dynamic/all-batches-2//GMSC-OzaBagASHTExecutorMAXChunk-25-4-50-2263
14/10/23 15:14:16
14/10/23 15:14:16
/home/pi/reginaldojunior/experimentos/socket/mb-socket-dynamic/all-batches-2//GMSC-OzaBagExecutorMAXChunk-25-4-50-2260
14/10/23 15:17:07
14/10/23 15:17:07
/home/pi/reginaldojunior/experimentos/socket/mb-socket-dynamic/all-batches-2//elecNormNew-AdaptiveRandomForestExecutorMAXChunk-25-4-500-316
14/10/23 15:27:12
14/10/23 15:27:12
/home/pi/reginaldojunior/experimentos/socket/mb-socket-dynamic/all-batches-2//elecNormNew-LBagExecutorMAXChunk-25-4-500-524
14/10/23 15:33:16
14/10/23 15:33:16
/home/pi/reginaldojunior/experimentos/socket/mb-socket-dynamic/all-batches-2//elecNormNew-StreamingRandomPatchesExecutorMAXChunk-25-4-500-169
14/10/23 15:43:22
14/10/23 15:43:22
/home/pi/reginaldojunior/experimentos/socket/mb-socket-dynamic/all-batches-2//elecNormNew-OzaBagAdwinExecutorMAXChunk-25-4-500-1208
14/10/23 15:46:01
14/10/23 15:46:01
/home/pi/reginaldojunior/experimentos/socket/mb-socket-dynamic/all-batches-2//elecNormNew-OzaBagASHTExecutorMAXChunk-25-4-500-1496
14/10/23 15:49:59
14/10/23 15:49:59
/home/pi/reginaldojunior/experimentos/socket/mb-socket-dynamic/all-batches-2//elecNormNew-OzaBagExecutorMAXChunk-25-4-500-1664
14/10/23 15:52:37
14/10/23 15:52:37
/home/pi/reginaldojunior/experimentos/socket/mb-socket-dynamic/all-batches-2//covtypeNorm-AdaptiveRandomForestExecutorMAXChunk-25-4-500-207
14/10/23 16:02:43
14/10/23 16:02:43
/home/pi/reginaldojunior/experimentos/socket/mb-socket-dynamic/all-batches-2//covtypeNorm-LBagExecutorMAXChunk-25-4-500-150
14/10/23 16:12:50
14/10/23 16:12:50
/home/pi/reginaldojunior/experimentos/socket/mb-socket-dynamic/all-batches-2//covtypeNorm-StreamingRandomPatchesExecutorMAXChunk-25-4-500-68
14/10/23 16:22:55
14/10/23 16:22:55
/home/pi/reginaldojunior/experimentos/socket/mb-socket-dynamic/all-batches-2//covtypeNorm-OzaBagAdwinExecutorMAXChunk-25-4-500-283
14/10/23 16:33:02
14/10/23 16:33:02
/home/pi/reginaldojunior/experimentos/socket/mb-socket-dynamic/all-batches-2//covtypeNorm-OzaBagASHTExecutorMAXChunk-25-4-500-251
14/10/23 16:43:09
14/10/23 16:43:09
/home/pi/reginaldojunior/experimentos/socket/mb-socket-dynamic/all-batches-2//covtypeNorm-OzaBagExecutorMAXChunk-25-4-500-288
14/10/23 16:53:15
14/10/23 16:53:15
/home/pi/reginaldojunior/experimentos/socket/mb-socket-dynamic/all-batches-2//airlines-AdaptiveRandomForestExecutorMAXChunk-25-4-500-66
14/10/23 17:03:22
14/10/23 17:03:22
/home/pi/reginaldojunior/experimentos/socket/mb-socket-dynamic/all-batches-2//airlines-LBagExecutorMAXChunk-25-4-500-46
14/10/23 17:13:45
14/10/23 17:13:46
/home/pi/reginaldojunior/experimentos/socket/mb-socket-dynamic/all-batches-2//airlines-StreamingRandomPatchesExecutorMAXChunk-25-4-500-69
14/10/23 17:23:56
14/10/23 17:23:56
/home/pi/reginaldojunior/experimentos/socket/mb-socket-dynamic/all-batches-2//airlines-OzaBagAdwinExecutorMAXChunk-25-4-500-170
14/10/23 17:34:04
14/10/23 17:34:04
/home/pi/reginaldojunior/experimentos/socket/mb-socket-dynamic/all-batches-2//airlines-OzaBagASHTExecutorMAXChunk-25-4-500-177
14/10/23 17:44:11
14/10/23 17:44:11
/home/pi/reginaldojunior/experimentos/socket/mb-socket-dynamic/all-batches-2//airlines-OzaBagExecutorMAXChunk-25-4-500-170
14/10/23 17:54:24
14/10/23 17:54:24
/home/pi/reginaldojunior/experimentos/socket/mb-socket-dynamic/all-batches-2//GMSC-AdaptiveRandomForestExecutorMAXChunk-25-4-500-540
14/10/23 18:04:30
14/10/23 18:04:30
/home/pi/reginaldojunior/experimentos/socket/mb-socket-dynamic/all-batches-2//GMSC-LBagExecutorMAXChunk-25-4-500-716
14/10/23 18:14:37
14/10/23 18:14:37
/home/pi/reginaldojunior/experimentos/socket/mb-socket-dynamic/all-batches-2//GMSC-StreamingRandomPatchesExecutorMAXChunk-25-4-500-295
14/10/23 18:24:43
14/10/23 18:24:43
/home/pi/reginaldojunior/experimentos/socket/mb-socket-dynamic/all-batches-2//GMSC-OzaBagAdwinExecutorMAXChunk-25-4-500-1709
14/10/23 18:30:11
14/10/23 18:30:11
/home/pi/reginaldojunior/experimentos/socket/mb-socket-dynamic/all-batches-2//GMSC-OzaBagASHTExecutorMAXChunk-25-4-500-2263
14/10/23 18:34:59
14/10/23 18:34:59
/home/pi/reginaldojunior/experimentos/socket/mb-socket-dynamic/all-batches-2//GMSC-OzaBagExecutorMAXChunk-25-4-500-2260
14/10/23 18:38:31
14/10/23 18:38:31
/home/pi/reginaldojunior/experimentos/socket/mb-socket-dynamic/all-batches-2//elecNormNew-AdaptiveRandomForestExecutorMAXChunk-25-4-2000-316
14/10/23 18:48:34
14/10/23 18:48:34
/home/pi/reginaldojunior/experimentos/socket/mb-socket-dynamic/all-batches-2//elecNormNew-LBagExecutorMAXChunk-25-4-2000-524
14/10/23 18:56:52
14/10/23 18:56:52
/home/pi/reginaldojunior/experimentos/socket/mb-socket-dynamic/all-batches-2//elecNormNew-StreamingRandomPatchesExecutorMAXChunk-25-4-2000-169
14/10/23 19:06:59
14/10/23 19:06:59
/home/pi/reginaldojunior/experimentos/socket/mb-socket-dynamic/all-batches-2//elecNormNew-OzaBagAdwinExecutorMAXChunk-25-4-2000-1208
14/10/23 19:09:19
14/10/23 19:09:19
/home/pi/reginaldojunior/experimentos/socket/mb-socket-dynamic/all-batches-2//elecNormNew-OzaBagASHTExecutorMAXChunk-25-4-2000-1496
14/10/23 19:10:34
14/10/23 19:10:34
/home/pi/reginaldojunior/experimentos/socket/mb-socket-dynamic/all-batches-2//elecNormNew-OzaBagExecutorMAXChunk-25-4-2000-1664
14/10/23 19:12:37
14/10/23 19:12:37
/home/pi/reginaldojunior/experimentos/socket/mb-socket-dynamic/all-batches-2//covtypeNorm-AdaptiveRandomForestExecutorMAXChunk-25-4-2000-207
14/10/23 19:22:43
14/10/23 19:22:44
/home/pi/reginaldojunior/experimentos/socket/mb-socket-dynamic/all-batches-2//covtypeNorm-LBagExecutorMAXChunk-25-4-2000-150
14/10/23 19:32:53
14/10/23 19:32:53
/home/pi/reginaldojunior/experimentos/socket/mb-socket-dynamic/all-batches-2//covtypeNorm-StreamingRandomPatchesExecutorMAXChunk-25-4-2000-68
14/10/23 19:43:02
14/10/23 19:43:02
/home/pi/reginaldojunior/experimentos/socket/mb-socket-dynamic/all-batches-2//covtypeNorm-OzaBagAdwinExecutorMAXChunk-25-4-2000-283
14/10/23 19:53:09
14/10/23 19:53:09
/home/pi/reginaldojunior/experimentos/socket/mb-socket-dynamic/all-batches-2//covtypeNorm-OzaBagASHTExecutorMAXChunk-25-4-2000-251
14/10/23 20:03:17
14/10/23 20:03:17
/home/pi/reginaldojunior/experimentos/socket/mb-socket-dynamic/all-batches-2//covtypeNorm-OzaBagExecutorMAXChunk-25-4-2000-288
14/10/23 20:13:24
14/10/23 20:13:24
/home/pi/reginaldojunior/experimentos/socket/mb-socket-dynamic/all-batches-2//airlines-AdaptiveRandomForestExecutorMAXChunk-25-4-2000-66
14/10/23 20:23:45
14/10/23 20:23:45
/home/pi/reginaldojunior/experimentos/socket/mb-socket-dynamic/all-batches-2//airlines-LBagExecutorMAXChunk-25-4-2000-46
14/10/23 20:33:57
14/10/23 20:33:57
/home/pi/reginaldojunior/experimentos/socket/mb-socket-dynamic/all-batches-2//airlines-StreamingRandomPatchesExecutorMAXChunk-25-4-2000-69
14/10/23 20:44:28
14/10/23 20:44:28
/home/pi/reginaldojunior/experimentos/socket/mb-socket-dynamic/all-batches-2//airlines-OzaBagAdwinExecutorMAXChunk-25-4-2000-170
14/10/23 20:54:48
14/10/23 20:54:48
/home/pi/reginaldojunior/experimentos/socket/mb-socket-dynamic/all-batches-2//airlines-OzaBagASHTExecutorMAXChunk-25-4-2000-177
14/10/23 21:04:57
14/10/23 21:04:57
/home/pi/reginaldojunior/experimentos/socket/mb-socket-dynamic/all-batches-2//airlines-OzaBagExecutorMAXChunk-25-4-2000-170
14/10/23 21:15:20
14/10/23 21:15:20
/home/pi/reginaldojunior/experimentos/socket/mb-socket-dynamic/all-batches-2//GMSC-AdaptiveRandomForestExecutorMAXChunk-25-4-2000-540
14/10/23 21:25:26
14/10/23 21:25:26
/home/pi/reginaldojunior/experimentos/socket/mb-socket-dynamic/all-batches-2//GMSC-LBagExecutorMAXChunk-25-4-2000-716
14/10/23 21:35:34
14/10/23 21:35:34
/home/pi/reginaldojunior/experimentos/socket/mb-socket-dynamic/all-batches-2//GMSC-StreamingRandomPatchesExecutorMAXChunk-25-4-2000-295
14/10/23 21:45:40
14/10/23 21:45:40
/home/pi/reginaldojunior/experimentos/socket/mb-socket-dynamic/all-batches-2//GMSC-OzaBagAdwinExecutorMAXChunk-25-4-2000-1709
14/10/23 21:50:48
14/10/23 21:50:48
/home/pi/reginaldojunior/experimentos/socket/mb-socket-dynamic/all-batches-2//GMSC-OzaBagASHTExecutorMAXChunk-25-4-2000-2263
14/10/23 21:55:34
14/10/23 21:55:34
/home/pi/reginaldojunior/experimentos/socket/mb-socket-dynamic/all-batches-2//GMSC-OzaBagExecutorMAXChunk-25-4-2000-2260
14/10/23 22:01:56
