12/07/22 06:54:12
12/07/22 06:55:19
/home/pi/reginaldojunior/experimentos/socket/optimized//elecNormNew-LBagExecutorMAXChunk-25-4-25-114
12/07/22 06:57:26
12/07/22 06:57:26
/home/pi/reginaldojunior/experimentos/socket/optimized//elecNormNew-LBagExecutorMAXChunk-25-4-25-572
12/07/22 06:58:52
12/07/22 06:58:52
/home/pi/reginaldojunior/experimentos/socket/optimized//elecNormNew-LBagExecutorMAXChunk-25-4-25-1031
12/07/22 06:59:42
12/07/22 06:59:42
/home/pi/reginaldojunior/experimentos/socket/optimized//elecNormNew-StreamingRandomPatchesExecutorMAXChunk-25-4-25-46
12/07/22 07:01:47
12/07/22 07:01:47
/home/pi/reginaldojunior/experimentos/socket/optimized//elecNormNew-StreamingRandomPatchesExecutorMAXChunk-25-4-25-234
12/07/22 07:03:52
12/07/22 07:03:52
/home/pi/reginaldojunior/experimentos/socket/optimized//elecNormNew-StreamingRandomPatchesExecutorMAXChunk-25-4-25-422
12/07/22 07:05:45
12/07/22 07:05:45
/home/pi/reginaldojunior/experimentos/socket/optimized//elecNormNew-OzaBagAdwinExecutorMAXChunk-25-4-25-214
12/07/22 07:07:52
12/07/22 07:07:52
/home/pi/reginaldojunior/experimentos/socket/optimized//elecNormNew-OzaBagAdwinExecutorMAXChunk-25-4-25-1071
12/07/22 07:08:40
12/07/22 07:08:40
/home/pi/reginaldojunior/experimentos/socket/optimized//elecNormNew-OzaBagAdwinExecutorMAXChunk-25-4-25-1929
12/07/22 07:09:10
12/07/22 07:09:10
/home/pi/reginaldojunior/experimentos/socket/optimized//elecNormNew-OzaBagASHTExecutorMAXChunk-25-4-25-396
12/07/22 07:11:12
12/07/22 07:11:12
/home/pi/reginaldojunior/experimentos/socket/optimized//elecNormNew-OzaBagASHTExecutorMAXChunk-25-4-25-1983
12/07/22 07:11:41
12/07/22 07:11:41
/home/pi/reginaldojunior/experimentos/socket/optimized//elecNormNew-OzaBagASHTExecutorMAXChunk-25-4-25-3570
12/07/22 07:12:01
12/07/22 07:12:01
/home/pi/reginaldojunior/experimentos/socket/optimized//elecNormNew-OzaBagExecutorMAXChunk-25-4-25-395
12/07/22 07:14:03
12/07/22 07:14:03
/home/pi/reginaldojunior/experimentos/socket/optimized//elecNormNew-OzaBagExecutorMAXChunk-25-4-25-1976
12/07/22 07:14:32
12/07/22 07:14:32
/home/pi/reginaldojunior/experimentos/socket/optimized//elecNormNew-OzaBagExecutorMAXChunk-25-4-25-3558
12/07/22 07:14:52
12/07/22 07:14:52
/home/pi/reginaldojunior/experimentos/socket/optimized//covtypeNorm-LBagExecutorMAXChunk-25-4-25-58
12/07/22 07:16:58
12/07/22 07:16:58
/home/pi/reginaldojunior/experimentos/socket/optimized//covtypeNorm-LBagExecutorMAXChunk-25-4-25-293
12/07/22 07:19:05
12/07/22 07:19:05
/home/pi/reginaldojunior/experimentos/socket/optimized//covtypeNorm-LBagExecutorMAXChunk-25-4-25-528
12/07/22 07:21:12
12/07/22 07:21:12
/home/pi/reginaldojunior/experimentos/socket/optimized//covtypeNorm-StreamingRandomPatchesExecutorMAXChunk-25-4-25-21
12/07/22 07:23:17
12/07/22 07:23:17
/home/pi/reginaldojunior/experimentos/socket/optimized//covtypeNorm-StreamingRandomPatchesExecutorMAXChunk-25-4-25-106
12/07/22 07:25:22
12/07/22 07:25:22
/home/pi/reginaldojunior/experimentos/socket/optimized//covtypeNorm-StreamingRandomPatchesExecutorMAXChunk-25-4-25-191
12/07/22 07:27:27
12/07/22 07:27:27
/home/pi/reginaldojunior/experimentos/socket/optimized//covtypeNorm-OzaBagAdwinExecutorMAXChunk-25-4-25-81
12/07/22 07:29:33
12/07/22 07:29:33
/home/pi/reginaldojunior/experimentos/socket/optimized//covtypeNorm-OzaBagAdwinExecutorMAXChunk-25-4-25-405
12/07/22 07:31:40
12/07/22 07:31:40
/home/pi/reginaldojunior/experimentos/socket/optimized//covtypeNorm-OzaBagAdwinExecutorMAXChunk-25-4-25-729
12/07/22 07:33:47
12/07/22 07:33:47
/home/pi/reginaldojunior/experimentos/socket/optimized//covtypeNorm-OzaBagASHTExecutorMAXChunk-25-4-25-281
12/07/22 07:35:54
12/07/22 07:35:54
/home/pi/reginaldojunior/experimentos/socket/optimized//covtypeNorm-OzaBagASHTExecutorMAXChunk-25-4-25-1407
12/07/22 07:37:59
12/07/22 07:38:00
/home/pi/reginaldojunior/experimentos/socket/optimized//covtypeNorm-OzaBagASHTExecutorMAXChunk-25-4-25-2533
12/07/22 07:40:06
12/07/22 07:40:06
/home/pi/reginaldojunior/experimentos/socket/optimized//covtypeNorm-OzaBagExecutorMAXChunk-25-4-25-275
12/07/22 07:42:13
12/07/22 07:42:13
/home/pi/reginaldojunior/experimentos/socket/optimized//covtypeNorm-OzaBagExecutorMAXChunk-25-4-25-1378
12/07/22 07:44:20
12/07/22 07:44:20
/home/pi/reginaldojunior/experimentos/socket/optimized//covtypeNorm-OzaBagExecutorMAXChunk-25-4-25-2480
12/07/22 07:46:26
12/07/22 07:46:26
/home/pi/reginaldojunior/experimentos/socket/optimized//airlines-LBagExecutorMAXChunk-25-4-25-21
12/07/22 07:48:32
12/07/22 07:48:32
/home/pi/reginaldojunior/experimentos/socket/optimized//airlines-LBagExecutorMAXChunk-25-4-25-109
12/07/22 07:50:39
12/07/22 07:50:39
/home/pi/reginaldojunior/experimentos/socket/optimized//airlines-LBagExecutorMAXChunk-25-4-25-196
12/07/22 07:52:46
12/07/22 07:52:46
/home/pi/reginaldojunior/experimentos/socket/optimized//airlines-StreamingRandomPatchesExecutorMAXChunk-25-4-25-23
12/07/22 07:54:51
12/07/22 07:54:51
/home/pi/reginaldojunior/experimentos/socket/optimized//airlines-StreamingRandomPatchesExecutorMAXChunk-25-4-25-115
12/07/22 07:56:57
12/07/22 07:56:57
/home/pi/reginaldojunior/experimentos/socket/optimized//airlines-StreamingRandomPatchesExecutorMAXChunk-25-4-25-207
12/07/22 07:59:02
12/07/22 07:59:02
/home/pi/reginaldojunior/experimentos/socket/optimized//airlines-OzaBagAdwinExecutorMAXChunk-25-4-25-71
12/07/22 08:01:09
12/07/22 08:01:09
/home/pi/reginaldojunior/experimentos/socket/optimized//airlines-OzaBagAdwinExecutorMAXChunk-25-4-25-359
12/07/22 08:03:15
12/07/22 08:03:15
/home/pi/reginaldojunior/experimentos/socket/optimized//airlines-OzaBagAdwinExecutorMAXChunk-25-4-25-647
12/07/22 08:05:21
12/07/22 08:05:21
/home/pi/reginaldojunior/experimentos/socket/optimized//airlines-OzaBagASHTExecutorMAXChunk-25-4-25-312
12/07/22 08:07:28
12/07/22 08:07:28
/home/pi/reginaldojunior/experimentos/socket/optimized//airlines-OzaBagASHTExecutorMAXChunk-25-4-25-1562
12/07/22 08:09:34
12/07/22 08:09:34
/home/pi/reginaldojunior/experimentos/socket/optimized//airlines-OzaBagASHTExecutorMAXChunk-25-4-25-2812
12/07/22 08:11:40
12/07/22 08:11:40
/home/pi/reginaldojunior/experimentos/socket/optimized//airlines-OzaBagExecutorMAXChunk-25-4-25-479
12/07/22 08:13:48
12/07/22 08:13:48
/home/pi/reginaldojunior/experimentos/socket/optimized//airlines-OzaBagExecutorMAXChunk-25-4-25-2395
12/07/22 08:15:54
12/07/22 08:15:54
/home/pi/reginaldojunior/experimentos/socket/optimized//airlines-OzaBagExecutorMAXChunk-25-4-25-4311
12/07/22 08:18:00
12/07/22 08:18:00
/home/pi/reginaldojunior/experimentos/socket/optimized//GMSC-LBagExecutorMAXChunk-25-4-25-184
12/07/22 08:20:07
12/07/22 08:20:07
/home/pi/reginaldojunior/experimentos/socket/optimized//GMSC-LBagExecutorMAXChunk-25-4-25-920
12/07/22 08:22:14
12/07/22 08:22:14
/home/pi/reginaldojunior/experimentos/socket/optimized//GMSC-LBagExecutorMAXChunk-25-4-25-1656
12/07/22 08:23:52
12/07/22 08:23:52
/home/pi/reginaldojunior/experimentos/socket/optimized//GMSC-StreamingRandomPatchesExecutorMAXChunk-25-4-25-82
12/07/22 08:25:56
12/07/22 08:25:56
/home/pi/reginaldojunior/experimentos/socket/optimized//GMSC-StreamingRandomPatchesExecutorMAXChunk-25-4-25-410
12/07/22 08:28:01
12/07/22 08:28:01
/home/pi/reginaldojunior/experimentos/socket/optimized//GMSC-StreamingRandomPatchesExecutorMAXChunk-25-4-25-738
12/07/22 08:30:06
12/07/22 08:30:06
/home/pi/reginaldojunior/experimentos/socket/optimized//GMSC-OzaBagAdwinExecutorMAXChunk-25-4-25-362
12/07/22 08:32:13
12/07/22 08:32:13
/home/pi/reginaldojunior/experimentos/socket/optimized//GMSC-OzaBagAdwinExecutorMAXChunk-25-4-25-1812
12/07/22 08:33:43
12/07/22 08:33:43
/home/pi/reginaldojunior/experimentos/socket/optimized//GMSC-OzaBagAdwinExecutorMAXChunk-25-4-25-3263
12/07/22 08:34:38
12/07/22 08:34:38
/home/pi/reginaldojunior/experimentos/socket/optimized//GMSC-OzaBagASHTExecutorMAXChunk-25-4-25-682
12/07/22 08:36:44
12/07/22 08:36:44
/home/pi/reginaldojunior/experimentos/socket/optimized//GMSC-OzaBagASHTExecutorMAXChunk-25-4-25-3410
12/07/22 08:37:35
12/07/22 08:37:35
/home/pi/reginaldojunior/experimentos/socket/optimized//GMSC-OzaBagASHTExecutorMAXChunk-25-4-25-6138
12/07/22 08:38:05
12/07/22 08:38:05
/home/pi/reginaldojunior/experimentos/socket/optimized//GMSC-OzaBagExecutorMAXChunk-25-4-25-640
12/07/22 08:40:12
12/07/22 08:40:12
/home/pi/reginaldojunior/experimentos/socket/optimized//GMSC-OzaBagExecutorMAXChunk-25-4-25-3201
12/07/22 08:41:06
12/07/22 08:41:06
/home/pi/reginaldojunior/experimentos/socket/optimized//GMSC-OzaBagExecutorMAXChunk-25-4-25-5762
12/07/22 08:41:38
12/07/22 08:41:38
/home/pi/reginaldojunior/experimentos/socket/optimized//elecNormNew-LBagExecutorMAXChunk-25-4-50-118
12/07/22 08:43:45
12/07/22 08:43:45
/home/pi/reginaldojunior/experimentos/socket/optimized//elecNormNew-LBagExecutorMAXChunk-25-4-50-594
12/07/22 08:45:09
12/07/22 08:45:09
/home/pi/reginaldojunior/experimentos/socket/optimized//elecNormNew-LBagExecutorMAXChunk-25-4-50-1069
12/07/22 08:45:58
12/07/22 08:45:58
/home/pi/reginaldojunior/experimentos/socket/optimized//elecNormNew-StreamingRandomPatchesExecutorMAXChunk-25-4-50-44
12/07/22 08:48:04
12/07/22 08:48:04
/home/pi/reginaldojunior/experimentos/socket/optimized//elecNormNew-StreamingRandomPatchesExecutorMAXChunk-25-4-50-221
12/07/22 08:50:09
12/07/22 08:50:09
/home/pi/reginaldojunior/experimentos/socket/optimized//elecNormNew-StreamingRandomPatchesExecutorMAXChunk-25-4-50-398
12/07/22 08:52:10
12/07/22 08:52:10
/home/pi/reginaldojunior/experimentos/socket/optimized//elecNormNew-OzaBagAdwinExecutorMAXChunk-25-4-50-251
12/07/22 08:54:16
12/07/22 08:54:16
/home/pi/reginaldojunior/experimentos/socket/optimized//elecNormNew-OzaBagAdwinExecutorMAXChunk-25-4-50-1257
12/07/22 08:54:59
12/07/22 08:54:59
/home/pi/reginaldojunior/experimentos/socket/optimized//elecNormNew-OzaBagAdwinExecutorMAXChunk-25-4-50-2263
12/07/22 08:55:26
12/07/22 08:55:26
/home/pi/reginaldojunior/experimentos/socket/optimized//elecNormNew-OzaBagASHTExecutorMAXChunk-25-4-50-420
12/07/22 08:57:20
12/07/22 08:57:20
/home/pi/reginaldojunior/experimentos/socket/optimized//elecNormNew-OzaBagASHTExecutorMAXChunk-25-4-50-2102
12/07/22 08:57:48
12/07/22 08:57:48
/home/pi/reginaldojunior/experimentos/socket/optimized//elecNormNew-OzaBagASHTExecutorMAXChunk-25-4-50-3785
12/07/22 08:58:06
12/07/22 08:58:06
/home/pi/reginaldojunior/experimentos/socket/optimized//elecNormNew-OzaBagExecutorMAXChunk-25-4-50-421
12/07/22 09:00:01
12/07/22 09:00:01
/home/pi/reginaldojunior/experimentos/socket/optimized//elecNormNew-OzaBagExecutorMAXChunk-25-4-50-2106
12/07/22 09:00:29
12/07/22 09:00:29
/home/pi/reginaldojunior/experimentos/socket/optimized//elecNormNew-OzaBagExecutorMAXChunk-25-4-50-3791
12/07/22 09:00:47
12/07/22 09:00:47
/home/pi/reginaldojunior/experimentos/socket/optimized//covtypeNorm-LBagExecutorMAXChunk-25-4-50-66
12/07/22 09:02:54
12/07/22 09:02:54
/home/pi/reginaldojunior/experimentos/socket/optimized//covtypeNorm-LBagExecutorMAXChunk-25-4-50-333
12/07/22 09:05:01
12/07/22 09:05:01
/home/pi/reginaldojunior/experimentos/socket/optimized//covtypeNorm-LBagExecutorMAXChunk-25-4-50-601
12/07/22 09:07:08
12/07/22 09:07:08
/home/pi/reginaldojunior/experimentos/socket/optimized//covtypeNorm-StreamingRandomPatchesExecutorMAXChunk-25-4-50-22
12/07/22 09:09:13
12/07/22 09:09:13
/home/pi/reginaldojunior/experimentos/socket/optimized//covtypeNorm-StreamingRandomPatchesExecutorMAXChunk-25-4-50-110
12/07/22 09:11:19
12/07/22 09:11:19
/home/pi/reginaldojunior/experimentos/socket/optimized//covtypeNorm-StreamingRandomPatchesExecutorMAXChunk-25-4-50-199
12/07/22 09:13:24
12/07/22 09:13:24
/home/pi/reginaldojunior/experimentos/socket/optimized//covtypeNorm-OzaBagAdwinExecutorMAXChunk-25-4-50-102
12/07/22 09:15:31
12/07/22 09:15:31
/home/pi/reginaldojunior/experimentos/socket/optimized//covtypeNorm-OzaBagAdwinExecutorMAXChunk-25-4-50-512
12/07/22 09:17:38
12/07/22 09:17:38
/home/pi/reginaldojunior/experimentos/socket/optimized//covtypeNorm-OzaBagAdwinExecutorMAXChunk-25-4-50-921
12/07/22 09:19:44
12/07/22 09:19:44
/home/pi/reginaldojunior/experimentos/socket/optimized//covtypeNorm-OzaBagASHTExecutorMAXChunk-25-4-50-256
12/07/22 09:21:51
12/07/22 09:21:51
/home/pi/reginaldojunior/experimentos/socket/optimized//covtypeNorm-OzaBagASHTExecutorMAXChunk-25-4-50-1284
12/07/22 09:23:58
12/07/22 09:23:58
/home/pi/reginaldojunior/experimentos/socket/optimized//covtypeNorm-OzaBagASHTExecutorMAXChunk-25-4-50-2312
12/07/22 09:26:05
12/07/22 09:26:05
/home/pi/reginaldojunior/experimentos/socket/optimized//covtypeNorm-OzaBagExecutorMAXChunk-25-4-50-295
12/07/22 09:28:12
12/07/22 09:28:12
/home/pi/reginaldojunior/experimentos/socket/optimized//covtypeNorm-OzaBagExecutorMAXChunk-25-4-50-1479
12/07/22 09:30:18
12/07/22 09:30:18
/home/pi/reginaldojunior/experimentos/socket/optimized//covtypeNorm-OzaBagExecutorMAXChunk-25-4-50-2663
12/07/22 09:32:25
12/07/22 09:32:25
/home/pi/reginaldojunior/experimentos/socket/optimized//airlines-LBagExecutorMAXChunk-25-4-50-22
12/07/22 09:34:32
12/07/22 09:34:32
/home/pi/reginaldojunior/experimentos/socket/optimized//airlines-LBagExecutorMAXChunk-25-4-50-111
12/07/22 09:36:41
12/07/22 09:36:41
/home/pi/reginaldojunior/experimentos/socket/optimized//airlines-LBagExecutorMAXChunk-25-4-50-200
12/07/22 09:38:50
12/07/22 09:38:50
/home/pi/reginaldojunior/experimentos/socket/optimized//airlines-StreamingRandomPatchesExecutorMAXChunk-25-4-50-23
12/07/22 09:40:55
12/07/22 09:40:55
/home/pi/reginaldojunior/experimentos/socket/optimized//airlines-StreamingRandomPatchesExecutorMAXChunk-25-4-50-117
12/07/22 09:43:01
12/07/22 09:43:01
/home/pi/reginaldojunior/experimentos/socket/optimized//airlines-StreamingRandomPatchesExecutorMAXChunk-25-4-50-210
12/07/22 09:45:06
12/07/22 09:45:06
/home/pi/reginaldojunior/experimentos/socket/optimized//airlines-OzaBagAdwinExecutorMAXChunk-25-4-50-68
12/07/22 09:47:13
12/07/22 09:47:13
/home/pi/reginaldojunior/experimentos/socket/optimized//airlines-OzaBagAdwinExecutorMAXChunk-25-4-50-341
12/07/22 09:49:20
12/07/22 09:49:20
/home/pi/reginaldojunior/experimentos/socket/optimized//airlines-OzaBagAdwinExecutorMAXChunk-25-4-50-614
12/07/22 09:51:27
12/07/22 09:51:27
/home/pi/reginaldojunior/experimentos/socket/optimized//airlines-OzaBagASHTExecutorMAXChunk-25-4-50-368
12/07/22 09:53:34
12/07/22 09:53:34
/home/pi/reginaldojunior/experimentos/socket/optimized//airlines-OzaBagASHTExecutorMAXChunk-25-4-50-1841
12/07/22 09:55:40
12/07/22 09:55:40
/home/pi/reginaldojunior/experimentos/socket/optimized//airlines-OzaBagASHTExecutorMAXChunk-25-4-50-3315
12/07/22 09:57:46
12/07/22 09:57:46
/home/pi/reginaldojunior/experimentos/socket/optimized//airlines-OzaBagExecutorMAXChunk-25-4-50-526
12/07/22 09:59:52
12/07/22 09:59:52
/home/pi/reginaldojunior/experimentos/socket/optimized//airlines-OzaBagExecutorMAXChunk-25-4-50-2630
12/07/22 10:01:59
12/07/22 10:01:59
/home/pi/reginaldojunior/experimentos/socket/optimized//airlines-OzaBagExecutorMAXChunk-25-4-50-4735
12/07/22 10:04:05
12/07/22 10:04:05
/home/pi/reginaldojunior/experimentos/socket/optimized//GMSC-LBagExecutorMAXChunk-25-4-50-202
12/07/22 10:06:12
12/07/22 10:06:12
/home/pi/reginaldojunior/experimentos/socket/optimized//GMSC-LBagExecutorMAXChunk-25-4-50-1012
12/07/22 10:08:19
12/07/22 10:08:19
/home/pi/reginaldojunior/experimentos/socket/optimized//GMSC-LBagExecutorMAXChunk-25-4-50-1823
12/07/22 10:09:48
12/07/22 10:09:48
/home/pi/reginaldojunior/experimentos/socket/optimized//GMSC-StreamingRandomPatchesExecutorMAXChunk-25-4-50-79
12/07/22 10:11:52
12/07/22 10:11:52
/home/pi/reginaldojunior/experimentos/socket/optimized//GMSC-StreamingRandomPatchesExecutorMAXChunk-25-4-50-398
12/07/22 10:13:58
12/07/22 10:13:58
/home/pi/reginaldojunior/experimentos/socket/optimized//GMSC-StreamingRandomPatchesExecutorMAXChunk-25-4-50-716
12/07/22 10:16:03
12/07/22 10:16:03
/home/pi/reginaldojunior/experimentos/socket/optimized//GMSC-OzaBagAdwinExecutorMAXChunk-25-4-50-393
12/07/22 10:18:10
12/07/22 10:18:10
/home/pi/reginaldojunior/experimentos/socket/optimized//GMSC-OzaBagAdwinExecutorMAXChunk-25-4-50-1969
12/07/22 10:19:33
12/07/22 10:19:33
/home/pi/reginaldojunior/experimentos/socket/optimized//GMSC-OzaBagAdwinExecutorMAXChunk-25-4-50-3544
12/07/22 10:20:21
12/07/22 10:20:21
/home/pi/reginaldojunior/experimentos/socket/optimized//GMSC-OzaBagASHTExecutorMAXChunk-25-4-50-753
12/07/22 10:22:28
12/07/22 10:22:28
/home/pi/reginaldojunior/experimentos/socket/optimized//GMSC-OzaBagASHTExecutorMAXChunk-25-4-50-3766
12/07/22 10:23:15
12/07/22 10:23:15
/home/pi/reginaldojunior/experimentos/socket/optimized//GMSC-OzaBagASHTExecutorMAXChunk-25-4-50-6779
12/07/22 10:23:43
12/07/22 10:23:43
/home/pi/reginaldojunior/experimentos/socket/optimized//GMSC-OzaBagExecutorMAXChunk-25-4-50-700
12/07/22 10:25:50
12/07/22 10:25:50
/home/pi/reginaldojunior/experimentos/socket/optimized//GMSC-OzaBagExecutorMAXChunk-25-4-50-3502
12/07/22 10:26:40
12/07/22 10:26:40
/home/pi/reginaldojunior/experimentos/socket/optimized//GMSC-OzaBagExecutorMAXChunk-25-4-50-6304
12/07/22 10:27:10
12/07/22 10:27:11
/home/pi/reginaldojunior/experimentos/socket/optimized//elecNormNew-LBagExecutorMAXChunk-25-4-75-128
12/07/22 10:29:17
12/07/22 10:29:17
/home/pi/reginaldojunior/experimentos/socket/optimized//elecNormNew-LBagExecutorMAXChunk-25-4-75-641
12/07/22 10:30:35
12/07/22 10:30:35
/home/pi/reginaldojunior/experimentos/socket/optimized//elecNormNew-LBagExecutorMAXChunk-25-4-75-1155
12/07/22 10:31:21
12/07/22 10:31:21
/home/pi/reginaldojunior/experimentos/socket/optimized//elecNormNew-StreamingRandomPatchesExecutorMAXChunk-25-4-75-38
12/07/22 10:33:26
12/07/22 10:33:26
/home/pi/reginaldojunior/experimentos/socket/optimized//elecNormNew-StreamingRandomPatchesExecutorMAXChunk-25-4-75-194
12/07/22 10:35:31
12/07/22 10:35:31
/home/pi/reginaldojunior/experimentos/socket/optimized//elecNormNew-StreamingRandomPatchesExecutorMAXChunk-25-4-75-350
12/07/22 10:37:36
12/07/22 10:37:36
/home/pi/reginaldojunior/experimentos/socket/optimized//elecNormNew-OzaBagAdwinExecutorMAXChunk-25-4-75-270
12/07/22 10:39:43
12/07/22 10:39:43
/home/pi/reginaldojunior/experimentos/socket/optimized//elecNormNew-OzaBagAdwinExecutorMAXChunk-25-4-75-1350
12/07/22 10:40:23
12/07/22 10:40:23
/home/pi/reginaldojunior/experimentos/socket/optimized//elecNormNew-OzaBagAdwinExecutorMAXChunk-25-4-75-2431
12/07/22 10:40:48
12/07/22 10:40:48
/home/pi/reginaldojunior/experimentos/socket/optimized//elecNormNew-OzaBagASHTExecutorMAXChunk-25-4-75-457
12/07/22 10:42:35
12/07/22 10:42:35
/home/pi/reginaldojunior/experimentos/socket/optimized//elecNormNew-OzaBagASHTExecutorMAXChunk-25-4-75-2289
12/07/22 10:43:02
12/07/22 10:43:02
/home/pi/reginaldojunior/experimentos/socket/optimized//elecNormNew-OzaBagASHTExecutorMAXChunk-25-4-75-4120
12/07/22 10:43:20
12/07/22 10:43:20
/home/pi/reginaldojunior/experimentos/socket/optimized//elecNormNew-OzaBagExecutorMAXChunk-25-4-75-422
12/07/22 10:45:15
12/07/22 10:45:15
/home/pi/reginaldojunior/experimentos/socket/optimized//elecNormNew-OzaBagExecutorMAXChunk-25-4-75-2111
12/07/22 10:45:42
12/07/22 10:45:42
/home/pi/reginaldojunior/experimentos/socket/optimized//elecNormNew-OzaBagExecutorMAXChunk-25-4-75-3800
12/07/22 10:46:02
12/07/22 10:46:02
/home/pi/reginaldojunior/experimentos/socket/optimized//covtypeNorm-LBagExecutorMAXChunk-25-4-75-70
12/07/22 10:48:09
12/07/22 10:48:09
/home/pi/reginaldojunior/experimentos/socket/optimized//covtypeNorm-LBagExecutorMAXChunk-25-4-75-350
12/07/22 10:50:15
12/07/22 10:50:15
/home/pi/reginaldojunior/experimentos/socket/optimized//covtypeNorm-LBagExecutorMAXChunk-25-4-75-630
12/07/22 10:52:22
12/07/22 10:52:22
/home/pi/reginaldojunior/experimentos/socket/optimized//covtypeNorm-StreamingRandomPatchesExecutorMAXChunk-25-4-75-22
12/07/22 10:54:28
12/07/22 10:54:28
/home/pi/reginaldojunior/experimentos/socket/optimized//covtypeNorm-StreamingRandomPatchesExecutorMAXChunk-25-4-75-111
12/07/22 10:56:34
12/07/22 10:56:34
/home/pi/reginaldojunior/experimentos/socket/optimized//covtypeNorm-StreamingRandomPatchesExecutorMAXChunk-25-4-75-200
12/07/22 10:58:39
12/07/22 10:58:39
/home/pi/reginaldojunior/experimentos/socket/optimized//covtypeNorm-OzaBagAdwinExecutorMAXChunk-25-4-75-109
12/07/22 11:00:46
12/07/22 11:00:46
/home/pi/reginaldojunior/experimentos/socket/optimized//covtypeNorm-OzaBagAdwinExecutorMAXChunk-25-4-75-548
12/07/22 11:02:52
12/07/22 11:02:52
/home/pi/reginaldojunior/experimentos/socket/optimized//covtypeNorm-OzaBagAdwinExecutorMAXChunk-25-4-75-987
12/07/22 11:04:59
12/07/22 11:04:59
/home/pi/reginaldojunior/experimentos/socket/optimized//covtypeNorm-OzaBagASHTExecutorMAXChunk-25-4-75-300
12/07/22 11:07:06
12/07/22 11:07:06
/home/pi/reginaldojunior/experimentos/socket/optimized//covtypeNorm-OzaBagASHTExecutorMAXChunk-25-4-75-1503
12/07/22 11:09:13
12/07/22 11:09:13
/home/pi/reginaldojunior/experimentos/socket/optimized//covtypeNorm-OzaBagASHTExecutorMAXChunk-25-4-75-2706
12/07/22 11:11:20
12/07/22 11:11:20
/home/pi/reginaldojunior/experimentos/socket/optimized//covtypeNorm-OzaBagExecutorMAXChunk-25-4-75-316
12/07/22 11:13:27
12/07/22 11:13:27
/home/pi/reginaldojunior/experimentos/socket/optimized//covtypeNorm-OzaBagExecutorMAXChunk-25-4-75-1581
12/07/22 11:15:34
12/07/22 11:15:34
/home/pi/reginaldojunior/experimentos/socket/optimized//covtypeNorm-OzaBagExecutorMAXChunk-25-4-75-2846
12/07/22 11:17:39
12/07/22 11:17:39
/home/pi/reginaldojunior/experimentos/socket/optimized//airlines-LBagExecutorMAXChunk-25-4-75-22
12/07/22 11:19:46
12/07/22 11:19:46
/home/pi/reginaldojunior/experimentos/socket/optimized//airlines-LBagExecutorMAXChunk-25-4-75-112
12/07/22 11:21:54
12/07/22 11:21:54
/home/pi/reginaldojunior/experimentos/socket/optimized//airlines-LBagExecutorMAXChunk-25-4-75-203
12/07/22 11:24:03
12/07/22 11:24:03
/home/pi/reginaldojunior/experimentos/socket/optimized//airlines-StreamingRandomPatchesExecutorMAXChunk-25-4-75-23
12/07/22 11:26:09
12/07/22 11:26:09
/home/pi/reginaldojunior/experimentos/socket/optimized//airlines-StreamingRandomPatchesExecutorMAXChunk-25-4-75-119
12/07/22 11:28:17
12/07/22 11:28:17
/home/pi/reginaldojunior/experimentos/socket/optimized//airlines-StreamingRandomPatchesExecutorMAXChunk-25-4-75-214
12/07/22 11:30:23
12/07/22 11:30:23
/home/pi/reginaldojunior/experimentos/socket/optimized//airlines-OzaBagAdwinExecutorMAXChunk-25-4-75-68
12/07/22 11:32:30
12/07/22 11:32:30
/home/pi/reginaldojunior/experimentos/socket/optimized//airlines-OzaBagAdwinExecutorMAXChunk-25-4-75-341
12/07/22 11:34:37
12/07/22 11:34:37
/home/pi/reginaldojunior/experimentos/socket/optimized//airlines-OzaBagAdwinExecutorMAXChunk-25-4-75-614
12/07/22 11:36:43
12/07/22 11:36:43
/home/pi/reginaldojunior/experimentos/socket/optimized//airlines-OzaBagASHTExecutorMAXChunk-25-4-75-435
12/07/22 11:38:50
12/07/22 11:38:50
/home/pi/reginaldojunior/experimentos/socket/optimized//airlines-OzaBagASHTExecutorMAXChunk-25-4-75-2175
12/07/22 11:40:57
12/07/22 11:40:57
/home/pi/reginaldojunior/experimentos/socket/optimized//airlines-OzaBagASHTExecutorMAXChunk-25-4-75-3916
12/07/22 11:43:04
12/07/22 11:43:04
/home/pi/reginaldojunior/experimentos/socket/optimized//airlines-OzaBagExecutorMAXChunk-25-4-75-567
12/07/22 11:45:10
12/07/22 11:45:10
/home/pi/reginaldojunior/experimentos/socket/optimized//airlines-OzaBagExecutorMAXChunk-25-4-75-2836
12/07/22 20:26:13
/home/pi/reginaldojunior/experimentos/socket/optimized//airlines-OzaBagASHTExecutorMAXChunk-25-4-75-2175
12/07/22 20:28:21
12/07/22 20:28:21
/home/pi/reginaldojunior/experimentos/socket/optimized//airlines-OzaBagASHTExecutorMAXChunk-25-4-75-3916
12/07/22 20:30:28
12/07/22 20:30:28
/home/pi/reginaldojunior/experimentos/socket/optimized//airlines-OzaBagExecutorMAXChunk-25-4-75-567
12/07/22 20:32:34
12/07/22 20:32:34
/home/pi/reginaldojunior/experimentos/socket/optimized//airlines-OzaBagExecutorMAXChunk-25-4-75-2836
12/07/22 20:34:41
12/07/22 20:34:41
/home/pi/reginaldojunior/experimentos/socket/optimized//airlines-OzaBagExecutorMAXChunk-25-4-75-5106
12/07/22 20:36:47
12/07/22 20:36:47
/home/pi/reginaldojunior/experimentos/socket/optimized//GMSC-LBagExecutorMAXChunk-25-4-75-201
12/07/22 20:38:53
12/07/22 20:38:53
/home/pi/reginaldojunior/experimentos/socket/optimized//GMSC-LBagExecutorMAXChunk-25-4-75-1007
12/07/22 20:41:00
12/07/22 20:41:00
/home/pi/reginaldojunior/experimentos/socket/optimized//GMSC-LBagExecutorMAXChunk-25-4-75-1813
12/07/22 20:42:29
12/07/22 20:42:29
/home/pi/reginaldojunior/experimentos/socket/optimized//GMSC-StreamingRandomPatchesExecutorMAXChunk-25-4-75-81
12/07/22 20:44:35
12/07/22 20:44:35
/home/pi/reginaldojunior/experimentos/socket/optimized//GMSC-StreamingRandomPatchesExecutorMAXChunk-25-4-75-407
12/07/22 20:46:40
12/07/22 20:46:40
/home/pi/reginaldojunior/experimentos/socket/optimized//GMSC-StreamingRandomPatchesExecutorMAXChunk-25-4-75-732
12/07/22 20:48:45
12/07/22 20:48:45
/home/pi/reginaldojunior/experimentos/socket/optimized//GMSC-OzaBagAdwinExecutorMAXChunk-25-4-75-418
12/07/22 20:50:52
12/07/22 20:50:52
/home/pi/reginaldojunior/experimentos/socket/optimized//GMSC-OzaBagAdwinExecutorMAXChunk-25-4-75-2092
12/07/22 20:52:11
12/07/22 20:52:11
/home/pi/reginaldojunior/experimentos/socket/optimized//GMSC-OzaBagAdwinExecutorMAXChunk-25-4-75-3766
12/07/22 20:52:57
12/07/22 20:52:57
/home/pi/reginaldojunior/experimentos/socket/optimized//GMSC-OzaBagASHTExecutorMAXChunk-25-4-75-784
12/07/22 20:55:04
12/07/22 20:55:04
/home/pi/reginaldojunior/experimentos/socket/optimized//GMSC-OzaBagASHTExecutorMAXChunk-25-4-75-3921
12/07/22 20:55:49
12/07/22 20:55:49
/home/pi/reginaldojunior/experimentos/socket/optimized//GMSC-OzaBagASHTExecutorMAXChunk-25-4-75-7059
12/07/22 20:56:17
12/07/22 20:56:17
/home/pi/reginaldojunior/experimentos/socket/optimized//GMSC-OzaBagExecutorMAXChunk-25-4-75-747
12/07/22 20:58:24
12/07/22 20:58:24
/home/pi/reginaldojunior/experimentos/socket/optimized//GMSC-OzaBagExecutorMAXChunk-25-4-75-3737
12/07/22 20:59:11
12/07/22 20:59:11
/home/pi/reginaldojunior/experimentos/socket/optimized//GMSC-OzaBagExecutorMAXChunk-25-4-75-6727
12/07/22 20:59:40
12/07/22 20:59:40
/home/pi/reginaldojunior/experimentos/socket/optimized//elecNormNew-LBagExecutorMAXChunk-25-4-100-131
12/07/22 21:01:47
12/07/22 21:01:47
/home/pi/reginaldojunior/experimentos/socket/optimized//elecNormNew-LBagExecutorMAXChunk-25-4-100-657
12/07/22 21:03:03
12/07/22 21:03:03
/home/pi/reginaldojunior/experimentos/socket/optimized//elecNormNew-LBagExecutorMAXChunk-25-4-100-1183
12/07/22 21:03:47
12/07/22 21:03:47
/home/pi/reginaldojunior/experimentos/socket/optimized//elecNormNew-StreamingRandomPatchesExecutorMAXChunk-25-4-100-42
12/07/22 21:05:53
12/07/22 21:05:53
/home/pi/reginaldojunior/experimentos/socket/optimized//elecNormNew-StreamingRandomPatchesExecutorMAXChunk-25-4-100-213
12/07/22 21:07:59
12/07/22 21:07:59
/home/pi/reginaldojunior/experimentos/socket/optimized//elecNormNew-StreamingRandomPatchesExecutorMAXChunk-25-4-100-385
12/07/22 21:10:02
12/07/22 21:10:02
/home/pi/reginaldojunior/experimentos/socket/optimized//elecNormNew-OzaBagAdwinExecutorMAXChunk-25-4-100-277
12/07/22 21:12:09
12/07/22 21:12:09
/home/pi/reginaldojunior/experimentos/socket/optimized//elecNormNew-OzaBagAdwinExecutorMAXChunk-25-4-100-1386
12/07/22 21:12:49
12/07/22 21:12:49
/home/pi/reginaldojunior/experimentos/socket/optimized//elecNormNew-OzaBagAdwinExecutorMAXChunk-25-4-100-2495
12/07/22 21:13:13
12/07/22 21:13:13
/home/pi/reginaldojunior/experimentos/socket/optimized//elecNormNew-OzaBagASHTExecutorMAXChunk-25-4-100-431
12/07/22 21:15:05
12/07/22 21:15:05
/home/pi/reginaldojunior/experimentos/socket/optimized//elecNormNew-OzaBagASHTExecutorMAXChunk-25-4-100-2159
12/07/22 21:15:33
12/07/22 21:15:33
/home/pi/reginaldojunior/experimentos/socket/optimized//elecNormNew-OzaBagASHTExecutorMAXChunk-25-4-100-3886
12/07/22 21:15:51
12/07/22 21:15:51
/home/pi/reginaldojunior/experimentos/socket/optimized//elecNormNew-OzaBagExecutorMAXChunk-25-4-100-458
12/07/22 21:17:37
12/07/22 21:17:37
/home/pi/reginaldojunior/experimentos/socket/optimized//elecNormNew-OzaBagExecutorMAXChunk-25-4-100-2294
12/07/22 21:18:05
12/07/22 21:18:05
/home/pi/reginaldojunior/experimentos/socket/optimized//elecNormNew-OzaBagExecutorMAXChunk-25-4-100-4130
12/07/22 21:18:23
12/07/22 21:18:23
/home/pi/reginaldojunior/experimentos/socket/optimized//covtypeNorm-LBagExecutorMAXChunk-25-4-100-74
12/07/22 21:20:30
12/07/22 21:20:30
/home/pi/reginaldojunior/experimentos/socket/optimized//covtypeNorm-LBagExecutorMAXChunk-25-4-100-370
12/07/22 21:22:37
12/07/22 21:22:37
/home/pi/reginaldojunior/experimentos/socket/optimized//covtypeNorm-LBagExecutorMAXChunk-25-4-100-667
12/07/22 21:24:44
12/07/22 21:24:44
/home/pi/reginaldojunior/experimentos/socket/optimized//covtypeNorm-StreamingRandomPatchesExecutorMAXChunk-25-4-100-23
12/07/22 21:26:50
12/07/22 21:26:50
/home/pi/reginaldojunior/experimentos/socket/optimized//covtypeNorm-StreamingRandomPatchesExecutorMAXChunk-25-4-100-115
12/07/22 21:28:56
12/07/22 21:28:56
/home/pi/reginaldojunior/experimentos/socket/optimized//covtypeNorm-StreamingRandomPatchesExecutorMAXChunk-25-4-100-208
12/07/22 21:31:02
12/07/22 21:31:02
/home/pi/reginaldojunior/experimentos/socket/optimized//covtypeNorm-OzaBagAdwinExecutorMAXChunk-25-4-100-113
12/07/22 21:33:08
12/07/22 21:33:08
/home/pi/reginaldojunior/experimentos/socket/optimized//covtypeNorm-OzaBagAdwinExecutorMAXChunk-25-4-100-565
12/07/22 21:35:15
12/07/22 21:35:15
/home/pi/reginaldojunior/experimentos/socket/optimized//covtypeNorm-OzaBagAdwinExecutorMAXChunk-25-4-100-1017
12/07/22 21:37:22
12/07/22 21:37:22
/home/pi/reginaldojunior/experimentos/socket/optimized//covtypeNorm-OzaBagASHTExecutorMAXChunk-25-4-100-317
12/07/22 21:39:29
12/07/22 21:39:29
/home/pi/reginaldojunior/experimentos/socket/optimized//covtypeNorm-OzaBagASHTExecutorMAXChunk-25-4-100-1587
12/07/22 21:41:36
12/07/22 21:41:36
/home/pi/reginaldojunior/experimentos/socket/optimized//covtypeNorm-OzaBagASHTExecutorMAXChunk-25-4-100-2856
12/07/22 21:43:42
12/07/22 21:43:42
/home/pi/reginaldojunior/experimentos/socket/optimized//covtypeNorm-OzaBagExecutorMAXChunk-25-4-100-321
12/07/22 21:45:48
12/07/22 21:45:48
/home/pi/reginaldojunior/experimentos/socket/optimized//covtypeNorm-OzaBagExecutorMAXChunk-25-4-100-1607
12/07/22 21:47:55
12/07/22 21:47:55
/home/pi/reginaldojunior/experimentos/socket/optimized//covtypeNorm-OzaBagExecutorMAXChunk-25-4-100-2893
12/07/22 21:50:01
12/07/22 21:50:01
/home/pi/reginaldojunior/experimentos/socket/optimized//airlines-LBagExecutorMAXChunk-25-4-100-22
12/07/22 21:52:08
12/07/22 21:52:08
/home/pi/reginaldojunior/experimentos/socket/optimized//airlines-LBagExecutorMAXChunk-25-4-100-114
12/07/22 21:54:21
12/07/22 21:54:21
/home/pi/reginaldojunior/experimentos/socket/optimized//airlines-LBagExecutorMAXChunk-25-4-100-206
12/07/22 21:56:32
12/07/22 21:56:32
/home/pi/reginaldojunior/experimentos/socket/optimized//airlines-StreamingRandomPatchesExecutorMAXChunk-25-4-100-24
12/07/22 21:58:38
12/07/22 21:58:38
/home/pi/reginaldojunior/experimentos/socket/optimized//airlines-StreamingRandomPatchesExecutorMAXChunk-25-4-100-123
12/07/22 22:00:44
12/07/22 22:00:44
/home/pi/reginaldojunior/experimentos/socket/optimized//airlines-StreamingRandomPatchesExecutorMAXChunk-25-4-100-221
12/07/22 22:02:50
12/07/22 22:02:50
/home/pi/reginaldojunior/experimentos/socket/optimized//airlines-OzaBagAdwinExecutorMAXChunk-25-4-100-68
12/07/22 22:04:57
12/07/22 22:04:57
/home/pi/reginaldojunior/experimentos/socket/optimized//airlines-OzaBagAdwinExecutorMAXChunk-25-4-100-341
12/07/22 22:07:04
12/07/22 22:07:04
/home/pi/reginaldojunior/experimentos/socket/optimized//airlines-OzaBagAdwinExecutorMAXChunk-25-4-100-613
12/07/22 22:09:10
12/07/22 22:09:10
/home/pi/reginaldojunior/experimentos/socket/optimized//airlines-OzaBagASHTExecutorMAXChunk-25-4-100-461
12/07/22 22:11:17
12/07/22 22:11:17
/home/pi/reginaldojunior/experimentos/socket/optimized//airlines-OzaBagASHTExecutorMAXChunk-25-4-100-2309
12/07/22 22:13:24
12/07/22 22:13:24
/home/pi/reginaldojunior/experimentos/socket/optimized//airlines-OzaBagASHTExecutorMAXChunk-25-4-100-4156
12/07/22 22:15:30
12/07/22 22:15:30
/home/pi/reginaldojunior/experimentos/socket/optimized//airlines-OzaBagExecutorMAXChunk-25-4-100-569
12/07/22 22:17:37
12/07/22 22:17:37
/home/pi/reginaldojunior/experimentos/socket/optimized//airlines-OzaBagExecutorMAXChunk-25-4-100-2845
12/07/22 22:19:44
12/07/22 22:19:44
/home/pi/reginaldojunior/experimentos/socket/optimized//airlines-OzaBagExecutorMAXChunk-25-4-100-5121
12/07/22 22:21:50
12/07/22 22:21:50
/home/pi/reginaldojunior/experimentos/socket/optimized//GMSC-LBagExecutorMAXChunk-25-4-100-199
12/07/22 22:23:57
12/07/22 22:23:57
/home/pi/reginaldojunior/experimentos/socket/optimized//GMSC-LBagExecutorMAXChunk-25-4-100-998
12/07/22 22:26:03
12/07/22 22:26:03
/home/pi/reginaldojunior/experimentos/socket/optimized//GMSC-LBagExecutorMAXChunk-25-4-100-1798
12/07/22 22:27:32
12/07/22 22:27:33
/home/pi/reginaldojunior/experimentos/socket/optimized//GMSC-StreamingRandomPatchesExecutorMAXChunk-25-4-100-81
12/07/22 22:29:38
12/07/22 22:29:38
/home/pi/reginaldojunior/experimentos/socket/optimized//GMSC-StreamingRandomPatchesExecutorMAXChunk-25-4-100-406
12/07/22 22:31:43
12/07/22 22:31:43
/home/pi/reginaldojunior/experimentos/socket/optimized//GMSC-StreamingRandomPatchesExecutorMAXChunk-25-4-100-732
12/07/22 22:33:49
12/07/22 22:33:49
/home/pi/reginaldojunior/experimentos/socket/optimized//GMSC-OzaBagAdwinExecutorMAXChunk-25-4-100-452
12/07/22 22:35:56
12/07/22 22:35:56
/home/pi/reginaldojunior/experimentos/socket/optimized//GMSC-OzaBagAdwinExecutorMAXChunk-25-4-100-2262
12/07/22 22:37:09
12/07/22 22:37:09
/home/pi/reginaldojunior/experimentos/socket/optimized//GMSC-OzaBagAdwinExecutorMAXChunk-25-4-100-4072
12/07/22 22:37:52
12/07/22 22:37:52
/home/pi/reginaldojunior/experimentos/socket/optimized//GMSC-OzaBagASHTExecutorMAXChunk-25-4-100-772
12/07/22 22:39:59
12/07/22 22:39:59
/home/pi/reginaldojunior/experimentos/socket/optimized//GMSC-OzaBagASHTExecutorMAXChunk-25-4-100-3861
12/07/22 22:40:45
12/07/22 22:40:45
/home/pi/reginaldojunior/experimentos/socket/optimized//GMSC-OzaBagASHTExecutorMAXChunk-25-4-100-6951
12/07/22 22:41:12
12/07/22 22:41:12
/home/pi/reginaldojunior/experimentos/socket/optimized//GMSC-OzaBagExecutorMAXChunk-25-4-100-763
12/07/22 22:43:19
12/07/22 22:43:19
/home/pi/reginaldojunior/experimentos/socket/optimized//GMSC-OzaBagExecutorMAXChunk-25-4-100-3819
12/07/22 22:44:05
12/07/22 22:44:05
/home/pi/reginaldojunior/experimentos/socket/optimized//GMSC-OzaBagExecutorMAXChunk-25-4-100-6875
12/07/22 22:44:34
12/07/22 22:44:34
/home/pi/reginaldojunior/experimentos/socket/optimized//elecNormNew-LBagExecutorMAXChunk-25-4-250-134
12/07/22 22:46:40
12/07/22 22:46:41
/home/pi/reginaldojunior/experimentos/socket/optimized//elecNormNew-LBagExecutorMAXChunk-25-4-250-671
12/07/22 22:47:55
12/07/22 22:47:55
/home/pi/reginaldojunior/experimentos/socket/optimized//elecNormNew-LBagExecutorMAXChunk-25-4-250-1208
12/07/22 22:48:40
12/07/22 22:48:40
/home/pi/reginaldojunior/experimentos/socket/optimized//elecNormNew-StreamingRandomPatchesExecutorMAXChunk-25-4-250-45
12/07/22 22:50:46
12/07/22 22:50:46
/home/pi/reginaldojunior/experimentos/socket/optimized//elecNormNew-StreamingRandomPatchesExecutorMAXChunk-25-4-250-226
12/07/22 22:52:52
12/07/22 22:52:52
/home/pi/reginaldojunior/experimentos/socket/optimized//elecNormNew-StreamingRandomPatchesExecutorMAXChunk-25-4-250-407
12/07/22 22:54:49
12/07/22 22:54:49
/home/pi/reginaldojunior/experimentos/socket/optimized//elecNormNew-OzaBagAdwinExecutorMAXChunk-25-4-250-274
12/07/22 22:56:56
12/07/22 22:56:56
/home/pi/reginaldojunior/experimentos/socket/optimized//elecNormNew-OzaBagAdwinExecutorMAXChunk-25-4-250-1370
12/07/22 22:57:36
12/07/22 22:57:36
/home/pi/reginaldojunior/experimentos/socket/optimized//elecNormNew-OzaBagAdwinExecutorMAXChunk-25-4-250-2466
12/07/22 22:58:00
12/07/22 22:58:00
/home/pi/reginaldojunior/experimentos/socket/optimized//elecNormNew-OzaBagASHTExecutorMAXChunk-25-4-250-476
12/07/22 22:59:42
12/07/22 22:59:42
/home/pi/reginaldojunior/experimentos/socket/optimized//elecNormNew-OzaBagASHTExecutorMAXChunk-25-4-250-2384
12/07/22 23:00:08
12/07/22 23:00:08
/home/pi/reginaldojunior/experimentos/socket/optimized//elecNormNew-OzaBagASHTExecutorMAXChunk-25-4-250-4292
12/07/22 23:00:25
12/07/22 23:00:25
/home/pi/reginaldojunior/experimentos/socket/optimized//elecNormNew-OzaBagExecutorMAXChunk-25-4-250-476
12/07/22 23:02:07
12/07/22 23:02:07
/home/pi/reginaldojunior/experimentos/socket/optimized//elecNormNew-OzaBagExecutorMAXChunk-25-4-250-2383
12/07/22 23:02:32
12/07/22 23:02:32
/home/pi/reginaldojunior/experimentos/socket/optimized//elecNormNew-OzaBagExecutorMAXChunk-25-4-250-4290
12/07/22 23:02:51
12/07/22 23:02:51
/home/pi/reginaldojunior/experimentos/socket/optimized//covtypeNorm-LBagExecutorMAXChunk-25-4-250-77
12/07/22 23:04:58
12/07/22 23:04:58
/home/pi/reginaldojunior/experimentos/socket/optimized//covtypeNorm-LBagExecutorMAXChunk-25-4-250-386
12/07/22 23:07:05
12/07/22 23:07:05
/home/pi/reginaldojunior/experimentos/socket/optimized//covtypeNorm-LBagExecutorMAXChunk-25-4-250-695
12/07/22 23:09:11
12/07/22 23:09:11
/home/pi/reginaldojunior/experimentos/socket/optimized//covtypeNorm-StreamingRandomPatchesExecutorMAXChunk-25-4-250-22
12/07/22 23:11:17
12/07/22 23:11:17
/home/pi/reginaldojunior/experimentos/socket/optimized//covtypeNorm-StreamingRandomPatchesExecutorMAXChunk-25-4-250-114
12/07/22 23:13:23
12/07/22 23:13:23
/home/pi/reginaldojunior/experimentos/socket/optimized//covtypeNorm-StreamingRandomPatchesExecutorMAXChunk-25-4-250-206
12/07/22 23:15:29
12/07/22 23:15:29
/home/pi/reginaldojunior/experimentos/socket/optimized//covtypeNorm-OzaBagAdwinExecutorMAXChunk-25-4-250-112
12/07/22 23:17:35
12/07/22 23:17:35
/home/pi/reginaldojunior/experimentos/socket/optimized//covtypeNorm-OzaBagAdwinExecutorMAXChunk-25-4-250-563
12/07/22 23:19:42
12/07/22 23:19:42
/home/pi/reginaldojunior/experimentos/socket/optimized//covtypeNorm-OzaBagAdwinExecutorMAXChunk-25-4-250-1014
12/07/22 23:21:49
12/07/22 23:21:49
/home/pi/reginaldojunior/experimentos/socket/optimized//covtypeNorm-OzaBagASHTExecutorMAXChunk-25-4-250-342
12/07/22 23:23:56
12/07/22 23:23:56
/home/pi/reginaldojunior/experimentos/socket/optimized//covtypeNorm-OzaBagASHTExecutorMAXChunk-25-4-250-1712
12/07/22 23:26:03
12/07/22 23:26:03
/home/pi/reginaldojunior/experimentos/socket/optimized//covtypeNorm-OzaBagASHTExecutorMAXChunk-25-4-250-3082
12/07/22 23:28:09
12/07/22 23:28:09
/home/pi/reginaldojunior/experimentos/socket/optimized//covtypeNorm-OzaBagExecutorMAXChunk-25-4-250-361
12/07/22 23:30:16
12/07/22 23:30:16
/home/pi/reginaldojunior/experimentos/socket/optimized//covtypeNorm-OzaBagExecutorMAXChunk-25-4-250-1805
12/07/22 23:32:22
12/07/22 23:32:22
/home/pi/reginaldojunior/experimentos/socket/optimized//covtypeNorm-OzaBagExecutorMAXChunk-25-4-250-3250
12/07/22 23:34:29
12/07/22 23:34:29
/home/pi/reginaldojunior/experimentos/socket/optimized//airlines-LBagExecutorMAXChunk-25-4-250-24
12/07/22 23:36:37
12/07/22 23:36:37
/home/pi/reginaldojunior/experimentos/socket/optimized//airlines-LBagExecutorMAXChunk-25-4-250-120
12/07/22 23:38:49
12/07/22 23:38:49
/home/pi/reginaldojunior/experimentos/socket/optimized//airlines-LBagExecutorMAXChunk-25-4-250-216
12/07/22 23:41:02
12/07/22 23:41:02
/home/pi/reginaldojunior/experimentos/socket/optimized//airlines-StreamingRandomPatchesExecutorMAXChunk-25-4-250-24
12/07/22 23:43:09
12/07/22 23:43:09
/home/pi/reginaldojunior/experimentos/socket/optimized//airlines-StreamingRandomPatchesExecutorMAXChunk-25-4-250-124
12/07/22 23:45:15
12/07/22 23:45:15
/home/pi/reginaldojunior/experimentos/socket/optimized//airlines-StreamingRandomPatchesExecutorMAXChunk-25-4-250-223
12/07/22 23:47:21
12/07/22 23:47:21
/home/pi/reginaldojunior/experimentos/socket/optimized//airlines-OzaBagAdwinExecutorMAXChunk-25-4-250-70
12/07/22 23:49:28
12/07/22 23:49:28
/home/pi/reginaldojunior/experimentos/socket/optimized//airlines-OzaBagAdwinExecutorMAXChunk-25-4-250-350
12/07/22 23:51:35
12/07/22 23:51:35
/home/pi/reginaldojunior/experimentos/socket/optimized//airlines-OzaBagAdwinExecutorMAXChunk-25-4-250-630
12/07/22 23:53:42
12/07/22 23:53:42
/home/pi/reginaldojunior/experimentos/socket/optimized//airlines-OzaBagASHTExecutorMAXChunk-25-4-250-488
12/07/22 23:55:49
12/07/22 23:55:49
/home/pi/reginaldojunior/experimentos/socket/optimized//airlines-OzaBagASHTExecutorMAXChunk-25-4-250-2441
12/07/22 23:57:56
12/07/22 23:57:56
/home/pi/reginaldojunior/experimentos/socket/optimized//airlines-OzaBagASHTExecutorMAXChunk-25-4-250-4394
13/07/22 00:00:03
13/07/22 00:00:03
/home/pi/reginaldojunior/experimentos/socket/optimized//airlines-OzaBagExecutorMAXChunk-25-4-250-605
13/07/22 00:02:10
13/07/22 00:02:10
/home/pi/reginaldojunior/experimentos/socket/optimized//airlines-OzaBagExecutorMAXChunk-25-4-250-3025
13/07/22 00:04:17
13/07/22 00:04:17
/home/pi/reginaldojunior/experimentos/socket/optimized//airlines-OzaBagExecutorMAXChunk-25-4-250-5446
13/07/22 00:06:23
13/07/22 00:06:23
/home/pi/reginaldojunior/experimentos/socket/optimized//GMSC-LBagExecutorMAXChunk-25-4-250-203
13/07/22 00:08:30
13/07/22 00:08:30
/home/pi/reginaldojunior/experimentos/socket/optimized//GMSC-LBagExecutorMAXChunk-25-4-250-1015
13/07/22 00:10:37
13/07/22 00:10:37
/home/pi/reginaldojunior/experimentos/socket/optimized//GMSC-LBagExecutorMAXChunk-25-4-250-1827
13/07/22 00:12:06
13/07/22 00:12:06
/home/pi/reginaldojunior/experimentos/socket/optimized//GMSC-StreamingRandomPatchesExecutorMAXChunk-25-4-250-80
13/07/22 00:14:11
13/07/22 00:14:11
/home/pi/reginaldojunior/experimentos/socket/optimized//GMSC-StreamingRandomPatchesExecutorMAXChunk-25-4-250-404
13/07/22 00:16:17
13/07/22 00:16:17
/home/pi/reginaldojunior/experimentos/socket/optimized//GMSC-StreamingRandomPatchesExecutorMAXChunk-25-4-250-728
13/07/22 00:18:23
13/07/22 00:18:23
/home/pi/reginaldojunior/experimentos/socket/optimized//GMSC-OzaBagAdwinExecutorMAXChunk-25-4-250-471
13/07/22 00:20:29
13/07/22 00:20:30
/home/pi/reginaldojunior/experimentos/socket/optimized//GMSC-OzaBagAdwinExecutorMAXChunk-25-4-250-2357
13/07/22 00:21:40
13/07/22 00:21:40
/home/pi/reginaldojunior/experimentos/socket/optimized//GMSC-OzaBagAdwinExecutorMAXChunk-25-4-250-4243
13/07/22 00:22:22
13/07/22 00:22:22
/home/pi/reginaldojunior/experimentos/socket/optimized//GMSC-OzaBagASHTExecutorMAXChunk-25-4-250-866
13/07/22 00:24:29
13/07/22 00:24:29
/home/pi/reginaldojunior/experimentos/socket/optimized//GMSC-OzaBagASHTExecutorMAXChunk-25-4-250-4331
13/07/22 00:25:12
13/07/22 00:25:12
/home/pi/reginaldojunior/experimentos/socket/optimized//GMSC-OzaBagASHTExecutorMAXChunk-25-4-250-7796
13/07/22 00:25:37
13/07/22 00:25:37
/home/pi/reginaldojunior/experimentos/socket/optimized//GMSC-OzaBagExecutorMAXChunk-25-4-250-843
13/07/22 00:27:44
13/07/22 00:27:44
/home/pi/reginaldojunior/experimentos/socket/optimized//GMSC-OzaBagExecutorMAXChunk-25-4-250-4219
13/07/22 00:28:26
13/07/22 00:28:26
/home/pi/reginaldojunior/experimentos/socket/optimized//GMSC-OzaBagExecutorMAXChunk-25-4-250-7594
13/07/22 00:28:52
13/07/22 00:28:52
/home/pi/reginaldojunior/experimentos/socket/optimized//elecNormNew-LBagExecutorMAXChunk-25-4-500-139
13/07/22 00:30:59
13/07/22 00:30:59
/home/pi/reginaldojunior/experimentos/socket/optimized//elecNormNew-LBagExecutorMAXChunk-25-4-500-696
13/07/22 00:32:11
13/07/22 00:32:11
/home/pi/reginaldojunior/experimentos/socket/optimized//elecNormNew-LBagExecutorMAXChunk-25-4-500-1253
13/07/22 00:32:53
13/07/22 00:32:53
/home/pi/reginaldojunior/experimentos/socket/optimized//elecNormNew-StreamingRandomPatchesExecutorMAXChunk-25-4-500-48
13/07/22 00:34:59
13/07/22 00:34:59
/home/pi/reginaldojunior/experimentos/socket/optimized//elecNormNew-StreamingRandomPatchesExecutorMAXChunk-25-4-500-241
13/07/22 00:37:05
13/07/22 00:37:05
/home/pi/reginaldojunior/experimentos/socket/optimized//elecNormNew-StreamingRandomPatchesExecutorMAXChunk-25-4-500-434
13/07/22 00:38:57
13/07/22 00:38:57
/home/pi/reginaldojunior/experimentos/socket/optimized//elecNormNew-OzaBagAdwinExecutorMAXChunk-25-4-500-287
13/07/22 00:41:04
13/07/22 00:41:04
/home/pi/reginaldojunior/experimentos/socket/optimized//elecNormNew-OzaBagAdwinExecutorMAXChunk-25-4-500-1437
13/07/22 00:41:42
13/07/22 00:41:42
/home/pi/reginaldojunior/experimentos/socket/optimized//elecNormNew-OzaBagAdwinExecutorMAXChunk-25-4-500-2588
13/07/22 00:42:05
13/07/22 00:42:05
/home/pi/reginaldojunior/experimentos/socket/optimized//elecNormNew-OzaBagASHTExecutorMAXChunk-25-4-500-498
13/07/22 00:43:44
13/07/22 00:43:44
/home/pi/reginaldojunior/experimentos/socket/optimized//elecNormNew-OzaBagASHTExecutorMAXChunk-25-4-500-2493
13/07/22 00:44:08
13/07/22 00:44:08
/home/pi/reginaldojunior/experimentos/socket/optimized//elecNormNew-OzaBagASHTExecutorMAXChunk-25-4-500-4488
13/07/22 00:44:25
13/07/22 00:44:25
/home/pi/reginaldojunior/experimentos/socket/optimized//elecNormNew-OzaBagExecutorMAXChunk-25-4-500-476
13/07/22 00:46:07
13/07/22 00:46:07
/home/pi/reginaldojunior/experimentos/socket/optimized//elecNormNew-OzaBagExecutorMAXChunk-25-4-500-2381
13/07/22 00:46:33
13/07/22 00:46:33
/home/pi/reginaldojunior/experimentos/socket/optimized//elecNormNew-OzaBagExecutorMAXChunk-25-4-500-4286
13/07/22 00:46:50
13/07/22 00:46:50
/home/pi/reginaldojunior/experimentos/socket/optimized//covtypeNorm-LBagExecutorMAXChunk-25-4-500-74
13/07/22 00:48:58
13/07/22 00:48:58
/home/pi/reginaldojunior/experimentos/socket/optimized//covtypeNorm-LBagExecutorMAXChunk-25-4-500-371
13/07/22 00:51:05
13/07/22 00:51:05
/home/pi/reginaldojunior/experimentos/socket/optimized//covtypeNorm-LBagExecutorMAXChunk-25-4-500-669
13/07/22 00:53:12
13/07/22 00:53:12
/home/pi/reginaldojunior/experimentos/socket/optimized//covtypeNorm-StreamingRandomPatchesExecutorMAXChunk-25-4-500-22
13/07/22 00:55:20
13/07/22 00:55:20
/home/pi/reginaldojunior/experimentos/socket/optimized//covtypeNorm-StreamingRandomPatchesExecutorMAXChunk-25-4-500-114
13/07/22 00:57:25
13/07/22 00:57:25
/home/pi/reginaldojunior/experimentos/socket/optimized//covtypeNorm-StreamingRandomPatchesExecutorMAXChunk-25-4-500-206
13/07/22 00:59:31
13/07/22 00:59:31
/home/pi/reginaldojunior/experimentos/socket/optimized//covtypeNorm-OzaBagAdwinExecutorMAXChunk-25-4-500-121
13/07/22 01:01:39
13/07/22 01:01:39
/home/pi/reginaldojunior/experimentos/socket/optimized//covtypeNorm-OzaBagAdwinExecutorMAXChunk-25-4-500-608
13/07/22 01:03:46
13/07/22 01:03:46
/home/pi/reginaldojunior/experimentos/socket/optimized//covtypeNorm-OzaBagAdwinExecutorMAXChunk-25-4-500-1095
13/07/22 01:05:53
13/07/22 01:05:53
/home/pi/reginaldojunior/experimentos/socket/optimized//covtypeNorm-OzaBagASHTExecutorMAXChunk-25-4-500-354
13/07/22 01:08:00
13/07/22 01:08:00
/home/pi/reginaldojunior/experimentos/socket/optimized//covtypeNorm-OzaBagASHTExecutorMAXChunk-25-4-500-1774
13/07/22 01:10:06
13/07/22 01:10:06
/home/pi/reginaldojunior/experimentos/socket/optimized//covtypeNorm-OzaBagASHTExecutorMAXChunk-25-4-500-3193
13/07/22 01:12:12
13/07/22 01:12:12
/home/pi/reginaldojunior/experimentos/socket/optimized//covtypeNorm-OzaBagExecutorMAXChunk-25-4-500-363
13/07/22 01:14:19
13/07/22 01:14:19
/home/pi/reginaldojunior/experimentos/socket/optimized//covtypeNorm-OzaBagExecutorMAXChunk-25-4-500-1816
13/07/22 01:16:26
13/07/22 01:16:26
/home/pi/reginaldojunior/experimentos/socket/optimized//covtypeNorm-OzaBagExecutorMAXChunk-25-4-500-3270
13/07/22 01:18:33
13/07/22 01:18:33
/home/pi/reginaldojunior/experimentos/socket/optimized//airlines-LBagExecutorMAXChunk-25-4-500-25
13/07/22 01:20:45
13/07/22 01:20:45
/home/pi/reginaldojunior/experimentos/socket/optimized//airlines-LBagExecutorMAXChunk-25-4-500-129
13/07/22 01:23:24
13/07/22 01:23:24
/home/pi/reginaldojunior/experimentos/socket/optimized//airlines-LBagExecutorMAXChunk-25-4-500-232
13/07/22 01:25:52
13/07/22 01:25:52
/home/pi/reginaldojunior/experimentos/socket/optimized//airlines-StreamingRandomPatchesExecutorMAXChunk-25-4-500-27
13/07/22 01:28:05
13/07/22 01:28:05
/home/pi/reginaldojunior/experimentos/socket/optimized//airlines-StreamingRandomPatchesExecutorMAXChunk-25-4-500-136
13/07/22 01:30:11
13/07/22 01:30:11
/home/pi/reginaldojunior/experimentos/socket/optimized//airlines-StreamingRandomPatchesExecutorMAXChunk-25-4-500-245
13/07/22 01:32:20
13/07/22 01:32:20
/home/pi/reginaldojunior/experimentos/socket/optimized//airlines-OzaBagAdwinExecutorMAXChunk-25-4-500-74
13/07/22 01:34:28
13/07/22 01:34:28
/home/pi/reginaldojunior/experimentos/socket/optimized//airlines-OzaBagAdwinExecutorMAXChunk-25-4-500-374
13/07/22 01:36:45
13/07/22 01:36:45
/home/pi/reginaldojunior/experimentos/socket/optimized//airlines-OzaBagAdwinExecutorMAXChunk-25-4-500-674
13/07/22 01:38:54
13/07/22 01:38:54
/home/pi/reginaldojunior/experimentos/socket/optimized//airlines-OzaBagASHTExecutorMAXChunk-25-4-500-487
13/07/22 01:41:01
13/07/22 01:41:01
/home/pi/reginaldojunior/experimentos/socket/optimized//airlines-OzaBagASHTExecutorMAXChunk-25-4-500-2436
13/07/22 01:43:08
13/07/22 01:43:08
/home/pi/reginaldojunior/experimentos/socket/optimized//airlines-OzaBagASHTExecutorMAXChunk-25-4-500-4385
13/07/22 01:45:14
13/07/22 01:45:14
/home/pi/reginaldojunior/experimentos/socket/optimized//airlines-OzaBagExecutorMAXChunk-25-4-500-619
13/07/22 01:47:20
13/07/22 01:47:20
/home/pi/reginaldojunior/experimentos/socket/optimized//airlines-OzaBagExecutorMAXChunk-25-4-500-3095
13/07/22 01:49:27
13/07/22 01:49:27
/home/pi/reginaldojunior/experimentos/socket/optimized//airlines-OzaBagExecutorMAXChunk-25-4-500-5571
13/07/22 01:51:34
13/07/22 01:51:34
/home/pi/reginaldojunior/experimentos/socket/optimized//GMSC-LBagExecutorMAXChunk-25-4-500-199
13/07/22 01:53:41
13/07/22 01:53:41
/home/pi/reginaldojunior/experimentos/socket/optimized//GMSC-LBagExecutorMAXChunk-25-4-500-998
13/07/22 01:55:47
13/07/22 01:55:47
/home/pi/reginaldojunior/experimentos/socket/optimized//GMSC-LBagExecutorMAXChunk-25-4-500-1797
13/07/22 01:57:18
13/07/22 01:57:18
/home/pi/reginaldojunior/experimentos/socket/optimized//GMSC-StreamingRandomPatchesExecutorMAXChunk-25-4-500-83
13/07/22 01:59:24
13/07/22 01:59:24
/home/pi/reginaldojunior/experimentos/socket/optimized//GMSC-StreamingRandomPatchesExecutorMAXChunk-25-4-500-418
13/07/22 02:01:29
13/07/22 02:01:29
/home/pi/reginaldojunior/experimentos/socket/optimized//GMSC-StreamingRandomPatchesExecutorMAXChunk-25-4-500-752
13/07/22 02:03:34
13/07/22 02:03:34
/home/pi/reginaldojunior/experimentos/socket/optimized//GMSC-OzaBagAdwinExecutorMAXChunk-25-4-500-501
13/07/22 02:05:41
13/07/22 02:05:41
/home/pi/reginaldojunior/experimentos/socket/optimized//GMSC-OzaBagAdwinExecutorMAXChunk-25-4-500-2508
13/07/22 02:06:48
13/07/22 02:06:48
/home/pi/reginaldojunior/experimentos/socket/optimized//GMSC-OzaBagAdwinExecutorMAXChunk-25-4-500-4515
13/07/22 02:07:27
13/07/22 02:07:27
/home/pi/reginaldojunior/experimentos/socket/optimized//GMSC-OzaBagASHTExecutorMAXChunk-25-4-500-837
13/07/22 02:09:34
13/07/22 02:09:34
/home/pi/reginaldojunior/experimentos/socket/optimized//GMSC-OzaBagASHTExecutorMAXChunk-25-4-500-4185
13/07/22 02:10:17
13/07/22 02:10:17
/home/pi/reginaldojunior/experimentos/socket/optimized//GMSC-OzaBagASHTExecutorMAXChunk-25-4-500-7534
13/07/22 02:10:43
13/07/22 02:10:43
/home/pi/reginaldojunior/experimentos/socket/optimized//GMSC-OzaBagExecutorMAXChunk-25-4-500-876
13/07/22 02:12:50
13/07/22 02:12:50
/home/pi/reginaldojunior/experimentos/socket/optimized//GMSC-OzaBagExecutorMAXChunk-25-4-500-4380
13/07/22 02:13:31
13/07/22 02:13:31
/home/pi/reginaldojunior/experimentos/socket/optimized//GMSC-OzaBagExecutorMAXChunk-25-4-500-7885
13/07/22 02:13:56
13/07/22 02:13:56
/home/pi/reginaldojunior/experimentos/socket/optimized//elecNormNew-LBagExecutorMAXChunk-25-4-2000-142
13/07/22 02:16:03
13/07/22 02:16:03
/home/pi/reginaldojunior/experimentos/socket/optimized//elecNormNew-LBagExecutorMAXChunk-25-4-2000-710
13/07/22 02:17:14
13/07/22 02:17:14
/home/pi/reginaldojunior/experimentos/socket/optimized//elecNormNew-LBagExecutorMAXChunk-25-4-2000-1279
13/07/22 02:17:57
13/07/22 02:17:57
/home/pi/reginaldojunior/experimentos/socket/optimized//elecNormNew-StreamingRandomPatchesExecutorMAXChunk-25-4-2000-48
13/07/22 02:20:06
13/07/22 02:20:06
/home/pi/reginaldojunior/experimentos/socket/optimized//elecNormNew-StreamingRandomPatchesExecutorMAXChunk-25-4-2000-244
13/07/22 02:22:12
13/07/22 02:22:12
/home/pi/reginaldojunior/experimentos/socket/optimized//elecNormNew-StreamingRandomPatchesExecutorMAXChunk-25-4-2000-439
13/07/22 02:24:10
13/07/22 02:24:10
/home/pi/reginaldojunior/experimentos/socket/optimized//elecNormNew-OzaBagAdwinExecutorMAXChunk-25-4-2000-262
13/07/22 02:26:17
13/07/22 02:26:17
/home/pi/reginaldojunior/experimentos/socket/optimized//elecNormNew-OzaBagAdwinExecutorMAXChunk-25-4-2000-1312
13/07/22 02:26:59
13/07/22 02:26:59
/home/pi/reginaldojunior/experimentos/socket/optimized//elecNormNew-OzaBagAdwinExecutorMAXChunk-25-4-2000-2362
13/07/22 02:27:25
13/07/22 02:27:25
/home/pi/reginaldojunior/experimentos/socket/optimized//elecNormNew-OzaBagASHTExecutorMAXChunk-25-4-2000-422
13/07/22 02:29:20
13/07/22 02:29:20
/home/pi/reginaldojunior/experimentos/socket/optimized//elecNormNew-OzaBagASHTExecutorMAXChunk-25-4-2000-2112
13/07/22 02:29:49
13/07/22 02:29:49
/home/pi/reginaldojunior/experimentos/socket/optimized//elecNormNew-OzaBagASHTExecutorMAXChunk-25-4-2000-3802
13/07/22 02:30:08
13/07/22 02:30:08
/home/pi/reginaldojunior/experimentos/socket/optimized//elecNormNew-OzaBagExecutorMAXChunk-25-4-2000-448
13/07/22 02:31:56
13/07/22 02:31:56
/home/pi/reginaldojunior/experimentos/socket/optimized//elecNormNew-OzaBagExecutorMAXChunk-25-4-2000-2241
13/07/22 02:32:23
13/07/22 02:32:23
/home/pi/reginaldojunior/experimentos/socket/optimized//elecNormNew-OzaBagExecutorMAXChunk-25-4-2000-4034
13/07/22 02:32:41
13/07/22 02:32:41
/home/pi/reginaldojunior/experimentos/socket/optimized//covtypeNorm-LBagExecutorMAXChunk-25-4-2000-65
13/07/22 02:34:52
13/07/22 02:34:52
/home/pi/reginaldojunior/experimentos/socket/optimized//covtypeNorm-LBagExecutorMAXChunk-25-4-2000-327
13/07/22 02:37:01
13/07/22 02:37:01
/home/pi/reginaldojunior/experimentos/socket/optimized//covtypeNorm-LBagExecutorMAXChunk-25-4-2000-588
13/07/22 02:39:09
13/07/22 02:39:09
/home/pi/reginaldojunior/experimentos/socket/optimized//covtypeNorm-StreamingRandomPatchesExecutorMAXChunk-25-4-2000-22
13/07/22 02:41:17
13/07/22 02:41:17
/home/pi/reginaldojunior/experimentos/socket/optimized//covtypeNorm-StreamingRandomPatchesExecutorMAXChunk-25-4-2000-114
13/07/22 02:43:27
13/07/22 02:43:27
/home/pi/reginaldojunior/experimentos/socket/optimized//covtypeNorm-StreamingRandomPatchesExecutorMAXChunk-25-4-2000-206
13/07/22 02:45:36
13/07/22 02:45:36
/home/pi/reginaldojunior/experimentos/socket/optimized//covtypeNorm-OzaBagAdwinExecutorMAXChunk-25-4-2000-121
13/07/22 02:47:43
13/07/22 02:47:43
/home/pi/reginaldojunior/experimentos/socket/optimized//covtypeNorm-OzaBagAdwinExecutorMAXChunk-25-4-2000-608
13/07/22 02:49:49
13/07/22 02:49:49
/home/pi/reginaldojunior/experimentos/socket/optimized//covtypeNorm-OzaBagAdwinExecutorMAXChunk-25-4-2000-1095
13/07/22 02:51:57
13/07/22 02:51:57
/home/pi/reginaldojunior/experimentos/socket/optimized//covtypeNorm-OzaBagASHTExecutorMAXChunk-25-4-2000-353
13/07/22 02:54:05
13/07/22 02:54:05
/home/pi/reginaldojunior/experimentos/socket/optimized//covtypeNorm-OzaBagASHTExecutorMAXChunk-25-4-2000-1768
13/07/22 02:56:13
13/07/22 02:56:13
/home/pi/reginaldojunior/experimentos/socket/optimized//covtypeNorm-OzaBagASHTExecutorMAXChunk-25-4-2000-3182
13/07/22 02:58:20
13/07/22 02:58:20
/home/pi/reginaldojunior/experimentos/socket/optimized//covtypeNorm-OzaBagExecutorMAXChunk-25-4-2000-356
13/07/22 03:00:27
13/07/22 03:00:27
/home/pi/reginaldojunior/experimentos/socket/optimized//covtypeNorm-OzaBagExecutorMAXChunk-25-4-2000-1781
13/07/22 03:02:34
13/07/22 03:02:34
/home/pi/reginaldojunior/experimentos/socket/optimized//covtypeNorm-OzaBagExecutorMAXChunk-25-4-2000-3206
13/07/22 03:04:41
13/07/22 03:04:41
/home/pi/reginaldojunior/experimentos/socket/optimized//airlines-LBagExecutorMAXChunk-25-4-2000-44
13/07/22 03:06:53
13/07/22 03:06:53
/home/pi/reginaldojunior/experimentos/socket/optimized//airlines-LBagExecutorMAXChunk-25-4-2000-220
13/07/22 03:44:51
13/07/22 03:44:51
/home/pi/reginaldojunior/experimentos/socket/optimized//airlines-LBagExecutorMAXChunk-25-4-2000-396
13/07/22 04:03:58
13/07/22 04:03:58
/home/pi/reginaldojunior/experimentos/socket/optimized//airlines-StreamingRandomPatchesExecutorMAXChunk-25-4-2000-28
13/07/22 04:06:15
13/07/22 04:06:15
/home/pi/reginaldojunior/experimentos/socket/optimized//airlines-StreamingRandomPatchesExecutorMAXChunk-25-4-2000-141
13/07/22 04:08:23
13/07/22 04:08:23
/home/pi/reginaldojunior/experimentos/socket/optimized//airlines-StreamingRandomPatchesExecutorMAXChunk-25-4-2000-253
13/07/22 04:10:49
13/07/22 04:10:49
/home/pi/reginaldojunior/experimentos/socket/optimized//airlines-OzaBagAdwinExecutorMAXChunk-25-4-2000-95
13/07/22 04:13:00
13/07/22 04:13:00
/home/pi/reginaldojunior/experimentos/socket/optimized//airlines-OzaBagAdwinExecutorMAXChunk-25-4-2000-476
13/07/22 04:15:09
13/07/22 04:15:09
/home/pi/reginaldojunior/experimentos/socket/optimized//airlines-OzaBagAdwinExecutorMAXChunk-25-4-2000-857
13/07/22 04:17:35
13/07/22 04:17:36
/home/pi/reginaldojunior/experimentos/socket/optimized//airlines-OzaBagASHTExecutorMAXChunk-25-4-2000-481
13/07/22 04:19:47
13/07/22 04:19:47
/home/pi/reginaldojunior/experimentos/socket/optimized//airlines-OzaBagASHTExecutorMAXChunk-25-4-2000-2407
13/07/22 04:21:59
13/07/22 04:21:59
/home/pi/reginaldojunior/experimentos/socket/optimized//airlines-OzaBagASHTExecutorMAXChunk-25-4-2000-4332
13/07/22 04:24:06
13/07/22 04:24:06
/home/pi/reginaldojunior/experimentos/socket/optimized//airlines-OzaBagExecutorMAXChunk-25-4-2000-621
13/07/22 04:26:13
13/07/22 04:26:13
/home/pi/reginaldojunior/experimentos/socket/optimized//airlines-OzaBagExecutorMAXChunk-25-4-2000-3107
13/07/22 04:28:20
13/07/22 04:28:20
/home/pi/reginaldojunior/experimentos/socket/optimized//airlines-OzaBagExecutorMAXChunk-25-4-2000-5592
13/07/22 04:30:26
13/07/22 04:30:26
/home/pi/reginaldojunior/experimentos/socket/optimized//GMSC-LBagExecutorMAXChunk-25-4-2000-195
13/07/22 04:32:33
13/07/22 04:32:33
/home/pi/reginaldojunior/experimentos/socket/optimized//GMSC-LBagExecutorMAXChunk-25-4-2000-975
13/07/22 04:34:40
13/07/22 04:34:40
/home/pi/reginaldojunior/experimentos/socket/optimized//GMSC-LBagExecutorMAXChunk-25-4-2000-1755
13/07/22 04:36:13
13/07/22 04:36:13
/home/pi/reginaldojunior/experimentos/socket/optimized//GMSC-StreamingRandomPatchesExecutorMAXChunk-25-4-2000-78
13/07/22 04:38:20
13/07/22 04:38:20
/home/pi/reginaldojunior/experimentos/socket/optimized//GMSC-StreamingRandomPatchesExecutorMAXChunk-25-4-2000-394
13/07/22 04:40:27
13/07/22 04:40:27
/home/pi/reginaldojunior/experimentos/socket/optimized//GMSC-StreamingRandomPatchesExecutorMAXChunk-25-4-2000-709
13/07/22 04:42:35
13/07/22 04:42:35
/home/pi/reginaldojunior/experimentos/socket/optimized//GMSC-OzaBagAdwinExecutorMAXChunk-25-4-2000-444
13/07/22 04:44:41
13/07/22 04:44:42
/home/pi/reginaldojunior/experimentos/socket/optimized//GMSC-OzaBagAdwinExecutorMAXChunk-25-4-2000-2222
13/07/22 04:45:56
13/07/22 04:45:56
/home/pi/reginaldojunior/experimentos/socket/optimized//GMSC-OzaBagAdwinExecutorMAXChunk-25-4-2000-4000
13/07/22 04:46:40
13/07/22 04:46:40
/home/pi/reginaldojunior/experimentos/socket/optimized//GMSC-OzaBagASHTExecutorMAXChunk-25-4-2000-870
13/07/22 04:48:47
13/07/22 04:48:47
/home/pi/reginaldojunior/experimentos/socket/optimized//GMSC-OzaBagASHTExecutorMAXChunk-25-4-2000-4352
13/07/22 04:49:29
13/07/22 04:49:29
/home/pi/reginaldojunior/experimentos/socket/optimized//GMSC-OzaBagASHTExecutorMAXChunk-25-4-2000-7833
13/07/22 04:49:56
13/07/22 04:49:56
/home/pi/reginaldojunior/experimentos/socket/optimized//GMSC-OzaBagExecutorMAXChunk-25-4-2000-792
13/07/22 04:52:03
13/07/22 04:52:03
/home/pi/reginaldojunior/experimentos/socket/optimized//GMSC-OzaBagExecutorMAXChunk-25-4-2000-3961
13/07/22 04:52:47
13/07/22 04:52:47
/home/pi/reginaldojunior/experimentos/socket/optimized//GMSC-OzaBagExecutorMAXChunk-25-4-2000-7131
13/07/22 04:53:18
13/07/22 04:53:18
