25/07/22 02:55:41
/home/pi/reginaldojunior/experimentos/socket/optimized/third//elecNormNew-AdaptiveRandomForestExecutorMAXChunk-25-4-25-79
25/07/22 02:57:45
25/07/22 02:57:45
/home/pi/reginaldojunior/experimentos/socket/optimized/third//elecNormNew-AdaptiveRandomForestExecutorMAXChunk-25-4-25-397
25/07/22 02:59:45
25/07/22 02:59:45
/home/pi/reginaldojunior/experimentos/socket/optimized/third//elecNormNew-AdaptiveRandomForestExecutorMAXChunk-25-4-25-714
25/07/22 03:00:55
25/07/22 03:00:55
/home/pi/reginaldojunior/experimentos/socket/optimized/third//elecNormNew-LBagExecutorMAXChunk-25-4-25-103
25/07/22 03:03:01
25/07/22 03:03:01
/home/pi/reginaldojunior/experimentos/socket/optimized/third//elecNormNew-LBagExecutorMAXChunk-25-4-25-516
25/07/22 03:04:36
25/07/22 03:04:36
/home/pi/reginaldojunior/experimentos/socket/optimized/third//elecNormNew-LBagExecutorMAXChunk-25-4-25-928
25/07/22 03:05:32
25/07/22 03:05:32
/home/pi/reginaldojunior/experimentos/socket/optimized/third//elecNormNew-StreamingRandomPatchesExecutorMAXChunk-25-4-25-35
25/07/22 03:07:36
25/07/22 03:07:36
/home/pi/reginaldojunior/experimentos/socket/optimized/third//elecNormNew-StreamingRandomPatchesExecutorMAXChunk-25-4-25-177
25/07/22 03:09:41
25/07/22 03:09:41
/home/pi/reginaldojunior/experimentos/socket/optimized/third//elecNormNew-StreamingRandomPatchesExecutorMAXChunk-25-4-25-318
25/07/22 03:11:46
25/07/22 03:11:46
/home/pi/reginaldojunior/experimentos/socket/optimized/third//elecNormNew-OzaBagAdwinExecutorMAXChunk-25-4-25-202
25/07/22 03:13:53
25/07/22 03:13:53
/home/pi/reginaldojunior/experimentos/socket/optimized/third//elecNormNew-OzaBagAdwinExecutorMAXChunk-25-4-25-1013
25/07/22 03:14:45
25/07/22 03:14:45
/home/pi/reginaldojunior/experimentos/socket/optimized/third//elecNormNew-OzaBagAdwinExecutorMAXChunk-25-4-25-1824
25/07/22 03:15:16
25/07/22 03:15:16
/home/pi/reginaldojunior/experimentos/socket/optimized/third//elecNormNew-OzaBagASHTExecutorMAXChunk-25-4-25-348
25/07/22 03:17:23
25/07/22 03:17:23
/home/pi/reginaldojunior/experimentos/socket/optimized/third//elecNormNew-OzaBagASHTExecutorMAXChunk-25-4-25-1743
25/07/22 03:17:56
25/07/22 03:17:56
/home/pi/reginaldojunior/experimentos/socket/optimized/third//elecNormNew-OzaBagASHTExecutorMAXChunk-25-4-25-3139
25/07/22 03:18:17
25/07/22 03:18:17
/home/pi/reginaldojunior/experimentos/socket/optimized/third//elecNormNew-OzaBagExecutorMAXChunk-25-4-25-398
25/07/22 03:20:19
25/07/22 03:20:19
/home/pi/reginaldojunior/experimentos/socket/optimized/third//elecNormNew-OzaBagExecutorMAXChunk-25-4-25-1993
25/07/22 03:20:49
25/07/22 03:20:49
/home/pi/reginaldojunior/experimentos/socket/optimized/third//elecNormNew-OzaBagExecutorMAXChunk-25-4-25-3588
25/07/22 03:21:08
25/07/22 03:21:08
/home/pi/reginaldojunior/experimentos/socket/optimized/third//covtypeNorm-AdaptiveRandomForestExecutorMAXChunk-25-4-25-88
25/07/22 03:23:13
25/07/22 03:23:13
/home/pi/reginaldojunior/experimentos/socket/optimized/third//covtypeNorm-AdaptiveRandomForestExecutorMAXChunk-25-4-25-441
25/07/22 03:25:19
25/07/22 03:25:19
/home/pi/reginaldojunior/experimentos/socket/optimized/third//covtypeNorm-AdaptiveRandomForestExecutorMAXChunk-25-4-25-793
25/07/22 03:27:24
25/07/22 03:27:24
/home/pi/reginaldojunior/experimentos/socket/optimized/third//covtypeNorm-LBagExecutorMAXChunk-25-4-25-57
25/07/22 03:29:30
25/07/22 03:29:30
/home/pi/reginaldojunior/experimentos/socket/optimized/third//covtypeNorm-LBagExecutorMAXChunk-25-4-25-285
25/07/22 03:31:37
25/07/22 03:31:37
/home/pi/reginaldojunior/experimentos/socket/optimized/third//covtypeNorm-LBagExecutorMAXChunk-25-4-25-514
25/07/22 03:33:44
25/07/22 03:33:44
/home/pi/reginaldojunior/experimentos/socket/optimized/third//covtypeNorm-StreamingRandomPatchesExecutorMAXChunk-25-4-25-24
25/07/22 03:35:49
25/07/22 03:35:49
/home/pi/reginaldojunior/experimentos/socket/optimized/third//covtypeNorm-StreamingRandomPatchesExecutorMAXChunk-25-4-25-120
25/07/22 03:37:54
25/07/22 03:37:54
/home/pi/reginaldojunior/experimentos/socket/optimized/third//covtypeNorm-StreamingRandomPatchesExecutorMAXChunk-25-4-25-217
25/07/22 03:39:59
25/07/22 03:39:59
/home/pi/reginaldojunior/experimentos/socket/optimized/third//covtypeNorm-OzaBagAdwinExecutorMAXChunk-25-4-25-81
25/07/22 03:42:06
25/07/22 03:42:06
/home/pi/reginaldojunior/experimentos/socket/optimized/third//covtypeNorm-OzaBagAdwinExecutorMAXChunk-25-4-25-409
25/07/22 03:44:12
25/07/22 03:44:12
/home/pi/reginaldojunior/experimentos/socket/optimized/third//covtypeNorm-OzaBagAdwinExecutorMAXChunk-25-4-25-737
25/07/22 03:46:19
25/07/22 03:46:19
/home/pi/reginaldojunior/experimentos/socket/optimized/third//covtypeNorm-OzaBagASHTExecutorMAXChunk-25-4-25-272
25/07/22 03:48:26
25/07/22 03:48:26
/home/pi/reginaldojunior/experimentos/socket/optimized/third//covtypeNorm-OzaBagASHTExecutorMAXChunk-25-4-25-1360
25/07/22 03:50:32
25/07/22 03:50:32
/home/pi/reginaldojunior/experimentos/socket/optimized/third//covtypeNorm-OzaBagASHTExecutorMAXChunk-25-4-25-2448
25/07/22 03:52:38
25/07/22 03:52:38
/home/pi/reginaldojunior/experimentos/socket/optimized/third//covtypeNorm-OzaBagExecutorMAXChunk-25-4-25-279
25/07/22 03:54:45
25/07/22 03:54:45
/home/pi/reginaldojunior/experimentos/socket/optimized/third//covtypeNorm-OzaBagExecutorMAXChunk-25-4-25-1398
25/07/22 03:56:52
25/07/22 03:56:52
/home/pi/reginaldojunior/experimentos/socket/optimized/third//covtypeNorm-OzaBagExecutorMAXChunk-25-4-25-2516
25/07/22 03:58:58
25/07/22 03:58:58
/home/pi/reginaldojunior/experimentos/socket/optimized/third//airlines-AdaptiveRandomForestExecutorMAXChunk-25-4-25-22
25/07/22 04:01:03
25/07/22 04:01:03
/home/pi/reginaldojunior/experimentos/socket/optimized/third//airlines-AdaptiveRandomForestExecutorMAXChunk-25-4-25-110
25/07/22 04:03:09
25/07/22 04:03:09
/home/pi/reginaldojunior/experimentos/socket/optimized/third//airlines-AdaptiveRandomForestExecutorMAXChunk-25-4-25-198
25/07/22 04:05:16
25/07/22 04:05:16
/home/pi/reginaldojunior/experimentos/socket/optimized/third//airlines-LBagExecutorMAXChunk-25-4-25-21
25/07/22 04:07:22
25/07/22 04:07:22
/home/pi/reginaldojunior/experimentos/socket/optimized/third//airlines-LBagExecutorMAXChunk-25-4-25-109
25/07/22 04:09:28
25/07/22 04:09:28
/home/pi/reginaldojunior/experimentos/socket/optimized/third//airlines-LBagExecutorMAXChunk-25-4-25-196
25/07/22 04:11:34
25/07/22 04:11:34
/home/pi/reginaldojunior/experimentos/socket/optimized/third//airlines-StreamingRandomPatchesExecutorMAXChunk-25-4-25-23
25/07/22 04:13:40
25/07/22 04:13:40
/home/pi/reginaldojunior/experimentos/socket/optimized/third//airlines-StreamingRandomPatchesExecutorMAXChunk-25-4-25-115
25/07/22 04:15:46
25/07/22 04:15:46
/home/pi/reginaldojunior/experimentos/socket/optimized/third//airlines-StreamingRandomPatchesExecutorMAXChunk-25-4-25-207
25/07/22 04:17:51
25/07/22 04:17:51
/home/pi/reginaldojunior/experimentos/socket/optimized/third//airlines-OzaBagAdwinExecutorMAXChunk-25-4-25-71
25/07/22 04:19:58
25/07/22 04:19:58
/home/pi/reginaldojunior/experimentos/socket/optimized/third//airlines-OzaBagAdwinExecutorMAXChunk-25-4-25-359
25/07/22 04:22:04
25/07/22 04:22:04
/home/pi/reginaldojunior/experimentos/socket/optimized/third//airlines-OzaBagAdwinExecutorMAXChunk-25-4-25-647
25/07/22 04:24:11
25/07/22 04:24:11
/home/pi/reginaldojunior/experimentos/socket/optimized/third//airlines-OzaBagASHTExecutorMAXChunk-25-4-25-312
25/07/22 04:26:17
25/07/22 04:26:17
/home/pi/reginaldojunior/experimentos/socket/optimized/third//airlines-OzaBagASHTExecutorMAXChunk-25-4-25-1562
25/07/22 04:28:24
25/07/22 04:28:24
/home/pi/reginaldojunior/experimentos/socket/optimized/third//airlines-OzaBagASHTExecutorMAXChunk-25-4-25-2812
25/07/22 04:30:33
25/07/22 04:30:33
/home/pi/reginaldojunior/experimentos/socket/optimized/third//airlines-OzaBagExecutorMAXChunk-25-4-25-479
25/07/22 04:32:40
25/07/22 04:32:40
/home/pi/reginaldojunior/experimentos/socket/optimized/third//airlines-OzaBagExecutorMAXChunk-25-4-25-2395
25/07/22 04:34:47
25/07/22 04:34:47
/home/pi/reginaldojunior/experimentos/socket/optimized/third//airlines-OzaBagExecutorMAXChunk-25-4-25-4311
25/07/22 04:36:53
25/07/22 04:36:53
/home/pi/reginaldojunior/experimentos/socket/optimized/third//GMSC-AdaptiveRandomForestExecutorMAXChunk-25-4-25-154
25/07/22 04:38:58
25/07/22 04:38:58
/home/pi/reginaldojunior/experimentos/socket/optimized/third//GMSC-AdaptiveRandomForestExecutorMAXChunk-25-4-25-771
25/07/22 04:41:03
25/07/22 04:41:03
/home/pi/reginaldojunior/experimentos/socket/optimized/third//GMSC-AdaptiveRandomForestExecutorMAXChunk-25-4-25-1389
25/07/22 04:43:01
25/07/22 04:43:01
/home/pi/reginaldojunior/experimentos/socket/optimized/third//GMSC-LBagExecutorMAXChunk-25-4-25-173
25/07/22 04:45:08
25/07/22 04:45:08
/home/pi/reginaldojunior/experimentos/socket/optimized/third//GMSC-LBagExecutorMAXChunk-25-4-25-869
25/07/22 04:47:14
25/07/22 04:47:14
/home/pi/reginaldojunior/experimentos/socket/optimized/third//GMSC-LBagExecutorMAXChunk-25-4-25-1565
25/07/22 04:48:57
25/07/22 04:48:57
/home/pi/reginaldojunior/experimentos/socket/optimized/third//GMSC-StreamingRandomPatchesExecutorMAXChunk-25-4-25-77
25/07/22 04:51:01
25/07/22 04:51:01
/home/pi/reginaldojunior/experimentos/socket/optimized/third//GMSC-StreamingRandomPatchesExecutorMAXChunk-25-4-25-387
25/07/22 04:53:06
25/07/22 04:53:06
/home/pi/reginaldojunior/experimentos/socket/optimized/third//GMSC-StreamingRandomPatchesExecutorMAXChunk-25-4-25-697
25/07/22 04:55:12
25/07/22 04:55:12
/home/pi/reginaldojunior/experimentos/socket/optimized/third//GMSC-OzaBagAdwinExecutorMAXChunk-25-4-25-286
25/07/22 04:57:19
25/07/22 04:57:19
/home/pi/reginaldojunior/experimentos/socket/optimized/third//GMSC-OzaBagAdwinExecutorMAXChunk-25-4-25-1430
25/07/22 04:59:11
25/07/22 04:59:11
/home/pi/reginaldojunior/experimentos/socket/optimized/third//GMSC-OzaBagAdwinExecutorMAXChunk-25-4-25-2575
25/07/22 05:00:15
25/07/22 05:00:15
/home/pi/reginaldojunior/experimentos/socket/optimized/third//GMSC-OzaBagASHTExecutorMAXChunk-25-4-25-680
25/07/22 05:02:22
25/07/22 05:02:22
/home/pi/reginaldojunior/experimentos/socket/optimized/third//GMSC-OzaBagASHTExecutorMAXChunk-25-4-25-3402
25/07/22 05:03:13
25/07/22 05:03:13
/home/pi/reginaldojunior/experimentos/socket/optimized/third//GMSC-OzaBagASHTExecutorMAXChunk-25-4-25-6124
25/07/22 05:03:43
25/07/22 05:03:43
/home/pi/reginaldojunior/experimentos/socket/optimized/third//GMSC-OzaBagExecutorMAXChunk-25-4-25-644
25/07/22 05:05:50
25/07/22 05:05:50
/home/pi/reginaldojunior/experimentos/socket/optimized/third//GMSC-OzaBagExecutorMAXChunk-25-4-25-3221
25/07/22 05:06:43
25/07/22 05:06:43
/home/pi/reginaldojunior/experimentos/socket/optimized/third//GMSC-OzaBagExecutorMAXChunk-25-4-25-5798
25/07/22 05:07:16
25/07/22 05:07:16
/home/pi/reginaldojunior/experimentos/socket/optimized/third//elecNormNew-AdaptiveRandomForestExecutorMAXChunk-25-4-50-73
25/07/22 05:09:21
25/07/22 05:09:21
/home/pi/reginaldojunior/experimentos/socket/optimized/third//elecNormNew-AdaptiveRandomForestExecutorMAXChunk-25-4-50-365
25/07/22 05:11:26
25/07/22 05:11:26
/home/pi/reginaldojunior/experimentos/socket/optimized/third//elecNormNew-AdaptiveRandomForestExecutorMAXChunk-25-4-50-658
25/07/22 05:12:41
25/07/22 05:12:41
/home/pi/reginaldojunior/experimentos/socket/optimized/third//elecNormNew-LBagExecutorMAXChunk-25-4-50-107
25/07/22 05:14:48
25/07/22 05:14:48
/home/pi/reginaldojunior/experimentos/socket/optimized/third//elecNormNew-LBagExecutorMAXChunk-25-4-50-538
25/07/22 05:16:20
25/07/22 05:16:20
/home/pi/reginaldojunior/experimentos/socket/optimized/third//elecNormNew-LBagExecutorMAXChunk-25-4-50-969
25/07/22 05:17:13
25/07/22 05:17:13
/home/pi/reginaldojunior/experimentos/socket/optimized/third//elecNormNew-StreamingRandomPatchesExecutorMAXChunk-25-4-50-38
25/07/22 05:19:18
25/07/22 05:19:18
/home/pi/reginaldojunior/experimentos/socket/optimized/third//elecNormNew-StreamingRandomPatchesExecutorMAXChunk-25-4-50-190
25/07/22 05:21:23
25/07/22 05:21:23
/home/pi/reginaldojunior/experimentos/socket/optimized/third//elecNormNew-StreamingRandomPatchesExecutorMAXChunk-25-4-50-343
25/07/22 05:23:28
25/07/22 05:23:28
/home/pi/reginaldojunior/experimentos/socket/optimized/third//elecNormNew-OzaBagAdwinExecutorMAXChunk-25-4-50-232
25/07/22 05:25:34
25/07/22 05:25:34
/home/pi/reginaldojunior/experimentos/socket/optimized/third//elecNormNew-OzaBagAdwinExecutorMAXChunk-25-4-50-1164
25/07/22 05:26:20
25/07/22 05:26:20
/home/pi/reginaldojunior/experimentos/socket/optimized/third//elecNormNew-OzaBagAdwinExecutorMAXChunk-25-4-50-2096
25/07/22 05:26:49
25/07/22 05:26:49
/home/pi/reginaldojunior/experimentos/socket/optimized/third//elecNormNew-OzaBagASHTExecutorMAXChunk-25-4-50-381
25/07/22 05:28:54
25/07/22 05:28:54
/home/pi/reginaldojunior/experimentos/socket/optimized/third//elecNormNew-OzaBagASHTExecutorMAXChunk-25-4-50-1905
25/07/22 05:29:25
25/07/22 05:29:25
/home/pi/reginaldojunior/experimentos/socket/optimized/third//elecNormNew-OzaBagASHTExecutorMAXChunk-25-4-50-3429
25/07/22 05:29:45
25/07/22 05:29:45
/home/pi/reginaldojunior/experimentos/socket/optimized/third//elecNormNew-OzaBagExecutorMAXChunk-25-4-50-368
25/07/22 05:31:51
25/07/22 05:31:51
/home/pi/reginaldojunior/experimentos/socket/optimized/third//elecNormNew-OzaBagExecutorMAXChunk-25-4-50-1843
25/07/22 05:32:23
25/07/22 05:32:23
/home/pi/reginaldojunior/experimentos/socket/optimized/third//elecNormNew-OzaBagExecutorMAXChunk-25-4-50-3318
25/07/22 05:32:44
25/07/22 05:32:44
/home/pi/reginaldojunior/experimentos/socket/optimized/third//covtypeNorm-AdaptiveRandomForestExecutorMAXChunk-25-4-50-89
25/07/22 05:34:48
25/07/22 05:34:48
/home/pi/reginaldojunior/experimentos/socket/optimized/third//covtypeNorm-AdaptiveRandomForestExecutorMAXChunk-25-4-50-446
25/07/22 05:36:53
25/07/22 05:36:53
/home/pi/reginaldojunior/experimentos/socket/optimized/third//covtypeNorm-AdaptiveRandomForestExecutorMAXChunk-25-4-50-804
25/07/22 05:38:58
25/07/22 05:38:58
/home/pi/reginaldojunior/experimentos/socket/optimized/third//covtypeNorm-LBagExecutorMAXChunk-25-4-50-66
25/07/22 05:41:05
25/07/22 05:41:05
/home/pi/reginaldojunior/experimentos/socket/optimized/third//covtypeNorm-LBagExecutorMAXChunk-25-4-50-332
25/07/22 05:43:12
25/07/22 05:43:12
/home/pi/reginaldojunior/experimentos/socket/optimized/third//covtypeNorm-LBagExecutorMAXChunk-25-4-50-598
25/07/22 05:45:19
25/07/22 05:45:19
/home/pi/reginaldojunior/experimentos/socket/optimized/third//covtypeNorm-StreamingRandomPatchesExecutorMAXChunk-25-4-50-23
25/07/22 05:47:25
25/07/22 05:47:25
/home/pi/reginaldojunior/experimentos/socket/optimized/third//covtypeNorm-StreamingRandomPatchesExecutorMAXChunk-25-4-50-116
25/07/22 05:49:30
25/07/22 05:49:30
/home/pi/reginaldojunior/experimentos/socket/optimized/third//covtypeNorm-StreamingRandomPatchesExecutorMAXChunk-25-4-50-208
25/07/22 05:51:35
25/07/22 05:51:35
/home/pi/reginaldojunior/experimentos/socket/optimized/third//covtypeNorm-OzaBagAdwinExecutorMAXChunk-25-4-50-102
25/07/22 05:53:41
25/07/22 05:53:41
/home/pi/reginaldojunior/experimentos/socket/optimized/third//covtypeNorm-OzaBagAdwinExecutorMAXChunk-25-4-50-511
25/07/22 05:55:47
25/07/22 05:55:47
/home/pi/reginaldojunior/experimentos/socket/optimized/third//covtypeNorm-OzaBagAdwinExecutorMAXChunk-25-4-50-920
25/07/22 05:57:54
25/07/22 05:57:54
/home/pi/reginaldojunior/experimentos/socket/optimized/third//covtypeNorm-OzaBagASHTExecutorMAXChunk-25-4-50-282
25/07/22 06:00:01
25/07/22 06:00:01
/home/pi/reginaldojunior/experimentos/socket/optimized/third//covtypeNorm-OzaBagASHTExecutorMAXChunk-25-4-50-1412
25/07/22 06:02:08
25/07/22 06:02:08
/home/pi/reginaldojunior/experimentos/socket/optimized/third//covtypeNorm-OzaBagASHTExecutorMAXChunk-25-4-50-2542
25/07/22 06:04:14
25/07/22 06:04:14
/home/pi/reginaldojunior/experimentos/socket/optimized/third//covtypeNorm-OzaBagExecutorMAXChunk-25-4-50-309
25/07/22 06:06:21
25/07/22 06:06:21
/home/pi/reginaldojunior/experimentos/socket/optimized/third//covtypeNorm-OzaBagExecutorMAXChunk-25-4-50-1549
25/07/22 06:08:27
25/07/22 06:08:27
/home/pi/reginaldojunior/experimentos/socket/optimized/third//covtypeNorm-OzaBagExecutorMAXChunk-25-4-50-2789
25/07/22 06:10:34
25/07/22 06:10:34
/home/pi/reginaldojunior/experimentos/socket/optimized/third//airlines-AdaptiveRandomForestExecutorMAXChunk-25-4-50-22
25/07/22 06:12:39
25/07/22 06:12:39
/home/pi/reginaldojunior/experimentos/socket/optimized/third//airlines-AdaptiveRandomForestExecutorMAXChunk-25-4-50-112
25/07/22 06:14:45
25/07/22 06:14:45
/home/pi/reginaldojunior/experimentos/socket/optimized/third//airlines-AdaptiveRandomForestExecutorMAXChunk-25-4-50-203
25/07/22 06:16:51
25/07/22 06:16:51
/home/pi/reginaldojunior/experimentos/socket/optimized/third//airlines-LBagExecutorMAXChunk-25-4-50-22
25/07/22 06:18:58
25/07/22 06:18:58
/home/pi/reginaldojunior/experimentos/socket/optimized/third//airlines-LBagExecutorMAXChunk-25-4-50-111
25/07/22 06:21:08
25/07/22 06:21:08
/home/pi/reginaldojunior/experimentos/socket/optimized/third//airlines-LBagExecutorMAXChunk-25-4-50-200
25/07/22 06:23:16
25/07/22 06:23:16
/home/pi/reginaldojunior/experimentos/socket/optimized/third//airlines-StreamingRandomPatchesExecutorMAXChunk-25-4-50-23
25/07/22 06:25:21
25/07/22 06:25:21
/home/pi/reginaldojunior/experimentos/socket/optimized/third//airlines-StreamingRandomPatchesExecutorMAXChunk-25-4-50-117
25/07/22 06:27:27
25/07/22 06:27:27
/home/pi/reginaldojunior/experimentos/socket/optimized/third//airlines-StreamingRandomPatchesExecutorMAXChunk-25-4-50-210
25/07/22 06:29:33
25/07/22 06:29:33
/home/pi/reginaldojunior/experimentos/socket/optimized/third//airlines-OzaBagAdwinExecutorMAXChunk-25-4-50-68
25/07/22 06:31:39
25/07/22 06:31:39
/home/pi/reginaldojunior/experimentos/socket/optimized/third//airlines-OzaBagAdwinExecutorMAXChunk-25-4-50-341
25/07/22 06:33:45
25/07/22 06:33:45
/home/pi/reginaldojunior/experimentos/socket/optimized/third//airlines-OzaBagAdwinExecutorMAXChunk-25-4-50-614
25/07/22 06:35:52
25/07/22 06:35:52
/home/pi/reginaldojunior/experimentos/socket/optimized/third//airlines-OzaBagASHTExecutorMAXChunk-25-4-50-368
25/07/22 06:37:59
25/07/22 06:37:59
/home/pi/reginaldojunior/experimentos/socket/optimized/third//airlines-OzaBagASHTExecutorMAXChunk-25-4-50-1841
25/07/22 06:40:05
25/07/22 06:40:05
/home/pi/reginaldojunior/experimentos/socket/optimized/third//airlines-OzaBagASHTExecutorMAXChunk-25-4-50-3315
25/07/22 06:42:12
25/07/22 06:42:12
/home/pi/reginaldojunior/experimentos/socket/optimized/third//airlines-OzaBagExecutorMAXChunk-25-4-50-526
25/07/22 06:44:18
25/07/22 06:44:18
/home/pi/reginaldojunior/experimentos/socket/optimized/third//airlines-OzaBagExecutorMAXChunk-25-4-50-2630
25/07/22 06:46:24
25/07/22 06:46:24
/home/pi/reginaldojunior/experimentos/socket/optimized/third//airlines-OzaBagExecutorMAXChunk-25-4-50-4735
25/07/22 06:48:30
25/07/22 06:48:30
/home/pi/reginaldojunior/experimentos/socket/optimized/third//GMSC-AdaptiveRandomForestExecutorMAXChunk-25-4-50-147
25/07/22 06:50:35
25/07/22 06:50:35
/home/pi/reginaldojunior/experimentos/socket/optimized/third//GMSC-AdaptiveRandomForestExecutorMAXChunk-25-4-50-739
25/07/22 06:52:41
25/07/22 06:52:41
/home/pi/reginaldojunior/experimentos/socket/optimized/third//GMSC-AdaptiveRandomForestExecutorMAXChunk-25-4-50-1330
25/07/22 06:54:39
25/07/22 06:54:39
/home/pi/reginaldojunior/experimentos/socket/optimized/third//GMSC-LBagExecutorMAXChunk-25-4-50-202
25/07/22 06:56:46
25/07/22 06:56:46
/home/pi/reginaldojunior/experimentos/socket/optimized/third//GMSC-LBagExecutorMAXChunk-25-4-50-1011
25/07/22 06:58:52
25/07/22 06:58:52
/home/pi/reginaldojunior/experimentos/socket/optimized/third//GMSC-LBagExecutorMAXChunk-25-4-50-1819
25/07/22 07:00:31
25/07/22 07:00:31
/home/pi/reginaldojunior/experimentos/socket/optimized/third//GMSC-StreamingRandomPatchesExecutorMAXChunk-25-4-50-80
25/07/22 07:02:36
25/07/22 07:02:36
/home/pi/reginaldojunior/experimentos/socket/optimized/third//GMSC-StreamingRandomPatchesExecutorMAXChunk-25-4-50-403
25/07/22 07:04:41
25/07/22 07:04:41
/home/pi/reginaldojunior/experimentos/socket/optimized/third//GMSC-StreamingRandomPatchesExecutorMAXChunk-25-4-50-725
25/07/22 07:06:46
25/07/22 07:06:46
/home/pi/reginaldojunior/experimentos/socket/optimized/third//GMSC-OzaBagAdwinExecutorMAXChunk-25-4-50-392
25/07/22 07:08:53
25/07/22 07:08:53
/home/pi/reginaldojunior/experimentos/socket/optimized/third//GMSC-OzaBagAdwinExecutorMAXChunk-25-4-50-1960
25/07/22 07:10:16
25/07/22 07:10:16
/home/pi/reginaldojunior/experimentos/socket/optimized/third//GMSC-OzaBagAdwinExecutorMAXChunk-25-4-50-3528
25/07/22 07:11:04
25/07/22 07:11:04
/home/pi/reginaldojunior/experimentos/socket/optimized/third//GMSC-OzaBagASHTExecutorMAXChunk-25-4-50-728
25/07/22 07:13:11
25/07/22 07:13:11
/home/pi/reginaldojunior/experimentos/socket/optimized/third//GMSC-OzaBagASHTExecutorMAXChunk-25-4-50-3640
25/07/22 07:13:59
25/07/22 07:13:59
/home/pi/reginaldojunior/experimentos/socket/optimized/third//GMSC-OzaBagASHTExecutorMAXChunk-25-4-50-6552
25/07/22 07:14:30
25/07/22 07:14:30
/home/pi/reginaldojunior/experimentos/socket/optimized/third//GMSC-OzaBagExecutorMAXChunk-25-4-50-694
25/07/22 07:16:36
25/07/22 07:16:36
/home/pi/reginaldojunior/experimentos/socket/optimized/third//GMSC-OzaBagExecutorMAXChunk-25-4-50-3472
25/07/22 07:17:26
25/07/22 07:17:26
/home/pi/reginaldojunior/experimentos/socket/optimized/third//GMSC-OzaBagExecutorMAXChunk-25-4-50-6249
25/07/22 07:17:59
25/07/22 07:17:59
/home/pi/reginaldojunior/experimentos/socket/optimized/third//elecNormNew-AdaptiveRandomForestExecutorMAXChunk-25-4-75-72
25/07/22 07:20:03
25/07/22 07:20:03
/home/pi/reginaldojunior/experimentos/socket/optimized/third//elecNormNew-AdaptiveRandomForestExecutorMAXChunk-25-4-75-360
25/07/22 07:22:08
25/07/22 07:22:08
/home/pi/reginaldojunior/experimentos/socket/optimized/third//elecNormNew-AdaptiveRandomForestExecutorMAXChunk-25-4-75-649
25/07/22 07:23:24
25/07/22 07:23:24
/home/pi/reginaldojunior/experimentos/socket/optimized/third//elecNormNew-LBagExecutorMAXChunk-25-4-75-124
25/07/22 07:25:31
25/07/22 07:25:31
/home/pi/reginaldojunior/experimentos/socket/optimized/third//elecNormNew-LBagExecutorMAXChunk-25-4-75-623
25/07/22 07:26:51
25/07/22 07:26:51
/home/pi/reginaldojunior/experimentos/socket/optimized/third//elecNormNew-LBagExecutorMAXChunk-25-4-75-1121
25/07/22 07:27:37
25/07/22 07:27:37
/home/pi/reginaldojunior/experimentos/socket/optimized/third//elecNormNew-StreamingRandomPatchesExecutorMAXChunk-25-4-75-38
25/07/22 07:29:43
25/07/22 07:29:43
/home/pi/reginaldojunior/experimentos/socket/optimized/third//elecNormNew-StreamingRandomPatchesExecutorMAXChunk-25-4-75-190
25/07/22 07:31:48
25/07/22 07:31:48
/home/pi/reginaldojunior/experimentos/socket/optimized/third//elecNormNew-StreamingRandomPatchesExecutorMAXChunk-25-4-75-342
25/07/22 07:33:53
25/07/22 07:33:53
/home/pi/reginaldojunior/experimentos/socket/optimized/third//elecNormNew-OzaBagAdwinExecutorMAXChunk-25-4-75-218
25/07/22 07:36:00
25/07/22 07:36:00
/home/pi/reginaldojunior/experimentos/socket/optimized/third//elecNormNew-OzaBagAdwinExecutorMAXChunk-25-4-75-1094
25/07/22 07:36:47
25/07/22 07:36:47
/home/pi/reginaldojunior/experimentos/socket/optimized/third//elecNormNew-OzaBagAdwinExecutorMAXChunk-25-4-75-1970
25/07/22 07:37:17
25/07/22 07:37:17
/home/pi/reginaldojunior/experimentos/socket/optimized/third//elecNormNew-OzaBagASHTExecutorMAXChunk-25-4-75-374
25/07/22 07:39:24
25/07/22 07:39:24
/home/pi/reginaldojunior/experimentos/socket/optimized/third//elecNormNew-OzaBagASHTExecutorMAXChunk-25-4-75-1873
25/07/22 07:39:55
25/07/22 07:39:55
/home/pi/reginaldojunior/experimentos/socket/optimized/third//elecNormNew-OzaBagASHTExecutorMAXChunk-25-4-75-3371
25/07/22 07:40:15
25/07/22 07:40:15
/home/pi/reginaldojunior/experimentos/socket/optimized/third//elecNormNew-OzaBagExecutorMAXChunk-25-4-75-423
25/07/22 07:42:10
25/07/22 07:42:10
/home/pi/reginaldojunior/experimentos/socket/optimized/third//elecNormNew-OzaBagExecutorMAXChunk-25-4-75-2118
25/07/22 07:42:37
25/07/22 07:42:37
/home/pi/reginaldojunior/experimentos/socket/optimized/third//elecNormNew-OzaBagExecutorMAXChunk-25-4-75-3814
25/07/22 07:42:59
25/07/22 07:42:59
/home/pi/reginaldojunior/experimentos/socket/optimized/third//covtypeNorm-AdaptiveRandomForestExecutorMAXChunk-25-4-75-102
25/07/22 07:45:04
25/07/22 07:45:04
/home/pi/reginaldojunior/experimentos/socket/optimized/third//covtypeNorm-AdaptiveRandomForestExecutorMAXChunk-25-4-75-514
25/07/22 07:47:09
25/07/22 07:47:09
/home/pi/reginaldojunior/experimentos/socket/optimized/third//covtypeNorm-AdaptiveRandomForestExecutorMAXChunk-25-4-75-925
25/07/22 07:49:14
25/07/22 07:49:14
/home/pi/reginaldojunior/experimentos/socket/optimized/third//covtypeNorm-LBagExecutorMAXChunk-25-4-75-72
25/07/22 07:51:21
25/07/22 07:51:21
/home/pi/reginaldojunior/experimentos/socket/optimized/third//covtypeNorm-LBagExecutorMAXChunk-25-4-75-362
25/07/22 07:53:28
25/07/22 07:53:28
/home/pi/reginaldojunior/experimentos/socket/optimized/third//covtypeNorm-LBagExecutorMAXChunk-25-4-75-652
25/07/22 07:55:35
25/07/22 07:55:35
/home/pi/reginaldojunior/experimentos/socket/optimized/third//covtypeNorm-StreamingRandomPatchesExecutorMAXChunk-25-4-75-23
25/07/22 07:57:41
25/07/22 07:57:41
/home/pi/reginaldojunior/experimentos/socket/optimized/third//covtypeNorm-StreamingRandomPatchesExecutorMAXChunk-25-4-75-117
25/07/22 07:59:45
25/07/22 07:59:45
/home/pi/reginaldojunior/experimentos/socket/optimized/third//covtypeNorm-StreamingRandomPatchesExecutorMAXChunk-25-4-75-211
25/07/22 08:01:51
25/07/22 08:01:51
/home/pi/reginaldojunior/experimentos/socket/optimized/third//covtypeNorm-OzaBagAdwinExecutorMAXChunk-25-4-75-104
25/07/22 08:03:58
25/07/22 08:03:58
/home/pi/reginaldojunior/experimentos/socket/optimized/third//covtypeNorm-OzaBagAdwinExecutorMAXChunk-25-4-75-522
25/07/22 08:06:05
25/07/22 08:06:05
/home/pi/reginaldojunior/experimentos/socket/optimized/third//covtypeNorm-OzaBagAdwinExecutorMAXChunk-25-4-75-939
25/07/22 08:08:12
25/07/22 08:08:12
/home/pi/reginaldojunior/experimentos/socket/optimized/third//covtypeNorm-OzaBagASHTExecutorMAXChunk-25-4-75-299
25/07/22 08:10:18
25/07/22 08:10:18
/home/pi/reginaldojunior/experimentos/socket/optimized/third//covtypeNorm-OzaBagASHTExecutorMAXChunk-25-4-75-1497
25/07/22 08:12:25
25/07/22 08:12:25
/home/pi/reginaldojunior/experimentos/socket/optimized/third//covtypeNorm-OzaBagASHTExecutorMAXChunk-25-4-75-2694
25/07/22 08:14:31
25/07/22 08:14:31
/home/pi/reginaldojunior/experimentos/socket/optimized/third//covtypeNorm-OzaBagExecutorMAXChunk-25-4-75-311
25/07/22 08:16:38
25/07/22 08:16:38
/home/pi/reginaldojunior/experimentos/socket/optimized/third//covtypeNorm-OzaBagExecutorMAXChunk-25-4-75-1557
25/07/22 08:18:45
25/07/22 08:18:45
/home/pi/reginaldojunior/experimentos/socket/optimized/third//covtypeNorm-OzaBagExecutorMAXChunk-25-4-75-2803
25/07/22 08:20:52
25/07/22 08:20:52
/home/pi/reginaldojunior/experimentos/socket/optimized/third//airlines-AdaptiveRandomForestExecutorMAXChunk-25-4-75-23
25/07/22 08:22:58
25/07/22 08:22:58
/home/pi/reginaldojunior/experimentos/socket/optimized/third//airlines-AdaptiveRandomForestExecutorMAXChunk-25-4-75-116
25/07/22 08:25:03
25/07/22 08:25:03
/home/pi/reginaldojunior/experimentos/socket/optimized/third//airlines-AdaptiveRandomForestExecutorMAXChunk-25-4-75-210
25/07/22 08:27:09
25/07/22 08:27:09
/home/pi/reginaldojunior/experimentos/socket/optimized/third//airlines-LBagExecutorMAXChunk-25-4-75-22
25/07/22 08:29:17
25/07/22 08:29:17
/home/pi/reginaldojunior/experimentos/socket/optimized/third//airlines-LBagExecutorMAXChunk-25-4-75-112
25/07/22 08:31:29
25/07/22 08:31:29
/home/pi/reginaldojunior/experimentos/socket/optimized/third//airlines-LBagExecutorMAXChunk-25-4-75-203
25/07/22 08:33:43
25/07/22 08:33:43
/home/pi/reginaldojunior/experimentos/socket/optimized/third//airlines-StreamingRandomPatchesExecutorMAXChunk-25-4-75-23
25/07/22 08:35:49
25/07/22 08:35:49
/home/pi/reginaldojunior/experimentos/socket/optimized/third//airlines-StreamingRandomPatchesExecutorMAXChunk-25-4-75-119
25/07/22 08:37:58
25/07/22 08:37:58
/home/pi/reginaldojunior/experimentos/socket/optimized/third//airlines-StreamingRandomPatchesExecutorMAXChunk-25-4-75-214
25/07/22 08:40:04
25/07/22 08:40:04
/home/pi/reginaldojunior/experimentos/socket/optimized/third//airlines-OzaBagAdwinExecutorMAXChunk-25-4-75-68
25/07/22 08:42:11
25/07/22 08:42:11
/home/pi/reginaldojunior/experimentos/socket/optimized/third//airlines-OzaBagAdwinExecutorMAXChunk-25-4-75-341
25/07/22 08:44:18
25/07/22 08:44:18
/home/pi/reginaldojunior/experimentos/socket/optimized/third//airlines-OzaBagAdwinExecutorMAXChunk-25-4-75-614
25/07/22 08:46:25
25/07/22 08:46:25
/home/pi/reginaldojunior/experimentos/socket/optimized/third//airlines-OzaBagASHTExecutorMAXChunk-25-4-75-435
25/07/22 08:48:32
25/07/22 08:48:32
/home/pi/reginaldojunior/experimentos/socket/optimized/third//airlines-OzaBagASHTExecutorMAXChunk-25-4-75-2175
25/07/22 08:50:39
25/07/22 08:50:39
/home/pi/reginaldojunior/experimentos/socket/optimized/third//airlines-OzaBagASHTExecutorMAXChunk-25-4-75-3916
25/07/22 08:52:45
25/07/22 08:52:45
/home/pi/reginaldojunior/experimentos/socket/optimized/third//airlines-OzaBagExecutorMAXChunk-25-4-75-567
25/07/22 08:54:52
25/07/22 08:54:52
/home/pi/reginaldojunior/experimentos/socket/optimized/third//airlines-OzaBagExecutorMAXChunk-25-4-75-2836
25/07/22 08:56:58
25/07/22 08:56:58
/home/pi/reginaldojunior/experimentos/socket/optimized/third//airlines-OzaBagExecutorMAXChunk-25-4-75-5106
25/07/22 08:59:05
25/07/22 08:59:05
/home/pi/reginaldojunior/experimentos/socket/optimized/third//GMSC-AdaptiveRandomForestExecutorMAXChunk-25-4-75-158
25/07/22 09:01:10
25/07/22 09:01:10
/home/pi/reginaldojunior/experimentos/socket/optimized/third//GMSC-AdaptiveRandomForestExecutorMAXChunk-25-4-75-791
25/07/22 09:03:15
25/07/22 09:03:15
/home/pi/reginaldojunior/experimentos/socket/optimized/third//GMSC-AdaptiveRandomForestExecutorMAXChunk-25-4-75-1424
25/07/22 09:05:14
25/07/22 09:05:14
/home/pi/reginaldojunior/experimentos/socket/optimized/third//GMSC-LBagExecutorMAXChunk-25-4-75-199
25/07/22 09:07:20
25/07/22 09:07:20
/home/pi/reginaldojunior/experimentos/socket/optimized/third//GMSC-LBagExecutorMAXChunk-25-4-75-997
25/07/22 09:09:27
25/07/22 09:09:27
/home/pi/reginaldojunior/experimentos/socket/optimized/third//GMSC-LBagExecutorMAXChunk-25-4-75-1795
25/07/22 09:10:59
25/07/22 09:10:59
/home/pi/reginaldojunior/experimentos/socket/optimized/third//GMSC-StreamingRandomPatchesExecutorMAXChunk-25-4-75-80
25/07/22 09:13:04
25/07/22 09:13:04
/home/pi/reginaldojunior/experimentos/socket/optimized/third//GMSC-StreamingRandomPatchesExecutorMAXChunk-25-4-75-402
25/07/22 09:15:09
25/07/22 09:15:09
/home/pi/reginaldojunior/experimentos/socket/optimized/third//GMSC-StreamingRandomPatchesExecutorMAXChunk-25-4-75-724
25/07/22 09:17:15
25/07/22 09:17:15
/home/pi/reginaldojunior/experimentos/socket/optimized/third//GMSC-OzaBagAdwinExecutorMAXChunk-25-4-75-440
25/07/22 09:19:22
25/07/22 09:19:22
/home/pi/reginaldojunior/experimentos/socket/optimized/third//GMSC-OzaBagAdwinExecutorMAXChunk-25-4-75-2202
25/07/22 09:20:36
25/07/22 09:20:36
/home/pi/reginaldojunior/experimentos/socket/optimized/third//GMSC-OzaBagAdwinExecutorMAXChunk-25-4-75-3963
25/07/22 09:21:22
25/07/22 09:21:22
/home/pi/reginaldojunior/experimentos/socket/optimized/third//GMSC-OzaBagASHTExecutorMAXChunk-25-4-75-777
25/07/22 09:23:29
25/07/22 09:23:29
/home/pi/reginaldojunior/experimentos/socket/optimized/third//GMSC-OzaBagASHTExecutorMAXChunk-25-4-75-3889
25/07/22 09:24:14
25/07/22 09:24:14
/home/pi/reginaldojunior/experimentos/socket/optimized/third//GMSC-OzaBagASHTExecutorMAXChunk-25-4-75-7001
25/07/22 09:24:44
25/07/22 09:24:44
/home/pi/reginaldojunior/experimentos/socket/optimized/third//GMSC-OzaBagExecutorMAXChunk-25-4-75-746
25/07/22 09:26:51
25/07/22 09:26:51
/home/pi/reginaldojunior/experimentos/socket/optimized/third//GMSC-OzaBagExecutorMAXChunk-25-4-75-3733
25/07/22 09:27:38
25/07/22 09:27:38
/home/pi/reginaldojunior/experimentos/socket/optimized/third//GMSC-OzaBagExecutorMAXChunk-25-4-75-6720
25/07/22 09:28:07
25/07/22 09:28:07
/home/pi/reginaldojunior/experimentos/socket/optimized/third//elecNormNew-AdaptiveRandomForestExecutorMAXChunk-25-4-100-73
25/07/22 09:30:12
25/07/22 09:30:12
/home/pi/reginaldojunior/experimentos/socket/optimized/third//elecNormNew-AdaptiveRandomForestExecutorMAXChunk-25-4-100-365
25/07/22 09:32:18
25/07/22 09:32:18
/home/pi/reginaldojunior/experimentos/socket/optimized/third//elecNormNew-AdaptiveRandomForestExecutorMAXChunk-25-4-100-658
25/07/22 09:33:33
25/07/22 09:33:33
/home/pi/reginaldojunior/experimentos/socket/optimized/third//elecNormNew-LBagExecutorMAXChunk-25-4-100-112
25/07/22 09:35:39
25/07/22 09:35:40
/home/pi/reginaldojunior/experimentos/socket/optimized/third//elecNormNew-LBagExecutorMAXChunk-25-4-100-560
25/07/22 09:37:07
25/07/22 09:37:07
/home/pi/reginaldojunior/experimentos/socket/optimized/third//elecNormNew-LBagExecutorMAXChunk-25-4-100-1009
25/07/22 09:37:59
25/07/22 09:37:59
/home/pi/reginaldojunior/experimentos/socket/optimized/third//elecNormNew-StreamingRandomPatchesExecutorMAXChunk-25-4-100-39
25/07/22 09:40:04
25/07/22 09:40:04
/home/pi/reginaldojunior/experimentos/socket/optimized/third//elecNormNew-StreamingRandomPatchesExecutorMAXChunk-25-4-100-199
25/07/22 09:42:09
25/07/22 09:42:09
/home/pi/reginaldojunior/experimentos/socket/optimized/third//elecNormNew-StreamingRandomPatchesExecutorMAXChunk-25-4-100-359
25/07/22 09:44:14
25/07/22 09:44:14
/home/pi/reginaldojunior/experimentos/socket/optimized/third//elecNormNew-OzaBagAdwinExecutorMAXChunk-25-4-100-273
25/07/22 09:46:21
25/07/22 09:46:21
/home/pi/reginaldojunior/experimentos/socket/optimized/third//elecNormNew-OzaBagAdwinExecutorMAXChunk-25-4-100-1365
25/07/22 09:47:01
25/07/22 09:47:01
/home/pi/reginaldojunior/experimentos/socket/optimized/third//elecNormNew-OzaBagAdwinExecutorMAXChunk-25-4-100-2458
25/07/22 09:47:27
25/07/22 09:47:27
/home/pi/reginaldojunior/experimentos/socket/optimized/third//elecNormNew-OzaBagASHTExecutorMAXChunk-25-4-100-353
25/07/22 09:49:34
25/07/22 09:49:34
/home/pi/reginaldojunior/experimentos/socket/optimized/third//elecNormNew-OzaBagASHTExecutorMAXChunk-25-4-100-1765
25/07/22 09:50:07
25/07/22 09:50:07
/home/pi/reginaldojunior/experimentos/socket/optimized/third//elecNormNew-OzaBagASHTExecutorMAXChunk-25-4-100-3178
25/07/22 09:50:27
25/07/22 09:50:27
/home/pi/reginaldojunior/experimentos/socket/optimized/third//elecNormNew-OzaBagExecutorMAXChunk-25-4-100-447
25/07/22 09:52:16
25/07/22 09:52:16
/home/pi/reginaldojunior/experimentos/socket/optimized/third//elecNormNew-OzaBagExecutorMAXChunk-25-4-100-2239
25/07/22 09:52:42
25/07/22 09:52:42
/home/pi/reginaldojunior/experimentos/socket/optimized/third//elecNormNew-OzaBagExecutorMAXChunk-25-4-100-4030
25/07/22 09:53:01
25/07/22 09:53:01
/home/pi/reginaldojunior/experimentos/socket/optimized/third//covtypeNorm-AdaptiveRandomForestExecutorMAXChunk-25-4-100-96
25/07/22 09:55:06
25/07/22 09:55:06
/home/pi/reginaldojunior/experimentos/socket/optimized/third//covtypeNorm-AdaptiveRandomForestExecutorMAXChunk-25-4-100-482
25/07/22 09:57:11
25/07/22 09:57:11
/home/pi/reginaldojunior/experimentos/socket/optimized/third//covtypeNorm-AdaptiveRandomForestExecutorMAXChunk-25-4-100-869
25/07/22 09:59:16
25/07/22 09:59:16
/home/pi/reginaldojunior/experimentos/socket/optimized/third//covtypeNorm-LBagExecutorMAXChunk-25-4-100-72
25/07/22 10:01:22
25/07/22 10:01:22
/home/pi/reginaldojunior/experimentos/socket/optimized/third//covtypeNorm-LBagExecutorMAXChunk-25-4-100-363
25/07/22 10:03:29
25/07/22 10:03:29
/home/pi/reginaldojunior/experimentos/socket/optimized/third//covtypeNorm-LBagExecutorMAXChunk-25-4-100-653
25/07/22 10:05:36
25/07/22 10:05:36
/home/pi/reginaldojunior/experimentos/socket/optimized/third//covtypeNorm-StreamingRandomPatchesExecutorMAXChunk-25-4-100-22
25/07/22 10:07:42
25/07/22 10:07:42
/home/pi/reginaldojunior/experimentos/socket/optimized/third//covtypeNorm-StreamingRandomPatchesExecutorMAXChunk-25-4-100-113
25/07/22 10:09:47
25/07/22 10:09:47
/home/pi/reginaldojunior/experimentos/socket/optimized/third//covtypeNorm-StreamingRandomPatchesExecutorMAXChunk-25-4-100-203
25/07/22 10:11:52
25/07/22 10:11:52
/home/pi/reginaldojunior/experimentos/socket/optimized/third//covtypeNorm-OzaBagAdwinExecutorMAXChunk-25-4-100-108
25/07/22 10:13:59
25/07/22 10:13:59
/home/pi/reginaldojunior/experimentos/socket/optimized/third//covtypeNorm-OzaBagAdwinExecutorMAXChunk-25-4-100-540
25/07/22 10:16:06
25/07/22 10:16:06
/home/pi/reginaldojunior/experimentos/socket/optimized/third//covtypeNorm-OzaBagAdwinExecutorMAXChunk-25-4-100-972
25/07/22 10:18:11
25/07/22 10:18:11
/home/pi/reginaldojunior/experimentos/socket/optimized/third//covtypeNorm-OzaBagASHTExecutorMAXChunk-25-4-100-308
25/07/22 10:20:18
25/07/22 10:20:18
/home/pi/reginaldojunior/experimentos/socket/optimized/third//covtypeNorm-OzaBagASHTExecutorMAXChunk-25-4-100-1543
25/07/22 10:22:25
25/07/22 10:22:25
/home/pi/reginaldojunior/experimentos/socket/optimized/third//covtypeNorm-OzaBagASHTExecutorMAXChunk-25-4-100-2778
25/07/22 10:24:32
25/07/22 10:24:32
/home/pi/reginaldojunior/experimentos/socket/optimized/third//covtypeNorm-OzaBagExecutorMAXChunk-25-4-100-319
25/07/22 10:26:39
25/07/22 10:26:39
/home/pi/reginaldojunior/experimentos/socket/optimized/third//covtypeNorm-OzaBagExecutorMAXChunk-25-4-100-1597
25/07/22 10:28:45
25/07/22 10:28:46
/home/pi/reginaldojunior/experimentos/socket/optimized/third//covtypeNorm-OzaBagExecutorMAXChunk-25-4-100-2874
25/07/22 10:30:52
25/07/22 10:30:52
/home/pi/reginaldojunior/experimentos/socket/optimized/third//airlines-AdaptiveRandomForestExecutorMAXChunk-25-4-100-23
25/07/22 10:32:59
25/07/22 10:32:59
/home/pi/reginaldojunior/experimentos/socket/optimized/third//airlines-AdaptiveRandomForestExecutorMAXChunk-25-4-100-117
25/07/22 20:04:21
25/07/22 20:05:27
/home/pi/reginaldojunior/experimentos/socket/optimized/third//elecNormNew-AdaptiveRandomForestExecutorMAXChunk-25-4-25-79
25/07/22 20:07:32
25/07/22 20:07:32
/home/pi/reginaldojunior/experimentos/socket/optimized/third//elecNormNew-AdaptiveRandomForestExecutorMAXChunk-25-4-25-397
25/07/22 20:09:32
25/07/22 20:09:32
/home/pi/reginaldojunior/experimentos/socket/optimized/third//elecNormNew-AdaptiveRandomForestExecutorMAXChunk-25-4-25-714
25/07/22 20:10:42
25/07/22 20:10:42
/home/pi/reginaldojunior/experimentos/socket/optimized/third//elecNormNew-LBagExecutorMAXChunk-25-4-25-103
25/07/22 20:12:48
25/07/22 20:12:48
/home/pi/reginaldojunior/experimentos/socket/optimized/third//elecNormNew-LBagExecutorMAXChunk-25-4-25-516
25/07/22 20:14:23
25/07/22 20:14:23
/home/pi/reginaldojunior/experimentos/socket/optimized/third//elecNormNew-LBagExecutorMAXChunk-25-4-25-928
25/07/22 20:15:19
25/07/22 20:15:19
/home/pi/reginaldojunior/experimentos/socket/optimized/third//elecNormNew-StreamingRandomPatchesExecutorMAXChunk-25-4-25-35
25/07/22 20:17:24
25/07/22 20:17:24
/home/pi/reginaldojunior/experimentos/socket/optimized/third//elecNormNew-StreamingRandomPatchesExecutorMAXChunk-25-4-25-177
25/07/22 20:19:29
25/07/22 20:19:29
/home/pi/reginaldojunior/experimentos/socket/optimized/third//elecNormNew-StreamingRandomPatchesExecutorMAXChunk-25-4-25-318
25/07/22 20:21:34
25/07/22 20:21:34
/home/pi/reginaldojunior/experimentos/socket/optimized/third//elecNormNew-OzaBagAdwinExecutorMAXChunk-25-4-25-202
25/07/22 20:23:41
25/07/22 20:23:41
/home/pi/reginaldojunior/experimentos/socket/optimized/third//elecNormNew-OzaBagAdwinExecutorMAXChunk-25-4-25-1013
25/07/22 20:24:32
25/07/22 20:24:32
/home/pi/reginaldojunior/experimentos/socket/optimized/third//elecNormNew-OzaBagAdwinExecutorMAXChunk-25-4-25-1824
25/07/22 20:25:04
25/07/22 20:25:04
/home/pi/reginaldojunior/experimentos/socket/optimized/third//elecNormNew-OzaBagASHTExecutorMAXChunk-25-4-25-348
25/07/22 20:27:11
25/07/22 20:27:11
/home/pi/reginaldojunior/experimentos/socket/optimized/third//elecNormNew-OzaBagASHTExecutorMAXChunk-25-4-25-1743
25/07/22 20:27:43
25/07/22 20:27:43
/home/pi/reginaldojunior/experimentos/socket/optimized/third//elecNormNew-OzaBagASHTExecutorMAXChunk-25-4-25-3139
25/07/22 20:28:04
25/07/22 20:28:04
/home/pi/reginaldojunior/experimentos/socket/optimized/third//elecNormNew-OzaBagExecutorMAXChunk-25-4-25-398
25/07/22 20:30:06
25/07/22 20:30:06
/home/pi/reginaldojunior/experimentos/socket/optimized/third//elecNormNew-OzaBagExecutorMAXChunk-25-4-25-1993
25/07/22 20:30:35
25/07/22 20:30:35
/home/pi/reginaldojunior/experimentos/socket/optimized/third//elecNormNew-OzaBagExecutorMAXChunk-25-4-25-3588
25/07/22 20:30:56
25/07/22 20:30:56
/home/pi/reginaldojunior/experimentos/socket/optimized/third//covtypeNorm-AdaptiveRandomForestExecutorMAXChunk-25-4-25-88
25/07/22 20:33:01
25/07/22 20:33:01
/home/pi/reginaldojunior/experimentos/socket/optimized/third//covtypeNorm-AdaptiveRandomForestExecutorMAXChunk-25-4-25-441
25/07/22 20:35:05
25/07/22 20:35:05
/home/pi/reginaldojunior/experimentos/socket/optimized/third//covtypeNorm-AdaptiveRandomForestExecutorMAXChunk-25-4-25-793
25/07/22 20:37:10
25/07/22 20:37:10
/home/pi/reginaldojunior/experimentos/socket/optimized/third//covtypeNorm-LBagExecutorMAXChunk-25-4-25-57
25/07/22 20:39:17
25/07/22 20:39:17
/home/pi/reginaldojunior/experimentos/socket/optimized/third//covtypeNorm-LBagExecutorMAXChunk-25-4-25-285
25/07/22 20:41:24
25/07/22 20:41:24
/home/pi/reginaldojunior/experimentos/socket/optimized/third//covtypeNorm-LBagExecutorMAXChunk-25-4-25-514
25/07/22 20:41:44
25/07/22 20:41:44
25/07/22 20:42:42
/home/pi/reginaldojunior/experimentos/socket/optimized/third//covtypeNorm-OzaBagAdwinExecutorMAXChunk-25-4-100-972
25/07/22 20:44:49
25/07/22 20:44:49
/home/pi/reginaldojunior/experimentos/socket/optimized/third//covtypeNorm-OzaBagASHTExecutorMAXChunk-25-4-100-308
25/07/22 20:46:56
25/07/22 20:46:56
/home/pi/reginaldojunior/experimentos/socket/optimized/third//covtypeNorm-OzaBagASHTExecutorMAXChunk-25-4-100-1543
25/07/22 20:49:03
25/07/22 20:49:03
/home/pi/reginaldojunior/experimentos/socket/optimized/third//covtypeNorm-OzaBagASHTExecutorMAXChunk-25-4-100-2778
25/07/22 20:51:09
25/07/22 20:51:09
/home/pi/reginaldojunior/experimentos/socket/optimized/third//covtypeNorm-OzaBagExecutorMAXChunk-25-4-100-319
25/07/22 20:53:16
25/07/22 20:53:16
/home/pi/reginaldojunior/experimentos/socket/optimized/third//covtypeNorm-OzaBagExecutorMAXChunk-25-4-100-1597
25/07/22 20:55:23
25/07/22 20:55:23
/home/pi/reginaldojunior/experimentos/socket/optimized/third//covtypeNorm-OzaBagExecutorMAXChunk-25-4-100-2874
25/07/22 20:57:30
25/07/22 20:57:30
/home/pi/reginaldojunior/experimentos/socket/optimized/third//airlines-AdaptiveRandomForestExecutorMAXChunk-25-4-100-23
25/07/22 20:59:35
25/07/22 20:59:35
/home/pi/reginaldojunior/experimentos/socket/optimized/third//airlines-AdaptiveRandomForestExecutorMAXChunk-25-4-100-117
25/07/22 21:01:41
25/07/22 21:01:41
/home/pi/reginaldojunior/experimentos/socket/optimized/third//airlines-AdaptiveRandomForestExecutorMAXChunk-25-4-100-211
25/07/22 21:03:47
25/07/22 21:03:47
/home/pi/reginaldojunior/experimentos/socket/optimized/third//airlines-LBagExecutorMAXChunk-25-4-100-22
25/07/22 21:05:54
25/07/22 21:05:54
/home/pi/reginaldojunior/experimentos/socket/optimized/third//airlines-LBagExecutorMAXChunk-25-4-100-114
25/07/22 21:08:03
25/07/22 21:08:03
/home/pi/reginaldojunior/experimentos/socket/optimized/third//airlines-LBagExecutorMAXChunk-25-4-100-206
25/07/22 21:10:15
25/07/22 21:10:15
/home/pi/reginaldojunior/experimentos/socket/optimized/third//airlines-StreamingRandomPatchesExecutorMAXChunk-25-4-100-24
25/07/22 21:12:21
25/07/22 21:12:21
/home/pi/reginaldojunior/experimentos/socket/optimized/third//airlines-StreamingRandomPatchesExecutorMAXChunk-25-4-100-123
25/07/22 21:14:27
25/07/22 21:14:27
/home/pi/reginaldojunior/experimentos/socket/optimized/third//airlines-StreamingRandomPatchesExecutorMAXChunk-25-4-100-221
25/07/22 21:16:33
25/07/22 21:16:33
/home/pi/reginaldojunior/experimentos/socket/optimized/third//airlines-OzaBagAdwinExecutorMAXChunk-25-4-100-68
25/07/22 21:18:40
25/07/22 21:18:40
/home/pi/reginaldojunior/experimentos/socket/optimized/third//airlines-OzaBagAdwinExecutorMAXChunk-25-4-100-341
25/07/22 21:20:47
25/07/22 21:20:47
/home/pi/reginaldojunior/experimentos/socket/optimized/third//airlines-OzaBagAdwinExecutorMAXChunk-25-4-100-613
25/07/22 21:22:54
25/07/22 21:22:54
/home/pi/reginaldojunior/experimentos/socket/optimized/third//airlines-OzaBagASHTExecutorMAXChunk-25-4-100-461
25/07/22 21:25:01
25/07/22 21:25:01
/home/pi/reginaldojunior/experimentos/socket/optimized/third//airlines-OzaBagASHTExecutorMAXChunk-25-4-100-2309
25/07/22 21:27:08
25/07/22 21:27:08
/home/pi/reginaldojunior/experimentos/socket/optimized/third//airlines-OzaBagASHTExecutorMAXChunk-25-4-100-4156
25/07/22 21:29:14
25/07/22 21:29:14
/home/pi/reginaldojunior/experimentos/socket/optimized/third//airlines-OzaBagExecutorMAXChunk-25-4-100-569
25/07/22 21:31:20
25/07/22 21:31:20
/home/pi/reginaldojunior/experimentos/socket/optimized/third//airlines-OzaBagExecutorMAXChunk-25-4-100-2845
25/07/22 21:33:27
25/07/22 21:33:27
/home/pi/reginaldojunior/experimentos/socket/optimized/third//airlines-OzaBagExecutorMAXChunk-25-4-100-5121
25/07/22 21:35:33
25/07/22 21:35:33
/home/pi/reginaldojunior/experimentos/socket/optimized/third//GMSC-AdaptiveRandomForestExecutorMAXChunk-25-4-100-162
25/07/22 21:37:38
25/07/22 21:37:38
/home/pi/reginaldojunior/experimentos/socket/optimized/third//GMSC-AdaptiveRandomForestExecutorMAXChunk-25-4-100-811
25/07/22 21:39:43
25/07/22 21:39:43
/home/pi/reginaldojunior/experimentos/socket/optimized/third//GMSC-AdaptiveRandomForestExecutorMAXChunk-25-4-100-1460
25/07/22 21:41:35
25/07/22 21:41:35
/home/pi/reginaldojunior/experimentos/socket/optimized/third//GMSC-LBagExecutorMAXChunk-25-4-100-205
25/07/22 21:43:41
25/07/22 21:43:41
/home/pi/reginaldojunior/experimentos/socket/optimized/third//GMSC-LBagExecutorMAXChunk-25-4-100-1026
25/07/22 21:45:47
25/07/22 21:45:47
/home/pi/reginaldojunior/experimentos/socket/optimized/third//GMSC-LBagExecutorMAXChunk-25-4-100-1848
25/07/22 21:47:14
25/07/22 21:47:14
/home/pi/reginaldojunior/experimentos/socket/optimized/third//GMSC-StreamingRandomPatchesExecutorMAXChunk-25-4-100-82
25/07/22 21:49:20
25/07/22 21:49:20
/home/pi/reginaldojunior/experimentos/socket/optimized/third//GMSC-StreamingRandomPatchesExecutorMAXChunk-25-4-100-412
25/07/22 21:51:25
25/07/22 21:51:25
/home/pi/reginaldojunior/experimentos/socket/optimized/third//GMSC-StreamingRandomPatchesExecutorMAXChunk-25-4-100-743
25/07/22 21:53:31
25/07/22 21:53:31
/home/pi/reginaldojunior/experimentos/socket/optimized/third//GMSC-OzaBagAdwinExecutorMAXChunk-25-4-100-453
25/07/22 21:55:38
25/07/22 21:55:38
/home/pi/reginaldojunior/experimentos/socket/optimized/third//GMSC-OzaBagAdwinExecutorMAXChunk-25-4-100-2268
25/07/22 21:56:50
25/07/22 21:56:50
/home/pi/reginaldojunior/experimentos/socket/optimized/third//GMSC-OzaBagAdwinExecutorMAXChunk-25-4-100-4082
25/07/22 21:57:34
25/07/22 21:57:34
/home/pi/reginaldojunior/experimentos/socket/optimized/third//GMSC-OzaBagASHTExecutorMAXChunk-25-4-100-768
25/07/22 21:59:41
25/07/22 21:59:41
/home/pi/reginaldojunior/experimentos/socket/optimized/third//GMSC-OzaBagASHTExecutorMAXChunk-25-4-100-3842
25/07/22 22:00:27
25/07/22 22:00:27
/home/pi/reginaldojunior/experimentos/socket/optimized/third//GMSC-OzaBagASHTExecutorMAXChunk-25-4-100-6917
25/07/22 22:00:55
25/07/22 22:00:55
/home/pi/reginaldojunior/experimentos/socket/optimized/third//GMSC-OzaBagExecutorMAXChunk-25-4-100-758
25/07/22 22:03:02
25/07/22 22:03:02
/home/pi/reginaldojunior/experimentos/socket/optimized/third//GMSC-OzaBagExecutorMAXChunk-25-4-100-3791
25/07/22 22:03:48
25/07/22 22:03:48
/home/pi/reginaldojunior/experimentos/socket/optimized/third//GMSC-OzaBagExecutorMAXChunk-25-4-100-6824
25/07/22 22:04:16
25/07/22 22:04:16
/home/pi/reginaldojunior/experimentos/socket/optimized/third//elecNormNew-AdaptiveRandomForestExecutorMAXChunk-25-4-250-80
25/07/22 22:06:21
25/07/22 22:06:21
/home/pi/reginaldojunior/experimentos/socket/optimized/third//elecNormNew-AdaptiveRandomForestExecutorMAXChunk-25-4-250-400
25/07/22 22:08:20
25/07/22 22:08:20
/home/pi/reginaldojunior/experimentos/socket/optimized/third//elecNormNew-AdaptiveRandomForestExecutorMAXChunk-25-4-250-721
25/07/22 22:09:29
25/07/22 22:09:29
/home/pi/reginaldojunior/experimentos/socket/optimized/third//elecNormNew-LBagExecutorMAXChunk-25-4-250-129
25/07/22 22:11:35
25/07/22 22:11:35
/home/pi/reginaldojunior/experimentos/socket/optimized/third//elecNormNew-LBagExecutorMAXChunk-25-4-250-645
25/07/22 22:12:52
25/07/22 22:12:52
/home/pi/reginaldojunior/experimentos/socket/optimized/third//elecNormNew-LBagExecutorMAXChunk-25-4-250-1161
25/07/22 22:13:37
25/07/22 22:13:37
/home/pi/reginaldojunior/experimentos/socket/optimized/third//elecNormNew-StreamingRandomPatchesExecutorMAXChunk-25-4-250-39
25/07/22 22:15:42
25/07/22 22:15:42
/home/pi/reginaldojunior/experimentos/socket/optimized/third//elecNormNew-StreamingRandomPatchesExecutorMAXChunk-25-4-250-198
25/07/22 22:17:47
25/07/22 22:17:47
/home/pi/reginaldojunior/experimentos/socket/optimized/third//elecNormNew-StreamingRandomPatchesExecutorMAXChunk-25-4-250-358
25/07/22 22:19:53
25/07/22 22:19:53
/home/pi/reginaldojunior/experimentos/socket/optimized/third//elecNormNew-OzaBagAdwinExecutorMAXChunk-25-4-250-241
25/07/22 22:22:00
25/07/22 22:22:00
/home/pi/reginaldojunior/experimentos/socket/optimized/third//elecNormNew-OzaBagAdwinExecutorMAXChunk-25-4-250-1207
25/07/22 22:22:44
25/07/22 22:22:44
/home/pi/reginaldojunior/experimentos/socket/optimized/third//elecNormNew-OzaBagAdwinExecutorMAXChunk-25-4-250-2172
25/07/22 22:23:12
25/07/22 22:23:12
/home/pi/reginaldojunior/experimentos/socket/optimized/third//elecNormNew-OzaBagASHTExecutorMAXChunk-25-4-250-374
25/07/22 22:25:19
25/07/22 22:25:19
/home/pi/reginaldojunior/experimentos/socket/optimized/third//elecNormNew-OzaBagASHTExecutorMAXChunk-25-4-250-1873
25/07/22 22:25:49
25/07/22 22:25:49
/home/pi/reginaldojunior/experimentos/socket/optimized/third//elecNormNew-OzaBagASHTExecutorMAXChunk-25-4-250-3371
25/07/22 22:26:09
25/07/22 22:26:09
/home/pi/reginaldojunior/experimentos/socket/optimized/third//elecNormNew-OzaBagExecutorMAXChunk-25-4-250-339
25/07/22 22:28:16
25/07/22 22:28:16
/home/pi/reginaldojunior/experimentos/socket/optimized/third//elecNormNew-OzaBagExecutorMAXChunk-25-4-250-1698
25/07/22 22:28:49
25/07/22 22:28:49
/home/pi/reginaldojunior/experimentos/socket/optimized/third//elecNormNew-OzaBagExecutorMAXChunk-25-4-250-3058
25/07/22 22:29:11
25/07/22 22:29:11
/home/pi/reginaldojunior/experimentos/socket/optimized/third//covtypeNorm-AdaptiveRandomForestExecutorMAXChunk-25-4-250-94
25/07/22 22:31:16
25/07/22 22:31:16
/home/pi/reginaldojunior/experimentos/socket/optimized/third//covtypeNorm-AdaptiveRandomForestExecutorMAXChunk-25-4-250-472
25/07/22 22:33:21
25/07/22 22:33:21
/home/pi/reginaldojunior/experimentos/socket/optimized/third//covtypeNorm-AdaptiveRandomForestExecutorMAXChunk-25-4-250-849
25/07/22 22:35:26
25/07/22 22:35:26
/home/pi/reginaldojunior/experimentos/socket/optimized/third//covtypeNorm-LBagExecutorMAXChunk-25-4-250-75
25/07/22 22:37:33
25/07/22 22:37:33
/home/pi/reginaldojunior/experimentos/socket/optimized/third//covtypeNorm-LBagExecutorMAXChunk-25-4-250-379
25/07/22 22:39:39
25/07/22 22:39:39
/home/pi/reginaldojunior/experimentos/socket/optimized/third//covtypeNorm-LBagExecutorMAXChunk-25-4-250-682
25/07/22 22:41:46
25/07/22 22:41:46
/home/pi/reginaldojunior/experimentos/socket/optimized/third//covtypeNorm-StreamingRandomPatchesExecutorMAXChunk-25-4-250-23
25/07/22 22:43:51
25/07/22 22:43:51
/home/pi/reginaldojunior/experimentos/socket/optimized/third//covtypeNorm-StreamingRandomPatchesExecutorMAXChunk-25-4-250-115
25/07/22 22:45:57
25/07/22 22:45:57
/home/pi/reginaldojunior/experimentos/socket/optimized/third//covtypeNorm-StreamingRandomPatchesExecutorMAXChunk-25-4-250-208
25/07/22 22:48:01
25/07/22 22:48:01
/home/pi/reginaldojunior/experimentos/socket/optimized/third//covtypeNorm-OzaBagAdwinExecutorMAXChunk-25-4-250-113
25/07/22 22:50:08
25/07/22 22:50:08
/home/pi/reginaldojunior/experimentos/socket/optimized/third//covtypeNorm-OzaBagAdwinExecutorMAXChunk-25-4-250-565
25/07/22 22:52:15
25/07/22 22:52:15
/home/pi/reginaldojunior/experimentos/socket/optimized/third//covtypeNorm-OzaBagAdwinExecutorMAXChunk-25-4-250-1018
25/07/22 22:54:22
25/07/22 22:54:22
/home/pi/reginaldojunior/experimentos/socket/optimized/third//covtypeNorm-OzaBagASHTExecutorMAXChunk-25-4-250-335
25/07/22 22:56:29
25/07/22 22:56:29
/home/pi/reginaldojunior/experimentos/socket/optimized/third//covtypeNorm-OzaBagASHTExecutorMAXChunk-25-4-250-1678
25/07/22 22:58:35
25/07/22 22:58:35
/home/pi/reginaldojunior/experimentos/socket/optimized/third//covtypeNorm-OzaBagASHTExecutorMAXChunk-25-4-250-3022
25/07/22 23:00:41
25/07/22 23:00:41
/home/pi/reginaldojunior/experimentos/socket/optimized/third//covtypeNorm-OzaBagExecutorMAXChunk-25-4-250-363
25/07/22 23:02:48
25/07/22 23:02:48
/home/pi/reginaldojunior/experimentos/socket/optimized/third//covtypeNorm-OzaBagExecutorMAXChunk-25-4-250-1817
25/07/22 23:04:54
25/07/22 23:04:54
/home/pi/reginaldojunior/experimentos/socket/optimized/third//covtypeNorm-OzaBagExecutorMAXChunk-25-4-250-3272
25/07/22 23:07:01
25/07/22 23:07:01
/home/pi/reginaldojunior/experimentos/socket/optimized/third//airlines-AdaptiveRandomForestExecutorMAXChunk-25-4-250-25
25/07/22 23:09:07
25/07/22 23:09:07
/home/pi/reginaldojunior/experimentos/socket/optimized/third//airlines-AdaptiveRandomForestExecutorMAXChunk-25-4-250-128
25/07/22 23:11:14
25/07/22 23:11:14
/home/pi/reginaldojunior/experimentos/socket/optimized/third//airlines-AdaptiveRandomForestExecutorMAXChunk-25-4-250-230
25/07/22 23:13:20
25/07/22 23:13:20
/home/pi/reginaldojunior/experimentos/socket/optimized/third//airlines-LBagExecutorMAXChunk-25-4-250-24
25/07/22 23:15:27
25/07/22 23:15:27
/home/pi/reginaldojunior/experimentos/socket/optimized/third//airlines-LBagExecutorMAXChunk-25-4-250-120
25/07/22 23:17:48
25/07/22 23:17:49
/home/pi/reginaldojunior/experimentos/socket/optimized/third//airlines-LBagExecutorMAXChunk-25-4-250-216
25/07/22 23:20:20
25/07/22 23:20:20
/home/pi/reginaldojunior/experimentos/socket/optimized/third//airlines-StreamingRandomPatchesExecutorMAXChunk-25-4-250-24
25/07/22 23:22:25
25/07/22 23:22:25
/home/pi/reginaldojunior/experimentos/socket/optimized/third//airlines-StreamingRandomPatchesExecutorMAXChunk-25-4-250-124
25/07/22 23:24:34
25/07/22 23:24:34
/home/pi/reginaldojunior/experimentos/socket/optimized/third//airlines-StreamingRandomPatchesExecutorMAXChunk-25-4-250-223
25/07/22 23:26:43
25/07/22 23:26:43
/home/pi/reginaldojunior/experimentos/socket/optimized/third//airlines-OzaBagAdwinExecutorMAXChunk-25-4-250-70
25/07/22 23:28:50
25/07/22 23:28:50
/home/pi/reginaldojunior/experimentos/socket/optimized/third//airlines-OzaBagAdwinExecutorMAXChunk-25-4-250-350
25/07/22 23:30:57
25/07/22 23:30:57
/home/pi/reginaldojunior/experimentos/socket/optimized/third//airlines-OzaBagAdwinExecutorMAXChunk-25-4-250-630
25/07/22 23:33:04
25/07/22 23:33:04
/home/pi/reginaldojunior/experimentos/socket/optimized/third//airlines-OzaBagASHTExecutorMAXChunk-25-4-250-488
25/07/22 23:35:11
25/07/22 23:35:11
/home/pi/reginaldojunior/experimentos/socket/optimized/third//airlines-OzaBagASHTExecutorMAXChunk-25-4-250-2441
25/07/22 23:37:18
25/07/22 23:37:18
/home/pi/reginaldojunior/experimentos/socket/optimized/third//airlines-OzaBagASHTExecutorMAXChunk-25-4-250-4394
25/07/22 23:39:24
25/07/22 23:39:24
/home/pi/reginaldojunior/experimentos/socket/optimized/third//airlines-OzaBagExecutorMAXChunk-25-4-250-605
25/07/22 23:41:31
25/07/22 23:41:31
/home/pi/reginaldojunior/experimentos/socket/optimized/third//airlines-OzaBagExecutorMAXChunk-25-4-250-3025
25/07/22 23:43:38
25/07/22 23:43:38
/home/pi/reginaldojunior/experimentos/socket/optimized/third//airlines-OzaBagExecutorMAXChunk-25-4-250-5446
25/07/22 23:45:44
25/07/22 23:45:44
/home/pi/reginaldojunior/experimentos/socket/optimized/third//GMSC-AdaptiveRandomForestExecutorMAXChunk-25-4-250-161
25/07/22 23:47:49
25/07/22 23:47:49
/home/pi/reginaldojunior/experimentos/socket/optimized/third//GMSC-AdaptiveRandomForestExecutorMAXChunk-25-4-250-806
25/07/22 23:49:55
25/07/22 23:49:55
/home/pi/reginaldojunior/experimentos/socket/optimized/third//GMSC-AdaptiveRandomForestExecutorMAXChunk-25-4-250-1451
25/07/22 23:51:48
25/07/22 23:51:48
/home/pi/reginaldojunior/experimentos/socket/optimized/third//GMSC-LBagExecutorMAXChunk-25-4-250-210
25/07/22 23:53:55
25/07/22 23:53:55
/home/pi/reginaldojunior/experimentos/socket/optimized/third//GMSC-LBagExecutorMAXChunk-25-4-250-1051
25/07/22 23:56:02
25/07/22 23:56:02
/home/pi/reginaldojunior/experimentos/socket/optimized/third//GMSC-LBagExecutorMAXChunk-25-4-250-1892
25/07/22 23:57:27
25/07/22 23:57:27
/home/pi/reginaldojunior/experimentos/socket/optimized/third//GMSC-StreamingRandomPatchesExecutorMAXChunk-25-4-250-77
25/07/22 23:59:33
25/07/22 23:59:33
/home/pi/reginaldojunior/experimentos/socket/optimized/third//GMSC-StreamingRandomPatchesExecutorMAXChunk-25-4-250-387
26/07/22 00:01:38
26/07/22 00:01:39
/home/pi/reginaldojunior/experimentos/socket/optimized/third//GMSC-StreamingRandomPatchesExecutorMAXChunk-25-4-250-698
26/07/22 00:03:44
26/07/22 00:03:44
/home/pi/reginaldojunior/experimentos/socket/optimized/third//GMSC-OzaBagAdwinExecutorMAXChunk-25-4-250-477
26/07/22 00:05:51
26/07/22 00:05:51
/home/pi/reginaldojunior/experimentos/socket/optimized/third//GMSC-OzaBagAdwinExecutorMAXChunk-25-4-250-2386
26/07/22 00:07:00
26/07/22 00:07:00
/home/pi/reginaldojunior/experimentos/socket/optimized/third//GMSC-OzaBagAdwinExecutorMAXChunk-25-4-250-4296
26/07/22 00:07:42
26/07/22 00:07:42
/home/pi/reginaldojunior/experimentos/socket/optimized/third//GMSC-OzaBagASHTExecutorMAXChunk-25-4-250-831
26/07/22 00:09:49
26/07/22 00:09:49
/home/pi/reginaldojunior/experimentos/socket/optimized/third//GMSC-OzaBagASHTExecutorMAXChunk-25-4-250-4155
26/07/22 00:10:31
26/07/22 00:10:31
/home/pi/reginaldojunior/experimentos/socket/optimized/third//GMSC-OzaBagASHTExecutorMAXChunk-25-4-250-7480
26/07/22 00:10:58
26/07/22 00:10:58
/home/pi/reginaldojunior/experimentos/socket/optimized/third//GMSC-OzaBagExecutorMAXChunk-25-4-250-827
26/07/22 00:13:05
26/07/22 00:13:05
/home/pi/reginaldojunior/experimentos/socket/optimized/third//GMSC-OzaBagExecutorMAXChunk-25-4-250-4137
26/07/22 00:15:11
26/07/22 00:15:11
/home/pi/reginaldojunior/experimentos/socket/optimized/third//GMSC-OzaBagExecutorMAXChunk-25-4-250-7447
26/07/22 00:15:44
26/07/22 00:15:44
/home/pi/reginaldojunior/experimentos/socket/optimized/third//elecNormNew-AdaptiveRandomForestExecutorMAXChunk-25-4-500-74
26/07/22 00:17:49
26/07/22 00:17:49
/home/pi/reginaldojunior/experimentos/socket/optimized/third//elecNormNew-AdaptiveRandomForestExecutorMAXChunk-25-4-500-373
26/07/22 00:19:54
26/07/22 00:19:54
/home/pi/reginaldojunior/experimentos/socket/optimized/third//elecNormNew-AdaptiveRandomForestExecutorMAXChunk-25-4-500-671
26/07/22 00:21:07
26/07/22 00:21:07
/home/pi/reginaldojunior/experimentos/socket/optimized/third//elecNormNew-LBagExecutorMAXChunk-25-4-500-106
26/07/22 00:23:13
26/07/22 00:23:14
/home/pi/reginaldojunior/experimentos/socket/optimized/third//elecNormNew-LBagExecutorMAXChunk-25-4-500-531
26/07/22 00:24:45
26/07/22 00:24:45
/home/pi/reginaldojunior/experimentos/socket/optimized/third//elecNormNew-LBagExecutorMAXChunk-25-4-500-956
26/07/22 00:25:39
26/07/22 00:25:39
/home/pi/reginaldojunior/experimentos/socket/optimized/third//elecNormNew-StreamingRandomPatchesExecutorMAXChunk-25-4-500-39
26/07/22 00:27:45
26/07/22 00:27:45
/home/pi/reginaldojunior/experimentos/socket/optimized/third//elecNormNew-StreamingRandomPatchesExecutorMAXChunk-25-4-500-198
26/07/22 00:29:50
26/07/22 00:29:50
/home/pi/reginaldojunior/experimentos/socket/optimized/third//elecNormNew-StreamingRandomPatchesExecutorMAXChunk-25-4-500-358
26/07/22 00:31:55
26/07/22 00:31:55
/home/pi/reginaldojunior/experimentos/socket/optimized/third//elecNormNew-OzaBagAdwinExecutorMAXChunk-25-4-500-240
26/07/22 00:34:02
26/07/22 00:34:02
/home/pi/reginaldojunior/experimentos/socket/optimized/third//elecNormNew-OzaBagAdwinExecutorMAXChunk-25-4-500-1200
26/07/22 00:34:46
26/07/22 00:34:46
/home/pi/reginaldojunior/experimentos/socket/optimized/third//elecNormNew-OzaBagAdwinExecutorMAXChunk-25-4-500-2160
26/07/22 00:35:14
26/07/22 00:35:14
/home/pi/reginaldojunior/experimentos/socket/optimized/third//elecNormNew-OzaBagASHTExecutorMAXChunk-25-4-500-477
26/07/22 00:36:55
26/07/22 00:36:55
/home/pi/reginaldojunior/experimentos/socket/optimized/third//elecNormNew-OzaBagASHTExecutorMAXChunk-25-4-500-2387
26/07/22 00:37:21
26/07/22 00:37:21
/home/pi/reginaldojunior/experimentos/socket/optimized/third//elecNormNew-OzaBagASHTExecutorMAXChunk-25-4-500-4297
26/07/22 00:37:41
26/07/22 00:37:41
/home/pi/reginaldojunior/experimentos/socket/optimized/third//elecNormNew-OzaBagExecutorMAXChunk-25-4-500-485
26/07/22 00:39:20
26/07/22 00:39:20
/home/pi/reginaldojunior/experimentos/socket/optimized/third//elecNormNew-OzaBagExecutorMAXChunk-25-4-500-2425
26/07/22 00:39:46
26/07/22 00:39:46
/home/pi/reginaldojunior/experimentos/socket/optimized/third//elecNormNew-OzaBagExecutorMAXChunk-25-4-500-4365
26/07/22 00:40:03
26/07/22 00:40:03
/home/pi/reginaldojunior/experimentos/socket/optimized/third//covtypeNorm-AdaptiveRandomForestExecutorMAXChunk-25-4-500-96
26/07/22 00:42:08
26/07/22 00:42:08
/home/pi/reginaldojunior/experimentos/socket/optimized/third//covtypeNorm-AdaptiveRandomForestExecutorMAXChunk-25-4-500-482
26/07/22 00:44:14
26/07/22 00:44:14
/home/pi/reginaldojunior/experimentos/socket/optimized/third//covtypeNorm-AdaptiveRandomForestExecutorMAXChunk-25-4-500-867
26/07/22 00:46:19
26/07/22 00:46:19
/home/pi/reginaldojunior/experimentos/socket/optimized/third//covtypeNorm-LBagExecutorMAXChunk-25-4-500-77
26/07/22 00:48:26
26/07/22 00:48:26
/home/pi/reginaldojunior/experimentos/socket/optimized/third//covtypeNorm-LBagExecutorMAXChunk-25-4-500-389
26/07/22 00:50:33
26/07/22 00:50:33
/home/pi/reginaldojunior/experimentos/socket/optimized/third//covtypeNorm-LBagExecutorMAXChunk-25-4-500-701
26/07/22 00:52:39
26/07/22 00:52:39
/home/pi/reginaldojunior/experimentos/socket/optimized/third//covtypeNorm-StreamingRandomPatchesExecutorMAXChunk-25-4-500-23
26/07/22 00:54:44
26/07/22 00:54:44
/home/pi/reginaldojunior/experimentos/socket/optimized/third//covtypeNorm-StreamingRandomPatchesExecutorMAXChunk-25-4-500-115
26/07/22 00:56:49
26/07/22 00:56:49
/home/pi/reginaldojunior/experimentos/socket/optimized/third//covtypeNorm-StreamingRandomPatchesExecutorMAXChunk-25-4-500-207
26/07/22 00:58:56
26/07/22 00:58:56
/home/pi/reginaldojunior/experimentos/socket/optimized/third//covtypeNorm-OzaBagAdwinExecutorMAXChunk-25-4-500-114
26/07/22 01:01:02
26/07/22 01:01:02
/home/pi/reginaldojunior/experimentos/socket/optimized/third//covtypeNorm-OzaBagAdwinExecutorMAXChunk-25-4-500-573
26/07/22 01:03:09
26/07/22 01:03:09
/home/pi/reginaldojunior/experimentos/socket/optimized/third//covtypeNorm-OzaBagAdwinExecutorMAXChunk-25-4-500-1031
26/07/22 01:05:16
26/07/22 01:05:16
/home/pi/reginaldojunior/experimentos/socket/optimized/third//covtypeNorm-OzaBagASHTExecutorMAXChunk-25-4-500-356
26/07/22 01:07:23
26/07/22 01:07:23
/home/pi/reginaldojunior/experimentos/socket/optimized/third//covtypeNorm-OzaBagASHTExecutorMAXChunk-25-4-500-1784
26/07/22 01:09:30
26/07/22 01:09:30
/home/pi/reginaldojunior/experimentos/socket/optimized/third//covtypeNorm-OzaBagASHTExecutorMAXChunk-25-4-500-3211
26/07/22 01:11:36
26/07/22 01:11:36
/home/pi/reginaldojunior/experimentos/socket/optimized/third//covtypeNorm-OzaBagExecutorMAXChunk-25-4-500-384
26/07/22 01:13:43
26/07/22 01:13:43
/home/pi/reginaldojunior/experimentos/socket/optimized/third//covtypeNorm-OzaBagExecutorMAXChunk-25-4-500-1921
26/07/22 01:15:49
26/07/22 01:15:49
/home/pi/reginaldojunior/experimentos/socket/optimized/third//covtypeNorm-OzaBagExecutorMAXChunk-25-4-500-3459
26/07/22 01:17:55
26/07/22 01:17:55
/home/pi/reginaldojunior/experimentos/socket/optimized/third//airlines-AdaptiveRandomForestExecutorMAXChunk-25-4-500-27
26/07/22 01:20:06
26/07/22 01:20:06
/home/pi/reginaldojunior/experimentos/socket/optimized/third//airlines-AdaptiveRandomForestExecutorMAXChunk-25-4-500-136
26/07/22 01:22:13
26/07/22 01:22:13
/home/pi/reginaldojunior/experimentos/socket/optimized/third//airlines-AdaptiveRandomForestExecutorMAXChunk-25-4-500-245
26/07/22 01:24:23
26/07/22 01:24:23
/home/pi/reginaldojunior/experimentos/socket/optimized/third//airlines-LBagExecutorMAXChunk-25-4-500-25
26/07/22 01:26:37
26/07/22 01:26:37
/home/pi/reginaldojunior/experimentos/socket/optimized/third//airlines-LBagExecutorMAXChunk-25-4-500-129
26/07/22 01:28:47
26/07/22 01:28:47
/home/pi/reginaldojunior/experimentos/socket/optimized/third//airlines-LBagExecutorMAXChunk-25-4-500-232
26/07/22 01:31:08
26/07/22 01:31:08
/home/pi/reginaldojunior/experimentos/socket/optimized/third//airlines-StreamingRandomPatchesExecutorMAXChunk-25-4-500-27
26/07/22 01:33:18
26/07/22 01:33:18
/home/pi/reginaldojunior/experimentos/socket/optimized/third//airlines-StreamingRandomPatchesExecutorMAXChunk-25-4-500-136
26/07/22 01:35:25
26/07/22 01:35:25
/home/pi/reginaldojunior/experimentos/socket/optimized/third//airlines-StreamingRandomPatchesExecutorMAXChunk-25-4-500-245
26/07/22 01:37:31
26/07/22 01:37:31
/home/pi/reginaldojunior/experimentos/socket/optimized/third//airlines-OzaBagAdwinExecutorMAXChunk-25-4-500-74
26/07/22 01:39:38
26/07/22 01:39:38
/home/pi/reginaldojunior/experimentos/socket/optimized/third//airlines-OzaBagAdwinExecutorMAXChunk-25-4-500-374
26/07/22 01:41:46
26/07/22 01:41:46
/home/pi/reginaldojunior/experimentos/socket/optimized/third//airlines-OzaBagAdwinExecutorMAXChunk-25-4-500-674
26/07/22 01:43:52
26/07/22 01:43:52
/home/pi/reginaldojunior/experimentos/socket/optimized/third//airlines-OzaBagASHTExecutorMAXChunk-25-4-500-487
26/07/22 01:45:58
26/07/22 01:45:58
/home/pi/reginaldojunior/experimentos/socket/optimized/third//airlines-OzaBagASHTExecutorMAXChunk-25-4-500-2436
26/07/22 01:48:04
26/07/22 01:48:04
/home/pi/reginaldojunior/experimentos/socket/optimized/third//airlines-OzaBagASHTExecutorMAXChunk-25-4-500-4385
26/07/22 01:50:11
26/07/22 01:50:11
/home/pi/reginaldojunior/experimentos/socket/optimized/third//airlines-OzaBagExecutorMAXChunk-25-4-500-619
26/07/22 01:52:18
26/07/22 01:52:18
/home/pi/reginaldojunior/experimentos/socket/optimized/third//airlines-OzaBagExecutorMAXChunk-25-4-500-3095
26/07/22 01:54:25
26/07/22 01:54:25
/home/pi/reginaldojunior/experimentos/socket/optimized/third//airlines-OzaBagExecutorMAXChunk-25-4-500-5571
26/07/22 01:56:32
26/07/22 01:56:32
/home/pi/reginaldojunior/experimentos/socket/optimized/third//GMSC-AdaptiveRandomForestExecutorMAXChunk-25-4-500-165
26/07/22 01:58:37
26/07/22 01:58:37
/home/pi/reginaldojunior/experimentos/socket/optimized/third//GMSC-AdaptiveRandomForestExecutorMAXChunk-25-4-500-828
26/07/22 02:00:42
26/07/22 02:00:42
/home/pi/reginaldojunior/experimentos/socket/optimized/third//GMSC-AdaptiveRandomForestExecutorMAXChunk-25-4-500-1491
26/07/22 02:02:34
26/07/22 02:02:34
/home/pi/reginaldojunior/experimentos/socket/optimized/third//GMSC-LBagExecutorMAXChunk-25-4-500-216
26/07/22 02:04:41
26/07/22 02:04:41
/home/pi/reginaldojunior/experimentos/socket/optimized/third//GMSC-LBagExecutorMAXChunk-25-4-500-1082
26/07/22 02:06:48
26/07/22 02:06:48
/home/pi/reginaldojunior/experimentos/socket/optimized/third//GMSC-LBagExecutorMAXChunk-25-4-500-1947
26/07/22 02:08:12
26/07/22 02:08:12
/home/pi/reginaldojunior/experimentos/socket/optimized/third//GMSC-StreamingRandomPatchesExecutorMAXChunk-25-4-500-84
26/07/22 02:10:17
26/07/22 02:10:17
/home/pi/reginaldojunior/experimentos/socket/optimized/third//GMSC-StreamingRandomPatchesExecutorMAXChunk-25-4-500-421
26/07/22 02:12:22
26/07/22 02:12:22
/home/pi/reginaldojunior/experimentos/socket/optimized/third//GMSC-StreamingRandomPatchesExecutorMAXChunk-25-4-500-758
26/07/22 02:14:27
26/07/22 02:14:27
/home/pi/reginaldojunior/experimentos/socket/optimized/third//GMSC-OzaBagAdwinExecutorMAXChunk-25-4-500-483
26/07/22 02:16:34
26/07/22 02:16:34
/home/pi/reginaldojunior/experimentos/socket/optimized/third//GMSC-OzaBagAdwinExecutorMAXChunk-25-4-500-2417
26/07/22 02:17:42
26/07/22 02:17:42
/home/pi/reginaldojunior/experimentos/socket/optimized/third//GMSC-OzaBagAdwinExecutorMAXChunk-25-4-500-4351
26/07/22 02:18:23
26/07/22 02:18:23
/home/pi/reginaldojunior/experimentos/socket/optimized/third//GMSC-OzaBagASHTExecutorMAXChunk-25-4-500-875
26/07/22 02:20:30
26/07/22 02:20:30
/home/pi/reginaldojunior/experimentos/socket/optimized/third//GMSC-OzaBagASHTExecutorMAXChunk-25-4-500-4379
26/07/22 02:21:10
26/07/22 02:21:10
/home/pi/reginaldojunior/experimentos/socket/optimized/third//GMSC-OzaBagASHTExecutorMAXChunk-25-4-500-7882
26/07/22 02:21:36
26/07/22 02:21:36
/home/pi/reginaldojunior/experimentos/socket/optimized/third//GMSC-OzaBagExecutorMAXChunk-25-4-500-845
26/07/22 02:23:43
26/07/22 02:23:43
/home/pi/reginaldojunior/experimentos/socket/optimized/third//GMSC-OzaBagExecutorMAXChunk-25-4-500-4229
26/07/22 02:24:25
26/07/22 02:24:25
/home/pi/reginaldojunior/experimentos/socket/optimized/third//GMSC-OzaBagExecutorMAXChunk-25-4-500-7613
26/07/22 02:24:51
26/07/22 02:24:52
/home/pi/reginaldojunior/experimentos/socket/optimized/third//elecNormNew-AdaptiveRandomForestExecutorMAXChunk-25-4-2000-64
26/07/22 02:26:56
26/07/22 02:26:56
/home/pi/reginaldojunior/experimentos/socket/optimized/third//elecNormNew-AdaptiveRandomForestExecutorMAXChunk-25-4-2000-323
26/07/22 02:29:01
26/07/22 02:29:01
/home/pi/reginaldojunior/experimentos/socket/optimized/third//elecNormNew-AdaptiveRandomForestExecutorMAXChunk-25-4-2000-582
26/07/22 02:30:25
26/07/22 02:30:25
/home/pi/reginaldojunior/experimentos/socket/optimized/third//elecNormNew-LBagExecutorMAXChunk-25-4-2000-114
26/07/22 02:32:32
26/07/22 02:32:32
/home/pi/reginaldojunior/experimentos/socket/optimized/third//elecNormNew-LBagExecutorMAXChunk-25-4-2000-570
26/07/22 02:33:58
26/07/22 02:33:58
/home/pi/reginaldojunior/experimentos/socket/optimized/third//elecNormNew-LBagExecutorMAXChunk-25-4-2000-1026
26/07/22 02:34:49
26/07/22 02:34:49
/home/pi/reginaldojunior/experimentos/socket/optimized/third//elecNormNew-StreamingRandomPatchesExecutorMAXChunk-25-4-2000-38
26/07/22 02:36:54
26/07/22 02:36:54
/home/pi/reginaldojunior/experimentos/socket/optimized/third//elecNormNew-StreamingRandomPatchesExecutorMAXChunk-25-4-2000-191
26/07/22 02:39:00
26/07/22 02:39:00
/home/pi/reginaldojunior/experimentos/socket/optimized/third//elecNormNew-StreamingRandomPatchesExecutorMAXChunk-25-4-2000-344
26/07/22 02:41:10
26/07/22 02:41:10
/home/pi/reginaldojunior/experimentos/socket/optimized/third//elecNormNew-OzaBagAdwinExecutorMAXChunk-25-4-2000-224
26/07/22 02:43:16
26/07/22 02:43:16
/home/pi/reginaldojunior/experimentos/socket/optimized/third//elecNormNew-OzaBagAdwinExecutorMAXChunk-25-4-2000-1123
26/07/22 02:44:03
26/07/22 02:44:03
/home/pi/reginaldojunior/experimentos/socket/optimized/third//elecNormNew-OzaBagAdwinExecutorMAXChunk-25-4-2000-2022
26/07/22 02:44:32
26/07/22 02:44:32
/home/pi/reginaldojunior/experimentos/socket/optimized/third//elecNormNew-OzaBagASHTExecutorMAXChunk-25-4-2000-374
26/07/22 02:46:39
26/07/22 02:46:39
/home/pi/reginaldojunior/experimentos/socket/optimized/third//elecNormNew-OzaBagASHTExecutorMAXChunk-25-4-2000-1873
26/07/22 02:47:09
26/07/22 02:47:09
/home/pi/reginaldojunior/experimentos/socket/optimized/third//elecNormNew-OzaBagASHTExecutorMAXChunk-25-4-2000-3372
26/07/22 02:47:30
26/07/22 02:47:30
/home/pi/reginaldojunior/experimentos/socket/optimized/third//elecNormNew-OzaBagExecutorMAXChunk-25-4-2000-444
26/07/22 02:49:20
26/07/22 02:49:20
/home/pi/reginaldojunior/experimentos/socket/optimized/third//elecNormNew-OzaBagExecutorMAXChunk-25-4-2000-2224
26/07/22 02:49:46
26/07/22 02:49:46
/home/pi/reginaldojunior/experimentos/socket/optimized/third//elecNormNew-OzaBagExecutorMAXChunk-25-4-2000-4004
26/07/22 02:50:06
26/07/22 02:50:06
/home/pi/reginaldojunior/experimentos/socket/optimized/third//covtypeNorm-AdaptiveRandomForestExecutorMAXChunk-25-4-2000-88
26/07/22 02:52:12
26/07/22 02:52:12
/home/pi/reginaldojunior/experimentos/socket/optimized/third//covtypeNorm-AdaptiveRandomForestExecutorMAXChunk-25-4-2000-444
26/07/22 02:54:18
26/07/22 02:54:18
/home/pi/reginaldojunior/experimentos/socket/optimized/third//covtypeNorm-AdaptiveRandomForestExecutorMAXChunk-25-4-2000-799
26/07/22 02:56:23
26/07/22 02:56:23
/home/pi/reginaldojunior/experimentos/socket/optimized/third//covtypeNorm-LBagExecutorMAXChunk-25-4-2000-67
26/07/22 02:58:29
26/07/22 02:58:29
/home/pi/reginaldojunior/experimentos/socket/optimized/third//covtypeNorm-LBagExecutorMAXChunk-25-4-2000-338
26/07/22 03:00:36
26/07/22 03:00:36
/home/pi/reginaldojunior/experimentos/socket/optimized/third//covtypeNorm-LBagExecutorMAXChunk-25-4-2000-609
26/07/22 03:02:43
26/07/22 03:02:43
/home/pi/reginaldojunior/experimentos/socket/optimized/third//covtypeNorm-StreamingRandomPatchesExecutorMAXChunk-25-4-2000-23
26/07/22 03:04:48
26/07/22 03:04:48
/home/pi/reginaldojunior/experimentos/socket/optimized/third//covtypeNorm-StreamingRandomPatchesExecutorMAXChunk-25-4-2000-115
26/07/22 03:06:53
26/07/22 03:06:53
/home/pi/reginaldojunior/experimentos/socket/optimized/third//covtypeNorm-StreamingRandomPatchesExecutorMAXChunk-25-4-2000-208
26/07/22 03:08:59
26/07/22 03:08:59
/home/pi/reginaldojunior/experimentos/socket/optimized/third//covtypeNorm-OzaBagAdwinExecutorMAXChunk-25-4-2000-115
26/07/22 03:11:05
26/07/22 03:11:05
/home/pi/reginaldojunior/experimentos/socket/optimized/third//covtypeNorm-OzaBagAdwinExecutorMAXChunk-25-4-2000-578
26/07/22 03:13:12
26/07/22 03:13:12
/home/pi/reginaldojunior/experimentos/socket/optimized/third//covtypeNorm-OzaBagAdwinExecutorMAXChunk-25-4-2000-1041
26/07/22 03:15:18
26/07/22 03:15:18
/home/pi/reginaldojunior/experimentos/socket/optimized/third//covtypeNorm-OzaBagASHTExecutorMAXChunk-25-4-2000-353
26/07/22 03:17:25
26/07/22 03:17:25
/home/pi/reginaldojunior/experimentos/socket/optimized/third//covtypeNorm-OzaBagASHTExecutorMAXChunk-25-4-2000-1765
26/07/22 03:19:31
26/07/22 03:19:31
/home/pi/reginaldojunior/experimentos/socket/optimized/third//covtypeNorm-OzaBagASHTExecutorMAXChunk-25-4-2000-3178
26/07/22 03:21:37
26/07/22 03:21:37
/home/pi/reginaldojunior/experimentos/socket/optimized/third//covtypeNorm-OzaBagExecutorMAXChunk-25-4-2000-357
26/07/22 03:23:44
26/07/22 03:23:44
/home/pi/reginaldojunior/experimentos/socket/optimized/third//covtypeNorm-OzaBagExecutorMAXChunk-25-4-2000-1789
26/07/22 03:25:50
26/07/22 03:25:50
/home/pi/reginaldojunior/experimentos/socket/optimized/third//covtypeNorm-OzaBagExecutorMAXChunk-25-4-2000-3220
26/07/22 03:27:56
26/07/22 03:27:56
/home/pi/reginaldojunior/experimentos/socket/optimized/third//airlines-AdaptiveRandomForestExecutorMAXChunk-25-4-2000-28
26/07/22 03:30:02
26/07/22 03:30:02
/home/pi/reginaldojunior/experimentos/socket/optimized/third//airlines-AdaptiveRandomForestExecutorMAXChunk-25-4-2000-144
26/07/22 03:32:10
26/07/22 03:32:10
/home/pi/reginaldojunior/experimentos/socket/optimized/third//airlines-AdaptiveRandomForestExecutorMAXChunk-25-4-2000-259
26/07/22 03:34:28
26/07/22 03:34:28
/home/pi/reginaldojunior/experimentos/socket/optimized/third//airlines-LBagExecutorMAXChunk-25-4-2000-44
26/07/22 03:36:48
26/07/22 03:36:48
/home/pi/reginaldojunior/experimentos/socket/optimized/third//airlines-LBagExecutorMAXChunk-25-4-2000-220
26/07/22 04:22:22
26/07/22 04:22:22
/home/pi/reginaldojunior/experimentos/socket/optimized/third//airlines-LBagExecutorMAXChunk-25-4-2000-396
26/07/22 05:15:24
26/07/22 05:15:24
/home/pi/reginaldojunior/experimentos/socket/optimized/third//airlines-StreamingRandomPatchesExecutorMAXChunk-25-4-2000-27
26/07/22 05:17:30
26/07/22 05:17:30
/home/pi/reginaldojunior/experimentos/socket/optimized/third//airlines-StreamingRandomPatchesExecutorMAXChunk-25-4-2000-139
26/07/22 05:20:01
26/07/22 05:20:01
/home/pi/reginaldojunior/experimentos/socket/optimized/third//airlines-StreamingRandomPatchesExecutorMAXChunk-25-4-2000-250
26/07/22 05:22:25
26/07/22 05:22:25
/home/pi/reginaldojunior/experimentos/socket/optimized/third//airlines-OzaBagAdwinExecutorMAXChunk-25-4-2000-95
26/07/22 05:24:31
26/07/22 05:24:31
/home/pi/reginaldojunior/experimentos/socket/optimized/third//airlines-OzaBagAdwinExecutorMAXChunk-25-4-2000-476
26/07/22 05:26:51
26/07/22 05:26:51
/home/pi/reginaldojunior/experimentos/socket/optimized/third//airlines-OzaBagAdwinExecutorMAXChunk-25-4-2000-857
26/07/22 05:28:58
26/07/22 05:28:58
/home/pi/reginaldojunior/experimentos/socket/optimized/third//airlines-OzaBagASHTExecutorMAXChunk-25-4-2000-481
26/07/22 05:31:05
26/07/22 05:31:05
/home/pi/reginaldojunior/experimentos/socket/optimized/third//airlines-OzaBagASHTExecutorMAXChunk-25-4-2000-2407
26/07/22 05:33:12
26/07/22 05:33:12
/home/pi/reginaldojunior/experimentos/socket/optimized/third//airlines-OzaBagASHTExecutorMAXChunk-25-4-2000-4332
26/07/22 05:35:18
26/07/22 05:35:18
/home/pi/reginaldojunior/experimentos/socket/optimized/third//airlines-OzaBagExecutorMAXChunk-25-4-2000-621
26/07/22 05:37:25
26/07/22 05:37:25
/home/pi/reginaldojunior/experimentos/socket/optimized/third//airlines-OzaBagExecutorMAXChunk-25-4-2000-3107
26/07/22 05:39:31
26/07/22 05:39:31
/home/pi/reginaldojunior/experimentos/socket/optimized/third//airlines-OzaBagExecutorMAXChunk-25-4-2000-5592
26/07/22 05:41:38
26/07/22 05:41:38
/home/pi/reginaldojunior/experimentos/socket/optimized/third//GMSC-AdaptiveRandomForestExecutorMAXChunk-25-4-2000-168
26/07/22 05:43:43
26/07/22 05:43:43
/home/pi/reginaldojunior/experimentos/socket/optimized/third//GMSC-AdaptiveRandomForestExecutorMAXChunk-25-4-2000-842
26/07/22 05:45:48
26/07/22 05:45:48
/home/pi/reginaldojunior/experimentos/socket/optimized/third//GMSC-AdaptiveRandomForestExecutorMAXChunk-25-4-2000-1516
26/07/22 05:47:41
26/07/22 05:47:42
/home/pi/reginaldojunior/experimentos/socket/optimized/third//GMSC-LBagExecutorMAXChunk-25-4-2000-215
26/07/22 05:49:48
26/07/22 05:49:48
/home/pi/reginaldojunior/experimentos/socket/optimized/third//GMSC-LBagExecutorMAXChunk-25-4-2000-1079
26/07/22 05:51:54
26/07/22 05:51:54
/home/pi/reginaldojunior/experimentos/socket/optimized/third//GMSC-LBagExecutorMAXChunk-25-4-2000-1943
26/07/22 05:53:21
26/07/22 05:53:21
/home/pi/reginaldojunior/experimentos/socket/optimized/third//GMSC-StreamingRandomPatchesExecutorMAXChunk-25-4-2000-79
26/07/22 05:55:27
26/07/22 05:55:27
/home/pi/reginaldojunior/experimentos/socket/optimized/third//GMSC-StreamingRandomPatchesExecutorMAXChunk-25-4-2000-395
26/07/22 05:57:33
26/07/22 05:57:33
/home/pi/reginaldojunior/experimentos/socket/optimized/third//GMSC-StreamingRandomPatchesExecutorMAXChunk-25-4-2000-712
26/07/22 05:59:39
26/07/22 05:59:39
/home/pi/reginaldojunior/experimentos/socket/optimized/third//GMSC-OzaBagAdwinExecutorMAXChunk-25-4-2000-449
26/07/22 06:01:45
26/07/22 06:01:45
/home/pi/reginaldojunior/experimentos/socket/optimized/third//GMSC-OzaBagAdwinExecutorMAXChunk-25-4-2000-2249
26/07/22 06:02:59
26/07/22 06:02:59
/home/pi/reginaldojunior/experimentos/socket/optimized/third//GMSC-OzaBagAdwinExecutorMAXChunk-25-4-2000-4048
26/07/22 06:03:43
26/07/22 06:03:43
/home/pi/reginaldojunior/experimentos/socket/optimized/third//GMSC-OzaBagASHTExecutorMAXChunk-25-4-2000-893
26/07/22 06:05:50
26/07/22 06:05:50
/home/pi/reginaldojunior/experimentos/socket/optimized/third//GMSC-OzaBagASHTExecutorMAXChunk-25-4-2000-4467
26/07/22 06:06:30
26/07/22 06:06:30
/home/pi/reginaldojunior/experimentos/socket/optimized/third//GMSC-OzaBagASHTExecutorMAXChunk-25-4-2000-8041
26/07/22 06:07:02
26/07/22 06:07:02
/home/pi/reginaldojunior/experimentos/socket/optimized/third//GMSC-OzaBagExecutorMAXChunk-25-4-2000-816
26/07/22 06:09:09
26/07/22 06:09:09
/home/pi/reginaldojunior/experimentos/socket/optimized/third//GMSC-OzaBagExecutorMAXChunk-25-4-2000-4081
26/07/22 06:09:53
26/07/22 06:09:53
/home/pi/reginaldojunior/experimentos/socket/optimized/third//GMSC-OzaBagExecutorMAXChunk-25-4-2000-7346
26/07/22 06:10:25
26/07/22 06:10:25
