04/04/22 15:11:17
04/04/22 15:13:11
/home/pi/reginaldojunior/experimentos/results/socket/600/1200/elecNormNew-AdaptiveRandomForestSequential-25-1-1-31
04/04/22 15:13:16
04/04/22 15:13:16
04/04/22 15:13:32
/home/pi/reginaldojunior/experimentos/results/socket/600/1200/elecNormNew-AdaptiveRandomForestSequential-25-1-1-31
04/04/22 15:15:37
04/04/22 15:15:37
/home/pi/reginaldojunior/experimentos/results/socket/600/1200/elecNormNew-AdaptiveRandomForestExecutorRUNPER-25-4-1-47
04/04/22 15:17:42
04/04/22 15:17:42
/home/pi/reginaldojunior/experimentos/results/socket/600/1200/elecNormNew-AdaptiveRandomForestExecutorMAXChunk-25-4-1-47
04/04/22 15:19:46
04/04/22 15:19:46
/home/pi/reginaldojunior/experimentos/results/socket/600/1200/elecNormNew-AdaptiveRandomForestSequential-25-1-1-157
04/04/22 15:21:51
04/04/22 15:21:51
/home/pi/reginaldojunior/experimentos/results/socket/600/1200/elecNormNew-AdaptiveRandomForestExecutorRUNPER-25-4-1-236
04/04/22 15:23:56
04/04/22 15:23:56
/home/pi/reginaldojunior/experimentos/results/socket/600/1200/elecNormNew-AdaptiveRandomForestExecutorMAXChunk-25-4-1-236
04/04/22 15:26:00
04/04/22 15:26:00
/home/pi/reginaldojunior/experimentos/results/socket/600/1200/elecNormNew-AdaptiveRandomForestSequential-25-1-1-282
04/04/22 15:28:05
04/04/22 15:28:05
/home/pi/reginaldojunior/experimentos/results/socket/600/1200/elecNormNew-AdaptiveRandomForestExecutorRUNPER-25-4-1-425
04/04/22 15:29:58
04/04/22 15:29:58
/home/pi/reginaldojunior/experimentos/results/socket/600/1200/elecNormNew-AdaptiveRandomForestExecutorMAXChunk-25-4-1-425
04/04/22 15:31:50
04/04/22 15:31:50
/home/pi/reginaldojunior/experimentos/results/socket/600/1200/elecNormNew-LeveragingBag-25-1-1-52
04/04/22 15:33:55
04/04/22 15:33:55
/home/pi/reginaldojunior/experimentos/results/socket/600/1200/elecNormNew-LBagExecutorRUNPER-25-4-1-68
04/04/22 15:36:02
04/04/22 15:36:02
/home/pi/reginaldojunior/experimentos/results/socket/600/1200/elecNormNew-LBagExecutorMAXChunk-25-4-1-68
04/04/22 15:38:09
04/04/22 15:38:09
/home/pi/reginaldojunior/experimentos/results/socket/600/1200/elecNormNew-LeveragingBag-25-1-1-260
04/04/22 15:40:15
04/04/22 15:40:15
/home/pi/reginaldojunior/experimentos/results/socket/600/1200/elecNormNew-LBagExecutorRUNPER-25-4-1-344
04/04/22 15:42:21
04/04/22 15:42:21
/home/pi/reginaldojunior/experimentos/results/socket/600/1200/elecNormNew-LBagExecutorMAXChunk-25-4-1-344
04/04/22 15:44:28
04/04/22 15:44:28
/home/pi/reginaldojunior/experimentos/results/socket/600/1200/elecNormNew-LeveragingBag-25-1-1-468
04/04/22 15:46:11
04/04/22 15:46:11
/home/pi/reginaldojunior/experimentos/results/socket/600/1200/elecNormNew-LBagExecutorRUNPER-25-4-1-619
04/04/22 15:47:32
04/04/22 15:47:32
/home/pi/reginaldojunior/experimentos/results/socket/600/1200/elecNormNew-LBagExecutorMAXChunk-25-4-1-619
04/04/22 15:49:38
04/04/22 15:49:38
/home/pi/reginaldojunior/experimentos/results/socket/600/1200/elecNormNew-StreamingRandomPatches-25-1-1-17
04/04/22 15:51:44
04/04/22 15:51:44
/home/pi/reginaldojunior/experimentos/results/socket/600/1200/elecNormNew-StreamingRandomPatchesExecutorRUNPER-25-4-1-25
04/04/22 15:53:50
04/04/22 15:53:50
/home/pi/reginaldojunior/experimentos/results/socket/600/1200/elecNormNew-StreamingRandomPatchesExecutorMAXChunk-25-4-1-25
04/04/22 15:55:55
04/04/22 15:55:55
/home/pi/reginaldojunior/experimentos/results/socket/600/1200/elecNormNew-StreamingRandomPatches-25-1-1-85
04/04/22 15:58:00
04/04/22 15:58:00
/home/pi/reginaldojunior/experimentos/results/socket/600/1200/elecNormNew-StreamingRandomPatchesExecutorRUNPER-25-4-1-128
04/04/22 16:00:05
04/04/22 16:00:05
/home/pi/reginaldojunior/experimentos/results/socket/600/1200/elecNormNew-StreamingRandomPatchesExecutorMAXChunk-25-4-1-128
04/04/22 16:02:10
04/04/22 16:02:10
/home/pi/reginaldojunior/experimentos/results/socket/600/1200/elecNormNew-StreamingRandomPatches-25-1-1-153
04/04/22 16:04:14
04/04/22 16:04:14
/home/pi/reginaldojunior/experimentos/results/socket/600/1200/elecNormNew-StreamingRandomPatchesExecutorRUNPER-25-4-1-232
04/04/22 16:06:19
04/04/22 16:06:19
/home/pi/reginaldojunior/experimentos/results/socket/600/1200/elecNormNew-StreamingRandomPatchesExecutorMAXChunk-25-4-1-232
04/04/22 16:08:24
04/04/22 16:08:24
/home/pi/reginaldojunior/experimentos/results/socket/600/1200/elecNormNew-OzaBagAdwin-25-1-1-119
04/04/22 16:10:31
04/04/22 16:10:31
/home/pi/reginaldojunior/experimentos/results/socket/600/1200/elecNormNew-OzaBagAdwinExecutorRUNPER-25-4-1-115
04/04/22 16:12:37
04/04/22 16:12:37
/home/pi/reginaldojunior/experimentos/results/socket/600/1200/elecNormNew-OzaBagAdwinExecutorMAXChunk-25-4-1-115
04/04/22 16:14:45
04/04/22 16:14:45
/home/pi/reginaldojunior/experimentos/results/socket/600/1200/elecNormNew-OzaBagAdwin-25-1-1-599
04/04/22 16:16:08
04/04/22 16:16:08
/home/pi/reginaldojunior/experimentos/results/socket/600/1200/elecNormNew-OzaBagAdwinExecutorRUNPER-25-4-1-575
04/04/22 16:17:33
04/04/22 16:17:33
/home/pi/reginaldojunior/experimentos/results/socket/600/1200/elecNormNew-OzaBagAdwinExecutorMAXChunk-25-4-1-575
04/04/22 16:19:40
04/04/22 16:19:40
/home/pi/reginaldojunior/experimentos/results/socket/600/1200/elecNormNew-OzaBagAdwin-25-1-1-1079
04/04/22 16:20:28
04/04/22 16:20:28
/home/pi/reginaldojunior/experimentos/results/socket/600/1200/elecNormNew-OzaBagAdwinExecutorRUNPER-25-4-1-1035
04/04/22 16:21:26
04/04/22 16:21:26
/home/pi/reginaldojunior/experimentos/results/socket/600/1200/elecNormNew-OzaBagAdwinExecutorMAXChunk-25-4-1-1035
04/04/22 16:23:32
04/04/22 16:23:32
/home/pi/reginaldojunior/experimentos/results/socket/600/1200/elecNormNew-OzaBagASHT-25-1-1-150
04/04/22 16:25:38
04/04/22 16:25:38
/home/pi/reginaldojunior/experimentos/results/socket/600/1200/elecNormNew-OzaBagASHTExecutorRUNPER-25-4-1-133
04/04/22 16:27:45
04/04/22 16:27:45
/home/pi/reginaldojunior/experimentos/results/socket/600/1200/elecNormNew-OzaBagASHTExecutorMAXChunk-25-4-1-133
04/04/22 16:29:51
04/04/22 16:29:51
/home/pi/reginaldojunior/experimentos/results/socket/600/1200/elecNormNew-OzaBagASHT-25-1-1-751
04/04/22 16:30:58
04/04/22 16:30:58
/home/pi/reginaldojunior/experimentos/results/socket/600/1200/elecNormNew-OzaBagASHTExecutorRUNPER-25-4-1-669
04/04/22 16:32:12
04/04/22 16:32:12
/home/pi/reginaldojunior/experimentos/results/socket/600/1200/elecNormNew-OzaBagASHTExecutorMAXChunk-25-4-1-669
04/04/22 16:33:27
04/04/22 16:33:27
/home/pi/reginaldojunior/experimentos/results/socket/600/1200/elecNormNew-OzaBagASHT-25-1-1-1352
04/04/22 16:34:06
04/04/22 16:34:06
/home/pi/reginaldojunior/experimentos/results/socket/600/1200/elecNormNew-OzaBagASHTExecutorRUNPER-25-4-1-1204
04/04/22 16:34:51
04/04/22 16:34:51
/home/pi/reginaldojunior/experimentos/results/socket/600/1200/elecNormNew-OzaBagASHTExecutorMAXChunk-25-4-1-1204
04/04/22 16:35:35
04/04/22 16:35:35
/home/pi/reginaldojunior/experimentos/results/socket/600/1200/elecNormNew-OzaBag-25-1-1-165
04/04/22 16:37:42
04/04/22 16:37:42
/home/pi/reginaldojunior/experimentos/results/socket/600/1200/elecNormNew-OzaBagExecutorRUNPER-25-4-1-138
04/04/22 16:39:48
04/04/22 16:39:48
/home/pi/reginaldojunior/experimentos/results/socket/600/1200/elecNormNew-OzaBagExecutorMAXChunk-25-4-1-138
04/04/22 16:41:55
04/04/22 16:41:55
/home/pi/reginaldojunior/experimentos/results/socket/600/1200/elecNormNew-OzaBag-25-1-1-827
04/04/22 16:42:56
04/04/22 16:42:56
/home/pi/reginaldojunior/experimentos/results/socket/600/1200/elecNormNew-OzaBagExecutorRUNPER-25-4-1-693
04/04/22 16:44:09
04/04/22 16:44:09
/home/pi/reginaldojunior/experimentos/results/socket/600/1200/elecNormNew-OzaBagExecutorMAXChunk-25-4-1-693
04/04/22 16:45:21
04/04/22 16:45:21
/home/pi/reginaldojunior/experimentos/results/socket/600/1200/elecNormNew-OzaBag-25-1-1-1490
04/04/22 16:45:58
04/04/22 16:45:58
/home/pi/reginaldojunior/experimentos/results/socket/600/1200/elecNormNew-OzaBagExecutorRUNPER-25-4-1-1248
04/04/22 16:46:40
04/04/22 16:46:40
/home/pi/reginaldojunior/experimentos/results/socket/600/1200/elecNormNew-OzaBagExecutorMAXChunk-25-4-1-1248
04/04/22 16:47:23
04/04/22 16:47:23
/home/pi/reginaldojunior/experimentos/results/socket/600/1200/airlines-AdaptiveRandomForestSequential-25-1-1-6
04/04/22 16:49:28
04/04/22 16:49:28
/home/pi/reginaldojunior/experimentos/results/socket/600/1200/airlines-AdaptiveRandomForestExecutorRUNPER-25-4-1-15
04/04/22 16:51:33
04/04/22 16:51:33
/home/pi/reginaldojunior/experimentos/results/socket/600/1200/airlines-AdaptiveRandomForestExecutorMAXChunk-25-4-1-15
04/04/22 16:53:38
04/04/22 16:53:38
/home/pi/reginaldojunior/experimentos/results/socket/600/1200/airlines-AdaptiveRandomForestSequential-25-1-1-33
04/04/22 16:55:44
04/04/22 16:55:44
/home/pi/reginaldojunior/experimentos/results/socket/600/1200/airlines-AdaptiveRandomForestExecutorRUNPER-25-4-1-79
04/04/22 16:57:49
04/04/22 16:57:49
/home/pi/reginaldojunior/experimentos/results/socket/600/1200/airlines-AdaptiveRandomForestExecutorMAXChunk-25-4-1-79
04/04/22 16:59:54
04/04/22 16:59:54
/home/pi/reginaldojunior/experimentos/results/socket/600/1200/airlines-AdaptiveRandomForestSequential-25-1-1-60
04/04/22 17:01:59
04/04/22 17:01:59
/home/pi/reginaldojunior/experimentos/results/socket/600/1200/airlines-AdaptiveRandomForestExecutorRUNPER-25-4-1-143
04/04/22 17:04:05
04/04/22 17:04:05
/home/pi/reginaldojunior/experimentos/results/socket/600/1200/airlines-AdaptiveRandomForestExecutorMAXChunk-25-4-1-143
04/04/22 17:06:09
04/04/22 17:06:09
/home/pi/reginaldojunior/experimentos/results/socket/600/1200/airlines-LeveragingBag-25-1-1-4
04/04/22 17:08:16
04/04/22 17:08:16
/home/pi/reginaldojunior/experimentos/results/socket/600/1200/airlines-LBagExecutorRUNPER-25-4-1-15
04/04/22 17:10:23
04/04/22 17:10:23
/home/pi/reginaldojunior/experimentos/results/socket/600/1200/airlines-LBagExecutorMAXChunk-25-4-1-15
04/04/22 17:12:29
04/04/22 17:12:29
/home/pi/reginaldojunior/experimentos/results/socket/600/1200/airlines-LeveragingBag-25-1-1-23
04/04/22 17:14:35
04/04/22 17:14:35
/home/pi/reginaldojunior/experimentos/results/socket/600/1200/airlines-LBagExecutorRUNPER-25-4-1-76
04/04/22 17:16:44
04/04/22 17:16:44
/home/pi/reginaldojunior/experimentos/results/socket/600/1200/airlines-LBagExecutorMAXChunk-25-4-1-76
04/04/22 17:18:50
04/04/22 17:18:50
/home/pi/reginaldojunior/experimentos/results/socket/600/1200/airlines-LeveragingBag-25-1-1-41
04/04/22 17:20:57
04/04/22 17:20:57
/home/pi/reginaldojunior/experimentos/results/socket/600/1200/airlines-LBagExecutorRUNPER-25-4-1-137
04/04/22 17:23:04
04/04/22 17:23:04
/home/pi/reginaldojunior/experimentos/results/socket/600/1200/airlines-LBagExecutorMAXChunk-25-4-1-137
04/04/22 17:25:10
04/04/22 17:25:11
/home/pi/reginaldojunior/experimentos/results/socket/600/1200/airlines-StreamingRandomPatches-25-1-1-4
04/04/22 17:27:15
04/04/22 17:27:15
/home/pi/reginaldojunior/experimentos/results/socket/600/1200/airlines-StreamingRandomPatchesExecutorRUNPER-25-4-1-14
04/04/22 17:29:21
04/04/22 17:29:21
/home/pi/reginaldojunior/experimentos/results/socket/600/1200/airlines-StreamingRandomPatchesExecutorMAXChunk-25-4-1-14
04/04/22 17:31:26
04/04/22 17:31:26
/home/pi/reginaldojunior/experimentos/results/socket/600/1200/airlines-StreamingRandomPatches-25-1-1-21
04/04/22 17:33:30
04/04/22 17:33:31
/home/pi/reginaldojunior/experimentos/results/socket/600/1200/airlines-StreamingRandomPatchesExecutorRUNPER-25-4-1-73
04/04/22 17:35:36
04/04/22 17:35:36
/home/pi/reginaldojunior/experimentos/results/socket/600/1200/airlines-StreamingRandomPatchesExecutorMAXChunk-25-4-1-73
04/04/22 17:37:40
04/04/22 17:37:40
/home/pi/reginaldojunior/experimentos/results/socket/600/1200/airlines-StreamingRandomPatches-25-1-1-37
04/04/22 17:39:45
04/04/22 17:39:45
/home/pi/reginaldojunior/experimentos/results/socket/600/1200/airlines-StreamingRandomPatchesExecutorRUNPER-25-4-1-132
04/04/22 17:41:50
04/04/22 17:41:50
/home/pi/reginaldojunior/experimentos/results/socket/600/1200/airlines-StreamingRandomPatchesExecutorMAXChunk-25-4-1-132
04/04/22 17:43:55
04/04/22 17:43:55
/home/pi/reginaldojunior/experimentos/results/socket/600/1200/airlines-OzaBagAdwin-25-1-1-17
04/04/22 17:46:02
04/04/22 17:46:02
/home/pi/reginaldojunior/experimentos/results/socket/600/1200/airlines-OzaBagAdwinExecutorRUNPER-25-4-1-25
04/04/22 17:48:09
04/04/22 17:48:09
/home/pi/reginaldojunior/experimentos/results/socket/600/1200/airlines-OzaBagAdwinExecutorMAXChunk-25-4-1-25
04/04/22 17:50:15
04/04/22 17:50:15
/home/pi/reginaldojunior/experimentos/results/socket/600/1200/airlines-OzaBagAdwin-25-1-1-86
04/04/22 17:52:22
04/04/22 17:52:22
/home/pi/reginaldojunior/experimentos/results/socket/600/1200/airlines-OzaBagAdwinExecutorRUNPER-25-4-1-126
04/04/22 17:54:28
04/04/22 17:54:28
/home/pi/reginaldojunior/experimentos/results/socket/600/1200/airlines-OzaBagAdwinExecutorMAXChunk-25-4-1-126
04/04/22 17:56:35
04/04/22 17:56:35
/home/pi/reginaldojunior/experimentos/results/socket/600/1200/airlines-OzaBagAdwin-25-1-1-155
04/04/22 17:58:41
04/04/22 17:58:41
/home/pi/reginaldojunior/experimentos/results/socket/600/1200/airlines-OzaBagAdwinExecutorRUNPER-25-4-1-226
04/04/22 18:00:47
04/04/22 18:00:47
/home/pi/reginaldojunior/experimentos/results/socket/600/1200/airlines-OzaBagAdwinExecutorMAXChunk-25-4-1-226
04/04/22 18:02:54
04/04/22 18:02:54
/home/pi/reginaldojunior/experimentos/results/socket/600/1200/airlines-OzaBagASHT-25-1-1-18
04/04/22 18:05:00
04/04/22 18:05:00
/home/pi/reginaldojunior/experimentos/results/socket/600/1200/airlines-OzaBagASHTExecutorRUNPER-25-4-1-57
04/04/22 18:07:07
04/04/22 18:07:07
/home/pi/reginaldojunior/experimentos/results/socket/600/1200/airlines-OzaBagASHTExecutorMAXChunk-25-4-1-57
04/04/22 18:09:13
04/04/22 18:09:13
/home/pi/reginaldojunior/experimentos/results/socket/600/1200/airlines-OzaBagASHT-25-1-1-92
04/04/22 18:11:19
04/04/22 18:11:19
/home/pi/reginaldojunior/experimentos/results/socket/600/1200/airlines-OzaBagASHTExecutorRUNPER-25-4-1-289
04/04/22 18:13:25
04/04/22 18:13:25
/home/pi/reginaldojunior/experimentos/results/socket/600/1200/airlines-OzaBagASHTExecutorMAXChunk-25-4-1-289
04/04/22 18:15:31
04/04/22 18:15:31
/home/pi/reginaldojunior/experimentos/results/socket/600/1200/airlines-OzaBagASHT-25-1-1-166
04/04/22 18:17:38
04/04/22 18:17:38
/home/pi/reginaldojunior/experimentos/results/socket/600/1200/airlines-OzaBagASHTExecutorRUNPER-25-4-1-521
04/04/22 18:19:44
04/04/22 18:19:44
/home/pi/reginaldojunior/experimentos/results/socket/600/1200/airlines-OzaBagASHTExecutorMAXChunk-25-4-1-521
04/04/22 18:21:50
04/04/22 18:21:50
/home/pi/reginaldojunior/experimentos/results/socket/600/1200/airlines-OzaBag-25-1-1-17
04/04/22 18:23:57
04/04/22 18:23:57
/home/pi/reginaldojunior/experimentos/results/socket/600/1200/airlines-OzaBagExecutorRUNPER-25-4-1-98
04/04/22 18:26:03
04/04/22 18:26:03
/home/pi/reginaldojunior/experimentos/results/socket/600/1200/airlines-OzaBagExecutorMAXChunk-25-4-1-98
04/04/22 18:28:09
04/04/22 18:28:09
/home/pi/reginaldojunior/experimentos/results/socket/600/1200/airlines-OzaBag-25-1-1-85
04/04/22 18:30:15
04/04/22 18:30:15
/home/pi/reginaldojunior/experimentos/results/socket/600/1200/airlines-OzaBagExecutorRUNPER-25-4-1-493
04/04/22 18:32:25
04/04/22 18:32:25
/home/pi/reginaldojunior/experimentos/results/socket/600/1200/airlines-OzaBagExecutorMAXChunk-25-4-1-493
04/04/22 18:34:31
04/04/22 18:34:31
/home/pi/reginaldojunior/experimentos/results/socket/600/1200/airlines-OzaBag-25-1-1-154
04/04/22 18:36:38
04/04/22 18:36:38
/home/pi/reginaldojunior/experimentos/results/socket/600/1200/airlines-OzaBagExecutorRUNPER-25-4-1-887
04/04/22 18:38:45
04/04/22 18:38:45
/home/pi/reginaldojunior/experimentos/results/socket/600/1200/airlines-OzaBagExecutorMAXChunk-25-4-1-887
04/04/22 18:40:52
04/04/22 18:40:52
/home/pi/reginaldojunior/experimentos/results/socket/600/1200/covtypeNorm-AdaptiveRandomForestSequential-25-1-1-20
04/04/22 18:42:57
04/04/22 18:42:57
/home/pi/reginaldojunior/experimentos/results/socket/600/1200/covtypeNorm-AdaptiveRandomForestExecutorRUNPER-25-4-1-40
04/04/22 18:45:03
04/04/22 18:45:03
/home/pi/reginaldojunior/experimentos/results/socket/600/1200/covtypeNorm-AdaptiveRandomForestExecutorMAXChunk-25-4-1-40
04/04/22 18:47:09
04/04/22 18:47:09
/home/pi/reginaldojunior/experimentos/results/socket/600/1200/covtypeNorm-AdaptiveRandomForestSequential-25-1-1-104
04/04/22 18:49:13
04/04/22 18:49:13
/home/pi/reginaldojunior/experimentos/results/socket/600/1200/covtypeNorm-AdaptiveRandomForestExecutorRUNPER-25-4-1-200
04/04/22 18:51:18
04/04/22 18:51:18
/home/pi/reginaldojunior/experimentos/results/socket/600/1200/covtypeNorm-AdaptiveRandomForestExecutorMAXChunk-25-4-1-200
04/04/22 18:53:23
04/04/22 18:53:23
/home/pi/reginaldojunior/experimentos/results/socket/600/1200/covtypeNorm-AdaptiveRandomForestSequential-25-1-1-187
04/04/22 18:55:27
04/04/22 18:55:27
/home/pi/reginaldojunior/experimentos/results/socket/600/1200/covtypeNorm-AdaptiveRandomForestExecutorRUNPER-25-4-1-360
04/04/22 18:57:33
04/04/22 18:57:33
/home/pi/reginaldojunior/experimentos/results/socket/600/1200/covtypeNorm-AdaptiveRandomForestExecutorMAXChunk-25-4-1-360
04/04/22 18:59:38
04/04/22 18:59:38
/home/pi/reginaldojunior/experimentos/results/socket/600/1200/covtypeNorm-LeveragingBag-25-1-1-15
04/04/22 19:01:44
04/04/22 19:01:44
/home/pi/reginaldojunior/experimentos/results/socket/600/1200/covtypeNorm-LBagExecutorRUNPER-25-4-1-29
04/04/22 19:03:51
04/04/22 19:03:51
/home/pi/reginaldojunior/experimentos/results/socket/600/1200/covtypeNorm-LBagExecutorMAXChunk-25-4-1-29
04/04/22 19:05:57
04/04/22 19:05:57
/home/pi/reginaldojunior/experimentos/results/socket/600/1200/covtypeNorm-LeveragingBag-25-1-1-75
04/04/22 19:08:04
04/04/22 19:08:04
/home/pi/reginaldojunior/experimentos/results/socket/600/1200/covtypeNorm-LBagExecutorRUNPER-25-4-1-146
04/04/22 19:10:11
04/04/22 19:10:11
/home/pi/reginaldojunior/experimentos/results/socket/600/1200/covtypeNorm-LBagExecutorMAXChunk-25-4-1-146
04/04/22 19:12:17
04/04/22 19:12:17
/home/pi/reginaldojunior/experimentos/results/socket/600/1200/covtypeNorm-LeveragingBag-25-1-1-135
04/04/22 19:14:24
04/04/22 19:14:24
/home/pi/reginaldojunior/experimentos/results/socket/600/1200/covtypeNorm-LBagExecutorRUNPER-25-4-1-264
04/04/22 19:16:31
04/04/22 19:16:31
/home/pi/reginaldojunior/experimentos/results/socket/600/1200/covtypeNorm-LBagExecutorMAXChunk-25-4-1-264
04/04/22 19:18:37
04/04/22 19:18:37
/home/pi/reginaldojunior/experimentos/results/socket/600/1200/covtypeNorm-StreamingRandomPatches-25-1-1-6
04/04/22 19:20:43
04/04/22 19:20:43
/home/pi/reginaldojunior/experimentos/results/socket/600/1200/covtypeNorm-StreamingRandomPatchesExecutorRUNPER-25-4-1-12
04/04/22 19:22:48
04/04/22 19:22:48
/home/pi/reginaldojunior/experimentos/results/socket/600/1200/covtypeNorm-StreamingRandomPatchesExecutorMAXChunk-25-4-1-12
04/04/22 19:24:53
04/04/22 19:24:53
/home/pi/reginaldojunior/experimentos/results/socket/600/1200/covtypeNorm-StreamingRandomPatches-25-1-1-34
04/04/22 19:26:58
04/04/22 19:26:58
/home/pi/reginaldojunior/experimentos/results/socket/600/1200/covtypeNorm-StreamingRandomPatchesExecutorRUNPER-25-4-1-60
04/04/22 19:29:02
04/04/22 19:29:02
/home/pi/reginaldojunior/experimentos/results/socket/600/1200/covtypeNorm-StreamingRandomPatchesExecutorMAXChunk-25-4-1-60
04/04/22 19:31:07
04/04/22 19:31:07
/home/pi/reginaldojunior/experimentos/results/socket/600/1200/covtypeNorm-StreamingRandomPatches-25-1-1-61
04/04/22 19:33:12
04/04/22 19:33:12
/home/pi/reginaldojunior/experimentos/results/socket/600/1200/covtypeNorm-StreamingRandomPatchesExecutorRUNPER-25-4-1-108
04/04/22 19:35:17
04/04/22 19:35:17
/home/pi/reginaldojunior/experimentos/results/socket/600/1200/covtypeNorm-StreamingRandomPatchesExecutorMAXChunk-25-4-1-108
04/04/22 19:37:21
04/04/22 19:37:22
/home/pi/reginaldojunior/experimentos/results/socket/600/1200/covtypeNorm-OzaBagAdwin-25-1-1-28
04/04/22 19:39:28
04/04/22 19:39:28
/home/pi/reginaldojunior/experimentos/results/socket/600/1200/covtypeNorm-OzaBagAdwinExecutorRUNPER-25-4-1-43
04/04/22 19:41:35
04/04/22 19:41:35
/home/pi/reginaldojunior/experimentos/results/socket/600/1200/covtypeNorm-OzaBagAdwinExecutorMAXChunk-25-4-1-43
04/04/22 19:43:41
04/04/22 19:43:41
/home/pi/reginaldojunior/experimentos/results/socket/600/1200/covtypeNorm-OzaBagAdwin-25-1-1-140
04/04/22 19:45:48
04/04/22 19:45:48
/home/pi/reginaldojunior/experimentos/results/socket/600/1200/covtypeNorm-OzaBagAdwinExecutorRUNPER-25-4-1-216
04/04/22 19:47:54
04/04/22 19:47:54
/home/pi/reginaldojunior/experimentos/results/socket/600/1200/covtypeNorm-OzaBagAdwinExecutorMAXChunk-25-4-1-216
04/04/22 19:50:01
04/04/22 19:50:01
/home/pi/reginaldojunior/experimentos/results/socket/600/1200/covtypeNorm-OzaBagAdwin-25-1-1-252
04/04/22 19:52:08
04/04/22 19:52:08
/home/pi/reginaldojunior/experimentos/results/socket/600/1200/covtypeNorm-OzaBagAdwinExecutorRUNPER-25-4-1-389
04/04/22 19:54:14
04/04/22 19:54:14
/home/pi/reginaldojunior/experimentos/results/socket/600/1200/covtypeNorm-OzaBagAdwinExecutorMAXChunk-25-4-1-389
04/04/22 19:56:21
04/04/22 19:56:21
/home/pi/reginaldojunior/experimentos/results/socket/600/1200/covtypeNorm-OzaBagASHT-25-1-1-22
04/04/22 19:58:27
04/04/22 19:58:28
/home/pi/reginaldojunior/experimentos/results/socket/600/1200/covtypeNorm-OzaBagASHTExecutorRUNPER-25-4-1-42
04/04/22 20:00:34
04/04/22 20:00:34
/home/pi/reginaldojunior/experimentos/results/socket/600/1200/covtypeNorm-OzaBagASHTExecutorMAXChunk-25-4-1-42
04/04/22 20:02:41
04/04/22 20:02:41
/home/pi/reginaldojunior/experimentos/results/socket/600/1200/covtypeNorm-OzaBagASHT-25-1-1-110
04/04/22 20:04:47
04/04/22 20:04:47
/home/pi/reginaldojunior/experimentos/results/socket/600/1200/covtypeNorm-OzaBagASHTExecutorRUNPER-25-4-1-213
04/04/22 20:06:54
04/04/22 20:06:54
/home/pi/reginaldojunior/experimentos/results/socket/600/1200/covtypeNorm-OzaBagASHTExecutorMAXChunk-25-4-1-213
04/04/22 20:09:00
04/04/22 20:09:00
/home/pi/reginaldojunior/experimentos/results/socket/600/1200/covtypeNorm-OzaBagASHT-25-1-1-198
04/04/22 20:11:07
04/04/22 20:11:07
/home/pi/reginaldojunior/experimentos/results/socket/600/1200/covtypeNorm-OzaBagASHTExecutorRUNPER-25-4-1-383
04/04/22 20:13:14
04/04/22 20:13:14
/home/pi/reginaldojunior/experimentos/results/socket/600/1200/covtypeNorm-OzaBagASHTExecutorMAXChunk-25-4-1-383
04/04/22 20:15:20
04/04/22 20:15:20
/home/pi/reginaldojunior/experimentos/results/socket/600/1200/covtypeNorm-OzaBag-25-1-1-28
04/04/22 20:17:27
04/04/22 20:17:27
/home/pi/reginaldojunior/experimentos/results/socket/600/1200/covtypeNorm-OzaBagExecutorRUNPER-25-4-1-42
04/04/22 20:19:33
04/04/22 20:19:33
/home/pi/reginaldojunior/experimentos/results/socket/600/1200/covtypeNorm-OzaBagExecutorMAXChunk-25-4-1-42
04/04/22 20:21:40
04/04/22 20:21:40
/home/pi/reginaldojunior/experimentos/results/socket/600/1200/covtypeNorm-OzaBag-25-1-1-143
04/04/22 20:23:46
04/04/22 20:23:46
/home/pi/reginaldojunior/experimentos/results/socket/600/1200/covtypeNorm-OzaBagExecutorRUNPER-25-4-1-210
04/04/22 20:25:53
04/04/22 20:25:53
/home/pi/reginaldojunior/experimentos/results/socket/600/1200/covtypeNorm-OzaBagExecutorMAXChunk-25-4-1-210
04/04/22 20:28:00
04/04/22 20:28:00
/home/pi/reginaldojunior/experimentos/results/socket/600/1200/covtypeNorm-OzaBag-25-1-1-257
04/04/22 20:30:06
04/04/22 20:30:06
/home/pi/reginaldojunior/experimentos/results/socket/600/1200/covtypeNorm-OzaBagExecutorRUNPER-25-4-1-379
04/04/22 20:32:13
04/04/22 20:32:13
/home/pi/reginaldojunior/experimentos/results/socket/600/1200/covtypeNorm-OzaBagExecutorMAXChunk-25-4-1-379
04/04/22 20:34:19
04/04/22 20:34:19
/home/pi/reginaldojunior/experimentos/results/socket/600/1200/GMSC-AdaptiveRandomForestSequential-25-1-1-53
04/04/22 20:36:24
04/04/22 20:36:24
/home/pi/reginaldojunior/experimentos/results/socket/600/1200/GMSC-AdaptiveRandomForestExecutorRUNPER-25-4-1-68
04/04/22 20:38:29
04/04/22 20:38:29
/home/pi/reginaldojunior/experimentos/results/socket/600/1200/GMSC-AdaptiveRandomForestExecutorMAXChunk-25-4-1-68
04/04/22 20:40:33
04/04/22 20:40:33
/home/pi/reginaldojunior/experimentos/results/socket/600/1200/GMSC-AdaptiveRandomForestSequential-25-1-1-267
04/04/22 20:42:38
04/04/22 20:42:38
/home/pi/reginaldojunior/experimentos/results/socket/600/1200/GMSC-AdaptiveRandomForestExecutorRUNPER-25-4-1-344
04/04/22 20:44:43
04/04/22 20:44:43
/home/pi/reginaldojunior/experimentos/results/socket/600/1200/GMSC-AdaptiveRandomForestExecutorMAXChunk-25-4-1-344
04/04/22 20:46:47
04/04/22 20:46:47
/home/pi/reginaldojunior/experimentos/results/socket/600/1200/GMSC-AdaptiveRandomForestSequential-25-1-1-482
04/04/22 20:48:52
04/04/22 20:48:52
/home/pi/reginaldojunior/experimentos/results/socket/600/1200/GMSC-AdaptiveRandomForestExecutorRUNPER-25-4-1-620
04/04/22 20:50:57
04/04/22 20:50:57
/home/pi/reginaldojunior/experimentos/results/socket/600/1200/GMSC-AdaptiveRandomForestExecutorMAXChunk-25-4-1-620
04/04/22 20:53:02
04/04/22 20:53:02
/home/pi/reginaldojunior/experimentos/results/socket/600/1200/GMSC-LeveragingBag-25-1-1-71
04/04/22 20:55:09
04/04/22 20:55:09
/home/pi/reginaldojunior/experimentos/results/socket/600/1200/GMSC-LBagExecutorRUNPER-25-4-1-89
04/04/22 20:57:15
04/04/22 20:57:15
/home/pi/reginaldojunior/experimentos/results/socket/600/1200/GMSC-LBagExecutorMAXChunk-25-4-1-89
04/04/22 20:59:22
04/04/22 20:59:22
/home/pi/reginaldojunior/experimentos/results/socket/600/1200/GMSC-LeveragingBag-25-1-1-359
04/04/22 21:01:29
04/04/22 21:01:29
/home/pi/reginaldojunior/experimentos/results/socket/600/1200/GMSC-LBagExecutorRUNPER-25-4-1-447
04/04/22 21:03:35
04/04/22 21:03:35
/home/pi/reginaldojunior/experimentos/results/socket/600/1200/GMSC-LBagExecutorMAXChunk-25-4-1-447
04/04/22 21:05:42
04/04/22 21:05:42
/home/pi/reginaldojunior/experimentos/results/socket/600/1200/GMSC-LeveragingBag-25-1-1-647
04/04/22 21:07:48
04/04/22 21:07:48
/home/pi/reginaldojunior/experimentos/results/socket/600/1200/GMSC-LBagExecutorRUNPER-25-4-1-805
04/04/22 21:09:54
04/04/22 21:09:54
/home/pi/reginaldojunior/experimentos/results/socket/600/1200/GMSC-LBagExecutorMAXChunk-25-4-1-805
04/04/22 21:12:00
04/04/22 21:12:00
/home/pi/reginaldojunior/experimentos/results/socket/600/1200/GMSC-StreamingRandomPatches-25-1-1-29
04/04/22 21:14:05
04/04/22 21:14:05
/home/pi/reginaldojunior/experimentos/results/socket/600/1200/GMSC-StreamingRandomPatchesExecutorRUNPER-25-4-1-33
04/04/22 21:16:11
04/04/22 21:16:11
/home/pi/reginaldojunior/experimentos/results/socket/600/1200/GMSC-StreamingRandomPatchesExecutorMAXChunk-25-4-1-33
04/04/22 21:18:16
04/04/22 21:18:16
/home/pi/reginaldojunior/experimentos/results/socket/600/1200/GMSC-StreamingRandomPatches-25-1-1-149
04/04/22 21:20:21
04/04/22 21:20:21
/home/pi/reginaldojunior/experimentos/results/socket/600/1200/GMSC-StreamingRandomPatchesExecutorRUNPER-25-4-1-168
04/04/22 21:22:26
04/04/22 21:22:26
/home/pi/reginaldojunior/experimentos/results/socket/600/1200/GMSC-StreamingRandomPatchesExecutorMAXChunk-25-4-1-168
04/04/22 21:24:30
04/04/22 21:24:30
/home/pi/reginaldojunior/experimentos/results/socket/600/1200/GMSC-StreamingRandomPatches-25-1-1-268
04/04/22 21:26:36
04/04/22 21:26:36
/home/pi/reginaldojunior/experimentos/results/socket/600/1200/GMSC-StreamingRandomPatchesExecutorRUNPER-25-4-1-302
04/04/22 21:28:40
04/04/22 21:28:40
/home/pi/reginaldojunior/experimentos/results/socket/600/1200/GMSC-StreamingRandomPatchesExecutorMAXChunk-25-4-1-302
04/04/22 21:30:45
04/04/22 21:30:45
/home/pi/reginaldojunior/experimentos/results/socket/600/1200/GMSC-OzaBagAdwin-25-1-1-169
04/04/22 21:32:52
04/04/22 21:32:52
/home/pi/reginaldojunior/experimentos/results/socket/600/1200/GMSC-OzaBagAdwinExecutorRUNPER-25-4-1-171
04/04/22 21:34:58
04/04/22 21:34:58
/home/pi/reginaldojunior/experimentos/results/socket/600/1200/GMSC-OzaBagAdwinExecutorMAXChunk-25-4-1-171
04/04/22 21:37:05
04/04/22 21:37:05
/home/pi/reginaldojunior/experimentos/results/socket/600/1200/GMSC-OzaBagAdwin-25-1-1-845
04/04/22 21:39:11
04/04/22 21:39:11
/home/pi/reginaldojunior/experimentos/results/socket/600/1200/GMSC-OzaBagAdwinExecutorRUNPER-25-4-1-858
04/04/22 21:41:18
04/04/22 21:41:18
/home/pi/reginaldojunior/experimentos/results/socket/600/1200/GMSC-OzaBagAdwinExecutorMAXChunk-25-4-1-858
04/04/22 21:43:25
04/04/22 21:43:25
/home/pi/reginaldojunior/experimentos/results/socket/600/1200/GMSC-OzaBagAdwin-25-1-1-1521
04/04/22 21:45:10
04/04/22 21:45:10
/home/pi/reginaldojunior/experimentos/results/socket/600/1200/GMSC-OzaBagAdwinExecutorRUNPER-25-4-1-1545
04/04/22 21:46:54
04/04/22 21:46:54
/home/pi/reginaldojunior/experimentos/results/socket/600/1200/GMSC-OzaBagAdwinExecutorMAXChunk-25-4-1-1545
04/04/22 21:48:37
04/04/22 21:48:37
/home/pi/reginaldojunior/experimentos/results/socket/600/1200/GMSC-OzaBagASHT-25-1-1-222
04/04/22 21:50:44
04/04/22 21:50:44
/home/pi/reginaldojunior/experimentos/results/socket/600/1200/GMSC-OzaBagASHTExecutorRUNPER-25-4-1-192
04/04/22 21:52:50
04/04/22 21:52:50
/home/pi/reginaldojunior/experimentos/results/socket/600/1200/GMSC-OzaBagASHTExecutorMAXChunk-25-4-1-192
04/04/22 21:54:57
04/04/22 21:54:57
/home/pi/reginaldojunior/experimentos/results/socket/600/1200/GMSC-OzaBagASHT-25-1-1-1114
04/04/22 21:57:04
04/04/22 21:57:04
/home/pi/reginaldojunior/experimentos/results/socket/600/1200/GMSC-OzaBagASHTExecutorRUNPER-25-4-1-962
04/04/22 21:59:10
04/04/22 21:59:10
/home/pi/reginaldojunior/experimentos/results/socket/600/1200/GMSC-OzaBagASHTExecutorMAXChunk-25-4-1-962
04/04/22 22:01:17
04/04/22 22:01:17
/home/pi/reginaldojunior/experimentos/results/socket/600/1200/GMSC-OzaBagASHT-25-1-1-2005
04/04/22 22:02:38
04/04/22 22:02:38
/home/pi/reginaldojunior/experimentos/results/socket/600/1200/GMSC-OzaBagASHTExecutorRUNPER-25-4-1-1731
04/04/22 22:04:12
04/04/22 22:04:12
/home/pi/reginaldojunior/experimentos/results/socket/600/1200/GMSC-OzaBagASHTExecutorMAXChunk-25-4-1-1731
04/04/22 22:05:46
04/04/22 22:05:46
/home/pi/reginaldojunior/experimentos/results/socket/600/1200/GMSC-OzaBag-25-1-1-225
04/04/22 22:07:52
04/04/22 22:07:52
/home/pi/reginaldojunior/experimentos/results/socket/600/1200/GMSC-OzaBagExecutorRUNPER-25-4-1-184
04/04/22 22:09:59
04/04/22 22:09:59
/home/pi/reginaldojunior/experimentos/results/socket/600/1200/GMSC-OzaBagExecutorMAXChunk-25-4-1-184
04/04/22 22:12:05
04/04/22 22:12:05
/home/pi/reginaldojunior/experimentos/results/socket/600/1200/GMSC-OzaBag-25-1-1-1125
04/04/22 22:14:12
04/04/22 22:14:12
/home/pi/reginaldojunior/experimentos/results/socket/600/1200/GMSC-OzaBagExecutorRUNPER-25-4-1-920
04/04/22 22:16:18
04/04/22 22:16:18
/home/pi/reginaldojunior/experimentos/results/socket/600/1200/GMSC-OzaBagExecutorMAXChunk-25-4-1-920
04/04/22 22:18:25
04/04/22 22:18:25
/home/pi/reginaldojunior/experimentos/results/socket/600/1200/GMSC-OzaBag-25-1-1-2025
04/04/22 22:20:09
04/04/22 22:20:09
/home/pi/reginaldojunior/experimentos/results/socket/600/1200/GMSC-OzaBagExecutorRUNPER-25-4-1-1656
04/04/22 22:21:46
04/04/22 22:21:46
/home/pi/reginaldojunior/experimentos/results/socket/600/1200/GMSC-OzaBagExecutorMAXChunk-25-4-1-1656
04/04/22 22:23:24
04/04/22 22:23:24
/home/pi/reginaldojunior/experimentos/results/socket/600/1200/elecNormNew-AdaptiveRandomForestSequential-25-1-1-31
04/04/22 22:25:30
04/04/22 22:25:30
/home/pi/reginaldojunior/experimentos/results/socket/600/1200/elecNormNew-AdaptiveRandomForestExecutorRUNPER-25-4-1-47
04/04/22 22:26:05
04/04/22 22:26:05
