25/05/22 12:53:49
/home/pi/reginaldojunior/experimentos/results/socket/optimized/second/1200/600/airlines-AdaptiveRandomForestExecutorMAXChunk-25-4-5-18
25/05/22 12:55:54
25/05/22 12:55:54
/home/pi/reginaldojunior/experimentos/results/socket/optimized/second/1200/600/airlines-AdaptiveRandomForestExecutorMAXChunk-25-4-5-91
25/05/22 12:58:00
25/05/22 12:58:00
/home/pi/reginaldojunior/experimentos/results/socket/optimized/second/1200/600/airlines-AdaptiveRandomForestExecutorMAXChunk-25-4-5-165
25/05/22 13:00:07
25/05/22 13:00:07
/home/pi/reginaldojunior/experimentos/results/socket/optimized/second/1200/600/airlines-OzaBagExecutorMAXChunk-25-4-5-356
25/05/22 13:02:14
25/05/22 13:02:14
/home/pi/reginaldojunior/experimentos/results/socket/optimized/second/1200/600/airlines-OzaBagExecutorMAXChunk-25-4-5-1784
25/05/22 13:04:21
25/05/22 13:04:21
/home/pi/reginaldojunior/experimentos/results/socket/optimized/second/1200/600/airlines-OzaBagExecutorMAXChunk-25-4-5-3211
25/05/22 13:06:29
25/05/22 13:06:29
/home/pi/reginaldojunior/experimentos/results/socket/optimized/second/1200/600/elecNormNew-AdaptiveRandomForestExecutorMAXChunk-25-4-5-67
25/05/22 13:08:33
25/05/22 13:08:33
/home/pi/reginaldojunior/experimentos/results/socket/optimized/second/1200/600/elecNormNew-AdaptiveRandomForestExecutorMAXChunk-25-4-5-337
25/05/22 13:10:38
25/05/22 13:10:38
/home/pi/reginaldojunior/experimentos/results/socket/optimized/second/1200/600/elecNormNew-AdaptiveRandomForestExecutorMAXChunk-25-4-5-607
25/05/22 13:11:59
25/05/22 13:11:59
/home/pi/reginaldojunior/experimentos/results/socket/optimized/second/1200/600/elecNormNew-OzaBagExecutorMAXChunk-25-4-5-311
25/05/22 13:14:06
25/05/22 13:14:06
/home/pi/reginaldojunior/experimentos/results/socket/optimized/second/1200/600/elecNormNew-OzaBagExecutorMAXChunk-25-4-5-1558
25/05/22 13:14:41
25/05/22 13:14:41
/home/pi/reginaldojunior/experimentos/results/socket/optimized/second/1200/600/elecNormNew-OzaBagExecutorMAXChunk-25-4-5-2806
25/05/22 13:15:05
25/05/22 13:15:05
/home/pi/reginaldojunior/experimentos/results/socket/optimized/second/1200/600/airlines-AdaptiveRandomForestExecutorMAXChunk-25-4-15-18
25/05/22 13:17:10
25/05/22 13:17:10
/home/pi/reginaldojunior/experimentos/results/socket/optimized/second/1200/600/airlines-AdaptiveRandomForestExecutorMAXChunk-25-4-15-94
25/05/22 13:19:15
25/05/22 13:19:15
/home/pi/reginaldojunior/experimentos/results/socket/optimized/second/1200/600/airlines-AdaptiveRandomForestExecutorMAXChunk-25-4-15-170
25/05/22 13:21:21
25/05/22 13:21:21
/home/pi/reginaldojunior/experimentos/results/socket/optimized/second/1200/600/airlines-OzaBagExecutorMAXChunk-25-4-15-412
25/05/22 13:23:28
25/05/22 13:23:28
/home/pi/reginaldojunior/experimentos/results/socket/optimized/second/1200/600/airlines-OzaBagExecutorMAXChunk-25-4-15-2063
25/05/22 13:25:34
25/05/22 13:25:34
/home/pi/reginaldojunior/experimentos/results/socket/optimized/second/1200/600/airlines-OzaBagExecutorMAXChunk-25-4-15-3714
25/05/22 13:27:41
25/05/22 13:27:41
/home/pi/reginaldojunior/experimentos/results/socket/optimized/second/1200/600/elecNormNew-AdaptiveRandomForestExecutorMAXChunk-25-4-15-80
25/05/22 13:29:46
25/05/22 13:29:47
/home/pi/reginaldojunior/experimentos/results/socket/optimized/second/1200/600/elecNormNew-AdaptiveRandomForestExecutorMAXChunk-25-4-15-400
25/05/22 13:31:45
25/05/22 13:31:45
/home/pi/reginaldojunior/experimentos/results/socket/optimized/second/1200/600/elecNormNew-AdaptiveRandomForestExecutorMAXChunk-25-4-15-721
25/05/22 13:32:54
25/05/22 13:32:54
/home/pi/reginaldojunior/experimentos/results/socket/optimized/second/1200/600/elecNormNew-OzaBagExecutorMAXChunk-25-4-15-379
25/05/22 13:35:01
25/05/22 13:35:01
/home/pi/reginaldojunior/experimentos/results/socket/optimized/second/1200/600/elecNormNew-OzaBagExecutorMAXChunk-25-4-15-1899
25/05/22 13:35:31
25/05/22 13:35:32
/home/pi/reginaldojunior/experimentos/results/socket/optimized/second/1200/600/elecNormNew-OzaBagExecutorMAXChunk-25-4-15-3418
25/05/22 13:35:53
25/05/22 13:35:53
/home/pi/reginaldojunior/experimentos/results/socket/optimized/second/1200/600/airlines-AdaptiveRandomForestExecutorMAXChunk-25-4-25-19
25/05/22 13:37:59
25/05/22 13:37:59
/home/pi/reginaldojunior/experimentos/results/socket/optimized/second/1200/600/airlines-AdaptiveRandomForestExecutorMAXChunk-25-4-25-96
25/05/22 13:40:03
25/05/22 13:40:03
/home/pi/reginaldojunior/experimentos/results/socket/optimized/second/1200/600/airlines-AdaptiveRandomForestExecutorMAXChunk-25-4-25-173
25/05/22 13:42:11
25/05/22 13:42:11
/home/pi/reginaldojunior/experimentos/results/socket/optimized/second/1200/600/airlines-OzaBagExecutorMAXChunk-25-4-25-451
25/05/22 13:44:18
25/05/22 13:44:18
/home/pi/reginaldojunior/experimentos/results/socket/optimized/second/1200/600/airlines-OzaBagExecutorMAXChunk-25-4-25-2257
25/05/22 13:46:25
25/05/22 13:46:25
/home/pi/reginaldojunior/experimentos/results/socket/optimized/second/1200/600/airlines-OzaBagExecutorMAXChunk-25-4-25-4063
25/05/22 13:48:31
25/05/22 13:48:31
/home/pi/reginaldojunior/experimentos/results/socket/optimized/second/1200/600/elecNormNew-AdaptiveRandomForestExecutorMAXChunk-25-4-25-80
25/05/22 13:50:37
25/05/22 13:50:37
/home/pi/reginaldojunior/experimentos/results/socket/optimized/second/1200/600/elecNormNew-AdaptiveRandomForestExecutorMAXChunk-25-4-25-401
25/05/22 13:52:35
25/05/22 13:52:36
/home/pi/reginaldojunior/experimentos/results/socket/optimized/second/1200/600/elecNormNew-AdaptiveRandomForestExecutorMAXChunk-25-4-25-722
25/05/22 13:53:44
25/05/22 13:53:44
/home/pi/reginaldojunior/experimentos/results/socket/optimized/second/1200/600/elecNormNew-OzaBagExecutorMAXChunk-25-4-25-412
25/05/22 13:55:42
25/05/22 13:55:42
/home/pi/reginaldojunior/experimentos/results/socket/optimized/second/1200/600/elecNormNew-OzaBagExecutorMAXChunk-25-4-25-2061
25/05/22 13:56:11
25/05/22 13:56:11
/home/pi/reginaldojunior/experimentos/results/socket/optimized/second/1200/600/elecNormNew-OzaBagExecutorMAXChunk-25-4-25-3711
25/05/22 13:56:32
25/05/22 13:56:32
/home/pi/reginaldojunior/experimentos/results/socket/optimized/second/1200/600/airlines-AdaptiveRandomForestExecutorMAXChunk-25-4-50-19
25/05/22 13:58:37
25/05/22 13:58:37
/home/pi/reginaldojunior/experimentos/results/socket/optimized/second/1200/600/airlines-AdaptiveRandomForestExecutorMAXChunk-25-4-50-98
25/05/22 14:00:44
25/05/22 14:00:44
/home/pi/reginaldojunior/experimentos/results/socket/optimized/second/1200/600/airlines-AdaptiveRandomForestExecutorMAXChunk-25-4-50-177
25/05/22 14:02:49
25/05/22 14:02:49
/home/pi/reginaldojunior/experimentos/results/socket/optimized/second/1200/600/airlines-OzaBagExecutorMAXChunk-25-4-50-491
25/05/22 14:04:56
25/05/22 14:04:56
/home/pi/reginaldojunior/experimentos/results/socket/optimized/second/1200/600/airlines-OzaBagExecutorMAXChunk-25-4-50-2455
25/05/22 14:07:02
25/05/22 14:07:02
/home/pi/reginaldojunior/experimentos/results/socket/optimized/second/1200/600/airlines-OzaBagExecutorMAXChunk-25-4-50-4420
25/05/22 14:09:09
25/05/22 14:09:09
/home/pi/reginaldojunior/experimentos/results/socket/optimized/second/1200/600/elecNormNew-AdaptiveRandomForestExecutorMAXChunk-25-4-50-80
25/05/22 14:11:15
25/05/22 14:11:15
/home/pi/reginaldojunior/experimentos/results/socket/optimized/second/1200/600/elecNormNew-AdaptiveRandomForestExecutorMAXChunk-25-4-50-400
25/05/22 14:13:14
25/05/22 14:13:14
/home/pi/reginaldojunior/experimentos/results/socket/optimized/second/1200/600/elecNormNew-AdaptiveRandomForestExecutorMAXChunk-25-4-50-721
25/05/22 14:14:23
25/05/22 14:14:23
/home/pi/reginaldojunior/experimentos/results/socket/optimized/second/1200/600/elecNormNew-OzaBagExecutorMAXChunk-25-4-50-405
25/05/22 14:16:21
25/05/22 14:16:21
/home/pi/reginaldojunior/experimentos/results/socket/optimized/second/1200/600/elecNormNew-OzaBagExecutorMAXChunk-25-4-50-2029
25/05/22 14:16:50
25/05/22 14:16:50
/home/pi/reginaldojunior/experimentos/results/socket/optimized/second/1200/600/elecNormNew-OzaBagExecutorMAXChunk-25-4-50-3653
25/05/22 14:17:11
25/05/22 14:17:11
/home/pi/reginaldojunior/experimentos/results/socket/optimized/second/1200/600/airlines-AdaptiveRandomForestExecutorMAXChunk-25-4-75-20
25/05/22 14:19:17
25/05/22 14:19:17
/home/pi/reginaldojunior/experimentos/results/socket/optimized/second/1200/600/airlines-AdaptiveRandomForestExecutorMAXChunk-25-4-75-100
25/05/22 14:21:22
25/05/22 14:21:22
/home/pi/reginaldojunior/experimentos/results/socket/optimized/second/1200/600/airlines-AdaptiveRandomForestExecutorMAXChunk-25-4-75-181
25/05/22 14:23:27
25/05/22 14:23:27
/home/pi/reginaldojunior/experimentos/results/socket/optimized/second/1200/600/airlines-OzaBagExecutorMAXChunk-25-4-75-512
25/05/22 14:25:33
25/05/22 14:25:33
/home/pi/reginaldojunior/experimentos/results/socket/optimized/second/1200/600/airlines-OzaBagExecutorMAXChunk-25-4-75-2560
25/05/22 14:27:40
25/05/22 14:27:40
/home/pi/reginaldojunior/experimentos/results/socket/optimized/second/1200/600/airlines-OzaBagExecutorMAXChunk-25-4-75-4609
25/05/22 14:29:46
25/05/22 14:29:46
/home/pi/reginaldojunior/experimentos/results/socket/optimized/second/1200/600/elecNormNew-AdaptiveRandomForestExecutorMAXChunk-25-4-75-82
25/05/22 14:31:51
25/05/22 14:31:51
/home/pi/reginaldojunior/experimentos/results/socket/optimized/second/1200/600/elecNormNew-AdaptiveRandomForestExecutorMAXChunk-25-4-75-413
25/05/22 14:33:47
25/05/22 14:33:47
/home/pi/reginaldojunior/experimentos/results/socket/optimized/second/1200/600/elecNormNew-AdaptiveRandomForestExecutorMAXChunk-25-4-75-744
25/05/22 14:34:54
25/05/22 14:34:54
/home/pi/reginaldojunior/experimentos/results/socket/optimized/second/1200/600/elecNormNew-OzaBagExecutorMAXChunk-25-4-75-449
25/05/22 14:36:42
25/05/22 14:36:42
/home/pi/reginaldojunior/experimentos/results/socket/optimized/second/1200/600/elecNormNew-OzaBagExecutorMAXChunk-25-4-75-2248
25/05/22 14:37:09
25/05/22 14:37:09
/home/pi/reginaldojunior/experimentos/results/socket/optimized/second/1200/600/elecNormNew-OzaBagExecutorMAXChunk-25-4-75-4047
25/05/22 14:37:27
25/05/22 14:37:27
/home/pi/reginaldojunior/experimentos/results/socket/optimized/second/1200/600/airlines-AdaptiveRandomForestExecutorMAXChunk-25-4-100-20
25/05/22 14:39:33
25/05/22 14:39:33
/home/pi/reginaldojunior/experimentos/results/socket/optimized/second/1200/600/airlines-AdaptiveRandomForestExecutorMAXChunk-25-4-100-102
25/05/22 14:41:38
25/05/22 14:41:38
/home/pi/reginaldojunior/experimentos/results/socket/optimized/second/1200/600/airlines-AdaptiveRandomForestExecutorMAXChunk-25-4-100-183
25/05/22 14:43:43
25/05/22 14:43:43
/home/pi/reginaldojunior/experimentos/results/socket/optimized/second/1200/600/airlines-OzaBagExecutorMAXChunk-25-4-100-519
25/05/22 14:45:50
25/05/22 14:45:50
/home/pi/reginaldojunior/experimentos/results/socket/optimized/second/1200/600/airlines-OzaBagExecutorMAXChunk-25-4-100-2595
25/05/22 14:47:56
25/05/22 14:47:56
/home/pi/reginaldojunior/experimentos/results/socket/optimized/second/1200/600/airlines-OzaBagExecutorMAXChunk-25-4-100-4672
25/05/22 14:50:02
25/05/22 14:50:02
/home/pi/reginaldojunior/experimentos/results/socket/optimized/second/1200/600/elecNormNew-AdaptiveRandomForestExecutorMAXChunk-25-4-100-83
25/05/22 14:52:08
25/05/22 14:52:08
/home/pi/reginaldojunior/experimentos/results/socket/optimized/second/1200/600/elecNormNew-AdaptiveRandomForestExecutorMAXChunk-25-4-100-417
25/05/22 14:54:03
25/05/22 14:54:03
/home/pi/reginaldojunior/experimentos/results/socket/optimized/second/1200/600/elecNormNew-AdaptiveRandomForestExecutorMAXChunk-25-4-100-750
25/05/22 14:55:09
25/05/22 14:55:09
/home/pi/reginaldojunior/experimentos/results/socket/optimized/second/1200/600/elecNormNew-OzaBagExecutorMAXChunk-25-4-100-451
25/05/22 14:56:56
25/05/22 14:56:56
/home/pi/reginaldojunior/experimentos/results/socket/optimized/second/1200/600/elecNormNew-OzaBagExecutorMAXChunk-25-4-100-2258
25/05/22 14:57:23
25/05/22 14:57:23
/home/pi/reginaldojunior/experimentos/results/socket/optimized/second/1200/600/elecNormNew-OzaBagExecutorMAXChunk-25-4-100-4064
25/05/22 14:57:42
25/05/22 14:57:42
/home/pi/reginaldojunior/experimentos/results/socket/optimized/second/1200/600/airlines-AdaptiveRandomForestExecutorMAXChunk-25-4-250-22
25/05/22 14:59:48
25/05/22 14:59:48
/home/pi/reginaldojunior/experimentos/results/socket/optimized/second/1200/600/airlines-AdaptiveRandomForestExecutorMAXChunk-25-4-250-111
25/05/22 15:01:54
25/05/22 15:01:54
/home/pi/reginaldojunior/experimentos/results/socket/optimized/second/1200/600/airlines-AdaptiveRandomForestExecutorMAXChunk-25-4-250-200
25/05/22 15:04:00
25/05/22 15:04:00
/home/pi/reginaldojunior/experimentos/results/socket/optimized/second/1200/600/airlines-OzaBagExecutorMAXChunk-25-4-250-536
25/05/22 15:06:07
25/05/22 15:06:07
/home/pi/reginaldojunior/experimentos/results/socket/optimized/second/1200/600/airlines-OzaBagExecutorMAXChunk-25-4-250-2683
25/05/22 15:08:14
25/05/22 15:08:14
/home/pi/reginaldojunior/experimentos/results/socket/optimized/second/1200/600/airlines-OzaBagExecutorMAXChunk-25-4-250-4829
25/05/22 15:10:20
25/05/22 15:10:20
/home/pi/reginaldojunior/experimentos/results/socket/optimized/second/1200/600/elecNormNew-AdaptiveRandomForestExecutorMAXChunk-25-4-250-83
25/05/22 15:12:26
25/05/22 15:12:26
/home/pi/reginaldojunior/experimentos/results/socket/optimized/second/1200/600/elecNormNew-AdaptiveRandomForestExecutorMAXChunk-25-4-250-415
25/05/22 15:14:21
25/05/22 15:14:21
/home/pi/reginaldojunior/experimentos/results/socket/optimized/second/1200/600/elecNormNew-AdaptiveRandomForestExecutorMAXChunk-25-4-250-748
25/05/22 15:15:28
25/05/22 15:15:28
/home/pi/reginaldojunior/experimentos/results/socket/optimized/second/1200/600/elecNormNew-OzaBagExecutorMAXChunk-25-4-250-452
25/05/22 15:17:15
25/05/22 15:17:15
/home/pi/reginaldojunior/experimentos/results/socket/optimized/second/1200/600/elecNormNew-OzaBagExecutorMAXChunk-25-4-250-2260
25/05/22 15:17:42
25/05/22 15:17:42
/home/pi/reginaldojunior/experimentos/results/socket/optimized/second/1200/600/elecNormNew-OzaBagExecutorMAXChunk-25-4-250-4068
25/05/22 15:18:00
25/05/22 15:18:00
/home/pi/reginaldojunior/experimentos/results/socket/optimized/second/1200/600/airlines-AdaptiveRandomForestExecutorMAXChunk-25-4-500-23
25/05/22 15:20:08
25/05/22 15:20:08
/home/pi/reginaldojunior/experimentos/results/socket/optimized/second/1200/600/airlines-AdaptiveRandomForestExecutorMAXChunk-25-4-500-115
25/05/22 15:22:15
25/05/22 15:22:15
/home/pi/reginaldojunior/experimentos/results/socket/optimized/second/1200/600/airlines-AdaptiveRandomForestExecutorMAXChunk-25-4-500-208
25/05/22 15:24:22
25/05/22 15:24:22
/home/pi/reginaldojunior/experimentos/results/socket/optimized/second/1200/600/airlines-OzaBagExecutorMAXChunk-25-4-500-549
25/05/22 15:26:30
25/05/22 15:26:30
/home/pi/reginaldojunior/experimentos/results/socket/optimized/second/1200/600/airlines-OzaBagExecutorMAXChunk-25-4-500-2746
25/05/22 15:28:37
25/05/22 15:28:37
/home/pi/reginaldojunior/experimentos/results/socket/optimized/second/1200/600/airlines-OzaBagExecutorMAXChunk-25-4-500-4944
25/05/22 15:30:44
25/05/22 15:30:44
/home/pi/reginaldojunior/experimentos/results/socket/optimized/second/1200/600/elecNormNew-AdaptiveRandomForestExecutorMAXChunk-25-4-500-81
25/05/22 15:32:50
25/05/22 15:32:50
/home/pi/reginaldojunior/experimentos/results/socket/optimized/second/1200/600/elecNormNew-AdaptiveRandomForestExecutorMAXChunk-25-4-500-406
25/05/22 15:34:48
25/05/22 15:34:48
/home/pi/reginaldojunior/experimentos/results/socket/optimized/second/1200/600/elecNormNew-AdaptiveRandomForestExecutorMAXChunk-25-4-500-732
25/05/22 15:35:56
25/05/22 15:35:56
/home/pi/reginaldojunior/experimentos/results/socket/optimized/second/1200/600/elecNormNew-OzaBagExecutorMAXChunk-25-4-500-476
25/05/22 15:37:37
25/05/22 15:37:37
/home/pi/reginaldojunior/experimentos/results/socket/optimized/second/1200/600/elecNormNew-OzaBagExecutorMAXChunk-25-4-500-2380
25/05/22 15:38:03
25/05/22 15:38:03
/home/pi/reginaldojunior/experimentos/results/socket/optimized/second/1200/600/elecNormNew-OzaBagExecutorMAXChunk-25-4-500-4284
25/05/22 15:38:22
25/05/22 15:38:22
/home/pi/reginaldojunior/experimentos/results/socket/optimized/second/1200/600/airlines-AdaptiveRandomForestExecutorMAXChunk-25-4-2000-23
25/05/22 15:40:30
25/05/22 15:40:30
/home/pi/reginaldojunior/experimentos/results/socket/optimized/second/1200/600/airlines-AdaptiveRandomForestExecutorMAXChunk-25-4-2000-118
25/05/22 15:42:37
25/05/22 15:42:37
/home/pi/reginaldojunior/experimentos/results/socket/optimized/second/1200/600/airlines-AdaptiveRandomForestExecutorMAXChunk-25-4-2000-212
25/05/22 15:44:53
25/05/22 15:44:53
/home/pi/reginaldojunior/experimentos/results/socket/optimized/second/1200/600/airlines-OzaBagExecutorMAXChunk-25-4-2000-541
25/05/22 15:47:01
25/05/22 15:47:01
/home/pi/reginaldojunior/experimentos/results/socket/optimized/second/1200/600/airlines-OzaBagExecutorMAXChunk-25-4-2000-2705
25/05/22 15:49:10
25/05/22 15:49:10
/home/pi/reginaldojunior/experimentos/results/socket/optimized/second/1200/600/airlines-OzaBagExecutorMAXChunk-25-4-2000-4869
25/05/22 15:51:18
25/05/22 15:51:18
/home/pi/reginaldojunior/experimentos/results/socket/optimized/second/1200/600/elecNormNew-AdaptiveRandomForestExecutorMAXChunk-25-4-2000-82
25/05/22 15:53:25
25/05/22 15:53:25
/home/pi/reginaldojunior/experimentos/results/socket/optimized/second/1200/600/elecNormNew-AdaptiveRandomForestExecutorMAXChunk-25-4-2000-411
25/05/22 15:55:23
25/05/22 15:55:23
/home/pi/reginaldojunior/experimentos/results/socket/optimized/second/1200/600/elecNormNew-AdaptiveRandomForestExecutorMAXChunk-25-4-2000-741
25/05/22 15:56:30
25/05/22 15:56:30
/home/pi/reginaldojunior/experimentos/results/socket/optimized/second/1200/600/elecNormNew-OzaBagExecutorMAXChunk-25-4-2000-428
25/05/22 15:58:24
25/05/22 15:58:24
/home/pi/reginaldojunior/experimentos/results/socket/optimized/second/1200/600/elecNormNew-OzaBagExecutorMAXChunk-25-4-2000-2143
25/05/22 15:58:52
25/05/22 15:58:52
/home/pi/reginaldojunior/experimentos/results/socket/optimized/second/1200/600/elecNormNew-OzaBagExecutorMAXChunk-25-4-2000-3857
25/05/22 15:59:12
25/05/22 15:59:12
