26/05/22 04:49:08
/home/pi/reginaldojunior/experimentos/results/socket/optimized/third/600/1200/airlines-AdaptiveRandomForestExecutorMAXChunk-25-4-5-18
26/05/22 04:51:14
26/05/22 04:51:14
/home/pi/reginaldojunior/experimentos/results/socket/optimized/third/600/1200/airlines-AdaptiveRandomForestExecutorMAXChunk-25-4-5-91
26/05/22 04:53:19
26/05/22 04:53:19
/home/pi/reginaldojunior/experimentos/results/socket/optimized/third/600/1200/airlines-AdaptiveRandomForestExecutorMAXChunk-25-4-5-165
26/05/22 04:55:26
26/05/22 04:55:26
/home/pi/reginaldojunior/experimentos/results/socket/optimized/third/600/1200/airlines-OzaBagExecutorMAXChunk-25-4-5-356
26/05/22 04:57:33
26/05/22 04:57:33
/home/pi/reginaldojunior/experimentos/results/socket/optimized/third/600/1200/airlines-OzaBagExecutorMAXChunk-25-4-5-1784
26/05/22 04:59:40
26/05/22 04:59:40
/home/pi/reginaldojunior/experimentos/results/socket/optimized/third/600/1200/airlines-OzaBagExecutorMAXChunk-25-4-5-3211
26/05/22 05:01:46
26/05/22 05:01:46
/home/pi/reginaldojunior/experimentos/results/socket/optimized/third/600/1200/elecNormNew-AdaptiveRandomForestExecutorMAXChunk-25-4-5-67
26/05/22 05:03:51
26/05/22 05:03:51
/home/pi/reginaldojunior/experimentos/results/socket/optimized/third/600/1200/elecNormNew-AdaptiveRandomForestExecutorMAXChunk-25-4-5-337
26/05/22 05:05:56
26/05/22 05:05:56
/home/pi/reginaldojunior/experimentos/results/socket/optimized/third/600/1200/elecNormNew-AdaptiveRandomForestExecutorMAXChunk-25-4-5-607
26/05/22 05:07:17
26/05/22 05:07:17
/home/pi/reginaldojunior/experimentos/results/socket/optimized/third/600/1200/elecNormNew-OzaBagExecutorMAXChunk-25-4-5-311
26/05/22 05:09:23
26/05/22 05:09:23
/home/pi/reginaldojunior/experimentos/results/socket/optimized/third/600/1200/elecNormNew-OzaBagExecutorMAXChunk-25-4-5-1558
26/05/22 05:09:59
26/05/22 05:09:59
/home/pi/reginaldojunior/experimentos/results/socket/optimized/third/600/1200/elecNormNew-OzaBagExecutorMAXChunk-25-4-5-2806
26/05/22 05:10:21
26/05/22 05:10:22
/home/pi/reginaldojunior/experimentos/results/socket/optimized/third/600/1200/airlines-AdaptiveRandomForestExecutorMAXChunk-25-4-15-18
26/05/22 05:12:27
26/05/22 05:12:27
/home/pi/reginaldojunior/experimentos/results/socket/optimized/third/600/1200/airlines-AdaptiveRandomForestExecutorMAXChunk-25-4-15-94
26/05/22 05:14:33
26/05/22 05:14:33
/home/pi/reginaldojunior/experimentos/results/socket/optimized/third/600/1200/airlines-AdaptiveRandomForestExecutorMAXChunk-25-4-15-170
26/05/22 05:16:38
26/05/22 05:16:38
/home/pi/reginaldojunior/experimentos/results/socket/optimized/third/600/1200/airlines-OzaBagExecutorMAXChunk-25-4-15-412
26/05/22 05:18:44
26/05/22 05:18:44
/home/pi/reginaldojunior/experimentos/results/socket/optimized/third/600/1200/airlines-OzaBagExecutorMAXChunk-25-4-15-2063
26/05/22 05:20:51
26/05/22 05:20:51
/home/pi/reginaldojunior/experimentos/results/socket/optimized/third/600/1200/airlines-OzaBagExecutorMAXChunk-25-4-15-3714
26/05/22 05:22:57
26/05/22 05:22:57
/home/pi/reginaldojunior/experimentos/results/socket/optimized/third/600/1200/elecNormNew-AdaptiveRandomForestExecutorMAXChunk-25-4-15-80
26/05/22 05:25:02
26/05/22 05:25:02
/home/pi/reginaldojunior/experimentos/results/socket/optimized/third/600/1200/elecNormNew-AdaptiveRandomForestExecutorMAXChunk-25-4-15-400
26/05/22 05:27:01
26/05/22 05:27:01
/home/pi/reginaldojunior/experimentos/results/socket/optimized/third/600/1200/elecNormNew-AdaptiveRandomForestExecutorMAXChunk-25-4-15-721
26/05/22 05:28:10
26/05/22 05:28:10
/home/pi/reginaldojunior/experimentos/results/socket/optimized/third/600/1200/elecNormNew-OzaBagExecutorMAXChunk-25-4-15-379
26/05/22 05:30:17
26/05/22 05:30:17
/home/pi/reginaldojunior/experimentos/results/socket/optimized/third/600/1200/elecNormNew-OzaBagExecutorMAXChunk-25-4-15-1899
26/05/22 05:30:47
26/05/22 05:30:47
/home/pi/reginaldojunior/experimentos/results/socket/optimized/third/600/1200/elecNormNew-OzaBagExecutorMAXChunk-25-4-15-3418
26/05/22 05:31:09
26/05/22 05:31:09
/home/pi/reginaldojunior/experimentos/results/socket/optimized/third/600/1200/airlines-AdaptiveRandomForestExecutorMAXChunk-25-4-25-19
26/05/22 05:33:14
26/05/22 05:33:14
/home/pi/reginaldojunior/experimentos/results/socket/optimized/third/600/1200/airlines-AdaptiveRandomForestExecutorMAXChunk-25-4-25-96
26/05/22 05:35:20
26/05/22 05:35:20
/home/pi/reginaldojunior/experimentos/results/socket/optimized/third/600/1200/airlines-AdaptiveRandomForestExecutorMAXChunk-25-4-25-173
26/05/22 05:37:26
26/05/22 05:37:26
/home/pi/reginaldojunior/experimentos/results/socket/optimized/third/600/1200/airlines-OzaBagExecutorMAXChunk-25-4-25-451
26/05/22 05:39:33
26/05/22 05:39:33
/home/pi/reginaldojunior/experimentos/results/socket/optimized/third/600/1200/airlines-OzaBagExecutorMAXChunk-25-4-25-2257
26/05/22 05:41:39
26/05/22 05:41:39
/home/pi/reginaldojunior/experimentos/results/socket/optimized/third/600/1200/airlines-OzaBagExecutorMAXChunk-25-4-25-4063
26/05/22 05:43:45
26/05/22 05:43:45
/home/pi/reginaldojunior/experimentos/results/socket/optimized/third/600/1200/elecNormNew-AdaptiveRandomForestExecutorMAXChunk-25-4-25-80
26/05/22 05:45:50
26/05/22 05:45:50
/home/pi/reginaldojunior/experimentos/results/socket/optimized/third/600/1200/elecNormNew-AdaptiveRandomForestExecutorMAXChunk-25-4-25-401
26/05/22 05:47:49
26/05/22 05:47:49
/home/pi/reginaldojunior/experimentos/results/socket/optimized/third/600/1200/elecNormNew-AdaptiveRandomForestExecutorMAXChunk-25-4-25-722
26/05/22 05:48:57
26/05/22 05:48:57
/home/pi/reginaldojunior/experimentos/results/socket/optimized/third/600/1200/elecNormNew-OzaBagExecutorMAXChunk-25-4-25-412
26/05/22 05:50:55
26/05/22 05:50:55
/home/pi/reginaldojunior/experimentos/results/socket/optimized/third/600/1200/elecNormNew-OzaBagExecutorMAXChunk-25-4-25-2061
26/05/22 05:51:24
26/05/22 05:51:24
/home/pi/reginaldojunior/experimentos/results/socket/optimized/third/600/1200/elecNormNew-OzaBagExecutorMAXChunk-25-4-25-3711
26/05/22 05:51:43
26/05/22 05:51:43
/home/pi/reginaldojunior/experimentos/results/socket/optimized/third/600/1200/airlines-AdaptiveRandomForestExecutorMAXChunk-25-4-50-19
26/05/22 05:53:49
26/05/22 05:53:49
/home/pi/reginaldojunior/experimentos/results/socket/optimized/third/600/1200/airlines-AdaptiveRandomForestExecutorMAXChunk-25-4-50-98
26/05/22 05:55:54
26/05/22 05:55:54
/home/pi/reginaldojunior/experimentos/results/socket/optimized/third/600/1200/airlines-AdaptiveRandomForestExecutorMAXChunk-25-4-50-177
26/05/22 05:57:59
26/05/22 05:57:59
/home/pi/reginaldojunior/experimentos/results/socket/optimized/third/600/1200/airlines-OzaBagExecutorMAXChunk-25-4-50-491
26/05/22 06:00:05
26/05/22 06:00:05
/home/pi/reginaldojunior/experimentos/results/socket/optimized/third/600/1200/airlines-OzaBagExecutorMAXChunk-25-4-50-2455
26/05/22 06:02:12
26/05/22 06:02:12
/home/pi/reginaldojunior/experimentos/results/socket/optimized/third/600/1200/airlines-OzaBagExecutorMAXChunk-25-4-50-4420
26/05/22 06:04:18
26/05/22 06:04:18
/home/pi/reginaldojunior/experimentos/results/socket/optimized/third/600/1200/elecNormNew-AdaptiveRandomForestExecutorMAXChunk-25-4-50-80
26/05/22 06:06:23
26/05/22 06:06:23
/home/pi/reginaldojunior/experimentos/results/socket/optimized/third/600/1200/elecNormNew-AdaptiveRandomForestExecutorMAXChunk-25-4-50-400
26/05/22 06:08:22
26/05/22 06:08:22
/home/pi/reginaldojunior/experimentos/results/socket/optimized/third/600/1200/elecNormNew-AdaptiveRandomForestExecutorMAXChunk-25-4-50-721
26/05/22 06:09:31
26/05/22 06:09:31
/home/pi/reginaldojunior/experimentos/results/socket/optimized/third/600/1200/elecNormNew-OzaBagExecutorMAXChunk-25-4-50-405
26/05/22 06:11:29
26/05/22 06:11:29
/home/pi/reginaldojunior/experimentos/results/socket/optimized/third/600/1200/elecNormNew-OzaBagExecutorMAXChunk-25-4-50-2029
26/05/22 06:11:58
26/05/22 06:11:58
/home/pi/reginaldojunior/experimentos/results/socket/optimized/third/600/1200/elecNormNew-OzaBagExecutorMAXChunk-25-4-50-3653
26/05/22 06:12:17
26/05/22 06:12:17
/home/pi/reginaldojunior/experimentos/results/socket/optimized/third/600/1200/airlines-AdaptiveRandomForestExecutorMAXChunk-25-4-75-20
26/05/22 06:14:22
26/05/22 06:14:22
/home/pi/reginaldojunior/experimentos/results/socket/optimized/third/600/1200/airlines-AdaptiveRandomForestExecutorMAXChunk-25-4-75-100
26/05/22 06:16:28
26/05/22 06:16:28
/home/pi/reginaldojunior/experimentos/results/socket/optimized/third/600/1200/airlines-AdaptiveRandomForestExecutorMAXChunk-25-4-75-181
26/05/22 06:18:35
26/05/22 06:18:35
/home/pi/reginaldojunior/experimentos/results/socket/optimized/third/600/1200/airlines-OzaBagExecutorMAXChunk-25-4-75-512
26/05/22 06:20:41
26/05/22 06:20:41
/home/pi/reginaldojunior/experimentos/results/socket/optimized/third/600/1200/airlines-OzaBagExecutorMAXChunk-25-4-75-2560
26/05/22 06:22:48
26/05/22 06:22:48
/home/pi/reginaldojunior/experimentos/results/socket/optimized/third/600/1200/airlines-OzaBagExecutorMAXChunk-25-4-75-4609
26/05/22 06:24:55
26/05/22 06:24:55
/home/pi/reginaldojunior/experimentos/results/socket/optimized/third/600/1200/elecNormNew-AdaptiveRandomForestExecutorMAXChunk-25-4-75-82
26/05/22 06:27:01
26/05/22 06:27:01
/home/pi/reginaldojunior/experimentos/results/socket/optimized/third/600/1200/elecNormNew-AdaptiveRandomForestExecutorMAXChunk-25-4-75-413
26/05/22 06:28:56
26/05/22 06:28:56
/home/pi/reginaldojunior/experimentos/results/socket/optimized/third/600/1200/elecNormNew-AdaptiveRandomForestExecutorMAXChunk-25-4-75-744
26/05/22 06:30:03
26/05/22 06:30:03
/home/pi/reginaldojunior/experimentos/results/socket/optimized/third/600/1200/elecNormNew-OzaBagExecutorMAXChunk-25-4-75-449
26/05/22 06:31:52
26/05/22 06:31:52
/home/pi/reginaldojunior/experimentos/results/socket/optimized/third/600/1200/elecNormNew-OzaBagExecutorMAXChunk-25-4-75-2248
26/05/22 06:32:19
26/05/22 06:32:19
/home/pi/reginaldojunior/experimentos/results/socket/optimized/third/600/1200/elecNormNew-OzaBagExecutorMAXChunk-25-4-75-4047
26/05/22 06:32:38
26/05/22 06:32:38
/home/pi/reginaldojunior/experimentos/results/socket/optimized/third/600/1200/airlines-AdaptiveRandomForestExecutorMAXChunk-25-4-100-20
26/05/22 06:34:44
26/05/22 06:34:44
/home/pi/reginaldojunior/experimentos/results/socket/optimized/third/600/1200/airlines-AdaptiveRandomForestExecutorMAXChunk-25-4-100-102
26/05/22 06:36:51
26/05/22 06:36:51
/home/pi/reginaldojunior/experimentos/results/socket/optimized/third/600/1200/airlines-AdaptiveRandomForestExecutorMAXChunk-25-4-100-183
26/05/22 06:38:57
26/05/22 06:38:57
/home/pi/reginaldojunior/experimentos/results/socket/optimized/third/600/1200/airlines-OzaBagExecutorMAXChunk-25-4-100-519
26/05/22 06:41:04
26/05/22 06:41:04
/home/pi/reginaldojunior/experimentos/results/socket/optimized/third/600/1200/airlines-OzaBagExecutorMAXChunk-25-4-100-2595
26/05/22 06:43:11
26/05/22 06:43:11
/home/pi/reginaldojunior/experimentos/results/socket/optimized/third/600/1200/airlines-OzaBagExecutorMAXChunk-25-4-100-4672
26/05/22 06:45:19
26/05/22 06:45:19
/home/pi/reginaldojunior/experimentos/results/socket/optimized/third/600/1200/elecNormNew-AdaptiveRandomForestExecutorMAXChunk-25-4-100-83
26/05/22 06:47:25
26/05/22 06:47:25
/home/pi/reginaldojunior/experimentos/results/socket/optimized/third/600/1200/elecNormNew-AdaptiveRandomForestExecutorMAXChunk-25-4-100-417
26/05/22 06:49:20
26/05/22 06:49:20
/home/pi/reginaldojunior/experimentos/results/socket/optimized/third/600/1200/elecNormNew-AdaptiveRandomForestExecutorMAXChunk-25-4-100-750
26/05/22 06:50:26
26/05/22 06:50:26
/home/pi/reginaldojunior/experimentos/results/socket/optimized/third/600/1200/elecNormNew-OzaBagExecutorMAXChunk-25-4-100-451
26/05/22 06:52:14
26/05/22 06:52:14
/home/pi/reginaldojunior/experimentos/results/socket/optimized/third/600/1200/elecNormNew-OzaBagExecutorMAXChunk-25-4-100-2258
26/05/22 06:52:40
26/05/22 06:52:40
/home/pi/reginaldojunior/experimentos/results/socket/optimized/third/600/1200/elecNormNew-OzaBagExecutorMAXChunk-25-4-100-4064
26/05/22 06:52:59
26/05/22 06:52:59
/home/pi/reginaldojunior/experimentos/results/socket/optimized/third/600/1200/airlines-AdaptiveRandomForestExecutorMAXChunk-25-4-250-22
26/05/22 06:55:06
26/05/22 06:55:06
/home/pi/reginaldojunior/experimentos/results/socket/optimized/third/600/1200/airlines-AdaptiveRandomForestExecutorMAXChunk-25-4-250-111
26/05/22 06:57:12
26/05/22 06:57:12
/home/pi/reginaldojunior/experimentos/results/socket/optimized/third/600/1200/airlines-AdaptiveRandomForestExecutorMAXChunk-25-4-250-200
26/05/22 06:59:18
26/05/22 06:59:18
/home/pi/reginaldojunior/experimentos/results/socket/optimized/third/600/1200/airlines-OzaBagExecutorMAXChunk-25-4-250-536
26/05/22 07:01:24
26/05/22 07:01:24
/home/pi/reginaldojunior/experimentos/results/socket/optimized/third/600/1200/airlines-OzaBagExecutorMAXChunk-25-4-250-2683
26/05/22 07:03:31
26/05/22 07:03:31
/home/pi/reginaldojunior/experimentos/results/socket/optimized/third/600/1200/airlines-OzaBagExecutorMAXChunk-25-4-250-4829
26/05/22 07:05:38
26/05/22 07:05:38
/home/pi/reginaldojunior/experimentos/results/socket/optimized/third/600/1200/elecNormNew-AdaptiveRandomForestExecutorMAXChunk-25-4-250-83
26/05/22 07:07:44
26/05/22 07:07:44
/home/pi/reginaldojunior/experimentos/results/socket/optimized/third/600/1200/elecNormNew-AdaptiveRandomForestExecutorMAXChunk-25-4-250-415
26/05/22 07:09:39
26/05/22 07:09:39
/home/pi/reginaldojunior/experimentos/results/socket/optimized/third/600/1200/elecNormNew-AdaptiveRandomForestExecutorMAXChunk-25-4-250-748
26/05/22 07:10:46
26/05/22 07:10:46
/home/pi/reginaldojunior/experimentos/results/socket/optimized/third/600/1200/elecNormNew-OzaBagExecutorMAXChunk-25-4-250-452
26/05/22 07:12:33
26/05/22 07:12:33
/home/pi/reginaldojunior/experimentos/results/socket/optimized/third/600/1200/elecNormNew-OzaBagExecutorMAXChunk-25-4-250-2260
26/05/22 07:13:00
26/05/22 07:13:00
/home/pi/reginaldojunior/experimentos/results/socket/optimized/third/600/1200/elecNormNew-OzaBagExecutorMAXChunk-25-4-250-4068
26/05/22 07:13:20
26/05/22 07:13:20
/home/pi/reginaldojunior/experimentos/results/socket/optimized/third/600/1200/airlines-AdaptiveRandomForestExecutorMAXChunk-25-4-500-23
26/05/22 07:15:28
26/05/22 07:15:28
/home/pi/reginaldojunior/experimentos/results/socket/optimized/third/600/1200/airlines-AdaptiveRandomForestExecutorMAXChunk-25-4-500-115
26/05/22 07:17:37
26/05/22 07:17:37
/home/pi/reginaldojunior/experimentos/results/socket/optimized/third/600/1200/airlines-AdaptiveRandomForestExecutorMAXChunk-25-4-500-208
26/05/22 09:01:52
26/05/22 09:02:12
/home/pi/reginaldojunior/experimentos/results/socket/optimized/third/600/1200/airlines-OzaBagExecutorMAXChunk-25-4-500-549
26/05/22 09:04:19
26/05/22 09:04:19
/home/pi/reginaldojunior/experimentos/results/socket/optimized/third/600/1200/airlines-OzaBagExecutorMAXChunk-25-4-500-2746
26/05/22 09:06:26
26/05/22 09:06:26
/home/pi/reginaldojunior/experimentos/results/socket/optimized/third/600/1200/airlines-OzaBagExecutorMAXChunk-25-4-500-4944
26/05/22 09:08:34
26/05/22 09:08:34
/home/pi/reginaldojunior/experimentos/results/socket/optimized/third/600/1200/elecNormNew-AdaptiveRandomForestExecutorMAXChunk-25-4-500-81
26/05/22 09:10:40
26/05/22 09:10:40
/home/pi/reginaldojunior/experimentos/results/socket/optimized/third/600/1200/elecNormNew-AdaptiveRandomForestExecutorMAXChunk-25-4-500-406
26/05/22 09:12:37
26/05/22 09:12:37
/home/pi/reginaldojunior/experimentos/results/socket/optimized/third/600/1200/elecNormNew-AdaptiveRandomForestExecutorMAXChunk-25-4-500-732
26/05/22 09:13:45
26/05/22 09:13:45
/home/pi/reginaldojunior/experimentos/results/socket/optimized/third/600/1200/elecNormNew-OzaBagExecutorMAXChunk-25-4-500-476
26/05/22 09:15:27
26/05/22 09:15:27
/home/pi/reginaldojunior/experimentos/results/socket/optimized/third/600/1200/elecNormNew-OzaBagExecutorMAXChunk-25-4-500-2380
26/05/22 09:15:52
26/05/22 09:15:52
/home/pi/reginaldojunior/experimentos/results/socket/optimized/third/600/1200/elecNormNew-OzaBagExecutorMAXChunk-25-4-500-4284
26/05/22 09:16:10
26/05/22 09:16:10
/home/pi/reginaldojunior/experimentos/results/socket/optimized/third/600/1200/airlines-AdaptiveRandomForestExecutorMAXChunk-25-4-2000-23
26/05/22 09:18:19
26/05/22 09:18:19
/home/pi/reginaldojunior/experimentos/results/socket/optimized/third/600/1200/airlines-AdaptiveRandomForestExecutorMAXChunk-25-4-2000-118
26/05/22 09:20:41
26/05/22 09:20:41
/home/pi/reginaldojunior/experimentos/results/socket/optimized/third/600/1200/airlines-AdaptiveRandomForestExecutorMAXChunk-25-4-2000-212
26/05/22 09:22:51
26/05/22 09:22:51
/home/pi/reginaldojunior/experimentos/results/socket/optimized/third/600/1200/airlines-OzaBagExecutorMAXChunk-25-4-2000-541
26/05/22 09:24:58
26/05/22 09:24:59
/home/pi/reginaldojunior/experimentos/results/socket/optimized/third/600/1200/airlines-OzaBagExecutorMAXChunk-25-4-2000-2705
26/05/22 09:27:06
26/05/22 09:27:06
/home/pi/reginaldojunior/experimentos/results/socket/optimized/third/600/1200/airlines-OzaBagExecutorMAXChunk-25-4-2000-4869
26/05/22 09:29:14
26/05/22 09:29:14
/home/pi/reginaldojunior/experimentos/results/socket/optimized/third/600/1200/elecNormNew-AdaptiveRandomForestExecutorMAXChunk-25-4-2000-82
26/05/22 09:31:21
26/05/22 09:31:21
/home/pi/reginaldojunior/experimentos/results/socket/optimized/third/600/1200/elecNormNew-AdaptiveRandomForestExecutorMAXChunk-25-4-2000-411
26/05/22 09:33:19
26/05/22 09:33:19
/home/pi/reginaldojunior/experimentos/results/socket/optimized/third/600/1200/elecNormNew-AdaptiveRandomForestExecutorMAXChunk-25-4-2000-741
26/05/22 09:34:28
26/05/22 09:34:28
/home/pi/reginaldojunior/experimentos/results/socket/optimized/third/600/1200/elecNormNew-OzaBagExecutorMAXChunk-25-4-2000-428
26/05/22 09:36:21
26/05/22 09:36:21
/home/pi/reginaldojunior/experimentos/results/socket/optimized/third/600/1200/elecNormNew-OzaBagExecutorMAXChunk-25-4-2000-2143
26/05/22 09:36:50
26/05/22 09:36:50
/home/pi/reginaldojunior/experimentos/results/socket/optimized/third/600/1200/elecNormNew-OzaBagExecutorMAXChunk-25-4-2000-3857
26/05/22 09:37:09
26/05/22 09:37:09
