02/11/23 15:27:25
/home/pi/reginaldojunior/experimentos/socket/mb-socket-dynamic/all-batches-6//elecNormNew-AdaptiveRandomForestExecutorMAXChunk-25-4-25-316
02/11/23 15:34:21
02/11/23 15:34:21
/home/pi/reginaldojunior/experimentos/socket/mb-socket-dynamic/all-batches-6//elecNormNew-LBagExecutorMAXChunk-25-4-25-524
02/11/23 15:39:16
02/11/23 15:39:16
/home/pi/reginaldojunior/experimentos/socket/mb-socket-dynamic/all-batches-6//elecNormNew-StreamingRandomPatchesExecutorMAXChunk-25-4-25-169
02/11/23 15:49:22
02/11/23 15:49:22
/home/pi/reginaldojunior/experimentos/socket/mb-socket-dynamic/all-batches-6//elecNormNew-OzaBagAdwinExecutorMAXChunk-25-4-25-1208
02/11/23 15:53:03
02/11/23 15:53:03
/home/pi/reginaldojunior/experimentos/socket/mb-socket-dynamic/all-batches-6//elecNormNew-OzaBagASHTExecutorMAXChunk-25-4-25-1496
02/11/23 15:54:22
02/11/23 15:54:22
/home/pi/reginaldojunior/experimentos/socket/mb-socket-dynamic/all-batches-6//elecNormNew-OzaBagExecutorMAXChunk-25-4-25-1664
02/11/23 15:56:01
02/11/23 15:56:01
/home/pi/reginaldojunior/experimentos/socket/mb-socket-dynamic/all-batches-6//covtypeNorm-AdaptiveRandomForestExecutorMAXChunk-25-4-25-207
02/11/23 16:06:07
02/11/23 16:06:07
/home/pi/reginaldojunior/experimentos/socket/mb-socket-dynamic/all-batches-6//covtypeNorm-LBagExecutorMAXChunk-25-4-25-150
02/11/23 16:16:13
02/11/23 16:16:13
/home/pi/reginaldojunior/experimentos/socket/mb-socket-dynamic/all-batches-6//covtypeNorm-StreamingRandomPatchesExecutorMAXChunk-25-4-25-68
02/11/23 16:26:19
02/11/23 16:26:19
/home/pi/reginaldojunior/experimentos/socket/mb-socket-dynamic/all-batches-6//covtypeNorm-OzaBagAdwinExecutorMAXChunk-25-4-25-283
02/11/23 16:36:25
02/11/23 16:36:25
/home/pi/reginaldojunior/experimentos/socket/mb-socket-dynamic/all-batches-6//covtypeNorm-OzaBagASHTExecutorMAXChunk-25-4-25-251
02/11/23 16:46:32
02/11/23 16:46:32
/home/pi/reginaldojunior/experimentos/socket/mb-socket-dynamic/all-batches-6//covtypeNorm-OzaBagExecutorMAXChunk-25-4-25-288
02/11/23 16:56:38
02/11/23 16:56:38
/home/pi/reginaldojunior/experimentos/socket/mb-socket-dynamic/all-batches-6//airlines-AdaptiveRandomForestExecutorMAXChunk-25-4-25-66
02/11/23 17:06:44
02/11/23 17:06:44
/home/pi/reginaldojunior/experimentos/socket/mb-socket-dynamic/all-batches-6//airlines-LBagExecutorMAXChunk-25-4-25-46
02/11/23 17:16:51
02/11/23 17:16:51
/home/pi/reginaldojunior/experimentos/socket/mb-socket-dynamic/all-batches-6//airlines-StreamingRandomPatchesExecutorMAXChunk-25-4-25-69
02/11/23 17:26:57
02/11/23 17:26:57
/home/pi/reginaldojunior/experimentos/socket/mb-socket-dynamic/all-batches-6//airlines-OzaBagAdwinExecutorMAXChunk-25-4-25-170
02/11/23 17:37:03
02/11/23 17:37:03
/home/pi/reginaldojunior/experimentos/socket/mb-socket-dynamic/all-batches-6//airlines-OzaBagASHTExecutorMAXChunk-25-4-25-177
02/11/23 17:47:10
02/11/23 17:47:10
/home/pi/reginaldojunior/experimentos/socket/mb-socket-dynamic/all-batches-6//airlines-OzaBagExecutorMAXChunk-25-4-25-170
02/11/23 17:57:18
02/11/23 17:57:18
/home/pi/reginaldojunior/experimentos/socket/mb-socket-dynamic/all-batches-6//GMSC-AdaptiveRandomForestExecutorMAXChunk-25-4-25-540
02/11/23 18:07:23
02/11/23 18:07:24
/home/pi/reginaldojunior/experimentos/socket/mb-socket-dynamic/all-batches-6//GMSC-LBagExecutorMAXChunk-25-4-25-716
02/11/23 18:17:30
02/11/23 18:17:30
/home/pi/reginaldojunior/experimentos/socket/mb-socket-dynamic/all-batches-6//GMSC-StreamingRandomPatchesExecutorMAXChunk-25-4-25-295
02/11/23 18:27:36
02/11/23 18:27:36
/home/pi/reginaldojunior/experimentos/socket/mb-socket-dynamic/all-batches-6//GMSC-OzaBagAdwinExecutorMAXChunk-25-4-25-1709
02/11/23 18:33:32
02/11/23 18:33:32
/home/pi/reginaldojunior/experimentos/socket/mb-socket-dynamic/all-batches-6//GMSC-OzaBagASHTExecutorMAXChunk-25-4-25-2263
02/11/23 18:40:41
02/11/23 18:40:41
/home/pi/reginaldojunior/experimentos/socket/mb-socket-dynamic/all-batches-6//GMSC-OzaBagExecutorMAXChunk-25-4-25-2260
02/11/23 18:46:04
02/11/23 18:46:04
/home/pi/reginaldojunior/experimentos/socket/mb-socket-dynamic/all-batches-6//elecNormNew-AdaptiveRandomForestExecutorMAXChunk-25-4-50-316
02/11/23 18:55:43
02/11/23 18:55:43
/home/pi/reginaldojunior/experimentos/socket/mb-socket-dynamic/all-batches-6//elecNormNew-LBagExecutorMAXChunk-25-4-50-524
02/11/23 19:01:14
02/11/23 19:01:14
/home/pi/reginaldojunior/experimentos/socket/mb-socket-dynamic/all-batches-6//elecNormNew-StreamingRandomPatchesExecutorMAXChunk-25-4-50-169
02/11/23 19:11:20
02/11/23 19:11:20
/home/pi/reginaldojunior/experimentos/socket/mb-socket-dynamic/all-batches-6//elecNormNew-OzaBagAdwinExecutorMAXChunk-25-4-50-1208
02/11/23 19:12:42
02/11/23 19:12:42
/home/pi/reginaldojunior/experimentos/socket/mb-socket-dynamic/all-batches-6//elecNormNew-OzaBagASHTExecutorMAXChunk-25-4-50-1496
02/11/23 19:16:09
02/11/23 19:16:09
/home/pi/reginaldojunior/experimentos/socket/mb-socket-dynamic/all-batches-6//elecNormNew-OzaBagExecutorMAXChunk-25-4-50-1664
02/11/23 19:17:21
02/11/23 19:17:21
/home/pi/reginaldojunior/experimentos/socket/mb-socket-dynamic/all-batches-6//covtypeNorm-AdaptiveRandomForestExecutorMAXChunk-25-4-50-207
02/11/23 19:27:27
02/11/23 19:27:27
/home/pi/reginaldojunior/experimentos/socket/mb-socket-dynamic/all-batches-6//covtypeNorm-LBagExecutorMAXChunk-25-4-50-150
02/11/23 19:37:33
02/11/23 19:37:33
/home/pi/reginaldojunior/experimentos/socket/mb-socket-dynamic/all-batches-6//covtypeNorm-StreamingRandomPatchesExecutorMAXChunk-25-4-50-68
02/11/23 19:47:39
02/11/23 19:47:39
/home/pi/reginaldojunior/experimentos/socket/mb-socket-dynamic/all-batches-6//covtypeNorm-OzaBagAdwinExecutorMAXChunk-25-4-50-283
02/11/23 19:57:45
02/11/23 19:57:45
/home/pi/reginaldojunior/experimentos/socket/mb-socket-dynamic/all-batches-6//covtypeNorm-OzaBagASHTExecutorMAXChunk-25-4-50-251
02/11/23 20:07:52
02/11/23 20:07:52
/home/pi/reginaldojunior/experimentos/socket/mb-socket-dynamic/all-batches-6//covtypeNorm-OzaBagExecutorMAXChunk-25-4-50-288
02/11/23 20:17:58
02/11/23 20:17:58
/home/pi/reginaldojunior/experimentos/socket/mb-socket-dynamic/all-batches-6//airlines-AdaptiveRandomForestExecutorMAXChunk-25-4-50-66
02/11/23 20:28:03
02/11/23 20:28:03
/home/pi/reginaldojunior/experimentos/socket/mb-socket-dynamic/all-batches-6//airlines-LBagExecutorMAXChunk-25-4-50-46
02/11/23 20:38:11
02/11/23 20:38:11
/home/pi/reginaldojunior/experimentos/socket/mb-socket-dynamic/all-batches-6//airlines-StreamingRandomPatchesExecutorMAXChunk-25-4-50-69
02/11/23 20:48:19
02/11/23 20:48:19
/home/pi/reginaldojunior/experimentos/socket/mb-socket-dynamic/all-batches-6//airlines-OzaBagAdwinExecutorMAXChunk-25-4-50-170
02/11/23 20:58:26
02/11/23 20:58:27
/home/pi/reginaldojunior/experimentos/socket/mb-socket-dynamic/all-batches-6//airlines-OzaBagASHTExecutorMAXChunk-25-4-50-177
02/11/23 21:08:33
02/11/23 21:08:33
/home/pi/reginaldojunior/experimentos/socket/mb-socket-dynamic/all-batches-6//airlines-OzaBagExecutorMAXChunk-25-4-50-170
02/11/23 21:18:40
02/11/23 21:18:40
/home/pi/reginaldojunior/experimentos/socket/mb-socket-dynamic/all-batches-6//GMSC-AdaptiveRandomForestExecutorMAXChunk-25-4-50-540
02/11/23 21:28:46
02/11/23 21:28:46
/home/pi/reginaldojunior/experimentos/socket/mb-socket-dynamic/all-batches-6//GMSC-LBagExecutorMAXChunk-25-4-50-716
02/11/23 21:38:53
02/11/23 21:38:53
/home/pi/reginaldojunior/experimentos/socket/mb-socket-dynamic/all-batches-6//GMSC-StreamingRandomPatchesExecutorMAXChunk-25-4-50-295
02/11/23 21:48:59
02/11/23 21:48:59
/home/pi/reginaldojunior/experimentos/socket/mb-socket-dynamic/all-batches-6//GMSC-OzaBagAdwinExecutorMAXChunk-25-4-50-1709
02/11/23 21:56:14
02/11/23 21:56:14
/home/pi/reginaldojunior/experimentos/socket/mb-socket-dynamic/all-batches-6//GMSC-OzaBagASHTExecutorMAXChunk-25-4-50-2263
02/11/23 22:00:46
02/11/23 22:00:46
/home/pi/reginaldojunior/experimentos/socket/mb-socket-dynamic/all-batches-6//GMSC-OzaBagExecutorMAXChunk-25-4-50-2260
02/11/23 22:04:04
02/11/23 22:04:04
/home/pi/reginaldojunior/experimentos/socket/mb-socket-dynamic/all-batches-6//elecNormNew-AdaptiveRandomForestExecutorMAXChunk-25-4-500-316
02/11/23 22:11:44
02/11/23 22:11:44
/home/pi/reginaldojunior/experimentos/socket/mb-socket-dynamic/all-batches-6//elecNormNew-LBagExecutorMAXChunk-25-4-500-524
02/11/23 22:18:15
02/11/23 22:18:15
/home/pi/reginaldojunior/experimentos/socket/mb-socket-dynamic/all-batches-6//elecNormNew-StreamingRandomPatchesExecutorMAXChunk-25-4-500-169
02/11/23 22:28:21
02/11/23 22:28:21
/home/pi/reginaldojunior/experimentos/socket/mb-socket-dynamic/all-batches-6//elecNormNew-OzaBagAdwinExecutorMAXChunk-25-4-500-1208
02/11/23 22:29:51
02/11/23 22:29:51
/home/pi/reginaldojunior/experimentos/socket/mb-socket-dynamic/all-batches-6//elecNormNew-OzaBagASHTExecutorMAXChunk-25-4-500-1496
02/11/23 22:31:53
02/11/23 22:31:53
/home/pi/reginaldojunior/experimentos/socket/mb-socket-dynamic/all-batches-6//elecNormNew-OzaBagExecutorMAXChunk-25-4-500-1664
02/11/23 22:32:55
02/11/23 22:32:55
/home/pi/reginaldojunior/experimentos/socket/mb-socket-dynamic/all-batches-6//covtypeNorm-AdaptiveRandomForestExecutorMAXChunk-25-4-500-207
02/11/23 22:43:01
02/11/23 22:43:01
/home/pi/reginaldojunior/experimentos/socket/mb-socket-dynamic/all-batches-6//covtypeNorm-LBagExecutorMAXChunk-25-4-500-150
02/11/23 22:53:08
02/11/23 22:53:08
/home/pi/reginaldojunior/experimentos/socket/mb-socket-dynamic/all-batches-6//covtypeNorm-StreamingRandomPatchesExecutorMAXChunk-25-4-500-68
02/11/23 23:03:15
02/11/23 23:03:15
/home/pi/reginaldojunior/experimentos/socket/mb-socket-dynamic/all-batches-6//covtypeNorm-OzaBagAdwinExecutorMAXChunk-25-4-500-283
02/11/23 23:13:21
02/11/23 23:13:21
/home/pi/reginaldojunior/experimentos/socket/mb-socket-dynamic/all-batches-6//covtypeNorm-OzaBagASHTExecutorMAXChunk-25-4-500-251
02/11/23 23:23:29
02/11/23 23:23:29
/home/pi/reginaldojunior/experimentos/socket/mb-socket-dynamic/all-batches-6//covtypeNorm-OzaBagExecutorMAXChunk-25-4-500-288
02/11/23 23:33:36
02/11/23 23:33:36
/home/pi/reginaldojunior/experimentos/socket/mb-socket-dynamic/all-batches-6//airlines-AdaptiveRandomForestExecutorMAXChunk-25-4-500-66
02/11/23 23:43:45
02/11/23 23:43:45
/home/pi/reginaldojunior/experimentos/socket/mb-socket-dynamic/all-batches-6//airlines-LBagExecutorMAXChunk-25-4-500-46
02/11/23 23:53:53
02/11/23 23:53:53
/home/pi/reginaldojunior/experimentos/socket/mb-socket-dynamic/all-batches-6//airlines-StreamingRandomPatchesExecutorMAXChunk-25-4-500-69
03/11/23 00:04:04
03/11/23 00:04:04
/home/pi/reginaldojunior/experimentos/socket/mb-socket-dynamic/all-batches-6//airlines-OzaBagAdwinExecutorMAXChunk-25-4-500-170
03/11/23 00:14:11
03/11/23 00:14:11
/home/pi/reginaldojunior/experimentos/socket/mb-socket-dynamic/all-batches-6//airlines-OzaBagASHTExecutorMAXChunk-25-4-500-177
03/11/23 00:24:19
03/11/23 00:24:19
/home/pi/reginaldojunior/experimentos/socket/mb-socket-dynamic/all-batches-6//airlines-OzaBagExecutorMAXChunk-25-4-500-170
03/11/23 00:34:29
03/11/23 00:34:29
/home/pi/reginaldojunior/experimentos/socket/mb-socket-dynamic/all-batches-6//GMSC-AdaptiveRandomForestExecutorMAXChunk-25-4-500-540
03/11/23 00:44:35
03/11/23 00:44:35
/home/pi/reginaldojunior/experimentos/socket/mb-socket-dynamic/all-batches-6//GMSC-LBagExecutorMAXChunk-25-4-500-716
03/11/23 00:54:42
03/11/23 00:54:42
/home/pi/reginaldojunior/experimentos/socket/mb-socket-dynamic/all-batches-6//GMSC-StreamingRandomPatchesExecutorMAXChunk-25-4-500-295
03/11/23 01:04:48
03/11/23 01:04:48
/home/pi/reginaldojunior/experimentos/socket/mb-socket-dynamic/all-batches-6//GMSC-OzaBagAdwinExecutorMAXChunk-25-4-500-1709
03/11/23 01:09:44
03/11/23 01:09:44
/home/pi/reginaldojunior/experimentos/socket/mb-socket-dynamic/all-batches-6//GMSC-OzaBagASHTExecutorMAXChunk-25-4-500-2263
03/11/23 01:13:35
03/11/23 01:13:35
/home/pi/reginaldojunior/experimentos/socket/mb-socket-dynamic/all-batches-6//GMSC-OzaBagExecutorMAXChunk-25-4-500-2260
03/11/23 01:16:44
03/11/23 01:16:44
/home/pi/reginaldojunior/experimentos/socket/mb-socket-dynamic/all-batches-6//elecNormNew-AdaptiveRandomForestExecutorMAXChunk-25-4-2000-316
03/11/23 01:24:44
03/11/23 01:24:44
/home/pi/reginaldojunior/experimentos/socket/mb-socket-dynamic/all-batches-6//elecNormNew-LBagExecutorMAXChunk-25-4-2000-524
03/11/23 01:31:15
03/11/23 01:31:15
/home/pi/reginaldojunior/experimentos/socket/mb-socket-dynamic/all-batches-6//elecNormNew-StreamingRandomPatchesExecutorMAXChunk-25-4-2000-169
03/11/23 01:41:21
03/11/23 01:41:21
/home/pi/reginaldojunior/experimentos/socket/mb-socket-dynamic/all-batches-6//elecNormNew-OzaBagAdwinExecutorMAXChunk-25-4-2000-1208
03/11/23 01:43:46
03/11/23 01:43:46
/home/pi/reginaldojunior/experimentos/socket/mb-socket-dynamic/all-batches-6//elecNormNew-OzaBagASHTExecutorMAXChunk-25-4-2000-1496
03/11/23 01:45:51
03/11/23 01:45:51
/home/pi/reginaldojunior/experimentos/socket/mb-socket-dynamic/all-batches-6//elecNormNew-OzaBagExecutorMAXChunk-25-4-2000-1664
03/11/23 01:46:53
03/11/23 01:46:53
/home/pi/reginaldojunior/experimentos/socket/mb-socket-dynamic/all-batches-6//covtypeNorm-AdaptiveRandomForestExecutorMAXChunk-25-4-2000-207
03/11/23 01:56:59
03/11/23 01:56:59
/home/pi/reginaldojunior/experimentos/socket/mb-socket-dynamic/all-batches-6//covtypeNorm-LBagExecutorMAXChunk-25-4-2000-150
03/11/23 02:07:07
03/11/23 02:07:07
/home/pi/reginaldojunior/experimentos/socket/mb-socket-dynamic/all-batches-6//covtypeNorm-StreamingRandomPatchesExecutorMAXChunk-25-4-2000-68
03/11/23 02:17:21
03/11/23 02:17:21
/home/pi/reginaldojunior/experimentos/socket/mb-socket-dynamic/all-batches-6//covtypeNorm-OzaBagAdwinExecutorMAXChunk-25-4-2000-283
03/11/23 02:27:29
03/11/23 02:27:29
/home/pi/reginaldojunior/experimentos/socket/mb-socket-dynamic/all-batches-6//covtypeNorm-OzaBagASHTExecutorMAXChunk-25-4-2000-251
03/11/23 02:37:38
03/11/23 02:37:38
/home/pi/reginaldojunior/experimentos/socket/mb-socket-dynamic/all-batches-6//covtypeNorm-OzaBagExecutorMAXChunk-25-4-2000-288
03/11/23 02:47:46
03/11/23 02:47:46
/home/pi/reginaldojunior/experimentos/socket/mb-socket-dynamic/all-batches-6//airlines-AdaptiveRandomForestExecutorMAXChunk-25-4-2000-66
03/11/23 02:57:54
03/11/23 02:57:54
/home/pi/reginaldojunior/experimentos/socket/mb-socket-dynamic/all-batches-6//airlines-LBagExecutorMAXChunk-25-4-2000-46
03/11/23 03:08:11
03/11/23 03:08:11
/home/pi/reginaldojunior/experimentos/socket/mb-socket-dynamic/all-batches-6//airlines-StreamingRandomPatchesExecutorMAXChunk-25-4-2000-69
03/11/23 03:18:19
03/11/23 03:18:20
/home/pi/reginaldojunior/experimentos/socket/mb-socket-dynamic/all-batches-6//airlines-OzaBagAdwinExecutorMAXChunk-25-4-2000-170
03/11/23 03:28:28
03/11/23 03:28:28
/home/pi/reginaldojunior/experimentos/socket/mb-socket-dynamic/all-batches-6//airlines-OzaBagASHTExecutorMAXChunk-25-4-2000-177
03/11/23 03:38:42
03/11/23 03:38:42
/home/pi/reginaldojunior/experimentos/socket/mb-socket-dynamic/all-batches-6//airlines-OzaBagExecutorMAXChunk-25-4-2000-170
03/11/23 03:48:49
03/11/23 03:48:49
/home/pi/reginaldojunior/experimentos/socket/mb-socket-dynamic/all-batches-6//GMSC-AdaptiveRandomForestExecutorMAXChunk-25-4-2000-540
03/11/23 03:58:56
03/11/23 03:58:56
/home/pi/reginaldojunior/experimentos/socket/mb-socket-dynamic/all-batches-6//GMSC-LBagExecutorMAXChunk-25-4-2000-716
03/11/23 04:09:03
03/11/23 04:09:03
/home/pi/reginaldojunior/experimentos/socket/mb-socket-dynamic/all-batches-6//GMSC-StreamingRandomPatchesExecutorMAXChunk-25-4-2000-295
03/11/23 04:19:09
03/11/23 04:19:09
/home/pi/reginaldojunior/experimentos/socket/mb-socket-dynamic/all-batches-6//GMSC-OzaBagAdwinExecutorMAXChunk-25-4-2000-1709
03/11/23 04:25:08
03/11/23 04:25:08
/home/pi/reginaldojunior/experimentos/socket/mb-socket-dynamic/all-batches-6//GMSC-OzaBagASHTExecutorMAXChunk-25-4-2000-2263
03/11/23 04:31:53
03/11/23 04:31:53
/home/pi/reginaldojunior/experimentos/socket/mb-socket-dynamic/all-batches-6//GMSC-OzaBagExecutorMAXChunk-25-4-2000-2260
03/11/23 04:36:30
