09/01/24 11:14:39
/home/pi/reginaldojunior/experimentos/socket/loop-fusion-dynamic/pareto-all-batches-2//covtypeNorm-AdaptiveRandomForestExecutorMAXChunk
09/01/24 11:24:51
09/01/24 11:24:51
/home/pi/reginaldojunior/experimentos/socket/loop-fusion-dynamic/pareto-all-batches-2//covtypeNorm-LBagExecutorMAXChunk
09/01/24 11:35:05
09/01/24 11:35:05
/home/pi/reginaldojunior/experimentos/socket/loop-fusion-dynamic/pareto-all-batches-2//covtypeNorm-StreamingRandomPatchesExecutorMAXChunk
09/01/24 11:45:17
09/01/24 11:45:17
/home/pi/reginaldojunior/experimentos/socket/loop-fusion-dynamic/pareto-all-batches-2//covtypeNorm-OzaBagAdwinExecutorMAXChunk
09/01/24 11:55:31
09/01/24 11:55:31
/home/pi/reginaldojunior/experimentos/socket/loop-fusion-dynamic/pareto-all-batches-2//covtypeNorm-OzaBagASHTExecutorMAXChunk
09/01/24 12:05:44
09/01/24 12:05:44
/home/pi/reginaldojunior/experimentos/socket/loop-fusion-dynamic/pareto-all-batches-2//covtypeNorm-OzaBagExecutorMAXChunk
09/01/24 12:15:58
09/01/24 12:15:58
/home/pi/reginaldojunior/experimentos/socket/loop-fusion-dynamic/pareto-all-batches-2//airlines-AdaptiveRandomForestExecutorMAXChunk
09/01/24 12:26:10
09/01/24 12:26:10
/home/pi/reginaldojunior/experimentos/socket/loop-fusion-dynamic/pareto-all-batches-2//airlines-LBagExecutorMAXChunk
09/01/24 12:36:26
09/01/24 12:36:26
/home/pi/reginaldojunior/experimentos/socket/loop-fusion-dynamic/pareto-all-batches-2//airlines-StreamingRandomPatchesExecutorMAXChunk
09/01/24 12:46:39
09/01/24 12:46:39
/home/pi/reginaldojunior/experimentos/socket/loop-fusion-dynamic/pareto-all-batches-2//airlines-OzaBagAdwinExecutorMAXChunk
09/01/24 12:56:53
09/01/24 12:56:53
/home/pi/reginaldojunior/experimentos/socket/loop-fusion-dynamic/pareto-all-batches-2//airlines-OzaBagASHTExecutorMAXChunk
09/01/24 13:07:07
09/01/24 13:07:07
/home/pi/reginaldojunior/experimentos/socket/loop-fusion-dynamic/pareto-all-batches-2//airlines-OzaBagExecutorMAXChunk
09/01/24 13:17:20
09/01/24 13:17:20
/home/pi/reginaldojunior/experimentos/socket/loop-fusion-dynamic/pareto-all-batches-2//elecNormNew-AdaptiveRandomForestExecutorMAXChunk
09/01/24 13:27:33
09/01/24 13:27:33
/home/pi/reginaldojunior/experimentos/socket/loop-fusion-dynamic/pareto-all-batches-2//elecNormNew-LBagExecutorMAXChunk
09/01/24 13:37:46
09/01/24 13:37:47
/home/pi/reginaldojunior/experimentos/socket/loop-fusion-dynamic/pareto-all-batches-2//elecNormNew-StreamingRandomPatchesExecutorMAXChunk
09/01/24 13:47:59
09/01/24 13:47:59
/home/pi/reginaldojunior/experimentos/socket/loop-fusion-dynamic/pareto-all-batches-2//elecNormNew-OzaBagAdwinExecutorMAXChunk
09/01/24 13:54:52
09/01/24 13:54:52
/home/pi/reginaldojunior/experimentos/socket/loop-fusion-dynamic/pareto-all-batches-2//elecNormNew-OzaBagASHTExecutorMAXChunk
09/01/24 13:59:02
09/01/24 13:59:02
/home/pi/reginaldojunior/experimentos/socket/loop-fusion-dynamic/pareto-all-batches-2//elecNormNew-OzaBagExecutorMAXChunk
09/01/24 14:02:05
09/01/24 14:02:05
/home/pi/reginaldojunior/experimentos/socket/loop-fusion-dynamic/pareto-all-batches-2//GMSC-AdaptiveRandomForestExecutorMAXChunk
09/01/24 14:12:18
09/01/24 14:12:18
/home/pi/reginaldojunior/experimentos/socket/loop-fusion-dynamic/pareto-all-batches-2//GMSC-LBagExecutorMAXChunk
09/01/24 14:22:32
09/01/24 14:22:32
/home/pi/reginaldojunior/experimentos/socket/loop-fusion-dynamic/pareto-all-batches-2//GMSC-StreamingRandomPatchesExecutorMAXChunk
09/01/24 14:32:44
09/01/24 14:32:44
/home/pi/reginaldojunior/experimentos/socket/loop-fusion-dynamic/pareto-all-batches-2//GMSC-OzaBagAdwinExecutorMAXChunk
09/01/24 14:41:18
09/01/24 14:41:18
/home/pi/reginaldojunior/experimentos/socket/loop-fusion-dynamic/pareto-all-batches-2//GMSC-OzaBagASHTExecutorMAXChunk
09/01/24 14:51:17
09/01/24 14:51:17
/home/pi/reginaldojunior/experimentos/socket/loop-fusion-dynamic/pareto-all-batches-2//GMSC-OzaBagExecutorMAXChunk
09/01/24 14:55:59
09/01/24 14:55:59
