22/10/23 05:40:15
/home/pi/reginaldojunior/experimentos/socket/loop-fusion-dynamic/all-batches-3//covtypeNorm-AdaptiveRandomForestExecutorMAXChunk-25-4-25-844
22/10/23 05:50:21
22/10/23 05:50:21
/home/pi/reginaldojunior/experimentos/socket/loop-fusion-dynamic/all-batches-3//covtypeNorm-LBagExecutorMAXChunk-25-4-25-575
22/10/23 06:00:28
22/10/23 06:00:28
/home/pi/reginaldojunior/experimentos/socket/loop-fusion-dynamic/all-batches-3//covtypeNorm-StreamingRandomPatchesExecutorMAXChunk-25-4-25-253
22/10/23 06:10:33
22/10/23 06:10:33
/home/pi/reginaldojunior/experimentos/socket/loop-fusion-dynamic/all-batches-3//covtypeNorm-OzaBagAdwinExecutorMAXChunk-25-4-25-794
22/10/23 06:20:40
22/10/23 06:20:40
/home/pi/reginaldojunior/experimentos/socket/loop-fusion-dynamic/all-batches-3//covtypeNorm-OzaBagASHTExecutorMAXChunk-25-4-25-2709
22/10/23 06:30:47
22/10/23 06:30:47
/home/pi/reginaldojunior/experimentos/socket/loop-fusion-dynamic/all-batches-3//covtypeNorm-OzaBagExecutorMAXChunk-25-4-25-2679
22/10/23 06:40:53
22/10/23 06:40:53
/home/pi/reginaldojunior/experimentos/socket/loop-fusion-dynamic/all-batches-3//airlines-AdaptiveRandomForestExecutorMAXChunk-25-4-25-213
22/10/23 06:51:00
22/10/23 06:51:00
/home/pi/reginaldojunior/experimentos/socket/loop-fusion-dynamic/all-batches-3//airlines-LBagExecutorMAXChunk-25-4-25-210
22/10/23 07:01:07
22/10/23 07:01:07
/home/pi/reginaldojunior/experimentos/socket/loop-fusion-dynamic/all-batches-3//airlines-StreamingRandomPatchesExecutorMAXChunk-25-4-25-236
22/10/23 07:11:13
22/10/23 07:11:13
/home/pi/reginaldojunior/experimentos/socket/loop-fusion-dynamic/all-batches-3//airlines-OzaBagAdwinExecutorMAXChunk-25-4-25-717
22/10/23 07:21:19
22/10/23 07:21:19
/home/pi/reginaldojunior/experimentos/socket/loop-fusion-dynamic/all-batches-3//airlines-OzaBagASHTExecutorMAXChunk-25-4-25-2735
22/10/23 07:31:25
22/10/23 07:31:25
/home/pi/reginaldojunior/experimentos/socket/loop-fusion-dynamic/all-batches-3//airlines-OzaBagExecutorMAXChunk-25-4-25-4800
22/10/23 07:41:33
22/10/23 07:41:33
/home/pi/reginaldojunior/experimentos/socket/loop-fusion-dynamic/all-batches-3//elecNormNew-AdaptiveRandomForestExecutorMAXChunk-25-4-25-882
22/10/23 07:43:21
22/10/23 07:43:21
/home/pi/reginaldojunior/experimentos/socket/loop-fusion-dynamic/all-batches-3//elecNormNew-LBagExecutorMAXChunk-25-4-25-1258
22/10/23 07:45:48
22/10/23 07:45:48
/home/pi/reginaldojunior/experimentos/socket/loop-fusion-dynamic/all-batches-3//elecNormNew-StreamingRandomPatchesExecutorMAXChunk-25-4-25-496
22/10/23 07:52:43
22/10/23 07:52:43
/home/pi/reginaldojunior/experimentos/socket/loop-fusion-dynamic/all-batches-3//elecNormNew-OzaBagAdwinExecutorMAXChunk-25-4-25-2142
22/10/23 07:54:22
22/10/23 07:54:22
/home/pi/reginaldojunior/experimentos/socket/loop-fusion-dynamic/all-batches-3//elecNormNew-OzaBagASHTExecutorMAXChunk-25-4-25-3926
22/10/23 07:55:16
22/10/23 07:55:16
/home/pi/reginaldojunior/experimentos/socket/loop-fusion-dynamic/all-batches-3//elecNormNew-OzaBagExecutorMAXChunk-25-4-25-3944
22/10/23 07:55:41
22/10/23 07:55:41
/home/pi/reginaldojunior/experimentos/socket/loop-fusion-dynamic/all-batches-3//GMSC-AdaptiveRandomForestExecutorMAXChunk-25-4-25-1574
22/10/23 08:00:03
22/10/23 08:00:03
/home/pi/reginaldojunior/experimentos/socket/loop-fusion-dynamic/all-batches-3//GMSC-LBagExecutorMAXChunk-25-4-25-1861
22/10/23 08:07:43
22/10/23 08:07:43
/home/pi/reginaldojunior/experimentos/socket/loop-fusion-dynamic/all-batches-3//GMSC-StreamingRandomPatchesExecutorMAXChunk-25-4-25-898
22/10/23 08:17:48
22/10/23 08:17:48
/home/pi/reginaldojunior/experimentos/socket/loop-fusion-dynamic/all-batches-3//GMSC-OzaBagAdwinExecutorMAXChunk-25-4-25-3066
22/10/23 08:22:01
22/10/23 08:22:01
/home/pi/reginaldojunior/experimentos/socket/loop-fusion-dynamic/all-batches-3//GMSC-OzaBagASHTExecutorMAXChunk-25-4-25-6863
22/10/23 08:23:02
22/10/23 08:23:02
/home/pi/reginaldojunior/experimentos/socket/loop-fusion-dynamic/all-batches-3//GMSC-OzaBagExecutorMAXChunk-25-4-25-6653
22/10/23 08:24:01
22/10/23 08:24:01
/home/pi/reginaldojunior/experimentos/socket/loop-fusion-dynamic/all-batches-3//covtypeNorm-AdaptiveRandomForestExecutorMAXChunk-25-4-50-1012
22/10/23 08:34:07
22/10/23 08:34:07
/home/pi/reginaldojunior/experimentos/socket/loop-fusion-dynamic/all-batches-3//covtypeNorm-LBagExecutorMAXChunk-25-4-50-667
22/10/23 08:44:14
22/10/23 08:44:14
/home/pi/reginaldojunior/experimentos/socket/loop-fusion-dynamic/all-batches-3//covtypeNorm-StreamingRandomPatchesExecutorMAXChunk-25-4-50-255
22/10/23 08:54:19
22/10/23 08:54:19
/home/pi/reginaldojunior/experimentos/socket/loop-fusion-dynamic/all-batches-3//covtypeNorm-OzaBagAdwinExecutorMAXChunk-25-4-50-996
22/10/23 09:04:26
22/10/23 09:04:26
/home/pi/reginaldojunior/experimentos/socket/loop-fusion-dynamic/all-batches-3//covtypeNorm-OzaBagASHTExecutorMAXChunk-25-4-50-2708
22/10/23 09:14:32
22/10/23 09:14:32
/home/pi/reginaldojunior/experimentos/socket/loop-fusion-dynamic/all-batches-3//covtypeNorm-OzaBagExecutorMAXChunk-25-4-50-2675
22/10/23 09:24:39
22/10/23 09:24:39
/home/pi/reginaldojunior/experimentos/socket/loop-fusion-dynamic/all-batches-3//airlines-AdaptiveRandomForestExecutorMAXChunk-25-4-50-220
22/10/23 11:14:02
22/10/23 11:14:02
/home/pi/reginaldojunior/experimentos/socket/loop-fusion-dynamic/all-batches-3//airlines-LBagExecutorMAXChunk-25-4-50-214
22/10/23 11:24:08
22/10/23 11:24:08
/home/pi/reginaldojunior/experimentos/socket/loop-fusion-dynamic/all-batches-3//airlines-StreamingRandomPatchesExecutorMAXChunk-25-4-50-239
22/10/23 11:34:13
22/10/23 11:34:13
/home/pi/reginaldojunior/experimentos/socket/loop-fusion-dynamic/all-batches-3//airlines-OzaBagAdwinExecutorMAXChunk-25-4-50-683
22/10/23 11:44:19
22/10/23 11:44:19
/home/pi/reginaldojunior/experimentos/socket/loop-fusion-dynamic/all-batches-3//airlines-OzaBagASHTExecutorMAXChunk-25-4-50-3799
22/10/23 11:54:26
22/10/23 11:54:26
/home/pi/reginaldojunior/experimentos/socket/loop-fusion-dynamic/all-batches-3//airlines-OzaBagExecutorMAXChunk-25-4-50-5027
22/10/23 12:04:35
22/10/23 12:04:35
/home/pi/reginaldojunior/experimentos/socket/loop-fusion-dynamic/all-batches-3//elecNormNew-AdaptiveRandomForestExecutorMAXChunk-25-4-50-918
22/10/23 12:07:26
22/10/23 12:07:26
/home/pi/reginaldojunior/experimentos/socket/loop-fusion-dynamic/all-batches-3//elecNormNew-LBagExecutorMAXChunk-25-4-50-1316
22/10/23 12:10:35
22/10/23 12:10:35
/home/pi/reginaldojunior/experimentos/socket/loop-fusion-dynamic/all-batches-3//elecNormNew-StreamingRandomPatchesExecutorMAXChunk-25-4-50-489
22/10/23 12:16:11
22/10/23 12:16:11
/home/pi/reginaldojunior/experimentos/socket/loop-fusion-dynamic/all-batches-3//elecNormNew-OzaBagAdwinExecutorMAXChunk-25-4-50-2523
22/10/23 12:16:58
22/10/23 12:16:58
/home/pi/reginaldojunior/experimentos/socket/loop-fusion-dynamic/all-batches-3//elecNormNew-OzaBagASHTExecutorMAXChunk-25-4-50-4141
22/10/23 12:18:24
22/10/23 12:18:24
/home/pi/reginaldojunior/experimentos/socket/loop-fusion-dynamic/all-batches-3//elecNormNew-OzaBagExecutorMAXChunk-25-4-50-4162
22/10/23 12:18:51
22/10/23 12:18:51
/home/pi/reginaldojunior/experimentos/socket/loop-fusion-dynamic/all-batches-3//GMSC-AdaptiveRandomForestExecutorMAXChunk-25-4-50-1699
22/10/23 12:26:43
22/10/23 12:26:43
/home/pi/reginaldojunior/experimentos/socket/loop-fusion-dynamic/all-batches-3//GMSC-LBagExecutorMAXChunk-25-4-50-2037
22/10/23 12:33:24
22/10/23 12:33:24
/home/pi/reginaldojunior/experimentos/socket/loop-fusion-dynamic/all-batches-3//GMSC-StreamingRandomPatchesExecutorMAXChunk-25-4-50-958
22/10/23 12:43:30
22/10/23 12:43:30
/home/pi/reginaldojunior/experimentos/socket/loop-fusion-dynamic/all-batches-3//GMSC-OzaBagAdwinExecutorMAXChunk-25-4-50-4027
22/10/23 12:47:48
22/10/23 12:47:48
/home/pi/reginaldojunior/experimentos/socket/loop-fusion-dynamic/all-batches-3//GMSC-OzaBagASHTExecutorMAXChunk-25-4-50-7285
22/10/23 12:49:12
22/10/23 12:49:12
/home/pi/reginaldojunior/experimentos/socket/loop-fusion-dynamic/all-batches-3//GMSC-OzaBagExecutorMAXChunk-25-4-50-6990
22/10/23 12:50:38
22/10/23 12:50:38
/home/pi/reginaldojunior/experimentos/socket/loop-fusion-dynamic/all-batches-3//covtypeNorm-AdaptiveRandomForestExecutorMAXChunk-25-4-500-963
22/10/23 13:00:44
22/10/23 13:00:44
/home/pi/reginaldojunior/experimentos/socket/loop-fusion-dynamic/all-batches-3//covtypeNorm-LBagExecutorMAXChunk-25-4-500-782
22/10/23 13:10:51
22/10/23 13:10:51
/home/pi/reginaldojunior/experimentos/socket/loop-fusion-dynamic/all-batches-3//covtypeNorm-StreamingRandomPatchesExecutorMAXChunk-25-4-500-276
22/10/23 13:20:56
22/10/23 13:20:56
/home/pi/reginaldojunior/experimentos/socket/loop-fusion-dynamic/all-batches-3//covtypeNorm-OzaBagAdwinExecutorMAXChunk-25-4-500-1154
22/10/23 13:31:03
22/10/23 13:31:03
/home/pi/reginaldojunior/experimentos/socket/loop-fusion-dynamic/all-batches-3//covtypeNorm-OzaBagASHTExecutorMAXChunk-25-4-500-3368
22/10/23 13:40:45
22/10/23 13:40:45
/home/pi/reginaldojunior/experimentos/socket/loop-fusion-dynamic/all-batches-3//covtypeNorm-OzaBagExecutorMAXChunk-25-4-500-3708
22/10/23 13:50:01
22/10/23 13:50:01
/home/pi/reginaldojunior/experimentos/socket/loop-fusion-dynamic/all-batches-3//airlines-AdaptiveRandomForestExecutorMAXChunk-25-4-500-276
22/10/23 15:36:13
22/10/23 15:36:13
/home/pi/reginaldojunior/experimentos/socket/loop-fusion-dynamic/all-batches-3//airlines-LBagExecutorMAXChunk-25-4-500-245
22/10/23 15:46:49
22/10/23 15:46:49
/home/pi/reginaldojunior/experimentos/socket/loop-fusion-dynamic/all-batches-3//airlines-StreamingRandomPatchesExecutorMAXChunk-25-4-500-266
22/10/23 15:56:56
22/10/23 15:56:56
/home/pi/reginaldojunior/experimentos/socket/loop-fusion-dynamic/all-batches-3//airlines-OzaBagAdwinExecutorMAXChunk-25-4-500-753
22/10/23 16:07:03
22/10/23 16:07:03
/home/pi/reginaldojunior/experimentos/socket/loop-fusion-dynamic/all-batches-3//airlines-OzaBagASHTExecutorMAXChunk-25-4-500-4856
22/10/23 16:17:12
22/10/23 16:17:12
/home/pi/reginaldojunior/experimentos/socket/loop-fusion-dynamic/all-batches-3//airlines-OzaBagExecutorMAXChunk-25-4-500-6170
22/10/23 16:27:19
22/10/23 16:27:19
/home/pi/reginaldojunior/experimentos/socket/loop-fusion-dynamic/all-batches-3//elecNormNew-AdaptiveRandomForestExecutorMAXChunk-25-4-500-930
22/10/23 16:30:57
22/10/23 16:30:57
/home/pi/reginaldojunior/experimentos/socket/loop-fusion-dynamic/all-batches-3//elecNormNew-LBagExecutorMAXChunk-25-4-500-1471
22/10/23 16:32:43
22/10/23 16:32:43
/home/pi/reginaldojunior/experimentos/socket/loop-fusion-dynamic/all-batches-3//elecNormNew-StreamingRandomPatchesExecutorMAXChunk-25-4-500-494
22/10/23 16:41:12
22/10/23 16:41:12
/home/pi/reginaldojunior/experimentos/socket/loop-fusion-dynamic/all-batches-3//elecNormNew-OzaBagAdwinExecutorMAXChunk-25-4-500-2794
22/10/23 16:41:56
22/10/23 16:41:56
/home/pi/reginaldojunior/experimentos/socket/loop-fusion-dynamic/all-batches-3//elecNormNew-OzaBagASHTExecutorMAXChunk-25-4-500-4712
22/10/23 16:42:37
22/10/23 16:42:37
/home/pi/reginaldojunior/experimentos/socket/loop-fusion-dynamic/all-batches-3//elecNormNew-OzaBagExecutorMAXChunk-25-4-500-4455
22/10/23 16:43:25
22/10/23 16:43:25
/home/pi/reginaldojunior/experimentos/socket/loop-fusion-dynamic/all-batches-3//GMSC-AdaptiveRandomForestExecutorMAXChunk-25-4-500-1820
22/10/23 16:51:13
22/10/23 16:51:13
/home/pi/reginaldojunior/experimentos/socket/loop-fusion-dynamic/all-batches-3//GMSC-LBagExecutorMAXChunk-25-4-500-2271
22/10/23 16:57:14
22/10/23 16:57:14
/home/pi/reginaldojunior/experimentos/socket/loop-fusion-dynamic/all-batches-3//GMSC-StreamingRandomPatchesExecutorMAXChunk-25-4-500-1019
22/10/23 17:07:14
22/10/23 17:07:14
/home/pi/reginaldojunior/experimentos/socket/loop-fusion-dynamic/all-batches-3//GMSC-OzaBagAdwinExecutorMAXChunk-25-4-500-4733
22/10/23 17:09:28
22/10/23 17:09:28
/home/pi/reginaldojunior/experimentos/socket/loop-fusion-dynamic/all-batches-3//GMSC-OzaBagASHTExecutorMAXChunk-25-4-500-8617
22/10/23 17:12:07
22/10/23 17:12:07
/home/pi/reginaldojunior/experimentos/socket/loop-fusion-dynamic/all-batches-3//GMSC-OzaBagExecutorMAXChunk-25-4-500-8499
22/10/23 17:13:15
22/10/23 17:13:15
/home/pi/reginaldojunior/experimentos/socket/loop-fusion-dynamic/all-batches-3//covtypeNorm-AdaptiveRandomForestExecutorMAXChunk-25-4-2000-1080
22/10/23 17:23:21
22/10/23 17:23:21
/home/pi/reginaldojunior/experimentos/socket/loop-fusion-dynamic/all-batches-3//covtypeNorm-LBagExecutorMAXChunk-25-4-2000-702
22/10/23 17:33:27
22/10/23 17:33:27
/home/pi/reginaldojunior/experimentos/socket/loop-fusion-dynamic/all-batches-3//covtypeNorm-StreamingRandomPatchesExecutorMAXChunk-25-4-2000-291
22/10/23 17:43:33
22/10/23 17:43:33
/home/pi/reginaldojunior/experimentos/socket/loop-fusion-dynamic/all-batches-3//covtypeNorm-OzaBagAdwinExecutorMAXChunk-25-4-2000-1149
22/10/23 17:53:40
22/10/23 17:53:40
/home/pi/reginaldojunior/experimentos/socket/loop-fusion-dynamic/all-batches-3//covtypeNorm-OzaBagASHTExecutorMAXChunk-25-4-2000-3314
22/10/23 18:03:47
22/10/23 18:03:47
/home/pi/reginaldojunior/experimentos/socket/loop-fusion-dynamic/all-batches-3//covtypeNorm-OzaBagExecutorMAXChunk-25-4-2000-3557
22/10/23 18:13:53
22/10/23 18:13:53
/home/pi/reginaldojunior/experimentos/socket/loop-fusion-dynamic/all-batches-3//airlines-AdaptiveRandomForestExecutorMAXChunk-25-4-2000-292
22/10/23 18:23:58
22/10/23 18:23:58
/home/pi/reginaldojunior/experimentos/socket/loop-fusion-dynamic/all-batches-3//airlines-LBagExecutorMAXChunk-25-4-2000-440
22/10/23 18:54:33
22/10/23 18:54:33
/home/pi/reginaldojunior/experimentos/socket/loop-fusion-dynamic/all-batches-3//airlines-StreamingRandomPatchesExecutorMAXChunk-25-4-2000-277
22/10/23 19:04:54
22/10/23 19:04:54
/home/pi/reginaldojunior/experimentos/socket/loop-fusion-dynamic/all-batches-3//airlines-OzaBagAdwinExecutorMAXChunk-25-4-2000-970
22/10/23 19:42:00
22/10/23 19:42:00
/home/pi/reginaldojunior/experimentos/socket/loop-fusion-dynamic/all-batches-3//airlines-OzaBagASHTExecutorMAXChunk-25-4-2000-4989
22/10/23 19:52:11
22/10/23 19:52:11
/home/pi/reginaldojunior/experimentos/socket/loop-fusion-dynamic/all-batches-3//airlines-OzaBagExecutorMAXChunk-25-4-2000-6220
22/10/23 20:02:28
22/10/23 20:02:28
/home/pi/reginaldojunior/experimentos/socket/loop-fusion-dynamic/all-batches-3//elecNormNew-AdaptiveRandomForestExecutorMAXChunk-25-4-2000-875
22/10/23 20:05:26
22/10/23 20:05:26
/home/pi/reginaldojunior/experimentos/socket/loop-fusion-dynamic/all-batches-3//elecNormNew-LBagExecutorMAXChunk-25-4-2000-1402
22/10/23 20:08:44
22/10/23 20:08:44
/home/pi/reginaldojunior/experimentos/socket/loop-fusion-dynamic/all-batches-3//elecNormNew-StreamingRandomPatchesExecutorMAXChunk-25-4-2000-519
22/10/23 20:15:23
22/10/23 20:15:23
/home/pi/reginaldojunior/experimentos/socket/loop-fusion-dynamic/all-batches-3//elecNormNew-OzaBagAdwinExecutorMAXChunk-25-4-2000-2528
22/10/23 20:16:11
22/10/23 20:16:11
/home/pi/reginaldojunior/experimentos/socket/loop-fusion-dynamic/all-batches-3//elecNormNew-OzaBagASHTExecutorMAXChunk-25-4-2000-4202
22/10/23 20:17:01
22/10/23 20:17:01
/home/pi/reginaldojunior/experimentos/socket/loop-fusion-dynamic/all-batches-3//elecNormNew-OzaBagExecutorMAXChunk-25-4-2000-4042
22/10/23 20:17:47
22/10/23 20:17:47
/home/pi/reginaldojunior/experimentos/socket/loop-fusion-dynamic/all-batches-3//GMSC-AdaptiveRandomForestExecutorMAXChunk-25-4-2000-1801
22/10/23 20:25:55
22/10/23 20:25:55
/home/pi/reginaldojunior/experimentos/socket/loop-fusion-dynamic/all-batches-3//GMSC-LBagExecutorMAXChunk-25-4-2000-2224
22/10/23 20:30:47
22/10/23 20:30:47
/home/pi/reginaldojunior/experimentos/socket/loop-fusion-dynamic/all-batches-3//GMSC-StreamingRandomPatchesExecutorMAXChunk-25-4-2000-974
22/10/23 20:40:12
22/10/23 20:40:12
/home/pi/reginaldojunior/experimentos/socket/loop-fusion-dynamic/all-batches-3//GMSC-OzaBagAdwinExecutorMAXChunk-25-4-2000-4540
22/10/23 20:42:48
22/10/23 20:42:48
/home/pi/reginaldojunior/experimentos/socket/loop-fusion-dynamic/all-batches-3//GMSC-OzaBagASHTExecutorMAXChunk-25-4-2000-8906
22/10/23 20:43:29
22/10/23 20:43:29
/home/pi/reginaldojunior/experimentos/socket/loop-fusion-dynamic/all-batches-3//GMSC-OzaBagExecutorMAXChunk-25-4-2000-8410
22/10/23 20:49:18
