28/11/23 08:38:06
/home/pi/reginaldojunior/experimentos/dynamic-batch/4-test//covtypeNorm-AdaptiveRandomForestExecutorMAXChunk
28/11/23 08:48:20
28/11/23 08:48:20
/home/pi/reginaldojunior/experimentos/dynamic-batch/4-test//covtypeNorm-LBagExecutorMAXChunk
28/11/23 08:58:34
28/11/23 08:58:34
/home/pi/reginaldojunior/experimentos/dynamic-batch/4-test//covtypeNorm-StreamingRandomPatchesExecutorMAXChunk
28/11/23 09:08:47
28/11/23 09:08:47
/home/pi/reginaldojunior/experimentos/dynamic-batch/4-test//covtypeNorm-OzaBagAdwinExecutorMAXChunk
28/11/23 09:19:00
28/11/23 09:19:00
/home/pi/reginaldojunior/experimentos/dynamic-batch/4-test//covtypeNorm-OzaBagASHTExecutorMAXChunk
28/11/23 09:29:14
28/11/23 09:29:14
/home/pi/reginaldojunior/experimentos/dynamic-batch/4-test//covtypeNorm-OzaBagExecutorMAXChunk
28/11/23 09:39:27
28/11/23 09:39:27
/home/pi/reginaldojunior/experimentos/dynamic-batch/4-test//airlines-AdaptiveRandomForestExecutorMAXChunk
28/11/23 09:49:39
28/11/23 09:49:39
/home/pi/reginaldojunior/experimentos/dynamic-batch/4-test//airlines-LBagExecutorMAXChunk
28/11/23 09:59:53
28/11/23 09:59:53
/home/pi/reginaldojunior/experimentos/dynamic-batch/4-test//airlines-StreamingRandomPatchesExecutorMAXChunk
28/11/23 10:10:08
28/11/23 10:10:08
/home/pi/reginaldojunior/experimentos/dynamic-batch/4-test//airlines-OzaBagAdwinExecutorMAXChunk
28/11/23 10:20:23
28/11/23 10:20:23
/home/pi/reginaldojunior/experimentos/dynamic-batch/4-test//airlines-OzaBagASHTExecutorMAXChunk
28/11/23 10:30:36
28/11/23 10:30:36
/home/pi/reginaldojunior/experimentos/dynamic-batch/4-test//airlines-OzaBagExecutorMAXChunk
28/11/23 10:40:50
28/11/23 10:40:50
/home/pi/reginaldojunior/experimentos/dynamic-batch/4-test//elecNormNew-AdaptiveRandomForestExecutorMAXChunk
28/11/23 10:51:03
28/11/23 10:51:03
/home/pi/reginaldojunior/experimentos/dynamic-batch/4-test//elecNormNew-LBagExecutorMAXChunk
28/11/23 11:00:23
28/11/23 11:00:23
/home/pi/reginaldojunior/experimentos/dynamic-batch/4-test//elecNormNew-StreamingRandomPatchesExecutorMAXChunk
28/11/23 11:10:36
28/11/23 11:10:36
/home/pi/reginaldojunior/experimentos/dynamic-batch/4-test//elecNormNew-OzaBagAdwinExecutorMAXChunk
28/11/23 11:14:25
28/11/23 11:14:25
/home/pi/reginaldojunior/experimentos/dynamic-batch/4-test//elecNormNew-OzaBagASHTExecutorMAXChunk
28/11/23 11:17:16
28/11/23 11:17:16
/home/pi/reginaldojunior/experimentos/dynamic-batch/4-test//elecNormNew-OzaBagExecutorMAXChunk
28/11/23 11:22:05
28/11/23 11:22:05
/home/pi/reginaldojunior/experimentos/dynamic-batch/4-test//GMSC-AdaptiveRandomForestExecutorMAXChunk
28/11/23 11:32:18
28/11/23 11:32:18
/home/pi/reginaldojunior/experimentos/dynamic-batch/4-test//GMSC-LBagExecutorMAXChunk
28/11/23 11:42:31
28/11/23 11:42:31
/home/pi/reginaldojunior/experimentos/dynamic-batch/4-test//GMSC-StreamingRandomPatchesExecutorMAXChunk
28/11/23 11:52:44
28/11/23 11:52:44
/home/pi/reginaldojunior/experimentos/dynamic-batch/4-test//GMSC-OzaBagAdwinExecutorMAXChunk
28/11/23 12:02:57
28/11/23 12:02:58
/home/pi/reginaldojunior/experimentos/dynamic-batch/4-test//GMSC-OzaBagASHTExecutorMAXChunk
28/11/23 12:08:25
28/11/23 12:08:25
/home/pi/reginaldojunior/experimentos/dynamic-batch/4-test//GMSC-OzaBagExecutorMAXChunk
28/11/23 12:14:38
28/11/23 12:14:38
