28/10/23 20:02:56
/home/pi/reginaldojunior/experimentos/socket/mb-socket-dynamic/all-batches-4//elecNormNew-AdaptiveRandomForestExecutorMAXChunk-25-4-25-316
28/10/23 20:13:02
28/10/23 20:13:02
/home/pi/reginaldojunior/experimentos/socket/mb-socket-dynamic/all-batches-4//elecNormNew-LBagExecutorMAXChunk-25-4-25-524
28/10/23 20:20:15
28/10/23 20:20:15
/home/pi/reginaldojunior/experimentos/socket/mb-socket-dynamic/all-batches-4//elecNormNew-StreamingRandomPatchesExecutorMAXChunk-25-4-25-169
28/10/23 20:30:20
28/10/23 20:30:20
/home/pi/reginaldojunior/experimentos/socket/mb-socket-dynamic/all-batches-4//elecNormNew-OzaBagAdwinExecutorMAXChunk-25-4-25-1208
28/10/23 20:32:03
28/10/23 20:32:03
/home/pi/reginaldojunior/experimentos/socket/mb-socket-dynamic/all-batches-4//elecNormNew-OzaBagASHTExecutorMAXChunk-25-4-25-1496
28/10/23 20:34:06
28/10/23 20:34:06
/home/pi/reginaldojunior/experimentos/socket/mb-socket-dynamic/all-batches-4//elecNormNew-OzaBagExecutorMAXChunk-25-4-25-1664
28/10/23 20:35:05
28/10/23 20:35:05
/home/pi/reginaldojunior/experimentos/socket/mb-socket-dynamic/all-batches-4//covtypeNorm-AdaptiveRandomForestExecutorMAXChunk-25-4-25-207
28/10/23 20:45:11
28/10/23 20:45:11
/home/pi/reginaldojunior/experimentos/socket/mb-socket-dynamic/all-batches-4//covtypeNorm-LBagExecutorMAXChunk-25-4-25-150
28/10/23 20:55:18
28/10/23 20:55:18
/home/pi/reginaldojunior/experimentos/socket/mb-socket-dynamic/all-batches-4//covtypeNorm-StreamingRandomPatchesExecutorMAXChunk-25-4-25-68
28/10/23 21:05:24
28/10/23 21:05:24
/home/pi/reginaldojunior/experimentos/socket/mb-socket-dynamic/all-batches-4//covtypeNorm-OzaBagAdwinExecutorMAXChunk-25-4-25-283
28/10/23 21:15:30
28/10/23 21:15:30
/home/pi/reginaldojunior/experimentos/socket/mb-socket-dynamic/all-batches-4//covtypeNorm-OzaBagASHTExecutorMAXChunk-25-4-25-251
28/10/23 21:25:37
28/10/23 21:25:37
/home/pi/reginaldojunior/experimentos/socket/mb-socket-dynamic/all-batches-4//covtypeNorm-OzaBagExecutorMAXChunk-25-4-25-288
28/10/23 21:35:43
28/10/23 21:35:43
/home/pi/reginaldojunior/experimentos/socket/mb-socket-dynamic/all-batches-4//airlines-AdaptiveRandomForestExecutorMAXChunk-25-4-25-66
28/10/23 21:45:49
28/10/23 21:45:49
/home/pi/reginaldojunior/experimentos/socket/mb-socket-dynamic/all-batches-4//airlines-LBagExecutorMAXChunk-25-4-25-46
28/10/23 21:55:55
28/10/23 21:55:55
/home/pi/reginaldojunior/experimentos/socket/mb-socket-dynamic/all-batches-4//airlines-StreamingRandomPatchesExecutorMAXChunk-25-4-25-69
28/10/23 22:06:00
28/10/23 22:06:00
/home/pi/reginaldojunior/experimentos/socket/mb-socket-dynamic/all-batches-4//airlines-OzaBagAdwinExecutorMAXChunk-25-4-25-170
28/10/23 22:16:07
28/10/23 22:16:07
/home/pi/reginaldojunior/experimentos/socket/mb-socket-dynamic/all-batches-4//airlines-OzaBagASHTExecutorMAXChunk-25-4-25-177
28/10/23 22:26:14
28/10/23 22:26:14
/home/pi/reginaldojunior/experimentos/socket/mb-socket-dynamic/all-batches-4//airlines-OzaBagExecutorMAXChunk-25-4-25-170
28/10/23 22:36:22
28/10/23 22:36:22
/home/pi/reginaldojunior/experimentos/socket/mb-socket-dynamic/all-batches-4//GMSC-AdaptiveRandomForestExecutorMAXChunk-25-4-25-540
28/10/23 22:46:28
28/10/23 22:46:28
/home/pi/reginaldojunior/experimentos/socket/mb-socket-dynamic/all-batches-4//GMSC-LBagExecutorMAXChunk-25-4-25-716
28/10/23 22:56:34
28/10/23 22:56:34
/home/pi/reginaldojunior/experimentos/socket/mb-socket-dynamic/all-batches-4//GMSC-StreamingRandomPatchesExecutorMAXChunk-25-4-25-295
28/10/23 23:06:39
28/10/23 23:06:39
/home/pi/reginaldojunior/experimentos/socket/mb-socket-dynamic/all-batches-4//GMSC-OzaBagAdwinExecutorMAXChunk-25-4-25-1709
28/10/23 23:10:19
28/10/23 23:10:19
/home/pi/reginaldojunior/experimentos/socket/mb-socket-dynamic/all-batches-4//GMSC-OzaBagASHTExecutorMAXChunk-25-4-25-2263
28/10/23 23:12:56
28/10/23 23:12:56
/home/pi/reginaldojunior/experimentos/socket/mb-socket-dynamic/all-batches-4//GMSC-OzaBagExecutorMAXChunk-25-4-25-2260
28/10/23 23:18:21
28/10/23 23:18:21
/home/pi/reginaldojunior/experimentos/socket/mb-socket-dynamic/all-batches-4//elecNormNew-AdaptiveRandomForestExecutorMAXChunk-25-4-50-316
28/10/23 23:28:27
28/10/23 23:28:27
/home/pi/reginaldojunior/experimentos/socket/mb-socket-dynamic/all-batches-4//elecNormNew-LBagExecutorMAXChunk-25-4-50-524
28/10/23 23:35:04
28/10/23 23:35:04
/home/pi/reginaldojunior/experimentos/socket/mb-socket-dynamic/all-batches-4//elecNormNew-StreamingRandomPatchesExecutorMAXChunk-25-4-50-169
28/10/23 23:45:10
28/10/23 23:45:10
/home/pi/reginaldojunior/experimentos/socket/mb-socket-dynamic/all-batches-4//elecNormNew-OzaBagAdwinExecutorMAXChunk-25-4-50-1208
28/10/23 23:47:00
28/10/23 23:47:00
/home/pi/reginaldojunior/experimentos/socket/mb-socket-dynamic/all-batches-4//elecNormNew-OzaBagASHTExecutorMAXChunk-25-4-50-1496
28/10/23 23:49:19
28/10/23 23:49:19
/home/pi/reginaldojunior/experimentos/socket/mb-socket-dynamic/all-batches-4//elecNormNew-OzaBagExecutorMAXChunk-25-4-50-1664
28/10/23 23:50:24
28/10/23 23:50:24
/home/pi/reginaldojunior/experimentos/socket/mb-socket-dynamic/all-batches-4//covtypeNorm-AdaptiveRandomForestExecutorMAXChunk-25-4-50-207
29/10/23 00:00:29
29/10/23 00:00:29
/home/pi/reginaldojunior/experimentos/socket/mb-socket-dynamic/all-batches-4//covtypeNorm-LBagExecutorMAXChunk-25-4-50-150
29/10/23 00:10:36
29/10/23 00:10:36
/home/pi/reginaldojunior/experimentos/socket/mb-socket-dynamic/all-batches-4//covtypeNorm-StreamingRandomPatchesExecutorMAXChunk-25-4-50-68
29/10/23 00:20:41
29/10/23 00:20:41
/home/pi/reginaldojunior/experimentos/socket/mb-socket-dynamic/all-batches-4//covtypeNorm-OzaBagAdwinExecutorMAXChunk-25-4-50-283
29/10/23 00:30:48
29/10/23 00:30:48
/home/pi/reginaldojunior/experimentos/socket/mb-socket-dynamic/all-batches-4//covtypeNorm-OzaBagASHTExecutorMAXChunk-25-4-50-251
29/10/23 00:40:54
29/10/23 00:40:54
/home/pi/reginaldojunior/experimentos/socket/mb-socket-dynamic/all-batches-4//covtypeNorm-OzaBagExecutorMAXChunk-25-4-50-288
29/10/23 00:51:00
29/10/23 00:51:00
/home/pi/reginaldojunior/experimentos/socket/mb-socket-dynamic/all-batches-4//airlines-AdaptiveRandomForestExecutorMAXChunk-25-4-50-66
29/10/23 01:01:06
29/10/23 01:01:06
/home/pi/reginaldojunior/experimentos/socket/mb-socket-dynamic/all-batches-4//airlines-LBagExecutorMAXChunk-25-4-50-46
29/10/23 01:11:13
29/10/23 01:11:13
/home/pi/reginaldojunior/experimentos/socket/mb-socket-dynamic/all-batches-4//airlines-StreamingRandomPatchesExecutorMAXChunk-25-4-50-69
29/10/23 01:21:19
29/10/23 01:21:19
/home/pi/reginaldojunior/experimentos/socket/mb-socket-dynamic/all-batches-4//airlines-OzaBagAdwinExecutorMAXChunk-25-4-50-170
29/10/23 01:31:25
29/10/23 01:31:25
/home/pi/reginaldojunior/experimentos/socket/mb-socket-dynamic/all-batches-4//airlines-OzaBagASHTExecutorMAXChunk-25-4-50-177
29/10/23 01:41:32
29/10/23 01:41:32
/home/pi/reginaldojunior/experimentos/socket/mb-socket-dynamic/all-batches-4//airlines-OzaBagExecutorMAXChunk-25-4-50-170
29/10/23 01:51:39
29/10/23 01:51:39
/home/pi/reginaldojunior/experimentos/socket/mb-socket-dynamic/all-batches-4//GMSC-AdaptiveRandomForestExecutorMAXChunk-25-4-50-540
29/10/23 02:01:45
29/10/23 02:01:45
/home/pi/reginaldojunior/experimentos/socket/mb-socket-dynamic/all-batches-4//GMSC-LBagExecutorMAXChunk-25-4-50-716
29/10/23 02:11:51
29/10/23 02:11:51
/home/pi/reginaldojunior/experimentos/socket/mb-socket-dynamic/all-batches-4//GMSC-StreamingRandomPatchesExecutorMAXChunk-25-4-50-295
29/10/23 02:21:57
29/10/23 02:21:57
/home/pi/reginaldojunior/experimentos/socket/mb-socket-dynamic/all-batches-4//GMSC-OzaBagAdwinExecutorMAXChunk-25-4-50-1709
29/10/23 02:26:51
29/10/23 02:26:51
/home/pi/reginaldojunior/experimentos/socket/mb-socket-dynamic/all-batches-4//GMSC-OzaBagASHTExecutorMAXChunk-25-4-50-2263
29/10/23 02:34:00
29/10/23 02:34:00
/home/pi/reginaldojunior/experimentos/socket/mb-socket-dynamic/all-batches-4//GMSC-OzaBagExecutorMAXChunk-25-4-50-2260
29/10/23 02:38:26
29/10/23 02:38:26
/home/pi/reginaldojunior/experimentos/socket/mb-socket-dynamic/all-batches-4//elecNormNew-AdaptiveRandomForestExecutorMAXChunk-25-4-500-316
29/10/23 02:48:32
29/10/23 02:48:32
/home/pi/reginaldojunior/experimentos/socket/mb-socket-dynamic/all-batches-4//elecNormNew-LBagExecutorMAXChunk-25-4-500-524
29/10/23 02:54:27
29/10/23 02:54:27
/home/pi/reginaldojunior/experimentos/socket/mb-socket-dynamic/all-batches-4//elecNormNew-StreamingRandomPatchesExecutorMAXChunk-25-4-500-169
29/10/23 03:04:33
29/10/23 03:04:33
/home/pi/reginaldojunior/experimentos/socket/mb-socket-dynamic/all-batches-4//elecNormNew-OzaBagAdwinExecutorMAXChunk-25-4-500-1208
29/10/23 03:06:25
29/10/23 03:06:25
/home/pi/reginaldojunior/experimentos/socket/mb-socket-dynamic/all-batches-4//elecNormNew-OzaBagASHTExecutorMAXChunk-25-4-500-1496
29/10/23 03:09:15
29/10/23 03:09:15
/home/pi/reginaldojunior/experimentos/socket/mb-socket-dynamic/all-batches-4//elecNormNew-OzaBagExecutorMAXChunk-25-4-500-1664
29/10/23 03:12:16
29/10/23 03:12:16
/home/pi/reginaldojunior/experimentos/socket/mb-socket-dynamic/all-batches-4//covtypeNorm-AdaptiveRandomForestExecutorMAXChunk-25-4-500-207
29/10/23 03:22:22
29/10/23 03:22:22
/home/pi/reginaldojunior/experimentos/socket/mb-socket-dynamic/all-batches-4//covtypeNorm-LBagExecutorMAXChunk-25-4-500-150
29/10/23 03:32:29
29/10/23 03:32:29
/home/pi/reginaldojunior/experimentos/socket/mb-socket-dynamic/all-batches-4//covtypeNorm-StreamingRandomPatchesExecutorMAXChunk-25-4-500-68
29/10/23 03:42:34
29/10/23 03:42:34
/home/pi/reginaldojunior/experimentos/socket/mb-socket-dynamic/all-batches-4//covtypeNorm-OzaBagAdwinExecutorMAXChunk-25-4-500-283
29/10/23 03:52:41
29/10/23 03:52:41
/home/pi/reginaldojunior/experimentos/socket/mb-socket-dynamic/all-batches-4//covtypeNorm-OzaBagASHTExecutorMAXChunk-25-4-500-251
29/10/23 04:02:48
29/10/23 04:02:48
/home/pi/reginaldojunior/experimentos/socket/mb-socket-dynamic/all-batches-4//covtypeNorm-OzaBagExecutorMAXChunk-25-4-500-288
29/10/23 04:12:54
29/10/23 04:12:54
/home/pi/reginaldojunior/experimentos/socket/mb-socket-dynamic/all-batches-4//airlines-AdaptiveRandomForestExecutorMAXChunk-25-4-500-66
29/10/23 04:23:03
29/10/23 04:23:03
/home/pi/reginaldojunior/experimentos/socket/mb-socket-dynamic/all-batches-4//airlines-LBagExecutorMAXChunk-25-4-500-46
29/10/23 04:33:13
29/10/23 04:33:13
/home/pi/reginaldojunior/experimentos/socket/mb-socket-dynamic/all-batches-4//airlines-StreamingRandomPatchesExecutorMAXChunk-25-4-500-69
29/10/23 04:43:21
29/10/23 04:43:21
/home/pi/reginaldojunior/experimentos/socket/mb-socket-dynamic/all-batches-4//airlines-OzaBagAdwinExecutorMAXChunk-25-4-500-170
29/10/23 04:53:28
29/10/23 04:53:28
/home/pi/reginaldojunior/experimentos/socket/mb-socket-dynamic/all-batches-4//airlines-OzaBagASHTExecutorMAXChunk-25-4-500-177
29/10/23 05:03:37
29/10/23 05:03:37
/home/pi/reginaldojunior/experimentos/socket/mb-socket-dynamic/all-batches-4//airlines-OzaBagExecutorMAXChunk-25-4-500-170
29/10/23 05:13:48
29/10/23 05:13:48
/home/pi/reginaldojunior/experimentos/socket/mb-socket-dynamic/all-batches-4//GMSC-AdaptiveRandomForestExecutorMAXChunk-25-4-500-540
29/10/23 05:23:54
29/10/23 05:23:54
/home/pi/reginaldojunior/experimentos/socket/mb-socket-dynamic/all-batches-4//GMSC-LBagExecutorMAXChunk-25-4-500-716
29/10/23 05:34:00
29/10/23 05:34:00
/home/pi/reginaldojunior/experimentos/socket/mb-socket-dynamic/all-batches-4//GMSC-StreamingRandomPatchesExecutorMAXChunk-25-4-500-295
29/10/23 05:44:06
29/10/23 05:44:06
/home/pi/reginaldojunior/experimentos/socket/mb-socket-dynamic/all-batches-4//GMSC-OzaBagAdwinExecutorMAXChunk-25-4-500-1709
29/10/23 05:51:30
29/10/23 05:51:30
/home/pi/reginaldojunior/experimentos/socket/mb-socket-dynamic/all-batches-4//GMSC-OzaBagASHTExecutorMAXChunk-25-4-500-2263
29/10/23 05:54:34
29/10/23 05:54:34
/home/pi/reginaldojunior/experimentos/socket/mb-socket-dynamic/all-batches-4//GMSC-OzaBagExecutorMAXChunk-25-4-500-2260
29/10/23 06:00:09
29/10/23 06:00:09
/home/pi/reginaldojunior/experimentos/socket/mb-socket-dynamic/all-batches-4//elecNormNew-AdaptiveRandomForestExecutorMAXChunk-25-4-2000-316
29/10/23 06:10:15
29/10/23 06:10:15
/home/pi/reginaldojunior/experimentos/socket/mb-socket-dynamic/all-batches-4//elecNormNew-LBagExecutorMAXChunk-25-4-2000-524
29/10/23 06:17:57
29/10/23 06:17:57
/home/pi/reginaldojunior/experimentos/socket/mb-socket-dynamic/all-batches-4//elecNormNew-StreamingRandomPatchesExecutorMAXChunk-25-4-2000-169
29/10/23 06:28:05
29/10/23 06:28:05
/home/pi/reginaldojunior/experimentos/socket/mb-socket-dynamic/all-batches-4//elecNormNew-OzaBagAdwinExecutorMAXChunk-25-4-2000-1208
29/10/23 06:32:32
29/10/23 06:32:32
/home/pi/reginaldojunior/experimentos/socket/mb-socket-dynamic/all-batches-4//elecNormNew-OzaBagASHTExecutorMAXChunk-25-4-2000-1496
29/10/23 06:34:06
29/10/23 06:34:06
/home/pi/reginaldojunior/experimentos/socket/mb-socket-dynamic/all-batches-4//elecNormNew-OzaBagExecutorMAXChunk-25-4-2000-1664
29/10/23 06:36:06
29/10/23 06:36:06
/home/pi/reginaldojunior/experimentos/socket/mb-socket-dynamic/all-batches-4//covtypeNorm-AdaptiveRandomForestExecutorMAXChunk-25-4-2000-207
29/10/23 06:46:12
29/10/23 06:46:12
/home/pi/reginaldojunior/experimentos/socket/mb-socket-dynamic/all-batches-4//covtypeNorm-LBagExecutorMAXChunk-25-4-2000-150
29/10/23 06:56:20
29/10/23 06:56:20
/home/pi/reginaldojunior/experimentos/socket/mb-socket-dynamic/all-batches-4//covtypeNorm-StreamingRandomPatchesExecutorMAXChunk-25-4-2000-68
29/10/23 07:06:31
29/10/23 07:06:31
/home/pi/reginaldojunior/experimentos/socket/mb-socket-dynamic/all-batches-4//covtypeNorm-OzaBagAdwinExecutorMAXChunk-25-4-2000-283
29/10/23 07:16:38
29/10/23 07:16:38
/home/pi/reginaldojunior/experimentos/socket/mb-socket-dynamic/all-batches-4//covtypeNorm-OzaBagASHTExecutorMAXChunk-25-4-2000-251
29/10/23 07:26:45
29/10/23 07:26:45
/home/pi/reginaldojunior/experimentos/socket/mb-socket-dynamic/all-batches-4//covtypeNorm-OzaBagExecutorMAXChunk-25-4-2000-288
29/10/23 07:36:51
29/10/23 07:36:51
/home/pi/reginaldojunior/experimentos/socket/mb-socket-dynamic/all-batches-4//airlines-AdaptiveRandomForestExecutorMAXChunk-25-4-2000-66
29/10/23 07:47:18
29/10/23 07:47:18
/home/pi/reginaldojunior/experimentos/socket/mb-socket-dynamic/all-batches-4//airlines-LBagExecutorMAXChunk-25-4-2000-46
29/10/23 07:59:47
29/10/23 07:59:47
/home/pi/reginaldojunior/experimentos/socket/mb-socket-dynamic/all-batches-4//airlines-StreamingRandomPatchesExecutorMAXChunk-25-4-2000-69
29/10/23 08:10:08
29/10/23 08:10:08
/home/pi/reginaldojunior/experimentos/socket/mb-socket-dynamic/all-batches-4//airlines-OzaBagAdwinExecutorMAXChunk-25-4-2000-170
29/10/23 08:20:25
29/10/23 08:20:25
/home/pi/reginaldojunior/experimentos/socket/mb-socket-dynamic/all-batches-4//airlines-OzaBagASHTExecutorMAXChunk-25-4-2000-177
29/10/23 08:30:33
29/10/23 08:30:33
/home/pi/reginaldojunior/experimentos/socket/mb-socket-dynamic/all-batches-4//airlines-OzaBagExecutorMAXChunk-25-4-2000-170
29/10/23 08:40:44
29/10/23 08:40:44
/home/pi/reginaldojunior/experimentos/socket/mb-socket-dynamic/all-batches-4//GMSC-AdaptiveRandomForestExecutorMAXChunk-25-4-2000-540
29/10/23 08:50:50
29/10/23 08:50:50
/home/pi/reginaldojunior/experimentos/socket/mb-socket-dynamic/all-batches-4//GMSC-LBagExecutorMAXChunk-25-4-2000-716
29/10/23 09:00:57
29/10/23 09:00:57
/home/pi/reginaldojunior/experimentos/socket/mb-socket-dynamic/all-batches-4//GMSC-StreamingRandomPatchesExecutorMAXChunk-25-4-2000-295
29/10/23 09:11:05
29/10/23 09:11:05
/home/pi/reginaldojunior/experimentos/socket/mb-socket-dynamic/all-batches-4//GMSC-OzaBagAdwinExecutorMAXChunk-25-4-2000-1709
29/10/23 09:17:08
29/10/23 09:17:08
/home/pi/reginaldojunior/experimentos/socket/mb-socket-dynamic/all-batches-4//GMSC-OzaBagASHTExecutorMAXChunk-25-4-2000-2263
29/10/23 09:21:19
29/10/23 09:21:19
/home/pi/reginaldojunior/experimentos/socket/mb-socket-dynamic/all-batches-4//GMSC-OzaBagExecutorMAXChunk-25-4-2000-2260
29/10/23 09:26:59
