06/03/22 17:43:44
/home/pi/reginaldojunior/experimentos/results/socket/600/1200/elecNormNew-AdaptiveRandomForestExecutorMAXChunk-25-4-25-68
06/03/22 17:45:49
06/03/22 17:45:49
/home/pi/reginaldojunior/experimentos/results/socket/600/1200/elecNormNew-AdaptiveRandomForestExecutorMAXChunk-25-4-25-344
06/03/22 17:47:54
06/03/22 17:47:54
/home/pi/reginaldojunior/experimentos/results/socket/600/1200/elecNormNew-AdaptiveRandomForestExecutorMAXChunk-25-4-25-619
06/03/22 17:49:12
06/03/22 17:49:12
/home/pi/reginaldojunior/experimentos/results/socket/600/1200/elecNormNew-LBagExecutorMAXChunk-25-4-25-108
06/03/22 17:51:19
06/03/22 17:51:19
/home/pi/reginaldojunior/experimentos/results/socket/600/1200/elecNormNew-LBagExecutorMAXChunk-25-4-25-542
06/03/22 17:52:49
06/03/22 17:52:49
/home/pi/reginaldojunior/experimentos/results/socket/600/1200/elecNormNew-LBagExecutorMAXChunk-25-4-25-976
06/03/22 17:53:42
06/03/22 17:53:42
/home/pi/reginaldojunior/experimentos/results/socket/600/1200/elecNormNew-StreamingRandomPatchesExecutorMAXChunk-25-4-25-36
06/03/22 17:55:47
06/03/22 17:55:47
/home/pi/reginaldojunior/experimentos/results/socket/600/1200/elecNormNew-StreamingRandomPatchesExecutorMAXChunk-25-4-25-184
06/03/22 17:57:51
06/03/22 17:57:51
/home/pi/reginaldojunior/experimentos/results/socket/600/1200/elecNormNew-StreamingRandomPatchesExecutorMAXChunk-25-4-25-332
06/03/22 17:59:57
06/03/22 17:59:57
/home/pi/reginaldojunior/experimentos/results/socket/600/1200/elecNormNew-OzaBagAdwinExecutorMAXChunk-25-4-25-183
06/03/22 18:02:03
06/03/22 18:02:03
/home/pi/reginaldojunior/experimentos/results/socket/600/1200/elecNormNew-OzaBagAdwinExecutorMAXChunk-25-4-25-917
06/03/22 18:03:00
06/03/22 18:03:00
/home/pi/reginaldojunior/experimentos/results/socket/600/1200/elecNormNew-OzaBagAdwinExecutorMAXChunk-25-4-25-1652
06/03/22 18:03:33
06/03/22 18:03:33
/home/pi/reginaldojunior/experimentos/results/socket/600/1200/elecNormNew-OzaBagASHTExecutorMAXChunk-25-4-25-255
06/03/22 18:05:40
06/03/22 18:05:40
/home/pi/reginaldojunior/experimentos/results/socket/600/1200/elecNormNew-OzaBagASHTExecutorMAXChunk-25-4-25-1279
06/03/22 18:06:21
06/03/22 18:06:21
/home/pi/reginaldojunior/experimentos/results/socket/600/1200/elecNormNew-OzaBagASHTExecutorMAXChunk-25-4-25-2303
06/03/22 18:06:48
06/03/22 18:06:48
/home/pi/reginaldojunior/experimentos/results/socket/600/1200/elecNormNew-OzaBagExecutorMAXChunk-25-4-25-258
06/03/22 18:08:54
06/03/22 18:08:54
/home/pi/reginaldojunior/experimentos/results/socket/600/1200/elecNormNew-OzaBagExecutorMAXChunk-25-4-25-1293
06/03/22 18:09:36
06/03/22 18:09:36
/home/pi/reginaldojunior/experimentos/results/socket/600/1200/elecNormNew-OzaBagExecutorMAXChunk-25-4-25-2328
06/03/22 18:10:01
06/03/22 18:10:01
/home/pi/reginaldojunior/experimentos/results/socket/600/1200/airlines-AdaptiveRandomForestExecutorMAXChunk-25-4-25-18
06/03/22 18:12:06
06/03/22 18:12:06
/home/pi/reginaldojunior/experimentos/results/socket/600/1200/airlines-AdaptiveRandomForestExecutorMAXChunk-25-4-25-94
06/03/22 18:14:11
06/03/22 18:14:11
/home/pi/reginaldojunior/experimentos/results/socket/600/1200/airlines-AdaptiveRandomForestExecutorMAXChunk-25-4-25-170
06/03/22 18:16:17
06/03/22 18:16:17
/home/pi/reginaldojunior/experimentos/results/socket/600/1200/airlines-LBagExecutorMAXChunk-25-4-25-17
06/03/22 18:18:23
06/03/22 18:18:23
/home/pi/reginaldojunior/experimentos/results/socket/600/1200/airlines-LBagExecutorMAXChunk-25-4-25-87
06/03/22 18:20:29
06/03/22 18:20:29
/home/pi/reginaldojunior/experimentos/results/socket/600/1200/airlines-LBagExecutorMAXChunk-25-4-25-156
06/03/22 18:22:35
06/03/22 18:22:35
/home/pi/reginaldojunior/experimentos/results/socket/600/1200/airlines-StreamingRandomPatchesExecutorMAXChunk-25-4-25-17
06/03/22 18:24:40
06/03/22 18:24:40
/home/pi/reginaldojunior/experimentos/results/socket/600/1200/airlines-StreamingRandomPatchesExecutorMAXChunk-25-4-25-85
06/03/22 18:26:45
06/03/22 18:26:45
/home/pi/reginaldojunior/experimentos/results/socket/600/1200/airlines-StreamingRandomPatchesExecutorMAXChunk-25-4-25-153
06/03/22 18:28:51
06/03/22 18:28:51
/home/pi/reginaldojunior/experimentos/results/socket/600/1200/airlines-OzaBagAdwinExecutorMAXChunk-25-4-25-56
06/03/22 18:30:58
06/03/22 18:30:58
/home/pi/reginaldojunior/experimentos/results/socket/600/1200/airlines-OzaBagAdwinExecutorMAXChunk-25-4-25-283
06/03/22 18:33:04
06/03/22 18:33:04
/home/pi/reginaldojunior/experimentos/results/socket/600/1200/airlines-OzaBagAdwinExecutorMAXChunk-25-4-25-509
06/03/22 18:35:10
06/03/22 18:35:10
/home/pi/reginaldojunior/experimentos/results/socket/600/1200/airlines-OzaBagASHTExecutorMAXChunk-25-4-25-133
06/03/22 18:37:17
06/03/22 18:37:17
/home/pi/reginaldojunior/experimentos/results/socket/600/1200/airlines-OzaBagASHTExecutorMAXChunk-25-4-25-668
06/03/22 18:39:25
06/03/22 18:39:25
/home/pi/reginaldojunior/experimentos/results/socket/600/1200/airlines-OzaBagASHTExecutorMAXChunk-25-4-25-1203
06/03/22 18:41:32
06/03/22 18:41:32
/home/pi/reginaldojunior/experimentos/results/socket/600/1200/airlines-OzaBagExecutorMAXChunk-25-4-25-173
06/03/22 18:43:38
06/03/22 18:43:38
/home/pi/reginaldojunior/experimentos/results/socket/600/1200/airlines-OzaBagExecutorMAXChunk-25-4-25-865
06/03/22 18:45:47
06/03/22 18:45:47
/home/pi/reginaldojunior/experimentos/results/socket/600/1200/airlines-OzaBagExecutorMAXChunk-25-4-25-1558
06/03/22 18:47:56
06/03/22 18:47:56
/home/pi/reginaldojunior/experimentos/results/socket/600/1200/covtypeNorm-AdaptiveRandomForestExecutorMAXChunk-25-4-25-55
06/03/22 18:50:00
06/03/22 18:50:00
/home/pi/reginaldojunior/experimentos/results/socket/600/1200/covtypeNorm-AdaptiveRandomForestExecutorMAXChunk-25-4-25-277
06/03/22 18:52:05
06/03/22 18:52:05
/home/pi/reginaldojunior/experimentos/results/socket/600/1200/covtypeNorm-AdaptiveRandomForestExecutorMAXChunk-25-4-25-499
06/03/22 18:54:10
06/03/22 18:54:10
/home/pi/reginaldojunior/experimentos/results/socket/600/1200/covtypeNorm-LBagExecutorMAXChunk-25-4-25-37
06/03/22 18:56:16
06/03/22 18:56:16
/home/pi/reginaldojunior/experimentos/results/socket/600/1200/covtypeNorm-LBagExecutorMAXChunk-25-4-25-189
06/03/22 18:58:23
06/03/22 18:58:23
/home/pi/reginaldojunior/experimentos/results/socket/600/1200/covtypeNorm-LBagExecutorMAXChunk-25-4-25-340
06/03/22 19:00:29
06/03/22 19:00:29
/home/pi/reginaldojunior/experimentos/results/socket/600/1200/covtypeNorm-StreamingRandomPatchesExecutorMAXChunk-25-4-25-12
06/03/22 19:02:34
06/03/22 19:02:34
/home/pi/reginaldojunior/experimentos/results/socket/600/1200/covtypeNorm-StreamingRandomPatchesExecutorMAXChunk-25-4-25-63
06/03/22 19:04:40
06/03/22 19:04:40
/home/pi/reginaldojunior/experimentos/results/socket/600/1200/covtypeNorm-StreamingRandomPatchesExecutorMAXChunk-25-4-25-114
06/03/22 19:06:45
06/03/22 19:06:45
/home/pi/reginaldojunior/experimentos/results/socket/600/1200/covtypeNorm-OzaBagAdwinExecutorMAXChunk-25-4-25-52
06/03/22 19:08:51
06/03/22 19:08:51
/home/pi/reginaldojunior/experimentos/results/socket/600/1200/covtypeNorm-OzaBagAdwinExecutorMAXChunk-25-4-25-262
06/03/22 19:10:58
06/03/22 19:10:58
/home/pi/reginaldojunior/experimentos/results/socket/600/1200/covtypeNorm-OzaBagAdwinExecutorMAXChunk-25-4-25-472
06/03/22 19:13:05
06/03/22 19:13:05
/home/pi/reginaldojunior/experimentos/results/socket/600/1200/covtypeNorm-OzaBagASHTExecutorMAXChunk-25-4-25-63
06/03/22 19:15:11
06/03/22 19:15:11
/home/pi/reginaldojunior/experimentos/results/socket/600/1200/covtypeNorm-OzaBagASHTExecutorMAXChunk-25-4-25-319
06/03/22 19:17:18
06/03/22 19:17:18
/home/pi/reginaldojunior/experimentos/results/socket/600/1200/covtypeNorm-OzaBagASHTExecutorMAXChunk-25-4-25-575
06/03/22 19:19:25
06/03/22 19:19:25
/home/pi/reginaldojunior/experimentos/results/socket/600/1200/covtypeNorm-OzaBagExecutorMAXChunk-25-4-25-66
06/03/22 19:21:31
06/03/22 19:21:31
/home/pi/reginaldojunior/experimentos/results/socket/600/1200/covtypeNorm-OzaBagExecutorMAXChunk-25-4-25-330
06/03/22 19:23:38
06/03/22 19:23:38
/home/pi/reginaldojunior/experimentos/results/socket/600/1200/covtypeNorm-OzaBagExecutorMAXChunk-25-4-25-595
06/03/22 19:25:44
06/03/22 19:25:44
/home/pi/reginaldojunior/experimentos/results/socket/600/1200/GMSC-AdaptiveRandomForestExecutorMAXChunk-25-4-25-119
06/03/22 19:27:49
06/03/22 19:27:49
/home/pi/reginaldojunior/experimentos/results/socket/600/1200/GMSC-AdaptiveRandomForestExecutorMAXChunk-25-4-25-595
06/03/22 19:29:54
06/03/22 19:29:54
/home/pi/reginaldojunior/experimentos/results/socket/600/1200/GMSC-AdaptiveRandomForestExecutorMAXChunk-25-4-25-1071
06/03/22 19:31:59
06/03/22 19:31:59
/home/pi/reginaldojunior/experimentos/results/socket/600/1200/GMSC-LBagExecutorMAXChunk-25-4-25-149
06/03/22 19:34:05
06/03/22 19:34:05
/home/pi/reginaldojunior/experimentos/results/socket/600/1200/GMSC-LBagExecutorMAXChunk-25-4-25-746
06/03/22 19:36:12
06/03/22 19:36:12
/home/pi/reginaldojunior/experimentos/results/socket/600/1200/GMSC-LBagExecutorMAXChunk-25-4-25-1343
06/03/22 19:38:10
06/03/22 19:38:11
/home/pi/reginaldojunior/experimentos/results/socket/600/1200/GMSC-StreamingRandomPatchesExecutorMAXChunk-25-4-25-67
06/03/22 19:40:15
06/03/22 19:40:15
/home/pi/reginaldojunior/experimentos/results/socket/600/1200/GMSC-StreamingRandomPatchesExecutorMAXChunk-25-4-25-336
06/03/22 19:42:20
06/03/22 19:42:20
/home/pi/reginaldojunior/experimentos/results/socket/600/1200/GMSC-StreamingRandomPatchesExecutorMAXChunk-25-4-25-605
06/03/22 19:44:25
06/03/22 19:44:25
/home/pi/reginaldojunior/experimentos/results/socket/600/1200/GMSC-OzaBagAdwinExecutorMAXChunk-25-4-25-269
06/03/22 19:46:32
06/03/22 19:46:32
/home/pi/reginaldojunior/experimentos/results/socket/600/1200/GMSC-OzaBagAdwinExecutorMAXChunk-25-4-25-1349
06/03/22 19:48:30
06/03/22 19:48:30
/home/pi/reginaldojunior/experimentos/results/socket/600/1200/GMSC-OzaBagAdwinExecutorMAXChunk-25-4-25-2428
06/03/22 19:49:39
06/03/22 19:49:39
/home/pi/reginaldojunior/experimentos/results/socket/600/1200/GMSC-OzaBagASHTExecutorMAXChunk-25-4-25-367
06/03/22 19:51:45
06/03/22 19:51:45
/home/pi/reginaldojunior/experimentos/results/socket/600/1200/GMSC-OzaBagASHTExecutorMAXChunk-25-4-25-1838
06/03/22 19:53:14
06/03/22 19:53:14
/home/pi/reginaldojunior/experimentos/results/socket/600/1200/GMSC-OzaBagASHTExecutorMAXChunk-25-4-25-3308
06/03/22 19:54:05
06/03/22 19:54:05
/home/pi/reginaldojunior/experimentos/results/socket/600/1200/GMSC-OzaBagExecutorMAXChunk-25-4-25-345
06/03/22 19:56:12
06/03/22 19:56:12
/home/pi/reginaldojunior/experimentos/results/socket/600/1200/GMSC-OzaBagExecutorMAXChunk-25-4-25-1728
06/03/22 19:57:45
06/03/22 19:57:45
/home/pi/reginaldojunior/experimentos/results/socket/600/1200/GMSC-OzaBagExecutorMAXChunk-25-4-25-3111
06/03/22 19:58:40
06/03/22 19:58:40
/home/pi/reginaldojunior/experimentos/results/socket/600/1200/elecNormNew-AdaptiveRandomForestExecutorMAXChunk-25-4-50-77
06/03/22 20:00:45
06/03/22 20:00:45
/home/pi/reginaldojunior/experimentos/results/socket/600/1200/elecNormNew-AdaptiveRandomForestExecutorMAXChunk-25-4-50-386
06/03/22 20:02:48
06/03/22 20:02:48
/home/pi/reginaldojunior/experimentos/results/socket/600/1200/elecNormNew-AdaptiveRandomForestExecutorMAXChunk-25-4-50-694
06/03/22 20:03:59
06/03/22 20:03:59
/home/pi/reginaldojunior/experimentos/results/socket/600/1200/elecNormNew-LBagExecutorMAXChunk-25-4-50-113
06/03/22 20:06:05
06/03/22 20:06:06
/home/pi/reginaldojunior/experimentos/results/socket/600/1200/elecNormNew-LBagExecutorMAXChunk-25-4-50-565
06/03/22 20:07:32
06/03/22 20:07:32
/home/pi/reginaldojunior/experimentos/results/socket/600/1200/elecNormNew-LBagExecutorMAXChunk-25-4-50-1017
06/03/22 20:08:24
06/03/22 20:08:24
/home/pi/reginaldojunior/experimentos/results/socket/600/1200/elecNormNew-StreamingRandomPatchesExecutorMAXChunk-25-4-50-39
06/03/22 20:10:28
06/03/22 20:10:28
/home/pi/reginaldojunior/experimentos/results/socket/600/1200/elecNormNew-StreamingRandomPatchesExecutorMAXChunk-25-4-50-195
06/03/22 20:12:33
06/03/22 20:12:33
/home/pi/reginaldojunior/experimentos/results/socket/600/1200/elecNormNew-StreamingRandomPatchesExecutorMAXChunk-25-4-50-351
06/03/22 20:14:39
06/03/22 20:14:39
/home/pi/reginaldojunior/experimentos/results/socket/600/1200/elecNormNew-OzaBagAdwinExecutorMAXChunk-25-4-50-214
06/03/22 20:16:46
06/03/22 20:16:46
/home/pi/reginaldojunior/experimentos/results/socket/600/1200/elecNormNew-OzaBagAdwinExecutorMAXChunk-25-4-50-1072
06/03/22 20:17:34
06/03/22 20:17:34
/home/pi/reginaldojunior/experimentos/results/socket/600/1200/elecNormNew-OzaBagAdwinExecutorMAXChunk-25-4-50-1931
06/03/22 20:18:04
06/03/22 20:18:04
/home/pi/reginaldojunior/experimentos/results/socket/600/1200/elecNormNew-OzaBagASHTExecutorMAXChunk-25-4-50-271
06/03/22 20:20:11
06/03/22 20:20:11
/home/pi/reginaldojunior/experimentos/results/socket/600/1200/elecNormNew-OzaBagASHTExecutorMAXChunk-25-4-50-1355
06/03/22 20:20:50
06/03/22 20:20:50
/home/pi/reginaldojunior/experimentos/results/socket/600/1200/elecNormNew-OzaBagASHTExecutorMAXChunk-25-4-50-2439
06/03/22 20:21:16
06/03/22 20:21:16
/home/pi/reginaldojunior/experimentos/results/socket/600/1200/elecNormNew-OzaBagExecutorMAXChunk-25-4-50-257
06/03/22 20:23:22
06/03/22 20:23:22
/home/pi/reginaldojunior/experimentos/results/socket/600/1200/elecNormNew-OzaBagExecutorMAXChunk-25-4-50-1288
06/03/22 20:24:04
06/03/22 20:24:04
/home/pi/reginaldojunior/experimentos/results/socket/600/1200/elecNormNew-OzaBagExecutorMAXChunk-25-4-50-2318
06/03/22 20:24:29
06/03/22 20:24:29
/home/pi/reginaldojunior/experimentos/results/socket/600/1200/airlines-AdaptiveRandomForestExecutorMAXChunk-25-4-50-19
06/03/22 20:26:35
06/03/22 20:26:35
/home/pi/reginaldojunior/experimentos/results/socket/600/1200/airlines-AdaptiveRandomForestExecutorMAXChunk-25-4-50-97
06/03/22 20:28:40
06/03/22 20:28:40
/home/pi/reginaldojunior/experimentos/results/socket/600/1200/airlines-AdaptiveRandomForestExecutorMAXChunk-25-4-50-174
06/03/22 20:30:46
06/03/22 20:30:46
/home/pi/reginaldojunior/experimentos/results/socket/600/1200/airlines-LBagExecutorMAXChunk-25-4-50-17
06/03/22 20:32:52
06/03/22 20:32:52
/home/pi/reginaldojunior/experimentos/results/socket/600/1200/airlines-LBagExecutorMAXChunk-25-4-50-89
06/03/22 20:34:58
06/03/22 20:34:58
/home/pi/reginaldojunior/experimentos/results/socket/600/1200/airlines-LBagExecutorMAXChunk-25-4-50-161
06/03/22 20:37:05
06/03/22 20:37:05
/home/pi/reginaldojunior/experimentos/results/socket/600/1200/airlines-StreamingRandomPatchesExecutorMAXChunk-25-4-50-17
06/03/22 20:39:11
06/03/22 20:39:11
/home/pi/reginaldojunior/experimentos/results/socket/600/1200/airlines-StreamingRandomPatchesExecutorMAXChunk-25-4-50-87
06/03/22 20:41:17
06/03/22 20:41:17
/home/pi/reginaldojunior/experimentos/results/socket/600/1200/airlines-StreamingRandomPatchesExecutorMAXChunk-25-4-50-156
06/03/22 20:43:22
06/03/22 20:43:22
/home/pi/reginaldojunior/experimentos/results/socket/600/1200/airlines-OzaBagAdwinExecutorMAXChunk-25-4-50-53
06/03/22 20:45:28
06/03/22 20:45:28
/home/pi/reginaldojunior/experimentos/results/socket/600/1200/airlines-OzaBagAdwinExecutorMAXChunk-25-4-50-266
06/03/22 20:47:34
06/03/22 20:47:34
/home/pi/reginaldojunior/experimentos/results/socket/600/1200/airlines-OzaBagAdwinExecutorMAXChunk-25-4-50-479
06/03/22 20:49:41
06/03/22 20:49:41
/home/pi/reginaldojunior/experimentos/results/socket/600/1200/airlines-OzaBagASHTExecutorMAXChunk-25-4-50-150
06/03/22 20:51:47
06/03/22 20:51:47
/home/pi/reginaldojunior/experimentos/results/socket/600/1200/airlines-OzaBagASHTExecutorMAXChunk-25-4-50-754
06/03/22 20:53:56
06/03/22 20:53:56
/home/pi/reginaldojunior/experimentos/results/socket/600/1200/airlines-OzaBagASHTExecutorMAXChunk-25-4-50-1358
06/03/22 20:56:05
06/03/22 20:56:05
/home/pi/reginaldojunior/experimentos/results/socket/600/1200/airlines-OzaBagExecutorMAXChunk-25-4-50-180
06/03/22 20:58:11
06/03/22 20:58:11
/home/pi/reginaldojunior/experimentos/results/socket/600/1200/airlines-OzaBagExecutorMAXChunk-25-4-50-904
06/03/22 21:00:19
06/03/22 21:00:19
/home/pi/reginaldojunior/experimentos/results/socket/600/1200/airlines-OzaBagExecutorMAXChunk-25-4-50-1627
06/03/22 21:02:27
06/03/22 21:02:27
/home/pi/reginaldojunior/experimentos/results/socket/600/1200/covtypeNorm-AdaptiveRandomForestExecutorMAXChunk-25-4-50-58
06/03/22 21:04:32
06/03/22 21:04:32
/home/pi/reginaldojunior/experimentos/results/socket/600/1200/covtypeNorm-AdaptiveRandomForestExecutorMAXChunk-25-4-50-294
06/03/22 21:06:37
06/03/22 21:06:37
/home/pi/reginaldojunior/experimentos/results/socket/600/1200/covtypeNorm-AdaptiveRandomForestExecutorMAXChunk-25-4-50-530
06/03/22 21:08:42
06/03/22 21:08:42
/home/pi/reginaldojunior/experimentos/results/socket/600/1200/covtypeNorm-LBagExecutorMAXChunk-25-4-50-44
06/03/22 21:10:48
06/03/22 21:10:48
/home/pi/reginaldojunior/experimentos/results/socket/600/1200/covtypeNorm-LBagExecutorMAXChunk-25-4-50-223
06/03/22 21:12:55
06/03/22 21:12:55
/home/pi/reginaldojunior/experimentos/results/socket/600/1200/covtypeNorm-LBagExecutorMAXChunk-25-4-50-402
06/03/22 21:15:01
06/03/22 21:15:01
/home/pi/reginaldojunior/experimentos/results/socket/600/1200/covtypeNorm-StreamingRandomPatchesExecutorMAXChunk-25-4-50-14
06/03/22 21:17:07
06/03/22 21:17:07
/home/pi/reginaldojunior/experimentos/results/socket/600/1200/covtypeNorm-StreamingRandomPatchesExecutorMAXChunk-25-4-50-70
06/03/22 21:19:11
06/03/22 21:19:11
/home/pi/reginaldojunior/experimentos/results/socket/600/1200/covtypeNorm-StreamingRandomPatchesExecutorMAXChunk-25-4-50-126
06/03/22 21:21:17
06/03/22 21:21:17
/home/pi/reginaldojunior/experimentos/results/socket/600/1200/covtypeNorm-OzaBagAdwinExecutorMAXChunk-25-4-50-61
06/03/22 21:23:24
06/03/22 21:23:24
/home/pi/reginaldojunior/experimentos/results/socket/600/1200/covtypeNorm-OzaBagAdwinExecutorMAXChunk-25-4-50-309
06/03/22 21:25:30
06/03/22 21:25:30
/home/pi/reginaldojunior/experimentos/results/socket/600/1200/covtypeNorm-OzaBagAdwinExecutorMAXChunk-25-4-50-556
06/03/22 21:27:37
06/03/22 21:27:37
/home/pi/reginaldojunior/experimentos/results/socket/600/1200/covtypeNorm-OzaBagASHTExecutorMAXChunk-25-4-50-69
06/03/22 21:29:43
06/03/22 21:29:43
/home/pi/reginaldojunior/experimentos/results/socket/600/1200/covtypeNorm-OzaBagASHTExecutorMAXChunk-25-4-50-347
06/03/22 21:31:50
06/03/22 21:31:50
/home/pi/reginaldojunior/experimentos/results/socket/600/1200/covtypeNorm-OzaBagASHTExecutorMAXChunk-25-4-50-626
06/03/22 21:33:57
06/03/22 21:33:57
/home/pi/reginaldojunior/experimentos/results/socket/600/1200/covtypeNorm-OzaBagExecutorMAXChunk-25-4-50-72
06/03/22 21:36:03
06/03/22 21:36:03
/home/pi/reginaldojunior/experimentos/results/socket/600/1200/covtypeNorm-OzaBagExecutorMAXChunk-25-4-50-362
06/03/22 21:38:10
06/03/22 21:38:10
/home/pi/reginaldojunior/experimentos/results/socket/600/1200/covtypeNorm-OzaBagExecutorMAXChunk-25-4-50-652
06/03/22 21:40:16
06/03/22 21:40:16
/home/pi/reginaldojunior/experimentos/results/socket/600/1200/GMSC-AdaptiveRandomForestExecutorMAXChunk-25-4-50-111
06/03/22 21:42:21
06/03/22 21:42:21
/home/pi/reginaldojunior/experimentos/results/socket/600/1200/GMSC-AdaptiveRandomForestExecutorMAXChunk-25-4-50-555
06/03/22 21:44:26
06/03/22 21:44:26
/home/pi/reginaldojunior/experimentos/results/socket/600/1200/GMSC-AdaptiveRandomForestExecutorMAXChunk-25-4-50-1000
06/03/22 21:46:31
06/03/22 21:46:31
/home/pi/reginaldojunior/experimentos/results/socket/600/1200/GMSC-LBagExecutorMAXChunk-25-4-50-156
06/03/22 21:48:37
06/03/22 21:48:37
/home/pi/reginaldojunior/experimentos/results/socket/600/1200/GMSC-LBagExecutorMAXChunk-25-4-50-782
06/03/22 21:50:44
06/03/22 21:50:44
/home/pi/reginaldojunior/experimentos/results/socket/600/1200/GMSC-LBagExecutorMAXChunk-25-4-50-1408
06/03/22 21:52:38
06/03/22 21:52:38
/home/pi/reginaldojunior/experimentos/results/socket/600/1200/GMSC-StreamingRandomPatchesExecutorMAXChunk-25-4-50-63
06/03/22 21:54:42
06/03/22 21:54:42
/home/pi/reginaldojunior/experimentos/results/socket/600/1200/GMSC-StreamingRandomPatchesExecutorMAXChunk-25-4-50-317
06/03/22 21:56:47
06/03/22 21:56:47
/home/pi/reginaldojunior/experimentos/results/socket/600/1200/GMSC-StreamingRandomPatchesExecutorMAXChunk-25-4-50-572
06/03/22 21:58:53
06/03/22 21:58:53
/home/pi/reginaldojunior/experimentos/results/socket/600/1200/GMSC-OzaBagAdwinExecutorMAXChunk-25-4-50-364
06/03/22 22:00:59
06/03/22 22:00:59
/home/pi/reginaldojunior/experimentos/results/socket/600/1200/GMSC-OzaBagAdwinExecutorMAXChunk-25-4-50-1821
06/03/22 22:02:28
06/03/22 22:02:28
/home/pi/reginaldojunior/experimentos/results/socket/600/1200/GMSC-OzaBagAdwinExecutorMAXChunk-25-4-50-3278
06/03/22 22:03:20
06/03/22 22:03:20
/home/pi/reginaldojunior/experimentos/results/socket/600/1200/GMSC-OzaBagASHTExecutorMAXChunk-25-4-50-406
06/03/22 22:05:27
06/03/22 22:05:27
/home/pi/reginaldojunior/experimentos/results/socket/600/1200/GMSC-OzaBagASHTExecutorMAXChunk-25-4-50-2033
06/03/22 22:06:47
06/03/22 22:06:47
/home/pi/reginaldojunior/experimentos/results/socket/600/1200/GMSC-OzaBagASHTExecutorMAXChunk-25-4-50-3660
06/03/22 22:07:35
06/03/22 22:07:35
/home/pi/reginaldojunior/experimentos/results/socket/600/1200/GMSC-OzaBagExecutorMAXChunk-25-4-50-391
06/03/22 22:09:42
06/03/22 22:09:42
/home/pi/reginaldojunior/experimentos/results/socket/600/1200/GMSC-OzaBagExecutorMAXChunk-25-4-50-1955
06/03/22 22:11:05
06/03/22 22:11:05
/home/pi/reginaldojunior/experimentos/results/socket/600/1200/GMSC-OzaBagExecutorMAXChunk-25-4-50-3520
06/03/22 22:12:01
06/03/22 22:12:01
/home/pi/reginaldojunior/experimentos/results/socket/600/1200/elecNormNew-AdaptiveRandomForestExecutorMAXChunk-25-4-75-79
06/03/22 22:14:05
06/03/22 22:14:05
/home/pi/reginaldojunior/experimentos/results/socket/600/1200/elecNormNew-AdaptiveRandomForestExecutorMAXChunk-25-4-75-396
06/03/22 22:16:05
06/03/22 22:16:05
/home/pi/reginaldojunior/experimentos/results/socket/600/1200/elecNormNew-AdaptiveRandomForestExecutorMAXChunk-25-4-75-713
06/03/22 22:17:15
06/03/22 22:17:15
/home/pi/reginaldojunior/experimentos/results/socket/600/1200/elecNormNew-LBagExecutorMAXChunk-25-4-75-115
06/03/22 22:19:22
06/03/22 22:19:22
/home/pi/reginaldojunior/experimentos/results/socket/600/1200/elecNormNew-LBagExecutorMAXChunk-25-4-75-579
06/03/22 22:20:47
06/03/22 22:20:47
/home/pi/reginaldojunior/experimentos/results/socket/600/1200/elecNormNew-LBagExecutorMAXChunk-25-4-75-1043
06/03/22 22:21:37
06/03/22 22:21:37
/home/pi/reginaldojunior/experimentos/results/socket/600/1200/elecNormNew-StreamingRandomPatchesExecutorMAXChunk-25-4-75-39
06/03/22 22:23:42
06/03/22 22:23:42
/home/pi/reginaldojunior/experimentos/results/socket/600/1200/elecNormNew-StreamingRandomPatchesExecutorMAXChunk-25-4-75-195
06/03/22 22:25:46
06/03/22 22:25:46
/home/pi/reginaldojunior/experimentos/results/socket/600/1200/elecNormNew-StreamingRandomPatchesExecutorMAXChunk-25-4-75-352
06/03/22 22:27:52
06/03/22 22:27:52
/home/pi/reginaldojunior/experimentos/results/socket/600/1200/elecNormNew-OzaBagAdwinExecutorMAXChunk-25-4-75-234
06/03/22 22:29:58
06/03/22 22:29:58
/home/pi/reginaldojunior/experimentos/results/socket/600/1200/elecNormNew-OzaBagAdwinExecutorMAXChunk-25-4-75-1171
06/03/22 22:30:44
06/03/22 22:30:44
/home/pi/reginaldojunior/experimentos/results/socket/600/1200/elecNormNew-OzaBagAdwinExecutorMAXChunk-25-4-75-2108
06/03/22 22:31:11
06/03/22 22:31:11
/home/pi/reginaldojunior/experimentos/results/socket/600/1200/elecNormNew-OzaBagASHTExecutorMAXChunk-25-4-75-277
06/03/22 22:33:18
06/03/22 22:33:18
/home/pi/reginaldojunior/experimentos/results/socket/600/1200/elecNormNew-OzaBagASHTExecutorMAXChunk-25-4-75-1385
06/03/22 22:33:57
06/03/22 22:33:57
/home/pi/reginaldojunior/experimentos/results/socket/600/1200/elecNormNew-OzaBagASHTExecutorMAXChunk-25-4-75-2493
06/03/22 22:34:24
06/03/22 22:34:24
/home/pi/reginaldojunior/experimentos/results/socket/600/1200/elecNormNew-OzaBagExecutorMAXChunk-25-4-75-281
06/03/22 22:36:30
06/03/22 22:36:30
/home/pi/reginaldojunior/experimentos/results/socket/600/1200/elecNormNew-OzaBagExecutorMAXChunk-25-4-75-1406
06/03/22 22:37:09
06/03/22 22:37:09
/home/pi/reginaldojunior/experimentos/results/socket/600/1200/elecNormNew-OzaBagExecutorMAXChunk-25-4-75-2531
06/03/22 22:37:33
06/03/22 22:37:33
/home/pi/reginaldojunior/experimentos/results/socket/600/1200/airlines-AdaptiveRandomForestExecutorMAXChunk-25-4-75-19
06/03/22 22:39:39
06/03/22 22:39:39
/home/pi/reginaldojunior/experimentos/results/socket/600/1200/airlines-AdaptiveRandomForestExecutorMAXChunk-25-4-75-99
06/03/22 22:41:44
06/03/22 22:41:44
/home/pi/reginaldojunior/experimentos/results/socket/600/1200/airlines-AdaptiveRandomForestExecutorMAXChunk-25-4-75-178
06/03/22 22:43:50
06/03/22 22:43:50
/home/pi/reginaldojunior/experimentos/results/socket/600/1200/airlines-LBagExecutorMAXChunk-25-4-75-18
06/03/22 22:45:57
06/03/22 22:45:57
/home/pi/reginaldojunior/experimentos/results/socket/600/1200/airlines-LBagExecutorMAXChunk-25-4-75-90
06/03/22 22:48:06
06/03/22 22:48:06
/home/pi/reginaldojunior/experimentos/results/socket/600/1200/airlines-LBagExecutorMAXChunk-25-4-75-162
06/03/22 22:50:13
06/03/22 22:50:13
/home/pi/reginaldojunior/experimentos/results/socket/600/1200/airlines-StreamingRandomPatchesExecutorMAXChunk-25-4-75-17
06/03/22 22:52:19
06/03/22 22:52:19
/home/pi/reginaldojunior/experimentos/results/socket/600/1200/airlines-StreamingRandomPatchesExecutorMAXChunk-25-4-75-86
06/03/22 22:54:24
06/03/22 22:54:24
/home/pi/reginaldojunior/experimentos/results/socket/600/1200/airlines-StreamingRandomPatchesExecutorMAXChunk-25-4-75-156
06/03/22 22:56:30
06/03/22 22:56:30
/home/pi/reginaldojunior/experimentos/results/socket/600/1200/airlines-OzaBagAdwinExecutorMAXChunk-25-4-75-52
06/03/22 22:58:36
06/03/22 22:58:36
/home/pi/reginaldojunior/experimentos/results/socket/600/1200/airlines-OzaBagAdwinExecutorMAXChunk-25-4-75-264
06/03/22 23:00:42
06/03/22 23:00:42
/home/pi/reginaldojunior/experimentos/results/socket/600/1200/airlines-OzaBagAdwinExecutorMAXChunk-25-4-75-476
06/03/22 23:02:49
06/03/22 23:02:49
/home/pi/reginaldojunior/experimentos/results/socket/600/1200/airlines-OzaBagASHTExecutorMAXChunk-25-4-75-154
06/03/22 23:04:55
06/03/22 23:04:55
/home/pi/reginaldojunior/experimentos/results/socket/600/1200/airlines-OzaBagASHTExecutorMAXChunk-25-4-75-771
06/03/22 23:07:02
06/03/22 23:07:02
/home/pi/reginaldojunior/experimentos/results/socket/600/1200/airlines-OzaBagASHTExecutorMAXChunk-25-4-75-1389
06/03/22 23:09:09
06/03/22 23:09:09
/home/pi/reginaldojunior/experimentos/results/socket/600/1200/airlines-OzaBagExecutorMAXChunk-25-4-75-181
06/03/22 23:11:15
06/03/22 23:11:16
/home/pi/reginaldojunior/experimentos/results/socket/600/1200/airlines-OzaBagExecutorMAXChunk-25-4-75-905
06/03/22 23:13:25
06/03/22 23:13:25
/home/pi/reginaldojunior/experimentos/results/socket/600/1200/airlines-OzaBagExecutorMAXChunk-25-4-75-1630
06/03/22 23:15:32
06/03/22 23:15:32
/home/pi/reginaldojunior/experimentos/results/socket/600/1200/covtypeNorm-AdaptiveRandomForestExecutorMAXChunk-25-4-75-60
06/03/22 23:17:37
06/03/22 23:17:37
/home/pi/reginaldojunior/experimentos/results/socket/600/1200/covtypeNorm-AdaptiveRandomForestExecutorMAXChunk-25-4-75-304
06/03/22 23:19:42
06/03/22 23:19:42
/home/pi/reginaldojunior/experimentos/results/socket/600/1200/covtypeNorm-AdaptiveRandomForestExecutorMAXChunk-25-4-75-548
06/03/22 23:21:47
06/03/22 23:21:47
/home/pi/reginaldojunior/experimentos/results/socket/600/1200/covtypeNorm-LBagExecutorMAXChunk-25-4-75-46
06/03/22 23:23:54
06/03/22 23:23:54
/home/pi/reginaldojunior/experimentos/results/socket/600/1200/covtypeNorm-LBagExecutorMAXChunk-25-4-75-232
06/03/22 23:26:00
06/03/22 23:26:00
/home/pi/reginaldojunior/experimentos/results/socket/600/1200/covtypeNorm-LBagExecutorMAXChunk-25-4-75-417
06/03/22 23:28:07
06/03/22 23:28:07
/home/pi/reginaldojunior/experimentos/results/socket/600/1200/covtypeNorm-StreamingRandomPatchesExecutorMAXChunk-25-4-75-15
06/03/22 23:30:13
06/03/22 23:30:13
/home/pi/reginaldojunior/experimentos/results/socket/600/1200/covtypeNorm-StreamingRandomPatchesExecutorMAXChunk-25-4-75-75
06/03/22 23:32:19
06/03/22 23:32:19
/home/pi/reginaldojunior/experimentos/results/socket/600/1200/covtypeNorm-StreamingRandomPatchesExecutorMAXChunk-25-4-75-135
06/03/22 23:34:24
06/03/22 23:34:24
/home/pi/reginaldojunior/experimentos/results/socket/600/1200/covtypeNorm-OzaBagAdwinExecutorMAXChunk-25-4-75-67
06/03/22 23:36:31
06/03/22 23:36:31
/home/pi/reginaldojunior/experimentos/results/socket/600/1200/covtypeNorm-OzaBagAdwinExecutorMAXChunk-25-4-75-338
06/03/22 23:38:38
06/03/22 23:38:38
/home/pi/reginaldojunior/experimentos/results/socket/600/1200/covtypeNorm-OzaBagAdwinExecutorMAXChunk-25-4-75-608
06/03/22 23:40:44
06/03/22 23:40:44
/home/pi/reginaldojunior/experimentos/results/socket/600/1200/covtypeNorm-OzaBagASHTExecutorMAXChunk-25-4-75-73
06/03/22 23:42:51
06/03/22 23:42:51
/home/pi/reginaldojunior/experimentos/results/socket/600/1200/covtypeNorm-OzaBagASHTExecutorMAXChunk-25-4-75-369
06/03/22 23:44:58
06/03/22 23:44:58
/home/pi/reginaldojunior/experimentos/results/socket/600/1200/covtypeNorm-OzaBagASHTExecutorMAXChunk-25-4-75-664
06/03/22 23:47:04
06/03/22 23:47:04
/home/pi/reginaldojunior/experimentos/results/socket/600/1200/covtypeNorm-OzaBagExecutorMAXChunk-25-4-75-66
06/03/22 23:49:11
06/03/22 23:49:11
/home/pi/reginaldojunior/experimentos/results/socket/600/1200/covtypeNorm-OzaBagExecutorMAXChunk-25-4-75-333
06/03/22 23:51:17
06/03/22 23:51:17
/home/pi/reginaldojunior/experimentos/results/socket/600/1200/covtypeNorm-OzaBagExecutorMAXChunk-25-4-75-600
06/03/22 23:53:24
06/03/22 23:53:24
/home/pi/reginaldojunior/experimentos/results/socket/600/1200/GMSC-AdaptiveRandomForestExecutorMAXChunk-25-4-75-116
06/03/22 23:55:29
06/03/22 23:55:29
/home/pi/reginaldojunior/experimentos/results/socket/600/1200/GMSC-AdaptiveRandomForestExecutorMAXChunk-25-4-75-584
06/03/22 23:57:34
06/03/22 23:57:34
/home/pi/reginaldojunior/experimentos/results/socket/600/1200/GMSC-AdaptiveRandomForestExecutorMAXChunk-25-4-75-1052
06/03/22 23:59:39
06/03/22 23:59:39
/home/pi/reginaldojunior/experimentos/results/socket/600/1200/GMSC-LBagExecutorMAXChunk-25-4-75-172
07/03/22 00:01:46
07/03/22 00:01:46
/home/pi/reginaldojunior/experimentos/results/socket/600/1200/GMSC-LBagExecutorMAXChunk-25-4-75-864
07/03/22 00:03:51
07/03/22 00:03:51
/home/pi/reginaldojunior/experimentos/results/socket/600/1200/GMSC-LBagExecutorMAXChunk-25-4-75-1556
07/03/22 00:05:35
07/03/22 00:05:35
/home/pi/reginaldojunior/experimentos/results/socket/600/1200/GMSC-StreamingRandomPatchesExecutorMAXChunk-25-4-75-65
07/03/22 00:07:40
07/03/22 00:07:40
/home/pi/reginaldojunior/experimentos/results/socket/600/1200/GMSC-StreamingRandomPatchesExecutorMAXChunk-25-4-75-329
07/03/22 00:09:45
07/03/22 00:09:45
/home/pi/reginaldojunior/experimentos/results/socket/600/1200/GMSC-StreamingRandomPatchesExecutorMAXChunk-25-4-75-592
07/03/22 00:11:50
07/03/22 00:11:50
/home/pi/reginaldojunior/experimentos/results/socket/600/1200/GMSC-OzaBagAdwinExecutorMAXChunk-25-4-75-413
07/03/22 00:13:57
07/03/22 00:13:57
/home/pi/reginaldojunior/experimentos/results/socket/600/1200/GMSC-OzaBagAdwinExecutorMAXChunk-25-4-75-2068
07/03/22 00:15:16
07/03/22 00:15:16
/home/pi/reginaldojunior/experimentos/results/socket/600/1200/GMSC-OzaBagAdwinExecutorMAXChunk-25-4-75-3722
07/03/22 00:16:03
07/03/22 00:16:03
/home/pi/reginaldojunior/experimentos/results/socket/600/1200/GMSC-OzaBagASHTExecutorMAXChunk-25-4-75-426
07/03/22 00:18:10
07/03/22 00:18:10
/home/pi/reginaldojunior/experimentos/results/socket/600/1200/GMSC-OzaBagASHTExecutorMAXChunk-25-4-75-2133
07/03/22 00:19:26
07/03/22 00:19:26
/home/pi/reginaldojunior/experimentos/results/socket/600/1200/GMSC-OzaBagASHTExecutorMAXChunk-25-4-75-3839
07/03/22 00:20:12
07/03/22 00:20:12
/home/pi/reginaldojunior/experimentos/results/socket/600/1200/GMSC-OzaBagExecutorMAXChunk-25-4-75-411
07/03/22 00:22:18
07/03/22 00:22:18
/home/pi/reginaldojunior/experimentos/results/socket/600/1200/GMSC-OzaBagExecutorMAXChunk-25-4-75-2056
07/03/22 00:23:38
07/03/22 00:23:38
/home/pi/reginaldojunior/experimentos/results/socket/600/1200/GMSC-OzaBagExecutorMAXChunk-25-4-75-3701
07/03/22 00:24:24
07/03/22 00:24:24
/home/pi/reginaldojunior/experimentos/results/socket/600/1200/elecNormNew-AdaptiveRandomForestExecutorMAXChunk-25-4-100-75
07/03/22 00:26:29
07/03/22 00:26:29
/home/pi/reginaldojunior/experimentos/results/socket/600/1200/elecNormNew-AdaptiveRandomForestExecutorMAXChunk-25-4-100-375
07/03/22 00:28:34
07/03/22 00:28:34
/home/pi/reginaldojunior/experimentos/results/socket/600/1200/elecNormNew-AdaptiveRandomForestExecutorMAXChunk-25-4-100-676
07/03/22 00:29:46
07/03/22 00:29:47
/home/pi/reginaldojunior/experimentos/results/socket/600/1200/elecNormNew-LBagExecutorMAXChunk-25-4-100-120
07/03/22 00:31:53
07/03/22 00:31:53
/home/pi/reginaldojunior/experimentos/results/socket/600/1200/elecNormNew-LBagExecutorMAXChunk-25-4-100-604
07/03/22 00:33:15
07/03/22 00:33:15
/home/pi/reginaldojunior/experimentos/results/socket/600/1200/elecNormNew-LBagExecutorMAXChunk-25-4-100-1087
07/03/22 00:34:03
07/03/22 00:34:03
/home/pi/reginaldojunior/experimentos/results/socket/600/1200/elecNormNew-StreamingRandomPatchesExecutorMAXChunk-25-4-100-40
07/03/22 00:36:08
07/03/22 00:36:08
/home/pi/reginaldojunior/experimentos/results/socket/600/1200/elecNormNew-StreamingRandomPatchesExecutorMAXChunk-25-4-100-203
07/03/22 00:38:13
07/03/22 00:38:13
/home/pi/reginaldojunior/experimentos/results/socket/600/1200/elecNormNew-StreamingRandomPatchesExecutorMAXChunk-25-4-100-365
07/03/22 00:40:18
07/03/22 00:40:18
/home/pi/reginaldojunior/experimentos/results/socket/600/1200/elecNormNew-OzaBagAdwinExecutorMAXChunk-25-4-100-232
07/03/22 00:42:25
07/03/22 00:42:25
/home/pi/reginaldojunior/experimentos/results/socket/600/1200/elecNormNew-OzaBagAdwinExecutorMAXChunk-25-4-100-1164
07/03/22 00:43:10
07/03/22 00:43:10
/home/pi/reginaldojunior/experimentos/results/socket/600/1200/elecNormNew-OzaBagAdwinExecutorMAXChunk-25-4-100-2096
07/03/22 00:43:39
07/03/22 00:43:39
/home/pi/reginaldojunior/experimentos/results/socket/600/1200/elecNormNew-OzaBagASHTExecutorMAXChunk-25-4-100-285
07/03/22 00:45:45
07/03/22 00:45:45
/home/pi/reginaldojunior/experimentos/results/socket/600/1200/elecNormNew-OzaBagASHTExecutorMAXChunk-25-4-100-1429
07/03/22 00:46:24
07/03/22 00:46:24
/home/pi/reginaldojunior/experimentos/results/socket/600/1200/elecNormNew-OzaBagASHTExecutorMAXChunk-25-4-100-2573
07/03/22 00:46:48
07/03/22 00:46:48
/home/pi/reginaldojunior/experimentos/results/socket/600/1200/elecNormNew-OzaBagExecutorMAXChunk-25-4-100-279
07/03/22 00:48:55
07/03/22 00:48:55
/home/pi/reginaldojunior/experimentos/results/socket/600/1200/elecNormNew-OzaBagExecutorMAXChunk-25-4-100-1399
07/03/22 00:49:33
07/03/22 00:49:33
/home/pi/reginaldojunior/experimentos/results/socket/600/1200/elecNormNew-OzaBagExecutorMAXChunk-25-4-100-2519
07/03/22 00:49:58
07/03/22 00:49:58
/home/pi/reginaldojunior/experimentos/results/socket/600/1200/airlines-AdaptiveRandomForestExecutorMAXChunk-25-4-100-19
07/03/22 00:52:03
07/03/22 00:52:03
/home/pi/reginaldojunior/experimentos/results/socket/600/1200/airlines-AdaptiveRandomForestExecutorMAXChunk-25-4-100-99
07/03/22 00:54:09
07/03/22 00:54:09
/home/pi/reginaldojunior/experimentos/results/socket/600/1200/airlines-AdaptiveRandomForestExecutorMAXChunk-25-4-100-179
07/03/22 00:56:14
07/03/22 00:56:14
/home/pi/reginaldojunior/experimentos/results/socket/600/1200/airlines-LBagExecutorMAXChunk-25-4-100-18
07/03/22 00:58:21
07/03/22 00:58:21
/home/pi/reginaldojunior/experimentos/results/socket/600/1200/airlines-LBagExecutorMAXChunk-25-4-100-90
07/03/22 01:00:30
07/03/22 01:00:31
/home/pi/reginaldojunior/experimentos/results/socket/600/1200/airlines-LBagExecutorMAXChunk-25-4-100-163
07/03/22 01:02:40
07/03/22 01:02:40
/home/pi/reginaldojunior/experimentos/results/socket/600/1200/airlines-StreamingRandomPatchesExecutorMAXChunk-25-4-100-18
07/03/22 01:04:47
07/03/22 01:04:47
/home/pi/reginaldojunior/experimentos/results/socket/600/1200/airlines-StreamingRandomPatchesExecutorMAXChunk-25-4-100-91
07/03/22 01:06:54
07/03/22 01:06:54
/home/pi/reginaldojunior/experimentos/results/socket/600/1200/airlines-StreamingRandomPatchesExecutorMAXChunk-25-4-100-164
07/03/22 01:08:59
07/03/22 01:08:59
/home/pi/reginaldojunior/experimentos/results/socket/600/1200/airlines-OzaBagAdwinExecutorMAXChunk-25-4-100-53
07/03/22 01:11:06
07/03/22 01:11:06
/home/pi/reginaldojunior/experimentos/results/socket/600/1200/airlines-OzaBagAdwinExecutorMAXChunk-25-4-100-265
07/03/22 01:13:12
07/03/22 01:13:12
/home/pi/reginaldojunior/experimentos/results/socket/600/1200/airlines-OzaBagAdwinExecutorMAXChunk-25-4-100-477
07/03/22 01:15:18
07/03/22 01:15:18
/home/pi/reginaldojunior/experimentos/results/socket/600/1200/airlines-OzaBagASHTExecutorMAXChunk-25-4-100-153
07/03/22 01:17:24
07/03/22 01:17:25
/home/pi/reginaldojunior/experimentos/results/socket/600/1200/airlines-OzaBagASHTExecutorMAXChunk-25-4-100-768
07/03/22 01:19:33
07/03/22 01:19:33
/home/pi/reginaldojunior/experimentos/results/socket/600/1200/airlines-OzaBagASHTExecutorMAXChunk-25-4-100-1383
07/03/22 01:21:41
07/03/22 01:21:41
/home/pi/reginaldojunior/experimentos/results/socket/600/1200/airlines-OzaBagExecutorMAXChunk-25-4-100-185
07/03/22 01:23:51
07/03/22 01:23:51
/home/pi/reginaldojunior/experimentos/results/socket/600/1200/airlines-OzaBagExecutorMAXChunk-25-4-100-929
07/03/22 01:25:59
07/03/22 01:25:59
/home/pi/reginaldojunior/experimentos/results/socket/600/1200/airlines-OzaBagExecutorMAXChunk-25-4-100-1672
07/03/22 01:28:08
07/03/22 01:28:08
/home/pi/reginaldojunior/experimentos/results/socket/600/1200/covtypeNorm-AdaptiveRandomForestExecutorMAXChunk-25-4-100-69
07/03/22 01:30:14
07/03/22 01:30:14
/home/pi/reginaldojunior/experimentos/results/socket/600/1200/covtypeNorm-AdaptiveRandomForestExecutorMAXChunk-25-4-100-346
07/03/22 01:32:20
07/03/22 01:32:20
/home/pi/reginaldojunior/experimentos/results/socket/600/1200/covtypeNorm-AdaptiveRandomForestExecutorMAXChunk-25-4-100-624
07/03/22 01:34:24
07/03/22 01:34:24
/home/pi/reginaldojunior/experimentos/results/socket/600/1200/covtypeNorm-LBagExecutorMAXChunk-25-4-100-47
07/03/22 01:36:31
07/03/22 01:36:31
/home/pi/reginaldojunior/experimentos/results/socket/600/1200/covtypeNorm-LBagExecutorMAXChunk-25-4-100-237
07/03/22 01:38:38
07/03/22 01:38:38
/home/pi/reginaldojunior/experimentos/results/socket/600/1200/covtypeNorm-LBagExecutorMAXChunk-25-4-100-427
07/03/22 01:40:44
07/03/22 01:40:44
/home/pi/reginaldojunior/experimentos/results/socket/600/1200/covtypeNorm-StreamingRandomPatchesExecutorMAXChunk-25-4-100-13
07/03/22 01:42:50
07/03/22 01:42:50
/home/pi/reginaldojunior/experimentos/results/socket/600/1200/covtypeNorm-StreamingRandomPatchesExecutorMAXChunk-25-4-100-69
07/03/22 01:44:56
07/03/22 01:44:56
/home/pi/reginaldojunior/experimentos/results/socket/600/1200/covtypeNorm-StreamingRandomPatchesExecutorMAXChunk-25-4-100-125
07/03/22 01:47:02
07/03/22 01:47:02
/home/pi/reginaldojunior/experimentos/results/socket/600/1200/covtypeNorm-OzaBagAdwinExecutorMAXChunk-25-4-100-70
07/03/22 01:49:08
07/03/22 01:49:08
/home/pi/reginaldojunior/experimentos/results/socket/600/1200/covtypeNorm-OzaBagAdwinExecutorMAXChunk-25-4-100-353
07/03/22 01:51:15
07/03/22 01:51:15
/home/pi/reginaldojunior/experimentos/results/socket/600/1200/covtypeNorm-OzaBagAdwinExecutorMAXChunk-25-4-100-635
07/03/22 01:53:22
07/03/22 01:53:22
/home/pi/reginaldojunior/experimentos/results/socket/600/1200/covtypeNorm-OzaBagASHTExecutorMAXChunk-25-4-100-72
07/03/22 01:55:28
07/03/22 01:55:28
/home/pi/reginaldojunior/experimentos/results/socket/600/1200/covtypeNorm-OzaBagASHTExecutorMAXChunk-25-4-100-361
07/03/22 01:57:35
07/03/22 01:57:35
/home/pi/reginaldojunior/experimentos/results/socket/600/1200/covtypeNorm-OzaBagASHTExecutorMAXChunk-25-4-100-651
07/03/22 01:59:42
07/03/22 01:59:42
/home/pi/reginaldojunior/experimentos/results/socket/600/1200/covtypeNorm-OzaBagExecutorMAXChunk-25-4-100-74
07/03/22 02:01:48
07/03/22 02:01:48
/home/pi/reginaldojunior/experimentos/results/socket/600/1200/covtypeNorm-OzaBagExecutorMAXChunk-25-4-100-371
07/03/22 02:03:55
07/03/22 02:03:55
/home/pi/reginaldojunior/experimentos/results/socket/600/1200/covtypeNorm-OzaBagExecutorMAXChunk-25-4-100-668
07/03/22 02:06:01
07/03/22 02:06:01
/home/pi/reginaldojunior/experimentos/results/socket/600/1200/GMSC-AdaptiveRandomForestExecutorMAXChunk-25-4-100-121
07/03/22 02:08:06
07/03/22 02:08:06
/home/pi/reginaldojunior/experimentos/results/socket/600/1200/GMSC-AdaptiveRandomForestExecutorMAXChunk-25-4-100-608
07/03/22 02:10:11
07/03/22 02:10:11
/home/pi/reginaldojunior/experimentos/results/socket/600/1200/GMSC-AdaptiveRandomForestExecutorMAXChunk-25-4-100-1096
07/03/22 02:12:17
07/03/22 02:12:17
/home/pi/reginaldojunior/experimentos/results/socket/600/1200/GMSC-LBagExecutorMAXChunk-25-4-100-161
07/03/22 02:14:23
07/03/22 02:14:23
/home/pi/reginaldojunior/experimentos/results/socket/600/1200/GMSC-LBagExecutorMAXChunk-25-4-100-805
07/03/22 02:16:29
07/03/22 02:16:30
/home/pi/reginaldojunior/experimentos/results/socket/600/1200/GMSC-LBagExecutorMAXChunk-25-4-100-1449
07/03/22 02:18:20
07/03/22 02:18:20
/home/pi/reginaldojunior/experimentos/results/socket/600/1200/GMSC-StreamingRandomPatchesExecutorMAXChunk-25-4-100-68
07/03/22 02:20:25
07/03/22 02:20:25
/home/pi/reginaldojunior/experimentos/results/socket/600/1200/GMSC-StreamingRandomPatchesExecutorMAXChunk-25-4-100-342
07/03/22 02:22:30
07/03/22 02:22:30
/home/pi/reginaldojunior/experimentos/results/socket/600/1200/GMSC-StreamingRandomPatchesExecutorMAXChunk-25-4-100-615
07/03/22 02:24:35
07/03/22 02:24:35
/home/pi/reginaldojunior/experimentos/results/socket/600/1200/GMSC-OzaBagAdwinExecutorMAXChunk-25-4-100-391
07/03/22 02:26:41
07/03/22 02:26:41
/home/pi/reginaldojunior/experimentos/results/socket/600/1200/GMSC-OzaBagAdwinExecutorMAXChunk-25-4-100-1957
07/03/22 02:28:05
07/03/22 02:28:05
/home/pi/reginaldojunior/experimentos/results/socket/600/1200/GMSC-OzaBagAdwinExecutorMAXChunk-25-4-100-3523
07/03/22 02:28:55
07/03/22 02:28:55
/home/pi/reginaldojunior/experimentos/results/socket/600/1200/GMSC-OzaBagASHTExecutorMAXChunk-25-4-100-428
07/03/22 02:31:01
07/03/22 02:31:01
/home/pi/reginaldojunior/experimentos/results/socket/600/1200/GMSC-OzaBagASHTExecutorMAXChunk-25-4-100-2141
07/03/22 02:32:18
07/03/22 02:32:18
/home/pi/reginaldojunior/experimentos/results/socket/600/1200/GMSC-OzaBagASHTExecutorMAXChunk-25-4-100-3854
07/03/22 02:33:03
07/03/22 02:33:03
/home/pi/reginaldojunior/experimentos/results/socket/600/1200/GMSC-OzaBagExecutorMAXChunk-25-4-100-420
07/03/22 02:35:10
07/03/22 02:35:10
/home/pi/reginaldojunior/experimentos/results/socket/600/1200/GMSC-OzaBagExecutorMAXChunk-25-4-100-2101
07/03/22 02:36:27
07/03/22 02:36:27
/home/pi/reginaldojunior/experimentos/results/socket/600/1200/GMSC-OzaBagExecutorMAXChunk-25-4-100-3781
07/03/22 02:37:14
07/03/22 02:37:14
