28/10/23 06:08:42
/home/pi/reginaldojunior/experimentos/socket/mb-socket-dynamic/all-batches-3//elecNormNew-AdaptiveRandomForestExecutorMAXChunk-25-4-25-316
28/10/23 06:17:06
28/10/23 06:17:06
/home/pi/reginaldojunior/experimentos/socket/mb-socket-dynamic/all-batches-3//elecNormNew-LBagExecutorMAXChunk-25-4-25-524
28/10/23 06:23:46
28/10/23 06:23:46
/home/pi/reginaldojunior/experimentos/socket/mb-socket-dynamic/all-batches-3//elecNormNew-StreamingRandomPatchesExecutorMAXChunk-25-4-25-169
28/10/23 06:33:52
28/10/23 06:33:52
/home/pi/reginaldojunior/experimentos/socket/mb-socket-dynamic/all-batches-3//elecNormNew-OzaBagAdwinExecutorMAXChunk-25-4-25-1208
28/10/23 06:38:51
28/10/23 06:38:51
/home/pi/reginaldojunior/experimentos/socket/mb-socket-dynamic/all-batches-3//elecNormNew-OzaBagASHTExecutorMAXChunk-25-4-25-1496
28/10/23 06:42:21
28/10/23 06:42:21
/home/pi/reginaldojunior/experimentos/socket/mb-socket-dynamic/all-batches-3//elecNormNew-OzaBagExecutorMAXChunk-25-4-25-1664
28/10/23 06:45:46
28/10/23 06:45:46
/home/pi/reginaldojunior/experimentos/socket/mb-socket-dynamic/all-batches-3//covtypeNorm-AdaptiveRandomForestExecutorMAXChunk-25-4-25-207
28/10/23 06:55:51
28/10/23 06:55:51
/home/pi/reginaldojunior/experimentos/socket/mb-socket-dynamic/all-batches-3//covtypeNorm-LBagExecutorMAXChunk-25-4-25-150
28/10/23 07:05:58
28/10/23 07:05:58
/home/pi/reginaldojunior/experimentos/socket/mb-socket-dynamic/all-batches-3//covtypeNorm-StreamingRandomPatchesExecutorMAXChunk-25-4-25-68
28/10/23 07:16:03
28/10/23 07:16:03
/home/pi/reginaldojunior/experimentos/socket/mb-socket-dynamic/all-batches-3//covtypeNorm-OzaBagAdwinExecutorMAXChunk-25-4-25-283
28/10/23 07:26:10
28/10/23 07:26:10
/home/pi/reginaldojunior/experimentos/socket/mb-socket-dynamic/all-batches-3//covtypeNorm-OzaBagASHTExecutorMAXChunk-25-4-25-251
28/10/23 07:36:16
28/10/23 07:36:16
/home/pi/reginaldojunior/experimentos/socket/mb-socket-dynamic/all-batches-3//covtypeNorm-OzaBagExecutorMAXChunk-25-4-25-288
28/10/23 07:46:23
28/10/23 07:46:23
/home/pi/reginaldojunior/experimentos/socket/mb-socket-dynamic/all-batches-3//airlines-AdaptiveRandomForestExecutorMAXChunk-25-4-25-66
28/10/23 07:56:28
28/10/23 07:56:28
/home/pi/reginaldojunior/experimentos/socket/mb-socket-dynamic/all-batches-3//airlines-LBagExecutorMAXChunk-25-4-25-46
28/10/23 08:06:34
28/10/23 08:06:34
/home/pi/reginaldojunior/experimentos/socket/mb-socket-dynamic/all-batches-3//airlines-StreamingRandomPatchesExecutorMAXChunk-25-4-25-69
28/10/23 08:16:39
28/10/23 08:16:39
/home/pi/reginaldojunior/experimentos/socket/mb-socket-dynamic/all-batches-3//airlines-OzaBagAdwinExecutorMAXChunk-25-4-25-170
28/10/23 08:26:46
28/10/23 08:26:46
/home/pi/reginaldojunior/experimentos/socket/mb-socket-dynamic/all-batches-3//airlines-OzaBagASHTExecutorMAXChunk-25-4-25-177
28/10/23 08:36:53
28/10/23 08:36:53
/home/pi/reginaldojunior/experimentos/socket/mb-socket-dynamic/all-batches-3//airlines-OzaBagExecutorMAXChunk-25-4-25-170
28/10/23 08:47:06
28/10/23 08:47:06
/home/pi/reginaldojunior/experimentos/socket/mb-socket-dynamic/all-batches-3//GMSC-AdaptiveRandomForestExecutorMAXChunk-25-4-25-540
28/10/23 08:57:12
28/10/23 08:57:12
/home/pi/reginaldojunior/experimentos/socket/mb-socket-dynamic/all-batches-3//GMSC-LBagExecutorMAXChunk-25-4-25-716
28/10/23 09:07:19
28/10/23 09:07:19
/home/pi/reginaldojunior/experimentos/socket/mb-socket-dynamic/all-batches-3//GMSC-StreamingRandomPatchesExecutorMAXChunk-25-4-25-295
28/10/23 09:17:25
28/10/23 09:17:25
/home/pi/reginaldojunior/experimentos/socket/mb-socket-dynamic/all-batches-3//GMSC-OzaBagAdwinExecutorMAXChunk-25-4-25-1709
28/10/23 09:21:55
28/10/23 09:21:55
/home/pi/reginaldojunior/experimentos/socket/mb-socket-dynamic/all-batches-3//GMSC-OzaBagASHTExecutorMAXChunk-25-4-25-2263
28/10/23 09:26:18
28/10/23 09:26:18
/home/pi/reginaldojunior/experimentos/socket/mb-socket-dynamic/all-batches-3//GMSC-OzaBagExecutorMAXChunk-25-4-25-2260
28/10/23 09:29:44
28/10/23 09:29:44
/home/pi/reginaldojunior/experimentos/socket/mb-socket-dynamic/all-batches-3//elecNormNew-AdaptiveRandomForestExecutorMAXChunk-25-4-50-316
28/10/23 09:37:26
28/10/23 09:37:26
/home/pi/reginaldojunior/experimentos/socket/mb-socket-dynamic/all-batches-3//elecNormNew-LBagExecutorMAXChunk-25-4-50-524
28/10/23 09:45:49
28/10/23 09:45:49
/home/pi/reginaldojunior/experimentos/socket/mb-socket-dynamic/all-batches-3//elecNormNew-StreamingRandomPatchesExecutorMAXChunk-25-4-50-169
28/10/23 09:55:54
28/10/23 09:55:54
/home/pi/reginaldojunior/experimentos/socket/mb-socket-dynamic/all-batches-3//elecNormNew-OzaBagAdwinExecutorMAXChunk-25-4-50-1208
28/10/23 09:58:14
28/10/23 09:58:14
/home/pi/reginaldojunior/experimentos/socket/mb-socket-dynamic/all-batches-3//elecNormNew-OzaBagASHTExecutorMAXChunk-25-4-50-1496
28/10/23 10:00:53
28/10/23 10:00:53
/home/pi/reginaldojunior/experimentos/socket/mb-socket-dynamic/all-batches-3//elecNormNew-OzaBagExecutorMAXChunk-25-4-50-1664
28/10/23 10:03:18
28/10/23 10:03:18
/home/pi/reginaldojunior/experimentos/socket/mb-socket-dynamic/all-batches-3//covtypeNorm-AdaptiveRandomForestExecutorMAXChunk-25-4-50-207
28/10/23 10:13:23
28/10/23 10:13:23
/home/pi/reginaldojunior/experimentos/socket/mb-socket-dynamic/all-batches-3//covtypeNorm-LBagExecutorMAXChunk-25-4-50-150
28/10/23 10:23:30
28/10/23 10:23:30
/home/pi/reginaldojunior/experimentos/socket/mb-socket-dynamic/all-batches-3//covtypeNorm-StreamingRandomPatchesExecutorMAXChunk-25-4-50-68
28/10/23 10:33:36
28/10/23 10:33:36
/home/pi/reginaldojunior/experimentos/socket/mb-socket-dynamic/all-batches-3//covtypeNorm-OzaBagAdwinExecutorMAXChunk-25-4-50-283
28/10/23 10:43:42
28/10/23 10:43:43
/home/pi/reginaldojunior/experimentos/socket/mb-socket-dynamic/all-batches-3//covtypeNorm-OzaBagASHTExecutorMAXChunk-25-4-50-251
28/10/23 10:53:49
28/10/23 10:53:49
/home/pi/reginaldojunior/experimentos/socket/mb-socket-dynamic/all-batches-3//covtypeNorm-OzaBagExecutorMAXChunk-25-4-50-288
28/10/23 11:03:56
28/10/23 11:03:56
/home/pi/reginaldojunior/experimentos/socket/mb-socket-dynamic/all-batches-3//airlines-AdaptiveRandomForestExecutorMAXChunk-25-4-50-66
28/10/23 11:14:01
28/10/23 11:14:01
/home/pi/reginaldojunior/experimentos/socket/mb-socket-dynamic/all-batches-3//airlines-LBagExecutorMAXChunk-25-4-50-46
28/10/23 11:24:08
28/10/23 11:24:08
/home/pi/reginaldojunior/experimentos/socket/mb-socket-dynamic/all-batches-3//airlines-StreamingRandomPatchesExecutorMAXChunk-25-4-50-69
28/10/23 11:34:14
28/10/23 11:34:14
/home/pi/reginaldojunior/experimentos/socket/mb-socket-dynamic/all-batches-3//airlines-OzaBagAdwinExecutorMAXChunk-25-4-50-170
28/10/23 11:44:21
28/10/23 11:44:21
/home/pi/reginaldojunior/experimentos/socket/mb-socket-dynamic/all-batches-3//airlines-OzaBagASHTExecutorMAXChunk-25-4-50-177
28/10/23 11:54:28
28/10/23 11:54:28
/home/pi/reginaldojunior/experimentos/socket/mb-socket-dynamic/all-batches-3//airlines-OzaBagExecutorMAXChunk-25-4-50-170
28/10/23 12:04:35
28/10/23 12:04:35
/home/pi/reginaldojunior/experimentos/socket/mb-socket-dynamic/all-batches-3//GMSC-AdaptiveRandomForestExecutorMAXChunk-25-4-50-540
28/10/23 12:14:41
28/10/23 12:14:41
/home/pi/reginaldojunior/experimentos/socket/mb-socket-dynamic/all-batches-3//GMSC-LBagExecutorMAXChunk-25-4-50-716
28/10/23 12:24:24
28/10/23 12:24:24
/home/pi/reginaldojunior/experimentos/socket/mb-socket-dynamic/all-batches-3//GMSC-StreamingRandomPatchesExecutorMAXChunk-25-4-50-295
28/10/23 12:34:29
28/10/23 12:34:29
/home/pi/reginaldojunior/experimentos/socket/mb-socket-dynamic/all-batches-3//GMSC-OzaBagAdwinExecutorMAXChunk-25-4-50-1709
28/10/23 12:41:52
28/10/23 12:41:52
/home/pi/reginaldojunior/experimentos/socket/mb-socket-dynamic/all-batches-3//GMSC-OzaBagASHTExecutorMAXChunk-25-4-50-2263
28/10/23 12:45:17
28/10/23 12:45:17
/home/pi/reginaldojunior/experimentos/socket/mb-socket-dynamic/all-batches-3//GMSC-OzaBagExecutorMAXChunk-25-4-50-2260
28/10/23 12:50:55
28/10/23 12:50:55
/home/pi/reginaldojunior/experimentos/socket/mb-socket-dynamic/all-batches-3//elecNormNew-AdaptiveRandomForestExecutorMAXChunk-25-4-500-316
28/10/23 13:01:01
28/10/23 13:01:01
/home/pi/reginaldojunior/experimentos/socket/mb-socket-dynamic/all-batches-3//elecNormNew-LBagExecutorMAXChunk-25-4-500-524
28/10/23 13:05:20
28/10/23 13:05:20
/home/pi/reginaldojunior/experimentos/socket/mb-socket-dynamic/all-batches-3//elecNormNew-StreamingRandomPatchesExecutorMAXChunk-25-4-500-169
28/10/23 13:15:25
28/10/23 13:15:25
/home/pi/reginaldojunior/experimentos/socket/mb-socket-dynamic/all-batches-3//elecNormNew-OzaBagAdwinExecutorMAXChunk-25-4-500-1208
28/10/23 13:17:21
28/10/23 13:17:21
/home/pi/reginaldojunior/experimentos/socket/mb-socket-dynamic/all-batches-3//elecNormNew-OzaBagASHTExecutorMAXChunk-25-4-500-1496
28/10/23 13:19:28
28/10/23 13:19:28
/home/pi/reginaldojunior/experimentos/socket/mb-socket-dynamic/all-batches-3//elecNormNew-OzaBagExecutorMAXChunk-25-4-500-1664
28/10/23 13:21:25
28/10/23 13:21:25
/home/pi/reginaldojunior/experimentos/socket/mb-socket-dynamic/all-batches-3//covtypeNorm-AdaptiveRandomForestExecutorMAXChunk-25-4-500-207
28/10/23 13:31:30
28/10/23 13:31:30
/home/pi/reginaldojunior/experimentos/socket/mb-socket-dynamic/all-batches-3//covtypeNorm-LBagExecutorMAXChunk-25-4-500-150
28/10/23 13:41:37
28/10/23 13:41:37
/home/pi/reginaldojunior/experimentos/socket/mb-socket-dynamic/all-batches-3//covtypeNorm-StreamingRandomPatchesExecutorMAXChunk-25-4-500-68
28/10/23 13:51:44
28/10/23 13:51:44
/home/pi/reginaldojunior/experimentos/socket/mb-socket-dynamic/all-batches-3//covtypeNorm-OzaBagAdwinExecutorMAXChunk-25-4-500-283
28/10/23 14:01:51
28/10/23 14:01:51
/home/pi/reginaldojunior/experimentos/socket/mb-socket-dynamic/all-batches-3//covtypeNorm-OzaBagASHTExecutorMAXChunk-25-4-500-251
28/10/23 14:11:57
28/10/23 14:11:57
/home/pi/reginaldojunior/experimentos/socket/mb-socket-dynamic/all-batches-3//covtypeNorm-OzaBagExecutorMAXChunk-25-4-500-288
28/10/23 14:22:04
28/10/23 14:22:04
/home/pi/reginaldojunior/experimentos/socket/mb-socket-dynamic/all-batches-3//airlines-AdaptiveRandomForestExecutorMAXChunk-25-4-500-66
28/10/23 14:32:12
28/10/23 14:32:12
/home/pi/reginaldojunior/experimentos/socket/mb-socket-dynamic/all-batches-3//airlines-LBagExecutorMAXChunk-25-4-500-46
28/10/23 14:42:22
28/10/23 14:42:22
/home/pi/reginaldojunior/experimentos/socket/mb-socket-dynamic/all-batches-3//airlines-StreamingRandomPatchesExecutorMAXChunk-25-4-500-69
28/10/23 14:52:32
28/10/23 14:52:32
/home/pi/reginaldojunior/experimentos/socket/mb-socket-dynamic/all-batches-3//airlines-OzaBagAdwinExecutorMAXChunk-25-4-500-170
28/10/23 15:02:39
28/10/23 15:02:39
/home/pi/reginaldojunior/experimentos/socket/mb-socket-dynamic/all-batches-3//airlines-OzaBagASHTExecutorMAXChunk-25-4-500-177
28/10/23 15:12:46
28/10/23 15:12:46
/home/pi/reginaldojunior/experimentos/socket/mb-socket-dynamic/all-batches-3//airlines-OzaBagExecutorMAXChunk-25-4-500-170
28/10/23 15:22:53
28/10/23 15:22:53
/home/pi/reginaldojunior/experimentos/socket/mb-socket-dynamic/all-batches-3//GMSC-AdaptiveRandomForestExecutorMAXChunk-25-4-500-540
28/10/23 15:32:59
28/10/23 15:32:59
/home/pi/reginaldojunior/experimentos/socket/mb-socket-dynamic/all-batches-3//GMSC-LBagExecutorMAXChunk-25-4-500-716
28/10/23 15:43:06
28/10/23 15:43:06
/home/pi/reginaldojunior/experimentos/socket/mb-socket-dynamic/all-batches-3//GMSC-StreamingRandomPatchesExecutorMAXChunk-25-4-500-295
28/10/23 15:53:12
28/10/23 15:53:12
/home/pi/reginaldojunior/experimentos/socket/mb-socket-dynamic/all-batches-3//GMSC-OzaBagAdwinExecutorMAXChunk-25-4-500-1709
28/10/23 15:57:31
28/10/23 15:57:31
/home/pi/reginaldojunior/experimentos/socket/mb-socket-dynamic/all-batches-3//GMSC-OzaBagASHTExecutorMAXChunk-25-4-500-2263
28/10/23 16:01:18
28/10/23 16:01:18
/home/pi/reginaldojunior/experimentos/socket/mb-socket-dynamic/all-batches-3//GMSC-OzaBagExecutorMAXChunk-25-4-500-2260
28/10/23 16:07:19
28/10/23 16:07:19
/home/pi/reginaldojunior/experimentos/socket/mb-socket-dynamic/all-batches-3//elecNormNew-AdaptiveRandomForestExecutorMAXChunk-25-4-2000-316
28/10/23 16:15:12
28/10/23 16:15:12
/home/pi/reginaldojunior/experimentos/socket/mb-socket-dynamic/all-batches-3//elecNormNew-LBagExecutorMAXChunk-25-4-2000-524
28/10/23 16:23:56
28/10/23 16:23:56
/home/pi/reginaldojunior/experimentos/socket/mb-socket-dynamic/all-batches-3//elecNormNew-StreamingRandomPatchesExecutorMAXChunk-25-4-2000-169
28/10/23 16:34:03
28/10/23 16:34:03
/home/pi/reginaldojunior/experimentos/socket/mb-socket-dynamic/all-batches-3//elecNormNew-OzaBagAdwinExecutorMAXChunk-25-4-2000-1208
28/10/23 16:36:24
28/10/23 16:36:24
/home/pi/reginaldojunior/experimentos/socket/mb-socket-dynamic/all-batches-3//elecNormNew-OzaBagASHTExecutorMAXChunk-25-4-2000-1496
28/10/23 16:39:28
28/10/23 16:39:28
/home/pi/reginaldojunior/experimentos/socket/mb-socket-dynamic/all-batches-3//elecNormNew-OzaBagExecutorMAXChunk-25-4-2000-1664
28/10/23 16:42:45
28/10/23 16:42:45
/home/pi/reginaldojunior/experimentos/socket/mb-socket-dynamic/all-batches-3//covtypeNorm-AdaptiveRandomForestExecutorMAXChunk-25-4-2000-207
28/10/23 16:52:52
28/10/23 16:52:52
/home/pi/reginaldojunior/experimentos/socket/mb-socket-dynamic/all-batches-3//covtypeNorm-LBagExecutorMAXChunk-25-4-2000-150
28/10/23 17:02:59
28/10/23 17:02:59
/home/pi/reginaldojunior/experimentos/socket/mb-socket-dynamic/all-batches-3//covtypeNorm-StreamingRandomPatchesExecutorMAXChunk-25-4-2000-68
28/10/23 17:13:11
28/10/23 17:13:11
/home/pi/reginaldojunior/experimentos/socket/mb-socket-dynamic/all-batches-3//covtypeNorm-OzaBagAdwinExecutorMAXChunk-25-4-2000-283
28/10/23 17:23:21
28/10/23 17:23:21
/home/pi/reginaldojunior/experimentos/socket/mb-socket-dynamic/all-batches-3//covtypeNorm-OzaBagASHTExecutorMAXChunk-25-4-2000-251
28/10/23 17:33:30
28/10/23 17:33:30
/home/pi/reginaldojunior/experimentos/socket/mb-socket-dynamic/all-batches-3//covtypeNorm-OzaBagExecutorMAXChunk-25-4-2000-288
28/10/23 17:43:40
28/10/23 17:43:40
/home/pi/reginaldojunior/experimentos/socket/mb-socket-dynamic/all-batches-3//airlines-AdaptiveRandomForestExecutorMAXChunk-25-4-2000-66
28/10/23 17:53:58
28/10/23 17:53:58
/home/pi/reginaldojunior/experimentos/socket/mb-socket-dynamic/all-batches-3//airlines-LBagExecutorMAXChunk-25-4-2000-46
28/10/23 18:04:26
28/10/23 18:04:26
/home/pi/reginaldojunior/experimentos/socket/mb-socket-dynamic/all-batches-3//airlines-StreamingRandomPatchesExecutorMAXChunk-25-4-2000-69
28/10/23 18:14:34
28/10/23 18:14:34
/home/pi/reginaldojunior/experimentos/socket/mb-socket-dynamic/all-batches-3//airlines-OzaBagAdwinExecutorMAXChunk-25-4-2000-170
28/10/23 18:24:42
28/10/23 18:24:42
/home/pi/reginaldojunior/experimentos/socket/mb-socket-dynamic/all-batches-3//airlines-OzaBagASHTExecutorMAXChunk-25-4-2000-177
28/10/23 18:34:52
28/10/23 18:34:52
/home/pi/reginaldojunior/experimentos/socket/mb-socket-dynamic/all-batches-3//airlines-OzaBagExecutorMAXChunk-25-4-2000-170
28/10/23 18:45:10
28/10/23 18:45:10
/home/pi/reginaldojunior/experimentos/socket/mb-socket-dynamic/all-batches-3//GMSC-AdaptiveRandomForestExecutorMAXChunk-25-4-2000-540
28/10/23 18:55:16
28/10/23 18:55:16
/home/pi/reginaldojunior/experimentos/socket/mb-socket-dynamic/all-batches-3//GMSC-LBagExecutorMAXChunk-25-4-2000-716
28/10/23 19:05:24
28/10/23 19:05:24
/home/pi/reginaldojunior/experimentos/socket/mb-socket-dynamic/all-batches-3//GMSC-StreamingRandomPatchesExecutorMAXChunk-25-4-2000-295
28/10/23 19:15:31
28/10/23 19:15:31
/home/pi/reginaldojunior/experimentos/socket/mb-socket-dynamic/all-batches-3//GMSC-OzaBagAdwinExecutorMAXChunk-25-4-2000-1709
28/10/23 19:20:50
28/10/23 19:20:50
/home/pi/reginaldojunior/experimentos/socket/mb-socket-dynamic/all-batches-3//GMSC-OzaBagASHTExecutorMAXChunk-25-4-2000-2263
28/10/23 19:26:32
28/10/23 19:26:32
/home/pi/reginaldojunior/experimentos/socket/mb-socket-dynamic/all-batches-3//GMSC-OzaBagExecutorMAXChunk-25-4-2000-2260
28/10/23 19:30:21
