01/10/23 06:59:12
/home/pi/reginaldojunior/experimentos/socket/optimized/all-batches//covtypeNorm-AdaptiveRandomForestExecutorMAXChunk-25-4-25-84
01/10/23 07:01:17
01/10/23 07:01:17
/home/pi/reginaldojunior/experimentos/socket/optimized/all-batches//covtypeNorm-AdaptiveRandomForestExecutorMAXChunk-25-4-25-422
01/10/23 07:03:22
01/10/23 07:03:22
/home/pi/reginaldojunior/experimentos/socket/optimized/all-batches//covtypeNorm-AdaptiveRandomForestExecutorMAXChunk-25-4-25-760
01/10/23 07:05:27
01/10/23 07:05:27
/home/pi/reginaldojunior/experimentos/socket/optimized/all-batches//covtypeNorm-LBagExecutorMAXChunk-25-4-25-57
01/10/23 07:07:33
01/10/23 07:07:33
/home/pi/reginaldojunior/experimentos/socket/optimized/all-batches//covtypeNorm-LBagExecutorMAXChunk-25-4-25-287
01/10/23 07:09:40
01/10/23 07:09:40
/home/pi/reginaldojunior/experimentos/socket/optimized/all-batches//covtypeNorm-LBagExecutorMAXChunk-25-4-25-517
01/10/23 07:11:47
01/10/23 07:11:47
/home/pi/reginaldojunior/experimentos/socket/optimized/all-batches//covtypeNorm-StreamingRandomPatchesExecutorMAXChunk-25-4-25-25
01/10/23 07:13:52
01/10/23 07:13:52
/home/pi/reginaldojunior/experimentos/socket/optimized/all-batches//covtypeNorm-StreamingRandomPatchesExecutorMAXChunk-25-4-25-126
01/10/23 07:15:57
01/10/23 07:15:57
/home/pi/reginaldojunior/experimentos/socket/optimized/all-batches//covtypeNorm-StreamingRandomPatchesExecutorMAXChunk-25-4-25-228
01/10/23 07:18:02
01/10/23 07:18:02
/home/pi/reginaldojunior/experimentos/socket/optimized/all-batches//covtypeNorm-OzaBagAdwinExecutorMAXChunk-25-4-25-79
01/10/23 07:20:09
01/10/23 07:20:09
/home/pi/reginaldojunior/experimentos/socket/optimized/all-batches//covtypeNorm-OzaBagAdwinExecutorMAXChunk-25-4-25-397
01/10/23 07:22:16
01/10/23 07:22:16
/home/pi/reginaldojunior/experimentos/socket/optimized/all-batches//covtypeNorm-OzaBagAdwinExecutorMAXChunk-25-4-25-714
01/10/23 07:24:22
01/10/23 07:24:22
/home/pi/reginaldojunior/experimentos/socket/optimized/all-batches//covtypeNorm-OzaBagASHTExecutorMAXChunk-25-4-25-270
01/10/23 07:26:29
01/10/23 07:26:29
/home/pi/reginaldojunior/experimentos/socket/optimized/all-batches//covtypeNorm-OzaBagASHTExecutorMAXChunk-25-4-25-1354
01/10/23 07:28:36
01/10/23 07:28:36
/home/pi/reginaldojunior/experimentos/socket/optimized/all-batches//covtypeNorm-OzaBagASHTExecutorMAXChunk-25-4-25-2438
01/10/23 07:30:43
01/10/23 07:30:43
/home/pi/reginaldojunior/experimentos/socket/optimized/all-batches//covtypeNorm-OzaBagExecutorMAXChunk-25-4-25-267
01/10/23 07:32:49
01/10/23 07:32:49
/home/pi/reginaldojunior/experimentos/socket/optimized/all-batches//covtypeNorm-OzaBagExecutorMAXChunk-25-4-25-1339
01/10/23 07:34:56
01/10/23 07:34:56
/home/pi/reginaldojunior/experimentos/socket/optimized/all-batches//covtypeNorm-OzaBagExecutorMAXChunk-25-4-25-2411
01/10/23 07:37:03
01/10/23 07:37:03
/home/pi/reginaldojunior/experimentos/socket/optimized/all-batches//airlines-AdaptiveRandomForestExecutorMAXChunk-25-4-25-21
01/10/23 07:39:09
01/10/23 07:39:09
/home/pi/reginaldojunior/experimentos/socket/optimized/all-batches//airlines-AdaptiveRandomForestExecutorMAXChunk-25-4-25-106
01/10/23 07:41:15
01/10/23 07:41:15
/home/pi/reginaldojunior/experimentos/socket/optimized/all-batches//airlines-AdaptiveRandomForestExecutorMAXChunk-25-4-25-192
01/10/23 07:43:21
01/10/23 07:43:21
/home/pi/reginaldojunior/experimentos/socket/optimized/all-batches//airlines-LBagExecutorMAXChunk-25-4-25-21
01/10/23 07:45:28
01/10/23 07:45:28
/home/pi/reginaldojunior/experimentos/socket/optimized/all-batches//airlines-LBagExecutorMAXChunk-25-4-25-105
01/10/23 07:47:35
01/10/23 07:47:35
/home/pi/reginaldojunior/experimentos/socket/optimized/all-batches//airlines-LBagExecutorMAXChunk-25-4-25-189
01/10/23 07:49:42
01/10/23 07:49:42
/home/pi/reginaldojunior/experimentos/socket/optimized/all-batches//airlines-StreamingRandomPatchesExecutorMAXChunk-25-4-25-23
01/10/23 07:51:48
01/10/23 07:51:48
/home/pi/reginaldojunior/experimentos/socket/optimized/all-batches//airlines-StreamingRandomPatchesExecutorMAXChunk-25-4-25-118
01/10/23 07:53:53
01/10/23 07:53:53
/home/pi/reginaldojunior/experimentos/socket/optimized/all-batches//airlines-StreamingRandomPatchesExecutorMAXChunk-25-4-25-212
01/10/23 07:55:58
01/10/23 07:55:58
/home/pi/reginaldojunior/experimentos/socket/optimized/all-batches//airlines-OzaBagAdwinExecutorMAXChunk-25-4-25-71
01/10/23 07:58:04
01/10/23 07:58:04
/home/pi/reginaldojunior/experimentos/socket/optimized/all-batches//airlines-OzaBagAdwinExecutorMAXChunk-25-4-25-358
01/10/23 08:00:11
01/10/23 08:00:11
/home/pi/reginaldojunior/experimentos/socket/optimized/all-batches//airlines-OzaBagAdwinExecutorMAXChunk-25-4-25-646
01/10/23 08:02:17
01/10/23 08:02:18
/home/pi/reginaldojunior/experimentos/socket/optimized/all-batches//airlines-OzaBagASHTExecutorMAXChunk-25-4-25-273
01/10/23 08:04:24
01/10/23 08:04:24
/home/pi/reginaldojunior/experimentos/socket/optimized/all-batches//airlines-OzaBagASHTExecutorMAXChunk-25-4-25-1367
01/10/23 08:06:31
01/10/23 08:06:31
/home/pi/reginaldojunior/experimentos/socket/optimized/all-batches//airlines-OzaBagASHTExecutorMAXChunk-25-4-25-2462
01/10/23 08:08:38
01/10/23 08:08:38
/home/pi/reginaldojunior/experimentos/socket/optimized/all-batches//airlines-OzaBagExecutorMAXChunk-25-4-25-480
01/10/23 08:10:45
01/10/23 08:10:45
/home/pi/reginaldojunior/experimentos/socket/optimized/all-batches//airlines-OzaBagExecutorMAXChunk-25-4-25-2400
01/10/23 08:12:51
01/10/23 08:12:51
/home/pi/reginaldojunior/experimentos/socket/optimized/all-batches//airlines-OzaBagExecutorMAXChunk-25-4-25-4320
01/10/23 08:14:58
01/10/23 08:14:58
/home/pi/reginaldojunior/experimentos/socket/optimized/all-batches//elecNormNew-AdaptiveRandomForestExecutorMAXChunk-25-4-25-88
01/10/23 08:17:03
01/10/23 08:17:03
/home/pi/reginaldojunior/experimentos/socket/optimized/all-batches//elecNormNew-AdaptiveRandomForestExecutorMAXChunk-25-4-25-441
01/10/23 08:18:52
01/10/23 08:18:52
/home/pi/reginaldojunior/experimentos/socket/optimized/all-batches//elecNormNew-AdaptiveRandomForestExecutorMAXChunk-25-4-25-794
01/10/23 08:19:55
01/10/23 08:19:55
/home/pi/reginaldojunior/experimentos/socket/optimized/all-batches//elecNormNew-LBagExecutorMAXChunk-25-4-25-125
01/10/23 08:22:02
01/10/23 08:22:02
/home/pi/reginaldojunior/experimentos/socket/optimized/all-batches//elecNormNew-LBagExecutorMAXChunk-25-4-25-629
01/10/23 08:23:20
01/10/23 08:23:20
/home/pi/reginaldojunior/experimentos/socket/optimized/all-batches//elecNormNew-LBagExecutorMAXChunk-25-4-25-1132
01/10/23 08:24:07
01/10/23 08:24:07
/home/pi/reginaldojunior/experimentos/socket/optimized/all-batches//elecNormNew-StreamingRandomPatchesExecutorMAXChunk-25-4-25-49
01/10/23 08:26:13
01/10/23 08:26:13
/home/pi/reginaldojunior/experimentos/socket/optimized/all-batches//elecNormNew-StreamingRandomPatchesExecutorMAXChunk-25-4-25-248
01/10/23 08:28:18
01/10/23 08:28:18
/home/pi/reginaldojunior/experimentos/socket/optimized/all-batches//elecNormNew-StreamingRandomPatchesExecutorMAXChunk-25-4-25-446
01/10/23 08:30:05
01/10/23 08:30:05
/home/pi/reginaldojunior/experimentos/socket/optimized/all-batches//elecNormNew-OzaBagAdwinExecutorMAXChunk-25-4-25-214
01/10/23 08:32:12
01/10/23 08:32:12
/home/pi/reginaldojunior/experimentos/socket/optimized/all-batches//elecNormNew-OzaBagAdwinExecutorMAXChunk-25-4-25-1071
01/10/23 08:33:00
01/10/23 08:33:00
/home/pi/reginaldojunior/experimentos/socket/optimized/all-batches//elecNormNew-OzaBagAdwinExecutorMAXChunk-25-4-25-1928
01/10/23 08:33:30
01/10/23 08:33:30
/home/pi/reginaldojunior/experimentos/socket/optimized/all-batches//elecNormNew-OzaBagASHTExecutorMAXChunk-25-4-25-392
01/10/23 08:35:32
01/10/23 08:35:32
/home/pi/reginaldojunior/experimentos/socket/optimized/all-batches//elecNormNew-OzaBagASHTExecutorMAXChunk-25-4-25-1963
01/10/23 08:36:02
01/10/23 08:36:02
/home/pi/reginaldojunior/experimentos/socket/optimized/all-batches//elecNormNew-OzaBagASHTExecutorMAXChunk-25-4-25-3533
01/10/23 08:36:23
01/10/23 08:36:23
/home/pi/reginaldojunior/experimentos/socket/optimized/all-batches//elecNormNew-OzaBagExecutorMAXChunk-25-4-25-394
01/10/23 08:38:25
01/10/23 08:38:25
/home/pi/reginaldojunior/experimentos/socket/optimized/all-batches//elecNormNew-OzaBagExecutorMAXChunk-25-4-25-1972
01/10/23 08:38:55
01/10/23 08:38:55
/home/pi/reginaldojunior/experimentos/socket/optimized/all-batches//elecNormNew-OzaBagExecutorMAXChunk-25-4-25-3550
01/10/23 08:39:15
01/10/23 08:39:15
/home/pi/reginaldojunior/experimentos/socket/optimized/all-batches//GMSC-AdaptiveRandomForestExecutorMAXChunk-25-4-25-157
01/10/23 08:41:19
01/10/23 08:41:19
/home/pi/reginaldojunior/experimentos/socket/optimized/all-batches//GMSC-AdaptiveRandomForestExecutorMAXChunk-25-4-25-787
01/10/23 08:43:26
01/10/23 08:43:26
/home/pi/reginaldojunior/experimentos/socket/optimized/all-batches//GMSC-AdaptiveRandomForestExecutorMAXChunk-25-4-25-1417
01/10/23 08:45:18
01/10/23 08:45:18
/home/pi/reginaldojunior/experimentos/socket/optimized/all-batches//GMSC-LBagExecutorMAXChunk-25-4-25-186
01/10/23 08:47:24
01/10/23 08:47:24
/home/pi/reginaldojunior/experimentos/socket/optimized/all-batches//GMSC-LBagExecutorMAXChunk-25-4-25-930
01/10/23 08:49:31
01/10/23 08:49:31
/home/pi/reginaldojunior/experimentos/socket/optimized/all-batches//GMSC-LBagExecutorMAXChunk-25-4-25-1675
01/10/23 08:51:07
01/10/23 08:51:07
/home/pi/reginaldojunior/experimentos/socket/optimized/all-batches//GMSC-StreamingRandomPatchesExecutorMAXChunk-25-4-25-89
01/10/23 08:53:12
01/10/23 08:53:12
/home/pi/reginaldojunior/experimentos/socket/optimized/all-batches//GMSC-StreamingRandomPatchesExecutorMAXChunk-25-4-25-449
01/10/23 08:55:17
01/10/23 08:55:17
/home/pi/reginaldojunior/experimentos/socket/optimized/all-batches//GMSC-StreamingRandomPatchesExecutorMAXChunk-25-4-25-808
01/10/23 08:57:22
01/10/23 08:57:22
/home/pi/reginaldojunior/experimentos/socket/optimized/all-batches//GMSC-OzaBagAdwinExecutorMAXChunk-25-4-25-306
01/10/23 08:59:29
01/10/23 08:59:29
/home/pi/reginaldojunior/experimentos/socket/optimized/all-batches//GMSC-OzaBagAdwinExecutorMAXChunk-25-4-25-1533
01/10/23 09:01:14
01/10/23 09:01:14
/home/pi/reginaldojunior/experimentos/socket/optimized/all-batches//GMSC-OzaBagAdwinExecutorMAXChunk-25-4-25-2760
01/10/23 09:02:15
01/10/23 09:02:15
/home/pi/reginaldojunior/experimentos/socket/optimized/all-batches//GMSC-OzaBagASHTExecutorMAXChunk-25-4-25-686
01/10/23 09:04:21
01/10/23 09:04:21
/home/pi/reginaldojunior/experimentos/socket/optimized/all-batches//GMSC-OzaBagASHTExecutorMAXChunk-25-4-25-3431
01/10/23 09:05:12
01/10/23 09:05:12
/home/pi/reginaldojunior/experimentos/socket/optimized/all-batches//GMSC-OzaBagASHTExecutorMAXChunk-25-4-25-6177
01/10/23 09:05:43
01/10/23 09:05:43
/home/pi/reginaldojunior/experimentos/socket/optimized/all-batches//GMSC-OzaBagExecutorMAXChunk-25-4-25-665
01/10/23 09:07:49
01/10/23 09:07:49
/home/pi/reginaldojunior/experimentos/socket/optimized/all-batches//GMSC-OzaBagExecutorMAXChunk-25-4-25-3326
01/10/23 09:08:41
01/10/23 09:08:41
/home/pi/reginaldojunior/experimentos/socket/optimized/all-batches//GMSC-OzaBagExecutorMAXChunk-25-4-25-5988
01/10/23 09:09:13
01/10/23 09:09:13
/home/pi/reginaldojunior/experimentos/socket/optimized/all-batches//covtypeNorm-AdaptiveRandomForestExecutorMAXChunk-25-4-50-101
01/10/23 09:11:18
01/10/23 09:11:18
/home/pi/reginaldojunior/experimentos/socket/optimized/all-batches//covtypeNorm-AdaptiveRandomForestExecutorMAXChunk-25-4-50-506
01/10/23 09:13:22
01/10/23 09:13:22
/home/pi/reginaldojunior/experimentos/socket/optimized/all-batches//covtypeNorm-AdaptiveRandomForestExecutorMAXChunk-25-4-50-911
01/10/23 09:15:27
01/10/23 09:15:27
/home/pi/reginaldojunior/experimentos/socket/optimized/all-batches//covtypeNorm-LBagExecutorMAXChunk-25-4-50-66
01/10/23 09:17:34
01/10/23 09:17:34
/home/pi/reginaldojunior/experimentos/socket/optimized/all-batches//covtypeNorm-LBagExecutorMAXChunk-25-4-50-333
01/10/23 09:19:41
01/10/23 09:19:41
/home/pi/reginaldojunior/experimentos/socket/optimized/all-batches//covtypeNorm-LBagExecutorMAXChunk-25-4-50-600
01/10/23 09:21:46
01/10/23 09:21:46
/home/pi/reginaldojunior/experimentos/socket/optimized/all-batches//covtypeNorm-StreamingRandomPatchesExecutorMAXChunk-25-4-50-25
01/10/23 09:23:51
01/10/23 09:23:51
/home/pi/reginaldojunior/experimentos/socket/optimized/all-batches//covtypeNorm-StreamingRandomPatchesExecutorMAXChunk-25-4-50-127
01/10/23 09:25:56
01/10/23 09:25:56
/home/pi/reginaldojunior/experimentos/socket/optimized/all-batches//covtypeNorm-StreamingRandomPatchesExecutorMAXChunk-25-4-50-230
01/10/23 09:28:01
01/10/23 09:28:01
/home/pi/reginaldojunior/experimentos/socket/optimized/all-batches//covtypeNorm-OzaBagAdwinExecutorMAXChunk-25-4-50-99
01/10/23 09:30:08
01/10/23 09:30:08
/home/pi/reginaldojunior/experimentos/socket/optimized/all-batches//covtypeNorm-OzaBagAdwinExecutorMAXChunk-25-4-50-498
01/10/23 09:32:14
01/10/23 09:32:14
/home/pi/reginaldojunior/experimentos/socket/optimized/all-batches//covtypeNorm-OzaBagAdwinExecutorMAXChunk-25-4-50-896
01/10/23 09:34:21
01/10/23 09:34:21
/home/pi/reginaldojunior/experimentos/socket/optimized/all-batches//covtypeNorm-OzaBagASHTExecutorMAXChunk-25-4-50-270
01/10/23 09:36:28
01/10/23 09:36:28
/home/pi/reginaldojunior/experimentos/socket/optimized/all-batches//covtypeNorm-OzaBagASHTExecutorMAXChunk-25-4-50-1354
01/10/23 09:38:35
01/10/23 09:38:35
/home/pi/reginaldojunior/experimentos/socket/optimized/all-batches//covtypeNorm-OzaBagASHTExecutorMAXChunk-25-4-50-2437
01/10/23 09:40:42
01/10/23 09:40:42
/home/pi/reginaldojunior/experimentos/socket/optimized/all-batches//covtypeNorm-OzaBagExecutorMAXChunk-25-4-50-267
01/10/23 09:42:48
01/10/23 09:42:48
/home/pi/reginaldojunior/experimentos/socket/optimized/all-batches//covtypeNorm-OzaBagExecutorMAXChunk-25-4-50-1337
01/10/23 09:44:55
01/10/23 09:44:55
/home/pi/reginaldojunior/experimentos/socket/optimized/all-batches//covtypeNorm-OzaBagExecutorMAXChunk-25-4-50-2407
01/10/23 09:47:01
01/10/23 09:47:01
/home/pi/reginaldojunior/experimentos/socket/optimized/all-batches//airlines-AdaptiveRandomForestExecutorMAXChunk-25-4-50-22
01/10/23 09:49:06
01/10/23 09:49:06
/home/pi/reginaldojunior/experimentos/socket/optimized/all-batches//airlines-AdaptiveRandomForestExecutorMAXChunk-25-4-50-110
01/10/23 09:51:12
01/10/23 09:51:12
/home/pi/reginaldojunior/experimentos/socket/optimized/all-batches//airlines-AdaptiveRandomForestExecutorMAXChunk-25-4-50-198
01/10/23 09:53:17
01/10/23 09:53:17
/home/pi/reginaldojunior/experimentos/socket/optimized/all-batches//airlines-LBagExecutorMAXChunk-25-4-50-21
01/10/23 09:55:24
01/10/23 09:55:24
/home/pi/reginaldojunior/experimentos/socket/optimized/all-batches//airlines-LBagExecutorMAXChunk-25-4-50-107
01/10/23 09:57:32
01/10/23 09:57:32
/home/pi/reginaldojunior/experimentos/socket/optimized/all-batches//airlines-LBagExecutorMAXChunk-25-4-50-192
01/10/23 09:59:40
01/10/23 09:59:40
/home/pi/reginaldojunior/experimentos/socket/optimized/all-batches//airlines-StreamingRandomPatchesExecutorMAXChunk-25-4-50-23
01/10/23 10:01:46
01/10/23 10:01:46
/home/pi/reginaldojunior/experimentos/socket/optimized/all-batches//airlines-StreamingRandomPatchesExecutorMAXChunk-25-4-50-119
01/10/23 10:03:52
01/10/23 10:03:52
/home/pi/reginaldojunior/experimentos/socket/optimized/all-batches//airlines-StreamingRandomPatchesExecutorMAXChunk-25-4-50-215
01/10/23 10:05:57
01/10/23 10:05:57
/home/pi/reginaldojunior/experimentos/socket/optimized/all-batches//airlines-OzaBagAdwinExecutorMAXChunk-25-4-50-68
01/10/23 10:08:04
01/10/23 10:08:04
/home/pi/reginaldojunior/experimentos/socket/optimized/all-batches//airlines-OzaBagAdwinExecutorMAXChunk-25-4-50-341
01/10/23 10:10:11
01/10/23 10:10:11
/home/pi/reginaldojunior/experimentos/socket/optimized/all-batches//airlines-OzaBagAdwinExecutorMAXChunk-25-4-50-614
01/10/23 10:12:17
01/10/23 10:12:17
/home/pi/reginaldojunior/experimentos/socket/optimized/all-batches//airlines-OzaBagASHTExecutorMAXChunk-25-4-50-379
01/10/23 10:14:24
01/10/23 10:14:24
/home/pi/reginaldojunior/experimentos/socket/optimized/all-batches//airlines-OzaBagASHTExecutorMAXChunk-25-4-50-1899
01/10/23 10:16:30
01/10/23 10:16:30
/home/pi/reginaldojunior/experimentos/socket/optimized/all-batches//airlines-OzaBagASHTExecutorMAXChunk-25-4-50-3419
01/10/23 10:18:37
01/10/23 10:18:37
/home/pi/reginaldojunior/experimentos/socket/optimized/all-batches//airlines-OzaBagExecutorMAXChunk-25-4-50-502
01/10/23 10:20:44
01/10/23 10:20:44
/home/pi/reginaldojunior/experimentos/socket/optimized/all-batches//airlines-OzaBagExecutorMAXChunk-25-4-50-2513
01/10/23 10:22:50
01/10/23 10:22:50
/home/pi/reginaldojunior/experimentos/socket/optimized/all-batches//airlines-OzaBagExecutorMAXChunk-25-4-50-4525
01/10/23 10:24:57
01/10/23 10:24:57
/home/pi/reginaldojunior/experimentos/socket/optimized/all-batches//elecNormNew-AdaptiveRandomForestExecutorMAXChunk-25-4-50-91
01/10/23 10:27:01
01/10/23 10:27:02
/home/pi/reginaldojunior/experimentos/socket/optimized/all-batches//elecNormNew-AdaptiveRandomForestExecutorMAXChunk-25-4-50-459
01/10/23 10:28:46
01/10/23 10:28:46
/home/pi/reginaldojunior/experimentos/socket/optimized/all-batches//elecNormNew-AdaptiveRandomForestExecutorMAXChunk-25-4-50-827
01/10/23 10:29:47
01/10/23 10:29:47
/home/pi/reginaldojunior/experimentos/socket/optimized/all-batches//elecNormNew-LBagExecutorMAXChunk-25-4-50-131
01/10/23 10:31:54
01/10/23 10:31:54
/home/pi/reginaldojunior/experimentos/socket/optimized/all-batches//elecNormNew-LBagExecutorMAXChunk-25-4-50-658
01/10/23 10:33:09
01/10/23 10:33:09
/home/pi/reginaldojunior/experimentos/socket/optimized/all-batches//elecNormNew-LBagExecutorMAXChunk-25-4-50-1184
01/10/23 10:33:54
01/10/23 10:33:54
/home/pi/reginaldojunior/experimentos/socket/optimized/all-batches//elecNormNew-StreamingRandomPatchesExecutorMAXChunk-25-4-50-48
01/10/23 10:36:00
01/10/23 10:36:00
/home/pi/reginaldojunior/experimentos/socket/optimized/all-batches//elecNormNew-StreamingRandomPatchesExecutorMAXChunk-25-4-50-244
01/10/23 10:38:05
01/10/23 10:38:05
/home/pi/reginaldojunior/experimentos/socket/optimized/all-batches//elecNormNew-StreamingRandomPatchesExecutorMAXChunk-25-4-50-440
01/10/23 10:39:53
01/10/23 10:39:53
/home/pi/reginaldojunior/experimentos/socket/optimized/all-batches//elecNormNew-OzaBagAdwinExecutorMAXChunk-25-4-50-252
01/10/23 10:42:00
01/10/23 10:42:00
/home/pi/reginaldojunior/experimentos/socket/optimized/all-batches//elecNormNew-OzaBagAdwinExecutorMAXChunk-25-4-50-1261
01/10/23 10:42:43
01/10/23 10:42:43
/home/pi/reginaldojunior/experimentos/socket/optimized/all-batches//elecNormNew-OzaBagAdwinExecutorMAXChunk-25-4-50-2270
01/10/23 10:43:09
01/10/23 10:43:09
/home/pi/reginaldojunior/experimentos/socket/optimized/all-batches//elecNormNew-OzaBagASHTExecutorMAXChunk-25-4-50-414
01/10/23 10:45:06
01/10/23 10:45:06
/home/pi/reginaldojunior/experimentos/socket/optimized/all-batches//elecNormNew-OzaBagASHTExecutorMAXChunk-25-4-50-2070
01/10/23 10:45:35
01/10/23 10:45:35
/home/pi/reginaldojunior/experimentos/socket/optimized/all-batches//elecNormNew-OzaBagASHTExecutorMAXChunk-25-4-50-3727
01/10/23 10:45:54
01/10/23 10:45:54
/home/pi/reginaldojunior/experimentos/socket/optimized/all-batches//elecNormNew-OzaBagExecutorMAXChunk-25-4-50-416
01/10/23 10:47:50
01/10/23 10:47:50
/home/pi/reginaldojunior/experimentos/socket/optimized/all-batches//elecNormNew-OzaBagExecutorMAXChunk-25-4-50-2081
01/10/23 10:48:18
01/10/23 10:48:18
/home/pi/reginaldojunior/experimentos/socket/optimized/all-batches//elecNormNew-OzaBagExecutorMAXChunk-25-4-50-3745
01/10/23 10:48:38
01/10/23 10:48:38
/home/pi/reginaldojunior/experimentos/socket/optimized/all-batches//GMSC-AdaptiveRandomForestExecutorMAXChunk-25-4-50-169
01/10/23 10:50:43
01/10/23 10:50:43
/home/pi/reginaldojunior/experimentos/socket/optimized/all-batches//GMSC-AdaptiveRandomForestExecutorMAXChunk-25-4-50-849
01/10/23 10:52:49
01/10/23 10:52:49
/home/pi/reginaldojunior/experimentos/socket/optimized/all-batches//GMSC-AdaptiveRandomForestExecutorMAXChunk-25-4-50-1529
01/10/23 10:54:32
01/10/23 10:54:32
/home/pi/reginaldojunior/experimentos/socket/optimized/all-batches//GMSC-LBagExecutorMAXChunk-25-4-50-203
01/10/23 10:56:39
01/10/23 10:56:39
/home/pi/reginaldojunior/experimentos/socket/optimized/all-batches//GMSC-LBagExecutorMAXChunk-25-4-50-1018
01/10/23 10:58:46
01/10/23 10:58:46
/home/pi/reginaldojunior/experimentos/socket/optimized/all-batches//GMSC-LBagExecutorMAXChunk-25-4-50-1833
01/10/23 11:00:15
01/10/23 11:00:15
/home/pi/reginaldojunior/experimentos/socket/optimized/all-batches//GMSC-StreamingRandomPatchesExecutorMAXChunk-25-4-50-95
01/10/23 11:02:19
01/10/23 11:02:19
/home/pi/reginaldojunior/experimentos/socket/optimized/all-batches//GMSC-StreamingRandomPatchesExecutorMAXChunk-25-4-50-479
01/10/23 11:04:25
01/10/23 11:04:25
/home/pi/reginaldojunior/experimentos/socket/optimized/all-batches//GMSC-StreamingRandomPatchesExecutorMAXChunk-25-4-50-862
01/10/23 11:06:30
01/10/23 11:06:30
/home/pi/reginaldojunior/experimentos/socket/optimized/all-batches//GMSC-OzaBagAdwinExecutorMAXChunk-25-4-50-402
01/10/23 11:08:36
01/10/23 11:08:36
/home/pi/reginaldojunior/experimentos/socket/optimized/all-batches//GMSC-OzaBagAdwinExecutorMAXChunk-25-4-50-2013
01/10/23 11:09:58
01/10/23 11:09:58
/home/pi/reginaldojunior/experimentos/socket/optimized/all-batches//GMSC-OzaBagAdwinExecutorMAXChunk-25-4-50-3625
01/10/23 11:10:46
01/10/23 11:10:46
/home/pi/reginaldojunior/experimentos/socket/optimized/all-batches//GMSC-OzaBagASHTExecutorMAXChunk-25-4-50-728
01/10/23 11:12:53
01/10/23 11:12:53
/home/pi/reginaldojunior/experimentos/socket/optimized/all-batches//GMSC-OzaBagASHTExecutorMAXChunk-25-4-50-3642
01/10/23 11:13:40
01/10/23 11:13:40
/home/pi/reginaldojunior/experimentos/socket/optimized/all-batches//GMSC-OzaBagASHTExecutorMAXChunk-25-4-50-6556
01/10/23 11:14:10
01/10/23 11:14:10
/home/pi/reginaldojunior/experimentos/socket/optimized/all-batches//GMSC-OzaBagExecutorMAXChunk-25-4-50-699
01/10/23 11:16:17
01/10/23 11:16:17
/home/pi/reginaldojunior/experimentos/socket/optimized/all-batches//GMSC-OzaBagExecutorMAXChunk-25-4-50-3495
01/10/23 11:17:06
01/10/23 11:17:06
/home/pi/reginaldojunior/experimentos/socket/optimized/all-batches//GMSC-OzaBagExecutorMAXChunk-25-4-50-6291
01/10/23 11:17:38
01/10/23 11:17:38
/home/pi/reginaldojunior/experimentos/socket/optimized/all-batches//covtypeNorm-AdaptiveRandomForestExecutorMAXChunk-25-4-100-106
01/10/23 11:19:43
01/10/23 11:19:43
/home/pi/reginaldojunior/experimentos/socket/optimized/all-batches//covtypeNorm-AdaptiveRandomForestExecutorMAXChunk-25-4-100-530
01/10/23 11:21:48
01/10/23 11:21:48
/home/pi/reginaldojunior/experimentos/socket/optimized/all-batches//covtypeNorm-AdaptiveRandomForestExecutorMAXChunk-25-4-100-955
01/10/23 11:23:53
01/10/23 11:23:53
/home/pi/reginaldojunior/experimentos/socket/optimized/all-batches//covtypeNorm-LBagExecutorMAXChunk-25-4-100-71
01/10/23 11:25:59
01/10/23 11:25:59
/home/pi/reginaldojunior/experimentos/socket/optimized/all-batches//covtypeNorm-LBagExecutorMAXChunk-25-4-100-356
01/10/23 11:28:06
01/10/23 11:28:06
/home/pi/reginaldojunior/experimentos/socket/optimized/all-batches//covtypeNorm-LBagExecutorMAXChunk-25-4-100-641
01/10/23 11:30:13
01/10/23 11:30:13
/home/pi/reginaldojunior/experimentos/socket/optimized/all-batches//covtypeNorm-StreamingRandomPatchesExecutorMAXChunk-25-4-100-26
01/10/23 11:32:19
01/10/23 11:32:19
/home/pi/reginaldojunior/experimentos/socket/optimized/all-batches//covtypeNorm-StreamingRandomPatchesExecutorMAXChunk-25-4-100-132
01/10/23 11:34:24
01/10/23 11:34:24
/home/pi/reginaldojunior/experimentos/socket/optimized/all-batches//covtypeNorm-StreamingRandomPatchesExecutorMAXChunk-25-4-100-238
01/10/23 11:36:29
01/10/23 11:36:29
/home/pi/reginaldojunior/experimentos/socket/optimized/all-batches//covtypeNorm-OzaBagAdwinExecutorMAXChunk-25-4-100-112
01/10/23 11:38:36
01/10/23 11:38:36
/home/pi/reginaldojunior/experimentos/socket/optimized/all-batches//covtypeNorm-OzaBagAdwinExecutorMAXChunk-25-4-100-563
01/10/23 11:40:42
01/10/23 11:40:42
/home/pi/reginaldojunior/experimentos/socket/optimized/all-batches//covtypeNorm-OzaBagAdwinExecutorMAXChunk-25-4-100-1014
01/10/23 11:42:49
01/10/23 11:42:49
/home/pi/reginaldojunior/experimentos/socket/optimized/all-batches//covtypeNorm-OzaBagASHTExecutorMAXChunk-25-4-100-314
01/10/23 11:44:56
01/10/23 11:44:56
/home/pi/reginaldojunior/experimentos/socket/optimized/all-batches//covtypeNorm-OzaBagASHTExecutorMAXChunk-25-4-100-1573
01/10/23 11:47:03
01/10/23 11:47:03
/home/pi/reginaldojunior/experimentos/socket/optimized/all-batches//covtypeNorm-OzaBagASHTExecutorMAXChunk-25-4-100-2831
01/10/23 11:49:09
01/10/23 11:49:09
/home/pi/reginaldojunior/experimentos/socket/optimized/all-batches//covtypeNorm-OzaBagExecutorMAXChunk-25-4-100-299
01/10/23 11:51:16
01/10/23 11:51:16
/home/pi/reginaldojunior/experimentos/socket/optimized/all-batches//covtypeNorm-OzaBagExecutorMAXChunk-25-4-100-1495
01/10/23 11:53:23
01/10/23 11:53:23
/home/pi/reginaldojunior/experimentos/socket/optimized/all-batches//covtypeNorm-OzaBagExecutorMAXChunk-25-4-100-2691
01/10/23 11:55:30
01/10/23 11:55:30
/home/pi/reginaldojunior/experimentos/socket/optimized/all-batches//airlines-AdaptiveRandomForestExecutorMAXChunk-25-4-100-23
01/10/23 11:57:36
01/10/23 11:57:36
/home/pi/reginaldojunior/experimentos/socket/optimized/all-batches//airlines-AdaptiveRandomForestExecutorMAXChunk-25-4-100-115
01/10/23 11:59:42
01/10/23 11:59:42
/home/pi/reginaldojunior/experimentos/socket/optimized/all-batches//airlines-AdaptiveRandomForestExecutorMAXChunk-25-4-100-207
01/10/23 12:01:48
01/10/23 12:01:48
/home/pi/reginaldojunior/experimentos/socket/optimized/all-batches//airlines-LBagExecutorMAXChunk-25-4-100-21
01/10/23 12:03:54
01/10/23 12:03:54
/home/pi/reginaldojunior/experimentos/socket/optimized/all-batches//airlines-LBagExecutorMAXChunk-25-4-100-108
01/10/23 12:06:07
01/10/23 12:06:07
/home/pi/reginaldojunior/experimentos/socket/optimized/all-batches//airlines-LBagExecutorMAXChunk-25-4-100-195
01/10/23 12:08:17
01/10/23 12:08:17
/home/pi/reginaldojunior/experimentos/socket/optimized/all-batches//airlines-StreamingRandomPatchesExecutorMAXChunk-25-4-100-24
01/10/23 12:10:23
01/10/23 12:10:23
/home/pi/reginaldojunior/experimentos/socket/optimized/all-batches//airlines-StreamingRandomPatchesExecutorMAXChunk-25-4-100-121
01/10/23 12:12:29
01/10/23 12:12:29
/home/pi/reginaldojunior/experimentos/socket/optimized/all-batches//airlines-StreamingRandomPatchesExecutorMAXChunk-25-4-100-218
01/10/23 12:14:35
01/10/23 12:14:35
/home/pi/reginaldojunior/experimentos/socket/optimized/all-batches//airlines-OzaBagAdwinExecutorMAXChunk-25-4-100-68
01/10/23 12:16:42
01/10/23 12:16:42
/home/pi/reginaldojunior/experimentos/socket/optimized/all-batches//airlines-OzaBagAdwinExecutorMAXChunk-25-4-100-341
01/10/23 12:18:49
01/10/23 12:18:49
/home/pi/reginaldojunior/experimentos/socket/optimized/all-batches//airlines-OzaBagAdwinExecutorMAXChunk-25-4-100-614
01/10/23 12:20:55
01/10/23 12:20:55
/home/pi/reginaldojunior/experimentos/socket/optimized/all-batches//airlines-OzaBagASHTExecutorMAXChunk-25-4-100-447
01/10/23 12:23:02
01/10/23 12:23:02
/home/pi/reginaldojunior/experimentos/socket/optimized/all-batches//airlines-OzaBagASHTExecutorMAXChunk-25-4-100-2236
01/10/23 12:25:08
01/10/23 12:25:08
/home/pi/reginaldojunior/experimentos/socket/optimized/all-batches//airlines-OzaBagASHTExecutorMAXChunk-25-4-100-4026
01/10/23 12:27:14
01/10/23 12:27:14
/home/pi/reginaldojunior/experimentos/socket/optimized/all-batches//airlines-OzaBagExecutorMAXChunk-25-4-100-511
01/10/23 12:29:22
01/10/23 12:29:22
/home/pi/reginaldojunior/experimentos/socket/optimized/all-batches//airlines-OzaBagExecutorMAXChunk-25-4-100-2555
01/10/23 12:31:29
01/10/23 12:31:29
/home/pi/reginaldojunior/experimentos/socket/optimized/all-batches//airlines-OzaBagExecutorMAXChunk-25-4-100-4599
01/10/23 12:33:35
01/10/23 12:33:35
/home/pi/reginaldojunior/experimentos/socket/optimized/all-batches//elecNormNew-AdaptiveRandomForestExecutorMAXChunk-25-4-100-93
01/10/23 12:35:40
01/10/23 12:35:40
/home/pi/reginaldojunior/experimentos/socket/optimized/all-batches//elecNormNew-AdaptiveRandomForestExecutorMAXChunk-25-4-100-467
01/10/23 12:37:23
01/10/23 12:37:23
/home/pi/reginaldojunior/experimentos/socket/optimized/all-batches//elecNormNew-AdaptiveRandomForestExecutorMAXChunk-25-4-100-841
01/10/23 12:38:23
01/10/23 12:38:23
/home/pi/reginaldojunior/experimentos/socket/optimized/all-batches//elecNormNew-LBagExecutorMAXChunk-25-4-100-141
01/10/23 12:40:30
01/10/23 12:40:30
/home/pi/reginaldojunior/experimentos/socket/optimized/all-batches//elecNormNew-LBagExecutorMAXChunk-25-4-100-705
01/10/23 12:41:40
01/10/23 12:41:40
/home/pi/reginaldojunior/experimentos/socket/optimized/all-batches//elecNormNew-LBagExecutorMAXChunk-25-4-100-1270
01/10/23 12:42:23
01/10/23 12:42:23
/home/pi/reginaldojunior/experimentos/socket/optimized/all-batches//elecNormNew-StreamingRandomPatchesExecutorMAXChunk-25-4-100-51
01/10/23 12:44:28
01/10/23 12:44:28
/home/pi/reginaldojunior/experimentos/socket/optimized/all-batches//elecNormNew-StreamingRandomPatchesExecutorMAXChunk-25-4-100-256
01/10/23 12:46:33
01/10/23 12:46:33
/home/pi/reginaldojunior/experimentos/socket/optimized/all-batches//elecNormNew-StreamingRandomPatchesExecutorMAXChunk-25-4-100-462
01/10/23 12:48:17
01/10/23 12:48:17
/home/pi/reginaldojunior/experimentos/socket/optimized/all-batches//elecNormNew-OzaBagAdwinExecutorMAXChunk-25-4-100-272
01/10/23 12:50:24
01/10/23 12:50:24
/home/pi/reginaldojunior/experimentos/socket/optimized/all-batches//elecNormNew-OzaBagAdwinExecutorMAXChunk-25-4-100-1363
01/10/23 12:51:03
01/10/23 12:51:03
/home/pi/reginaldojunior/experimentos/socket/optimized/all-batches//elecNormNew-OzaBagAdwinExecutorMAXChunk-25-4-100-2453
01/10/23 12:51:28
01/10/23 12:51:28
/home/pi/reginaldojunior/experimentos/socket/optimized/all-batches//elecNormNew-OzaBagASHTExecutorMAXChunk-25-4-100-424
01/10/23 12:53:22
01/10/23 12:53:22
/home/pi/reginaldojunior/experimentos/socket/optimized/all-batches//elecNormNew-OzaBagASHTExecutorMAXChunk-25-4-100-2121
01/10/23 12:53:50
01/10/23 12:53:50
/home/pi/reginaldojunior/experimentos/socket/optimized/all-batches//elecNormNew-OzaBagASHTExecutorMAXChunk-25-4-100-3819
01/10/23 12:54:09
01/10/23 12:54:09
/home/pi/reginaldojunior/experimentos/socket/optimized/all-batches//elecNormNew-OzaBagExecutorMAXChunk-25-4-100-448
01/10/23 12:55:57
01/10/23 12:55:57
/home/pi/reginaldojunior/experimentos/socket/optimized/all-batches//elecNormNew-OzaBagExecutorMAXChunk-25-4-100-2241
01/10/23 12:56:24
01/10/23 12:56:24
/home/pi/reginaldojunior/experimentos/socket/optimized/all-batches//elecNormNew-OzaBagExecutorMAXChunk-25-4-100-4034
01/10/23 12:56:42
01/10/23 12:56:42
/home/pi/reginaldojunior/experimentos/socket/optimized/all-batches//GMSC-AdaptiveRandomForestExecutorMAXChunk-25-4-100-176
01/10/23 12:58:47
01/10/23 12:58:47
/home/pi/reginaldojunior/experimentos/socket/optimized/all-batches//GMSC-AdaptiveRandomForestExecutorMAXChunk-25-4-100-881
01/10/23 13:00:52
01/10/23 13:00:53
/home/pi/reginaldojunior/experimentos/socket/optimized/all-batches//GMSC-AdaptiveRandomForestExecutorMAXChunk-25-4-100-1587
01/10/23 13:02:32
01/10/23 13:02:32
/home/pi/reginaldojunior/experimentos/socket/optimized/all-batches//GMSC-LBagExecutorMAXChunk-25-4-100-217
01/10/23 13:04:39
01/10/23 13:04:39
/home/pi/reginaldojunior/experimentos/socket/optimized/all-batches//GMSC-LBagExecutorMAXChunk-25-4-100-1088
01/10/23 13:06:45
01/10/23 13:06:45
/home/pi/reginaldojunior/experimentos/socket/optimized/all-batches//GMSC-LBagExecutorMAXChunk-25-4-100-1959
01/10/23 13:08:09
01/10/23 13:08:09
/home/pi/reginaldojunior/experimentos/socket/optimized/all-batches//GMSC-StreamingRandomPatchesExecutorMAXChunk-25-4-100-97
01/10/23 13:10:14
01/10/23 13:10:14
/home/pi/reginaldojunior/experimentos/socket/optimized/all-batches//GMSC-StreamingRandomPatchesExecutorMAXChunk-25-4-100-488
01/10/23 13:12:19
01/10/23 13:12:19
/home/pi/reginaldojunior/experimentos/socket/optimized/all-batches//GMSC-StreamingRandomPatchesExecutorMAXChunk-25-4-100-878
01/10/23 13:14:24
01/10/23 13:14:24
/home/pi/reginaldojunior/experimentos/socket/optimized/all-batches//GMSC-OzaBagAdwinExecutorMAXChunk-25-4-100-457
01/10/23 13:16:31
01/10/23 13:16:31
/home/pi/reginaldojunior/experimentos/socket/optimized/all-batches//GMSC-OzaBagAdwinExecutorMAXChunk-25-4-100-2288
01/10/23 13:17:44
01/10/23 13:17:44
/home/pi/reginaldojunior/experimentos/socket/optimized/all-batches//GMSC-OzaBagAdwinExecutorMAXChunk-25-4-100-4119
01/10/23 13:18:26
01/10/23 13:18:26
/home/pi/reginaldojunior/experimentos/socket/optimized/all-batches//GMSC-OzaBagASHTExecutorMAXChunk-25-4-100-786
01/10/23 13:20:33
01/10/23 13:20:33
/home/pi/reginaldojunior/experimentos/socket/optimized/all-batches//GMSC-OzaBagASHTExecutorMAXChunk-25-4-100-3934
01/10/23 13:21:17
01/10/23 13:21:17
/home/pi/reginaldojunior/experimentos/socket/optimized/all-batches//GMSC-OzaBagASHTExecutorMAXChunk-25-4-100-7082
01/10/23 13:21:45
01/10/23 13:21:45
/home/pi/reginaldojunior/experimentos/socket/optimized/all-batches//GMSC-OzaBagExecutorMAXChunk-25-4-100-751
01/10/23 13:23:52
01/10/23 13:23:52
/home/pi/reginaldojunior/experimentos/socket/optimized/all-batches//GMSC-OzaBagExecutorMAXChunk-25-4-100-3757
01/10/23 13:24:39
01/10/23 13:24:39
/home/pi/reginaldojunior/experimentos/socket/optimized/all-batches//GMSC-OzaBagExecutorMAXChunk-25-4-100-6764
01/10/23 13:25:08
01/10/23 13:25:08
/home/pi/reginaldojunior/experimentos/socket/optimized/all-batches//covtypeNorm-AdaptiveRandomForestExecutorMAXChunk-25-4-250-97
01/10/23 13:27:13
01/10/23 13:27:13
/home/pi/reginaldojunior/experimentos/socket/optimized/all-batches//covtypeNorm-AdaptiveRandomForestExecutorMAXChunk-25-4-250-485
01/10/23 13:29:19
01/10/23 13:29:19
/home/pi/reginaldojunior/experimentos/socket/optimized/all-batches//covtypeNorm-AdaptiveRandomForestExecutorMAXChunk-25-4-250-874
01/10/23 13:31:24
01/10/23 13:31:24
/home/pi/reginaldojunior/experimentos/socket/optimized/all-batches//covtypeNorm-LBagExecutorMAXChunk-25-4-250-76
01/10/23 13:33:30
01/10/23 13:33:30
/home/pi/reginaldojunior/experimentos/socket/optimized/all-batches//covtypeNorm-LBagExecutorMAXChunk-25-4-250-381
01/10/23 13:35:37
01/10/23 13:35:37
/home/pi/reginaldojunior/experimentos/socket/optimized/all-batches//covtypeNorm-LBagExecutorMAXChunk-25-4-250-686
01/10/23 13:37:44
01/10/23 13:37:44
/home/pi/reginaldojunior/experimentos/socket/optimized/all-batches//covtypeNorm-StreamingRandomPatchesExecutorMAXChunk-25-4-250-28
01/10/23 13:39:50
01/10/23 13:39:50
/home/pi/reginaldojunior/experimentos/socket/optimized/all-batches//covtypeNorm-StreamingRandomPatchesExecutorMAXChunk-25-4-250-141
01/10/23 13:41:56
01/10/23 13:41:56
/home/pi/reginaldojunior/experimentos/socket/optimized/all-batches//covtypeNorm-StreamingRandomPatchesExecutorMAXChunk-25-4-250-253
01/10/23 13:44:01
01/10/23 13:44:01
/home/pi/reginaldojunior/experimentos/socket/optimized/all-batches//covtypeNorm-OzaBagAdwinExecutorMAXChunk-25-4-250-118
01/10/23 13:46:08
01/10/23 13:46:08
/home/pi/reginaldojunior/experimentos/socket/optimized/all-batches//covtypeNorm-OzaBagAdwinExecutorMAXChunk-25-4-250-592
01/10/23 13:48:15
01/10/23 13:48:15
/home/pi/reginaldojunior/experimentos/socket/optimized/all-batches//covtypeNorm-OzaBagAdwinExecutorMAXChunk-25-4-250-1067
01/10/23 13:50:22
01/10/23 13:50:22
/home/pi/reginaldojunior/experimentos/socket/optimized/all-batches//covtypeNorm-OzaBagASHTExecutorMAXChunk-25-4-250-306
01/10/23 13:52:28
01/10/23 13:52:28
/home/pi/reginaldojunior/experimentos/socket/optimized/all-batches//covtypeNorm-OzaBagASHTExecutorMAXChunk-25-4-250-1530
01/10/23 13:54:35
01/10/23 13:54:35
/home/pi/reginaldojunior/experimentos/socket/optimized/all-batches//covtypeNorm-OzaBagASHTExecutorMAXChunk-25-4-250-2755
01/10/23 13:56:42
01/10/23 13:56:42
/home/pi/reginaldojunior/experimentos/socket/optimized/all-batches//covtypeNorm-OzaBagExecutorMAXChunk-25-4-250-329
01/10/23 13:58:49
01/10/23 13:58:49
/home/pi/reginaldojunior/experimentos/socket/optimized/all-batches//covtypeNorm-OzaBagExecutorMAXChunk-25-4-250-1647
01/10/23 14:00:55
01/10/23 14:00:56
/home/pi/reginaldojunior/experimentos/socket/optimized/all-batches//covtypeNorm-OzaBagExecutorMAXChunk-25-4-250-2964
01/10/23 14:03:02
01/10/23 14:03:02
/home/pi/reginaldojunior/experimentos/socket/optimized/all-batches//airlines-AdaptiveRandomForestExecutorMAXChunk-25-4-250-25
01/10/23 14:05:08
01/10/23 14:05:08
/home/pi/reginaldojunior/experimentos/socket/optimized/all-batches//airlines-AdaptiveRandomForestExecutorMAXChunk-25-4-250-128
01/10/23 14:07:13
01/10/23 14:07:13
/home/pi/reginaldojunior/experimentos/socket/optimized/all-batches//airlines-AdaptiveRandomForestExecutorMAXChunk-25-4-250-230
01/10/23 14:09:23
01/10/23 14:09:23
/home/pi/reginaldojunior/experimentos/socket/optimized/all-batches//airlines-LBagExecutorMAXChunk-25-4-250-22
01/10/23 14:11:29
01/10/23 14:11:29
/home/pi/reginaldojunior/experimentos/socket/optimized/all-batches//airlines-LBagExecutorMAXChunk-25-4-250-112
01/10/23 14:13:54
01/10/23 14:13:54
/home/pi/reginaldojunior/experimentos/socket/optimized/all-batches//airlines-LBagExecutorMAXChunk-25-4-250-203
01/10/23 14:16:14
01/10/23 14:16:14
/home/pi/reginaldojunior/experimentos/socket/optimized/all-batches//airlines-StreamingRandomPatchesExecutorMAXChunk-25-4-250-26
01/10/23 14:18:22
01/10/23 14:18:22
/home/pi/reginaldojunior/experimentos/socket/optimized/all-batches//airlines-StreamingRandomPatchesExecutorMAXChunk-25-4-250-130
01/10/23 14:20:30
01/10/23 14:20:30
/home/pi/reginaldojunior/experimentos/socket/optimized/all-batches//airlines-StreamingRandomPatchesExecutorMAXChunk-25-4-250-235
01/10/23 14:22:36
01/10/23 14:22:36
/home/pi/reginaldojunior/experimentos/socket/optimized/all-batches//airlines-OzaBagAdwinExecutorMAXChunk-25-4-250-72
01/10/23 14:24:42
01/10/23 14:24:42
/home/pi/reginaldojunior/experimentos/socket/optimized/all-batches//airlines-OzaBagAdwinExecutorMAXChunk-25-4-250-361
01/10/23 14:26:49
01/10/23 14:26:49
/home/pi/reginaldojunior/experimentos/socket/optimized/all-batches//airlines-OzaBagAdwinExecutorMAXChunk-25-4-250-650
01/10/23 14:28:56
01/10/23 14:28:56
/home/pi/reginaldojunior/experimentos/socket/optimized/all-batches//airlines-OzaBagASHTExecutorMAXChunk-25-4-250-477
01/10/23 14:31:03
01/10/23 14:31:03
/home/pi/reginaldojunior/experimentos/socket/optimized/all-batches//airlines-OzaBagASHTExecutorMAXChunk-25-4-250-2388
01/10/23 14:33:09
01/10/23 14:33:09
/home/pi/reginaldojunior/experimentos/socket/optimized/all-batches//airlines-OzaBagASHTExecutorMAXChunk-25-4-250-4300
01/10/23 14:35:16
01/10/23 14:35:16
/home/pi/reginaldojunior/experimentos/socket/optimized/all-batches//airlines-OzaBagExecutorMAXChunk-25-4-250-572
01/10/23 14:37:23
01/10/23 14:37:23
/home/pi/reginaldojunior/experimentos/socket/optimized/all-batches//airlines-OzaBagExecutorMAXChunk-25-4-250-2863
01/10/23 14:39:30
01/10/23 14:39:30
/home/pi/reginaldojunior/experimentos/socket/optimized/all-batches//airlines-OzaBagExecutorMAXChunk-25-4-250-5155
01/10/23 14:41:37
01/10/23 14:41:37
/home/pi/reginaldojunior/experimentos/socket/optimized/all-batches//elecNormNew-AdaptiveRandomForestExecutorMAXChunk-25-4-250-92
01/10/23 14:43:41
01/10/23 14:43:41
/home/pi/reginaldojunior/experimentos/socket/optimized/all-batches//elecNormNew-AdaptiveRandomForestExecutorMAXChunk-25-4-250-461
01/10/23 14:45:25
01/10/23 14:45:25
/home/pi/reginaldojunior/experimentos/socket/optimized/all-batches//elecNormNew-AdaptiveRandomForestExecutorMAXChunk-25-4-250-830
01/10/23 14:46:25
01/10/23 14:46:25
/home/pi/reginaldojunior/experimentos/socket/optimized/all-batches//elecNormNew-LBagExecutorMAXChunk-25-4-250-142
01/10/23 14:48:32
01/10/23 14:48:32
/home/pi/reginaldojunior/experimentos/socket/optimized/all-batches//elecNormNew-LBagExecutorMAXChunk-25-4-250-712
01/10/23 14:49:43
01/10/23 14:49:43
/home/pi/reginaldojunior/experimentos/socket/optimized/all-batches//elecNormNew-LBagExecutorMAXChunk-25-4-250-1282
01/10/23 14:50:24
01/10/23 14:50:24
/home/pi/reginaldojunior/experimentos/socket/optimized/all-batches//elecNormNew-StreamingRandomPatchesExecutorMAXChunk-25-4-250-51
01/10/23 14:52:30
01/10/23 14:52:30
/home/pi/reginaldojunior/experimentos/socket/optimized/all-batches//elecNormNew-StreamingRandomPatchesExecutorMAXChunk-25-4-250-256
01/10/23 14:54:36
01/10/23 14:54:36
/home/pi/reginaldojunior/experimentos/socket/optimized/all-batches//elecNormNew-StreamingRandomPatchesExecutorMAXChunk-25-4-250-460
01/10/23 14:56:20
01/10/23 14:56:20
/home/pi/reginaldojunior/experimentos/socket/optimized/all-batches//elecNormNew-OzaBagAdwinExecutorMAXChunk-25-4-250-288
01/10/23 14:58:27
01/10/23 14:58:27
/home/pi/reginaldojunior/experimentos/socket/optimized/all-batches//elecNormNew-OzaBagAdwinExecutorMAXChunk-25-4-250-1441
01/10/23 14:59:04
01/10/23 14:59:04
/home/pi/reginaldojunior/experimentos/socket/optimized/all-batches//elecNormNew-OzaBagAdwinExecutorMAXChunk-25-4-250-2594
01/10/23 14:59:28
01/10/23 14:59:28
/home/pi/reginaldojunior/experimentos/socket/optimized/all-batches//elecNormNew-OzaBagASHTExecutorMAXChunk-25-4-250-465
01/10/23 15:01:13
01/10/23 15:01:13
/home/pi/reginaldojunior/experimentos/socket/optimized/all-batches//elecNormNew-OzaBagASHTExecutorMAXChunk-25-4-250-2326
01/10/23 15:01:38
01/10/23 15:01:38
/home/pi/reginaldojunior/experimentos/socket/optimized/all-batches//elecNormNew-OzaBagASHTExecutorMAXChunk-25-4-250-4188
01/10/23 15:01:57
01/10/23 15:01:57
/home/pi/reginaldojunior/experimentos/socket/optimized/all-batches//elecNormNew-OzaBagExecutorMAXChunk-25-4-250-466
01/10/23 15:03:40
01/10/23 15:03:40
/home/pi/reginaldojunior/experimentos/socket/optimized/all-batches//elecNormNew-OzaBagExecutorMAXChunk-25-4-250-2332
01/10/23 15:04:06
01/10/23 15:04:06
/home/pi/reginaldojunior/experimentos/socket/optimized/all-batches//elecNormNew-OzaBagExecutorMAXChunk-25-4-250-4198
01/10/23 15:04:25
01/10/23 15:04:25
/home/pi/reginaldojunior/experimentos/socket/optimized/all-batches//GMSC-AdaptiveRandomForestExecutorMAXChunk-25-4-250-170
01/10/23 15:06:30
01/10/23 15:06:30
/home/pi/reginaldojunior/experimentos/socket/optimized/all-batches//GMSC-AdaptiveRandomForestExecutorMAXChunk-25-4-250-854
01/10/23 15:08:35
01/10/23 15:08:35
/home/pi/reginaldojunior/experimentos/socket/optimized/all-batches//GMSC-AdaptiveRandomForestExecutorMAXChunk-25-4-250-1538
01/10/23 15:10:18
01/10/23 15:10:18
/home/pi/reginaldojunior/experimentos/socket/optimized/all-batches//GMSC-LBagExecutorMAXChunk-25-4-250-228
01/10/23 15:12:24
01/10/23 15:12:24
/home/pi/reginaldojunior/experimentos/socket/optimized/all-batches//GMSC-LBagExecutorMAXChunk-25-4-250-1141
01/10/23 15:14:31
01/10/23 15:14:31
/home/pi/reginaldojunior/experimentos/socket/optimized/all-batches//GMSC-LBagExecutorMAXChunk-25-4-250-2054
01/10/23 15:15:51
01/10/23 15:15:51
/home/pi/reginaldojunior/experimentos/socket/optimized/all-batches//GMSC-StreamingRandomPatchesExecutorMAXChunk-25-4-250-95
01/10/23 15:17:56
01/10/23 15:17:56
/home/pi/reginaldojunior/experimentos/socket/optimized/all-batches//GMSC-StreamingRandomPatchesExecutorMAXChunk-25-4-250-479
01/10/23 15:20:01
01/10/23 15:20:01
/home/pi/reginaldojunior/experimentos/socket/optimized/all-batches//GMSC-StreamingRandomPatchesExecutorMAXChunk-25-4-250-862
01/10/23 15:22:06
01/10/23 15:22:06
/home/pi/reginaldojunior/experimentos/socket/optimized/all-batches//GMSC-OzaBagAdwinExecutorMAXChunk-25-4-250-425
01/10/23 15:24:13
01/10/23 15:24:13
/home/pi/reginaldojunior/experimentos/socket/optimized/all-batches//GMSC-OzaBagAdwinExecutorMAXChunk-25-4-250-2128
01/10/23 15:25:30
01/10/23 15:25:30
/home/pi/reginaldojunior/experimentos/socket/optimized/all-batches//GMSC-OzaBagAdwinExecutorMAXChunk-25-4-250-3830
01/10/23 15:26:16
01/10/23 15:26:16
/home/pi/reginaldojunior/experimentos/socket/optimized/all-batches//GMSC-OzaBagASHTExecutorMAXChunk-25-4-250-869
01/10/23 15:28:22
01/10/23 15:28:22
/home/pi/reginaldojunior/experimentos/socket/optimized/all-batches//GMSC-OzaBagASHTExecutorMAXChunk-25-4-250-4349
01/10/23 15:29:03
01/10/23 15:29:03
/home/pi/reginaldojunior/experimentos/socket/optimized/all-batches//GMSC-OzaBagASHTExecutorMAXChunk-25-4-250-7829
01/10/23 15:29:29
01/10/23 15:29:29
/home/pi/reginaldojunior/experimentos/socket/optimized/all-batches//GMSC-OzaBagExecutorMAXChunk-25-4-250-846
01/10/23 15:31:35
01/10/23 15:31:36
/home/pi/reginaldojunior/experimentos/socket/optimized/all-batches//GMSC-OzaBagExecutorMAXChunk-25-4-250-4234
01/10/23 15:32:17
01/10/23 15:32:17
/home/pi/reginaldojunior/experimentos/socket/optimized/all-batches//GMSC-OzaBagExecutorMAXChunk-25-4-250-7622
01/10/23 15:32:44
01/10/23 15:32:44
/home/pi/reginaldojunior/experimentos/socket/optimized/all-batches//covtypeNorm-AdaptiveRandomForestExecutorMAXChunk-25-4-500-96
01/10/23 15:34:49
01/10/23 15:34:49
/home/pi/reginaldojunior/experimentos/socket/optimized/all-batches//covtypeNorm-AdaptiveRandomForestExecutorMAXChunk-25-4-500-481
01/10/23 15:36:54
01/10/23 15:36:54
/home/pi/reginaldojunior/experimentos/socket/optimized/all-batches//covtypeNorm-AdaptiveRandomForestExecutorMAXChunk-25-4-500-866
01/10/23 15:38:58
01/10/23 15:38:58
/home/pi/reginaldojunior/experimentos/socket/optimized/all-batches//covtypeNorm-LBagExecutorMAXChunk-25-4-500-78
01/10/23 15:41:05
01/10/23 15:41:05
/home/pi/reginaldojunior/experimentos/socket/optimized/all-batches//covtypeNorm-LBagExecutorMAXChunk-25-4-500-391
01/10/23 15:43:11
01/10/23 15:43:11
/home/pi/reginaldojunior/experimentos/socket/optimized/all-batches//covtypeNorm-LBagExecutorMAXChunk-25-4-500-704
01/10/23 15:45:18
01/10/23 15:45:18
/home/pi/reginaldojunior/experimentos/socket/optimized/all-batches//covtypeNorm-StreamingRandomPatchesExecutorMAXChunk-25-4-500-27
01/10/23 15:47:25
01/10/23 15:47:25
/home/pi/reginaldojunior/experimentos/socket/optimized/all-batches//covtypeNorm-StreamingRandomPatchesExecutorMAXChunk-25-4-500-138
01/10/23 15:49:30
01/10/23 15:49:30
/home/pi/reginaldojunior/experimentos/socket/optimized/all-batches//covtypeNorm-StreamingRandomPatchesExecutorMAXChunk-25-4-500-248
01/10/23 15:51:35
01/10/23 15:51:35
/home/pi/reginaldojunior/experimentos/socket/optimized/all-batches//covtypeNorm-OzaBagAdwinExecutorMAXChunk-25-4-500-115
01/10/23 15:53:42
01/10/23 15:53:42
/home/pi/reginaldojunior/experimentos/socket/optimized/all-batches//covtypeNorm-OzaBagAdwinExecutorMAXChunk-25-4-500-577
01/10/23 15:55:49
01/10/23 15:55:49
/home/pi/reginaldojunior/experimentos/socket/optimized/all-batches//covtypeNorm-OzaBagAdwinExecutorMAXChunk-25-4-500-1039
01/10/23 15:57:56
01/10/23 15:57:56
/home/pi/reginaldojunior/experimentos/socket/optimized/all-batches//covtypeNorm-OzaBagASHTExecutorMAXChunk-25-4-500-336
01/10/23 16:00:03
01/10/23 16:00:03
/home/pi/reginaldojunior/experimentos/socket/optimized/all-batches//covtypeNorm-OzaBagASHTExecutorMAXChunk-25-4-500-1684
01/10/23 16:02:10
01/10/23 16:02:10
/home/pi/reginaldojunior/experimentos/socket/optimized/all-batches//covtypeNorm-OzaBagASHTExecutorMAXChunk-25-4-500-3031
01/10/23 16:04:17
01/10/23 16:04:17
/home/pi/reginaldojunior/experimentos/socket/optimized/all-batches//covtypeNorm-OzaBagExecutorMAXChunk-25-4-500-370
01/10/23 16:06:23
01/10/23 16:06:23
/home/pi/reginaldojunior/experimentos/socket/optimized/all-batches//covtypeNorm-OzaBagExecutorMAXChunk-25-4-500-1854
01/10/23 16:08:30
01/10/23 16:08:30
/home/pi/reginaldojunior/experimentos/socket/optimized/all-batches//covtypeNorm-OzaBagExecutorMAXChunk-25-4-500-3337
01/10/23 16:10:36
01/10/23 16:10:36
/home/pi/reginaldojunior/experimentos/socket/optimized/all-batches//airlines-AdaptiveRandomForestExecutorMAXChunk-25-4-500-27
01/10/23 16:12:47
01/10/23 16:12:47
/home/pi/reginaldojunior/experimentos/socket/optimized/all-batches//airlines-AdaptiveRandomForestExecutorMAXChunk-25-4-500-138
01/10/23 16:14:56
01/10/23 16:14:56
/home/pi/reginaldojunior/experimentos/socket/optimized/all-batches//airlines-AdaptiveRandomForestExecutorMAXChunk-25-4-500-249
01/10/23 16:17:03
01/10/23 16:17:03
/home/pi/reginaldojunior/experimentos/socket/optimized/all-batches//airlines-LBagExecutorMAXChunk-25-4-500-24
01/10/23 16:19:10
01/10/23 16:19:10
/home/pi/reginaldojunior/experimentos/socket/optimized/all-batches//airlines-LBagExecutorMAXChunk-25-4-500-122
01/10/23 16:21:44
01/10/23 16:21:44
/home/pi/reginaldojunior/experimentos/socket/optimized/all-batches//airlines-LBagExecutorMAXChunk-25-4-500-220
01/10/23 16:23:52
01/10/23 16:23:52
/home/pi/reginaldojunior/experimentos/socket/optimized/all-batches//airlines-StreamingRandomPatchesExecutorMAXChunk-25-4-500-26
01/10/23 16:26:03
01/10/23 16:26:03
/home/pi/reginaldojunior/experimentos/socket/optimized/all-batches//airlines-StreamingRandomPatchesExecutorMAXChunk-25-4-500-133
01/10/23 16:28:13
01/10/23 16:28:13
/home/pi/reginaldojunior/experimentos/socket/optimized/all-batches//airlines-StreamingRandomPatchesExecutorMAXChunk-25-4-500-239
01/10/23 16:30:18
01/10/23 16:30:18
/home/pi/reginaldojunior/experimentos/socket/optimized/all-batches//airlines-OzaBagAdwinExecutorMAXChunk-25-4-500-75
01/10/23 16:32:26
01/10/23 16:32:26
/home/pi/reginaldojunior/experimentos/socket/optimized/all-batches//airlines-OzaBagAdwinExecutorMAXChunk-25-4-500-376
01/10/23 16:34:33
01/10/23 16:34:33
/home/pi/reginaldojunior/experimentos/socket/optimized/all-batches//airlines-OzaBagAdwinExecutorMAXChunk-25-4-500-678
01/10/23 16:36:41
01/10/23 16:36:41
/home/pi/reginaldojunior/experimentos/socket/optimized/all-batches//airlines-OzaBagASHTExecutorMAXChunk-25-4-500-485
01/10/23 16:38:48
01/10/23 16:38:48
/home/pi/reginaldojunior/experimentos/socket/optimized/all-batches//airlines-OzaBagASHTExecutorMAXChunk-25-4-500-2428
01/10/23 16:40:54
01/10/23 16:40:54
/home/pi/reginaldojunior/experimentos/socket/optimized/all-batches//airlines-OzaBagASHTExecutorMAXChunk-25-4-500-4371
01/10/23 16:43:02
01/10/23 16:43:02
/home/pi/reginaldojunior/experimentos/socket/optimized/all-batches//airlines-OzaBagExecutorMAXChunk-25-4-500-617
01/10/23 16:45:08
01/10/23 16:45:08
/home/pi/reginaldojunior/experimentos/socket/optimized/all-batches//airlines-OzaBagExecutorMAXChunk-25-4-500-3085
01/10/23 16:47:15
01/10/23 16:47:15
/home/pi/reginaldojunior/experimentos/socket/optimized/all-batches//airlines-OzaBagExecutorMAXChunk-25-4-500-5553
01/10/23 16:49:22
01/10/23 16:49:22
/home/pi/reginaldojunior/experimentos/socket/optimized/all-batches//elecNormNew-AdaptiveRandomForestExecutorMAXChunk-25-4-500-93
01/10/23 16:51:27
01/10/23 16:51:27
/home/pi/reginaldojunior/experimentos/socket/optimized/all-batches//elecNormNew-AdaptiveRandomForestExecutorMAXChunk-25-4-500-465
01/10/23 16:53:10
01/10/23 16:53:10
/home/pi/reginaldojunior/experimentos/socket/optimized/all-batches//elecNormNew-AdaptiveRandomForestExecutorMAXChunk-25-4-500-837
01/10/23 16:54:09
01/10/23 16:54:09
/home/pi/reginaldojunior/experimentos/socket/optimized/all-batches//elecNormNew-LBagExecutorMAXChunk-25-4-500-147
01/10/23 16:56:16
01/10/23 16:56:16
/home/pi/reginaldojunior/experimentos/socket/optimized/all-batches//elecNormNew-LBagExecutorMAXChunk-25-4-500-735
01/10/23 16:57:25
01/10/23 16:57:25
/home/pi/reginaldojunior/experimentos/socket/optimized/all-batches//elecNormNew-LBagExecutorMAXChunk-25-4-500-1324
01/10/23 16:58:06
01/10/23 16:58:06
/home/pi/reginaldojunior/experimentos/socket/optimized/all-batches//elecNormNew-StreamingRandomPatchesExecutorMAXChunk-25-4-500-49
01/10/23 17:00:11
01/10/23 17:00:11
/home/pi/reginaldojunior/experimentos/socket/optimized/all-batches//elecNormNew-StreamingRandomPatchesExecutorMAXChunk-25-4-500-247
01/10/23 17:02:16
01/10/23 17:02:16
/home/pi/reginaldojunior/experimentos/socket/optimized/all-batches//elecNormNew-StreamingRandomPatchesExecutorMAXChunk-25-4-500-445
01/10/23 17:04:03
01/10/23 17:04:03
/home/pi/reginaldojunior/experimentos/socket/optimized/all-batches//elecNormNew-OzaBagAdwinExecutorMAXChunk-25-4-500-279
01/10/23 17:06:10
01/10/23 17:06:10
/home/pi/reginaldojunior/experimentos/socket/optimized/all-batches//elecNormNew-OzaBagAdwinExecutorMAXChunk-25-4-500-1397
01/10/23 17:06:49
01/10/23 17:06:49
/home/pi/reginaldojunior/experimentos/socket/optimized/all-batches//elecNormNew-OzaBagAdwinExecutorMAXChunk-25-4-500-2515
01/10/23 17:07:13
01/10/23 17:07:13
/home/pi/reginaldojunior/experimentos/socket/optimized/all-batches//elecNormNew-OzaBagASHTExecutorMAXChunk-25-4-500-471
01/10/23 17:08:57
01/10/23 17:08:57
/home/pi/reginaldojunior/experimentos/socket/optimized/all-batches//elecNormNew-OzaBagASHTExecutorMAXChunk-25-4-500-2356
01/10/23 17:09:23
01/10/23 17:09:23
/home/pi/reginaldojunior/experimentos/socket/optimized/all-batches//elecNormNew-OzaBagASHTExecutorMAXChunk-25-4-500-4241
01/10/23 17:09:40
01/10/23 17:09:40
/home/pi/reginaldojunior/experimentos/socket/optimized/all-batches//elecNormNew-OzaBagExecutorMAXChunk-25-4-500-445
01/10/23 17:11:29
01/10/23 17:11:29
/home/pi/reginaldojunior/experimentos/socket/optimized/all-batches//elecNormNew-OzaBagExecutorMAXChunk-25-4-500-2227
01/10/23 17:11:55
01/10/23 17:11:55
/home/pi/reginaldojunior/experimentos/socket/optimized/all-batches//elecNormNew-OzaBagExecutorMAXChunk-25-4-500-4009
01/10/23 17:12:14
01/10/23 17:12:14
/home/pi/reginaldojunior/experimentos/socket/optimized/all-batches//GMSC-AdaptiveRandomForestExecutorMAXChunk-25-4-500-182
01/10/23 17:14:19
01/10/23 17:14:19
/home/pi/reginaldojunior/experimentos/socket/optimized/all-batches//GMSC-AdaptiveRandomForestExecutorMAXChunk-25-4-500-910
01/10/23 17:16:24
01/10/23 17:16:24
/home/pi/reginaldojunior/experimentos/socket/optimized/all-batches//GMSC-AdaptiveRandomForestExecutorMAXChunk-25-4-500-1638
01/10/23 17:18:02
01/10/23 17:18:02
/home/pi/reginaldojunior/experimentos/socket/optimized/all-batches//GMSC-LBagExecutorMAXChunk-25-4-500-227
01/10/23 17:20:09
01/10/23 17:20:09
/home/pi/reginaldojunior/experimentos/socket/optimized/all-batches//GMSC-LBagExecutorMAXChunk-25-4-500-1135
01/10/23 17:22:15
01/10/23 17:22:15
/home/pi/reginaldojunior/experimentos/socket/optimized/all-batches//GMSC-LBagExecutorMAXChunk-25-4-500-2044
01/10/23 17:23:35
01/10/23 17:23:35
/home/pi/reginaldojunior/experimentos/socket/optimized/all-batches//GMSC-StreamingRandomPatchesExecutorMAXChunk-25-4-500-101
01/10/23 17:25:41
01/10/23 17:25:41
/home/pi/reginaldojunior/experimentos/socket/optimized/all-batches//GMSC-StreamingRandomPatchesExecutorMAXChunk-25-4-500-509
01/10/23 17:27:46
01/10/23 17:27:46
/home/pi/reginaldojunior/experimentos/socket/optimized/all-batches//GMSC-StreamingRandomPatchesExecutorMAXChunk-25-4-500-917
01/10/23 17:29:52
01/10/23 17:29:52
/home/pi/reginaldojunior/experimentos/socket/optimized/all-batches//GMSC-OzaBagAdwinExecutorMAXChunk-25-4-500-473
01/10/23 17:31:58
01/10/23 17:31:58
/home/pi/reginaldojunior/experimentos/socket/optimized/all-batches//GMSC-OzaBagAdwinExecutorMAXChunk-25-4-500-2366
01/10/23 17:33:08
01/10/23 17:33:08
/home/pi/reginaldojunior/experimentos/socket/optimized/all-batches//GMSC-OzaBagAdwinExecutorMAXChunk-25-4-500-4260
01/10/23 17:33:50
01/10/23 17:33:50
/home/pi/reginaldojunior/experimentos/socket/optimized/all-batches//GMSC-OzaBagASHTExecutorMAXChunk-25-4-500-861
01/10/23 17:35:56
01/10/23 17:35:56
/home/pi/reginaldojunior/experimentos/socket/optimized/all-batches//GMSC-OzaBagASHTExecutorMAXChunk-25-4-500-4308
01/10/23 17:36:38
01/10/23 17:36:38
/home/pi/reginaldojunior/experimentos/socket/optimized/all-batches//GMSC-OzaBagASHTExecutorMAXChunk-25-4-500-7755
01/10/23 17:38:45
01/10/23 17:38:45
/home/pi/reginaldojunior/experimentos/socket/optimized/all-batches//GMSC-OzaBagExecutorMAXChunk-25-4-500-849
01/10/23 17:40:52
01/10/23 17:40:52
/home/pi/reginaldojunior/experimentos/socket/optimized/all-batches//GMSC-OzaBagExecutorMAXChunk-25-4-500-4249
01/10/23 17:41:33
01/10/23 17:41:33
/home/pi/reginaldojunior/experimentos/socket/optimized/all-batches//GMSC-OzaBagExecutorMAXChunk-25-4-500-7649
01/10/23 17:42:00
01/10/23 17:42:00
/home/pi/reginaldojunior/experimentos/socket/optimized/all-batches//covtypeNorm-AdaptiveRandomForestExecutorMAXChunk-25-4-2000-108
01/10/23 17:44:05
01/10/23 17:44:05
/home/pi/reginaldojunior/experimentos/socket/optimized/all-batches//covtypeNorm-AdaptiveRandomForestExecutorMAXChunk-25-4-2000-540
01/10/23 17:46:13
01/10/23 17:46:13
/home/pi/reginaldojunior/experimentos/socket/optimized/all-batches//covtypeNorm-AdaptiveRandomForestExecutorMAXChunk-25-4-2000-972
01/10/23 17:48:19
01/10/23 17:48:19
/home/pi/reginaldojunior/experimentos/socket/optimized/all-batches//covtypeNorm-LBagExecutorMAXChunk-25-4-2000-70
01/10/23 17:50:26
01/10/23 17:50:26
/home/pi/reginaldojunior/experimentos/socket/optimized/all-batches//covtypeNorm-LBagExecutorMAXChunk-25-4-2000-351
01/10/23 17:52:32
01/10/23 17:52:32
/home/pi/reginaldojunior/experimentos/socket/optimized/all-batches//covtypeNorm-LBagExecutorMAXChunk-25-4-2000-632
01/10/23 17:54:39
01/10/23 17:54:39
/home/pi/reginaldojunior/experimentos/socket/optimized/all-batches//covtypeNorm-StreamingRandomPatchesExecutorMAXChunk-25-4-2000-29
01/10/23 17:56:44
01/10/23 17:56:44
/home/pi/reginaldojunior/experimentos/socket/optimized/all-batches//covtypeNorm-StreamingRandomPatchesExecutorMAXChunk-25-4-2000-145
01/10/23 17:58:50
01/10/23 17:58:50
/home/pi/reginaldojunior/experimentos/socket/optimized/all-batches//covtypeNorm-StreamingRandomPatchesExecutorMAXChunk-25-4-2000-262
01/10/23 18:00:56
01/10/23 18:00:56
/home/pi/reginaldojunior/experimentos/socket/optimized/all-batches//covtypeNorm-OzaBagAdwinExecutorMAXChunk-25-4-2000-114
01/10/23 18:03:02
01/10/23 18:03:02
/home/pi/reginaldojunior/experimentos/socket/optimized/all-batches//covtypeNorm-OzaBagAdwinExecutorMAXChunk-25-4-2000-574
01/10/23 18:05:08
01/10/23 18:05:08
/home/pi/reginaldojunior/experimentos/socket/optimized/all-batches//covtypeNorm-OzaBagAdwinExecutorMAXChunk-25-4-2000-1034
01/10/23 18:07:14
01/10/23 18:07:14
/home/pi/reginaldojunior/experimentos/socket/optimized/all-batches//covtypeNorm-OzaBagASHTExecutorMAXChunk-25-4-2000-331
01/10/23 18:09:21
01/10/23 18:09:21
/home/pi/reginaldojunior/experimentos/socket/optimized/all-batches//covtypeNorm-OzaBagASHTExecutorMAXChunk-25-4-2000-1657
01/10/23 18:11:28
01/10/23 18:11:28
/home/pi/reginaldojunior/experimentos/socket/optimized/all-batches//covtypeNorm-OzaBagASHTExecutorMAXChunk-25-4-2000-2982
01/10/23 18:13:35
01/10/23 18:13:35
/home/pi/reginaldojunior/experimentos/socket/optimized/all-batches//covtypeNorm-OzaBagExecutorMAXChunk-25-4-2000-355
01/10/23 18:15:41
01/10/23 18:15:41
/home/pi/reginaldojunior/experimentos/socket/optimized/all-batches//covtypeNorm-OzaBagExecutorMAXChunk-25-4-2000-1778
01/10/23 18:17:48
01/10/23 18:17:48
/home/pi/reginaldojunior/experimentos/socket/optimized/all-batches//covtypeNorm-OzaBagExecutorMAXChunk-25-4-2000-3201
01/10/23 18:19:54
01/10/23 18:19:54
/home/pi/reginaldojunior/experimentos/socket/optimized/all-batches//airlines-AdaptiveRandomForestExecutorMAXChunk-25-4-2000-29
01/10/23 18:22:00
01/10/23 18:22:00
/home/pi/reginaldojunior/experimentos/socket/optimized/all-batches//airlines-AdaptiveRandomForestExecutorMAXChunk-25-4-2000-146
01/10/23 18:24:19
01/10/23 18:24:19
/home/pi/reginaldojunior/experimentos/socket/optimized/all-batches//airlines-AdaptiveRandomForestExecutorMAXChunk-25-4-2000-263
01/10/23 18:26:58
01/10/23 18:26:58
/home/pi/reginaldojunior/experimentos/socket/optimized/all-batches//airlines-LBagExecutorMAXChunk-25-4-2000-44
01/10/23 18:29:11
01/10/23 18:29:11
/home/pi/reginaldojunior/experimentos/socket/optimized/all-batches//airlines-LBagExecutorMAXChunk-25-4-2000-220
01/10/23 18:53:22
01/10/23 18:53:22
/home/pi/reginaldojunior/experimentos/socket/optimized/all-batches//airlines-LBagExecutorMAXChunk-25-4-2000-396
01/10/23 19:38:15
01/10/23 19:38:15
/home/pi/reginaldojunior/experimentos/socket/optimized/all-batches//airlines-StreamingRandomPatchesExecutorMAXChunk-25-4-2000-27
01/10/23 19:40:20
01/10/23 19:40:20
/home/pi/reginaldojunior/experimentos/socket/optimized/all-batches//airlines-StreamingRandomPatchesExecutorMAXChunk-25-4-2000-138
01/10/23 19:42:26
01/10/23 19:42:26
/home/pi/reginaldojunior/experimentos/socket/optimized/all-batches//airlines-StreamingRandomPatchesExecutorMAXChunk-25-4-2000-249
01/10/23 19:44:53
01/10/23 19:44:53
/home/pi/reginaldojunior/experimentos/socket/optimized/all-batches//airlines-OzaBagAdwinExecutorMAXChunk-25-4-2000-97
01/10/23 19:47:00
01/10/23 19:47:00
/home/pi/reginaldojunior/experimentos/socket/optimized/all-batches//airlines-OzaBagAdwinExecutorMAXChunk-25-4-2000-485
01/10/23 19:49:12
01/10/23 19:49:12
/home/pi/reginaldojunior/experimentos/socket/optimized/all-batches//airlines-OzaBagAdwinExecutorMAXChunk-25-4-2000-873
01/10/23 19:51:32
01/10/23 19:51:32
/home/pi/reginaldojunior/experimentos/socket/optimized/all-batches//airlines-OzaBagASHTExecutorMAXChunk-25-4-2000-498
01/10/23 19:53:39
01/10/23 19:53:39
/home/pi/reginaldojunior/experimentos/socket/optimized/all-batches//airlines-OzaBagASHTExecutorMAXChunk-25-4-2000-2494
01/10/23 19:55:46
01/10/23 19:55:46
/home/pi/reginaldojunior/experimentos/socket/optimized/all-batches//airlines-OzaBagASHTExecutorMAXChunk-25-4-2000-4490
01/10/23 19:57:53
01/10/23 19:57:53
/home/pi/reginaldojunior/experimentos/socket/optimized/all-batches//airlines-OzaBagExecutorMAXChunk-25-4-2000-622
01/10/23 20:00:00
01/10/23 20:00:00
/home/pi/reginaldojunior/experimentos/socket/optimized/all-batches//airlines-OzaBagExecutorMAXChunk-25-4-2000-3110
01/10/23 20:02:07
01/10/23 20:02:07
/home/pi/reginaldojunior/experimentos/socket/optimized/all-batches//airlines-OzaBagExecutorMAXChunk-25-4-2000-5598
01/10/23 20:04:14
01/10/23 20:04:14
/home/pi/reginaldojunior/experimentos/socket/optimized/all-batches//elecNormNew-AdaptiveRandomForestExecutorMAXChunk-25-4-2000-87
01/10/23 20:06:19
01/10/23 20:06:19
/home/pi/reginaldojunior/experimentos/socket/optimized/all-batches//elecNormNew-AdaptiveRandomForestExecutorMAXChunk-25-4-2000-437
01/10/23 20:08:09
01/10/23 20:08:09
/home/pi/reginaldojunior/experimentos/socket/optimized/all-batches//elecNormNew-AdaptiveRandomForestExecutorMAXChunk-25-4-2000-787
01/10/23 20:09:12
01/10/23 20:09:12
/home/pi/reginaldojunior/experimentos/socket/optimized/all-batches//elecNormNew-LBagExecutorMAXChunk-25-4-2000-140
01/10/23 20:11:19
01/10/23 20:11:19
/home/pi/reginaldojunior/experimentos/socket/optimized/all-batches//elecNormNew-LBagExecutorMAXChunk-25-4-2000-701
01/10/23 20:12:31
01/10/23 20:12:31
/home/pi/reginaldojunior/experimentos/socket/optimized/all-batches//elecNormNew-LBagExecutorMAXChunk-25-4-2000-1262
01/10/23 20:13:14
01/10/23 20:13:14
/home/pi/reginaldojunior/experimentos/socket/optimized/all-batches//elecNormNew-StreamingRandomPatchesExecutorMAXChunk-25-4-2000-51
01/10/23 20:15:22
01/10/23 20:15:22
/home/pi/reginaldojunior/experimentos/socket/optimized/all-batches//elecNormNew-StreamingRandomPatchesExecutorMAXChunk-25-4-2000-259
01/10/23 20:17:30
01/10/23 20:17:30
/home/pi/reginaldojunior/experimentos/socket/optimized/all-batches//elecNormNew-StreamingRandomPatchesExecutorMAXChunk-25-4-2000-467
01/10/23 20:19:14
01/10/23 20:19:14
/home/pi/reginaldojunior/experimentos/socket/optimized/all-batches//elecNormNew-OzaBagAdwinExecutorMAXChunk-25-4-2000-252
01/10/23 20:21:21
01/10/23 20:21:21
/home/pi/reginaldojunior/experimentos/socket/optimized/all-batches//elecNormNew-OzaBagAdwinExecutorMAXChunk-25-4-2000-1264
01/10/23 20:22:04
01/10/23 20:22:04
/home/pi/reginaldojunior/experimentos/socket/optimized/all-batches//elecNormNew-OzaBagAdwinExecutorMAXChunk-25-4-2000-2275
01/10/23 20:22:31
01/10/23 20:22:31
/home/pi/reginaldojunior/experimentos/socket/optimized/all-batches//elecNormNew-OzaBagASHTExecutorMAXChunk-25-4-2000-420
01/10/23 20:24:25
01/10/23 20:24:25
/home/pi/reginaldojunior/experimentos/socket/optimized/all-batches//elecNormNew-OzaBagASHTExecutorMAXChunk-25-4-2000-2101
01/10/23 20:24:53
01/10/23 20:24:53
/home/pi/reginaldojunior/experimentos/socket/optimized/all-batches//elecNormNew-OzaBagASHTExecutorMAXChunk-25-4-2000-3782
01/10/23 20:25:12
01/10/23 20:25:12
/home/pi/reginaldojunior/experimentos/socket/optimized/all-batches//elecNormNew-OzaBagExecutorMAXChunk-25-4-2000-404
01/10/23 20:27:12
01/10/23 20:27:12
/home/pi/reginaldojunior/experimentos/socket/optimized/all-batches//elecNormNew-OzaBagExecutorMAXChunk-25-4-2000-2021
01/10/23 20:27:41
01/10/23 20:27:41
/home/pi/reginaldojunior/experimentos/socket/optimized/all-batches//elecNormNew-OzaBagExecutorMAXChunk-25-4-2000-3638
01/10/23 20:28:00
01/10/23 20:28:00
/home/pi/reginaldojunior/experimentos/socket/optimized/all-batches//GMSC-AdaptiveRandomForestExecutorMAXChunk-25-4-2000-180
01/10/23 20:30:04
01/10/23 20:30:04
/home/pi/reginaldojunior/experimentos/socket/optimized/all-batches//GMSC-AdaptiveRandomForestExecutorMAXChunk-25-4-2000-900
01/10/23 20:32:10
01/10/23 20:32:10
/home/pi/reginaldojunior/experimentos/socket/optimized/all-batches//GMSC-AdaptiveRandomForestExecutorMAXChunk-25-4-2000-1620
01/10/23 20:33:49
01/10/23 20:33:49
/home/pi/reginaldojunior/experimentos/socket/optimized/all-batches//GMSC-LBagExecutorMAXChunk-25-4-2000-222
01/10/23 20:35:56
01/10/23 20:35:56
/home/pi/reginaldojunior/experimentos/socket/optimized/all-batches//GMSC-LBagExecutorMAXChunk-25-4-2000-1112
01/10/23 20:38:03
01/10/23 20:38:03
/home/pi/reginaldojunior/experimentos/socket/optimized/all-batches//GMSC-LBagExecutorMAXChunk-25-4-2000-2001
01/10/23 20:39:25
01/10/23 20:39:25
/home/pi/reginaldojunior/experimentos/socket/optimized/all-batches//GMSC-StreamingRandomPatchesExecutorMAXChunk-25-4-2000-97
01/10/23 20:41:30
01/10/23 20:41:30
/home/pi/reginaldojunior/experimentos/socket/optimized/all-batches//GMSC-StreamingRandomPatchesExecutorMAXChunk-25-4-2000-487
01/10/23 20:43:37
01/10/23 20:43:37
/home/pi/reginaldojunior/experimentos/socket/optimized/all-batches//GMSC-StreamingRandomPatchesExecutorMAXChunk-25-4-2000-877
01/10/23 20:45:43
01/10/23 20:45:43
/home/pi/reginaldojunior/experimentos/socket/optimized/all-batches//GMSC-OzaBagAdwinExecutorMAXChunk-25-4-2000-454
01/10/23 20:47:49
01/10/23 20:47:49
/home/pi/reginaldojunior/experimentos/socket/optimized/all-batches//GMSC-OzaBagAdwinExecutorMAXChunk-25-4-2000-2270
01/10/23 20:49:02
01/10/23 20:49:02
/home/pi/reginaldojunior/experimentos/socket/optimized/all-batches//GMSC-OzaBagAdwinExecutorMAXChunk-25-4-2000-4086
01/10/23 20:49:46
01/10/23 20:49:46
/home/pi/reginaldojunior/experimentos/socket/optimized/all-batches//GMSC-OzaBagASHTExecutorMAXChunk-25-4-2000-890
01/10/23 20:51:53
01/10/23 20:51:53
/home/pi/reginaldojunior/experimentos/socket/optimized/all-batches//GMSC-OzaBagASHTExecutorMAXChunk-25-4-2000-4453
01/10/23 20:52:34
01/10/23 20:52:34
/home/pi/reginaldojunior/experimentos/socket/optimized/all-batches//GMSC-OzaBagASHTExecutorMAXChunk-25-4-2000-8015
01/10/23 20:53:02
01/10/23 20:53:02
/home/pi/reginaldojunior/experimentos/socket/optimized/all-batches//GMSC-OzaBagExecutorMAXChunk-25-4-2000-841
01/10/23 20:55:09
01/10/23 20:55:09
/home/pi/reginaldojunior/experimentos/socket/optimized/all-batches//GMSC-OzaBagExecutorMAXChunk-25-4-2000-4205
01/10/23 20:55:52
01/10/23 20:55:52
/home/pi/reginaldojunior/experimentos/socket/optimized/all-batches//GMSC-OzaBagExecutorMAXChunk-25-4-2000-7569
01/10/23 20:56:25
01/10/23 20:56:25
