17/01/24 01:41:43
/home/pi/reginaldojunior/experimentos/socket/loop-fusion-dynamic/pareto-all-batches-2//covtypeNorm-AdaptiveRandomForestExecutorMAXChunk
17/01/24 01:51:55
17/01/24 01:51:55
/home/pi/reginaldojunior/experimentos/socket/loop-fusion-dynamic/pareto-all-batches-2//covtypeNorm-LBagExecutorMAXChunk
17/01/24 02:02:09
17/01/24 02:02:09
/home/pi/reginaldojunior/experimentos/socket/loop-fusion-dynamic/pareto-all-batches-2//covtypeNorm-StreamingRandomPatchesExecutorMAXChunk
17/01/24 02:12:21
17/01/24 02:12:21
/home/pi/reginaldojunior/experimentos/socket/loop-fusion-dynamic/pareto-all-batches-2//covtypeNorm-OzaBagAdwinExecutorMAXChunk
17/01/24 02:22:35
17/01/24 02:22:35
/home/pi/reginaldojunior/experimentos/socket/loop-fusion-dynamic/pareto-all-batches-2//covtypeNorm-OzaBagASHTExecutorMAXChunk
17/01/24 02:32:48
17/01/24 02:32:48
/home/pi/reginaldojunior/experimentos/socket/loop-fusion-dynamic/pareto-all-batches-2//covtypeNorm-OzaBagExecutorMAXChunk
17/01/24 02:43:02
17/01/24 02:43:02
/home/pi/reginaldojunior/experimentos/socket/loop-fusion-dynamic/pareto-all-batches-2//airlines-AdaptiveRandomForestExecutorMAXChunk
17/01/24 02:53:15
17/01/24 02:53:15
/home/pi/reginaldojunior/experimentos/socket/loop-fusion-dynamic/pareto-all-batches-2//airlines-LBagExecutorMAXChunk
17/01/24 03:03:29
17/01/24 03:03:29
/home/pi/reginaldojunior/experimentos/socket/loop-fusion-dynamic/pareto-all-batches-2//airlines-StreamingRandomPatchesExecutorMAXChunk
17/01/24 03:13:42
17/01/24 03:13:42
/home/pi/reginaldojunior/experimentos/socket/loop-fusion-dynamic/pareto-all-batches-2//airlines-OzaBagAdwinExecutorMAXChunk
17/01/24 03:23:56
17/01/24 03:23:56
/home/pi/reginaldojunior/experimentos/socket/loop-fusion-dynamic/pareto-all-batches-2//airlines-OzaBagASHTExecutorMAXChunk
17/01/24 03:34:10
17/01/24 03:34:10
/home/pi/reginaldojunior/experimentos/socket/loop-fusion-dynamic/pareto-all-batches-2//airlines-OzaBagExecutorMAXChunk
17/01/24 03:44:24
17/01/24 03:44:24
/home/pi/reginaldojunior/experimentos/socket/loop-fusion-dynamic/pareto-all-batches-2//elecNormNew-AdaptiveRandomForestExecutorMAXChunk
17/01/24 03:54:36
17/01/24 03:54:36
/home/pi/reginaldojunior/experimentos/socket/loop-fusion-dynamic/pareto-all-batches-2//elecNormNew-LBagExecutorMAXChunk
17/01/24 04:04:50
17/01/24 04:04:50
/home/pi/reginaldojunior/experimentos/socket/loop-fusion-dynamic/pareto-all-batches-2//elecNormNew-StreamingRandomPatchesExecutorMAXChunk
17/01/24 04:15:03
17/01/24 04:15:03
/home/pi/reginaldojunior/experimentos/socket/loop-fusion-dynamic/pareto-all-batches-2//elecNormNew-OzaBagAdwinExecutorMAXChunk
17/01/24 04:22:42
17/01/24 04:22:42
/home/pi/reginaldojunior/experimentos/socket/loop-fusion-dynamic/pareto-all-batches-2//elecNormNew-OzaBagASHTExecutorMAXChunk
17/01/24 04:25:43
17/01/24 04:25:43
/home/pi/reginaldojunior/experimentos/socket/loop-fusion-dynamic/pareto-all-batches-2//elecNormNew-OzaBagExecutorMAXChunk
17/01/24 04:29:47
17/01/24 04:29:47
/home/pi/reginaldojunior/experimentos/socket/loop-fusion-dynamic/pareto-all-batches-2//GMSC-AdaptiveRandomForestExecutorMAXChunk
17/01/24 04:40:00
17/01/24 04:40:00
/home/pi/reginaldojunior/experimentos/socket/loop-fusion-dynamic/pareto-all-batches-2//GMSC-LBagExecutorMAXChunk
17/01/24 04:50:13
17/01/24 04:50:13
/home/pi/reginaldojunior/experimentos/socket/loop-fusion-dynamic/pareto-all-batches-2//GMSC-StreamingRandomPatchesExecutorMAXChunk
17/01/24 05:00:26
17/01/24 05:00:26
/home/pi/reginaldojunior/experimentos/socket/loop-fusion-dynamic/pareto-all-batches-2//GMSC-OzaBagAdwinExecutorMAXChunk
17/01/24 05:10:37
17/01/24 05:10:37
/home/pi/reginaldojunior/experimentos/socket/loop-fusion-dynamic/pareto-all-batches-2//GMSC-OzaBagASHTExecutorMAXChunk
17/01/24 05:16:08
17/01/24 05:16:08
/home/pi/reginaldojunior/experimentos/socket/loop-fusion-dynamic/pareto-all-batches-2//GMSC-OzaBagExecutorMAXChunk
17/01/24 05:23:03
17/01/24 05:23:03
