24/10/23 03:07:20
/home/pi/reginaldojunior/experimentos/socket/loop-fusion-dynamic/all-batches-4//covtypeNorm-AdaptiveRandomForestExecutorMAXChunk-25-4-25-844
24/10/23 03:07:30
24/10/23 03:07:30
24/10/23 03:08:05
/home/pi/reginaldojunior/experimentos/socket/loop-fusion-dynamic/all-batches-4//covtypeNorm-AdaptiveRandomForestExecutorMAXChunk-25-4-25-844
24/10/23 03:18:10
24/10/23 03:18:10
/home/pi/reginaldojunior/experimentos/socket/loop-fusion-dynamic/all-batches-4//covtypeNorm-LBagExecutorMAXChunk-25-4-25-575
24/10/23 03:28:17
24/10/23 03:28:17
/home/pi/reginaldojunior/experimentos/socket/loop-fusion-dynamic/all-batches-4//covtypeNorm-StreamingRandomPatchesExecutorMAXChunk-25-4-25-253
24/10/23 03:38:23
24/10/23 03:38:23
/home/pi/reginaldojunior/experimentos/socket/loop-fusion-dynamic/all-batches-4//covtypeNorm-OzaBagAdwinExecutorMAXChunk-25-4-25-794
24/10/23 03:48:29
24/10/23 03:48:29
/home/pi/reginaldojunior/experimentos/socket/loop-fusion-dynamic/all-batches-4//covtypeNorm-OzaBagASHTExecutorMAXChunk-25-4-25-2709
24/10/23 03:58:36
24/10/23 03:58:36
/home/pi/reginaldojunior/experimentos/socket/loop-fusion-dynamic/all-batches-4//covtypeNorm-OzaBagExecutorMAXChunk-25-4-25-2679
24/10/23 04:08:42
24/10/23 04:08:42
/home/pi/reginaldojunior/experimentos/socket/loop-fusion-dynamic/all-batches-4//airlines-AdaptiveRandomForestExecutorMAXChunk-25-4-25-213
24/10/23 04:18:47
24/10/23 04:18:47
/home/pi/reginaldojunior/experimentos/socket/loop-fusion-dynamic/all-batches-4//airlines-LBagExecutorMAXChunk-25-4-25-210
24/10/23 04:28:54
24/10/23 04:28:54
/home/pi/reginaldojunior/experimentos/socket/loop-fusion-dynamic/all-batches-4//airlines-StreamingRandomPatchesExecutorMAXChunk-25-4-25-236
24/10/23 04:38:59
24/10/23 04:38:59
/home/pi/reginaldojunior/experimentos/socket/loop-fusion-dynamic/all-batches-4//airlines-OzaBagAdwinExecutorMAXChunk-25-4-25-717
24/10/23 04:49:05
24/10/23 04:49:05
/home/pi/reginaldojunior/experimentos/socket/loop-fusion-dynamic/all-batches-4//airlines-OzaBagASHTExecutorMAXChunk-25-4-25-2735
24/10/23 04:59:12
24/10/23 04:59:12
/home/pi/reginaldojunior/experimentos/socket/loop-fusion-dynamic/all-batches-4//airlines-OzaBagExecutorMAXChunk-25-4-25-4800
24/10/23 05:09:19
24/10/23 05:09:19
/home/pi/reginaldojunior/experimentos/socket/loop-fusion-dynamic/all-batches-4//elecNormNew-AdaptiveRandomForestExecutorMAXChunk-25-4-25-882
24/10/23 05:11:20
24/10/23 05:11:20
/home/pi/reginaldojunior/experimentos/socket/loop-fusion-dynamic/all-batches-4//elecNormNew-LBagExecutorMAXChunk-25-4-25-1258
24/10/23 05:13:18
24/10/23 05:13:18
/home/pi/reginaldojunior/experimentos/socket/loop-fusion-dynamic/all-batches-4//elecNormNew-StreamingRandomPatchesExecutorMAXChunk-25-4-25-496
24/10/23 05:20:15
24/10/23 05:20:15
/home/pi/reginaldojunior/experimentos/socket/loop-fusion-dynamic/all-batches-4//elecNormNew-OzaBagAdwinExecutorMAXChunk-25-4-25-2142
24/10/23 05:23:58
24/10/23 05:23:58
/home/pi/reginaldojunior/experimentos/socket/loop-fusion-dynamic/all-batches-4//elecNormNew-OzaBagASHTExecutorMAXChunk-25-4-25-3926
24/10/23 05:25:21
24/10/23 05:25:21
/home/pi/reginaldojunior/experimentos/socket/loop-fusion-dynamic/all-batches-4//elecNormNew-OzaBagExecutorMAXChunk-25-4-25-3944
24/10/23 05:25:51
24/10/23 05:25:51
/home/pi/reginaldojunior/experimentos/socket/loop-fusion-dynamic/all-batches-4//GMSC-AdaptiveRandomForestExecutorMAXChunk-25-4-25-1574
24/10/23 05:30:47
24/10/23 05:30:47
/home/pi/reginaldojunior/experimentos/socket/loop-fusion-dynamic/all-batches-4//GMSC-LBagExecutorMAXChunk-25-4-25-1861
24/10/23 05:39:39
24/10/23 05:39:39
/home/pi/reginaldojunior/experimentos/socket/loop-fusion-dynamic/all-batches-4//GMSC-StreamingRandomPatchesExecutorMAXChunk-25-4-25-898
24/10/23 05:49:45
24/10/23 05:49:45
/home/pi/reginaldojunior/experimentos/socket/loop-fusion-dynamic/all-batches-4//GMSC-OzaBagAdwinExecutorMAXChunk-25-4-25-3066
24/10/23 05:54:42
24/10/23 05:54:42
/home/pi/reginaldojunior/experimentos/socket/loop-fusion-dynamic/all-batches-4//GMSC-OzaBagASHTExecutorMAXChunk-25-4-25-6863
24/10/23 05:55:45
24/10/23 05:55:45
/home/pi/reginaldojunior/experimentos/socket/loop-fusion-dynamic/all-batches-4//GMSC-OzaBagExecutorMAXChunk-25-4-25-6653
24/10/23 05:56:36
24/10/23 05:56:36
/home/pi/reginaldojunior/experimentos/socket/loop-fusion-dynamic/all-batches-4//covtypeNorm-AdaptiveRandomForestExecutorMAXChunk-25-4-50-1012
24/10/23 06:06:41
24/10/23 06:06:41
/home/pi/reginaldojunior/experimentos/socket/loop-fusion-dynamic/all-batches-4//covtypeNorm-LBagExecutorMAXChunk-25-4-50-667
24/10/23 06:16:47
24/10/23 06:16:47
/home/pi/reginaldojunior/experimentos/socket/loop-fusion-dynamic/all-batches-4//covtypeNorm-StreamingRandomPatchesExecutorMAXChunk-25-4-50-255
24/10/23 06:26:53
24/10/23 06:26:53
/home/pi/reginaldojunior/experimentos/socket/loop-fusion-dynamic/all-batches-4//covtypeNorm-OzaBagAdwinExecutorMAXChunk-25-4-50-996
24/10/23 06:37:00
24/10/23 06:37:00
/home/pi/reginaldojunior/experimentos/socket/loop-fusion-dynamic/all-batches-4//covtypeNorm-OzaBagASHTExecutorMAXChunk-25-4-50-2708
24/10/23 06:47:07
24/10/23 06:47:07
/home/pi/reginaldojunior/experimentos/socket/loop-fusion-dynamic/all-batches-4//covtypeNorm-OzaBagExecutorMAXChunk-25-4-50-2675
24/10/23 06:57:13
24/10/23 06:57:13
/home/pi/reginaldojunior/experimentos/socket/loop-fusion-dynamic/all-batches-4//airlines-AdaptiveRandomForestExecutorMAXChunk-25-4-50-220
24/10/23 07:07:19
24/10/23 07:07:19
/home/pi/reginaldojunior/experimentos/socket/loop-fusion-dynamic/all-batches-4//airlines-LBagExecutorMAXChunk-25-4-50-214
24/10/23 07:27:59
24/10/23 07:27:59
/home/pi/reginaldojunior/experimentos/socket/loop-fusion-dynamic/all-batches-4//airlines-StreamingRandomPatchesExecutorMAXChunk-25-4-50-239
24/10/23 07:38:04
24/10/23 07:38:04
/home/pi/reginaldojunior/experimentos/socket/loop-fusion-dynamic/all-batches-4//airlines-OzaBagAdwinExecutorMAXChunk-25-4-50-683
24/10/23 07:48:11
24/10/23 07:48:11
/home/pi/reginaldojunior/experimentos/socket/loop-fusion-dynamic/all-batches-4//airlines-OzaBagASHTExecutorMAXChunk-25-4-50-3799
24/10/23 07:58:18
24/10/23 07:58:18
/home/pi/reginaldojunior/experimentos/socket/loop-fusion-dynamic/all-batches-4//airlines-OzaBagExecutorMAXChunk-25-4-50-5027
24/10/23 08:05:57
24/10/23 08:05:57
/home/pi/reginaldojunior/experimentos/socket/loop-fusion-dynamic/all-batches-4//elecNormNew-AdaptiveRandomForestExecutorMAXChunk-25-4-50-918
24/10/23 08:09:38
24/10/23 08:09:38
/home/pi/reginaldojunior/experimentos/socket/loop-fusion-dynamic/all-batches-4//elecNormNew-LBagExecutorMAXChunk-25-4-50-1316
24/10/23 08:11:55
24/10/23 08:11:55
/home/pi/reginaldojunior/experimentos/socket/loop-fusion-dynamic/all-batches-4//elecNormNew-StreamingRandomPatchesExecutorMAXChunk-25-4-50-489
24/10/23 08:18:13
24/10/23 08:18:13
/home/pi/reginaldojunior/experimentos/socket/loop-fusion-dynamic/all-batches-4//elecNormNew-OzaBagAdwinExecutorMAXChunk-25-4-50-2523
24/10/23 08:21:10
24/10/23 08:21:10
/home/pi/reginaldojunior/experimentos/socket/loop-fusion-dynamic/all-batches-4//elecNormNew-OzaBagASHTExecutorMAXChunk-25-4-50-4141
24/10/23 08:22:01
24/10/23 08:22:01
/home/pi/reginaldojunior/experimentos/socket/loop-fusion-dynamic/all-batches-4//elecNormNew-OzaBagExecutorMAXChunk-25-4-50-4162
24/10/23 08:23:27
24/10/23 08:23:27
/home/pi/reginaldojunior/experimentos/socket/loop-fusion-dynamic/all-batches-4//GMSC-AdaptiveRandomForestExecutorMAXChunk-25-4-50-1699
24/10/23 08:32:25
24/10/23 08:32:25
/home/pi/reginaldojunior/experimentos/socket/loop-fusion-dynamic/all-batches-4//GMSC-LBagExecutorMAXChunk-25-4-50-2037
24/10/23 08:38:55
24/10/23 08:38:55
/home/pi/reginaldojunior/experimentos/socket/loop-fusion-dynamic/all-batches-4//GMSC-StreamingRandomPatchesExecutorMAXChunk-25-4-50-958
24/10/23 08:49:00
24/10/23 08:49:00
/home/pi/reginaldojunior/experimentos/socket/loop-fusion-dynamic/all-batches-4//GMSC-OzaBagAdwinExecutorMAXChunk-25-4-50-4027
24/10/23 08:52:45
24/10/23 08:52:45
/home/pi/reginaldojunior/experimentos/socket/loop-fusion-dynamic/all-batches-4//GMSC-OzaBagASHTExecutorMAXChunk-25-4-50-7285
24/10/23 08:55:29
24/10/23 08:55:29
/home/pi/reginaldojunior/experimentos/socket/loop-fusion-dynamic/all-batches-4//GMSC-OzaBagExecutorMAXChunk-25-4-50-6990
24/10/23 08:56:24
24/10/23 08:56:24
/home/pi/reginaldojunior/experimentos/socket/loop-fusion-dynamic/all-batches-4//covtypeNorm-AdaptiveRandomForestExecutorMAXChunk-25-4-500-963
24/10/23 09:06:29
24/10/23 09:06:29
/home/pi/reginaldojunior/experimentos/socket/loop-fusion-dynamic/all-batches-4//covtypeNorm-LBagExecutorMAXChunk-25-4-500-782
24/10/23 09:16:35
24/10/23 09:16:35
/home/pi/reginaldojunior/experimentos/socket/loop-fusion-dynamic/all-batches-4//covtypeNorm-StreamingRandomPatchesExecutorMAXChunk-25-4-500-276
24/10/23 09:26:42
24/10/23 09:26:42
/home/pi/reginaldojunior/experimentos/socket/loop-fusion-dynamic/all-batches-4//covtypeNorm-OzaBagAdwinExecutorMAXChunk-25-4-500-1154
24/10/23 09:36:48
24/10/23 09:36:48
/home/pi/reginaldojunior/experimentos/socket/loop-fusion-dynamic/all-batches-4//covtypeNorm-OzaBagASHTExecutorMAXChunk-25-4-500-3368
24/10/23 09:46:54
24/10/23 09:46:54
/home/pi/reginaldojunior/experimentos/socket/loop-fusion-dynamic/all-batches-4//covtypeNorm-OzaBagExecutorMAXChunk-25-4-500-3708
24/10/23 09:57:01
24/10/23 09:57:01
/home/pi/reginaldojunior/experimentos/socket/loop-fusion-dynamic/all-batches-4//airlines-AdaptiveRandomForestExecutorMAXChunk-25-4-500-276
24/10/23 10:08:52
24/10/23 10:08:52
/home/pi/reginaldojunior/experimentos/socket/loop-fusion-dynamic/all-batches-4//airlines-LBagExecutorMAXChunk-25-4-500-245
24/10/23 10:59:00
24/10/23 10:59:00
/home/pi/reginaldojunior/experimentos/socket/loop-fusion-dynamic/all-batches-4//airlines-StreamingRandomPatchesExecutorMAXChunk-25-4-500-266
24/10/23 11:09:06
24/10/23 11:09:06
/home/pi/reginaldojunior/experimentos/socket/loop-fusion-dynamic/all-batches-4//airlines-OzaBagAdwinExecutorMAXChunk-25-4-500-753
24/10/23 11:36:36
24/10/23 11:36:36
/home/pi/reginaldojunior/experimentos/socket/loop-fusion-dynamic/all-batches-4//airlines-OzaBagASHTExecutorMAXChunk-25-4-500-4856
24/10/23 11:46:53
24/10/23 11:46:53
/home/pi/reginaldojunior/experimentos/socket/loop-fusion-dynamic/all-batches-4//airlines-OzaBagExecutorMAXChunk-25-4-500-6170
24/10/23 11:52:30
24/10/23 11:52:30
/home/pi/reginaldojunior/experimentos/socket/loop-fusion-dynamic/all-batches-4//elecNormNew-AdaptiveRandomForestExecutorMAXChunk-25-4-500-930
24/10/23 11:55:42
24/10/23 11:55:42
/home/pi/reginaldojunior/experimentos/socket/loop-fusion-dynamic/all-batches-4//elecNormNew-LBagExecutorMAXChunk-25-4-500-1471
24/10/23 11:58:39
24/10/23 11:58:39
/home/pi/reginaldojunior/experimentos/socket/loop-fusion-dynamic/all-batches-4//elecNormNew-StreamingRandomPatchesExecutorMAXChunk-25-4-500-494
24/10/23 12:03:30
24/10/23 12:03:30
/home/pi/reginaldojunior/experimentos/socket/loop-fusion-dynamic/all-batches-4//elecNormNew-OzaBagAdwinExecutorMAXChunk-25-4-500-2794
24/10/23 12:04:41
24/10/23 12:04:41
/home/pi/reginaldojunior/experimentos/socket/loop-fusion-dynamic/all-batches-4//elecNormNew-OzaBagASHTExecutorMAXChunk-25-4-500-4712
24/10/23 12:05:15
24/10/23 12:05:15
/home/pi/reginaldojunior/experimentos/socket/loop-fusion-dynamic/all-batches-4//elecNormNew-OzaBagExecutorMAXChunk-25-4-500-4455
24/10/23 12:06:55
24/10/23 12:06:55
/home/pi/reginaldojunior/experimentos/socket/loop-fusion-dynamic/all-batches-4//GMSC-AdaptiveRandomForestExecutorMAXChunk-25-4-500-1820
24/10/23 12:11:49
24/10/23 12:11:49
/home/pi/reginaldojunior/experimentos/socket/loop-fusion-dynamic/all-batches-4//GMSC-LBagExecutorMAXChunk-25-4-500-2271
24/10/23 12:21:57
24/10/23 12:21:57
/home/pi/reginaldojunior/experimentos/socket/loop-fusion-dynamic/all-batches-4//GMSC-StreamingRandomPatchesExecutorMAXChunk-25-4-500-1019
24/10/23 12:28:47
24/10/23 12:28:47
/home/pi/reginaldojunior/experimentos/socket/loop-fusion-dynamic/all-batches-4//GMSC-OzaBagAdwinExecutorMAXChunk-25-4-500-4733
24/10/23 12:47:14
24/10/23 12:47:14
/home/pi/reginaldojunior/experimentos/socket/loop-fusion-dynamic/all-batches-4//GMSC-OzaBagASHTExecutorMAXChunk-25-4-500-8617
24/10/23 12:51:35
24/10/23 12:51:35
/home/pi/reginaldojunior/experimentos/socket/loop-fusion-dynamic/all-batches-4//GMSC-OzaBagExecutorMAXChunk-25-4-500-8499
24/10/23 12:52:15
24/10/23 12:52:15
/home/pi/reginaldojunior/experimentos/socket/loop-fusion-dynamic/all-batches-4//covtypeNorm-AdaptiveRandomForestExecutorMAXChunk-25-4-2000-1080
24/10/23 13:02:21
24/10/23 13:02:21
/home/pi/reginaldojunior/experimentos/socket/loop-fusion-dynamic/all-batches-4//covtypeNorm-LBagExecutorMAXChunk-25-4-2000-702
24/10/23 13:12:28
24/10/23 13:12:28
/home/pi/reginaldojunior/experimentos/socket/loop-fusion-dynamic/all-batches-4//covtypeNorm-StreamingRandomPatchesExecutorMAXChunk-25-4-2000-291
24/10/23 13:22:33
24/10/23 13:22:33
/home/pi/reginaldojunior/experimentos/socket/loop-fusion-dynamic/all-batches-4//covtypeNorm-OzaBagAdwinExecutorMAXChunk-25-4-2000-1149
24/10/23 13:32:39
24/10/23 13:32:39
/home/pi/reginaldojunior/experimentos/socket/loop-fusion-dynamic/all-batches-4//covtypeNorm-OzaBagASHTExecutorMAXChunk-25-4-2000-3314
24/10/23 13:40:49
24/10/23 13:40:49
/home/pi/reginaldojunior/experimentos/socket/loop-fusion-dynamic/all-batches-4//covtypeNorm-OzaBagExecutorMAXChunk-25-4-2000-3557
24/10/23 13:50:55
24/10/23 13:50:55
/home/pi/reginaldojunior/experimentos/socket/loop-fusion-dynamic/all-batches-4//airlines-AdaptiveRandomForestExecutorMAXChunk-25-4-2000-292
24/10/23 14:02:27
24/10/23 14:02:27
/home/pi/reginaldojunior/experimentos/socket/loop-fusion-dynamic/all-batches-4//airlines-LBagExecutorMAXChunk-25-4-2000-440
25/10/23 01:09:01
25/10/23 01:09:01
/home/pi/reginaldojunior/experimentos/socket/loop-fusion-dynamic/all-batches-4//airlines-StreamingRandomPatchesExecutorMAXChunk-25-4-2000-277
25/10/23 01:19:20
25/10/23 01:19:20
/home/pi/reginaldojunior/experimentos/socket/loop-fusion-dynamic/all-batches-4//airlines-OzaBagAdwinExecutorMAXChunk-25-4-2000-970
25/10/23 01:29:26
25/10/23 01:29:26
/home/pi/reginaldojunior/experimentos/socket/loop-fusion-dynamic/all-batches-4//airlines-OzaBagASHTExecutorMAXChunk-25-4-2000-4989
25/10/23 01:41:50
25/10/23 01:41:50
/home/pi/reginaldojunior/experimentos/socket/loop-fusion-dynamic/all-batches-4//airlines-OzaBagExecutorMAXChunk-25-4-2000-6220
25/10/23 01:48:19
25/10/23 01:48:19
/home/pi/reginaldojunior/experimentos/socket/loop-fusion-dynamic/all-batches-4//elecNormNew-AdaptiveRandomForestExecutorMAXChunk-25-4-2000-875
25/10/23 01:50:14
25/10/23 01:50:14
/home/pi/reginaldojunior/experimentos/socket/loop-fusion-dynamic/all-batches-4//elecNormNew-LBagExecutorMAXChunk-25-4-2000-1402
25/10/23 01:53:52
25/10/23 01:53:52
/home/pi/reginaldojunior/experimentos/socket/loop-fusion-dynamic/all-batches-4//elecNormNew-StreamingRandomPatchesExecutorMAXChunk-25-4-2000-519
25/10/23 01:58:21
25/10/23 01:58:21
/home/pi/reginaldojunior/experimentos/socket/loop-fusion-dynamic/all-batches-4//elecNormNew-OzaBagAdwinExecutorMAXChunk-25-4-2000-2528
25/10/23 01:59:45
25/10/23 01:59:45
/home/pi/reginaldojunior/experimentos/socket/loop-fusion-dynamic/all-batches-4//elecNormNew-OzaBagASHTExecutorMAXChunk-25-4-2000-4202
25/10/23 02:00:43
25/10/23 02:00:43
/home/pi/reginaldojunior/experimentos/socket/loop-fusion-dynamic/all-batches-4//elecNormNew-OzaBagExecutorMAXChunk-25-4-2000-4042
25/10/23 02:01:31
25/10/23 02:01:31
/home/pi/reginaldojunior/experimentos/socket/loop-fusion-dynamic/all-batches-4//GMSC-AdaptiveRandomForestExecutorMAXChunk-25-4-2000-1801
25/10/23 02:06:03
25/10/23 02:06:03
/home/pi/reginaldojunior/experimentos/socket/loop-fusion-dynamic/all-batches-4//GMSC-LBagExecutorMAXChunk-25-4-2000-2224
25/10/23 02:13:36
25/10/23 02:13:36
/home/pi/reginaldojunior/experimentos/socket/loop-fusion-dynamic/all-batches-4//GMSC-StreamingRandomPatchesExecutorMAXChunk-25-4-2000-974
25/10/23 02:22:30
25/10/23 02:22:30
/home/pi/reginaldojunior/experimentos/socket/loop-fusion-dynamic/all-batches-4//GMSC-OzaBagAdwinExecutorMAXChunk-25-4-2000-4540
25/10/23 02:27:08
25/10/23 02:27:08
/home/pi/reginaldojunior/experimentos/socket/loop-fusion-dynamic/all-batches-4//GMSC-OzaBagASHTExecutorMAXChunk-25-4-2000-8906
25/10/23 02:29:10
25/10/23 02:29:11
/home/pi/reginaldojunior/experimentos/socket/loop-fusion-dynamic/all-batches-4//GMSC-OzaBagExecutorMAXChunk-25-4-2000-8410
25/10/23 02:30:49
