17/03/22 13:19:36
/home/pi/reginaldojunior/experimentos/results/socket/4/1200/1200/elecNormNew-AdaptiveRandomForestSequential-25-1-1-43
17/03/22 13:21:41
17/03/22 13:21:41
/home/pi/reginaldojunior/experimentos/results/socket/4/1200/1200/elecNormNew-AdaptiveRandomForestExecutorRUNPER-25-4-1-43
17/03/22 13:23:46
17/03/22 13:23:46
/home/pi/reginaldojunior/experimentos/results/socket/4/1200/1200/elecNormNew-AdaptiveRandomForestSequential-25-1-1-219
17/03/22 13:25:50
17/03/22 13:25:50
/home/pi/reginaldojunior/experimentos/results/socket/4/1200/1200/elecNormNew-AdaptiveRandomForestExecutorRUNPER-25-4-1-219
17/03/22 13:27:55
17/03/22 13:27:55
/home/pi/reginaldojunior/experimentos/results/socket/4/1200/1200/elecNormNew-AdaptiveRandomForestSequential-25-1-1-395
17/03/22 13:30:00
17/03/22 13:30:00
/home/pi/reginaldojunior/experimentos/results/socket/4/1200/1200/elecNormNew-AdaptiveRandomForestExecutorRUNPER-25-4-1-395
17/03/22 13:32:00
17/03/22 13:32:00
/home/pi/reginaldojunior/experimentos/results/socket/4/1200/1200/elecNormNew-LeveragingBag-25-1-1-68
17/03/22 13:34:06
17/03/22 13:34:06
/home/pi/reginaldojunior/experimentos/results/socket/4/1200/1200/elecNormNew-LBagExecutorRUNPER-25-4-1-68
17/03/22 13:36:13
17/03/22 13:36:13
/home/pi/reginaldojunior/experimentos/results/socket/4/1200/1200/elecNormNew-LeveragingBag-25-1-1-344
17/03/22 13:38:19
17/03/22 13:38:19
/home/pi/reginaldojunior/experimentos/results/socket/4/1200/1200/elecNormNew-LBagExecutorRUNPER-25-4-1-344
17/03/22 13:40:26
17/03/22 13:40:26
/home/pi/reginaldojunior/experimentos/results/socket/4/1200/1200/elecNormNew-LeveragingBag-25-1-1-620
17/03/22 13:41:59
17/03/22 13:41:59
/home/pi/reginaldojunior/experimentos/results/socket/4/1200/1200/elecNormNew-LBagExecutorRUNPER-25-4-1-620
17/03/22 13:43:18
17/03/22 13:43:18
/home/pi/reginaldojunior/experimentos/results/socket/4/1200/1200/elecNormNew-StreamingRandomPatches-25-1-1-25
17/03/22 13:45:24
17/03/22 13:45:24
/home/pi/reginaldojunior/experimentos/results/socket/4/1200/1200/elecNormNew-StreamingRandomPatchesExecutorRUNPER-25-4-1-25
17/03/22 13:47:29
17/03/22 13:47:29
/home/pi/reginaldojunior/experimentos/results/socket/4/1200/1200/elecNormNew-StreamingRandomPatches-25-1-1-127
17/03/22 13:49:34
17/03/22 13:49:34
/home/pi/reginaldojunior/experimentos/results/socket/4/1200/1200/elecNormNew-StreamingRandomPatchesExecutorRUNPER-25-4-1-127
17/03/22 13:51:39
17/03/22 13:51:39
/home/pi/reginaldojunior/experimentos/results/socket/4/1200/1200/elecNormNew-StreamingRandomPatches-25-1-1-229
17/03/22 13:53:44
17/03/22 13:53:44
/home/pi/reginaldojunior/experimentos/results/socket/4/1200/1200/elecNormNew-StreamingRandomPatchesExecutorRUNPER-25-4-1-229
17/03/22 13:55:49
17/03/22 13:55:49
/home/pi/reginaldojunior/experimentos/results/socket/4/1200/1200/elecNormNew-OzaBagAdwin-25-1-1-115
17/03/22 13:57:55
17/03/22 13:57:55
/home/pi/reginaldojunior/experimentos/results/socket/4/1200/1200/elecNormNew-OzaBagAdwinExecutorRUNPER-25-4-1-115
17/03/22 14:00:02
17/03/22 14:00:02
/home/pi/reginaldojunior/experimentos/results/socket/4/1200/1200/elecNormNew-OzaBagAdwin-25-1-1-577
17/03/22 14:01:27
17/03/22 14:01:27
/home/pi/reginaldojunior/experimentos/results/socket/4/1200/1200/elecNormNew-OzaBagAdwinExecutorRUNPER-25-4-1-577
17/03/22 14:02:53
17/03/22 14:02:53
/home/pi/reginaldojunior/experimentos/results/socket/4/1200/1200/elecNormNew-OzaBagAdwin-25-1-1-1039
17/03/22 14:03:43
17/03/22 14:03:43
/home/pi/reginaldojunior/experimentos/results/socket/4/1200/1200/elecNormNew-OzaBagAdwinExecutorRUNPER-25-4-1-1039
17/03/22 14:04:34
17/03/22 14:04:34
/home/pi/reginaldojunior/experimentos/results/socket/4/1200/1200/elecNormNew-OzaBagASHT-25-1-1-134
17/03/22 14:06:41
17/03/22 14:06:41
/home/pi/reginaldojunior/experimentos/results/socket/4/1200/1200/elecNormNew-OzaBagASHTExecutorRUNPER-25-4-1-134
17/03/22 14:08:47
17/03/22 14:08:47
/home/pi/reginaldojunior/experimentos/results/socket/4/1200/1200/elecNormNew-OzaBagASHT-25-1-1-673
17/03/22 14:10:02
17/03/22 14:10:02
/home/pi/reginaldojunior/experimentos/results/socket/4/1200/1200/elecNormNew-OzaBagASHTExecutorRUNPER-25-4-1-673
17/03/22 14:11:16
17/03/22 14:11:16
/home/pi/reginaldojunior/experimentos/results/socket/4/1200/1200/elecNormNew-OzaBagASHT-25-1-1-1211
17/03/22 14:12:00
17/03/22 14:12:00
/home/pi/reginaldojunior/experimentos/results/socket/4/1200/1200/elecNormNew-OzaBagASHTExecutorRUNPER-25-4-1-1211
17/03/22 14:12:43
17/03/22 14:12:43
/home/pi/reginaldojunior/experimentos/results/socket/4/1200/1200/elecNormNew-OzaBag-25-1-1-138
17/03/22 14:14:50
17/03/22 14:14:50
/home/pi/reginaldojunior/experimentos/results/socket/4/1200/1200/elecNormNew-OzaBagExecutorRUNPER-25-4-1-138
17/03/22 14:16:56
17/03/22 14:16:56
/home/pi/reginaldojunior/experimentos/results/socket/4/1200/1200/elecNormNew-OzaBag-25-1-1-694
17/03/22 14:18:09
17/03/22 14:18:09
/home/pi/reginaldojunior/experimentos/results/socket/4/1200/1200/elecNormNew-OzaBagExecutorRUNPER-25-4-1-694
17/03/22 14:19:21
17/03/22 14:19:21
/home/pi/reginaldojunior/experimentos/results/socket/4/1200/1200/elecNormNew-OzaBag-25-1-1-1250
17/03/22 14:20:04
17/03/22 14:20:04
/home/pi/reginaldojunior/experimentos/results/socket/4/1200/1200/elecNormNew-OzaBagExecutorRUNPER-25-4-1-1250
17/03/22 14:20:46
17/03/22 14:20:46
/home/pi/reginaldojunior/experimentos/results/socket/4/1200/1200/covtypeNorm-AdaptiveRandomForestSequential-25-1-1-40
17/03/22 14:22:52
17/03/22 14:22:52
/home/pi/reginaldojunior/experimentos/results/socket/4/1200/1200/covtypeNorm-AdaptiveRandomForestExecutorRUNPER-25-4-1-40
17/03/22 14:24:58
17/03/22 14:24:58
/home/pi/reginaldojunior/experimentos/results/socket/4/1200/1200/covtypeNorm-AdaptiveRandomForestSequential-25-1-1-200
17/03/22 14:27:02
17/03/22 14:27:02
/home/pi/reginaldojunior/experimentos/results/socket/4/1200/1200/covtypeNorm-AdaptiveRandomForestExecutorRUNPER-25-4-1-200
17/03/22 14:29:07
17/03/22 14:29:07
/home/pi/reginaldojunior/experimentos/results/socket/4/1200/1200/covtypeNorm-AdaptiveRandomForestSequential-25-1-1-361
17/03/22 14:31:12
17/03/22 14:31:12
/home/pi/reginaldojunior/experimentos/results/socket/4/1200/1200/covtypeNorm-AdaptiveRandomForestExecutorRUNPER-25-4-1-361
17/03/22 14:33:16
17/03/22 14:33:16
/home/pi/reginaldojunior/experimentos/results/socket/4/1200/1200/covtypeNorm-LeveragingBag-25-1-1-29
17/03/22 14:35:23
17/03/22 14:35:23
/home/pi/reginaldojunior/experimentos/results/socket/4/1200/1200/covtypeNorm-LBagExecutorRUNPER-25-4-1-29
17/03/22 14:37:30
17/03/22 14:37:30
/home/pi/reginaldojunior/experimentos/results/socket/4/1200/1200/covtypeNorm-LeveragingBag-25-1-1-146
17/03/22 14:39:36
17/03/22 14:39:36
/home/pi/reginaldojunior/experimentos/results/socket/4/1200/1200/covtypeNorm-LBagExecutorRUNPER-25-4-1-146
17/03/22 14:41:43
17/03/22 14:41:43
/home/pi/reginaldojunior/experimentos/results/socket/4/1200/1200/covtypeNorm-LeveragingBag-25-1-1-264
17/03/22 14:43:50
17/03/22 14:43:50
/home/pi/reginaldojunior/experimentos/results/socket/4/1200/1200/covtypeNorm-LBagExecutorRUNPER-25-4-1-264
17/03/22 14:45:56
17/03/22 14:45:56
/home/pi/reginaldojunior/experimentos/results/socket/4/1200/1200/covtypeNorm-StreamingRandomPatches-25-1-1-12
17/03/22 14:48:02
17/03/22 14:48:02
/home/pi/reginaldojunior/experimentos/results/socket/4/1200/1200/covtypeNorm-StreamingRandomPatchesExecutorRUNPER-25-4-1-12
17/03/22 14:50:07
17/03/22 14:50:07
/home/pi/reginaldojunior/experimentos/results/socket/4/1200/1200/covtypeNorm-StreamingRandomPatches-25-1-1-60
17/03/22 14:52:12
17/03/22 14:52:12
/home/pi/reginaldojunior/experimentos/results/socket/4/1200/1200/covtypeNorm-StreamingRandomPatchesExecutorRUNPER-25-4-1-60
17/03/22 14:54:17
17/03/22 14:54:17
/home/pi/reginaldojunior/experimentos/results/socket/4/1200/1200/covtypeNorm-StreamingRandomPatches-25-1-1-108
17/03/22 14:56:22
17/03/22 14:56:22
/home/pi/reginaldojunior/experimentos/results/socket/4/1200/1200/covtypeNorm-StreamingRandomPatchesExecutorRUNPER-25-4-1-108
17/03/22 14:58:27
17/03/22 14:58:27
/home/pi/reginaldojunior/experimentos/results/socket/4/1200/1200/covtypeNorm-OzaBagAdwin-25-1-1-42
17/03/22 15:00:33
17/03/22 15:00:33
/home/pi/reginaldojunior/experimentos/results/socket/4/1200/1200/covtypeNorm-OzaBagAdwinExecutorRUNPER-25-4-1-42
17/03/22 15:02:40
17/03/22 15:02:40
/home/pi/reginaldojunior/experimentos/results/socket/4/1200/1200/covtypeNorm-OzaBagAdwin-25-1-1-210
17/03/22 15:04:46
17/03/22 15:04:46
/home/pi/reginaldojunior/experimentos/results/socket/4/1200/1200/covtypeNorm-OzaBagAdwinExecutorRUNPER-25-4-1-210
17/03/22 15:06:53
17/03/22 15:06:53
/home/pi/reginaldojunior/experimentos/results/socket/4/1200/1200/covtypeNorm-OzaBagAdwin-25-1-1-379
17/03/22 15:08:59
17/03/22 15:08:59
/home/pi/reginaldojunior/experimentos/results/socket/4/1200/1200/covtypeNorm-OzaBagAdwinExecutorRUNPER-25-4-1-379
17/03/22 15:11:06
17/03/22 15:11:06
/home/pi/reginaldojunior/experimentos/results/socket/4/1200/1200/covtypeNorm-OzaBagASHT-25-1-1-43
17/03/22 15:13:12
17/03/22 15:13:12
/home/pi/reginaldojunior/experimentos/results/socket/4/1200/1200/covtypeNorm-OzaBagASHTExecutorRUNPER-25-4-1-43
17/03/22 15:15:19
17/03/22 15:15:19
/home/pi/reginaldojunior/experimentos/results/socket/4/1200/1200/covtypeNorm-OzaBagASHT-25-1-1-215
17/03/22 15:17:26
17/03/22 15:17:26
/home/pi/reginaldojunior/experimentos/results/socket/4/1200/1200/covtypeNorm-OzaBagASHTExecutorRUNPER-25-4-1-215
17/03/22 15:19:32
17/03/22 15:19:32
/home/pi/reginaldojunior/experimentos/results/socket/4/1200/1200/covtypeNorm-OzaBagASHT-25-1-1-388
17/03/22 15:21:39
17/03/22 15:21:39
/home/pi/reginaldojunior/experimentos/results/socket/4/1200/1200/covtypeNorm-OzaBagASHTExecutorRUNPER-25-4-1-388
17/03/22 15:23:45
17/03/22 15:23:45
/home/pi/reginaldojunior/experimentos/results/socket/4/1200/1200/covtypeNorm-OzaBag-25-1-1-43
17/03/22 15:25:52
17/03/22 15:25:52
/home/pi/reginaldojunior/experimentos/results/socket/4/1200/1200/covtypeNorm-OzaBagExecutorRUNPER-25-4-1-43
17/03/22 15:27:58
17/03/22 15:27:58
/home/pi/reginaldojunior/experimentos/results/socket/4/1200/1200/covtypeNorm-OzaBag-25-1-1-217
17/03/22 15:30:05
17/03/22 15:30:05
/home/pi/reginaldojunior/experimentos/results/socket/4/1200/1200/covtypeNorm-OzaBagExecutorRUNPER-25-4-1-217
17/03/22 15:32:12
17/03/22 15:32:12
/home/pi/reginaldojunior/experimentos/results/socket/4/1200/1200/covtypeNorm-OzaBag-25-1-1-390
17/03/22 15:34:18
17/03/22 15:34:18
/home/pi/reginaldojunior/experimentos/results/socket/4/1200/1200/covtypeNorm-OzaBagExecutorRUNPER-25-4-1-390
17/03/22 15:36:25
17/03/22 15:36:25
/home/pi/reginaldojunior/experimentos/results/socket/4/1200/1200/GMSC-AdaptiveRandomForestSequential-25-1-1-70
17/03/22 15:38:29
17/03/22 15:38:29
/home/pi/reginaldojunior/experimentos/results/socket/4/1200/1200/GMSC-AdaptiveRandomForestExecutorRUNPER-25-4-1-70
17/03/22 15:40:34
17/03/22 15:40:34
/home/pi/reginaldojunior/experimentos/results/socket/4/1200/1200/GMSC-AdaptiveRandomForestSequential-25-1-1-350
17/03/22 15:42:39
17/03/22 15:42:39
/home/pi/reginaldojunior/experimentos/results/socket/4/1200/1200/GMSC-AdaptiveRandomForestExecutorRUNPER-25-4-1-350
17/03/22 15:44:44
17/03/22 15:44:44
/home/pi/reginaldojunior/experimentos/results/socket/4/1200/1200/GMSC-AdaptiveRandomForestSequential-25-1-1-630
17/03/22 15:46:49
17/03/22 15:46:49
/home/pi/reginaldojunior/experimentos/results/socket/4/1200/1200/GMSC-AdaptiveRandomForestExecutorRUNPER-25-4-1-630
17/03/22 15:48:54
17/03/22 15:48:54
/home/pi/reginaldojunior/experimentos/results/socket/4/1200/1200/GMSC-LeveragingBag-25-1-1-90
17/03/22 15:51:00
17/03/22 15:51:00
/home/pi/reginaldojunior/experimentos/results/socket/4/1200/1200/GMSC-LBagExecutorRUNPER-25-4-1-90
17/03/22 15:53:07
17/03/22 15:53:07
/home/pi/reginaldojunior/experimentos/results/socket/4/1200/1200/GMSC-LeveragingBag-25-1-1-452
17/03/22 15:55:14
17/03/22 15:55:14
/home/pi/reginaldojunior/experimentos/results/socket/4/1200/1200/GMSC-LBagExecutorRUNPER-25-4-1-452
17/03/22 15:57:19
17/03/22 15:57:19
/home/pi/reginaldojunior/experimentos/results/socket/4/1200/1200/GMSC-LeveragingBag-25-1-1-814
17/03/22 15:59:26
17/03/22 15:59:26
/home/pi/reginaldojunior/experimentos/results/socket/4/1200/1200/GMSC-LBagExecutorRUNPER-25-4-1-814
17/03/22 16:01:33
17/03/22 16:01:33
/home/pi/reginaldojunior/experimentos/results/socket/4/1200/1200/GMSC-StreamingRandomPatches-25-1-1-33
17/03/22 16:03:38
17/03/22 16:03:38
/home/pi/reginaldojunior/experimentos/results/socket/4/1200/1200/GMSC-StreamingRandomPatchesExecutorRUNPER-25-4-1-33
17/03/22 16:05:44
17/03/22 16:05:44
/home/pi/reginaldojunior/experimentos/results/socket/4/1200/1200/GMSC-StreamingRandomPatches-25-1-1-167
17/03/22 16:07:48
17/03/22 16:07:48
/home/pi/reginaldojunior/experimentos/results/socket/4/1200/1200/GMSC-StreamingRandomPatchesExecutorRUNPER-25-4-1-167
17/03/22 16:09:53
17/03/22 16:09:53
/home/pi/reginaldojunior/experimentos/results/socket/4/1200/1200/GMSC-StreamingRandomPatches-25-1-1-301
17/03/22 16:11:58
17/03/22 16:11:58
/home/pi/reginaldojunior/experimentos/results/socket/4/1200/1200/GMSC-StreamingRandomPatchesExecutorRUNPER-25-4-1-301
17/03/22 16:14:03
17/03/22 16:14:03
/home/pi/reginaldojunior/experimentos/results/socket/4/1200/1200/GMSC-OzaBagAdwin-25-1-1-175
17/03/22 16:16:09
17/03/22 16:16:09
/home/pi/reginaldojunior/experimentos/results/socket/4/1200/1200/GMSC-OzaBagAdwinExecutorRUNPER-25-4-1-175
17/03/22 16:18:16
17/03/22 16:18:16
/home/pi/reginaldojunior/experimentos/results/socket/4/1200/1200/GMSC-OzaBagAdwin-25-1-1-877
17/03/22 16:20:22
17/03/22 16:20:22
/home/pi/reginaldojunior/experimentos/results/socket/4/1200/1200/GMSC-OzaBagAdwinExecutorRUNPER-25-4-1-877
17/03/22 16:22:29
17/03/22 16:22:29
/home/pi/reginaldojunior/experimentos/results/socket/4/1200/1200/GMSC-OzaBagAdwin-25-1-1-1578
17/03/22 16:24:10
17/03/22 16:24:10
/home/pi/reginaldojunior/experimentos/results/socket/4/1200/1200/GMSC-OzaBagAdwinExecutorRUNPER-25-4-1-1578
17/03/22 16:25:52
17/03/22 16:25:52
/home/pi/reginaldojunior/experimentos/results/socket/4/1200/1200/GMSC-OzaBagASHT-25-1-1-191
17/03/22 16:27:59
17/03/22 16:27:59
/home/pi/reginaldojunior/experimentos/results/socket/4/1200/1200/GMSC-OzaBagASHTExecutorRUNPER-25-4-1-191
17/03/22 16:30:05
17/03/22 16:30:05
/home/pi/reginaldojunior/experimentos/results/socket/4/1200/1200/GMSC-OzaBagASHT-25-1-1-959
17/03/22 16:32:12
17/03/22 16:32:12
/home/pi/reginaldojunior/experimentos/results/socket/4/1200/1200/GMSC-OzaBagASHTExecutorRUNPER-25-4-1-959
17/03/22 16:34:18
17/03/22 16:34:18
/home/pi/reginaldojunior/experimentos/results/socket/4/1200/1200/GMSC-OzaBagASHT-25-1-1-1727
17/03/22 16:35:52
17/03/22 16:35:52
/home/pi/reginaldojunior/experimentos/results/socket/4/1200/1200/GMSC-OzaBagASHTExecutorRUNPER-25-4-1-1727
17/03/22 16:37:25
17/03/22 16:37:25
/home/pi/reginaldojunior/experimentos/results/socket/4/1200/1200/GMSC-OzaBag-25-1-1-184
17/03/22 16:39:32
17/03/22 16:39:32
/home/pi/reginaldojunior/experimentos/results/socket/4/1200/1200/GMSC-OzaBagExecutorRUNPER-25-4-1-184
17/03/22 16:41:39
17/03/22 16:41:39
/home/pi/reginaldojunior/experimentos/results/socket/4/1200/1200/GMSC-OzaBag-25-1-1-924
17/03/22 16:43:45
17/03/22 16:43:45
/home/pi/reginaldojunior/experimentos/results/socket/4/1200/1200/GMSC-OzaBagExecutorRUNPER-25-4-1-924
17/03/22 16:45:52
17/03/22 16:45:52
/home/pi/reginaldojunior/experimentos/results/socket/4/1200/1200/GMSC-OzaBag-25-1-1-1663
17/03/22 16:47:28
17/03/22 16:47:28
/home/pi/reginaldojunior/experimentos/results/socket/4/1200/1200/GMSC-OzaBagExecutorRUNPER-25-4-1-1663
17/03/22 16:49:05
17/03/22 16:49:05
/home/pi/reginaldojunior/experimentos/results/socket/4/1200/1200/airlines-AdaptiveRandomForestSequential-25-1-1-15
17/03/22 16:51:10
17/03/22 16:51:10
/home/pi/reginaldojunior/experimentos/results/socket/4/1200/1200/airlines-AdaptiveRandomForestExecutorRUNPER-25-4-1-15
17/03/22 16:53:15
17/03/22 16:53:15
/home/pi/reginaldojunior/experimentos/results/socket/4/1200/1200/airlines-AdaptiveRandomForestSequential-25-1-1-78
17/03/22 16:55:20
17/03/22 16:55:20
/home/pi/reginaldojunior/experimentos/results/socket/4/1200/1200/airlines-AdaptiveRandomForestExecutorRUNPER-25-4-1-78
17/03/22 16:57:25
17/03/22 16:57:25
/home/pi/reginaldojunior/experimentos/results/socket/4/1200/1200/airlines-AdaptiveRandomForestSequential-25-1-1-140
17/03/22 16:59:30
17/03/22 16:59:30
/home/pi/reginaldojunior/experimentos/results/socket/4/1200/1200/airlines-AdaptiveRandomForestExecutorRUNPER-25-4-1-140
17/03/22 17:01:36
17/03/22 17:01:36
/home/pi/reginaldojunior/experimentos/results/socket/4/1200/1200/airlines-LeveragingBag-25-1-1-15
17/03/22 17:03:42
17/03/22 17:03:42
/home/pi/reginaldojunior/experimentos/results/socket/4/1200/1200/airlines-LBagExecutorRUNPER-25-4-1-15
17/03/22 17:05:49
17/03/22 17:05:49
/home/pi/reginaldojunior/experimentos/results/socket/4/1200/1200/airlines-LeveragingBag-25-1-1-75
17/03/22 17:07:56
17/03/22 17:07:56
/home/pi/reginaldojunior/experimentos/results/socket/4/1200/1200/airlines-LBagExecutorRUNPER-25-4-1-75
17/03/22 17:10:03
17/03/22 17:10:03
/home/pi/reginaldojunior/experimentos/results/socket/4/1200/1200/airlines-LeveragingBag-25-1-1-136
17/03/22 17:12:10
17/03/22 17:12:10
/home/pi/reginaldojunior/experimentos/results/socket/4/1200/1200/airlines-LBagExecutorRUNPER-25-4-1-136
17/03/22 17:14:17
17/03/22 17:14:17
/home/pi/reginaldojunior/experimentos/results/socket/4/1200/1200/airlines-StreamingRandomPatches-25-1-1-15
17/03/22 17:16:21
17/03/22 17:16:21
/home/pi/reginaldojunior/experimentos/results/socket/4/1200/1200/airlines-StreamingRandomPatchesExecutorRUNPER-25-4-1-15
17/03/22 17:18:26
17/03/22 17:18:26
/home/pi/reginaldojunior/experimentos/results/socket/4/1200/1200/airlines-StreamingRandomPatches-25-1-1-77
17/03/22 17:20:31
17/03/22 17:20:31
/home/pi/reginaldojunior/experimentos/results/socket/4/1200/1200/airlines-StreamingRandomPatchesExecutorRUNPER-25-4-1-77
17/03/22 17:22:37
17/03/22 17:22:37
/home/pi/reginaldojunior/experimentos/results/socket/4/1200/1200/airlines-StreamingRandomPatches-25-1-1-139
17/03/22 17:24:42
17/03/22 17:24:42
/home/pi/reginaldojunior/experimentos/results/socket/4/1200/1200/airlines-StreamingRandomPatchesExecutorRUNPER-25-4-1-139
17/03/22 17:26:47
17/03/22 17:26:47
/home/pi/reginaldojunior/experimentos/results/socket/4/1200/1200/airlines-OzaBagAdwin-25-1-1-22
17/03/22 17:28:54
17/03/22 17:28:54
/home/pi/reginaldojunior/experimentos/results/socket/4/1200/1200/airlines-OzaBagAdwinExecutorRUNPER-25-4-1-22
17/03/22 17:31:01
17/03/22 17:31:01
/home/pi/reginaldojunior/experimentos/results/socket/4/1200/1200/airlines-OzaBagAdwin-25-1-1-114
17/03/22 17:33:07
17/03/22 17:33:07
/home/pi/reginaldojunior/experimentos/results/socket/4/1200/1200/airlines-OzaBagAdwinExecutorRUNPER-25-4-1-114
17/03/22 17:35:13
17/03/22 17:35:13
/home/pi/reginaldojunior/experimentos/results/socket/4/1200/1200/airlines-OzaBagAdwin-25-1-1-205
17/03/22 17:37:19
17/03/22 17:37:19
/home/pi/reginaldojunior/experimentos/results/socket/4/1200/1200/airlines-OzaBagAdwinExecutorRUNPER-25-4-1-205
17/03/22 17:39:25
17/03/22 17:39:25
/home/pi/reginaldojunior/experimentos/results/socket/4/1200/1200/airlines-OzaBagASHT-25-1-1-55
17/03/22 17:41:31
17/03/22 17:41:31
/home/pi/reginaldojunior/experimentos/results/socket/4/1200/1200/airlines-OzaBagASHTExecutorRUNPER-25-4-1-55
17/03/22 17:43:38
17/03/22 17:43:38
/home/pi/reginaldojunior/experimentos/results/socket/4/1200/1200/airlines-OzaBagASHT-25-1-1-277
17/03/22 17:45:44
17/03/22 17:45:44
/home/pi/reginaldojunior/experimentos/results/socket/4/1200/1200/airlines-OzaBagASHTExecutorRUNPER-25-4-1-277
17/03/22 17:47:51
17/03/22 17:47:51
/home/pi/reginaldojunior/experimentos/results/socket/4/1200/1200/airlines-OzaBagASHT-25-1-1-499
17/03/22 17:49:57
17/03/22 17:49:57
/home/pi/reginaldojunior/experimentos/results/socket/4/1200/1200/airlines-OzaBagASHTExecutorRUNPER-25-4-1-499
17/03/22 17:52:03
17/03/22 17:52:03
/home/pi/reginaldojunior/experimentos/results/socket/4/1200/1200/airlines-OzaBag-25-1-1-80
17/03/22 17:54:10
17/03/22 17:54:10
/home/pi/reginaldojunior/experimentos/results/socket/4/1200/1200/airlines-OzaBagExecutorRUNPER-25-4-1-80
17/03/22 17:56:16
17/03/22 17:56:16
/home/pi/reginaldojunior/experimentos/results/socket/4/1200/1200/airlines-OzaBag-25-1-1-402
17/03/22 17:58:23
17/03/22 17:58:23
/home/pi/reginaldojunior/experimentos/results/socket/4/1200/1200/airlines-OzaBagExecutorRUNPER-25-4-1-402
17/03/22 18:00:31
17/03/22 18:00:31
/home/pi/reginaldojunior/experimentos/results/socket/4/1200/1200/airlines-OzaBag-25-1-1-724
17/03/22 18:02:38
17/03/22 18:02:38
/home/pi/reginaldojunior/experimentos/results/socket/4/1200/1200/airlines-OzaBagExecutorRUNPER-25-4-1-724
17/03/22 18:04:45
17/03/22 18:04:45
