27/04/22 05:29:54
/home/pi/reginaldojunior/experimentos/results/socket/1200/600/covtypeNorm-AdaptiveRandomForestExecutorMAXChunk-25-4-5-46
27/04/22 05:30:51
27/04/22 05:30:51
27/04/22 05:31:25
/home/pi/reginaldojunior/experimentos/results/socket/1200/600/covtypeNorm-AdaptiveRandomForestExecutorMAXChunk-25-4-5-46
27/04/22 05:33:30
27/04/22 05:33:30
/home/pi/reginaldojunior/experimentos/results/socket/1200/600/covtypeNorm-AdaptiveRandomForestExecutorMAXChunk-25-4-5-234
27/04/22 05:35:34
27/04/22 05:35:34
/home/pi/reginaldojunior/experimentos/results/socket/1200/600/covtypeNorm-AdaptiveRandomForestExecutorMAXChunk-25-4-5-421
27/04/22 05:37:39
27/04/22 05:37:39
/home/pi/reginaldojunior/experimentos/results/socket/1200/600/covtypeNorm-LBagExecutorMAXChunk-25-4-5-15
27/04/22 05:39:46
27/04/22 05:39:46
/home/pi/reginaldojunior/experimentos/results/socket/1200/600/covtypeNorm-LBagExecutorMAXChunk-25-4-5-76
27/04/22 05:41:53
27/04/22 05:41:53
/home/pi/reginaldojunior/experimentos/results/socket/1200/600/covtypeNorm-LBagExecutorMAXChunk-25-4-5-138
27/04/22 05:44:00
27/04/22 05:44:00
/home/pi/reginaldojunior/experimentos/results/socket/1200/600/covtypeNorm-StreamingRandomPatchesExecutorMAXChunk-25-4-5-12
27/04/22 05:46:05
27/04/22 05:46:05
/home/pi/reginaldojunior/experimentos/results/socket/1200/600/covtypeNorm-StreamingRandomPatchesExecutorMAXChunk-25-4-5-63
27/04/22 05:48:10
27/04/22 05:48:10
/home/pi/reginaldojunior/experimentos/results/socket/1200/600/covtypeNorm-StreamingRandomPatchesExecutorMAXChunk-25-4-5-113
27/04/22 05:50:15
27/04/22 05:50:15
/home/pi/reginaldojunior/experimentos/results/socket/1200/600/covtypeNorm-OzaBagAdwinExecutorMAXChunk-25-4-5-15
27/04/22 05:52:21
27/04/22 05:52:21
/home/pi/reginaldojunior/experimentos/results/socket/1200/600/covtypeNorm-OzaBagAdwinExecutorMAXChunk-25-4-5-77
27/04/22 05:54:27
27/04/22 05:54:27
/home/pi/reginaldojunior/experimentos/results/socket/1200/600/covtypeNorm-OzaBagAdwinExecutorMAXChunk-25-4-5-139
27/04/22 05:56:34
27/04/22 05:56:34
/home/pi/reginaldojunior/experimentos/results/socket/1200/600/covtypeNorm-OzaBagASHTExecutorMAXChunk-25-4-5-46
27/04/22 05:58:41
27/04/22 05:58:41
/home/pi/reginaldojunior/experimentos/results/socket/1200/600/covtypeNorm-OzaBagASHTExecutorMAXChunk-25-4-5-234
27/04/22 06:00:48
27/04/22 06:00:48
/home/pi/reginaldojunior/experimentos/results/socket/1200/600/covtypeNorm-OzaBagASHTExecutorMAXChunk-25-4-5-421
27/04/22 06:02:54
27/04/22 06:02:54
/home/pi/reginaldojunior/experimentos/results/socket/1200/600/covtypeNorm-OzaBagExecutorMAXChunk-25-4-5-43
27/04/22 06:05:01
27/04/22 06:05:01
/home/pi/reginaldojunior/experimentos/results/socket/1200/600/covtypeNorm-OzaBagExecutorMAXChunk-25-4-5-219
27/04/22 06:07:08
27/04/22 06:07:08
/home/pi/reginaldojunior/experimentos/results/socket/1200/600/covtypeNorm-OzaBagExecutorMAXChunk-25-4-5-394
27/04/22 06:09:15
27/04/22 06:09:15
/home/pi/reginaldojunior/experimentos/results/socket/1200/600/GMSC-AdaptiveRandomForestExecutorMAXChunk-25-4-5-102
27/04/22 06:11:19
27/04/22 06:11:19
/home/pi/reginaldojunior/experimentos/results/socket/1200/600/GMSC-AdaptiveRandomForestExecutorMAXChunk-25-4-5-510
27/04/22 06:13:25
27/04/22 06:13:25
/home/pi/reginaldojunior/experimentos/results/socket/1200/600/GMSC-AdaptiveRandomForestExecutorMAXChunk-25-4-5-919
27/04/22 06:15:29
27/04/22 06:15:29
/home/pi/reginaldojunior/experimentos/results/socket/1200/600/GMSC-LBagExecutorMAXChunk-25-4-5-98
27/04/22 06:17:36
27/04/22 06:17:36
/home/pi/reginaldojunior/experimentos/results/socket/1200/600/GMSC-LBagExecutorMAXChunk-25-4-5-492
27/04/22 06:19:43
27/04/22 06:19:43
/home/pi/reginaldojunior/experimentos/results/socket/1200/600/GMSC-LBagExecutorMAXChunk-25-4-5-886
27/04/22 06:21:50
27/04/22 06:21:50
/home/pi/reginaldojunior/experimentos/results/socket/1200/600/GMSC-StreamingRandomPatchesExecutorMAXChunk-25-4-5-58
27/04/22 06:23:54
27/04/22 06:23:54
/home/pi/reginaldojunior/experimentos/results/socket/1200/600/GMSC-StreamingRandomPatchesExecutorMAXChunk-25-4-5-290
27/04/22 06:25:59
27/04/22 06:25:59
/home/pi/reginaldojunior/experimentos/results/socket/1200/600/GMSC-StreamingRandomPatchesExecutorMAXChunk-25-4-5-522
27/04/22 06:28:04
27/04/22 06:28:04
/home/pi/reginaldojunior/experimentos/results/socket/1200/600/GMSC-OzaBagAdwinExecutorMAXChunk-25-4-5-98
27/04/22 06:30:11
27/04/22 06:30:11
/home/pi/reginaldojunior/experimentos/results/socket/1200/600/GMSC-OzaBagAdwinExecutorMAXChunk-25-4-5-491
27/04/22 06:32:18
27/04/22 06:32:18
/home/pi/reginaldojunior/experimentos/results/socket/1200/600/GMSC-OzaBagAdwinExecutorMAXChunk-25-4-5-885
27/04/22 06:34:24
27/04/22 06:34:24
/home/pi/reginaldojunior/experimentos/results/socket/1200/600/GMSC-OzaBagASHTExecutorMAXChunk-25-4-5-283
27/04/22 06:36:31
27/04/22 06:36:31
/home/pi/reginaldojunior/experimentos/results/socket/1200/600/GMSC-OzaBagASHTExecutorMAXChunk-25-4-5-1419
27/04/22 06:38:24
27/04/22 06:38:24
/home/pi/reginaldojunior/experimentos/results/socket/1200/600/GMSC-OzaBagASHTExecutorMAXChunk-25-4-5-2555
27/04/22 06:39:31
27/04/22 06:39:31
/home/pi/reginaldojunior/experimentos/results/socket/1200/600/GMSC-OzaBagExecutorMAXChunk-25-4-5-275
27/04/22 06:41:37
27/04/22 06:41:37
/home/pi/reginaldojunior/experimentos/results/socket/1200/600/GMSC-OzaBagExecutorMAXChunk-25-4-5-1375
27/04/22 06:43:33
27/04/22 06:43:33
/home/pi/reginaldojunior/experimentos/results/socket/1200/600/GMSC-OzaBagExecutorMAXChunk-25-4-5-2475
27/04/22 06:44:42
27/04/22 06:44:42
/home/pi/reginaldojunior/experimentos/results/socket/1200/600/airlines-AdaptiveRandomForestExecutorMAXChunk-25-4-5-14
27/04/22 06:46:47
27/04/22 06:46:47
/home/pi/reginaldojunior/experimentos/results/socket/1200/600/airlines-AdaptiveRandomForestExecutorMAXChunk-25-4-5-71
27/04/22 06:48:57
27/04/22 06:48:57
/home/pi/reginaldojunior/experimentos/results/socket/1200/600/airlines-AdaptiveRandomForestExecutorMAXChunk-25-4-5-128
27/04/22 06:51:02
27/04/22 06:51:02
/home/pi/reginaldojunior/experimentos/results/socket/1200/600/airlines-LBagExecutorMAXChunk-25-4-5-13
27/04/22 06:53:09
27/04/22 06:53:09
/home/pi/reginaldojunior/experimentos/results/socket/1200/600/airlines-LBagExecutorMAXChunk-25-4-5-65
27/04/22 06:55:16
27/04/22 06:55:16
/home/pi/reginaldojunior/experimentos/results/socket/1200/600/airlines-LBagExecutorMAXChunk-25-4-5-118
27/04/22 06:57:22
27/04/22 06:57:22
/home/pi/reginaldojunior/experimentos/results/socket/1200/600/airlines-StreamingRandomPatchesExecutorMAXChunk-25-4-5-14
27/04/22 06:59:27
27/04/22 06:59:27
/home/pi/reginaldojunior/experimentos/results/socket/1200/600/airlines-StreamingRandomPatchesExecutorMAXChunk-25-4-5-72
27/04/22 07:01:32
27/04/22 07:01:32
/home/pi/reginaldojunior/experimentos/results/socket/1200/600/airlines-StreamingRandomPatchesExecutorMAXChunk-25-4-5-131
27/04/22 07:03:37
27/04/22 07:03:37
/home/pi/reginaldojunior/experimentos/results/socket/1200/600/airlines-OzaBagAdwinExecutorMAXChunk-25-4-5-55
27/04/22 07:05:43
27/04/22 07:05:43
/home/pi/reginaldojunior/experimentos/results/socket/1200/600/airlines-OzaBagAdwinExecutorMAXChunk-25-4-5-275
27/04/22 07:07:49
27/04/22 07:07:49
/home/pi/reginaldojunior/experimentos/results/socket/1200/600/airlines-OzaBagAdwinExecutorMAXChunk-25-4-5-495
27/04/22 07:09:55
27/04/22 07:09:55
/home/pi/reginaldojunior/experimentos/results/socket/1200/600/airlines-OzaBagASHTExecutorMAXChunk-25-4-5-59
27/04/22 07:12:01
27/04/22 07:12:01
/home/pi/reginaldojunior/experimentos/results/socket/1200/600/airlines-OzaBagASHTExecutorMAXChunk-25-4-5-298
27/04/22 07:14:08
27/04/22 07:14:08
/home/pi/reginaldojunior/experimentos/results/socket/1200/600/airlines-OzaBagASHTExecutorMAXChunk-25-4-5-538
27/04/22 07:16:14
27/04/22 07:16:14
/home/pi/reginaldojunior/experimentos/results/socket/1200/600/airlines-OzaBagExecutorMAXChunk-25-4-5-73
27/04/22 07:18:21
27/04/22 07:18:21
/home/pi/reginaldojunior/experimentos/results/socket/1200/600/airlines-OzaBagExecutorMAXChunk-25-4-5-366
27/04/22 07:20:30
27/04/22 07:20:30
/home/pi/reginaldojunior/experimentos/results/socket/1200/600/airlines-OzaBagExecutorMAXChunk-25-4-5-659
27/04/22 07:22:38
27/04/22 07:22:38
/home/pi/reginaldojunior/experimentos/results/socket/1200/600/elecNormNew-AdaptiveRandomForestExecutorMAXChunk-25-4-15-70
27/04/22 07:24:42
27/04/22 07:24:42
/home/pi/reginaldojunior/experimentos/results/socket/1200/600/elecNormNew-AdaptiveRandomForestExecutorMAXChunk-25-4-15-353
27/04/22 07:26:47
27/04/22 07:26:47
/home/pi/reginaldojunior/experimentos/results/socket/1200/600/elecNormNew-AdaptiveRandomForestExecutorMAXChunk-25-4-15-636
27/04/22 07:28:04
27/04/22 07:28:04
/home/pi/reginaldojunior/experimentos/results/socket/1200/600/elecNormNew-LBagExecutorMAXChunk-25-4-15-101
27/04/22 07:30:11
27/04/22 07:30:11
/home/pi/reginaldojunior/experimentos/results/socket/1200/600/elecNormNew-LBagExecutorMAXChunk-25-4-15-506
27/04/22 07:31:48
27/04/22 07:31:48
/home/pi/reginaldojunior/experimentos/results/socket/1200/600/elecNormNew-LBagExecutorMAXChunk-25-4-15-912
27/04/22 07:32:44
27/04/22 07:32:44
/home/pi/reginaldojunior/experimentos/results/socket/1200/600/elecNormNew-StreamingRandomPatchesExecutorMAXChunk-25-4-15-36
27/04/22 07:34:49
27/04/22 07:34:49
/home/pi/reginaldojunior/experimentos/results/socket/1200/600/elecNormNew-StreamingRandomPatchesExecutorMAXChunk-25-4-15-180
27/04/22 07:36:54
27/04/22 07:36:54
/home/pi/reginaldojunior/experimentos/results/socket/1200/600/elecNormNew-StreamingRandomPatchesExecutorMAXChunk-25-4-15-325
27/04/22 07:39:00
27/04/22 07:39:00
/home/pi/reginaldojunior/experimentos/results/socket/1200/600/elecNormNew-OzaBagAdwinExecutorMAXChunk-25-4-15-151
27/04/22 07:41:06
27/04/22 07:41:06
/home/pi/reginaldojunior/experimentos/results/socket/1200/600/elecNormNew-OzaBagAdwinExecutorMAXChunk-25-4-15-755
27/04/22 07:42:13
27/04/22 07:42:13
/home/pi/reginaldojunior/experimentos/results/socket/1200/600/elecNormNew-OzaBagAdwinExecutorMAXChunk-25-4-15-1360
27/04/22 07:42:53
27/04/22 07:42:53
/home/pi/reginaldojunior/experimentos/results/socket/1200/600/elecNormNew-OzaBagASHTExecutorMAXChunk-25-4-15-239
27/04/22 07:44:59
27/04/22 07:44:59
/home/pi/reginaldojunior/experimentos/results/socket/1200/600/elecNormNew-OzaBagASHTExecutorMAXChunk-25-4-15-1195
27/04/22 07:45:43
27/04/22 07:45:43
/home/pi/reginaldojunior/experimentos/results/socket/1200/600/elecNormNew-OzaBagASHTExecutorMAXChunk-25-4-15-2152
27/04/22 07:46:12
27/04/22 07:46:12
/home/pi/reginaldojunior/experimentos/results/socket/1200/600/elecNormNew-OzaBagExecutorMAXChunk-25-4-15-233
27/04/22 07:48:18
27/04/22 07:48:18
/home/pi/reginaldojunior/experimentos/results/socket/1200/600/elecNormNew-OzaBagExecutorMAXChunk-25-4-15-1167
27/04/22 07:49:04
27/04/22 07:49:04
/home/pi/reginaldojunior/experimentos/results/socket/1200/600/elecNormNew-OzaBagExecutorMAXChunk-25-4-15-2101
27/04/22 07:49:33
27/04/22 07:49:33
/home/pi/reginaldojunior/experimentos/results/socket/1200/600/covtypeNorm-AdaptiveRandomForestExecutorMAXChunk-25-4-15-55
27/04/22 07:51:37
27/04/22 07:51:37
/home/pi/reginaldojunior/experimentos/results/socket/1200/600/covtypeNorm-AdaptiveRandomForestExecutorMAXChunk-25-4-15-276
27/04/22 07:53:42
27/04/22 07:53:42
/home/pi/reginaldojunior/experimentos/results/socket/1200/600/covtypeNorm-AdaptiveRandomForestExecutorMAXChunk-25-4-15-498
27/04/22 07:55:47
27/04/22 07:55:47
/home/pi/reginaldojunior/experimentos/results/socket/1200/600/covtypeNorm-LBagExecutorMAXChunk-25-4-15-30
27/04/22 07:57:54
27/04/22 07:57:54
/home/pi/reginaldojunior/experimentos/results/socket/1200/600/covtypeNorm-LBagExecutorMAXChunk-25-4-15-152
27/04/22 08:00:00
27/04/22 08:00:00
/home/pi/reginaldojunior/experimentos/results/socket/1200/600/covtypeNorm-LBagExecutorMAXChunk-25-4-15-274
27/04/22 08:02:07
27/04/22 08:02:07
/home/pi/reginaldojunior/experimentos/results/socket/1200/600/covtypeNorm-StreamingRandomPatchesExecutorMAXChunk-25-4-15-14
27/04/22 08:04:12
27/04/22 08:04:12
/home/pi/reginaldojunior/experimentos/results/socket/1200/600/covtypeNorm-StreamingRandomPatchesExecutorMAXChunk-25-4-15-70
27/04/22 08:06:17
27/04/22 08:06:17
/home/pi/reginaldojunior/experimentos/results/socket/1200/600/covtypeNorm-StreamingRandomPatchesExecutorMAXChunk-25-4-15-127
27/04/22 08:08:21
27/04/22 08:08:21
/home/pi/reginaldojunior/experimentos/results/socket/1200/600/covtypeNorm-OzaBagAdwinExecutorMAXChunk-25-4-15-37
27/04/22 08:10:28
27/04/22 08:10:28
/home/pi/reginaldojunior/experimentos/results/socket/1200/600/covtypeNorm-OzaBagAdwinExecutorMAXChunk-25-4-15-185
27/04/22 08:12:35
27/04/22 08:12:35
/home/pi/reginaldojunior/experimentos/results/socket/1200/600/covtypeNorm-OzaBagAdwinExecutorMAXChunk-25-4-15-334
27/04/22 08:14:42
27/04/22 08:14:42
/home/pi/reginaldojunior/experimentos/results/socket/1200/600/covtypeNorm-OzaBagASHTExecutorMAXChunk-25-4-15-53
27/04/22 08:16:48
27/04/22 08:16:48
/home/pi/reginaldojunior/experimentos/results/socket/1200/600/covtypeNorm-OzaBagASHTExecutorMAXChunk-25-4-15-265
27/04/22 08:18:55
27/04/22 08:18:55
/home/pi/reginaldojunior/experimentos/results/socket/1200/600/covtypeNorm-OzaBagASHTExecutorMAXChunk-25-4-15-477
27/04/22 08:21:02
27/04/22 08:21:02
/home/pi/reginaldojunior/experimentos/results/socket/1200/600/covtypeNorm-OzaBagExecutorMAXChunk-25-4-15-57
27/04/22 08:23:09
27/04/22 08:23:09
/home/pi/reginaldojunior/experimentos/results/socket/1200/600/covtypeNorm-OzaBagExecutorMAXChunk-25-4-15-285
27/04/22 08:25:15
27/04/22 08:25:15
/home/pi/reginaldojunior/experimentos/results/socket/1200/600/covtypeNorm-OzaBagExecutorMAXChunk-25-4-15-513
27/04/22 08:27:22
27/04/22 08:27:22
/home/pi/reginaldojunior/experimentos/results/socket/1200/600/GMSC-AdaptiveRandomForestExecutorMAXChunk-25-4-15-116
27/04/22 08:29:27
27/04/22 08:29:27
/home/pi/reginaldojunior/experimentos/results/socket/1200/600/GMSC-AdaptiveRandomForestExecutorMAXChunk-25-4-15-582
27/04/22 08:31:32
27/04/22 08:31:32
/home/pi/reginaldojunior/experimentos/results/socket/1200/600/GMSC-AdaptiveRandomForestExecutorMAXChunk-25-4-15-1048
27/04/22 08:33:37
27/04/22 08:33:37
/home/pi/reginaldojunior/experimentos/results/socket/1200/600/GMSC-LBagExecutorMAXChunk-25-4-15-143
27/04/22 08:35:43
27/04/22 08:35:43
/home/pi/reginaldojunior/experimentos/results/socket/1200/600/GMSC-LBagExecutorMAXChunk-25-4-15-718
27/04/22 08:37:50
27/04/22 08:37:50
/home/pi/reginaldojunior/experimentos/results/socket/1200/600/GMSC-LBagExecutorMAXChunk-25-4-15-1292
27/04/22 08:39:53
27/04/22 08:39:53
/home/pi/reginaldojunior/experimentos/results/socket/1200/600/GMSC-StreamingRandomPatchesExecutorMAXChunk-25-4-15-59
27/04/22 08:41:58
27/04/22 08:41:58
/home/pi/reginaldojunior/experimentos/results/socket/1200/600/GMSC-StreamingRandomPatchesExecutorMAXChunk-25-4-15-296
27/04/22 08:44:03
27/04/22 08:44:03
/home/pi/reginaldojunior/experimentos/results/socket/1200/600/GMSC-StreamingRandomPatchesExecutorMAXChunk-25-4-15-533
27/04/22 08:46:08
27/04/22 08:46:08
/home/pi/reginaldojunior/experimentos/results/socket/1200/600/GMSC-OzaBagAdwinExecutorMAXChunk-25-4-15-194
27/04/22 08:48:15
27/04/22 08:48:15
/home/pi/reginaldojunior/experimentos/results/socket/1200/600/GMSC-OzaBagAdwinExecutorMAXChunk-25-4-15-970
27/04/22 08:50:22
27/04/22 08:50:22
/home/pi/reginaldojunior/experimentos/results/socket/1200/600/GMSC-OzaBagAdwinExecutorMAXChunk-25-4-15-1746
27/04/22 08:51:54
27/04/22 08:51:54
/home/pi/reginaldojunior/experimentos/results/socket/1200/600/GMSC-OzaBagASHTExecutorMAXChunk-25-4-15-342
27/04/22 08:54:01
27/04/22 08:54:01
/home/pi/reginaldojunior/experimentos/results/socket/1200/600/GMSC-OzaBagASHTExecutorMAXChunk-25-4-15-1710
27/04/22 08:55:36
27/04/22 08:55:36
/home/pi/reginaldojunior/experimentos/results/socket/1200/600/GMSC-OzaBagASHTExecutorMAXChunk-25-4-15-3079
27/04/22 08:56:32
27/04/22 08:56:32
/home/pi/reginaldojunior/experimentos/results/socket/1200/600/GMSC-OzaBagExecutorMAXChunk-25-4-15-314
27/04/22 08:58:38
27/04/22 08:58:38
/home/pi/reginaldojunior/experimentos/results/socket/1200/600/GMSC-OzaBagExecutorMAXChunk-25-4-15-1570
27/04/22 09:00:21
27/04/22 09:00:21
/home/pi/reginaldojunior/experimentos/results/socket/1200/600/GMSC-OzaBagExecutorMAXChunk-25-4-15-2826
27/04/22 09:01:21
27/04/22 09:01:21
/home/pi/reginaldojunior/experimentos/results/socket/1200/600/airlines-AdaptiveRandomForestExecutorMAXChunk-25-4-15-14
27/04/22 09:03:26
27/04/22 09:03:26
/home/pi/reginaldojunior/experimentos/results/socket/1200/600/airlines-AdaptiveRandomForestExecutorMAXChunk-25-4-15-74
27/04/22 09:05:31
27/04/22 09:05:31
/home/pi/reginaldojunior/experimentos/results/socket/1200/600/airlines-AdaptiveRandomForestExecutorMAXChunk-25-4-15-133
27/04/22 09:07:36
27/04/22 09:07:36
/home/pi/reginaldojunior/experimentos/results/socket/1200/600/airlines-LBagExecutorMAXChunk-25-4-15-14
27/04/22 09:09:43
27/04/22 09:09:43
/home/pi/reginaldojunior/experimentos/results/socket/1200/600/airlines-LBagExecutorMAXChunk-25-4-15-73
27/04/22 09:11:50
27/04/22 09:11:50
/home/pi/reginaldojunior/experimentos/results/socket/1200/600/airlines-LBagExecutorMAXChunk-25-4-15-133
27/04/22 09:13:58
27/04/22 09:13:58
/home/pi/reginaldojunior/experimentos/results/socket/1200/600/airlines-StreamingRandomPatchesExecutorMAXChunk-25-4-15-17
27/04/22 09:16:03
27/04/22 09:16:03
/home/pi/reginaldojunior/experimentos/results/socket/1200/600/airlines-StreamingRandomPatchesExecutorMAXChunk-25-4-15-85
27/04/22 09:18:08
27/04/22 09:18:08
/home/pi/reginaldojunior/experimentos/results/socket/1200/600/airlines-StreamingRandomPatchesExecutorMAXChunk-25-4-15-153
27/04/22 09:20:13
27/04/22 09:20:13
/home/pi/reginaldojunior/experimentos/results/socket/1200/600/airlines-OzaBagAdwinExecutorMAXChunk-25-4-15-53
27/04/22 09:22:19
27/04/22 09:22:19
/home/pi/reginaldojunior/experimentos/results/socket/1200/600/airlines-OzaBagAdwinExecutorMAXChunk-25-4-15-265
27/04/22 09:24:25
27/04/22 09:24:25
/home/pi/reginaldojunior/experimentos/results/socket/1200/600/airlines-OzaBagAdwinExecutorMAXChunk-25-4-15-478
27/04/22 09:26:31
27/04/22 09:26:31
/home/pi/reginaldojunior/experimentos/results/socket/1200/600/airlines-OzaBagASHTExecutorMAXChunk-25-4-15-74
27/04/22 09:28:37
27/04/22 09:28:37
/home/pi/reginaldojunior/experimentos/results/socket/1200/600/airlines-OzaBagASHTExecutorMAXChunk-25-4-15-371
27/04/22 09:30:44
27/04/22 09:30:44
/home/pi/reginaldojunior/experimentos/results/socket/1200/600/airlines-OzaBagASHTExecutorMAXChunk-25-4-15-668
27/04/22 09:32:52
27/04/22 09:32:52
/home/pi/reginaldojunior/experimentos/results/socket/1200/600/airlines-OzaBagExecutorMAXChunk-25-4-15-88
27/04/22 09:35:00
27/04/22 09:35:00
/home/pi/reginaldojunior/experimentos/results/socket/1200/600/airlines-OzaBagExecutorMAXChunk-25-4-15-443
27/04/22 09:37:08
27/04/22 09:37:08
/home/pi/reginaldojunior/experimentos/results/socket/1200/600/airlines-OzaBagExecutorMAXChunk-25-4-15-797
27/04/22 09:39:17
27/04/22 09:39:17
