22/03/22 19:05:45
/home/pi/reginaldojunior/experimentos/results/socket/4/600/600/elecNormNew-AdaptiveRandomForestSequential-25-1-1-20
22/03/22 19:07:51
22/03/22 19:07:51
/home/pi/reginaldojunior/experimentos/results/socket/4/600/600/elecNormNew-AdaptiveRandomForestExecutorRUNPER-25-4-1-20
22/03/22 19:09:58
22/03/22 19:09:58
/home/pi/reginaldojunior/experimentos/results/socket/4/600/600/elecNormNew-AdaptiveRandomForestSequential-25-1-1-102
22/03/22 19:12:04
22/03/22 19:12:04
/home/pi/reginaldojunior/experimentos/results/socket/4/600/600/elecNormNew-AdaptiveRandomForestExecutorRUNPER-25-4-1-102
22/03/22 19:14:11
22/03/22 19:14:11
/home/pi/reginaldojunior/experimentos/results/socket/4/600/600/elecNormNew-AdaptiveRandomForestSequential-25-1-1-184
22/03/22 19:16:17
22/03/22 19:16:17
/home/pi/reginaldojunior/experimentos/results/socket/4/600/600/elecNormNew-AdaptiveRandomForestExecutorRUNPER-25-4-1-184
22/03/22 19:18:23
22/03/22 19:18:23
/home/pi/reginaldojunior/experimentos/results/socket/4/600/600/elecNormNew-LeveragingBag-25-1-1-30
22/03/22 19:20:32
22/03/22 19:20:32
/home/pi/reginaldojunior/experimentos/results/socket/4/600/600/elecNormNew-LBagExecutorRUNPER-25-4-1-30
22/03/22 19:22:41
22/03/22 19:22:41
/home/pi/reginaldojunior/experimentos/results/socket/4/600/600/elecNormNew-LeveragingBag-25-1-1-153
22/03/22 19:24:50
22/03/22 19:24:50
/home/pi/reginaldojunior/experimentos/results/socket/4/600/600/elecNormNew-LBagExecutorRUNPER-25-4-1-153
22/03/22 19:26:59
22/03/22 19:26:59
/home/pi/reginaldojunior/experimentos/results/socket/4/600/600/elecNormNew-LeveragingBag-25-1-1-276
22/03/22 19:29:08
22/03/22 19:29:08
/home/pi/reginaldojunior/experimentos/results/socket/4/600/600/elecNormNew-LBagExecutorRUNPER-25-4-1-276
22/03/22 19:31:17
22/03/22 19:31:17
/home/pi/reginaldojunior/experimentos/results/socket/4/600/600/elecNormNew-StreamingRandomPatches-25-1-1-10
22/03/22 19:33:23
22/03/22 19:33:23
/home/pi/reginaldojunior/experimentos/results/socket/4/600/600/elecNormNew-StreamingRandomPatchesExecutorRUNPER-25-4-1-10
22/03/22 19:35:29
22/03/22 19:35:29
/home/pi/reginaldojunior/experimentos/results/socket/4/600/600/elecNormNew-StreamingRandomPatches-25-1-1-54
22/03/22 19:37:35
22/03/22 19:37:35
/home/pi/reginaldojunior/experimentos/results/socket/4/600/600/elecNormNew-StreamingRandomPatchesExecutorRUNPER-25-4-1-54
22/03/22 19:39:41
22/03/22 19:39:41
/home/pi/reginaldojunior/experimentos/results/socket/4/600/600/elecNormNew-StreamingRandomPatches-25-1-1-97
22/03/22 19:41:47
22/03/22 19:41:47
/home/pi/reginaldojunior/experimentos/results/socket/4/600/600/elecNormNew-StreamingRandomPatchesExecutorRUNPER-25-4-1-97
22/03/22 19:43:53
22/03/22 19:43:53
/home/pi/reginaldojunior/experimentos/results/socket/4/600/600/elecNormNew-OzaBagAdwin-25-1-1-49
22/03/22 19:46:02
22/03/22 19:46:02
/home/pi/reginaldojunior/experimentos/results/socket/4/600/600/elecNormNew-OzaBagAdwinExecutorRUNPER-25-4-1-49
22/03/22 19:48:11
22/03/22 19:48:11
/home/pi/reginaldojunior/experimentos/results/socket/4/600/600/elecNormNew-OzaBagAdwin-25-1-1-247
22/03/22 19:50:20
22/03/22 19:50:20
/home/pi/reginaldojunior/experimentos/results/socket/4/600/600/elecNormNew-OzaBagAdwinExecutorRUNPER-25-4-1-247
22/03/22 19:52:29
22/03/22 19:52:29
/home/pi/reginaldojunior/experimentos/results/socket/4/600/600/elecNormNew-OzaBagAdwin-25-1-1-444
22/03/22 19:54:21
22/03/22 19:54:21
/home/pi/reginaldojunior/experimentos/results/socket/4/600/600/elecNormNew-OzaBagAdwinExecutorRUNPER-25-4-1-444
22/03/22 19:56:13
22/03/22 19:56:13
/home/pi/reginaldojunior/experimentos/results/socket/4/600/600/elecNormNew-OzaBagASHT-25-1-1-61
22/03/22 19:58:21
22/03/22 19:58:21
/home/pi/reginaldojunior/experimentos/results/socket/4/600/600/elecNormNew-OzaBagASHTExecutorRUNPER-25-4-1-61
22/03/22 20:00:30
22/03/22 20:00:30
/home/pi/reginaldojunior/experimentos/results/socket/4/600/600/elecNormNew-OzaBagASHT-25-1-1-309
22/03/22 20:02:39
22/03/22 20:02:39
/home/pi/reginaldojunior/experimentos/results/socket/4/600/600/elecNormNew-OzaBagASHTExecutorRUNPER-25-4-1-309
22/03/22 20:04:48
22/03/22 20:04:48
/home/pi/reginaldojunior/experimentos/results/socket/4/600/600/elecNormNew-OzaBagASHT-25-1-1-556
22/03/22 20:06:19
22/03/22 20:06:19
/home/pi/reginaldojunior/experimentos/results/socket/4/600/600/elecNormNew-OzaBagASHTExecutorRUNPER-25-4-1-556
22/03/22 20:07:50
22/03/22 20:07:50
/home/pi/reginaldojunior/experimentos/results/socket/4/600/600/elecNormNew-OzaBag-25-1-1-64
22/03/22 20:09:59
22/03/22 20:09:59
/home/pi/reginaldojunior/experimentos/results/socket/4/600/600/elecNormNew-OzaBagExecutorRUNPER-25-4-1-64
22/03/22 20:12:08
22/03/22 20:12:08
/home/pi/reginaldojunior/experimentos/results/socket/4/600/600/elecNormNew-OzaBag-25-1-1-320
22/03/22 20:14:17
22/03/22 20:14:17
/home/pi/reginaldojunior/experimentos/results/socket/4/600/600/elecNormNew-OzaBagExecutorRUNPER-25-4-1-320
22/03/22 20:16:26
22/03/22 20:16:26
/home/pi/reginaldojunior/experimentos/results/socket/4/600/600/elecNormNew-OzaBag-25-1-1-577
22/03/22 20:17:54
22/03/22 20:17:54
/home/pi/reginaldojunior/experimentos/results/socket/4/600/600/elecNormNew-OzaBagExecutorRUNPER-25-4-1-577
22/03/22 20:19:22
22/03/22 20:19:22
/home/pi/reginaldojunior/experimentos/results/socket/4/600/600/covtypeNorm-AdaptiveRandomForestSequential-25-1-1-16
22/03/22 20:21:29
22/03/22 20:21:29
/home/pi/reginaldojunior/experimentos/results/socket/4/600/600/covtypeNorm-AdaptiveRandomForestExecutorRUNPER-25-4-1-16
22/03/22 20:23:36
22/03/22 20:23:36
/home/pi/reginaldojunior/experimentos/results/socket/4/600/600/covtypeNorm-AdaptiveRandomForestSequential-25-1-1-84
22/03/22 20:25:42
22/03/22 20:25:42
/home/pi/reginaldojunior/experimentos/results/socket/4/600/600/covtypeNorm-AdaptiveRandomForestExecutorRUNPER-25-4-1-84
22/03/22 20:27:48
22/03/22 20:27:48
/home/pi/reginaldojunior/experimentos/results/socket/4/600/600/covtypeNorm-AdaptiveRandomForestSequential-25-1-1-152
22/03/22 20:29:54
22/03/22 20:29:54
/home/pi/reginaldojunior/experimentos/results/socket/4/600/600/covtypeNorm-AdaptiveRandomForestExecutorRUNPER-25-4-1-152
22/03/22 20:32:00
22/03/22 20:32:00
/home/pi/reginaldojunior/experimentos/results/socket/4/600/600/covtypeNorm-LeveragingBag-25-1-1-13
22/03/22 20:34:09
22/03/22 20:34:09
/home/pi/reginaldojunior/experimentos/results/socket/4/600/600/covtypeNorm-LBagExecutorRUNPER-25-4-1-13
22/03/22 20:36:18
22/03/22 20:36:18
/home/pi/reginaldojunior/experimentos/results/socket/4/600/600/covtypeNorm-LeveragingBag-25-1-1-65
22/03/22 20:38:26
22/03/22 20:38:27
/home/pi/reginaldojunior/experimentos/results/socket/4/600/600/covtypeNorm-LBagExecutorRUNPER-25-4-1-65
22/03/22 20:40:35
22/03/22 20:40:35
/home/pi/reginaldojunior/experimentos/results/socket/4/600/600/covtypeNorm-LeveragingBag-25-1-1-117
22/03/22 20:42:44
22/03/22 20:42:44
/home/pi/reginaldojunior/experimentos/results/socket/4/600/600/covtypeNorm-LBagExecutorRUNPER-25-4-1-117
22/03/22 20:44:53
22/03/22 20:44:53
/home/pi/reginaldojunior/experimentos/results/socket/4/600/600/covtypeNorm-StreamingRandomPatches-25-1-1-5
22/03/22 20:46:59
22/03/22 20:46:59
/home/pi/reginaldojunior/experimentos/results/socket/4/600/600/covtypeNorm-StreamingRandomPatchesExecutorRUNPER-25-4-1-5
22/03/22 20:49:05
22/03/22 20:49:05
/home/pi/reginaldojunior/experimentos/results/socket/4/600/600/covtypeNorm-StreamingRandomPatches-25-1-1-25
22/03/22 20:51:11
22/03/22 20:51:11
/home/pi/reginaldojunior/experimentos/results/socket/4/600/600/covtypeNorm-StreamingRandomPatchesExecutorRUNPER-25-4-1-25
22/03/22 20:53:17
22/03/22 20:53:17
/home/pi/reginaldojunior/experimentos/results/socket/4/600/600/covtypeNorm-StreamingRandomPatches-25-1-1-46
22/03/22 20:55:23
22/03/22 20:55:23
/home/pi/reginaldojunior/experimentos/results/socket/4/600/600/covtypeNorm-StreamingRandomPatchesExecutorRUNPER-25-4-1-46
22/03/22 20:57:29
22/03/22 20:57:29
/home/pi/reginaldojunior/experimentos/results/socket/4/600/600/covtypeNorm-OzaBagAdwin-25-1-1-16
22/03/22 20:59:38
22/03/22 20:59:38
/home/pi/reginaldojunior/experimentos/results/socket/4/600/600/covtypeNorm-OzaBagAdwinExecutorRUNPER-25-4-1-16
22/03/22 21:01:47
22/03/22 21:01:47
/home/pi/reginaldojunior/experimentos/results/socket/4/600/600/covtypeNorm-OzaBagAdwin-25-1-1-83
22/03/22 21:03:56
22/03/22 21:03:56
/home/pi/reginaldojunior/experimentos/results/socket/4/600/600/covtypeNorm-OzaBagAdwinExecutorRUNPER-25-4-1-83
22/03/22 21:06:05
22/03/22 21:06:05
/home/pi/reginaldojunior/experimentos/results/socket/4/600/600/covtypeNorm-OzaBagAdwin-25-1-1-150
22/03/22 21:08:14
22/03/22 21:08:14
/home/pi/reginaldojunior/experimentos/results/socket/4/600/600/covtypeNorm-OzaBagAdwinExecutorRUNPER-25-4-1-150
22/03/22 21:10:23
22/03/22 21:10:23
/home/pi/reginaldojunior/experimentos/results/socket/4/600/600/covtypeNorm-OzaBagASHT-25-1-1-12
22/03/22 21:12:32
22/03/22 21:12:32
/home/pi/reginaldojunior/experimentos/results/socket/4/600/600/covtypeNorm-OzaBagASHTExecutorRUNPER-25-4-1-12
22/03/22 21:14:41
22/03/22 21:14:41
/home/pi/reginaldojunior/experimentos/results/socket/4/600/600/covtypeNorm-OzaBagASHT-25-1-1-60
22/03/22 21:16:50
22/03/22 21:16:50
/home/pi/reginaldojunior/experimentos/results/socket/4/600/600/covtypeNorm-OzaBagASHTExecutorRUNPER-25-4-1-60
22/03/22 21:18:59
22/03/22 21:18:59
/home/pi/reginaldojunior/experimentos/results/socket/4/600/600/covtypeNorm-OzaBagASHT-25-1-1-108
22/03/22 21:21:07
22/03/22 21:21:07
/home/pi/reginaldojunior/experimentos/results/socket/4/600/600/covtypeNorm-OzaBagASHTExecutorRUNPER-25-4-1-108
22/03/22 21:23:16
22/03/22 21:23:16
/home/pi/reginaldojunior/experimentos/results/socket/4/600/600/covtypeNorm-OzaBag-25-1-1-15
22/03/22 21:25:25
22/03/22 21:25:25
/home/pi/reginaldojunior/experimentos/results/socket/4/600/600/covtypeNorm-OzaBagExecutorRUNPER-25-4-1-15
22/03/22 21:27:34
22/03/22 21:27:34
/home/pi/reginaldojunior/experimentos/results/socket/4/600/600/covtypeNorm-OzaBag-25-1-1-75
22/03/22 21:29:43
22/03/22 21:29:43
/home/pi/reginaldojunior/experimentos/results/socket/4/600/600/covtypeNorm-OzaBagExecutorRUNPER-25-4-1-75
22/03/22 21:31:51
22/03/22 21:31:51
/home/pi/reginaldojunior/experimentos/results/socket/4/600/600/covtypeNorm-OzaBag-25-1-1-135
22/03/22 21:34:00
22/03/22 21:34:00
/home/pi/reginaldojunior/experimentos/results/socket/4/600/600/covtypeNorm-OzaBagExecutorRUNPER-25-4-1-135
22/03/22 21:36:08
22/03/22 21:36:08
/home/pi/reginaldojunior/experimentos/results/socket/4/600/600/GMSC-AdaptiveRandomForestSequential-25-1-1-32
22/03/22 21:38:15
22/03/22 21:38:15
/home/pi/reginaldojunior/experimentos/results/socket/4/600/600/GMSC-AdaptiveRandomForestExecutorRUNPER-25-4-1-32
22/03/22 21:40:22
22/03/22 21:40:22
/home/pi/reginaldojunior/experimentos/results/socket/4/600/600/GMSC-AdaptiveRandomForestSequential-25-1-1-160
22/03/22 21:42:28
22/03/22 21:42:28
/home/pi/reginaldojunior/experimentos/results/socket/4/600/600/GMSC-AdaptiveRandomForestExecutorRUNPER-25-4-1-160
22/03/22 21:44:34
22/03/22 21:44:35
/home/pi/reginaldojunior/experimentos/results/socket/4/600/600/GMSC-AdaptiveRandomForestSequential-25-1-1-289
22/03/22 21:46:41
22/03/22 21:46:41
/home/pi/reginaldojunior/experimentos/results/socket/4/600/600/GMSC-AdaptiveRandomForestExecutorRUNPER-25-4-1-289
22/03/22 21:48:47
22/03/22 21:48:47
/home/pi/reginaldojunior/experimentos/results/socket/4/600/600/GMSC-LeveragingBag-25-1-1-41
22/03/22 21:50:56
22/03/22 21:50:56
/home/pi/reginaldojunior/experimentos/results/socket/4/600/600/GMSC-LBagExecutorRUNPER-25-4-1-41
22/03/22 21:53:04
22/03/22 21:53:04
/home/pi/reginaldojunior/experimentos/results/socket/4/600/600/GMSC-LeveragingBag-25-1-1-205
22/03/22 21:55:13
22/03/22 21:55:13
/home/pi/reginaldojunior/experimentos/results/socket/4/600/600/GMSC-LBagExecutorRUNPER-25-4-1-205
22/03/22 21:57:22
22/03/22 21:57:22
/home/pi/reginaldojunior/experimentos/results/socket/4/600/600/GMSC-LeveragingBag-25-1-1-369
22/03/22 21:59:31
22/03/22 21:59:31
/home/pi/reginaldojunior/experimentos/results/socket/4/600/600/GMSC-LBagExecutorRUNPER-25-4-1-369
22/03/22 22:01:39
22/03/22 22:01:39
/home/pi/reginaldojunior/experimentos/results/socket/4/600/600/GMSC-StreamingRandomPatches-25-1-1-17
22/03/22 22:03:46
22/03/22 22:03:46
/home/pi/reginaldojunior/experimentos/results/socket/4/600/600/GMSC-StreamingRandomPatchesExecutorRUNPER-25-4-1-17
22/03/22 22:05:52
22/03/22 22:05:52
/home/pi/reginaldojunior/experimentos/results/socket/4/600/600/GMSC-StreamingRandomPatches-25-1-1-88
22/03/22 22:07:59
22/03/22 22:07:59
/home/pi/reginaldojunior/experimentos/results/socket/4/600/600/GMSC-StreamingRandomPatchesExecutorRUNPER-25-4-1-88
22/03/22 22:10:06
22/03/22 22:10:06
/home/pi/reginaldojunior/experimentos/results/socket/4/600/600/GMSC-StreamingRandomPatches-25-1-1-158
22/03/22 22:12:12
22/03/22 22:12:12
/home/pi/reginaldojunior/experimentos/results/socket/4/600/600/GMSC-StreamingRandomPatchesExecutorRUNPER-25-4-1-158
22/03/22 22:14:18
22/03/22 22:14:18
/home/pi/reginaldojunior/experimentos/results/socket/4/600/600/GMSC-OzaBagAdwin-25-1-1-72
22/03/22 22:16:27
22/03/22 22:16:27
/home/pi/reginaldojunior/experimentos/results/socket/4/600/600/GMSC-OzaBagAdwinExecutorRUNPER-25-4-1-72
22/03/22 22:18:36
22/03/22 22:18:36
/home/pi/reginaldojunior/experimentos/results/socket/4/600/600/GMSC-OzaBagAdwin-25-1-1-361
22/03/22 22:20:45
22/03/22 22:20:45
/home/pi/reginaldojunior/experimentos/results/socket/4/600/600/GMSC-OzaBagAdwinExecutorRUNPER-25-4-1-361
22/03/22 22:22:53
22/03/22 22:22:53
/home/pi/reginaldojunior/experimentos/results/socket/4/600/600/GMSC-OzaBagAdwin-25-1-1-650
22/03/22 22:25:02
22/03/22 22:25:02
/home/pi/reginaldojunior/experimentos/results/socket/4/600/600/GMSC-OzaBagAdwinExecutorRUNPER-25-4-1-650
22/03/22 22:27:11
22/03/22 22:27:11
/home/pi/reginaldojunior/experimentos/results/socket/4/600/600/GMSC-OzaBagASHT-25-1-1-89
22/03/22 22:29:20
22/03/22 22:29:20
/home/pi/reginaldojunior/experimentos/results/socket/4/600/600/GMSC-OzaBagASHTExecutorRUNPER-25-4-1-89
22/03/22 22:31:29
22/03/22 22:31:29
/home/pi/reginaldojunior/experimentos/results/socket/4/600/600/GMSC-OzaBagASHT-25-1-1-446
22/03/22 22:33:38
22/03/22 22:33:38
/home/pi/reginaldojunior/experimentos/results/socket/4/600/600/GMSC-OzaBagASHTExecutorRUNPER-25-4-1-446
22/03/22 22:35:47
22/03/22 22:35:47
/home/pi/reginaldojunior/experimentos/results/socket/4/600/600/GMSC-OzaBagASHT-25-1-1-802
22/03/22 22:37:55
22/03/22 22:37:55
/home/pi/reginaldojunior/experimentos/results/socket/4/600/600/GMSC-OzaBagASHTExecutorRUNPER-25-4-1-802
22/03/22 22:40:04
22/03/22 22:40:04
/home/pi/reginaldojunior/experimentos/results/socket/4/600/600/GMSC-OzaBag-25-1-1-87
22/03/22 22:42:13
22/03/22 22:42:13
/home/pi/reginaldojunior/experimentos/results/socket/4/600/600/GMSC-OzaBagExecutorRUNPER-25-4-1-87
22/03/22 22:44:22
22/03/22 22:44:22
/home/pi/reginaldojunior/experimentos/results/socket/4/600/600/GMSC-OzaBag-25-1-1-436
22/03/22 22:46:31
22/03/22 22:46:31
/home/pi/reginaldojunior/experimentos/results/socket/4/600/600/GMSC-OzaBagExecutorRUNPER-25-4-1-436
22/03/22 22:48:40
22/03/22 22:48:40
/home/pi/reginaldojunior/experimentos/results/socket/4/600/600/GMSC-OzaBag-25-1-1-785
22/03/22 22:50:49
22/03/22 22:50:49
/home/pi/reginaldojunior/experimentos/results/socket/4/600/600/GMSC-OzaBagExecutorRUNPER-25-4-1-785
22/03/22 22:52:58
22/03/22 22:52:58
/home/pi/reginaldojunior/experimentos/results/socket/4/600/600/airlines-AdaptiveRandomForestSequential-25-1-1-6
22/03/22 22:55:04
22/03/22 22:55:04
/home/pi/reginaldojunior/experimentos/results/socket/4/600/600/airlines-AdaptiveRandomForestExecutorRUNPER-25-4-1-6
22/03/22 22:57:10
22/03/22 22:57:10
/home/pi/reginaldojunior/experimentos/results/socket/4/600/600/airlines-AdaptiveRandomForestSequential-25-1-1-32
22/03/22 22:59:17
22/03/22 22:59:17
/home/pi/reginaldojunior/experimentos/results/socket/4/600/600/airlines-AdaptiveRandomForestExecutorRUNPER-25-4-1-32
22/03/22 23:01:23
22/03/22 23:01:23
/home/pi/reginaldojunior/experimentos/results/socket/4/600/600/airlines-AdaptiveRandomForestSequential-25-1-1-58
22/03/22 23:03:29
22/03/22 23:03:30
/home/pi/reginaldojunior/experimentos/results/socket/4/600/600/airlines-AdaptiveRandomForestExecutorRUNPER-25-4-1-58
22/03/22 23:05:36
22/03/22 23:05:36
/home/pi/reginaldojunior/experimentos/results/socket/4/600/600/airlines-LeveragingBag-25-1-1-5
22/03/22 23:07:45
22/03/22 23:07:45
/home/pi/reginaldojunior/experimentos/results/socket/4/600/600/airlines-LBagExecutorRUNPER-25-4-1-5
22/03/22 23:09:54
22/03/22 23:09:54
/home/pi/reginaldojunior/experimentos/results/socket/4/600/600/airlines-LeveragingBag-25-1-1-28
22/03/22 23:12:02
22/03/22 23:12:02
/home/pi/reginaldojunior/experimentos/results/socket/4/600/600/airlines-LBagExecutorRUNPER-25-4-1-28
22/03/22 23:14:11
22/03/22 23:14:11
/home/pi/reginaldojunior/experimentos/results/socket/4/600/600/airlines-LeveragingBag-25-1-1-51
22/03/22 23:16:21
22/03/22 23:16:21
/home/pi/reginaldojunior/experimentos/results/socket/4/600/600/airlines-LBagExecutorRUNPER-25-4-1-51
22/03/22 23:18:29
22/03/22 23:18:29
/home/pi/reginaldojunior/experimentos/results/socket/4/600/600/airlines-StreamingRandomPatches-25-1-1-5
22/03/22 23:20:36
22/03/22 23:20:36
/home/pi/reginaldojunior/experimentos/results/socket/4/600/600/airlines-StreamingRandomPatchesExecutorRUNPER-25-4-1-5
22/03/22 23:22:43
22/03/22 23:22:43
/home/pi/reginaldojunior/experimentos/results/socket/4/600/600/airlines-StreamingRandomPatches-25-1-1-28
22/03/22 23:24:49
22/03/22 23:24:49
/home/pi/reginaldojunior/experimentos/results/socket/4/600/600/airlines-StreamingRandomPatchesExecutorRUNPER-25-4-1-28
22/03/22 23:26:56
22/03/22 23:26:56
/home/pi/reginaldojunior/experimentos/results/socket/4/600/600/airlines-StreamingRandomPatches-25-1-1-51
22/03/22 23:29:02
22/03/22 23:29:02
/home/pi/reginaldojunior/experimentos/results/socket/4/600/600/airlines-StreamingRandomPatchesExecutorRUNPER-25-4-1-51
22/03/22 23:31:08
22/03/22 23:31:08
/home/pi/reginaldojunior/experimentos/results/socket/4/600/600/airlines-OzaBagAdwin-25-1-1-10
22/03/22 23:33:17
22/03/22 23:33:17
/home/pi/reginaldojunior/experimentos/results/socket/4/600/600/airlines-OzaBagAdwinExecutorRUNPER-25-4-1-10
22/03/22 23:35:26
22/03/22 23:35:26
/home/pi/reginaldojunior/experimentos/results/socket/4/600/600/airlines-OzaBagAdwin-25-1-1-50
22/03/22 23:37:34
22/03/22 23:37:34
/home/pi/reginaldojunior/experimentos/results/socket/4/600/600/airlines-OzaBagAdwinExecutorRUNPER-25-4-1-50
22/03/22 23:39:43
22/03/22 23:39:43
/home/pi/reginaldojunior/experimentos/results/socket/4/600/600/airlines-OzaBagAdwin-25-1-1-91
22/03/22 23:41:52
22/03/22 23:41:52
/home/pi/reginaldojunior/experimentos/results/socket/4/600/600/airlines-OzaBagAdwinExecutorRUNPER-25-4-1-91
22/03/22 23:44:01
22/03/22 23:44:01
/home/pi/reginaldojunior/experimentos/results/socket/4/600/600/airlines-OzaBagASHT-25-1-1-23
22/03/22 23:46:09
22/03/22 23:46:09
/home/pi/reginaldojunior/experimentos/results/socket/4/600/600/airlines-OzaBagASHTExecutorRUNPER-25-4-1-23
22/03/22 23:48:18
22/03/22 23:48:18
/home/pi/reginaldojunior/experimentos/results/socket/4/600/600/airlines-OzaBagASHT-25-1-1-117
22/03/22 23:50:27
22/03/22 23:50:27
/home/pi/reginaldojunior/experimentos/results/socket/4/600/600/airlines-OzaBagASHTExecutorRUNPER-25-4-1-117
22/03/22 23:52:36
22/03/22 23:52:36
/home/pi/reginaldojunior/experimentos/results/socket/4/600/600/airlines-OzaBagASHT-25-1-1-210
22/03/22 23:54:44
22/03/22 23:54:44
/home/pi/reginaldojunior/experimentos/results/socket/4/600/600/airlines-OzaBagASHTExecutorRUNPER-25-4-1-210
22/03/22 23:56:54
22/03/22 23:56:54
/home/pi/reginaldojunior/experimentos/results/socket/4/600/600/airlines-OzaBag-25-1-1-36
22/03/22 23:59:02
22/03/22 23:59:02
/home/pi/reginaldojunior/experimentos/results/socket/4/600/600/airlines-OzaBagExecutorRUNPER-25-4-1-36
23/03/22 00:01:10
23/03/22 00:01:10
/home/pi/reginaldojunior/experimentos/results/socket/4/600/600/airlines-OzaBag-25-1-1-182
23/03/22 00:03:19
23/03/22 00:03:19
/home/pi/reginaldojunior/experimentos/results/socket/4/600/600/airlines-OzaBagExecutorRUNPER-25-4-1-182
23/03/22 00:05:27
23/03/22 00:05:27
/home/pi/reginaldojunior/experimentos/results/socket/4/600/600/airlines-OzaBag-25-1-1-327
23/03/22 00:07:36
23/03/22 00:07:36
/home/pi/reginaldojunior/experimentos/results/socket/4/600/600/airlines-OzaBagExecutorRUNPER-25-4-1-327
23/03/22 00:09:45
23/03/22 00:09:45
