01/03/22 08:31:41
/home/pi/reginaldojunior/experimentos/results/socket/600/600/airlines-AdaptiveRandomForestExecutorMAXChunk-25-4-500-8
01/03/22 08:31:48
01/03/22 08:31:48
01/03/22 08:32:16
/home/pi/reginaldojunior/experimentos/results/socket/600/600/airlines-AdaptiveRandomForestExecutorMAXChunk-25-4-500-8
01/03/22 08:32:23
01/03/22 08:32:23
01/03/22 08:36:01
/home/pi/reginaldojunior/experimentos/results/socket/600/600/elecNormNew-AdaptiveRandomForestExecutorMAXChunk-25-4-50-40
01/03/22 08:36:05
01/03/22 08:36:05
01/03/22 08:36:18
/home/pi/reginaldojunior/experimentos/results/socket/600/600/elecNormNew-AdaptiveRandomForestExecutorMAXChunk-25-4-50-40
01/03/22 08:36:35
01/03/22 08:36:35
01/03/22 08:37:07
/home/pi/reginaldojunior/experimentos/results/socket/600/600/airlines-AdaptiveRandomForestExecutorMAXChunk-25-4-500-8
01/03/22 08:37:11
01/03/22 08:37:11
01/03/22 08:37:21
/home/pi/reginaldojunior/experimentos/results/socket/600/600/elecNormNew-AdaptiveRandomForestExecutorMAXChunk-25-4-50-40
01/03/22 08:37:30
01/03/22 08:37:30
01/03/22 08:37:33
01/03/22 08:37:39
/home/pi/reginaldojunior/experimentos/results/socket/600/600/airlines-AdaptiveRandomForestExecutorMAXChunk-25-4-500-8
01/03/22 08:37:44
01/03/22 08:37:44
01/03/22 08:39:39
/home/pi/reginaldojunior/experimentos/results/socket/600/600/airlines-AdaptiveRandomForestExecutorMAXChunk-25-4-500-8
01/03/22 08:39:44
01/03/22 08:39:44
01/03/22 08:42:30
/home/pi/reginaldojunior/experimentos/results/socket/600/600/airlines-AdaptiveRandomForestExecutorMAXChunk-25-4-500-8
01/03/22 08:42:38
01/03/22 08:42:38
01/03/22 08:51:45
/home/pi/reginaldojunior/experimentos/results/socket/600/600/airlines-AdaptiveRandomForestExecutorMAXChunk-25-4-500-8
01/03/22 08:53:51
01/03/22 08:53:51
/home/pi/reginaldojunior/experimentos/results/socket/600/600/covtypeNorm-AdaptiveRandomForestExecutorMAXChunk-25-4-2000-22
01/03/22 08:54:02
01/03/22 08:54:02
/home/pi/reginaldojunior/experimentos/results/socket/600/600/airlines-OzaBagAdwinExecutorMAXChunk-25-4-2000-20
01/03/22 08:55:08
01/03/22 09:02:01
/home/pi/reginaldojunior/experimentos/results/socket/600/600/airlines-AdaptiveRandomForestExecutorMAXChunk-25-4-500-8
01/03/22 09:04:07
01/03/22 09:04:07
/home/pi/reginaldojunior/experimentos/results/socket/600/600/covtypeNorm-AdaptiveRandomForestExecutorMAXChunk-25-4-2000-22
01/03/22 09:06:34
01/03/22 09:06:34
01/03/22 09:19:03
/home/pi/reginaldojunior/experimentos/results/socket/600/600/airlines-AdaptiveRandomForestExecutorMAXChunk-25-4-500-8
01/03/22 09:21:11
01/03/22 09:21:11
/home/pi/reginaldojunior/experimentos/results/socket/600/600/covtypeNorm-AdaptiveRandomForestExecutorMAXChunk-25-4-2000-22
01/03/22 09:38:40
01/03/22 09:38:40
01/03/22 09:52:48
01/03/22 09:52:56
/home/pi/reginaldojunior/experimentos/results/socket/600/600/airlines-AdaptiveRandomForestExecutorMAXChunk-25-4-500-8
01/03/22 09:55:03
01/03/22 09:55:03
/home/pi/reginaldojunior/experimentos/results/socket/600/600/covtypeNorm-AdaptiveRandomForestExecutorMAXChunk-25-4-2000-22
01/03/22 09:57:29
01/03/22 09:57:29
01/03/22 10:11:35
/home/pi/reginaldojunior/experimentos/results/socket/600/600/airlines-AdaptiveRandomForestExecutorMAXChunk-25-4-500-8
01/03/22 10:11:44
/home/pi/reginaldojunior/experimentos/results/socket/600/600/airlines-AdaptiveRandomForestExecutorMAXChunk-25-4-500-8
01/03/22 10:13:51
01/03/22 10:13:51
/home/pi/reginaldojunior/experimentos/results/socket/600/600/covtypeNorm-AdaptiveRandomForestExecutorMAXChunk-25-4-2000-22
01/03/22 10:16:35
01/03/22 10:16:35
/home/pi/reginaldojunior/experimentos/results/socket/600/600/airlines-OzaBagAdwinExecutorMAXChunk-25-4-2000-20
01/03/22 10:19:44
01/03/22 10:26:46
/home/pi/reginaldojunior/experimentos/results/socket/600/600/airlines-AdaptiveRandomForestExecutorMAXChunk-25-4-500-8
01/03/22 10:26:53
01/03/22 10:26:53
01/03/22 10:26:54
/home/pi/reginaldojunior/experimentos/results/socket/600/600/airlines-AdaptiveRandomForestExecutorMAXChunk-25-4-500-8
01/03/22 10:27:01
/home/pi/reginaldojunior/experimentos/results/socket/600/600/airlines-AdaptiveRandomForestExecutorMAXChunk-25-4-500-8
01/03/22 10:29:08
01/03/22 10:29:08
/home/pi/reginaldojunior/experimentos/results/socket/600/600/covtypeNorm-AdaptiveRandomForestExecutorMAXChunk-25-4-2000-22
01/03/22 10:31:14
01/03/22 10:31:14
/home/pi/reginaldojunior/experimentos/results/socket/600/600/airlines-OzaBagAdwinExecutorMAXChunk-25-4-2000-20
01/03/22 10:33:23
01/03/22 10:34:22
/home/pi/reginaldojunior/experimentos/results/socket/600/600/airlines-AdaptiveRandomForestExecutorMAXChunk-25-4-500-8
01/03/22 10:36:30
01/03/22 10:36:30
/home/pi/reginaldojunior/experimentos/results/socket/600/600/covtypeNorm-AdaptiveRandomForestExecutorMAXChunk-25-4-2000-32
01/03/22 10:38:43
01/03/22 10:38:43
/home/pi/reginaldojunior/experimentos/results/socket/600/600/airlines-OzaBagAdwinExecutorMAXChunk-25-4-2000-30
01/03/22 10:40:51
01/03/22 10:47:04
/home/pi/reginaldojunior/experimentos/results/socket/600/600/covtypeNorm-AdaptiveRandomForestExecutorMAXChunk-25-4-2000-32
01/03/22 10:49:13
01/03/22 10:55:15
/home/pi/reginaldojunior/experimentos/results/socket/600/600/elecNormNew-AdaptiveRandomForestExecutorMAXChunk-25-4-50-40
01/03/22 10:55:20
01/03/22 10:55:20
/home/pi/reginaldojunior/experimentos/results/socket/600/600/elecNormNew-AdaptiveRandomForestExecutorMAXChunk-25-4-50-202
01/03/22 10:55:26
01/03/22 10:55:26
/home/pi/reginaldojunior/experimentos/results/socket/600/600/elecNormNew-AdaptiveRandomForestExecutorMAXChunk-25-4-50-365
01/03/22 10:55:32
01/03/22 10:55:32
01/03/22 10:55:44
/home/pi/reginaldojunior/experimentos/results/socket/600/600/elecNormNew-AdaptiveRandomForestExecutorMAXChunk-25-4-50-40
01/03/22 10:55:49
01/03/22 10:55:49
01/03/22 10:56:38
/home/pi/reginaldojunior/experimentos/results/socket/600/600/elecNormNew-AdaptiveRandomForestExecutorMAXChunk-25-4-50-40
01/03/22 10:56:44
01/03/22 10:56:44
/home/pi/reginaldojunior/experimentos/results/socket/600/600/elecNormNew-AdaptiveRandomForestExecutorMAXChunk-25-4-50-202
01/03/22 10:56:50
01/03/22 10:56:50
01/03/22 10:58:45
01/03/22 10:59:19
/home/pi/reginaldojunior/experimentos/results/socket/600/600/elecNormNew-AdaptiveRandomForestExecutorMAXChunk-25-4-50-40
01/03/22 11:01:25
01/03/22 11:01:25
/home/pi/reginaldojunior/experimentos/results/socket/600/600/elecNormNew-AdaptiveRandomForestExecutorMAXChunk-25-4-50-202
01/03/22 11:03:31
01/03/22 11:03:31
/home/pi/reginaldojunior/experimentos/results/socket/600/600/elecNormNew-AdaptiveRandomForestExecutorMAXChunk-25-4-50-365
01/03/22 11:05:37
01/03/22 11:05:37
/home/pi/reginaldojunior/experimentos/results/socket/600/600/elecNormNew-LBagExecutorMAXChunk-25-4-50-60
01/03/22 11:07:46
01/03/22 11:07:46
/home/pi/reginaldojunior/experimentos/results/socket/600/600/elecNormNew-LBagExecutorMAXChunk-25-4-50-302
01/03/22 11:09:55
01/03/22 11:09:55
/home/pi/reginaldojunior/experimentos/results/socket/600/600/elecNormNew-LBagExecutorMAXChunk-25-4-50-544
01/03/22 11:11:28
01/03/22 11:11:28
/home/pi/reginaldojunior/experimentos/results/socket/600/600/elecNormNew-StreamingRandomPatchesExecutorMAXChunk-25-4-50-19
01/03/22 11:13:35
01/03/22 11:13:35
/home/pi/reginaldojunior/experimentos/results/socket/600/600/elecNormNew-StreamingRandomPatchesExecutorMAXChunk-25-4-50-98
01/03/22 11:15:41
01/03/22 11:15:41
/home/pi/reginaldojunior/experimentos/results/socket/600/600/elecNormNew-StreamingRandomPatchesExecutorMAXChunk-25-4-50-177
01/03/22 11:17:47
01/03/22 11:17:47
/home/pi/reginaldojunior/experimentos/results/socket/600/600/elecNormNew-OzaBagAdwinExecutorMAXChunk-25-4-50-117
01/03/22 11:19:56
01/03/22 11:19:56
/home/pi/reginaldojunior/experimentos/results/socket/600/600/elecNormNew-OzaBagAdwinExecutorMAXChunk-25-4-50-589
01/03/22 11:21:23
01/03/22 11:21:23
/home/pi/reginaldojunior/experimentos/results/socket/600/600/elecNormNew-OzaBagAdwinExecutorMAXChunk-25-4-50-1060
01/03/22 11:22:18
01/03/22 11:22:18
/home/pi/reginaldojunior/experimentos/results/socket/600/600/elecNormNew-OzaBagASHTExecutorMAXChunk-25-4-50-138
01/03/22 11:24:27
01/03/22 11:24:27
/home/pi/reginaldojunior/experimentos/results/socket/600/600/elecNormNew-OzaBagASHTExecutorMAXChunk-25-4-50-690
01/03/22 11:25:42
01/03/22 11:25:42
/home/pi/reginaldojunior/experimentos/results/socket/600/600/elecNormNew-OzaBagASHTExecutorMAXChunk-25-4-50-1243
01/03/22 11:26:29
01/03/22 11:26:29
/home/pi/reginaldojunior/experimentos/results/socket/600/600/elecNormNew-OzaBagExecutorMAXChunk-25-4-50-142
01/03/22 11:28:38
01/03/22 11:28:38
/home/pi/reginaldojunior/experimentos/results/socket/600/600/elecNormNew-OzaBagExecutorMAXChunk-25-4-50-712
01/03/22 11:29:50
01/03/22 11:29:50
/home/pi/reginaldojunior/experimentos/results/socket/600/600/elecNormNew-OzaBagExecutorMAXChunk-25-4-50-1283
01/03/22 11:30:35
01/03/22 11:30:35
/home/pi/reginaldojunior/experimentos/results/socket/600/600/covtypeNorm-AdaptiveRandomForestExecutorMAXChunk-25-4-50-31
01/03/22 11:32:41
01/03/22 11:32:41
/home/pi/reginaldojunior/experimentos/results/socket/600/600/covtypeNorm-AdaptiveRandomForestExecutorMAXChunk-25-4-50-158
01/03/22 11:34:48
01/03/22 11:34:48
/home/pi/reginaldojunior/experimentos/results/socket/600/600/covtypeNorm-AdaptiveRandomForestExecutorMAXChunk-25-4-50-285
01/03/22 11:36:54
01/03/22 11:36:54
/home/pi/reginaldojunior/experimentos/results/socket/600/600/covtypeNorm-LBagExecutorMAXChunk-25-4-50-15
01/03/22 11:39:03
01/03/22 11:39:03
/home/pi/reginaldojunior/experimentos/results/socket/600/600/covtypeNorm-LBagExecutorMAXChunk-25-4-50-77
01/03/22 11:41:12
01/03/22 11:41:12
/home/pi/reginaldojunior/experimentos/results/socket/600/600/covtypeNorm-LBagExecutorMAXChunk-25-4-50-139
01/03/22 11:43:21
01/03/22 11:43:21
/home/pi/reginaldojunior/experimentos/results/socket/600/600/covtypeNorm-StreamingRandomPatchesExecutorMAXChunk-25-4-50-7
01/03/22 11:45:28
01/03/22 11:45:28
/home/pi/reginaldojunior/experimentos/results/socket/600/600/covtypeNorm-StreamingRandomPatchesExecutorMAXChunk-25-4-50-37
01/03/22 11:47:35
01/03/22 11:47:35
/home/pi/reginaldojunior/experimentos/results/socket/600/600/covtypeNorm-StreamingRandomPatchesExecutorMAXChunk-25-4-50-68
01/03/22 11:49:42
01/03/22 11:49:42
/home/pi/reginaldojunior/experimentos/results/socket/600/600/covtypeNorm-OzaBagAdwinExecutorMAXChunk-25-4-50-19
01/03/22 11:51:51
01/03/22 11:51:51
/home/pi/reginaldojunior/experimentos/results/socket/600/600/covtypeNorm-OzaBagAdwinExecutorMAXChunk-25-4-50-95
01/03/22 11:54:00
01/03/22 11:54:00
/home/pi/reginaldojunior/experimentos/results/socket/600/600/covtypeNorm-OzaBagAdwinExecutorMAXChunk-25-4-50-171
01/03/22 11:56:09
01/03/22 11:56:09
/home/pi/reginaldojunior/experimentos/results/socket/600/600/covtypeNorm-OzaBagASHTExecutorMAXChunk-25-4-50-20
01/03/22 11:58:18
01/03/22 11:58:18
/home/pi/reginaldojunior/experimentos/results/socket/600/600/covtypeNorm-OzaBagASHTExecutorMAXChunk-25-4-50-103
01/03/22 12:00:27
01/03/22 12:00:27
/home/pi/reginaldojunior/experimentos/results/socket/600/600/covtypeNorm-OzaBagASHTExecutorMAXChunk-25-4-50-186
01/03/22 12:02:37
01/03/22 12:02:37
/home/pi/reginaldojunior/experimentos/results/socket/600/600/covtypeNorm-OzaBagExecutorMAXChunk-25-4-50-20
01/03/22 12:04:46
01/03/22 12:04:46
/home/pi/reginaldojunior/experimentos/results/socket/600/600/covtypeNorm-OzaBagExecutorMAXChunk-25-4-50-100
01/03/22 12:06:54
01/03/22 12:06:54
/home/pi/reginaldojunior/experimentos/results/socket/600/600/covtypeNorm-OzaBagExecutorMAXChunk-25-4-50-181
01/03/22 12:09:03
01/03/22 12:09:03
/home/pi/reginaldojunior/experimentos/results/socket/600/600/airlines-AdaptiveRandomForestExecutorMAXChunk-25-4-50-7
01/03/22 12:11:11
01/03/22 12:11:11
/home/pi/reginaldojunior/experimentos/results/socket/600/600/airlines-AdaptiveRandomForestExecutorMAXChunk-25-4-50-39
01/03/22 12:13:18
01/03/22 12:13:19
/home/pi/reginaldojunior/experimentos/results/socket/600/600/airlines-AdaptiveRandomForestExecutorMAXChunk-25-4-50-70
01/03/22 12:15:28
01/03/22 12:15:28
/home/pi/reginaldojunior/experimentos/results/socket/600/600/airlines-LBagExecutorMAXChunk-25-4-50-6
01/03/22 12:17:37
01/03/22 12:17:37
/home/pi/reginaldojunior/experimentos/results/socket/600/600/airlines-LBagExecutorMAXChunk-25-4-50-32
01/03/22 12:19:47
01/03/22 12:19:47
/home/pi/reginaldojunior/experimentos/results/socket/600/600/airlines-LBagExecutorMAXChunk-25-4-50-57
01/03/22 12:21:56
01/03/22 12:21:56
/home/pi/reginaldojunior/experimentos/results/socket/600/600/airlines-StreamingRandomPatchesExecutorMAXChunk-25-4-50-8
01/03/22 12:24:03
01/03/22 12:24:03
/home/pi/reginaldojunior/experimentos/results/socket/600/600/airlines-StreamingRandomPatchesExecutorMAXChunk-25-4-50-40
01/03/22 13:18:48
/home/pi/reginaldojunior/experimentos/results/socket/600/600/elecNormNew-AdaptiveRandomForestExecutorMAXChunk-25-4-50-40
01/03/22 13:20:54
01/03/22 13:20:54
/home/pi/reginaldojunior/experimentos/results/socket/600/600/elecNormNew-AdaptiveRandomForestExecutorMAXChunk-25-4-50-202
01/03/22 13:23:00
01/03/22 13:23:00
/home/pi/reginaldojunior/experimentos/results/socket/600/600/elecNormNew-AdaptiveRandomForestExecutorMAXChunk-25-4-50-365
01/03/22 13:25:06
01/03/22 13:25:06
/home/pi/reginaldojunior/experimentos/results/socket/600/600/elecNormNew-LBagExecutorMAXChunk-25-4-50-60
01/03/22 13:27:15
01/03/22 13:27:15
/home/pi/reginaldojunior/experimentos/results/socket/600/600/elecNormNew-LBagExecutorMAXChunk-25-4-50-302
01/03/22 13:29:24
01/03/22 13:29:24
/home/pi/reginaldojunior/experimentos/results/socket/600/600/elecNormNew-LBagExecutorMAXChunk-25-4-50-544
01/03/22 13:30:57
01/03/22 13:30:57
/home/pi/reginaldojunior/experimentos/results/socket/600/600/elecNormNew-StreamingRandomPatchesExecutorMAXChunk-25-4-50-19
01/03/22 13:33:04
01/03/22 13:33:04
/home/pi/reginaldojunior/experimentos/results/socket/600/600/elecNormNew-StreamingRandomPatchesExecutorMAXChunk-25-4-50-98
01/03/22 13:35:10
01/03/22 13:35:10
/home/pi/reginaldojunior/experimentos/results/socket/600/600/elecNormNew-StreamingRandomPatchesExecutorMAXChunk-25-4-50-177
01/03/22 22:36:55
/home/pi/reginaldojunior/experimentos/results/socket/600/600/elecNormNew-AdaptiveRandomForestExecutorMAXChunk-25-4-50-40
01/03/22 22:39:02
01/03/22 22:39:02
/home/pi/reginaldojunior/experimentos/results/socket/600/600/elecNormNew-AdaptiveRandomForestExecutorMAXChunk-25-4-50-202
01/03/22 22:41:08
01/03/22 22:41:08
/home/pi/reginaldojunior/experimentos/results/socket/600/600/elecNormNew-AdaptiveRandomForestExecutorMAXChunk-25-4-50-365
01/03/22 22:43:14
01/03/22 22:43:14
/home/pi/reginaldojunior/experimentos/results/socket/600/600/elecNormNew-LBagExecutorMAXChunk-25-4-50-60
01/03/22 22:45:23
01/03/22 22:45:23
/home/pi/reginaldojunior/experimentos/results/socket/600/600/elecNormNew-LBagExecutorMAXChunk-25-4-50-302
01/03/22 22:47:32
01/03/22 22:47:32
/home/pi/reginaldojunior/experimentos/results/socket/600/600/elecNormNew-LBagExecutorMAXChunk-25-4-50-544
01/03/22 22:49:05
01/03/22 22:49:05
/home/pi/reginaldojunior/experimentos/results/socket/600/600/elecNormNew-StreamingRandomPatchesExecutorMAXChunk-25-4-50-19
01/03/22 22:51:11
01/03/22 22:51:11
/home/pi/reginaldojunior/experimentos/results/socket/600/600/elecNormNew-StreamingRandomPatchesExecutorMAXChunk-25-4-50-98
01/03/22 22:53:17
01/03/22 22:53:17
/home/pi/reginaldojunior/experimentos/results/socket/600/600/elecNormNew-StreamingRandomPatchesExecutorMAXChunk-25-4-50-177
01/03/22 22:55:24
01/03/22 22:55:24
/home/pi/reginaldojunior/experimentos/results/socket/600/600/elecNormNew-OzaBagAdwinExecutorMAXChunk-25-4-50-117
01/03/22 22:57:33
01/03/22 22:57:33
/home/pi/reginaldojunior/experimentos/results/socket/600/600/elecNormNew-OzaBagAdwinExecutorMAXChunk-25-4-50-589
01/03/22 22:59:00
01/03/22 22:59:00
/home/pi/reginaldojunior/experimentos/results/socket/600/600/elecNormNew-OzaBagAdwinExecutorMAXChunk-25-4-50-1060
01/03/22 22:59:52
01/03/22 22:59:52
/home/pi/reginaldojunior/experimentos/results/socket/600/600/elecNormNew-OzaBagASHTExecutorMAXChunk-25-4-50-138
01/03/22 23:02:00
01/03/22 23:02:00
/home/pi/reginaldojunior/experimentos/results/socket/600/600/elecNormNew-OzaBagASHTExecutorMAXChunk-25-4-50-690
01/03/22 23:03:15
01/03/22 23:03:15
/home/pi/reginaldojunior/experimentos/results/socket/600/600/elecNormNew-OzaBagASHTExecutorMAXChunk-25-4-50-1243
01/03/22 23:04:01
01/03/22 23:04:01
/home/pi/reginaldojunior/experimentos/results/socket/600/600/elecNormNew-OzaBagExecutorMAXChunk-25-4-50-142
01/03/22 23:06:10
01/03/22 23:06:10
/home/pi/reginaldojunior/experimentos/results/socket/600/600/elecNormNew-OzaBagExecutorMAXChunk-25-4-50-712
01/03/22 23:07:23
01/03/22 23:07:23
/home/pi/reginaldojunior/experimentos/results/socket/600/600/elecNormNew-OzaBagExecutorMAXChunk-25-4-50-1283
01/03/22 23:08:07
01/03/22 23:08:07
/home/pi/reginaldojunior/experimentos/results/socket/600/600/covtypeNorm-AdaptiveRandomForestExecutorMAXChunk-25-4-50-31
01/03/22 23:10:14
01/03/22 23:10:14
/home/pi/reginaldojunior/experimentos/results/socket/600/600/covtypeNorm-AdaptiveRandomForestExecutorMAXChunk-25-4-50-158
01/03/22 23:12:20
01/03/22 23:12:20
/home/pi/reginaldojunior/experimentos/results/socket/600/600/covtypeNorm-AdaptiveRandomForestExecutorMAXChunk-25-4-50-285
01/03/22 23:14:26
01/03/22 23:14:26
/home/pi/reginaldojunior/experimentos/results/socket/600/600/covtypeNorm-LBagExecutorMAXChunk-25-4-50-15
01/03/22 23:16:35
01/03/22 23:16:35
/home/pi/reginaldojunior/experimentos/results/socket/600/600/covtypeNorm-LBagExecutorMAXChunk-25-4-50-77
01/03/22 23:18:44
01/03/22 23:18:44
/home/pi/reginaldojunior/experimentos/results/socket/600/600/covtypeNorm-LBagExecutorMAXChunk-25-4-50-139
01/03/22 23:20:53
01/03/22 23:20:53
/home/pi/reginaldojunior/experimentos/results/socket/600/600/covtypeNorm-StreamingRandomPatchesExecutorMAXChunk-25-4-50-7
01/03/22 23:23:00
01/03/22 23:23:00
/home/pi/reginaldojunior/experimentos/results/socket/600/600/covtypeNorm-StreamingRandomPatchesExecutorMAXChunk-25-4-50-37
01/03/22 23:25:07
01/03/22 23:25:07
/home/pi/reginaldojunior/experimentos/results/socket/600/600/covtypeNorm-StreamingRandomPatchesExecutorMAXChunk-25-4-50-68
01/03/22 23:27:13
01/03/22 23:27:13
/home/pi/reginaldojunior/experimentos/results/socket/600/600/covtypeNorm-OzaBagAdwinExecutorMAXChunk-25-4-50-19
01/03/22 23:29:22
01/03/22 23:29:22
/home/pi/reginaldojunior/experimentos/results/socket/600/600/covtypeNorm-OzaBagAdwinExecutorMAXChunk-25-4-50-95
01/03/22 23:31:31
01/03/22 23:31:31
/home/pi/reginaldojunior/experimentos/results/socket/600/600/covtypeNorm-OzaBagAdwinExecutorMAXChunk-25-4-50-171
01/03/22 23:33:40
01/03/22 23:33:40
/home/pi/reginaldojunior/experimentos/results/socket/600/600/covtypeNorm-OzaBagASHTExecutorMAXChunk-25-4-50-20
01/03/22 23:35:49
01/03/22 23:35:49
/home/pi/reginaldojunior/experimentos/results/socket/600/600/covtypeNorm-OzaBagASHTExecutorMAXChunk-25-4-50-103
01/03/22 23:37:58
01/03/22 23:37:58
/home/pi/reginaldojunior/experimentos/results/socket/600/600/covtypeNorm-OzaBagASHTExecutorMAXChunk-25-4-50-186
01/03/22 23:40:07
01/03/22 23:40:07
/home/pi/reginaldojunior/experimentos/results/socket/600/600/covtypeNorm-OzaBagExecutorMAXChunk-25-4-50-20
01/03/22 23:42:16
01/03/22 23:42:16
/home/pi/reginaldojunior/experimentos/results/socket/600/600/covtypeNorm-OzaBagExecutorMAXChunk-25-4-50-100
01/03/22 23:44:25
01/03/22 23:44:25
/home/pi/reginaldojunior/experimentos/results/socket/600/600/covtypeNorm-OzaBagExecutorMAXChunk-25-4-50-181
01/03/22 23:46:34
01/03/22 23:46:34
/home/pi/reginaldojunior/experimentos/results/socket/600/600/airlines-AdaptiveRandomForestExecutorMAXChunk-25-4-50-7
01/03/22 23:48:41
01/03/22 23:48:41
/home/pi/reginaldojunior/experimentos/results/socket/600/600/airlines-AdaptiveRandomForestExecutorMAXChunk-25-4-50-39
01/03/22 23:50:48
01/03/22 23:50:48
/home/pi/reginaldojunior/experimentos/results/socket/600/600/airlines-AdaptiveRandomForestExecutorMAXChunk-25-4-50-70
01/03/22 23:52:55
01/03/22 23:52:55
/home/pi/reginaldojunior/experimentos/results/socket/600/600/airlines-LBagExecutorMAXChunk-25-4-50-6
01/03/22 23:55:04
01/03/22 23:55:04
/home/pi/reginaldojunior/experimentos/results/socket/600/600/airlines-LBagExecutorMAXChunk-25-4-50-32
01/03/22 23:57:14
01/03/22 23:57:14
/home/pi/reginaldojunior/experimentos/results/socket/600/600/airlines-LBagExecutorMAXChunk-25-4-50-57
01/03/22 23:59:23
01/03/22 23:59:23
/home/pi/reginaldojunior/experimentos/results/socket/600/600/airlines-StreamingRandomPatchesExecutorMAXChunk-25-4-50-8
02/03/22 00:01:30
02/03/22 00:01:30
/home/pi/reginaldojunior/experimentos/results/socket/600/600/airlines-StreamingRandomPatchesExecutorMAXChunk-25-4-50-40
02/03/22 00:03:37
02/03/22 00:03:37
/home/pi/reginaldojunior/experimentos/results/socket/600/600/airlines-StreamingRandomPatchesExecutorMAXChunk-25-4-50-72
02/03/22 00:05:43
02/03/22 00:05:43
/home/pi/reginaldojunior/experimentos/results/socket/600/600/airlines-OzaBagAdwinExecutorMAXChunk-25-4-50-24
02/03/22 00:07:52
02/03/22 00:07:52
/home/pi/reginaldojunior/experimentos/results/socket/600/600/airlines-OzaBagAdwinExecutorMAXChunk-25-4-50-121
02/03/22 00:10:01
02/03/22 00:10:01
/home/pi/reginaldojunior/experimentos/results/socket/600/600/airlines-OzaBagAdwinExecutorMAXChunk-25-4-50-218
02/03/22 00:12:10
02/03/22 00:12:10
/home/pi/reginaldojunior/experimentos/results/socket/600/600/airlines-OzaBagASHTExecutorMAXChunk-25-4-50-23
02/03/22 00:14:19
02/03/22 00:14:19
/home/pi/reginaldojunior/experimentos/results/socket/600/600/airlines-OzaBagASHTExecutorMAXChunk-25-4-50-116
02/03/22 00:16:28
02/03/22 00:16:28
/home/pi/reginaldojunior/experimentos/results/socket/600/600/airlines-OzaBagASHTExecutorMAXChunk-25-4-50-209
02/03/22 00:18:37
02/03/22 00:18:37
/home/pi/reginaldojunior/experimentos/results/socket/600/600/airlines-OzaBagExecutorMAXChunk-25-4-50-20
02/03/22 00:20:45
02/03/22 00:20:45
/home/pi/reginaldojunior/experimentos/results/socket/600/600/airlines-OzaBagExecutorMAXChunk-25-4-50-100
02/03/22 00:22:54
02/03/22 00:22:54
/home/pi/reginaldojunior/experimentos/results/socket/600/600/airlines-OzaBagExecutorMAXChunk-25-4-50-181
02/03/22 00:25:03
02/03/22 00:25:03
/home/pi/reginaldojunior/experimentos/results/socket/600/600/GMSC-AdaptiveRandomForestExecutorMAXChunk-25-4-50-66
02/03/22 00:27:09
02/03/22 00:27:09
/home/pi/reginaldojunior/experimentos/results/socket/600/600/GMSC-AdaptiveRandomForestExecutorMAXChunk-25-4-50-333
02/03/22 00:29:16
02/03/22 00:29:16
/home/pi/reginaldojunior/experimentos/results/socket/600/600/GMSC-AdaptiveRandomForestExecutorMAXChunk-25-4-50-600
02/03/22 00:31:23
02/03/22 00:31:23
/home/pi/reginaldojunior/experimentos/results/socket/600/600/GMSC-LBagExecutorMAXChunk-25-4-50-83
02/03/22 00:33:32
02/03/22 00:33:32
/home/pi/reginaldojunior/experimentos/results/socket/600/600/GMSC-LBagExecutorMAXChunk-25-4-50-418
02/03/22 00:35:41
02/03/22 00:35:41
/home/pi/reginaldojunior/experimentos/results/socket/600/600/GMSC-LBagExecutorMAXChunk-25-4-50-753
02/03/22 00:37:50
02/03/22 00:37:50
/home/pi/reginaldojunior/experimentos/results/socket/600/600/GMSC-StreamingRandomPatchesExecutorMAXChunk-25-4-50-34
02/03/22 00:39:56
02/03/22 00:39:56
/home/pi/reginaldojunior/experimentos/results/socket/600/600/GMSC-StreamingRandomPatchesExecutorMAXChunk-25-4-50-174
02/03/22 00:42:02
02/03/22 00:42:02
/home/pi/reginaldojunior/experimentos/results/socket/600/600/GMSC-StreamingRandomPatchesExecutorMAXChunk-25-4-50-314
02/03/22 00:44:08
02/03/22 00:44:08
/home/pi/reginaldojunior/experimentos/results/socket/600/600/GMSC-OzaBagAdwinExecutorMAXChunk-25-4-50-204
02/03/22 00:46:17
02/03/22 00:46:17
/home/pi/reginaldojunior/experimentos/results/socket/600/600/GMSC-OzaBagAdwinExecutorMAXChunk-25-4-50-1024
02/03/22 00:48:26
02/03/22 00:48:26
/home/pi/reginaldojunior/experimentos/results/socket/600/600/GMSC-OzaBagAdwinExecutorMAXChunk-25-4-50-1843
02/03/22 00:49:57
02/03/22 00:49:57
/home/pi/reginaldojunior/experimentos/results/socket/600/600/GMSC-OzaBagASHTExecutorMAXChunk-25-4-50-217
02/03/22 00:52:06
02/03/22 00:52:06
/home/pi/reginaldojunior/experimentos/results/socket/600/600/GMSC-OzaBagASHTExecutorMAXChunk-25-4-50-1087
02/03/22 00:54:14
02/03/22 00:54:14
/home/pi/reginaldojunior/experimentos/results/socket/600/600/GMSC-OzaBagASHTExecutorMAXChunk-25-4-50-1956
02/03/22 00:55:40
02/03/22 00:55:40
/home/pi/reginaldojunior/experimentos/results/socket/600/600/GMSC-OzaBagExecutorMAXChunk-25-4-50-205
02/03/22 00:57:49
02/03/22 00:57:49
/home/pi/reginaldojunior/experimentos/results/socket/600/600/GMSC-OzaBagExecutorMAXChunk-25-4-50-1029
02/03/22 00:59:58
02/03/22 00:59:58
/home/pi/reginaldojunior/experimentos/results/socket/600/600/GMSC-OzaBagExecutorMAXChunk-25-4-50-1852
02/03/22 01:01:28
02/03/22 01:01:28
/home/pi/reginaldojunior/experimentos/results/socket/600/600/elecNormNew-AdaptiveRandomForestExecutorMAXChunk-25-4-500-41
02/03/22 01:03:35
02/03/22 01:03:35
/home/pi/reginaldojunior/experimentos/results/socket/600/600/elecNormNew-AdaptiveRandomForestExecutorMAXChunk-25-4-500-207
02/03/22 01:05:43
02/03/22 01:05:43
/home/pi/reginaldojunior/experimentos/results/socket/600/600/elecNormNew-AdaptiveRandomForestExecutorMAXChunk-25-4-500-373
02/03/22 01:07:49
02/03/22 01:07:49
/home/pi/reginaldojunior/experimentos/results/socket/600/600/elecNormNew-LBagExecutorMAXChunk-25-4-500-67
02/03/22 01:09:58
02/03/22 01:09:58
/home/pi/reginaldojunior/experimentos/results/socket/600/600/elecNormNew-LBagExecutorMAXChunk-25-4-500-335
02/03/22 01:12:08
02/03/22 01:12:08
/home/pi/reginaldojunior/experimentos/results/socket/600/600/elecNormNew-LBagExecutorMAXChunk-25-4-500-603
02/03/22 01:13:33
02/03/22 01:13:33
/home/pi/reginaldojunior/experimentos/results/socket/600/600/elecNormNew-StreamingRandomPatchesExecutorMAXChunk-25-4-500-20
02/03/22 01:15:41
02/03/22 01:15:41
/home/pi/reginaldojunior/experimentos/results/socket/600/600/elecNormNew-StreamingRandomPatchesExecutorMAXChunk-25-4-500-103
02/03/22 01:17:50
02/03/22 01:17:50
/home/pi/reginaldojunior/experimentos/results/socket/600/600/elecNormNew-StreamingRandomPatchesExecutorMAXChunk-25-4-500-186
02/03/22 01:19:57
02/03/22 01:19:57
/home/pi/reginaldojunior/experimentos/results/socket/600/600/elecNormNew-OzaBagAdwinExecutorMAXChunk-25-4-500-134
02/03/22 01:22:06
02/03/22 01:22:06
/home/pi/reginaldojunior/experimentos/results/socket/600/600/elecNormNew-OzaBagAdwinExecutorMAXChunk-25-4-500-674
02/03/22 01:23:23
02/03/22 01:23:23
/home/pi/reginaldojunior/experimentos/results/socket/600/600/elecNormNew-OzaBagAdwinExecutorMAXChunk-25-4-500-1213
02/03/22 01:24:09
02/03/22 01:24:09
/home/pi/reginaldojunior/experimentos/results/socket/600/600/elecNormNew-OzaBagASHTExecutorMAXChunk-25-4-500-157
02/03/22 01:26:18
02/03/22 01:26:18
/home/pi/reginaldojunior/experimentos/results/socket/600/600/elecNormNew-OzaBagASHTExecutorMAXChunk-25-4-500-787
02/03/22 01:27:25
02/03/22 01:27:25
/home/pi/reginaldojunior/experimentos/results/socket/600/600/elecNormNew-OzaBagASHTExecutorMAXChunk-25-4-500-1418
02/03/22 01:28:06
02/03/22 01:28:06
/home/pi/reginaldojunior/experimentos/results/socket/600/600/elecNormNew-OzaBagExecutorMAXChunk-25-4-500-156
02/03/22 01:30:15
02/03/22 01:30:15
/home/pi/reginaldojunior/experimentos/results/socket/600/600/elecNormNew-OzaBagExecutorMAXChunk-25-4-500-782
02/03/22 01:31:22
02/03/22 01:31:22
/home/pi/reginaldojunior/experimentos/results/socket/600/600/elecNormNew-OzaBagExecutorMAXChunk-25-4-500-1408
02/03/22 01:32:03
02/03/22 01:32:03
/home/pi/reginaldojunior/experimentos/results/socket/600/600/covtypeNorm-AdaptiveRandomForestExecutorMAXChunk-25-4-500-25
02/03/22 01:34:11
02/03/22 01:34:11
/home/pi/reginaldojunior/experimentos/results/socket/600/600/covtypeNorm-AdaptiveRandomForestExecutorMAXChunk-25-4-500-128
02/03/22 01:36:18
02/03/22 01:36:18
/home/pi/reginaldojunior/experimentos/results/socket/600/600/covtypeNorm-AdaptiveRandomForestExecutorMAXChunk-25-4-500-232
02/03/22 01:38:25
02/03/22 01:38:25
/home/pi/reginaldojunior/experimentos/results/socket/600/600/covtypeNorm-LBagExecutorMAXChunk-25-4-500-19
02/03/22 01:40:35
02/03/22 01:40:35
/home/pi/reginaldojunior/experimentos/results/socket/600/600/covtypeNorm-LBagExecutorMAXChunk-25-4-500-95
02/03/22 01:42:46
02/03/22 01:42:46
/home/pi/reginaldojunior/experimentos/results/socket/600/600/covtypeNorm-LBagExecutorMAXChunk-25-4-500-172
02/03/22 01:44:56
02/03/22 01:44:56
/home/pi/reginaldojunior/experimentos/results/socket/600/600/covtypeNorm-StreamingRandomPatchesExecutorMAXChunk-25-4-500-8
02/03/22 01:47:03
02/03/22 01:47:03
/home/pi/reginaldojunior/experimentos/results/socket/600/600/covtypeNorm-StreamingRandomPatchesExecutorMAXChunk-25-4-500-40
02/03/22 01:49:12
02/03/22 01:49:12
/home/pi/reginaldojunior/experimentos/results/socket/600/600/covtypeNorm-StreamingRandomPatchesExecutorMAXChunk-25-4-500-72
02/03/22 01:51:23
02/03/22 01:51:23
/home/pi/reginaldojunior/experimentos/results/socket/600/600/covtypeNorm-OzaBagAdwinExecutorMAXChunk-25-4-500-21
02/03/22 01:53:34
02/03/22 01:53:34
/home/pi/reginaldojunior/experimentos/results/socket/600/600/covtypeNorm-OzaBagAdwinExecutorMAXChunk-25-4-500-106
02/03/22 01:55:44
02/03/22 01:55:44
/home/pi/reginaldojunior/experimentos/results/socket/600/600/covtypeNorm-OzaBagAdwinExecutorMAXChunk-25-4-500-190
02/03/22 01:57:53
02/03/22 01:57:53
/home/pi/reginaldojunior/experimentos/results/socket/600/600/covtypeNorm-OzaBagASHTExecutorMAXChunk-25-4-500-26
02/03/22 02:00:04
02/03/22 02:00:04
/home/pi/reginaldojunior/experimentos/results/socket/600/600/covtypeNorm-OzaBagASHTExecutorMAXChunk-25-4-500-130
02/03/22 02:02:14
02/03/22 02:02:14
/home/pi/reginaldojunior/experimentos/results/socket/600/600/covtypeNorm-OzaBagASHTExecutorMAXChunk-25-4-500-234
02/03/22 02:04:24
02/03/22 02:04:24
/home/pi/reginaldojunior/experimentos/results/socket/600/600/covtypeNorm-OzaBagExecutorMAXChunk-25-4-500-22
02/03/22 02:06:34
02/03/22 02:06:34
/home/pi/reginaldojunior/experimentos/results/socket/600/600/covtypeNorm-OzaBagExecutorMAXChunk-25-4-500-111
02/03/22 02:08:43
02/03/22 02:08:43
/home/pi/reginaldojunior/experimentos/results/socket/600/600/covtypeNorm-OzaBagExecutorMAXChunk-25-4-500-200
02/03/22 02:10:53
02/03/22 02:10:53
/home/pi/reginaldojunior/experimentos/results/socket/600/600/airlines-AdaptiveRandomForestExecutorMAXChunk-25-4-500-18
02/03/22 02:13:04
02/03/22 02:13:04
/home/pi/reginaldojunior/experimentos/results/socket/600/600/airlines-AdaptiveRandomForestExecutorMAXChunk-25-4-500-40
02/03/22 02:15:14
02/03/22 02:15:15
/home/pi/reginaldojunior/experimentos/results/socket/600/600/airlines-AdaptiveRandomForestExecutorMAXChunk-25-4-500-72
02/03/22 02:17:29
02/03/22 02:17:29
/home/pi/reginaldojunior/experimentos/results/socket/600/600/airlines-LBagExecutorMAXChunk-25-4-500-5
02/03/22 02:19:38
02/03/22 02:19:38
/home/pi/reginaldojunior/experimentos/results/socket/600/600/airlines-LBagExecutorMAXChunk-25-4-500-28
02/03/22 02:21:59
02/03/22 02:21:59
/home/pi/reginaldojunior/experimentos/results/socket/600/600/airlines-LBagExecutorMAXChunk-25-4-500-52
02/03/22 02:24:11
02/03/22 02:24:11
/home/pi/reginaldojunior/experimentos/results/socket/600/600/airlines-StreamingRandomPatchesExecutorMAXChunk-25-4-500-8
02/03/22 02:26:20
02/03/22 02:26:20
/home/pi/reginaldojunior/experimentos/results/socket/600/600/airlines-StreamingRandomPatchesExecutorMAXChunk-25-4-500-41
02/03/22 02:28:29
02/03/22 02:28:29
/home/pi/reginaldojunior/experimentos/results/socket/600/600/airlines-StreamingRandomPatchesExecutorMAXChunk-25-4-500-74
02/03/22 02:30:44
02/03/22 02:30:44
/home/pi/reginaldojunior/experimentos/results/socket/600/600/airlines-OzaBagAdwinExecutorMAXChunk-25-4-500-21
02/03/22 02:32:53
02/03/22 02:32:53
/home/pi/reginaldojunior/experimentos/results/socket/600/600/airlines-OzaBagAdwinExecutorMAXChunk-25-4-500-109
02/03/22 02:35:05
02/03/22 02:35:05
/home/pi/reginaldojunior/experimentos/results/socket/600/600/airlines-OzaBagAdwinExecutorMAXChunk-25-4-500-196
02/03/22 02:37:14
02/03/22 02:37:14
/home/pi/reginaldojunior/experimentos/results/socket/600/600/airlines-OzaBagASHTExecutorMAXChunk-25-4-500-23
02/03/22 02:39:24
02/03/22 02:39:24
/home/pi/reginaldojunior/experimentos/results/socket/600/600/airlines-OzaBagASHTExecutorMAXChunk-25-4-500-118
02/03/22 02:41:34
02/03/22 02:41:34
/home/pi/reginaldojunior/experimentos/results/socket/600/600/airlines-OzaBagASHTExecutorMAXChunk-25-4-500-212
02/03/22 02:43:44
02/03/22 02:43:44
/home/pi/reginaldojunior/experimentos/results/socket/600/600/airlines-OzaBagExecutorMAXChunk-25-4-500-20
02/03/22 02:45:53
02/03/22 02:45:53
/home/pi/reginaldojunior/experimentos/results/socket/600/600/airlines-OzaBagExecutorMAXChunk-25-4-500-103
02/03/22 02:48:07
02/03/22 02:48:07
/home/pi/reginaldojunior/experimentos/results/socket/600/600/airlines-OzaBagExecutorMAXChunk-25-4-500-186
02/03/22 02:50:19
02/03/22 02:50:19
/home/pi/reginaldojunior/experimentos/results/socket/600/600/GMSC-AdaptiveRandomForestExecutorMAXChunk-25-4-500-67
02/03/22 02:52:26
02/03/22 02:52:26
/home/pi/reginaldojunior/experimentos/results/socket/600/600/GMSC-AdaptiveRandomForestExecutorMAXChunk-25-4-500-337
02/03/22 02:54:33
02/03/22 02:54:33
/home/pi/reginaldojunior/experimentos/results/socket/600/600/GMSC-AdaptiveRandomForestExecutorMAXChunk-25-4-500-607
02/03/22 02:56:40
02/03/22 02:56:40
/home/pi/reginaldojunior/experimentos/results/socket/600/600/GMSC-LBagExecutorMAXChunk-25-4-500-90
02/03/22 02:58:49
02/03/22 02:58:49
/home/pi/reginaldojunior/experimentos/results/socket/600/600/GMSC-LBagExecutorMAXChunk-25-4-500-454
02/03/22 03:00:58
02/03/22 03:00:58
/home/pi/reginaldojunior/experimentos/results/socket/600/600/GMSC-LBagExecutorMAXChunk-25-4-500-818
02/03/22 03:03:07
02/03/22 03:03:07
/home/pi/reginaldojunior/experimentos/results/socket/600/600/GMSC-StreamingRandomPatchesExecutorMAXChunk-25-4-500-36
02/03/22 03:05:14
02/03/22 03:05:14
/home/pi/reginaldojunior/experimentos/results/socket/600/600/GMSC-StreamingRandomPatchesExecutorMAXChunk-25-4-500-182
02/03/22 03:07:21
02/03/22 03:07:21
/home/pi/reginaldojunior/experimentos/results/socket/600/600/GMSC-StreamingRandomPatchesExecutorMAXChunk-25-4-500-328
02/03/22 03:09:28
02/03/22 03:09:28
/home/pi/reginaldojunior/experimentos/results/socket/600/600/GMSC-OzaBagAdwinExecutorMAXChunk-25-4-500-200
02/03/22 03:11:37
02/03/22 03:11:37
/home/pi/reginaldojunior/experimentos/results/socket/600/600/GMSC-OzaBagAdwinExecutorMAXChunk-25-4-500-1003
02/03/22 03:13:46
02/03/22 03:13:46
/home/pi/reginaldojunior/experimentos/results/socket/600/600/GMSC-OzaBagAdwinExecutorMAXChunk-25-4-500-1805
02/03/22 03:15:18
02/03/22 03:15:19
/home/pi/reginaldojunior/experimentos/results/socket/600/600/GMSC-OzaBagASHTExecutorMAXChunk-25-4-500-260
02/03/22 03:17:27
02/03/22 03:17:27
/home/pi/reginaldojunior/experimentos/results/socket/600/600/GMSC-OzaBagASHTExecutorMAXChunk-25-4-500-1301
02/03/22 03:19:32
02/03/22 03:19:32
/home/pi/reginaldojunior/experimentos/results/socket/600/600/GMSC-OzaBagASHTExecutorMAXChunk-25-4-500-2342
02/03/22 03:20:45
02/03/22 03:20:45
/home/pi/reginaldojunior/experimentos/results/socket/600/600/GMSC-OzaBagExecutorMAXChunk-25-4-500-247
02/03/22 03:22:54
02/03/22 03:22:54
/home/pi/reginaldojunior/experimentos/results/socket/600/600/GMSC-OzaBagExecutorMAXChunk-25-4-500-1236
02/03/22 03:25:02
02/03/22 03:25:02
/home/pi/reginaldojunior/experimentos/results/socket/600/600/GMSC-OzaBagExecutorMAXChunk-25-4-500-2225
02/03/22 03:26:18
02/03/22 03:26:18
/home/pi/reginaldojunior/experimentos/results/socket/600/600/elecNormNew-AdaptiveRandomForestExecutorMAXChunk-25-4-2000-39
02/03/22 03:28:25
02/03/22 03:28:25
/home/pi/reginaldojunior/experimentos/results/socket/600/600/elecNormNew-AdaptiveRandomForestExecutorMAXChunk-25-4-2000-198
02/03/22 03:30:34
02/03/22 03:30:34
/home/pi/reginaldojunior/experimentos/results/socket/600/600/elecNormNew-AdaptiveRandomForestExecutorMAXChunk-25-4-2000-358
02/03/22 03:32:43
02/03/22 03:32:43
/home/pi/reginaldojunior/experimentos/results/socket/600/600/elecNormNew-LBagExecutorMAXChunk-25-4-2000-66
02/03/22 03:34:53
02/03/22 03:34:53
/home/pi/reginaldojunior/experimentos/results/socket/600/600/elecNormNew-LBagExecutorMAXChunk-25-4-2000-332
02/03/22 03:37:04
02/03/22 03:37:04
/home/pi/reginaldojunior/experimentos/results/socket/600/600/elecNormNew-LBagExecutorMAXChunk-25-4-2000-598
02/03/22 03:38:30
02/03/22 03:38:30
/home/pi/reginaldojunior/experimentos/results/socket/600/600/elecNormNew-StreamingRandomPatchesExecutorMAXChunk-25-4-2000-19
02/03/22 03:40:55
02/03/22 03:40:55
/home/pi/reginaldojunior/experimentos/results/socket/600/600/elecNormNew-StreamingRandomPatchesExecutorMAXChunk-25-4-2000-99
02/03/22 03:43:06
02/03/22 03:43:06
/home/pi/reginaldojunior/experimentos/results/socket/600/600/elecNormNew-StreamingRandomPatchesExecutorMAXChunk-25-4-2000-178
02/03/22 03:45:19
02/03/22 03:45:19
/home/pi/reginaldojunior/experimentos/results/socket/600/600/elecNormNew-OzaBagAdwinExecutorMAXChunk-25-4-2000-128
02/03/22 03:47:28
02/03/22 03:47:28
/home/pi/reginaldojunior/experimentos/results/socket/600/600/elecNormNew-OzaBagAdwinExecutorMAXChunk-25-4-2000-644
02/03/22 03:48:48
02/03/22 03:48:48
/home/pi/reginaldojunior/experimentos/results/socket/600/600/elecNormNew-OzaBagAdwinExecutorMAXChunk-25-4-2000-1160
02/03/22 03:49:36
02/03/22 03:49:36
/home/pi/reginaldojunior/experimentos/results/socket/600/600/elecNormNew-OzaBagASHTExecutorMAXChunk-25-4-2000-147
02/03/22 03:51:45
02/03/22 03:51:45
/home/pi/reginaldojunior/experimentos/results/socket/600/600/elecNormNew-OzaBagASHTExecutorMAXChunk-25-4-2000-737
02/03/22 03:52:56
02/03/22 03:52:56
/home/pi/reginaldojunior/experimentos/results/socket/600/600/elecNormNew-OzaBagASHTExecutorMAXChunk-25-4-2000-1327
02/03/22 03:53:40
02/03/22 03:53:40
/home/pi/reginaldojunior/experimentos/results/socket/600/600/elecNormNew-OzaBagExecutorMAXChunk-25-4-2000-151
02/03/22 03:55:49
02/03/22 03:55:49
/home/pi/reginaldojunior/experimentos/results/socket/600/600/elecNormNew-OzaBagExecutorMAXChunk-25-4-2000-758
02/03/22 03:56:58
02/03/22 03:56:58
/home/pi/reginaldojunior/experimentos/results/socket/600/600/elecNormNew-OzaBagExecutorMAXChunk-25-4-2000-1364
02/03/22 03:57:41
02/03/22 03:57:41
/home/pi/reginaldojunior/experimentos/results/socket/600/600/covtypeNorm-AdaptiveRandomForestExecutorMAXChunk-25-4-2000-32
02/03/22 03:59:55
02/03/22 03:59:55
/home/pi/reginaldojunior/experimentos/results/socket/600/600/covtypeNorm-AdaptiveRandomForestExecutorMAXChunk-25-4-2000-114
02/03/22 04:02:06
02/03/22 04:02:06
/home/pi/reginaldojunior/experimentos/results/socket/600/600/covtypeNorm-AdaptiveRandomForestExecutorMAXChunk-25-4-2000-206
02/03/22 04:04:14
02/03/22 04:04:14
/home/pi/reginaldojunior/experimentos/results/socket/600/600/covtypeNorm-LBagExecutorMAXChunk-25-4-2000-18
02/03/22 04:06:37
02/03/22 04:06:37
/home/pi/reginaldojunior/experimentos/results/socket/600/600/covtypeNorm-LBagExecutorMAXChunk-25-4-2000-90
02/03/22 04:08:50
02/03/22 04:08:50
/home/pi/reginaldojunior/experimentos/results/socket/600/600/covtypeNorm-LBagExecutorMAXChunk-25-4-2000-162
02/03/22 04:10:59
02/03/22 04:10:59
/home/pi/reginaldojunior/experimentos/results/socket/600/600/covtypeNorm-StreamingRandomPatchesExecutorMAXChunk-25-4-2000-8
02/03/22 04:13:23
02/03/22 04:13:23
/home/pi/reginaldojunior/experimentos/results/socket/600/600/covtypeNorm-StreamingRandomPatchesExecutorMAXChunk-25-4-2000-40
02/03/22 04:15:33
02/03/22 04:15:33
/home/pi/reginaldojunior/experimentos/results/socket/600/600/covtypeNorm-StreamingRandomPatchesExecutorMAXChunk-25-4-2000-72
02/03/22 04:17:54
02/03/22 04:17:54
/home/pi/reginaldojunior/experimentos/results/socket/600/600/covtypeNorm-OzaBagAdwinExecutorMAXChunk-25-4-2000-21
02/03/22 04:20:05
02/03/22 04:20:05
/home/pi/reginaldojunior/experimentos/results/socket/600/600/covtypeNorm-OzaBagAdwinExecutorMAXChunk-25-4-2000-107
02/03/22 04:22:19
02/03/22 04:22:19
/home/pi/reginaldojunior/experimentos/results/socket/600/600/covtypeNorm-OzaBagAdwinExecutorMAXChunk-25-4-2000-192
02/03/22 04:24:32
02/03/22 04:24:32
/home/pi/reginaldojunior/experimentos/results/socket/600/600/covtypeNorm-OzaBagASHTExecutorMAXChunk-25-4-2000-22
02/03/22 04:26:43
02/03/22 04:26:43
/home/pi/reginaldojunior/experimentos/results/socket/600/600/covtypeNorm-OzaBagASHTExecutorMAXChunk-25-4-2000-113
02/03/22 04:28:53
02/03/22 04:28:53
/home/pi/reginaldojunior/experimentos/results/socket/600/600/covtypeNorm-OzaBagASHTExecutorMAXChunk-25-4-2000-205
02/03/22 04:31:07
02/03/22 04:31:07
/home/pi/reginaldojunior/experimentos/results/socket/600/600/covtypeNorm-OzaBagExecutorMAXChunk-25-4-2000-22
02/03/22 04:33:17
02/03/22 04:33:17
/home/pi/reginaldojunior/experimentos/results/socket/600/600/covtypeNorm-OzaBagExecutorMAXChunk-25-4-2000-114
02/03/22 04:35:30
02/03/22 04:35:30
/home/pi/reginaldojunior/experimentos/results/socket/600/600/covtypeNorm-OzaBagExecutorMAXChunk-25-4-2000-206
02/03/22 04:37:43
02/03/22 04:37:43
/home/pi/reginaldojunior/experimentos/results/socket/600/600/airlines-AdaptiveRandomForestExecutorMAXChunk-25-4-2000-8
02/03/22 04:40:13
02/03/22 04:40:13
/home/pi/reginaldojunior/experimentos/results/socket/600/600/airlines-AdaptiveRandomForestExecutorMAXChunk-25-4-2000-40
02/03/22 04:42:36
02/03/22 04:42:36
/home/pi/reginaldojunior/experimentos/results/socket/600/600/airlines-AdaptiveRandomForestExecutorMAXChunk-25-4-2000-72
02/03/22 04:45:15
02/03/22 04:45:15
/home/pi/reginaldojunior/experimentos/results/socket/600/600/airlines-LBagExecutorMAXChunk-25-4-2000-5
02/03/22 04:47:44
02/03/22 04:47:44
/home/pi/reginaldojunior/experimentos/results/socket/600/600/airlines-LBagExecutorMAXChunk-25-4-2000-29
02/03/22 04:50:12
02/03/22 04:50:12
/home/pi/reginaldojunior/experimentos/results/socket/600/600/airlines-LBagExecutorMAXChunk-25-4-2000-53
02/03/22 04:52:27
02/03/22 04:52:27
/home/pi/reginaldojunior/experimentos/results/socket/600/600/airlines-StreamingRandomPatchesExecutorMAXChunk-25-4-2000-8
02/03/22 04:54:57
02/03/22 04:54:57
/home/pi/reginaldojunior/experimentos/results/socket/600/600/airlines-StreamingRandomPatchesExecutorMAXChunk-25-4-2000-43
02/03/22 04:57:26
02/03/22 04:57:26
/home/pi/reginaldojunior/experimentos/results/socket/600/600/airlines-StreamingRandomPatchesExecutorMAXChunk-25-4-2000-77
02/03/22 05:00:21
02/03/22 05:00:21
/home/pi/reginaldojunior/experimentos/results/socket/600/600/airlines-OzaBagAdwinExecutorMAXChunk-25-4-2000-30
02/03/22 05:02:33
02/03/22 05:02:33
/home/pi/reginaldojunior/experimentos/results/socket/600/600/airlines-OzaBagAdwinExecutorMAXChunk-25-4-2000-102
02/03/22 05:04:56
02/03/22 05:04:56
/home/pi/reginaldojunior/experimentos/results/socket/600/600/airlines-OzaBagAdwinExecutorMAXChunk-25-4-2000-185
02/03/22 05:07:06
02/03/22 05:07:06
/home/pi/reginaldojunior/experimentos/results/socket/600/600/airlines-OzaBagASHTExecutorMAXChunk-25-4-2000-22
02/03/22 05:09:15
02/03/22 05:09:15
/home/pi/reginaldojunior/experimentos/results/socket/600/600/airlines-OzaBagASHTExecutorMAXChunk-25-4-2000-114
02/03/22 05:11:27
02/03/22 05:11:27
/home/pi/reginaldojunior/experimentos/results/socket/600/600/airlines-OzaBagASHTExecutorMAXChunk-25-4-2000-206
02/03/22 05:13:44
02/03/22 05:13:44
/home/pi/reginaldojunior/experimentos/results/socket/600/600/airlines-OzaBagExecutorMAXChunk-25-4-2000-21
02/03/22 05:19:14
02/03/22 05:19:14
/home/pi/reginaldojunior/experimentos/results/socket/600/600/airlines-OzaBagExecutorMAXChunk-25-4-2000-105
02/03/22 05:21:32
02/03/22 05:21:32
/home/pi/reginaldojunior/experimentos/results/socket/600/600/airlines-OzaBagExecutorMAXChunk-25-4-2000-189
02/03/22 05:23:42
02/03/22 05:23:42
/home/pi/reginaldojunior/experimentos/results/socket/600/600/GMSC-AdaptiveRandomForestExecutorMAXChunk-25-4-2000-65
02/03/22 05:25:50
02/03/22 05:25:50
/home/pi/reginaldojunior/experimentos/results/socket/600/600/GMSC-AdaptiveRandomForestExecutorMAXChunk-25-4-2000-327
02/03/22 05:27:58
02/03/22 05:27:58
/home/pi/reginaldojunior/experimentos/results/socket/600/600/GMSC-AdaptiveRandomForestExecutorMAXChunk-25-4-2000-588
02/03/22 05:30:04
02/03/22 05:30:04
/home/pi/reginaldojunior/experimentos/results/socket/600/600/GMSC-LBagExecutorMAXChunk-25-4-2000-83
02/03/22 05:32:14
02/03/22 05:32:14
/home/pi/reginaldojunior/experimentos/results/socket/600/600/GMSC-LBagExecutorMAXChunk-25-4-2000-416
02/03/22 05:34:25
02/03/22 05:34:25
/home/pi/reginaldojunior/experimentos/results/socket/600/600/GMSC-LBagExecutorMAXChunk-25-4-2000-749
02/03/22 05:36:35
02/03/22 05:36:35
/home/pi/reginaldojunior/experimentos/results/socket/600/600/GMSC-StreamingRandomPatchesExecutorMAXChunk-25-4-2000-36
02/03/22 05:38:42
02/03/22 05:38:42
/home/pi/reginaldojunior/experimentos/results/socket/600/600/GMSC-StreamingRandomPatchesExecutorMAXChunk-25-4-2000-181
02/03/22 05:40:52
02/03/22 05:40:52
/home/pi/reginaldojunior/experimentos/results/socket/600/600/GMSC-StreamingRandomPatchesExecutorMAXChunk-25-4-2000-326
02/03/22 05:43:01
02/03/22 05:43:01
/home/pi/reginaldojunior/experimentos/results/socket/600/600/GMSC-OzaBagAdwinExecutorMAXChunk-25-4-2000-198
02/03/22 05:45:10
02/03/22 05:45:10
/home/pi/reginaldojunior/experimentos/results/socket/600/600/GMSC-OzaBagAdwinExecutorMAXChunk-25-4-2000-991
02/03/22 05:47:19
02/03/22 05:47:19
/home/pi/reginaldojunior/experimentos/results/socket/600/600/GMSC-OzaBagAdwinExecutorMAXChunk-25-4-2000-1784
02/03/22 05:48:53
02/03/22 05:48:53
/home/pi/reginaldojunior/experimentos/results/socket/600/600/GMSC-OzaBagASHTExecutorMAXChunk-25-4-2000-252
02/03/22 05:51:02
02/03/22 05:51:02
/home/pi/reginaldojunior/experimentos/results/socket/600/600/GMSC-OzaBagASHTExecutorMAXChunk-25-4-2000-1263
02/03/22 05:53:11
02/03/22 05:53:11
/home/pi/reginaldojunior/experimentos/results/socket/600/600/GMSC-OzaBagASHTExecutorMAXChunk-25-4-2000-2275
02/03/22 05:54:26
02/03/22 05:54:26
/home/pi/reginaldojunior/experimentos/results/socket/600/600/GMSC-OzaBagExecutorMAXChunk-25-4-2000-240
02/03/22 05:56:35
02/03/22 05:56:35
/home/pi/reginaldojunior/experimentos/results/socket/600/600/GMSC-OzaBagExecutorMAXChunk-25-4-2000-1202
02/03/22 05:58:44
02/03/22 05:58:44
/home/pi/reginaldojunior/experimentos/results/socket/600/600/GMSC-OzaBagExecutorMAXChunk-25-4-2000-2165
02/03/22 06:00:03
02/03/22 06:01:53
/home/pi/reginaldojunior/experimentos/results/socket/600/600/airlines-OzaBagExecutorMAXChunk-25-4-2000-31
02/03/22 06:04:04
02/03/22 06:04:04
