19/09/22 22:50:12
/home/pi/reginaldojunior/experimentos/socket/loop-fusion/covtypeNorm-AdaptiveRandomForestSequential-25-1-1-21-1
19/09/22 22:50:16
19/09/22 22:50:16
19/09/22 22:50:35
/home/pi/reginaldojunior/experimentos/socket/loop-fusion/covtypeNorm-AdaptiveRandomForestSequential-25-1-1-21-1
19/09/22 22:52:41
19/09/22 22:52:41
/home/pi/reginaldojunior/experimentos/socket/loop-fusion/covtypeNorm-AdaptiveRandomForestExecutorMAXChunk-25-4-50-31-2
19/09/22 22:54:46
19/09/22 22:54:46
/home/pi/reginaldojunior/experimentos/socket/loop-fusion/covtypeNorm-AdaptiveRandomForestExecutorMAXChunk-25-4-50-101-3
19/09/22 22:56:51
19/09/22 22:56:51
/home/pi/reginaldojunior/experimentos/socket/loop-fusion/covtypeNorm-AdaptiveRandomForestSequential-25-1-1-105-1
19/09/22 22:58:56
19/09/22 22:58:56
/home/pi/reginaldojunior/experimentos/socket/loop-fusion/covtypeNorm-AdaptiveRandomForestExecutorMAXChunk-25-4-50-158-2
19/09/22 23:01:02
19/09/22 23:01:02
/home/pi/reginaldojunior/experimentos/socket/loop-fusion/covtypeNorm-AdaptiveRandomForestExecutorMAXChunk-25-4-50-506-3
19/09/22 23:03:07
19/09/22 23:03:07
/home/pi/reginaldojunior/experimentos/socket/loop-fusion/covtypeNorm-AdaptiveRandomForestSequential-25-1-1-189-1
19/09/22 23:05:12
19/09/22 23:05:12
/home/pi/reginaldojunior/experimentos/socket/loop-fusion/covtypeNorm-AdaptiveRandomForestExecutorMAXChunk-25-4-50-285-2
19/09/22 23:07:18
19/09/22 23:07:18
/home/pi/reginaldojunior/experimentos/socket/loop-fusion/covtypeNorm-AdaptiveRandomForestExecutorMAXChunk-25-4-50-911-3
19/09/22 23:09:23
19/09/22 23:09:23
/home/pi/reginaldojunior/experimentos/socket/loop-fusion/covtypeNorm-LeveragingBag-25-1-1-15-1
19/09/22 23:11:31
19/09/22 23:11:31
/home/pi/reginaldojunior/experimentos/socket/loop-fusion/covtypeNorm-LBagExecutorMAXChunk-25-4-50-26-2
19/09/22 23:13:38
19/09/22 23:13:38
/home/pi/reginaldojunior/experimentos/socket/loop-fusion/covtypeNorm-LBagExecutorMAXChunk-25-4-50-66-3
19/09/22 23:15:44
19/09/22 23:15:44
/home/pi/reginaldojunior/experimentos/socket/loop-fusion/covtypeNorm-LeveragingBag-25-1-1-75-1
19/09/22 23:17:51
19/09/22 23:17:51
/home/pi/reginaldojunior/experimentos/socket/loop-fusion/covtypeNorm-LBagExecutorMAXChunk-25-4-50-134-2
19/09/22 23:19:58
19/09/22 23:19:58
/home/pi/reginaldojunior/experimentos/socket/loop-fusion/covtypeNorm-LBagExecutorMAXChunk-25-4-50-333-3
19/09/22 23:22:05
19/09/22 23:22:05
/home/pi/reginaldojunior/experimentos/socket/loop-fusion/covtypeNorm-LeveragingBag-25-1-1-136-1
19/09/22 23:24:12
19/09/22 23:24:12
/home/pi/reginaldojunior/experimentos/socket/loop-fusion/covtypeNorm-LBagExecutorMAXChunk-25-4-50-241-2
19/09/22 23:26:19
19/09/22 23:26:19
/home/pi/reginaldojunior/experimentos/socket/loop-fusion/covtypeNorm-LBagExecutorMAXChunk-25-4-50-600-3
19/09/22 23:28:26
19/09/22 23:28:26
/home/pi/reginaldojunior/experimentos/socket/loop-fusion/covtypeNorm-StreamingRandomPatches-25-1-1-6-1
19/09/22 23:30:32
19/09/22 23:30:32
/home/pi/reginaldojunior/experimentos/socket/loop-fusion/covtypeNorm-StreamingRandomPatchesExecutorMAXChunk-25-4-50-15-2
19/09/22 23:32:38
19/09/22 23:32:38
/home/pi/reginaldojunior/experimentos/socket/loop-fusion/covtypeNorm-StreamingRandomPatchesExecutorMAXChunk-25-4-50-25-3
19/09/22 23:34:44
19/09/22 23:34:44
/home/pi/reginaldojunior/experimentos/socket/loop-fusion/covtypeNorm-StreamingRandomPatches-25-1-1-34-1
19/09/22 23:36:49
19/09/22 23:36:49
/home/pi/reginaldojunior/experimentos/socket/loop-fusion/covtypeNorm-StreamingRandomPatchesExecutorMAXChunk-25-4-50-77-2
19/09/22 23:38:55
19/09/22 23:38:55
/home/pi/reginaldojunior/experimentos/socket/loop-fusion/covtypeNorm-StreamingRandomPatchesExecutorMAXChunk-25-4-50-127-3
19/09/22 23:41:00
19/09/22 23:41:00
/home/pi/reginaldojunior/experimentos/socket/loop-fusion/covtypeNorm-StreamingRandomPatches-25-1-1-61-1
19/09/22 23:43:05
19/09/22 23:43:05
/home/pi/reginaldojunior/experimentos/socket/loop-fusion/covtypeNorm-StreamingRandomPatchesExecutorMAXChunk-25-4-50-139-2
19/09/22 23:45:10
19/09/22 23:45:10
/home/pi/reginaldojunior/experimentos/socket/loop-fusion/covtypeNorm-StreamingRandomPatchesExecutorMAXChunk-25-4-50-230-3
19/09/22 23:47:15
19/09/22 23:47:15
/home/pi/reginaldojunior/experimentos/socket/loop-fusion/covtypeNorm-OzaBagAdwin-25-1-1-27-1
19/09/22 23:49:22
19/09/22 23:49:22
/home/pi/reginaldojunior/experimentos/socket/loop-fusion/covtypeNorm-OzaBagAdwinExecutorMAXChunk-25-4-50-31-2
19/09/22 23:51:28
19/09/22 23:51:28
/home/pi/reginaldojunior/experimentos/socket/loop-fusion/covtypeNorm-OzaBagAdwinExecutorMAXChunk-25-4-50-99-3
19/09/22 23:53:35
19/09/22 23:53:35
/home/pi/reginaldojunior/experimentos/socket/loop-fusion/covtypeNorm-OzaBagAdwin-25-1-1-135-1
19/09/22 23:55:43
19/09/22 23:55:43
/home/pi/reginaldojunior/experimentos/socket/loop-fusion/covtypeNorm-OzaBagAdwinExecutorMAXChunk-25-4-50-159-2
19/09/22 23:57:50
19/09/22 23:57:50
/home/pi/reginaldojunior/experimentos/socket/loop-fusion/covtypeNorm-OzaBagAdwinExecutorMAXChunk-25-4-50-498-3
19/09/22 23:59:57
19/09/22 23:59:57
/home/pi/reginaldojunior/experimentos/socket/loop-fusion/covtypeNorm-OzaBagAdwin-25-1-1-243-1
20/09/22 00:02:04
20/09/22 00:02:04
/home/pi/reginaldojunior/experimentos/socket/loop-fusion/covtypeNorm-OzaBagAdwinExecutorMAXChunk-25-4-50-287-2
20/09/22 00:04:11
20/09/22 00:04:11
/home/pi/reginaldojunior/experimentos/socket/loop-fusion/covtypeNorm-OzaBagAdwinExecutorMAXChunk-25-4-50-896-3
20/09/22 00:06:17
20/09/22 00:06:17
/home/pi/reginaldojunior/experimentos/socket/loop-fusion/covtypeNorm-OzaBagASHT-25-1-1-24-1
20/09/22 00:08:24
20/09/22 00:08:24
/home/pi/reginaldojunior/experimentos/socket/loop-fusion/covtypeNorm-OzaBagASHTExecutorMAXChunk-25-4-50-30-2
20/09/22 00:10:31
20/09/22 00:10:31
/home/pi/reginaldojunior/experimentos/socket/loop-fusion/covtypeNorm-OzaBagASHTExecutorMAXChunk-25-4-50-270-3
20/09/22 00:12:38
20/09/22 00:12:38
/home/pi/reginaldojunior/experimentos/socket/loop-fusion/covtypeNorm-OzaBagASHT-25-1-1-122-1
20/09/22 00:14:45
20/09/22 00:14:45
/home/pi/reginaldojunior/experimentos/socket/loop-fusion/covtypeNorm-OzaBagASHTExecutorMAXChunk-25-4-50-151-2
20/09/22 00:16:52
20/09/22 00:16:52
/home/pi/reginaldojunior/experimentos/socket/loop-fusion/covtypeNorm-OzaBagASHTExecutorMAXChunk-25-4-50-1354-3
20/09/22 00:18:59
20/09/22 00:18:59
/home/pi/reginaldojunior/experimentos/socket/loop-fusion/covtypeNorm-OzaBagASHT-25-1-1-219-1
20/09/22 00:21:06
20/09/22 00:21:06
/home/pi/reginaldojunior/experimentos/socket/loop-fusion/covtypeNorm-OzaBagASHTExecutorMAXChunk-25-4-50-272-2
20/09/22 00:23:12
20/09/22 00:23:12
/home/pi/reginaldojunior/experimentos/socket/loop-fusion/covtypeNorm-OzaBagASHTExecutorMAXChunk-25-4-50-2437-3
20/09/22 00:25:18
20/09/22 00:25:18
/home/pi/reginaldojunior/experimentos/socket/loop-fusion/covtypeNorm-OzaBag-25-1-1-31-1
20/09/22 00:27:27
20/09/22 00:27:27
/home/pi/reginaldojunior/experimentos/socket/loop-fusion/covtypeNorm-OzaBagExecutorMAXChunk-25-4-50-30-2
20/09/22 00:29:33
20/09/22 00:29:33
/home/pi/reginaldojunior/experimentos/socket/loop-fusion/covtypeNorm-OzaBagExecutorMAXChunk-25-4-50-267-3
20/09/22 00:31:40
20/09/22 00:31:40
/home/pi/reginaldojunior/experimentos/socket/loop-fusion/covtypeNorm-OzaBag-25-1-1-158-1
20/09/22 00:33:47
20/09/22 00:33:47
/home/pi/reginaldojunior/experimentos/socket/loop-fusion/covtypeNorm-OzaBagExecutorMAXChunk-25-4-50-150-2
20/09/22 00:35:54
20/09/22 00:35:54
/home/pi/reginaldojunior/experimentos/socket/loop-fusion/covtypeNorm-OzaBagExecutorMAXChunk-25-4-50-1337-3
20/09/22 00:38:01
20/09/22 00:38:01
/home/pi/reginaldojunior/experimentos/socket/loop-fusion/covtypeNorm-OzaBag-25-1-1-284-1
20/09/22 00:40:08
20/09/22 00:40:08
/home/pi/reginaldojunior/experimentos/socket/loop-fusion/covtypeNorm-OzaBagExecutorMAXChunk-25-4-50-271-2
20/09/22 00:42:15
20/09/22 00:42:15
/home/pi/reginaldojunior/experimentos/socket/loop-fusion/covtypeNorm-OzaBagExecutorMAXChunk-25-4-50-2407-3
20/09/22 00:44:21
20/09/22 00:44:21
/home/pi/reginaldojunior/experimentos/socket/loop-fusion/airlines-AdaptiveRandomForestSequential-25-1-1-6-1
20/09/22 00:46:27
20/09/22 00:46:27
/home/pi/reginaldojunior/experimentos/socket/loop-fusion/airlines-AdaptiveRandomForestExecutorMAXChunk-25-4-50-14-2
20/09/22 00:48:32
20/09/22 00:48:32
/home/pi/reginaldojunior/experimentos/socket/loop-fusion/airlines-AdaptiveRandomForestExecutorMAXChunk-25-4-50-22-3
20/09/22 00:50:37
20/09/22 00:50:37
/home/pi/reginaldojunior/experimentos/socket/loop-fusion/airlines-AdaptiveRandomForestSequential-25-1-1-32-1
20/09/22 00:52:43
20/09/22 00:52:43
/home/pi/reginaldojunior/experimentos/socket/loop-fusion/airlines-AdaptiveRandomForestExecutorMAXChunk-25-4-50-72-2
20/09/22 00:54:48
20/09/22 00:54:48
/home/pi/reginaldojunior/experimentos/socket/loop-fusion/airlines-AdaptiveRandomForestExecutorMAXChunk-25-4-50-110-3
20/09/22 00:56:54
20/09/22 00:56:54
/home/pi/reginaldojunior/experimentos/socket/loop-fusion/airlines-AdaptiveRandomForestSequential-25-1-1-58-1
20/09/22 00:59:00
20/09/22 00:59:00
/home/pi/reginaldojunior/experimentos/socket/loop-fusion/airlines-AdaptiveRandomForestExecutorMAXChunk-25-4-50-130-2
20/09/22 01:01:06
20/09/22 01:01:06
/home/pi/reginaldojunior/experimentos/socket/loop-fusion/airlines-AdaptiveRandomForestExecutorMAXChunk-25-4-50-198-3
20/09/22 01:03:14
20/09/22 01:03:14
/home/pi/reginaldojunior/experimentos/socket/loop-fusion/airlines-LeveragingBag-25-1-1-23-1
20/09/22 01:11:42
20/09/22 01:11:42
/home/pi/reginaldojunior/experimentos/socket/loop-fusion/airlines-LBagExecutorMAXChunk-25-4-50-66-2
20/09/22 01:13:49
20/09/22 01:13:49
/home/pi/reginaldojunior/experimentos/socket/loop-fusion/airlines-LBagExecutorMAXChunk-25-4-50-107-3
20/09/22 01:15:59
20/09/22 01:15:59
/home/pi/reginaldojunior/experimentos/socket/loop-fusion/airlines-LeveragingBag-25-1-1-41-1
20/09/22 01:18:07
20/09/22 01:18:07
/home/pi/reginaldojunior/experimentos/socket/loop-fusion/airlines-LBagExecutorMAXChunk-25-4-50-118-2
20/09/22 01:20:16
20/09/22 01:20:16
/home/pi/reginaldojunior/experimentos/socket/loop-fusion/airlines-LBagExecutorMAXChunk-25-4-50-192-3
20/09/22 01:22:25
20/09/22 01:22:25
/home/pi/reginaldojunior/experimentos/socket/loop-fusion/airlines-StreamingRandomPatches-25-1-1-6-1
20/09/22 01:24:31
20/09/22 01:24:31
/home/pi/reginaldojunior/experimentos/socket/loop-fusion/airlines-StreamingRandomPatchesExecutorMAXChunk-25-4-50-14-2
20/09/22 01:26:37
20/09/22 01:26:37
/home/pi/reginaldojunior/experimentos/socket/loop-fusion/airlines-StreamingRandomPatchesExecutorMAXChunk-25-4-50-23-3
20/09/22 01:28:43
20/09/22 01:28:43
/home/pi/reginaldojunior/experimentos/socket/loop-fusion/airlines-StreamingRandomPatches-25-1-1-34-1
20/09/22 01:30:49
20/09/22 01:30:49
/home/pi/reginaldojunior/experimentos/socket/loop-fusion/airlines-StreamingRandomPatchesExecutorMAXChunk-25-4-50-73-2
20/09/22 01:32:55
20/09/22 01:32:55
/home/pi/reginaldojunior/experimentos/socket/loop-fusion/airlines-StreamingRandomPatchesExecutorMAXChunk-25-4-50-119-3
20/09/22 01:35:02
20/09/22 01:35:02
/home/pi/reginaldojunior/experimentos/socket/loop-fusion/airlines-StreamingRandomPatches-25-1-1-62-1
20/09/22 01:37:07
20/09/22 01:37:07
/home/pi/reginaldojunior/experimentos/socket/loop-fusion/airlines-StreamingRandomPatchesExecutorMAXChunk-25-4-50-132-2
20/09/22 01:39:12
20/09/22 01:39:12
/home/pi/reginaldojunior/experimentos/socket/loop-fusion/airlines-StreamingRandomPatchesExecutorMAXChunk-25-4-50-215-3
20/09/22 01:41:17
20/09/22 01:41:17
/home/pi/reginaldojunior/experimentos/socket/loop-fusion/airlines-OzaBagAdwin-25-1-1-16-1
20/09/22 01:43:25
20/09/22 01:43:25
/home/pi/reginaldojunior/experimentos/socket/loop-fusion/airlines-OzaBagAdwinExecutorMAXChunk-25-4-50-44-2
20/09/22 01:45:32
20/09/22 01:45:32
/home/pi/reginaldojunior/experimentos/socket/loop-fusion/airlines-OzaBagAdwinExecutorMAXChunk-25-4-50-68-3
20/09/22 01:47:39
20/09/22 01:47:39
/home/pi/reginaldojunior/experimentos/socket/loop-fusion/airlines-OzaBagAdwin-25-1-1-84-1
20/09/22 01:49:46
20/09/22 01:49:46
/home/pi/reginaldojunior/experimentos/socket/loop-fusion/airlines-OzaBagAdwinExecutorMAXChunk-25-4-50-221-2
20/09/22 01:51:52
20/09/22 01:51:52
/home/pi/reginaldojunior/experimentos/socket/loop-fusion/airlines-OzaBagAdwinExecutorMAXChunk-25-4-50-341-3
20/09/22 01:53:59
20/09/22 01:53:59
/home/pi/reginaldojunior/experimentos/socket/loop-fusion/airlines-OzaBagAdwin-25-1-1-152-1
20/09/22 01:56:06
20/09/22 01:56:06
/home/pi/reginaldojunior/experimentos/socket/loop-fusion/airlines-OzaBagAdwinExecutorMAXChunk-25-4-50-398-2
20/09/22 01:58:13
20/09/22 01:58:13
/home/pi/reginaldojunior/experimentos/socket/loop-fusion/airlines-OzaBagAdwinExecutorMAXChunk-25-4-50-614-3
20/09/22 02:00:19
20/09/22 02:00:19
/home/pi/reginaldojunior/experimentos/socket/loop-fusion/airlines-OzaBagASHT-25-1-1-18-1
20/09/22 02:02:27
20/09/22 02:02:27
/home/pi/reginaldojunior/experimentos/socket/loop-fusion/airlines-OzaBagASHTExecutorMAXChunk-25-4-50-39-2
20/09/22 02:04:34
20/09/22 02:04:34
/home/pi/reginaldojunior/experimentos/socket/loop-fusion/airlines-OzaBagASHTExecutorMAXChunk-25-4-50-379-3
20/09/22 02:06:41
20/09/22 02:06:41
/home/pi/reginaldojunior/experimentos/socket/loop-fusion/airlines-OzaBagASHT-25-1-1-91-1
20/09/22 02:08:48
20/09/22 02:08:48
/home/pi/reginaldojunior/experimentos/socket/loop-fusion/airlines-OzaBagASHTExecutorMAXChunk-25-4-50-196-2
20/09/22 02:10:55
20/09/22 02:10:55
/home/pi/reginaldojunior/experimentos/socket/loop-fusion/airlines-OzaBagASHTExecutorMAXChunk-25-4-50-1899-3
20/09/22 02:13:02
20/09/22 02:13:02
/home/pi/reginaldojunior/experimentos/socket/loop-fusion/airlines-OzaBagASHT-25-1-1-165-1
20/09/22 02:15:10
20/09/22 02:15:10
/home/pi/reginaldojunior/experimentos/socket/loop-fusion/airlines-OzaBagASHTExecutorMAXChunk-25-4-50-353-2
20/09/22 02:17:18
20/09/22 02:17:18
/home/pi/reginaldojunior/experimentos/socket/loop-fusion/airlines-OzaBagASHTExecutorMAXChunk-25-4-50-3419-3
20/09/22 02:19:25
20/09/22 02:19:25
/home/pi/reginaldojunior/experimentos/socket/loop-fusion/airlines-OzaBag-25-1-1-17-1
20/09/22 02:21:33
20/09/22 02:21:33
/home/pi/reginaldojunior/experimentos/socket/loop-fusion/airlines-OzaBagExecutorMAXChunk-25-4-50-35-2
20/09/22 02:23:39
20/09/22 02:23:39
/home/pi/reginaldojunior/experimentos/socket/loop-fusion/airlines-OzaBagExecutorMAXChunk-25-4-50-502-3
20/09/22 02:25:46
20/09/22 02:25:46
/home/pi/reginaldojunior/experimentos/socket/loop-fusion/airlines-OzaBag-25-1-1-85-1
20/09/22 02:27:54
20/09/22 02:27:55
/home/pi/reginaldojunior/experimentos/socket/loop-fusion/airlines-OzaBagExecutorMAXChunk-25-4-50-178-2
20/09/22 02:30:01
20/09/22 02:30:01
/home/pi/reginaldojunior/experimentos/socket/loop-fusion/airlines-OzaBagExecutorMAXChunk-25-4-50-2513-3
20/09/22 02:32:08
20/09/22 02:32:08
/home/pi/reginaldojunior/experimentos/socket/loop-fusion/airlines-OzaBag-25-1-1-154-1
20/09/22 02:34:15
20/09/22 02:34:15
/home/pi/reginaldojunior/experimentos/socket/loop-fusion/airlines-OzaBagExecutorMAXChunk-25-4-50-321-2
20/09/22 02:36:23
20/09/22 02:36:23
/home/pi/reginaldojunior/experimentos/socket/loop-fusion/airlines-OzaBagExecutorMAXChunk-25-4-50-4525-3
20/09/22 02:38:30
20/09/22 02:38:30
/home/pi/reginaldojunior/experimentos/socket/loop-fusion/elecNormNew-AdaptiveRandomForestSequential-25-1-1-31-1
20/09/22 02:40:37
20/09/22 02:40:37
/home/pi/reginaldojunior/experimentos/socket/loop-fusion/elecNormNew-AdaptiveRandomForestExecutorMAXChunk-25-4-50-79-2
20/09/22 02:42:41
20/09/22 02:42:41
/home/pi/reginaldojunior/experimentos/socket/loop-fusion/elecNormNew-AdaptiveRandomForestExecutorMAXChunk-25-4-50-91-3
20/09/22 02:44:46
20/09/22 02:44:46
/home/pi/reginaldojunior/experimentos/socket/loop-fusion/elecNormNew-AdaptiveRandomForestSequential-25-1-1-158-1
20/09/22 02:46:52
20/09/22 02:46:52
/home/pi/reginaldojunior/experimentos/socket/loop-fusion/elecNormNew-AdaptiveRandomForestExecutorMAXChunk-25-4-50-397-2
20/09/22 02:48:52
20/09/22 02:48:52
/home/pi/reginaldojunior/experimentos/socket/loop-fusion/elecNormNew-AdaptiveRandomForestExecutorMAXChunk-25-4-50-459-3
20/09/22 02:50:37
20/09/22 02:50:37
/home/pi/reginaldojunior/experimentos/socket/loop-fusion/elecNormNew-AdaptiveRandomForestSequential-25-1-1-284-1
20/09/22 02:52:42
20/09/22 02:52:42
/home/pi/reginaldojunior/experimentos/socket/loop-fusion/elecNormNew-AdaptiveRandomForestExecutorMAXChunk-25-4-50-715-2
20/09/22 02:53:51
20/09/22 02:53:51
/home/pi/reginaldojunior/experimentos/socket/loop-fusion/elecNormNew-AdaptiveRandomForestExecutorMAXChunk-25-4-50-827-3
20/09/22 02:54:52
20/09/22 02:54:52
/home/pi/reginaldojunior/experimentos/socket/loop-fusion/elecNormNew-LeveragingBag-25-1-1-50-1
20/09/22 02:56:59
20/09/22 02:56:59
/home/pi/reginaldojunior/experimentos/socket/loop-fusion/elecNormNew-LBagExecutorMAXChunk-25-4-50-120-2
20/09/22 02:59:06
20/09/22 02:59:06
/home/pi/reginaldojunior/experimentos/socket/loop-fusion/elecNormNew-LBagExecutorMAXChunk-25-4-50-131-3
20/09/22 03:01:12
20/09/22 03:01:12
/home/pi/reginaldojunior/experimentos/socket/loop-fusion/elecNormNew-LeveragingBag-25-1-1-254-1
20/09/22 03:03:21
20/09/22 03:03:21
/home/pi/reginaldojunior/experimentos/socket/loop-fusion/elecNormNew-LBagExecutorMAXChunk-25-4-50-600-2
20/09/22 03:04:42
20/09/22 03:04:42
/home/pi/reginaldojunior/experimentos/socket/loop-fusion/elecNormNew-LBagExecutorMAXChunk-25-4-50-658-3
20/09/22 03:05:58
20/09/22 03:05:58
/home/pi/reginaldojunior/experimentos/socket/loop-fusion/elecNormNew-LeveragingBag-25-1-1-457-1
20/09/22 03:07:46
20/09/22 03:07:46
/home/pi/reginaldojunior/experimentos/socket/loop-fusion/elecNormNew-LBagExecutorMAXChunk-25-4-50-1080-2
20/09/22 03:08:35
20/09/22 03:08:35
/home/pi/reginaldojunior/experimentos/socket/loop-fusion/elecNormNew-LBagExecutorMAXChunk-25-4-50-1184-3
20/09/22 03:09:20
20/09/22 03:09:20
/home/pi/reginaldojunior/experimentos/socket/loop-fusion/elecNormNew-StreamingRandomPatches-25-1-1-16-1
20/09/22 03:11:26
20/09/22 03:11:26
/home/pi/reginaldojunior/experimentos/socket/loop-fusion/elecNormNew-StreamingRandomPatchesExecutorMAXChunk-25-4-50-39-2
20/09/22 03:13:31
20/09/22 03:13:31
/home/pi/reginaldojunior/experimentos/socket/loop-fusion/elecNormNew-StreamingRandomPatchesExecutorMAXChunk-25-4-50-48-3
20/09/22 03:15:36
20/09/22 03:15:36
/home/pi/reginaldojunior/experimentos/socket/loop-fusion/elecNormNew-StreamingRandomPatches-25-1-1-82-1
20/09/22 03:17:42
20/09/22 03:17:42
/home/pi/reginaldojunior/experimentos/socket/loop-fusion/elecNormNew-StreamingRandomPatchesExecutorMAXChunk-25-4-50-197-2
20/09/22 03:19:47
20/09/22 03:19:47
/home/pi/reginaldojunior/experimentos/socket/loop-fusion/elecNormNew-StreamingRandomPatchesExecutorMAXChunk-25-4-50-244-3
20/09/22 03:21:52
20/09/22 03:21:52
/home/pi/reginaldojunior/experimentos/socket/loop-fusion/elecNormNew-StreamingRandomPatches-25-1-1-147-1
20/09/22 03:23:58
20/09/22 03:23:58
/home/pi/reginaldojunior/experimentos/socket/loop-fusion/elecNormNew-StreamingRandomPatchesExecutorMAXChunk-25-4-50-355-2
20/09/22 03:26:04
20/09/22 03:26:04
/home/pi/reginaldojunior/experimentos/socket/loop-fusion/elecNormNew-StreamingRandomPatchesExecutorMAXChunk-25-4-50-440-3
20/09/22 03:28:04
20/09/22 03:28:04
/home/pi/reginaldojunior/experimentos/socket/loop-fusion/elecNormNew-OzaBagAdwin-25-1-1-116-1
20/09/22 03:30:11
20/09/22 03:30:11
/home/pi/reginaldojunior/experimentos/socket/loop-fusion/elecNormNew-OzaBagAdwinExecutorMAXChunk-25-4-50-215-2
20/09/22 03:32:18
20/09/22 03:32:18
/home/pi/reginaldojunior/experimentos/socket/loop-fusion/elecNormNew-OzaBagAdwinExecutorMAXChunk-25-4-50-252-3
20/09/22 03:34:25
20/09/22 03:34:25
/home/pi/reginaldojunior/experimentos/socket/loop-fusion/elecNormNew-OzaBagAdwin-25-1-1-584-1
20/09/22 03:35:51
20/09/22 03:35:51
/home/pi/reginaldojunior/experimentos/socket/loop-fusion/elecNormNew-OzaBagAdwinExecutorMAXChunk-25-4-50-1077-2
20/09/22 03:36:40
20/09/22 03:36:40
/home/pi/reginaldojunior/experimentos/socket/loop-fusion/elecNormNew-OzaBagAdwinExecutorMAXChunk-25-4-50-1261-3
20/09/22 03:37:22
20/09/22 03:37:22
/home/pi/reginaldojunior/experimentos/socket/loop-fusion/elecNormNew-OzaBagAdwin-25-1-1-1051-1
20/09/22 03:38:20
20/09/22 03:38:20
/home/pi/reginaldojunior/experimentos/socket/loop-fusion/elecNormNew-OzaBagAdwinExecutorMAXChunk-25-4-50-1940-2
20/09/22 03:38:49
20/09/22 03:38:49
/home/pi/reginaldojunior/experimentos/socket/loop-fusion/elecNormNew-OzaBagAdwinExecutorMAXChunk-25-4-50-2270-3
20/09/22 03:39:16
20/09/22 03:39:16
/home/pi/reginaldojunior/experimentos/socket/loop-fusion/elecNormNew-OzaBagASHT-25-1-1-144-1
20/09/22 03:41:23
20/09/22 03:41:23
/home/pi/reginaldojunior/experimentos/socket/loop-fusion/elecNormNew-OzaBagASHTExecutorMAXChunk-25-4-50-261-2
20/09/22 03:43:30
20/09/22 03:43:30
/home/pi/reginaldojunior/experimentos/socket/loop-fusion/elecNormNew-OzaBagASHTExecutorMAXChunk-25-4-50-414-3
20/09/22 03:45:27
20/09/22 03:45:27
/home/pi/reginaldojunior/experimentos/socket/loop-fusion/elecNormNew-OzaBagASHT-25-1-1-723-1
20/09/22 03:46:38
20/09/22 03:46:38
/home/pi/reginaldojunior/experimentos/socket/loop-fusion/elecNormNew-OzaBagASHTExecutorMAXChunk-25-4-50-1307-2
20/09/22 03:47:20
20/09/22 03:47:20
/home/pi/reginaldojunior/experimentos/socket/loop-fusion/elecNormNew-OzaBagASHTExecutorMAXChunk-25-4-50-2070-3
20/09/22 03:47:49
20/09/22 03:47:49
/home/pi/reginaldojunior/experimentos/socket/loop-fusion/elecNormNew-OzaBagASHT-25-1-1-1301-1
20/09/22 03:48:40
20/09/22 03:48:40
/home/pi/reginaldojunior/experimentos/socket/loop-fusion/elecNormNew-OzaBagASHTExecutorMAXChunk-25-4-50-2354-2
20/09/22 03:49:07
20/09/22 03:49:07
/home/pi/reginaldojunior/experimentos/socket/loop-fusion/elecNormNew-OzaBagASHTExecutorMAXChunk-25-4-50-3727-3
20/09/22 03:49:26
20/09/22 03:49:26
/home/pi/reginaldojunior/experimentos/socket/loop-fusion/elecNormNew-OzaBag-25-1-1-155-1
20/09/22 03:51:34
20/09/22 03:51:34
/home/pi/reginaldojunior/experimentos/socket/loop-fusion/elecNormNew-OzaBagExecutorMAXChunk-25-4-50-255-2
20/09/22 03:53:41
20/09/22 03:53:41
/home/pi/reginaldojunior/experimentos/socket/loop-fusion/elecNormNew-OzaBagExecutorMAXChunk-25-4-50-416-3
20/09/22 03:55:37
20/09/22 03:55:37
/home/pi/reginaldojunior/experimentos/socket/loop-fusion/elecNormNew-OzaBag-25-1-1-775-1
20/09/22 03:56:43
20/09/22 03:56:43
/home/pi/reginaldojunior/experimentos/socket/loop-fusion/elecNormNew-OzaBagExecutorMAXChunk-25-4-50-1276-2
20/09/22 03:57:25
20/09/22 03:57:25
/home/pi/reginaldojunior/experimentos/socket/loop-fusion/elecNormNew-OzaBagExecutorMAXChunk-25-4-50-2081-3
20/09/22 03:57:54
20/09/22 03:57:54
/home/pi/reginaldojunior/experimentos/socket/loop-fusion/elecNormNew-OzaBag-25-1-1-1395-1
20/09/22 03:58:41
20/09/22 03:58:41
/home/pi/reginaldojunior/experimentos/socket/loop-fusion/elecNormNew-OzaBagExecutorMAXChunk-25-4-50-2296-2
20/09/22 03:59:08
20/09/22 03:59:08
/home/pi/reginaldojunior/experimentos/socket/loop-fusion/elecNormNew-OzaBagExecutorMAXChunk-25-4-50-3745-3
20/09/22 03:59:26
20/09/22 03:59:26
/home/pi/reginaldojunior/experimentos/socket/loop-fusion/GMSC-AdaptiveRandomForestSequential-25-1-1-52-1
20/09/22 04:01:32
20/09/22 04:01:32
/home/pi/reginaldojunior/experimentos/socket/loop-fusion/GMSC-AdaptiveRandomForestExecutorMAXChunk-25-4-50-116-2
20/09/22 04:03:36
20/09/22 04:03:36
/home/pi/reginaldojunior/experimentos/socket/loop-fusion/GMSC-AdaptiveRandomForestExecutorMAXChunk-25-4-50-169-3
20/09/22 04:05:41
20/09/22 04:05:41
/home/pi/reginaldojunior/experimentos/socket/loop-fusion/GMSC-AdaptiveRandomForestSequential-25-1-1-262-1
20/09/22 04:07:47
20/09/22 04:07:47
/home/pi/reginaldojunior/experimentos/socket/loop-fusion/GMSC-AdaptiveRandomForestExecutorMAXChunk-25-4-50-584-2
20/09/22 04:09:53
20/09/22 04:09:53
/home/pi/reginaldojunior/experimentos/socket/loop-fusion/GMSC-AdaptiveRandomForestExecutorMAXChunk-25-4-50-849-3
20/09/22 04:11:59
20/09/22 04:11:59
/home/pi/reginaldojunior/experimentos/socket/loop-fusion/GMSC-AdaptiveRandomForestSequential-25-1-1-473-1
20/09/22 04:14:04
20/09/22 04:14:04
/home/pi/reginaldojunior/experimentos/socket/loop-fusion/GMSC-AdaptiveRandomForestExecutorMAXChunk-25-4-50-1052-2
20/09/22 04:16:10
20/09/22 04:16:10
/home/pi/reginaldojunior/experimentos/socket/loop-fusion/GMSC-AdaptiveRandomForestExecutorMAXChunk-25-4-50-1529-3
20/09/22 04:17:54
20/09/22 04:17:54
/home/pi/reginaldojunior/experimentos/socket/loop-fusion/GMSC-LeveragingBag-25-1-1-71-1
20/09/22 04:20:01
20/09/22 04:20:01
/home/pi/reginaldojunior/experimentos/socket/loop-fusion/GMSC-LBagExecutorMAXChunk-25-4-50-163-2
20/09/22 04:22:08
20/09/22 04:22:08
/home/pi/reginaldojunior/experimentos/socket/loop-fusion/GMSC-LBagExecutorMAXChunk-25-4-50-203-3
20/09/22 04:24:15
20/09/22 04:24:15
/home/pi/reginaldojunior/experimentos/socket/loop-fusion/GMSC-LeveragingBag-25-1-1-356-1
20/09/22 04:26:23
20/09/22 04:26:23
/home/pi/reginaldojunior/experimentos/socket/loop-fusion/GMSC-LBagExecutorMAXChunk-25-4-50-818-2
20/09/22 04:28:29
20/09/22 04:28:29
/home/pi/reginaldojunior/experimentos/socket/loop-fusion/GMSC-LBagExecutorMAXChunk-25-4-50-1018-3
20/09/22 04:30:35
20/09/22 04:30:35
/home/pi/reginaldojunior/experimentos/socket/loop-fusion/GMSC-LeveragingBag-25-1-1-641-1
20/09/22 04:32:42
20/09/22 04:32:42
/home/pi/reginaldojunior/experimentos/socket/loop-fusion/GMSC-LBagExecutorMAXChunk-25-4-50-1474-2
20/09/22 04:34:31
20/09/22 04:34:31
/home/pi/reginaldojunior/experimentos/socket/loop-fusion/GMSC-LBagExecutorMAXChunk-25-4-50-1833-3
20/09/22 04:36:00
20/09/22 04:36:00
/home/pi/reginaldojunior/experimentos/socket/loop-fusion/GMSC-StreamingRandomPatches-25-1-1-29-1
20/09/22 04:38:05
20/09/22 04:38:05
/home/pi/reginaldojunior/experimentos/socket/loop-fusion/GMSC-StreamingRandomPatchesExecutorMAXChunk-25-4-50-63-2
20/09/22 04:40:10
20/09/22 04:40:10
/home/pi/reginaldojunior/experimentos/socket/loop-fusion/GMSC-StreamingRandomPatchesExecutorMAXChunk-25-4-50-95-3
20/09/22 04:42:15
20/09/22 04:42:15
/home/pi/reginaldojunior/experimentos/socket/loop-fusion/GMSC-StreamingRandomPatches-25-1-1-149-1
20/09/22 04:44:20
20/09/22 04:44:20
/home/pi/reginaldojunior/experimentos/socket/loop-fusion/GMSC-StreamingRandomPatchesExecutorMAXChunk-25-4-50-319-2
20/09/22 04:46:26
20/09/22 04:46:26
/home/pi/reginaldojunior/experimentos/socket/loop-fusion/GMSC-StreamingRandomPatchesExecutorMAXChunk-25-4-50-479-3
20/09/22 04:48:31
20/09/22 04:48:31
/home/pi/reginaldojunior/experimentos/socket/loop-fusion/GMSC-StreamingRandomPatches-25-1-1-269-1
20/09/22 04:50:37
20/09/22 04:50:37
/home/pi/reginaldojunior/experimentos/socket/loop-fusion/GMSC-StreamingRandomPatchesExecutorMAXChunk-25-4-50-575-2
20/09/22 04:52:42
20/09/22 04:52:42
/home/pi/reginaldojunior/experimentos/socket/loop-fusion/GMSC-StreamingRandomPatchesExecutorMAXChunk-25-4-50-862-3
20/09/22 04:54:47
20/09/22 04:54:47
/home/pi/reginaldojunior/experimentos/socket/loop-fusion/GMSC-OzaBagAdwin-25-1-1-170-1
20/09/22 04:56:55
20/09/22 04:56:55
/home/pi/reginaldojunior/experimentos/socket/loop-fusion/GMSC-OzaBagAdwinExecutorMAXChunk-25-4-50-353-2
20/09/22 04:59:02
20/09/22 04:59:02
/home/pi/reginaldojunior/experimentos/socket/loop-fusion/GMSC-OzaBagAdwinExecutorMAXChunk-25-4-50-402-3
20/09/22 05:01:09
20/09/22 05:01:09
/home/pi/reginaldojunior/experimentos/socket/loop-fusion/GMSC-OzaBagAdwin-25-1-1-854-1
20/09/22 05:03:16
20/09/22 05:03:16
/home/pi/reginaldojunior/experimentos/socket/loop-fusion/GMSC-OzaBagAdwinExecutorMAXChunk-25-4-50-1766-2
20/09/22 05:04:48
20/09/22 05:04:48
/home/pi/reginaldojunior/experimentos/socket/loop-fusion/GMSC-OzaBagAdwinExecutorMAXChunk-25-4-50-2013-3
20/09/22 05:06:09
20/09/22 05:06:09
/home/pi/reginaldojunior/experimentos/socket/loop-fusion/GMSC-OzaBagAdwin-25-1-1-1538-1
20/09/22 05:07:59
20/09/22 05:08:00
/home/pi/reginaldojunior/experimentos/socket/loop-fusion/GMSC-OzaBagAdwinExecutorMAXChunk-25-4-50-3179-2
20/09/22 05:08:53
20/09/22 05:08:53
/home/pi/reginaldojunior/experimentos/socket/loop-fusion/GMSC-OzaBagAdwinExecutorMAXChunk-25-4-50-3625-3
20/09/22 05:09:41
20/09/22 05:09:41
/home/pi/reginaldojunior/experimentos/socket/loop-fusion/GMSC-OzaBagASHT-25-1-1-223-1
20/09/22 05:11:48
20/09/22 05:11:48
/home/pi/reginaldojunior/experimentos/socket/loop-fusion/GMSC-OzaBagASHTExecutorMAXChunk-25-4-50-368-2
20/09/22 05:13:55
20/09/22 05:13:55
/home/pi/reginaldojunior/experimentos/socket/loop-fusion/GMSC-OzaBagASHTExecutorMAXChunk-25-4-50-728-3
20/09/22 05:16:01
20/09/22 05:16:01
/home/pi/reginaldojunior/experimentos/socket/loop-fusion/GMSC-OzaBagASHT-25-1-1-1115-1
20/09/22 05:18:09
20/09/22 05:18:09
/home/pi/reginaldojunior/experimentos/socket/loop-fusion/GMSC-OzaBagASHTExecutorMAXChunk-25-4-50-1843-2
20/09/22 05:19:37
20/09/22 05:19:37
/home/pi/reginaldojunior/experimentos/socket/loop-fusion/GMSC-OzaBagASHTExecutorMAXChunk-25-4-50-3642-3
20/09/22 05:20:25
20/09/22 05:20:25
/home/pi/reginaldojunior/experimentos/socket/loop-fusion/GMSC-OzaBagASHT-25-1-1-2008-1
20/09/22 05:21:53
20/09/22 05:21:53
/home/pi/reginaldojunior/experimentos/socket/loop-fusion/GMSC-OzaBagASHTExecutorMAXChunk-25-4-50-3318-2
20/09/22 05:22:45
20/09/22 05:22:45
/home/pi/reginaldojunior/experimentos/socket/loop-fusion/GMSC-OzaBagASHTExecutorMAXChunk-25-4-50-6556-3
20/09/22 05:23:16
20/09/22 05:23:16
/home/pi/reginaldojunior/experimentos/socket/loop-fusion/GMSC-OzaBag-25-1-1-225-1
20/09/22 05:25:23
20/09/22 05:25:23
/home/pi/reginaldojunior/experimentos/socket/loop-fusion/GMSC-OzaBagExecutorMAXChunk-25-4-50-368-2
20/09/22 05:27:30
20/09/22 05:27:30
/home/pi/reginaldojunior/experimentos/socket/loop-fusion/GMSC-OzaBagExecutorMAXChunk-25-4-50-699-3
20/09/22 05:29:36
20/09/22 05:29:36
/home/pi/reginaldojunior/experimentos/socket/loop-fusion/GMSC-OzaBag-25-1-1-1127-1
20/09/22 05:31:44
20/09/22 05:31:44
/home/pi/reginaldojunior/experimentos/socket/loop-fusion/GMSC-OzaBagExecutorMAXChunk-25-4-50-1843-2
20/09/22 05:33:11
20/09/22 05:33:11
/home/pi/reginaldojunior/experimentos/socket/loop-fusion/GMSC-OzaBagExecutorMAXChunk-25-4-50-3495-3
20/09/22 05:34:01
20/09/22 05:34:01
/home/pi/reginaldojunior/experimentos/socket/loop-fusion/GMSC-OzaBag-25-1-1-2028-1
20/09/22 05:35:28
20/09/22 05:35:28
/home/pi/reginaldojunior/experimentos/socket/loop-fusion/GMSC-OzaBagExecutorMAXChunk-25-4-50-3318-2
20/09/22 05:36:20
20/09/22 05:36:20
/home/pi/reginaldojunior/experimentos/socket/loop-fusion/GMSC-OzaBagExecutorMAXChunk-25-4-50-6291-3
20/09/22 05:36:51
20/09/22 05:36:51
20/09/22 20:15:50
/home/pi/reginaldojunior/experimentos/socket/loop-fusion/airlines-LeveragingBag-25-1-1-5-1
20/09/22 20:17:58
20/09/22 20:17:58
/home/pi/reginaldojunior/experimentos/socket/loop-fusion/airlines-LBagExecutorMAXChunk-25-4-50-13-2
20/09/22 20:20:04
20/09/22 20:20:04
/home/pi/reginaldojunior/experimentos/socket/loop-fusion/airlines-LBagExecutorMAXChunk-25-4-50-21-3
20/09/22 20:22:11
20/09/22 20:22:11
