22/03/22 13:55:04
22/03/22 13:58:29
/home/pi/reginaldojunior/experimentos/results/socket/2/600/600/elecNormNew-AdaptiveRandomForestSequential-25-1-1-20
22/03/22 14:00:36
22/03/22 14:00:36
/home/pi/reginaldojunior/experimentos/results/socket/2/600/600/elecNormNew-AdaptiveRandomForestExecutorRUNPER-25-2-1-20
22/03/22 14:02:43
22/03/22 14:02:43
/home/pi/reginaldojunior/experimentos/results/socket/2/600/600/elecNormNew-AdaptiveRandomForestSequential-25-1-1-102
22/03/22 14:04:49
22/03/22 14:04:49
/home/pi/reginaldojunior/experimentos/results/socket/2/600/600/elecNormNew-AdaptiveRandomForestExecutorRUNPER-25-2-1-102
22/03/22 14:06:55
22/03/22 14:06:55
/home/pi/reginaldojunior/experimentos/results/socket/2/600/600/elecNormNew-AdaptiveRandomForestSequential-25-1-1-184
22/03/22 14:09:02
22/03/22 14:09:02
/home/pi/reginaldojunior/experimentos/results/socket/2/600/600/elecNormNew-AdaptiveRandomForestExecutorRUNPER-25-2-1-184
22/03/22 14:11:08
22/03/22 14:11:08
/home/pi/reginaldojunior/experimentos/results/socket/2/600/600/elecNormNew-LeveragingBag-25-1-1-30
22/03/22 14:13:17
22/03/22 14:13:17
/home/pi/reginaldojunior/experimentos/results/socket/2/600/600/elecNormNew-LBagExecutorRUNPER-25-2-1-30
22/03/22 14:15:26
22/03/22 14:15:26
/home/pi/reginaldojunior/experimentos/results/socket/2/600/600/elecNormNew-LeveragingBag-25-1-1-153
22/03/22 14:17:34
22/03/22 14:17:34
/home/pi/reginaldojunior/experimentos/results/socket/2/600/600/elecNormNew-LBagExecutorRUNPER-25-2-1-153
22/03/22 14:19:43
22/03/22 14:19:43
/home/pi/reginaldojunior/experimentos/results/socket/2/600/600/elecNormNew-LeveragingBag-25-1-1-276
22/03/22 14:21:52
22/03/22 14:21:52
/home/pi/reginaldojunior/experimentos/results/socket/2/600/600/elecNormNew-LBagExecutorRUNPER-25-2-1-276
22/03/22 14:24:01
22/03/22 14:24:02
/home/pi/reginaldojunior/experimentos/results/socket/2/600/600/elecNormNew-StreamingRandomPatches-25-1-1-10
22/03/22 14:26:08
22/03/22 14:26:08
/home/pi/reginaldojunior/experimentos/results/socket/2/600/600/elecNormNew-StreamingRandomPatchesExecutorRUNPER-25-2-1-10
22/03/22 14:28:14
22/03/22 14:28:14
/home/pi/reginaldojunior/experimentos/results/socket/2/600/600/elecNormNew-StreamingRandomPatches-25-1-1-54
22/03/22 14:30:20
22/03/22 14:30:20
/home/pi/reginaldojunior/experimentos/results/socket/2/600/600/elecNormNew-StreamingRandomPatchesExecutorRUNPER-25-2-1-54
22/03/22 14:32:26
22/03/22 14:32:26
/home/pi/reginaldojunior/experimentos/results/socket/2/600/600/elecNormNew-StreamingRandomPatches-25-1-1-97
22/03/22 14:34:33
22/03/22 14:34:33
/home/pi/reginaldojunior/experimentos/results/socket/2/600/600/elecNormNew-StreamingRandomPatchesExecutorRUNPER-25-2-1-97
22/03/22 14:36:40
22/03/22 14:36:40
/home/pi/reginaldojunior/experimentos/results/socket/2/600/600/elecNormNew-OzaBagAdwin-25-1-1-49
22/03/22 14:38:49
22/03/22 14:38:49
/home/pi/reginaldojunior/experimentos/results/socket/2/600/600/elecNormNew-OzaBagAdwinExecutorRUNPER-25-2-1-49
22/03/22 14:40:58
22/03/22 14:40:58
/home/pi/reginaldojunior/experimentos/results/socket/2/600/600/elecNormNew-OzaBagAdwin-25-1-1-247
22/03/22 14:43:07
22/03/22 14:43:07
/home/pi/reginaldojunior/experimentos/results/socket/2/600/600/elecNormNew-OzaBagAdwinExecutorRUNPER-25-2-1-247
22/03/22 14:45:16
22/03/22 14:45:16
/home/pi/reginaldojunior/experimentos/results/socket/2/600/600/elecNormNew-OzaBagAdwin-25-1-1-444
22/03/22 14:47:08
22/03/22 14:47:08
/home/pi/reginaldojunior/experimentos/results/socket/2/600/600/elecNormNew-OzaBagAdwinExecutorRUNPER-25-2-1-444
22/03/22 14:49:00
22/03/22 14:49:00
/home/pi/reginaldojunior/experimentos/results/socket/2/600/600/elecNormNew-OzaBagASHT-25-1-1-61
22/03/22 14:51:09
22/03/22 14:51:09
/home/pi/reginaldojunior/experimentos/results/socket/2/600/600/elecNormNew-OzaBagASHTExecutorRUNPER-25-2-1-61
22/03/22 14:53:18
22/03/22 14:53:18
/home/pi/reginaldojunior/experimentos/results/socket/2/600/600/elecNormNew-OzaBagASHT-25-1-1-309
22/03/22 14:55:27
22/03/22 14:55:27
/home/pi/reginaldojunior/experimentos/results/socket/2/600/600/elecNormNew-OzaBagASHTExecutorRUNPER-25-2-1-309
22/03/22 14:57:36
22/03/22 14:57:36
/home/pi/reginaldojunior/experimentos/results/socket/2/600/600/elecNormNew-OzaBagASHT-25-1-1-556
22/03/22 14:59:07
22/03/22 14:59:07
/home/pi/reginaldojunior/experimentos/results/socket/2/600/600/elecNormNew-OzaBagASHTExecutorRUNPER-25-2-1-556
22/03/22 15:00:38
22/03/22 15:00:38
/home/pi/reginaldojunior/experimentos/results/socket/2/600/600/elecNormNew-OzaBag-25-1-1-64
22/03/22 15:02:47
22/03/22 15:02:47
/home/pi/reginaldojunior/experimentos/results/socket/2/600/600/elecNormNew-OzaBagExecutorRUNPER-25-2-1-64
22/03/22 15:04:56
22/03/22 15:04:56
/home/pi/reginaldojunior/experimentos/results/socket/2/600/600/elecNormNew-OzaBag-25-1-1-320
22/03/22 15:07:05
22/03/22 15:07:05
/home/pi/reginaldojunior/experimentos/results/socket/2/600/600/elecNormNew-OzaBagExecutorRUNPER-25-2-1-320
22/03/22 15:09:14
22/03/22 15:09:14
/home/pi/reginaldojunior/experimentos/results/socket/2/600/600/elecNormNew-OzaBag-25-1-1-577
22/03/22 15:10:42
22/03/22 15:10:42
/home/pi/reginaldojunior/experimentos/results/socket/2/600/600/elecNormNew-OzaBagExecutorRUNPER-25-2-1-577
22/03/22 15:12:10
22/03/22 15:12:10
/home/pi/reginaldojunior/experimentos/results/socket/2/600/600/covtypeNorm-AdaptiveRandomForestSequential-25-1-1-16
22/03/22 15:14:17
22/03/22 15:14:17
/home/pi/reginaldojunior/experimentos/results/socket/2/600/600/covtypeNorm-AdaptiveRandomForestExecutorRUNPER-25-2-1-16
22/03/22 15:16:23
22/03/22 15:16:23
/home/pi/reginaldojunior/experimentos/results/socket/2/600/600/covtypeNorm-AdaptiveRandomForestSequential-25-1-1-84
22/03/22 15:18:29
22/03/22 15:18:29
/home/pi/reginaldojunior/experimentos/results/socket/2/600/600/covtypeNorm-AdaptiveRandomForestExecutorRUNPER-25-2-1-84
22/03/22 15:20:36
22/03/22 15:20:36
/home/pi/reginaldojunior/experimentos/results/socket/2/600/600/covtypeNorm-AdaptiveRandomForestSequential-25-1-1-152
22/03/22 15:22:42
22/03/22 15:22:42
/home/pi/reginaldojunior/experimentos/results/socket/2/600/600/covtypeNorm-AdaptiveRandomForestExecutorRUNPER-25-2-1-152
22/03/22 15:24:48
22/03/22 15:24:48
/home/pi/reginaldojunior/experimentos/results/socket/2/600/600/covtypeNorm-LeveragingBag-25-1-1-13
22/03/22 15:26:57
22/03/22 15:26:57
/home/pi/reginaldojunior/experimentos/results/socket/2/600/600/covtypeNorm-LBagExecutorRUNPER-25-2-1-13
22/03/22 15:29:06
22/03/22 15:29:06
/home/pi/reginaldojunior/experimentos/results/socket/2/600/600/covtypeNorm-LeveragingBag-25-1-1-65
22/03/22 15:31:15
22/03/22 15:31:15
/home/pi/reginaldojunior/experimentos/results/socket/2/600/600/covtypeNorm-LBagExecutorRUNPER-25-2-1-65
22/03/22 15:33:24
22/03/22 15:33:24
/home/pi/reginaldojunior/experimentos/results/socket/2/600/600/covtypeNorm-LeveragingBag-25-1-1-117
22/03/22 15:35:33
22/03/22 15:35:33
/home/pi/reginaldojunior/experimentos/results/socket/2/600/600/covtypeNorm-LBagExecutorRUNPER-25-2-1-117
22/03/22 15:37:43
22/03/22 15:37:43
/home/pi/reginaldojunior/experimentos/results/socket/2/600/600/covtypeNorm-StreamingRandomPatches-25-1-1-5
22/03/22 15:39:50
22/03/22 15:39:50
/home/pi/reginaldojunior/experimentos/results/socket/2/600/600/covtypeNorm-StreamingRandomPatchesExecutorRUNPER-25-2-1-5
22/03/22 15:41:56
22/03/22 15:41:56
/home/pi/reginaldojunior/experimentos/results/socket/2/600/600/covtypeNorm-StreamingRandomPatches-25-1-1-25
22/03/22 15:44:02
22/03/22 15:44:02
/home/pi/reginaldojunior/experimentos/results/socket/2/600/600/covtypeNorm-StreamingRandomPatchesExecutorRUNPER-25-2-1-25
22/03/22 15:46:08
22/03/22 15:46:08
/home/pi/reginaldojunior/experimentos/results/socket/2/600/600/covtypeNorm-StreamingRandomPatches-25-1-1-46
22/03/22 15:48:14
22/03/22 15:48:14
/home/pi/reginaldojunior/experimentos/results/socket/2/600/600/covtypeNorm-StreamingRandomPatchesExecutorRUNPER-25-2-1-46
22/03/22 15:50:21
22/03/22 15:50:21
/home/pi/reginaldojunior/experimentos/results/socket/2/600/600/covtypeNorm-OzaBagAdwin-25-1-1-16
22/03/22 15:52:30
22/03/22 15:52:30
/home/pi/reginaldojunior/experimentos/results/socket/2/600/600/covtypeNorm-OzaBagAdwinExecutorRUNPER-25-2-1-16
22/03/22 15:54:39
22/03/22 15:54:39
/home/pi/reginaldojunior/experimentos/results/socket/2/600/600/covtypeNorm-OzaBagAdwin-25-1-1-83
22/03/22 15:56:48
22/03/22 15:56:48
/home/pi/reginaldojunior/experimentos/results/socket/2/600/600/covtypeNorm-OzaBagAdwinExecutorRUNPER-25-2-1-83
22/03/22 15:58:57
22/03/22 15:58:57
/home/pi/reginaldojunior/experimentos/results/socket/2/600/600/covtypeNorm-OzaBagAdwin-25-1-1-150
22/03/22 16:01:06
22/03/22 16:01:06
/home/pi/reginaldojunior/experimentos/results/socket/2/600/600/covtypeNorm-OzaBagAdwinExecutorRUNPER-25-2-1-150
22/03/22 16:03:15
22/03/22 16:03:15
/home/pi/reginaldojunior/experimentos/results/socket/2/600/600/covtypeNorm-OzaBagASHT-25-1-1-12
22/03/22 16:05:24
22/03/22 16:05:24
/home/pi/reginaldojunior/experimentos/results/socket/2/600/600/covtypeNorm-OzaBagASHTExecutorRUNPER-25-2-1-12
22/03/22 16:07:33
22/03/22 16:07:33
/home/pi/reginaldojunior/experimentos/results/socket/2/600/600/covtypeNorm-OzaBagASHT-25-1-1-60
22/03/22 16:09:42
22/03/22 16:09:42
/home/pi/reginaldojunior/experimentos/results/socket/2/600/600/covtypeNorm-OzaBagASHTExecutorRUNPER-25-2-1-60
22/03/22 16:11:51
22/03/22 16:11:51
/home/pi/reginaldojunior/experimentos/results/socket/2/600/600/covtypeNorm-OzaBagASHT-25-1-1-108
22/03/22 16:14:00
22/03/22 16:14:00
/home/pi/reginaldojunior/experimentos/results/socket/2/600/600/covtypeNorm-OzaBagASHTExecutorRUNPER-25-2-1-108
22/03/22 16:16:08
22/03/22 16:16:08
/home/pi/reginaldojunior/experimentos/results/socket/2/600/600/covtypeNorm-OzaBag-25-1-1-15
22/03/22 16:18:17
22/03/22 16:18:17
/home/pi/reginaldojunior/experimentos/results/socket/2/600/600/covtypeNorm-OzaBagExecutorRUNPER-25-2-1-15
22/03/22 16:20:26
22/03/22 16:20:26
/home/pi/reginaldojunior/experimentos/results/socket/2/600/600/covtypeNorm-OzaBag-25-1-1-75
22/03/22 16:22:35
22/03/22 16:22:35
/home/pi/reginaldojunior/experimentos/results/socket/2/600/600/covtypeNorm-OzaBagExecutorRUNPER-25-2-1-75
22/03/22 16:24:44
22/03/22 16:24:44
/home/pi/reginaldojunior/experimentos/results/socket/2/600/600/covtypeNorm-OzaBag-25-1-1-135
22/03/22 16:26:53
22/03/22 16:26:53
/home/pi/reginaldojunior/experimentos/results/socket/2/600/600/covtypeNorm-OzaBagExecutorRUNPER-25-2-1-135
22/03/22 16:29:02
22/03/22 16:29:02
/home/pi/reginaldojunior/experimentos/results/socket/2/600/600/GMSC-AdaptiveRandomForestSequential-25-1-1-32
22/03/22 16:31:08
22/03/22 16:31:08
/home/pi/reginaldojunior/experimentos/results/socket/2/600/600/GMSC-AdaptiveRandomForestExecutorRUNPER-25-2-1-32
22/03/22 16:33:15
22/03/22 16:33:15
/home/pi/reginaldojunior/experimentos/results/socket/2/600/600/GMSC-AdaptiveRandomForestSequential-25-1-1-160
22/03/22 16:35:21
22/03/22 16:35:21
/home/pi/reginaldojunior/experimentos/results/socket/2/600/600/GMSC-AdaptiveRandomForestExecutorRUNPER-25-2-1-160
22/03/22 16:37:27
22/03/22 16:37:28
/home/pi/reginaldojunior/experimentos/results/socket/2/600/600/GMSC-AdaptiveRandomForestSequential-25-1-1-289
22/03/22 16:39:34
22/03/22 16:39:34
/home/pi/reginaldojunior/experimentos/results/socket/2/600/600/GMSC-AdaptiveRandomForestExecutorRUNPER-25-2-1-289
22/03/22 16:41:41
22/03/22 16:41:41
/home/pi/reginaldojunior/experimentos/results/socket/2/600/600/GMSC-LeveragingBag-25-1-1-41
22/03/22 16:43:50
22/03/22 16:43:50
/home/pi/reginaldojunior/experimentos/results/socket/2/600/600/GMSC-LBagExecutorRUNPER-25-2-1-41
22/03/22 16:45:59
22/03/22 16:45:59
/home/pi/reginaldojunior/experimentos/results/socket/2/600/600/GMSC-LeveragingBag-25-1-1-205
22/03/22 16:48:07
22/03/22 16:48:07
/home/pi/reginaldojunior/experimentos/results/socket/2/600/600/GMSC-LBagExecutorRUNPER-25-2-1-205
22/03/22 16:50:16
22/03/22 16:50:16
/home/pi/reginaldojunior/experimentos/results/socket/2/600/600/GMSC-LeveragingBag-25-1-1-369
22/03/22 16:52:25
22/03/22 16:52:25
/home/pi/reginaldojunior/experimentos/results/socket/2/600/600/GMSC-LBagExecutorRUNPER-25-2-1-369
22/03/22 16:54:34
22/03/22 16:54:34
/home/pi/reginaldojunior/experimentos/results/socket/2/600/600/GMSC-StreamingRandomPatches-25-1-1-17
22/03/22 16:56:41
22/03/22 16:56:41
/home/pi/reginaldojunior/experimentos/results/socket/2/600/600/GMSC-StreamingRandomPatchesExecutorRUNPER-25-2-1-17
22/03/22 16:58:47
22/03/22 16:58:47
/home/pi/reginaldojunior/experimentos/results/socket/2/600/600/GMSC-StreamingRandomPatches-25-1-1-88
22/03/22 17:00:54
22/03/22 17:00:54
/home/pi/reginaldojunior/experimentos/results/socket/2/600/600/GMSC-StreamingRandomPatchesExecutorRUNPER-25-2-1-88
22/03/22 17:03:00
22/03/22 17:03:00
/home/pi/reginaldojunior/experimentos/results/socket/2/600/600/GMSC-StreamingRandomPatches-25-1-1-158
22/03/22 17:05:06
22/03/22 17:05:06
/home/pi/reginaldojunior/experimentos/results/socket/2/600/600/GMSC-StreamingRandomPatchesExecutorRUNPER-25-2-1-158
22/03/22 17:07:13
22/03/22 17:07:13
/home/pi/reginaldojunior/experimentos/results/socket/2/600/600/GMSC-OzaBagAdwin-25-1-1-72
22/03/22 17:09:22
22/03/22 17:09:22
/home/pi/reginaldojunior/experimentos/results/socket/2/600/600/GMSC-OzaBagAdwinExecutorRUNPER-25-2-1-72
22/03/22 17:11:31
22/03/22 17:11:31
/home/pi/reginaldojunior/experimentos/results/socket/2/600/600/GMSC-OzaBagAdwin-25-1-1-361
22/03/22 17:13:40
22/03/22 17:13:40
/home/pi/reginaldojunior/experimentos/results/socket/2/600/600/GMSC-OzaBagAdwinExecutorRUNPER-25-2-1-361
22/03/22 17:15:49
22/03/22 17:15:49
/home/pi/reginaldojunior/experimentos/results/socket/2/600/600/GMSC-OzaBagAdwin-25-1-1-650
22/03/22 17:17:58
22/03/22 17:17:58
/home/pi/reginaldojunior/experimentos/results/socket/2/600/600/GMSC-OzaBagAdwinExecutorRUNPER-25-2-1-650
22/03/22 17:20:07
22/03/22 17:20:07
/home/pi/reginaldojunior/experimentos/results/socket/2/600/600/GMSC-OzaBagASHT-25-1-1-89
22/03/22 17:22:16
22/03/22 17:22:16
/home/pi/reginaldojunior/experimentos/results/socket/2/600/600/GMSC-OzaBagASHTExecutorRUNPER-25-2-1-89
22/03/22 17:24:25
22/03/22 17:24:25
/home/pi/reginaldojunior/experimentos/results/socket/2/600/600/GMSC-OzaBagASHT-25-1-1-446
22/03/22 17:26:34
22/03/22 17:26:34
/home/pi/reginaldojunior/experimentos/results/socket/2/600/600/GMSC-OzaBagASHTExecutorRUNPER-25-2-1-446
22/03/22 17:28:43
22/03/22 17:28:43
/home/pi/reginaldojunior/experimentos/results/socket/2/600/600/GMSC-OzaBagASHT-25-1-1-802
22/03/22 17:30:52
22/03/22 17:30:52
/home/pi/reginaldojunior/experimentos/results/socket/2/600/600/GMSC-OzaBagASHTExecutorRUNPER-25-2-1-802
22/03/22 17:33:01
22/03/22 17:33:01
/home/pi/reginaldojunior/experimentos/results/socket/2/600/600/GMSC-OzaBag-25-1-1-87
22/03/22 17:35:10
22/03/22 17:35:10
/home/pi/reginaldojunior/experimentos/results/socket/2/600/600/GMSC-OzaBagExecutorRUNPER-25-2-1-87
22/03/22 17:37:19
22/03/22 17:37:19
/home/pi/reginaldojunior/experimentos/results/socket/2/600/600/GMSC-OzaBag-25-1-1-436
22/03/22 17:39:28
22/03/22 17:39:28
/home/pi/reginaldojunior/experimentos/results/socket/2/600/600/GMSC-OzaBagExecutorRUNPER-25-2-1-436
22/03/22 17:41:37
22/03/22 17:41:37
/home/pi/reginaldojunior/experimentos/results/socket/2/600/600/GMSC-OzaBag-25-1-1-785
22/03/22 17:43:46
22/03/22 17:43:46
/home/pi/reginaldojunior/experimentos/results/socket/2/600/600/GMSC-OzaBagExecutorRUNPER-25-2-1-785
22/03/22 17:45:55
22/03/22 17:45:55
/home/pi/reginaldojunior/experimentos/results/socket/2/600/600/airlines-AdaptiveRandomForestSequential-25-1-1-6
22/03/22 17:48:01
22/03/22 17:48:01
/home/pi/reginaldojunior/experimentos/results/socket/2/600/600/airlines-AdaptiveRandomForestExecutorRUNPER-25-2-1-6
22/03/22 17:50:08
22/03/22 17:50:08
/home/pi/reginaldojunior/experimentos/results/socket/2/600/600/airlines-AdaptiveRandomForestSequential-25-1-1-32
22/03/22 17:52:15
22/03/22 17:52:15
/home/pi/reginaldojunior/experimentos/results/socket/2/600/600/airlines-AdaptiveRandomForestExecutorRUNPER-25-2-1-32
22/03/22 17:54:22
22/03/22 17:54:22
/home/pi/reginaldojunior/experimentos/results/socket/2/600/600/airlines-AdaptiveRandomForestSequential-25-1-1-58
22/03/22 17:56:29
22/03/22 17:56:29
/home/pi/reginaldojunior/experimentos/results/socket/2/600/600/airlines-AdaptiveRandomForestExecutorRUNPER-25-2-1-58
22/03/22 17:58:35
22/03/22 17:58:35
/home/pi/reginaldojunior/experimentos/results/socket/2/600/600/airlines-LeveragingBag-25-1-1-5
22/03/22 18:00:43
22/03/22 18:00:43
/home/pi/reginaldojunior/experimentos/results/socket/2/600/600/airlines-LBagExecutorRUNPER-25-2-1-5
22/03/22 18:02:52
22/03/22 18:02:52
/home/pi/reginaldojunior/experimentos/results/socket/2/600/600/airlines-LeveragingBag-25-1-1-28
22/03/22 18:05:01
22/03/22 18:05:01
/home/pi/reginaldojunior/experimentos/results/socket/2/600/600/airlines-LBagExecutorRUNPER-25-2-1-28
22/03/22 18:07:10
22/03/22 18:07:10
/home/pi/reginaldojunior/experimentos/results/socket/2/600/600/airlines-LeveragingBag-25-1-1-51
22/03/22 18:09:19
22/03/22 18:09:19
/home/pi/reginaldojunior/experimentos/results/socket/2/600/600/airlines-LBagExecutorRUNPER-25-2-1-51
22/03/22 18:11:29
22/03/22 18:11:29
/home/pi/reginaldojunior/experimentos/results/socket/2/600/600/airlines-StreamingRandomPatches-25-1-1-5
22/03/22 18:13:35
22/03/22 18:13:35
/home/pi/reginaldojunior/experimentos/results/socket/2/600/600/airlines-StreamingRandomPatchesExecutorRUNPER-25-2-1-5
22/03/22 18:15:42
22/03/22 18:15:42
/home/pi/reginaldojunior/experimentos/results/socket/2/600/600/airlines-StreamingRandomPatches-25-1-1-28
22/03/22 18:17:48
22/03/22 18:17:48
/home/pi/reginaldojunior/experimentos/results/socket/2/600/600/airlines-StreamingRandomPatchesExecutorRUNPER-25-2-1-28
22/03/22 18:19:55
22/03/22 18:19:55
/home/pi/reginaldojunior/experimentos/results/socket/2/600/600/airlines-StreamingRandomPatches-25-1-1-51
22/03/22 18:22:01
22/03/22 18:22:01
/home/pi/reginaldojunior/experimentos/results/socket/2/600/600/airlines-StreamingRandomPatchesExecutorRUNPER-25-2-1-51
22/03/22 18:24:08
22/03/22 18:24:08
/home/pi/reginaldojunior/experimentos/results/socket/2/600/600/airlines-OzaBagAdwin-25-1-1-10
22/03/22 18:26:16
22/03/22 18:26:16
/home/pi/reginaldojunior/experimentos/results/socket/2/600/600/airlines-OzaBagAdwinExecutorRUNPER-25-2-1-10
22/03/22 18:28:25
22/03/22 18:28:25
/home/pi/reginaldojunior/experimentos/results/socket/2/600/600/airlines-OzaBagAdwin-25-1-1-50
22/03/22 18:30:34
22/03/22 18:30:34
/home/pi/reginaldojunior/experimentos/results/socket/2/600/600/airlines-OzaBagAdwinExecutorRUNPER-25-2-1-50
22/03/22 18:32:42
22/03/22 18:32:42
/home/pi/reginaldojunior/experimentos/results/socket/2/600/600/airlines-OzaBagAdwin-25-1-1-91
22/03/22 18:34:51
22/03/22 18:34:51
/home/pi/reginaldojunior/experimentos/results/socket/2/600/600/airlines-OzaBagAdwinExecutorRUNPER-25-2-1-91
22/03/22 18:37:00
22/03/22 18:37:00
/home/pi/reginaldojunior/experimentos/results/socket/2/600/600/airlines-OzaBagASHT-25-1-1-23
22/03/22 18:39:08
22/03/22 18:39:08
/home/pi/reginaldojunior/experimentos/results/socket/2/600/600/airlines-OzaBagASHTExecutorRUNPER-25-2-1-23
22/03/22 18:41:18
22/03/22 18:41:18
/home/pi/reginaldojunior/experimentos/results/socket/2/600/600/airlines-OzaBagASHT-25-1-1-117
22/03/22 18:43:27
22/03/22 18:43:27
/home/pi/reginaldojunior/experimentos/results/socket/2/600/600/airlines-OzaBagASHTExecutorRUNPER-25-2-1-117
22/03/22 18:45:36
22/03/22 18:45:36
/home/pi/reginaldojunior/experimentos/results/socket/2/600/600/airlines-OzaBagASHT-25-1-1-210
22/03/22 18:47:45
22/03/22 18:47:45
/home/pi/reginaldojunior/experimentos/results/socket/2/600/600/airlines-OzaBagASHTExecutorRUNPER-25-2-1-210
22/03/22 18:49:54
22/03/22 18:49:54
/home/pi/reginaldojunior/experimentos/results/socket/2/600/600/airlines-OzaBag-25-1-1-36
22/03/22 18:52:03
22/03/22 18:52:03
/home/pi/reginaldojunior/experimentos/results/socket/2/600/600/airlines-OzaBagExecutorRUNPER-25-2-1-36
22/03/22 18:54:12
22/03/22 18:54:12
/home/pi/reginaldojunior/experimentos/results/socket/2/600/600/airlines-OzaBag-25-1-1-182
22/03/22 18:56:21
22/03/22 18:56:21
/home/pi/reginaldojunior/experimentos/results/socket/2/600/600/airlines-OzaBagExecutorRUNPER-25-2-1-182
22/03/22 18:58:30
22/03/22 18:58:30
/home/pi/reginaldojunior/experimentos/results/socket/2/600/600/airlines-OzaBag-25-1-1-327
22/03/22 19:00:39
22/03/22 19:00:39
/home/pi/reginaldojunior/experimentos/results/socket/2/600/600/airlines-OzaBagExecutorRUNPER-25-2-1-327
22/03/22 19:02:48
22/03/22 19:02:48
