19/03/22 14:35:41
/home/pi/reginaldojunior/experimentos/results/socket/2/1200/1200/elecNormNew-AdaptiveRandomForestSequential-25-1-1-43
19/03/22 14:37:45
19/03/22 14:37:45
/home/pi/reginaldojunior/experimentos/results/socket/2/1200/1200/elecNormNew-AdaptiveRandomForestExecutorRUNPER-25-2-1-43
19/03/22 14:39:50
19/03/22 14:39:50
/home/pi/reginaldojunior/experimentos/results/socket/2/1200/1200/elecNormNew-AdaptiveRandomForestSequential-25-1-1-219
19/03/22 14:41:56
19/03/22 14:41:56
/home/pi/reginaldojunior/experimentos/results/socket/2/1200/1200/elecNormNew-AdaptiveRandomForestExecutorRUNPER-25-2-1-219
19/03/22 14:44:01
19/03/22 14:44:01
/home/pi/reginaldojunior/experimentos/results/socket/2/1200/1200/elecNormNew-AdaptiveRandomForestSequential-25-1-1-395
19/03/22 14:46:05
19/03/22 14:46:05
/home/pi/reginaldojunior/experimentos/results/socket/2/1200/1200/elecNormNew-AdaptiveRandomForestExecutorRUNPER-25-2-1-395
19/03/22 14:48:10
19/03/22 14:48:10
/home/pi/reginaldojunior/experimentos/results/socket/2/1200/1200/elecNormNew-LeveragingBag-25-1-1-68
19/03/22 14:50:17
19/03/22 14:50:17
/home/pi/reginaldojunior/experimentos/results/socket/2/1200/1200/elecNormNew-LBagExecutorRUNPER-25-2-1-68
19/03/22 14:52:23
19/03/22 14:52:23
/home/pi/reginaldojunior/experimentos/results/socket/2/1200/1200/elecNormNew-LeveragingBag-25-1-1-344
19/03/22 14:54:30
19/03/22 14:54:30
/home/pi/reginaldojunior/experimentos/results/socket/2/1200/1200/elecNormNew-LBagExecutorRUNPER-25-2-1-344
19/03/22 14:56:37
19/03/22 14:56:37
/home/pi/reginaldojunior/experimentos/results/socket/2/1200/1200/elecNormNew-LeveragingBag-25-1-1-620
19/03/22 14:58:15
19/03/22 14:58:15
/home/pi/reginaldojunior/experimentos/results/socket/2/1200/1200/elecNormNew-LBagExecutorRUNPER-25-2-1-620
19/03/22 14:59:41
19/03/22 14:59:41
/home/pi/reginaldojunior/experimentos/results/socket/2/1200/1200/elecNormNew-StreamingRandomPatches-25-1-1-25
19/03/22 15:01:47
19/03/22 15:01:47
/home/pi/reginaldojunior/experimentos/results/socket/2/1200/1200/elecNormNew-StreamingRandomPatchesExecutorRUNPER-25-2-1-25
19/03/22 15:03:53
19/03/22 15:03:53
/home/pi/reginaldojunior/experimentos/results/socket/2/1200/1200/elecNormNew-StreamingRandomPatches-25-1-1-127
19/03/22 15:05:57
19/03/22 15:05:57
/home/pi/reginaldojunior/experimentos/results/socket/2/1200/1200/elecNormNew-StreamingRandomPatchesExecutorRUNPER-25-2-1-127
19/03/22 15:08:03
19/03/22 15:08:03
/home/pi/reginaldojunior/experimentos/results/socket/2/1200/1200/elecNormNew-StreamingRandomPatches-25-1-1-229
19/03/22 15:10:08
19/03/22 15:10:08
/home/pi/reginaldojunior/experimentos/results/socket/2/1200/1200/elecNormNew-StreamingRandomPatchesExecutorRUNPER-25-2-1-229
19/03/22 15:12:13
19/03/22 15:12:13
/home/pi/reginaldojunior/experimentos/results/socket/2/1200/1200/elecNormNew-OzaBagAdwin-25-1-1-115
19/03/22 15:14:20
19/03/22 15:14:20
/home/pi/reginaldojunior/experimentos/results/socket/2/1200/1200/elecNormNew-OzaBagAdwinExecutorRUNPER-25-2-1-115
19/03/22 15:16:26
19/03/22 15:16:26
/home/pi/reginaldojunior/experimentos/results/socket/2/1200/1200/elecNormNew-OzaBagAdwin-25-1-1-577
19/03/22 15:17:52
19/03/22 15:17:52
/home/pi/reginaldojunior/experimentos/results/socket/2/1200/1200/elecNormNew-OzaBagAdwinExecutorRUNPER-25-2-1-577
19/03/22 15:19:17
19/03/22 15:19:17
/home/pi/reginaldojunior/experimentos/results/socket/2/1200/1200/elecNormNew-OzaBagAdwin-25-1-1-1039
19/03/22 15:20:08
19/03/22 15:20:08
/home/pi/reginaldojunior/experimentos/results/socket/2/1200/1200/elecNormNew-OzaBagAdwinExecutorRUNPER-25-2-1-1039
19/03/22 15:21:04
19/03/22 15:21:04
/home/pi/reginaldojunior/experimentos/results/socket/2/1200/1200/elecNormNew-OzaBagASHT-25-1-1-134
19/03/22 15:23:10
19/03/22 15:23:10
/home/pi/reginaldojunior/experimentos/results/socket/2/1200/1200/elecNormNew-OzaBagASHTExecutorRUNPER-25-2-1-134
19/03/22 15:25:17
19/03/22 15:25:17
/home/pi/reginaldojunior/experimentos/results/socket/2/1200/1200/elecNormNew-OzaBagASHT-25-1-1-673
19/03/22 15:26:31
19/03/22 15:26:31
/home/pi/reginaldojunior/experimentos/results/socket/2/1200/1200/elecNormNew-OzaBagASHTExecutorRUNPER-25-2-1-673
19/03/22 15:27:46
19/03/22 15:27:46
/home/pi/reginaldojunior/experimentos/results/socket/2/1200/1200/elecNormNew-OzaBagASHT-25-1-1-1211
19/03/22 15:28:29
19/03/22 15:28:29
/home/pi/reginaldojunior/experimentos/results/socket/2/1200/1200/elecNormNew-OzaBagASHTExecutorRUNPER-25-2-1-1211
19/03/22 15:29:15
19/03/22 15:29:15
/home/pi/reginaldojunior/experimentos/results/socket/2/1200/1200/elecNormNew-OzaBag-25-1-1-138
19/03/22 15:31:22
19/03/22 15:31:22
/home/pi/reginaldojunior/experimentos/results/socket/2/1200/1200/elecNormNew-OzaBagExecutorRUNPER-25-2-1-138
19/03/22 15:33:28
19/03/22 15:33:28
/home/pi/reginaldojunior/experimentos/results/socket/2/1200/1200/elecNormNew-OzaBag-25-1-1-694
19/03/22 15:34:41
19/03/22 15:34:41
/home/pi/reginaldojunior/experimentos/results/socket/2/1200/1200/elecNormNew-OzaBagExecutorRUNPER-25-2-1-694
19/03/22 15:35:53
19/03/22 15:35:53
/home/pi/reginaldojunior/experimentos/results/socket/2/1200/1200/elecNormNew-OzaBag-25-1-1-1250
19/03/22 15:36:36
19/03/22 15:36:36
/home/pi/reginaldojunior/experimentos/results/socket/2/1200/1200/elecNormNew-OzaBagExecutorRUNPER-25-2-1-1250
19/03/22 15:37:20
19/03/22 15:37:20
/home/pi/reginaldojunior/experimentos/results/socket/2/1200/1200/covtypeNorm-AdaptiveRandomForestSequential-25-1-1-40
19/03/22 15:39:25
19/03/22 15:39:25
/home/pi/reginaldojunior/experimentos/results/socket/2/1200/1200/covtypeNorm-AdaptiveRandomForestExecutorRUNPER-25-2-1-40
19/03/22 15:41:31
19/03/22 15:41:31
/home/pi/reginaldojunior/experimentos/results/socket/2/1200/1200/covtypeNorm-AdaptiveRandomForestSequential-25-1-1-200
19/03/22 15:43:35
19/03/22 15:43:35
/home/pi/reginaldojunior/experimentos/results/socket/2/1200/1200/covtypeNorm-AdaptiveRandomForestExecutorRUNPER-25-2-1-200
19/03/22 15:45:40
19/03/22 15:45:40
/home/pi/reginaldojunior/experimentos/results/socket/2/1200/1200/covtypeNorm-AdaptiveRandomForestSequential-25-1-1-361
19/03/22 15:47:45
19/03/22 15:47:45
/home/pi/reginaldojunior/experimentos/results/socket/2/1200/1200/covtypeNorm-AdaptiveRandomForestExecutorRUNPER-25-2-1-361
19/03/22 15:49:50
19/03/22 15:49:50
/home/pi/reginaldojunior/experimentos/results/socket/2/1200/1200/covtypeNorm-LeveragingBag-25-1-1-29
19/03/22 15:51:56
19/03/22 15:51:56
/home/pi/reginaldojunior/experimentos/results/socket/2/1200/1200/covtypeNorm-LBagExecutorRUNPER-25-2-1-29
19/03/22 15:54:03
19/03/22 15:54:03
/home/pi/reginaldojunior/experimentos/results/socket/2/1200/1200/covtypeNorm-LeveragingBag-25-1-1-146
19/03/22 15:56:09
19/03/22 15:56:09
/home/pi/reginaldojunior/experimentos/results/socket/2/1200/1200/covtypeNorm-LBagExecutorRUNPER-25-2-1-146
19/03/22 15:58:16
19/03/22 15:58:16
/home/pi/reginaldojunior/experimentos/results/socket/2/1200/1200/covtypeNorm-LeveragingBag-25-1-1-264
19/03/22 16:00:23
19/03/22 16:00:23
/home/pi/reginaldojunior/experimentos/results/socket/2/1200/1200/covtypeNorm-LBagExecutorRUNPER-25-2-1-264
19/03/22 16:02:29
19/03/22 16:02:29
/home/pi/reginaldojunior/experimentos/results/socket/2/1200/1200/covtypeNorm-StreamingRandomPatches-25-1-1-12
19/03/22 16:04:35
19/03/22 16:04:35
/home/pi/reginaldojunior/experimentos/results/socket/2/1200/1200/covtypeNorm-StreamingRandomPatchesExecutorRUNPER-25-2-1-12
19/03/22 16:06:41
19/03/22 16:06:41
/home/pi/reginaldojunior/experimentos/results/socket/2/1200/1200/covtypeNorm-StreamingRandomPatches-25-1-1-60
19/03/22 16:08:46
19/03/22 16:08:46
/home/pi/reginaldojunior/experimentos/results/socket/2/1200/1200/covtypeNorm-StreamingRandomPatchesExecutorRUNPER-25-2-1-60
19/03/22 16:10:50
19/03/22 16:10:50
/home/pi/reginaldojunior/experimentos/results/socket/2/1200/1200/covtypeNorm-StreamingRandomPatches-25-1-1-108
19/03/22 16:12:55
19/03/22 16:12:55
/home/pi/reginaldojunior/experimentos/results/socket/2/1200/1200/covtypeNorm-StreamingRandomPatchesExecutorRUNPER-25-2-1-108
19/03/22 16:15:00
19/03/22 16:15:00
/home/pi/reginaldojunior/experimentos/results/socket/2/1200/1200/covtypeNorm-OzaBagAdwin-25-1-1-42
19/03/22 16:17:07
19/03/22 16:17:07
/home/pi/reginaldojunior/experimentos/results/socket/2/1200/1200/covtypeNorm-OzaBagAdwinExecutorRUNPER-25-2-1-42
19/03/22 16:19:14
19/03/22 16:19:14
/home/pi/reginaldojunior/experimentos/results/socket/2/1200/1200/covtypeNorm-OzaBagAdwin-25-1-1-210
19/03/22 16:21:20
19/03/22 16:21:20
/home/pi/reginaldojunior/experimentos/results/socket/2/1200/1200/covtypeNorm-OzaBagAdwinExecutorRUNPER-25-2-1-210
19/03/22 16:23:27
19/03/22 16:23:27
/home/pi/reginaldojunior/experimentos/results/socket/2/1200/1200/covtypeNorm-OzaBagAdwin-25-1-1-379
19/03/22 16:25:33
19/03/22 16:25:33
/home/pi/reginaldojunior/experimentos/results/socket/2/1200/1200/covtypeNorm-OzaBagAdwinExecutorRUNPER-25-2-1-379
19/03/22 16:27:39
19/03/22 16:27:39
/home/pi/reginaldojunior/experimentos/results/socket/2/1200/1200/covtypeNorm-OzaBagASHT-25-1-1-43
19/03/22 16:29:46
19/03/22 16:29:46
/home/pi/reginaldojunior/experimentos/results/socket/2/1200/1200/covtypeNorm-OzaBagASHTExecutorRUNPER-25-2-1-43
19/03/22 16:31:53
19/03/22 16:31:53
/home/pi/reginaldojunior/experimentos/results/socket/2/1200/1200/covtypeNorm-OzaBagASHT-25-1-1-215
19/03/22 16:33:59
19/03/22 16:33:59
/home/pi/reginaldojunior/experimentos/results/socket/2/1200/1200/covtypeNorm-OzaBagASHTExecutorRUNPER-25-2-1-215
19/03/22 16:36:06
19/03/22 16:36:06
/home/pi/reginaldojunior/experimentos/results/socket/2/1200/1200/covtypeNorm-OzaBagASHT-25-1-1-388
19/03/22 16:38:12
19/03/22 16:38:12
/home/pi/reginaldojunior/experimentos/results/socket/2/1200/1200/covtypeNorm-OzaBagASHTExecutorRUNPER-25-2-1-388
19/03/22 16:40:19
19/03/22 16:40:19
/home/pi/reginaldojunior/experimentos/results/socket/2/1200/1200/covtypeNorm-OzaBag-25-1-1-43
19/03/22 16:42:26
19/03/22 16:42:26
/home/pi/reginaldojunior/experimentos/results/socket/2/1200/1200/covtypeNorm-OzaBagExecutorRUNPER-25-2-1-43
19/03/22 16:44:32
19/03/22 16:44:32
/home/pi/reginaldojunior/experimentos/results/socket/2/1200/1200/covtypeNorm-OzaBag-25-1-1-217
19/03/22 16:46:39
19/03/22 16:46:39
/home/pi/reginaldojunior/experimentos/results/socket/2/1200/1200/covtypeNorm-OzaBagExecutorRUNPER-25-2-1-217
19/03/22 16:48:45
19/03/22 16:48:45
/home/pi/reginaldojunior/experimentos/results/socket/2/1200/1200/covtypeNorm-OzaBag-25-1-1-390
19/03/22 16:50:52
19/03/22 16:50:52
/home/pi/reginaldojunior/experimentos/results/socket/2/1200/1200/covtypeNorm-OzaBagExecutorRUNPER-25-2-1-390
19/03/22 16:52:59
19/03/22 16:52:59
/home/pi/reginaldojunior/experimentos/results/socket/2/1200/1200/GMSC-AdaptiveRandomForestSequential-25-1-1-70
19/03/22 16:55:04
19/03/22 16:55:04
/home/pi/reginaldojunior/experimentos/results/socket/2/1200/1200/GMSC-AdaptiveRandomForestExecutorRUNPER-25-2-1-70
19/03/22 16:57:08
19/03/22 16:57:08
/home/pi/reginaldojunior/experimentos/results/socket/2/1200/1200/GMSC-AdaptiveRandomForestSequential-25-1-1-350
19/03/22 16:59:13
19/03/22 16:59:13
/home/pi/reginaldojunior/experimentos/results/socket/2/1200/1200/GMSC-AdaptiveRandomForestExecutorRUNPER-25-2-1-350
19/03/22 17:01:18
19/03/22 17:01:18
/home/pi/reginaldojunior/experimentos/results/socket/2/1200/1200/GMSC-AdaptiveRandomForestSequential-25-1-1-630
19/03/22 17:03:23
19/03/22 17:03:23
/home/pi/reginaldojunior/experimentos/results/socket/2/1200/1200/GMSC-AdaptiveRandomForestExecutorRUNPER-25-2-1-630
19/03/22 17:05:29
19/03/22 17:05:29
/home/pi/reginaldojunior/experimentos/results/socket/2/1200/1200/GMSC-LeveragingBag-25-1-1-90
19/03/22 17:07:35
19/03/22 17:07:35
/home/pi/reginaldojunior/experimentos/results/socket/2/1200/1200/GMSC-LBagExecutorRUNPER-25-2-1-90
19/03/22 17:09:42
19/03/22 17:09:42
/home/pi/reginaldojunior/experimentos/results/socket/2/1200/1200/GMSC-LeveragingBag-25-1-1-452
19/03/22 17:11:49
19/03/22 17:11:49
/home/pi/reginaldojunior/experimentos/results/socket/2/1200/1200/GMSC-LBagExecutorRUNPER-25-2-1-452
19/03/22 17:13:55
19/03/22 17:13:56
/home/pi/reginaldojunior/experimentos/results/socket/2/1200/1200/GMSC-LeveragingBag-25-1-1-814
19/03/22 17:16:01
19/03/22 17:16:01
/home/pi/reginaldojunior/experimentos/results/socket/2/1200/1200/GMSC-LBagExecutorRUNPER-25-2-1-814
19/03/22 17:18:08
19/03/22 17:18:09
/home/pi/reginaldojunior/experimentos/results/socket/2/1200/1200/GMSC-StreamingRandomPatches-25-1-1-33
19/03/22 17:20:14
19/03/22 17:20:14
/home/pi/reginaldojunior/experimentos/results/socket/2/1200/1200/GMSC-StreamingRandomPatchesExecutorRUNPER-25-2-1-33
19/03/22 17:22:20
19/03/22 17:22:20
/home/pi/reginaldojunior/experimentos/results/socket/2/1200/1200/GMSC-StreamingRandomPatches-25-1-1-167
19/03/22 17:24:25
19/03/22 17:24:25
/home/pi/reginaldojunior/experimentos/results/socket/2/1200/1200/GMSC-StreamingRandomPatchesExecutorRUNPER-25-2-1-167
19/03/22 17:26:29
19/03/22 17:26:29
/home/pi/reginaldojunior/experimentos/results/socket/2/1200/1200/GMSC-StreamingRandomPatches-25-1-1-301
19/03/22 17:28:34
19/03/22 17:28:34
/home/pi/reginaldojunior/experimentos/results/socket/2/1200/1200/GMSC-StreamingRandomPatchesExecutorRUNPER-25-2-1-301
19/03/22 17:30:39
19/03/22 17:30:39
/home/pi/reginaldojunior/experimentos/results/socket/2/1200/1200/GMSC-OzaBagAdwin-25-1-1-175
19/03/22 17:32:46
19/03/22 17:32:46
/home/pi/reginaldojunior/experimentos/results/socket/2/1200/1200/GMSC-OzaBagAdwinExecutorRUNPER-25-2-1-175
19/03/22 17:34:52
19/03/22 17:34:52
/home/pi/reginaldojunior/experimentos/results/socket/2/1200/1200/GMSC-OzaBagAdwin-25-1-1-877
19/03/22 17:36:59
19/03/22 17:36:59
/home/pi/reginaldojunior/experimentos/results/socket/2/1200/1200/GMSC-OzaBagAdwinExecutorRUNPER-25-2-1-877
19/03/22 17:39:06
19/03/22 17:39:06
/home/pi/reginaldojunior/experimentos/results/socket/2/1200/1200/GMSC-OzaBagAdwin-25-1-1-1578
19/03/22 17:40:47
19/03/22 17:40:47
/home/pi/reginaldojunior/experimentos/results/socket/2/1200/1200/GMSC-OzaBagAdwinExecutorRUNPER-25-2-1-1578
19/03/22 17:42:47
19/03/22 17:42:47
/home/pi/reginaldojunior/experimentos/results/socket/2/1200/1200/GMSC-OzaBagASHT-25-1-1-191
19/03/22 17:44:53
19/03/22 17:44:53
/home/pi/reginaldojunior/experimentos/results/socket/2/1200/1200/GMSC-OzaBagASHTExecutorRUNPER-25-2-1-191
19/03/22 17:47:00
19/03/22 17:47:00
/home/pi/reginaldojunior/experimentos/results/socket/2/1200/1200/GMSC-OzaBagASHT-25-1-1-959
19/03/22 17:49:07
19/03/22 17:49:07
/home/pi/reginaldojunior/experimentos/results/socket/2/1200/1200/GMSC-OzaBagASHTExecutorRUNPER-25-2-1-959
19/03/22 17:51:13
19/03/22 17:51:13
/home/pi/reginaldojunior/experimentos/results/socket/2/1200/1200/GMSC-OzaBagASHT-25-1-1-1727
19/03/22 17:52:47
19/03/22 17:52:47
/home/pi/reginaldojunior/experimentos/results/socket/2/1200/1200/GMSC-OzaBagASHTExecutorRUNPER-25-2-1-1727
19/03/22 17:54:25
19/03/22 17:54:25
/home/pi/reginaldojunior/experimentos/results/socket/2/1200/1200/GMSC-OzaBag-25-1-1-184
19/03/22 17:56:32
19/03/22 17:56:32
/home/pi/reginaldojunior/experimentos/results/socket/2/1200/1200/GMSC-OzaBagExecutorRUNPER-25-2-1-184
19/03/22 17:58:38
19/03/22 17:58:38
/home/pi/reginaldojunior/experimentos/results/socket/2/1200/1200/GMSC-OzaBag-25-1-1-924
19/03/22 18:00:45
19/03/22 18:00:45
/home/pi/reginaldojunior/experimentos/results/socket/2/1200/1200/GMSC-OzaBagExecutorRUNPER-25-2-1-924
19/03/22 18:02:51
19/03/22 18:02:51
/home/pi/reginaldojunior/experimentos/results/socket/2/1200/1200/GMSC-OzaBag-25-1-1-1663
19/03/22 18:04:28
19/03/22 18:04:28
/home/pi/reginaldojunior/experimentos/results/socket/2/1200/1200/GMSC-OzaBagExecutorRUNPER-25-2-1-1663
19/03/22 18:06:29
19/03/22 18:06:29
/home/pi/reginaldojunior/experimentos/results/socket/2/1200/1200/airlines-AdaptiveRandomForestSequential-25-1-1-15
19/03/22 18:08:35
19/03/22 18:08:35
/home/pi/reginaldojunior/experimentos/results/socket/2/1200/1200/airlines-AdaptiveRandomForestExecutorRUNPER-25-2-1-15
19/03/22 18:10:40
19/03/22 18:10:40
/home/pi/reginaldojunior/experimentos/results/socket/2/1200/1200/airlines-AdaptiveRandomForestSequential-25-1-1-78
19/03/22 18:12:46
19/03/22 18:12:46
/home/pi/reginaldojunior/experimentos/results/socket/2/1200/1200/airlines-AdaptiveRandomForestExecutorRUNPER-25-2-1-78
19/03/22 18:14:52
19/03/22 18:14:52
/home/pi/reginaldojunior/experimentos/results/socket/2/1200/1200/airlines-AdaptiveRandomForestSequential-25-1-1-140
19/03/22 18:16:58
19/03/22 18:16:58
/home/pi/reginaldojunior/experimentos/results/socket/2/1200/1200/airlines-AdaptiveRandomForestExecutorRUNPER-25-2-1-140
19/03/22 18:19:03
19/03/22 18:19:03
/home/pi/reginaldojunior/experimentos/results/socket/2/1200/1200/airlines-LeveragingBag-25-1-1-15
19/03/22 18:21:09
19/03/22 18:21:09
/home/pi/reginaldojunior/experimentos/results/socket/2/1200/1200/airlines-LBagExecutorRUNPER-25-2-1-15
19/03/22 18:23:15
19/03/22 18:23:15
/home/pi/reginaldojunior/experimentos/results/socket/2/1200/1200/airlines-LeveragingBag-25-1-1-75
19/03/22 18:25:22
19/03/22 18:25:22
/home/pi/reginaldojunior/experimentos/results/socket/2/1200/1200/airlines-LBagExecutorRUNPER-25-2-1-75
19/03/22 18:27:30
19/03/22 18:27:30
/home/pi/reginaldojunior/experimentos/results/socket/2/1200/1200/airlines-LeveragingBag-25-1-1-136
19/03/22 18:29:37
19/03/22 18:29:37
/home/pi/reginaldojunior/experimentos/results/socket/2/1200/1200/airlines-LBagExecutorRUNPER-25-2-1-136
19/03/22 18:31:44
19/03/22 18:31:44
/home/pi/reginaldojunior/experimentos/results/socket/2/1200/1200/airlines-StreamingRandomPatches-25-1-1-15
19/03/22 18:33:49
19/03/22 18:33:49
/home/pi/reginaldojunior/experimentos/results/socket/2/1200/1200/airlines-StreamingRandomPatchesExecutorRUNPER-25-2-1-15
19/03/22 18:35:55
19/03/22 18:35:55
/home/pi/reginaldojunior/experimentos/results/socket/2/1200/1200/airlines-StreamingRandomPatches-25-1-1-77
19/03/22 18:38:00
19/03/22 18:38:00
/home/pi/reginaldojunior/experimentos/results/socket/2/1200/1200/airlines-StreamingRandomPatchesExecutorRUNPER-25-2-1-77
19/03/22 18:40:06
19/03/22 18:40:06
/home/pi/reginaldojunior/experimentos/results/socket/2/1200/1200/airlines-StreamingRandomPatches-25-1-1-139
19/03/22 18:42:10
19/03/22 18:42:10
/home/pi/reginaldojunior/experimentos/results/socket/2/1200/1200/airlines-StreamingRandomPatchesExecutorRUNPER-25-2-1-139
19/03/22 18:44:15
19/03/22 18:44:15
/home/pi/reginaldojunior/experimentos/results/socket/2/1200/1200/airlines-OzaBagAdwin-25-1-1-22
19/03/22 18:46:22
19/03/22 18:46:22
/home/pi/reginaldojunior/experimentos/results/socket/2/1200/1200/airlines-OzaBagAdwinExecutorRUNPER-25-2-1-22
19/03/22 18:48:29
19/03/22 18:48:29
/home/pi/reginaldojunior/experimentos/results/socket/2/1200/1200/airlines-OzaBagAdwin-25-1-1-114
19/03/22 18:50:35
19/03/22 18:50:35
/home/pi/reginaldojunior/experimentos/results/socket/2/1200/1200/airlines-OzaBagAdwinExecutorRUNPER-25-2-1-114
19/03/22 18:52:41
19/03/22 18:52:41
/home/pi/reginaldojunior/experimentos/results/socket/2/1200/1200/airlines-OzaBagAdwin-25-1-1-205
19/03/22 18:54:48
19/03/22 18:54:48
/home/pi/reginaldojunior/experimentos/results/socket/2/1200/1200/airlines-OzaBagAdwinExecutorRUNPER-25-2-1-205
19/03/22 18:56:54
19/03/22 18:56:54
/home/pi/reginaldojunior/experimentos/results/socket/2/1200/1200/airlines-OzaBagASHT-25-1-1-55
19/03/22 18:59:00
19/03/22 18:59:00
/home/pi/reginaldojunior/experimentos/results/socket/2/1200/1200/airlines-OzaBagASHTExecutorRUNPER-25-2-1-55
19/03/22 19:01:06
19/03/22 19:01:06
/home/pi/reginaldojunior/experimentos/results/socket/2/1200/1200/airlines-OzaBagASHT-25-1-1-277
19/03/22 19:03:12
19/03/22 19:03:12
/home/pi/reginaldojunior/experimentos/results/socket/2/1200/1200/airlines-OzaBagASHTExecutorRUNPER-25-2-1-277
19/03/22 19:05:18
19/03/22 19:05:18
/home/pi/reginaldojunior/experimentos/results/socket/2/1200/1200/airlines-OzaBagASHT-25-1-1-499
19/03/22 19:07:25
19/03/22 19:07:25
/home/pi/reginaldojunior/experimentos/results/socket/2/1200/1200/airlines-OzaBagASHTExecutorRUNPER-25-2-1-499
19/03/22 19:09:31
19/03/22 19:09:31
/home/pi/reginaldojunior/experimentos/results/socket/2/1200/1200/airlines-OzaBag-25-1-1-80
19/03/22 19:11:37
19/03/22 19:11:37
/home/pi/reginaldojunior/experimentos/results/socket/2/1200/1200/airlines-OzaBagExecutorRUNPER-25-2-1-80
19/03/22 19:13:44
19/03/22 19:13:44
/home/pi/reginaldojunior/experimentos/results/socket/2/1200/1200/airlines-OzaBag-25-1-1-402
19/03/22 19:15:50
19/03/22 19:15:50
/home/pi/reginaldojunior/experimentos/results/socket/2/1200/1200/airlines-OzaBagExecutorRUNPER-25-2-1-402
19/03/22 19:17:56
19/03/22 19:17:56
/home/pi/reginaldojunior/experimentos/results/socket/2/1200/1200/airlines-OzaBag-25-1-1-724
19/03/22 19:20:02
19/03/22 19:20:02
/home/pi/reginaldojunior/experimentos/results/socket/2/1200/1200/airlines-OzaBagExecutorRUNPER-25-2-1-724
19/03/22 19:22:09
19/03/22 19:22:09
