01/12/23 07:18:54
/home/pi/reginaldojunior/experimentos/socket/loop-fusion-dynamic/all-batches-4//covtypeNorm-AdaptiveRandomForestExecutorMAXChunk-25-4-25-844
01/12/23 07:29:00
01/12/23 07:29:00
/home/pi/reginaldojunior/experimentos/socket/loop-fusion-dynamic/all-batches-4//covtypeNorm-LBagExecutorMAXChunk-25-4-25-575
01/12/23 07:39:07
01/12/23 07:39:07
/home/pi/reginaldojunior/experimentos/socket/loop-fusion-dynamic/all-batches-4//covtypeNorm-StreamingRandomPatchesExecutorMAXChunk-25-4-25-253
01/12/23 07:49:12
01/12/23 07:49:12
/home/pi/reginaldojunior/experimentos/socket/loop-fusion-dynamic/all-batches-4//covtypeNorm-OzaBagAdwinExecutorMAXChunk-25-4-25-794
01/12/23 07:59:19
01/12/23 07:59:19
/home/pi/reginaldojunior/experimentos/socket/loop-fusion-dynamic/all-batches-4//covtypeNorm-OzaBagASHTExecutorMAXChunk-25-4-25-2709
01/12/23 08:09:25
01/12/23 08:09:25
/home/pi/reginaldojunior/experimentos/socket/loop-fusion-dynamic/all-batches-4//covtypeNorm-OzaBagExecutorMAXChunk-25-4-25-2679
01/12/23 08:19:32
01/12/23 08:19:32
/home/pi/reginaldojunior/experimentos/socket/loop-fusion-dynamic/all-batches-4//airlines-AdaptiveRandomForestExecutorMAXChunk-25-4-25-213
01/12/23 08:29:37
01/12/23 08:29:37
/home/pi/reginaldojunior/experimentos/socket/loop-fusion-dynamic/all-batches-4//airlines-LBagExecutorMAXChunk-25-4-25-210
01/12/23 08:39:44
01/12/23 08:39:44
/home/pi/reginaldojunior/experimentos/socket/loop-fusion-dynamic/all-batches-4//airlines-StreamingRandomPatchesExecutorMAXChunk-25-4-25-236
01/12/23 08:49:50
01/12/23 08:49:50
/home/pi/reginaldojunior/experimentos/socket/loop-fusion-dynamic/all-batches-4//airlines-OzaBagAdwinExecutorMAXChunk-25-4-25-717
01/12/23 08:59:57
01/12/23 08:59:57
/home/pi/reginaldojunior/experimentos/socket/loop-fusion-dynamic/all-batches-4//airlines-OzaBagASHTExecutorMAXChunk-25-4-25-2735
01/12/23 09:10:03
01/12/23 09:10:03
/home/pi/reginaldojunior/experimentos/socket/loop-fusion-dynamic/all-batches-4//airlines-OzaBagExecutorMAXChunk-25-4-25-4800
01/12/23 09:20:10
01/12/23 09:20:10
/home/pi/reginaldojunior/experimentos/socket/loop-fusion-dynamic/all-batches-4//elecNormNew-AdaptiveRandomForestExecutorMAXChunk-25-4-25-882
01/12/23 09:30:16
01/12/23 09:30:16
/home/pi/reginaldojunior/experimentos/socket/loop-fusion-dynamic/all-batches-4//elecNormNew-LBagExecutorMAXChunk-25-4-25-1258
01/12/23 09:40:22
01/12/23 09:40:22
/home/pi/reginaldojunior/experimentos/socket/loop-fusion-dynamic/all-batches-4//elecNormNew-StreamingRandomPatchesExecutorMAXChunk-25-4-25-496
01/12/23 09:50:28
01/12/23 09:50:28
/home/pi/reginaldojunior/experimentos/socket/loop-fusion-dynamic/all-batches-4//elecNormNew-OzaBagAdwinExecutorMAXChunk-25-4-25-2142
01/12/23 09:56:40
01/12/23 09:56:40
/home/pi/reginaldojunior/experimentos/socket/loop-fusion-dynamic/all-batches-4//elecNormNew-OzaBagASHTExecutorMAXChunk-25-4-25-3926
01/12/23 10:04:46
01/12/23 10:04:47
/home/pi/reginaldojunior/experimentos/socket/loop-fusion-dynamic/all-batches-4//elecNormNew-OzaBagExecutorMAXChunk-25-4-25-3944
01/12/23 10:10:08
01/12/23 10:10:08
/home/pi/reginaldojunior/experimentos/socket/loop-fusion-dynamic/all-batches-4//GMSC-AdaptiveRandomForestExecutorMAXChunk-25-4-25-1574
01/12/23 10:20:13
01/12/23 10:20:13
/home/pi/reginaldojunior/experimentos/socket/loop-fusion-dynamic/all-batches-4//GMSC-LBagExecutorMAXChunk-25-4-25-1861
01/12/23 10:30:20
01/12/23 10:30:20
/home/pi/reginaldojunior/experimentos/socket/loop-fusion-dynamic/all-batches-4//GMSC-StreamingRandomPatchesExecutorMAXChunk-25-4-25-898
01/12/23 10:40:25
01/12/23 10:40:25
/home/pi/reginaldojunior/experimentos/socket/loop-fusion-dynamic/all-batches-4//GMSC-OzaBagAdwinExecutorMAXChunk-25-4-25-3066
01/12/23 10:50:32
01/12/23 10:50:32
/home/pi/reginaldojunior/experimentos/socket/loop-fusion-dynamic/all-batches-4//GMSC-OzaBagASHTExecutorMAXChunk-25-4-25-6863
01/12/23 11:00:38
01/12/23 11:00:38
/home/pi/reginaldojunior/experimentos/socket/loop-fusion-dynamic/all-batches-4//GMSC-OzaBagExecutorMAXChunk-25-4-25-6653
01/12/23 11:07:07
01/12/23 11:07:07
/home/pi/reginaldojunior/experimentos/socket/loop-fusion-dynamic/all-batches-4//covtypeNorm-AdaptiveRandomForestExecutorMAXChunk-25-4-50-1012
01/12/23 11:17:12
01/12/23 11:17:12
/home/pi/reginaldojunior/experimentos/socket/loop-fusion-dynamic/all-batches-4//covtypeNorm-LBagExecutorMAXChunk-25-4-50-667
01/12/23 11:27:19
01/12/23 11:27:19
/home/pi/reginaldojunior/experimentos/socket/loop-fusion-dynamic/all-batches-4//covtypeNorm-StreamingRandomPatchesExecutorMAXChunk-25-4-50-255
01/12/23 11:37:25
01/12/23 11:37:25
/home/pi/reginaldojunior/experimentos/socket/loop-fusion-dynamic/all-batches-4//covtypeNorm-OzaBagAdwinExecutorMAXChunk-25-4-50-996
01/12/23 11:47:31
01/12/23 11:47:31
/home/pi/reginaldojunior/experimentos/socket/loop-fusion-dynamic/all-batches-4//covtypeNorm-OzaBagASHTExecutorMAXChunk-25-4-50-2708
01/12/23 11:57:38
01/12/23 11:57:38
/home/pi/reginaldojunior/experimentos/socket/loop-fusion-dynamic/all-batches-4//covtypeNorm-OzaBagExecutorMAXChunk-25-4-50-2675
01/12/23 12:07:44
01/12/23 12:07:44
/home/pi/reginaldojunior/experimentos/socket/loop-fusion-dynamic/all-batches-4//airlines-AdaptiveRandomForestExecutorMAXChunk-25-4-50-220
01/12/23 12:17:50
01/12/23 12:17:50
/home/pi/reginaldojunior/experimentos/socket/loop-fusion-dynamic/all-batches-4//airlines-LBagExecutorMAXChunk-25-4-50-214
01/12/23 12:27:56
01/12/23 12:27:56
/home/pi/reginaldojunior/experimentos/socket/loop-fusion-dynamic/all-batches-4//airlines-StreamingRandomPatchesExecutorMAXChunk-25-4-50-239
01/12/23 12:38:01
01/12/23 12:38:01
/home/pi/reginaldojunior/experimentos/socket/loop-fusion-dynamic/all-batches-4//airlines-OzaBagAdwinExecutorMAXChunk-25-4-50-683
01/12/23 12:48:08
01/12/23 12:48:08
/home/pi/reginaldojunior/experimentos/socket/loop-fusion-dynamic/all-batches-4//airlines-OzaBagASHTExecutorMAXChunk-25-4-50-3799
01/12/23 12:58:15
01/12/23 12:58:15
/home/pi/reginaldojunior/experimentos/socket/loop-fusion-dynamic/all-batches-4//airlines-OzaBagExecutorMAXChunk-25-4-50-5027
01/12/23 13:08:21
01/12/23 13:08:21
/home/pi/reginaldojunior/experimentos/socket/loop-fusion-dynamic/all-batches-4//elecNormNew-AdaptiveRandomForestExecutorMAXChunk-25-4-50-918
01/12/23 13:18:27
01/12/23 13:18:27
/home/pi/reginaldojunior/experimentos/socket/loop-fusion-dynamic/all-batches-4//elecNormNew-LBagExecutorMAXChunk-25-4-50-1316
01/12/23 13:28:33
01/12/23 13:28:34
/home/pi/reginaldojunior/experimentos/socket/loop-fusion-dynamic/all-batches-4//elecNormNew-StreamingRandomPatchesExecutorMAXChunk-25-4-50-489
01/12/23 13:38:39
01/12/23 13:38:39
/home/pi/reginaldojunior/experimentos/socket/loop-fusion-dynamic/all-batches-4//elecNormNew-OzaBagAdwinExecutorMAXChunk-25-4-50-2523
01/12/23 13:45:16
01/12/23 13:45:16
/home/pi/reginaldojunior/experimentos/socket/loop-fusion-dynamic/all-batches-4//elecNormNew-OzaBagASHTExecutorMAXChunk-25-4-50-4141
01/12/23 13:47:27
01/12/23 13:47:27
/home/pi/reginaldojunior/experimentos/socket/loop-fusion-dynamic/all-batches-4//elecNormNew-OzaBagExecutorMAXChunk-25-4-50-4162
01/12/23 13:52:14
01/12/23 13:52:14
/home/pi/reginaldojunior/experimentos/socket/loop-fusion-dynamic/all-batches-4//GMSC-AdaptiveRandomForestExecutorMAXChunk-25-4-50-1699
01/12/23 14:02:20
01/12/23 14:02:20
/home/pi/reginaldojunior/experimentos/socket/loop-fusion-dynamic/all-batches-4//GMSC-LBagExecutorMAXChunk-25-4-50-2037
01/12/23 14:12:27
01/12/23 14:12:27
/home/pi/reginaldojunior/experimentos/socket/loop-fusion-dynamic/all-batches-4//GMSC-StreamingRandomPatchesExecutorMAXChunk-25-4-50-958
01/12/23 14:22:32
01/12/23 14:22:32
/home/pi/reginaldojunior/experimentos/socket/loop-fusion-dynamic/all-batches-4//GMSC-OzaBagAdwinExecutorMAXChunk-25-4-50-4027
01/12/23 14:32:39
01/12/23 14:32:39
/home/pi/reginaldojunior/experimentos/socket/loop-fusion-dynamic/all-batches-4//GMSC-OzaBagASHTExecutorMAXChunk-25-4-50-7285
01/12/23 14:40:05
01/12/23 14:40:05
/home/pi/reginaldojunior/experimentos/socket/loop-fusion-dynamic/all-batches-4//GMSC-OzaBagExecutorMAXChunk-25-4-50-6990
01/12/23 14:45:31
01/12/23 14:45:31
/home/pi/reginaldojunior/experimentos/socket/loop-fusion-dynamic/all-batches-4//covtypeNorm-AdaptiveRandomForestExecutorMAXChunk-25-4-500-963
01/12/23 14:55:37
01/12/23 14:55:37
/home/pi/reginaldojunior/experimentos/socket/loop-fusion-dynamic/all-batches-4//covtypeNorm-LBagExecutorMAXChunk-25-4-500-782
01/12/23 15:05:44
01/12/23 15:05:44
/home/pi/reginaldojunior/experimentos/socket/loop-fusion-dynamic/all-batches-4//covtypeNorm-StreamingRandomPatchesExecutorMAXChunk-25-4-500-276
01/12/23 15:15:49
01/12/23 15:15:49
/home/pi/reginaldojunior/experimentos/socket/loop-fusion-dynamic/all-batches-4//covtypeNorm-OzaBagAdwinExecutorMAXChunk-25-4-500-1154
01/12/23 15:25:56
01/12/23 15:25:56
/home/pi/reginaldojunior/experimentos/socket/loop-fusion-dynamic/all-batches-4//covtypeNorm-OzaBagASHTExecutorMAXChunk-25-4-500-3368
01/12/23 15:36:03
01/12/23 15:36:03
/home/pi/reginaldojunior/experimentos/socket/loop-fusion-dynamic/all-batches-4//covtypeNorm-OzaBagExecutorMAXChunk-25-4-500-3708
01/12/23 15:46:10
01/12/23 15:46:10
/home/pi/reginaldojunior/experimentos/socket/loop-fusion-dynamic/all-batches-4//airlines-AdaptiveRandomForestExecutorMAXChunk-25-4-500-276
01/12/23 15:56:15
01/12/23 15:56:15
/home/pi/reginaldojunior/experimentos/socket/loop-fusion-dynamic/all-batches-4//airlines-LBagExecutorMAXChunk-25-4-500-245
01/12/23 16:06:22
01/12/23 16:06:22
/home/pi/reginaldojunior/experimentos/socket/loop-fusion-dynamic/all-batches-4//airlines-StreamingRandomPatchesExecutorMAXChunk-25-4-500-266
01/12/23 16:16:28
01/12/23 16:16:28
/home/pi/reginaldojunior/experimentos/socket/loop-fusion-dynamic/all-batches-4//airlines-OzaBagAdwinExecutorMAXChunk-25-4-500-753
01/12/23 16:26:35
01/12/23 16:26:35
/home/pi/reginaldojunior/experimentos/socket/loop-fusion-dynamic/all-batches-4//airlines-OzaBagASHTExecutorMAXChunk-25-4-500-4856
01/12/23 16:36:42
01/12/23 16:36:42
/home/pi/reginaldojunior/experimentos/socket/loop-fusion-dynamic/all-batches-4//airlines-OzaBagExecutorMAXChunk-25-4-500-6170
01/12/23 16:46:48
01/12/23 16:46:48
/home/pi/reginaldojunior/experimentos/socket/loop-fusion-dynamic/all-batches-4//elecNormNew-AdaptiveRandomForestExecutorMAXChunk-25-4-500-930
01/12/23 16:56:54
01/12/23 16:56:54
/home/pi/reginaldojunior/experimentos/socket/loop-fusion-dynamic/all-batches-4//elecNormNew-LBagExecutorMAXChunk-25-4-500-1471
01/12/23 17:07:01
01/12/23 17:07:01
/home/pi/reginaldojunior/experimentos/socket/loop-fusion-dynamic/all-batches-4//elecNormNew-StreamingRandomPatchesExecutorMAXChunk-25-4-500-494
01/12/23 17:17:06
01/12/23 17:17:06
/home/pi/reginaldojunior/experimentos/socket/loop-fusion-dynamic/all-batches-4//elecNormNew-OzaBagAdwinExecutorMAXChunk-25-4-500-2794
01/12/23 17:25:02
01/12/23 17:25:02
/home/pi/reginaldojunior/experimentos/socket/loop-fusion-dynamic/all-batches-4//elecNormNew-OzaBagASHTExecutorMAXChunk-25-4-500-4712
01/12/23 17:27:58
01/12/23 17:27:58
/home/pi/reginaldojunior/experimentos/socket/loop-fusion-dynamic/all-batches-4//elecNormNew-OzaBagExecutorMAXChunk-25-4-500-4455
01/12/23 17:32:14
01/12/23 17:32:14
/home/pi/reginaldojunior/experimentos/socket/loop-fusion-dynamic/all-batches-4//GMSC-AdaptiveRandomForestExecutorMAXChunk-25-4-500-1820
01/12/23 17:42:19
01/12/23 17:42:19
/home/pi/reginaldojunior/experimentos/socket/loop-fusion-dynamic/all-batches-4//GMSC-LBagExecutorMAXChunk-25-4-500-2271
01/12/23 17:52:26
01/12/23 17:52:26
/home/pi/reginaldojunior/experimentos/socket/loop-fusion-dynamic/all-batches-4//GMSC-StreamingRandomPatchesExecutorMAXChunk-25-4-500-1019
01/12/23 18:02:32
01/12/23 18:02:32
/home/pi/reginaldojunior/experimentos/socket/loop-fusion-dynamic/all-batches-4//GMSC-OzaBagAdwinExecutorMAXChunk-25-4-500-4733
01/12/23 18:12:39
01/12/23 18:12:39
/home/pi/reginaldojunior/experimentos/socket/loop-fusion-dynamic/all-batches-4//GMSC-OzaBagASHTExecutorMAXChunk-25-4-500-8617
01/12/23 18:19:04
01/12/23 18:19:04
/home/pi/reginaldojunior/experimentos/socket/loop-fusion-dynamic/all-batches-4//GMSC-OzaBagExecutorMAXChunk-25-4-500-8499
01/12/23 18:28:15
01/12/23 18:28:15
/home/pi/reginaldojunior/experimentos/socket/loop-fusion-dynamic/all-batches-4//covtypeNorm-AdaptiveRandomForestExecutorMAXChunk-25-4-2000-1080
01/12/23 18:38:20
01/12/23 18:38:20
/home/pi/reginaldojunior/experimentos/socket/loop-fusion-dynamic/all-batches-4//covtypeNorm-LBagExecutorMAXChunk-25-4-2000-702
01/12/23 18:48:27
01/12/23 18:48:27
/home/pi/reginaldojunior/experimentos/socket/loop-fusion-dynamic/all-batches-4//covtypeNorm-StreamingRandomPatchesExecutorMAXChunk-25-4-2000-291
01/12/23 18:58:32
01/12/23 18:58:32
/home/pi/reginaldojunior/experimentos/socket/loop-fusion-dynamic/all-batches-4//covtypeNorm-OzaBagAdwinExecutorMAXChunk-25-4-2000-1149
01/12/23 19:08:38
01/12/23 19:08:38
/home/pi/reginaldojunior/experimentos/socket/loop-fusion-dynamic/all-batches-4//covtypeNorm-OzaBagASHTExecutorMAXChunk-25-4-2000-3314
01/12/23 19:18:44
01/12/23 19:18:44
/home/pi/reginaldojunior/experimentos/socket/loop-fusion-dynamic/all-batches-4//covtypeNorm-OzaBagExecutorMAXChunk-25-4-2000-3557
01/12/23 19:28:51
01/12/23 19:28:51
/home/pi/reginaldojunior/experimentos/socket/loop-fusion-dynamic/all-batches-4//airlines-AdaptiveRandomForestExecutorMAXChunk-25-4-2000-292
01/12/23 19:38:57
01/12/23 19:38:57
/home/pi/reginaldojunior/experimentos/socket/loop-fusion-dynamic/all-batches-4//airlines-LBagExecutorMAXChunk-25-4-2000-440
01/12/23 19:50:39
01/12/23 19:50:39
/home/pi/reginaldojunior/experimentos/socket/loop-fusion-dynamic/all-batches-4//airlines-StreamingRandomPatchesExecutorMAXChunk-25-4-2000-277
01/12/23 20:01:14
01/12/23 20:01:14
/home/pi/reginaldojunior/experimentos/socket/loop-fusion-dynamic/all-batches-4//airlines-OzaBagAdwinExecutorMAXChunk-25-4-2000-970
01/12/23 20:11:22
01/12/23 20:11:22
/home/pi/reginaldojunior/experimentos/socket/loop-fusion-dynamic/all-batches-4//airlines-OzaBagASHTExecutorMAXChunk-25-4-2000-4989
01/12/23 20:21:29
01/12/23 20:21:29
/home/pi/reginaldojunior/experimentos/socket/loop-fusion-dynamic/all-batches-4//airlines-OzaBagExecutorMAXChunk-25-4-2000-6220
01/12/23 20:31:36
01/12/23 20:31:36
/home/pi/reginaldojunior/experimentos/socket/loop-fusion-dynamic/all-batches-4//elecNormNew-AdaptiveRandomForestExecutorMAXChunk-25-4-2000-875
01/12/23 20:41:42
01/12/23 20:41:42
/home/pi/reginaldojunior/experimentos/socket/loop-fusion-dynamic/all-batches-4//elecNormNew-LBagExecutorMAXChunk-25-4-2000-1402
01/12/23 20:50:20
01/12/23 20:50:20
/home/pi/reginaldojunior/experimentos/socket/loop-fusion-dynamic/all-batches-4//elecNormNew-StreamingRandomPatchesExecutorMAXChunk-25-4-2000-519
01/12/23 21:00:25
01/12/23 21:00:25
/home/pi/reginaldojunior/experimentos/socket/loop-fusion-dynamic/all-batches-4//elecNormNew-OzaBagAdwinExecutorMAXChunk-25-4-2000-2528
01/12/23 21:08:03
01/12/23 21:08:03
/home/pi/reginaldojunior/experimentos/socket/loop-fusion-dynamic/all-batches-4//elecNormNew-OzaBagASHTExecutorMAXChunk-25-4-2000-4202
01/12/23 21:16:20
01/12/23 21:16:20
/home/pi/reginaldojunior/experimentos/socket/loop-fusion-dynamic/all-batches-4//elecNormNew-OzaBagExecutorMAXChunk-25-4-2000-4042
01/12/23 21:23:38
01/12/23 21:23:38
/home/pi/reginaldojunior/experimentos/socket/loop-fusion-dynamic/all-batches-4//GMSC-AdaptiveRandomForestExecutorMAXChunk-25-4-2000-1801
01/12/23 21:33:44
01/12/23 21:33:44
/home/pi/reginaldojunior/experimentos/socket/loop-fusion-dynamic/all-batches-4//GMSC-LBagExecutorMAXChunk-25-4-2000-2224
01/12/23 21:43:50
01/12/23 21:43:50
/home/pi/reginaldojunior/experimentos/socket/loop-fusion-dynamic/all-batches-4//GMSC-StreamingRandomPatchesExecutorMAXChunk-25-4-2000-974
01/12/23 21:53:56
01/12/23 21:53:56
/home/pi/reginaldojunior/experimentos/socket/loop-fusion-dynamic/all-batches-4//GMSC-OzaBagAdwinExecutorMAXChunk-25-4-2000-4540
01/12/23 22:04:03
01/12/23 22:04:03
/home/pi/reginaldojunior/experimentos/socket/loop-fusion-dynamic/all-batches-4//GMSC-OzaBagASHTExecutorMAXChunk-25-4-2000-8906
01/12/23 22:09:39
01/12/23 22:09:39
/home/pi/reginaldojunior/experimentos/socket/loop-fusion-dynamic/all-batches-4//GMSC-OzaBagExecutorMAXChunk-25-4-2000-8410
01/12/23 22:17:14
