06/11/23 03:12:58
/home/pi/reginaldojunior/experimentos/socket/mb-socket-dynamic/all-batches-10//elecNormNew-AdaptiveRandomForestExecutorMAXChunk-25-4-25-316
06/11/23 03:22:51
06/11/23 03:22:51
/home/pi/reginaldojunior/experimentos/socket/mb-socket-dynamic/all-batches-10//elecNormNew-LBagExecutorMAXChunk-25-4-25-524
06/11/23 03:29:49
06/11/23 03:29:49
/home/pi/reginaldojunior/experimentos/socket/mb-socket-dynamic/all-batches-10//elecNormNew-StreamingRandomPatchesExecutorMAXChunk-25-4-25-169
06/11/23 03:39:55
06/11/23 03:39:55
/home/pi/reginaldojunior/experimentos/socket/mb-socket-dynamic/all-batches-10//elecNormNew-OzaBagAdwinExecutorMAXChunk-25-4-25-1208
06/11/23 03:41:44
06/11/23 03:41:44
/home/pi/reginaldojunior/experimentos/socket/mb-socket-dynamic/all-batches-10//elecNormNew-OzaBagASHTExecutorMAXChunk-25-4-25-1496
06/11/23 03:47:58
06/11/23 03:47:58
/home/pi/reginaldojunior/experimentos/socket/mb-socket-dynamic/all-batches-10//elecNormNew-OzaBagExecutorMAXChunk-25-4-25-1664
06/11/23 03:51:23
06/11/23 03:51:24
/home/pi/reginaldojunior/experimentos/socket/mb-socket-dynamic/all-batches-10//covtypeNorm-AdaptiveRandomForestExecutorMAXChunk-25-4-25-207
06/11/23 04:01:29
06/11/23 04:01:29
/home/pi/reginaldojunior/experimentos/socket/mb-socket-dynamic/all-batches-10//covtypeNorm-LBagExecutorMAXChunk-25-4-25-150
06/11/23 04:11:36
06/11/23 04:11:36
/home/pi/reginaldojunior/experimentos/socket/mb-socket-dynamic/all-batches-10//covtypeNorm-StreamingRandomPatchesExecutorMAXChunk-25-4-25-68
06/11/23 04:21:41
06/11/23 04:21:41
/home/pi/reginaldojunior/experimentos/socket/mb-socket-dynamic/all-batches-10//covtypeNorm-OzaBagAdwinExecutorMAXChunk-25-4-25-283
06/11/23 04:31:48
06/11/23 04:31:48
/home/pi/reginaldojunior/experimentos/socket/mb-socket-dynamic/all-batches-10//covtypeNorm-OzaBagASHTExecutorMAXChunk-25-4-25-251
06/11/23 04:41:54
06/11/23 04:41:54
/home/pi/reginaldojunior/experimentos/socket/mb-socket-dynamic/all-batches-10//covtypeNorm-OzaBagExecutorMAXChunk-25-4-25-288
06/11/23 04:52:01
06/11/23 04:52:01
/home/pi/reginaldojunior/experimentos/socket/mb-socket-dynamic/all-batches-10//airlines-AdaptiveRandomForestExecutorMAXChunk-25-4-25-66
06/11/23 05:02:06
06/11/23 05:02:06
/home/pi/reginaldojunior/experimentos/socket/mb-socket-dynamic/all-batches-10//airlines-LBagExecutorMAXChunk-25-4-25-46
06/11/23 05:12:13
06/11/23 05:12:13
/home/pi/reginaldojunior/experimentos/socket/mb-socket-dynamic/all-batches-10//airlines-StreamingRandomPatchesExecutorMAXChunk-25-4-25-69
06/11/23 05:22:19
06/11/23 05:22:19
/home/pi/reginaldojunior/experimentos/socket/mb-socket-dynamic/all-batches-10//airlines-OzaBagAdwinExecutorMAXChunk-25-4-25-170
06/11/23 05:32:26
06/11/23 05:32:26
/home/pi/reginaldojunior/experimentos/socket/mb-socket-dynamic/all-batches-10//airlines-OzaBagASHTExecutorMAXChunk-25-4-25-177
06/11/23 05:42:33
06/11/23 05:42:33
/home/pi/reginaldojunior/experimentos/socket/mb-socket-dynamic/all-batches-10//airlines-OzaBagExecutorMAXChunk-25-4-25-170
06/11/23 05:52:42
06/11/23 05:52:42
/home/pi/reginaldojunior/experimentos/socket/mb-socket-dynamic/all-batches-10//GMSC-AdaptiveRandomForestExecutorMAXChunk-25-4-25-540
06/11/23 06:02:47
06/11/23 06:02:47
/home/pi/reginaldojunior/experimentos/socket/mb-socket-dynamic/all-batches-10//GMSC-LBagExecutorMAXChunk-25-4-25-716
06/11/23 06:12:54
06/11/23 06:12:54
/home/pi/reginaldojunior/experimentos/socket/mb-socket-dynamic/all-batches-10//GMSC-StreamingRandomPatchesExecutorMAXChunk-25-4-25-295
06/11/23 06:23:00
06/11/23 06:23:00
/home/pi/reginaldojunior/experimentos/socket/mb-socket-dynamic/all-batches-10//GMSC-OzaBagAdwinExecutorMAXChunk-25-4-25-1709
06/11/23 06:29:35
06/11/23 06:29:35
/home/pi/reginaldojunior/experimentos/socket/mb-socket-dynamic/all-batches-10//GMSC-OzaBagASHTExecutorMAXChunk-25-4-25-2263
06/11/23 06:34:12
06/11/23 06:34:12
/home/pi/reginaldojunior/experimentos/socket/mb-socket-dynamic/all-batches-10//GMSC-OzaBagExecutorMAXChunk-25-4-25-2260
06/11/23 06:38:28
06/11/23 06:38:28
/home/pi/reginaldojunior/experimentos/socket/mb-socket-dynamic/all-batches-10//elecNormNew-AdaptiveRandomForestExecutorMAXChunk-25-4-50-316
06/11/23 06:48:34
06/11/23 06:48:34
/home/pi/reginaldojunior/experimentos/socket/mb-socket-dynamic/all-batches-10//elecNormNew-LBagExecutorMAXChunk-25-4-50-524
06/11/23 06:56:14
06/11/23 06:56:14
/home/pi/reginaldojunior/experimentos/socket/mb-socket-dynamic/all-batches-10//elecNormNew-StreamingRandomPatchesExecutorMAXChunk-25-4-50-169
06/11/23 07:06:20
06/11/23 07:06:20
/home/pi/reginaldojunior/experimentos/socket/mb-socket-dynamic/all-batches-10//elecNormNew-OzaBagAdwinExecutorMAXChunk-25-4-50-1208
06/11/23 07:11:25
06/11/23 07:11:25
/home/pi/reginaldojunior/experimentos/socket/mb-socket-dynamic/all-batches-10//elecNormNew-OzaBagASHTExecutorMAXChunk-25-4-50-1496
06/11/23 07:13:36
06/11/23 07:13:36
/home/pi/reginaldojunior/experimentos/socket/mb-socket-dynamic/all-batches-10//elecNormNew-OzaBagExecutorMAXChunk-25-4-50-1664
06/11/23 07:15:39
06/11/23 07:15:39
/home/pi/reginaldojunior/experimentos/socket/mb-socket-dynamic/all-batches-10//covtypeNorm-AdaptiveRandomForestExecutorMAXChunk-25-4-50-207
06/11/23 07:25:44
06/11/23 07:25:45
/home/pi/reginaldojunior/experimentos/socket/mb-socket-dynamic/all-batches-10//covtypeNorm-LBagExecutorMAXChunk-25-4-50-150
06/11/23 07:35:51
06/11/23 07:35:51
/home/pi/reginaldojunior/experimentos/socket/mb-socket-dynamic/all-batches-10//covtypeNorm-StreamingRandomPatchesExecutorMAXChunk-25-4-50-68
06/11/23 07:45:57
06/11/23 07:45:57
/home/pi/reginaldojunior/experimentos/socket/mb-socket-dynamic/all-batches-10//covtypeNorm-OzaBagAdwinExecutorMAXChunk-25-4-50-283
06/11/23 07:56:03
06/11/23 07:56:03
/home/pi/reginaldojunior/experimentos/socket/mb-socket-dynamic/all-batches-10//covtypeNorm-OzaBagASHTExecutorMAXChunk-25-4-50-251
06/11/23 08:06:10
06/11/23 08:06:10
/home/pi/reginaldojunior/experimentos/socket/mb-socket-dynamic/all-batches-10//covtypeNorm-OzaBagExecutorMAXChunk-25-4-50-288
06/11/23 08:16:16
06/11/23 08:16:16
/home/pi/reginaldojunior/experimentos/socket/mb-socket-dynamic/all-batches-10//airlines-AdaptiveRandomForestExecutorMAXChunk-25-4-50-66
06/11/23 08:26:22
06/11/23 08:26:22
/home/pi/reginaldojunior/experimentos/socket/mb-socket-dynamic/all-batches-10//airlines-LBagExecutorMAXChunk-25-4-50-46
06/11/23 08:36:29
06/11/23 08:36:29
/home/pi/reginaldojunior/experimentos/socket/mb-socket-dynamic/all-batches-10//airlines-StreamingRandomPatchesExecutorMAXChunk-25-4-50-69
06/11/23 08:46:36
06/11/23 08:46:36
/home/pi/reginaldojunior/experimentos/socket/mb-socket-dynamic/all-batches-10//airlines-OzaBagAdwinExecutorMAXChunk-25-4-50-170
06/11/23 08:56:43
06/11/23 08:56:43
/home/pi/reginaldojunior/experimentos/socket/mb-socket-dynamic/all-batches-10//airlines-OzaBagASHTExecutorMAXChunk-25-4-50-177
06/11/23 09:06:49
06/11/23 09:06:49
/home/pi/reginaldojunior/experimentos/socket/mb-socket-dynamic/all-batches-10//airlines-OzaBagExecutorMAXChunk-25-4-50-170
06/11/23 09:16:57
06/11/23 09:16:57
/home/pi/reginaldojunior/experimentos/socket/mb-socket-dynamic/all-batches-10//GMSC-AdaptiveRandomForestExecutorMAXChunk-25-4-50-540
06/11/23 09:27:03
06/11/23 09:27:03
/home/pi/reginaldojunior/experimentos/socket/mb-socket-dynamic/all-batches-10//GMSC-LBagExecutorMAXChunk-25-4-50-716
06/11/23 09:37:09
06/11/23 09:37:09
/home/pi/reginaldojunior/experimentos/socket/mb-socket-dynamic/all-batches-10//GMSC-StreamingRandomPatchesExecutorMAXChunk-25-4-50-295
06/11/23 09:47:15
06/11/23 09:47:15
/home/pi/reginaldojunior/experimentos/socket/mb-socket-dynamic/all-batches-10//GMSC-OzaBagAdwinExecutorMAXChunk-25-4-50-1709
06/11/23 09:54:05
06/11/23 09:54:05
/home/pi/reginaldojunior/experimentos/socket/mb-socket-dynamic/all-batches-10//GMSC-OzaBagASHTExecutorMAXChunk-25-4-50-2263
06/11/23 09:58:05
06/11/23 09:58:05
/home/pi/reginaldojunior/experimentos/socket/mb-socket-dynamic/all-batches-10//GMSC-OzaBagExecutorMAXChunk-25-4-50-2260
06/11/23 10:04:25
06/11/23 10:04:25
/home/pi/reginaldojunior/experimentos/socket/mb-socket-dynamic/all-batches-10//elecNormNew-AdaptiveRandomForestExecutorMAXChunk-25-4-500-316
06/11/23 10:13:01
06/11/23 10:13:01
/home/pi/reginaldojunior/experimentos/socket/mb-socket-dynamic/all-batches-10//elecNormNew-LBagExecutorMAXChunk-25-4-500-524
06/11/23 10:18:49
06/11/23 10:18:49
/home/pi/reginaldojunior/experimentos/socket/mb-socket-dynamic/all-batches-10//elecNormNew-StreamingRandomPatchesExecutorMAXChunk-25-4-500-169
06/11/23 10:28:55
06/11/23 10:28:55
/home/pi/reginaldojunior/experimentos/socket/mb-socket-dynamic/all-batches-10//elecNormNew-OzaBagAdwinExecutorMAXChunk-25-4-500-1208
06/11/23 10:32:21
06/11/23 10:32:21
/home/pi/reginaldojunior/experimentos/socket/mb-socket-dynamic/all-batches-10//elecNormNew-OzaBagASHTExecutorMAXChunk-25-4-500-1496
06/11/23 10:35:20
06/11/23 10:35:20
/home/pi/reginaldojunior/experimentos/socket/mb-socket-dynamic/all-batches-10//elecNormNew-OzaBagExecutorMAXChunk-25-4-500-1664
06/11/23 10:36:59
06/11/23 10:36:59
/home/pi/reginaldojunior/experimentos/socket/mb-socket-dynamic/all-batches-10//covtypeNorm-AdaptiveRandomForestExecutorMAXChunk-25-4-500-207
06/11/23 10:47:04
06/11/23 10:47:04
/home/pi/reginaldojunior/experimentos/socket/mb-socket-dynamic/all-batches-10//covtypeNorm-LBagExecutorMAXChunk-25-4-500-150
06/11/23 10:57:11
06/11/23 10:57:11
/home/pi/reginaldojunior/experimentos/socket/mb-socket-dynamic/all-batches-10//covtypeNorm-StreamingRandomPatchesExecutorMAXChunk-25-4-500-68
06/11/23 11:07:18
06/11/23 11:07:18
/home/pi/reginaldojunior/experimentos/socket/mb-socket-dynamic/all-batches-10//covtypeNorm-OzaBagAdwinExecutorMAXChunk-25-4-500-283
06/11/23 11:17:24
06/11/23 11:17:24
/home/pi/reginaldojunior/experimentos/socket/mb-socket-dynamic/all-batches-10//covtypeNorm-OzaBagASHTExecutorMAXChunk-25-4-500-251
06/11/23 11:27:31
06/11/23 11:27:31
/home/pi/reginaldojunior/experimentos/socket/mb-socket-dynamic/all-batches-10//covtypeNorm-OzaBagExecutorMAXChunk-25-4-500-288
06/11/23 11:37:37
06/11/23 11:37:37
/home/pi/reginaldojunior/experimentos/socket/mb-socket-dynamic/all-batches-10//airlines-AdaptiveRandomForestExecutorMAXChunk-25-4-500-66
06/11/23 11:47:45
06/11/23 11:47:45
/home/pi/reginaldojunior/experimentos/socket/mb-socket-dynamic/all-batches-10//airlines-LBagExecutorMAXChunk-25-4-500-46
06/11/23 11:57:54
06/11/23 11:57:54
/home/pi/reginaldojunior/experimentos/socket/mb-socket-dynamic/all-batches-10//airlines-StreamingRandomPatchesExecutorMAXChunk-25-4-500-69
06/11/23 12:08:00
06/11/23 12:08:00
/home/pi/reginaldojunior/experimentos/socket/mb-socket-dynamic/all-batches-10//airlines-OzaBagAdwinExecutorMAXChunk-25-4-500-170
06/11/23 12:18:07
06/11/23 12:18:07
/home/pi/reginaldojunior/experimentos/socket/mb-socket-dynamic/all-batches-10//airlines-OzaBagASHTExecutorMAXChunk-25-4-500-177
06/11/23 12:28:14
06/11/23 12:28:14
/home/pi/reginaldojunior/experimentos/socket/mb-socket-dynamic/all-batches-10//airlines-OzaBagExecutorMAXChunk-25-4-500-170
06/11/23 12:38:22
06/11/23 12:38:22
/home/pi/reginaldojunior/experimentos/socket/mb-socket-dynamic/all-batches-10//GMSC-AdaptiveRandomForestExecutorMAXChunk-25-4-500-540
06/11/23 12:48:29
06/11/23 12:48:29
/home/pi/reginaldojunior/experimentos/socket/mb-socket-dynamic/all-batches-10//GMSC-LBagExecutorMAXChunk-25-4-500-716
06/11/23 12:58:36
06/11/23 12:58:36
/home/pi/reginaldojunior/experimentos/socket/mb-socket-dynamic/all-batches-10//GMSC-StreamingRandomPatchesExecutorMAXChunk-25-4-500-295
06/11/23 13:08:42
06/11/23 13:08:42
/home/pi/reginaldojunior/experimentos/socket/mb-socket-dynamic/all-batches-10//GMSC-OzaBagAdwinExecutorMAXChunk-25-4-500-1709
06/11/23 13:14:42
06/11/23 13:14:42
/home/pi/reginaldojunior/experimentos/socket/mb-socket-dynamic/all-batches-10//GMSC-OzaBagASHTExecutorMAXChunk-25-4-500-2263
06/11/23 13:20:56
06/11/23 13:20:56
/home/pi/reginaldojunior/experimentos/socket/mb-socket-dynamic/all-batches-10//GMSC-OzaBagExecutorMAXChunk-25-4-500-2260
06/11/23 13:26:12
06/11/23 13:26:12
/home/pi/reginaldojunior/experimentos/socket/mb-socket-dynamic/all-batches-10//elecNormNew-AdaptiveRandomForestExecutorMAXChunk-25-4-2000-316
06/11/23 13:36:19
06/11/23 13:36:19
/home/pi/reginaldojunior/experimentos/socket/mb-socket-dynamic/all-batches-10//elecNormNew-LBagExecutorMAXChunk-25-4-2000-524
06/11/23 13:41:43
06/11/23 13:41:43
/home/pi/reginaldojunior/experimentos/socket/mb-socket-dynamic/all-batches-10//elecNormNew-StreamingRandomPatchesExecutorMAXChunk-25-4-2000-169
06/11/23 13:51:52
06/11/23 13:51:52
/home/pi/reginaldojunior/experimentos/socket/mb-socket-dynamic/all-batches-10//elecNormNew-OzaBagAdwinExecutorMAXChunk-25-4-2000-1208
06/11/23 13:53:24
06/11/23 13:53:24
/home/pi/reginaldojunior/experimentos/socket/mb-socket-dynamic/all-batches-10//elecNormNew-OzaBagASHTExecutorMAXChunk-25-4-2000-1496
06/11/23 13:57:06
06/11/23 13:57:06
/home/pi/reginaldojunior/experimentos/socket/mb-socket-dynamic/all-batches-10//elecNormNew-OzaBagExecutorMAXChunk-25-4-2000-1664
06/11/23 13:59:08
06/11/23 13:59:08
/home/pi/reginaldojunior/experimentos/socket/mb-socket-dynamic/all-batches-10//covtypeNorm-AdaptiveRandomForestExecutorMAXChunk-25-4-2000-207
06/11/23 14:09:15
06/11/23 14:09:15
/home/pi/reginaldojunior/experimentos/socket/mb-socket-dynamic/all-batches-10//covtypeNorm-LBagExecutorMAXChunk-25-4-2000-150
06/11/23 14:19:25
06/11/23 14:19:25
/home/pi/reginaldojunior/experimentos/socket/mb-socket-dynamic/all-batches-10//covtypeNorm-StreamingRandomPatchesExecutorMAXChunk-25-4-2000-68
06/11/23 14:29:35
06/11/23 14:29:36
/home/pi/reginaldojunior/experimentos/socket/mb-socket-dynamic/all-batches-10//covtypeNorm-OzaBagAdwinExecutorMAXChunk-25-4-2000-283
06/11/23 14:39:44
06/11/23 14:39:44
/home/pi/reginaldojunior/experimentos/socket/mb-socket-dynamic/all-batches-10//covtypeNorm-OzaBagASHTExecutorMAXChunk-25-4-2000-251
06/11/23 14:49:51
06/11/23 14:49:51
/home/pi/reginaldojunior/experimentos/socket/mb-socket-dynamic/all-batches-10//covtypeNorm-OzaBagExecutorMAXChunk-25-4-2000-288
06/11/23 14:59:59
06/11/23 14:59:59
/home/pi/reginaldojunior/experimentos/socket/mb-socket-dynamic/all-batches-10//airlines-AdaptiveRandomForestExecutorMAXChunk-25-4-2000-66
06/11/23 15:10:28
06/11/23 15:10:28
/home/pi/reginaldojunior/experimentos/socket/mb-socket-dynamic/all-batches-10//airlines-LBagExecutorMAXChunk-25-4-2000-46
06/11/23 15:20:45
06/11/23 15:20:45
/home/pi/reginaldojunior/experimentos/socket/mb-socket-dynamic/all-batches-10//airlines-StreamingRandomPatchesExecutorMAXChunk-25-4-2000-69
06/11/23 15:31:12
06/11/23 15:31:12
/home/pi/reginaldojunior/experimentos/socket/mb-socket-dynamic/all-batches-10//airlines-OzaBagAdwinExecutorMAXChunk-25-4-2000-170
06/11/23 15:41:25
06/11/23 15:41:25
/home/pi/reginaldojunior/experimentos/socket/mb-socket-dynamic/all-batches-10//airlines-OzaBagASHTExecutorMAXChunk-25-4-2000-177
06/11/23 15:51:34
06/11/23 15:51:34
/home/pi/reginaldojunior/experimentos/socket/mb-socket-dynamic/all-batches-10//airlines-OzaBagExecutorMAXChunk-25-4-2000-170
06/11/23 16:01:45
06/11/23 16:01:45
/home/pi/reginaldojunior/experimentos/socket/mb-socket-dynamic/all-batches-10//GMSC-AdaptiveRandomForestExecutorMAXChunk-25-4-2000-540
06/11/23 16:11:52
06/11/23 16:11:52
/home/pi/reginaldojunior/experimentos/socket/mb-socket-dynamic/all-batches-10//GMSC-LBagExecutorMAXChunk-25-4-2000-716
06/11/23 16:21:59
06/11/23 16:21:59
/home/pi/reginaldojunior/experimentos/socket/mb-socket-dynamic/all-batches-10//GMSC-StreamingRandomPatchesExecutorMAXChunk-25-4-2000-295
06/11/23 16:32:06
06/11/23 16:32:06
/home/pi/reginaldojunior/experimentos/socket/mb-socket-dynamic/all-batches-10//GMSC-OzaBagAdwinExecutorMAXChunk-25-4-2000-1709
06/11/23 17:46:19
/home/pi/reginaldojunior/experimentos/socket/mb-socket-dynamic/all-batches-10//GMSC-LBagExecutorMAXChunk-25-4-2000-716
06/11/23 17:56:26
06/11/23 17:56:26
/home/pi/reginaldojunior/experimentos/socket/mb-socket-dynamic/all-batches-10//GMSC-StreamingRandomPatchesExecutorMAXChunk-25-4-2000-295
06/11/23 18:06:32
06/11/23 18:06:32
/home/pi/reginaldojunior/experimentos/socket/mb-socket-dynamic/all-batches-10//GMSC-OzaBagAdwinExecutorMAXChunk-25-4-2000-1709
06/11/23 18:15:06
06/11/23 18:15:06
/home/pi/reginaldojunior/experimentos/socket/mb-socket-dynamic/all-batches-10//GMSC-OzaBagASHTExecutorMAXChunk-25-4-2000-2263
06/11/23 18:20:46
06/11/23 18:20:46
/home/pi/reginaldojunior/experimentos/socket/mb-socket-dynamic/all-batches-10//GMSC-OzaBagExecutorMAXChunk-25-4-2000-2260
06/11/23 18:24:23
