22/01/22 15:01:02
/home/pi/reginaldojunior/experimentos/results/socket/600/600/elecNormNew-AdaptiveRandomForestExecutorMAXChunk-25-4-500-10
22/01/22 15:02:02
/home/pi/reginaldojunior/experimentos/results/socket/600/600/GMSC-AdaptiveRandomForestExecutorMAXChunk-25-4-50-17
22/01/22 15:03:09
22/01/22 15:03:09
/home/pi/reginaldojunior/experimentos/results/socket/600/600/GMSC-AdaptiveRandomForestExecutorMAXChunk-25-4-50-86
22/01/22 15:04:16
22/01/22 15:04:16
/home/pi/reginaldojunior/experimentos/results/socket/600/600/GMSC-AdaptiveRandomForestExecutorMAXChunk-25-4-50-155
22/01/22 15:05:23
22/01/22 15:05:23
/home/pi/reginaldojunior/experimentos/results/socket/600/600/GMSC-LBagExecutorMAXChunk-25-4-50-22
22/01/22 15:06:32
22/01/22 15:06:32
/home/pi/reginaldojunior/experimentos/results/socket/600/600/GMSC-LBagExecutorMAXChunk-25-4-50-114
22/01/22 15:07:41
22/01/22 15:07:41
/home/pi/reginaldojunior/experimentos/results/socket/600/600/GMSC-LBagExecutorMAXChunk-25-4-50-206
22/01/22 15:08:50
22/01/22 15:08:50
/home/pi/reginaldojunior/experimentos/results/socket/600/600/GMSC-StreamingRandomPatchesExecutorMAXChunk-25-4-50-9
22/01/22 15:09:57
22/01/22 15:09:57
/home/pi/reginaldojunior/experimentos/results/socket/600/600/GMSC-StreamingRandomPatchesExecutorMAXChunk-25-4-50-48
22/01/22 15:11:02
22/01/22 15:11:02
/home/pi/reginaldojunior/experimentos/results/socket/600/600/GMSC-StreamingRandomPatchesExecutorMAXChunk-25-4-50-87
22/01/22 15:12:08
22/01/22 15:12:08
/home/pi/reginaldojunior/experimentos/results/socket/600/600/GMSC-OzaBagAdwinExecutorMAXChunk-25-4-50-64
22/01/22 15:13:17
22/01/22 15:13:17
/home/pi/reginaldojunior/experimentos/results/socket/600/600/GMSC-OzaBagAdwinExecutorMAXChunk-25-4-50-321
22/01/22 15:14:26
22/01/22 15:14:26
/home/pi/reginaldojunior/experimentos/results/socket/600/600/GMSC-OzaBagAdwinExecutorMAXChunk-25-4-50-578
22/01/22 15:15:35
22/01/22 15:15:35
/home/pi/reginaldojunior/experimentos/results/socket/600/600/GMSC-OzaBagASHTExecutorMAXChunk-25-4-50-90
22/01/22 15:16:44
22/01/22 15:16:44
/home/pi/reginaldojunior/experimentos/results/socket/600/600/GMSC-OzaBagASHTExecutorMAXChunk-25-4-50-453
22/01/22 15:17:53
22/01/22 15:17:53
/home/pi/reginaldojunior/experimentos/results/socket/600/600/GMSC-OzaBagASHTExecutorMAXChunk-25-4-50-816
22/01/22 15:19:02
22/01/22 15:19:02
/home/pi/reginaldojunior/experimentos/results/socket/600/600/GMSC-OzaBagExecutorMAXChunk-25-4-50-67
22/01/22 15:20:11
22/01/22 15:20:11
/home/pi/reginaldojunior/experimentos/results/socket/600/600/GMSC-OzaBagExecutorMAXChunk-25-4-50-335
22/01/22 15:21:20
22/01/22 15:21:20
/home/pi/reginaldojunior/experimentos/results/socket/600/600/GMSC-OzaBagExecutorMAXChunk-25-4-50-603
22/01/22 15:22:31
22/01/22 15:22:31
/home/pi/reginaldojunior/experimentos/results/socket/600/600/elecNormNew-AdaptiveRandomForestExecutorMAXChunk-25-4-50-10
22/01/22 15:23:38
22/01/22 15:23:38
/home/pi/reginaldojunior/experimentos/results/socket/600/600/elecNormNew-AdaptiveRandomForestExecutorMAXChunk-25-4-50-50
22/01/22 15:24:45
22/01/22 15:24:45
/home/pi/reginaldojunior/experimentos/results/socket/600/600/elecNormNew-AdaptiveRandomForestExecutorMAXChunk-25-4-50-91
22/01/22 15:25:51
22/01/22 15:25:51
/home/pi/reginaldojunior/experimentos/results/socket/600/600/elecNormNew-LBagExecutorMAXChunk-25-4-50-16
22/01/22 15:27:00
22/01/22 15:27:00
/home/pi/reginaldojunior/experimentos/results/socket/600/600/elecNormNew-LBagExecutorMAXChunk-25-4-50-84
22/01/22 15:28:09
22/01/22 15:28:09
/home/pi/reginaldojunior/experimentos/results/socket/600/600/elecNormNew-LBagExecutorMAXChunk-25-4-50-152
22/01/22 15:29:17
22/01/22 15:29:17
/home/pi/reginaldojunior/experimentos/results/socket/600/600/elecNormNew-StreamingRandomPatchesExecutorMAXChunk-25-4-50-6
22/01/22 15:30:24
22/01/22 15:30:24
/home/pi/reginaldojunior/experimentos/results/socket/600/600/elecNormNew-StreamingRandomPatchesExecutorMAXChunk-25-4-50-30
22/01/22 15:31:30
22/01/22 15:31:30
/home/pi/reginaldojunior/experimentos/results/socket/600/600/elecNormNew-StreamingRandomPatchesExecutorMAXChunk-25-4-50-54
22/01/22 15:32:36
22/01/22 15:32:36
/home/pi/reginaldojunior/experimentos/results/socket/600/600/elecNormNew-OzaBagAdwinExecutorMAXChunk-25-4-50-42
22/01/22 15:33:45
22/01/22 15:33:45
/home/pi/reginaldojunior/experimentos/results/socket/600/600/elecNormNew-OzaBagAdwinExecutorMAXChunk-25-4-50-211
22/01/22 15:34:54
22/01/22 15:34:54
/home/pi/reginaldojunior/experimentos/results/socket/600/600/elecNormNew-OzaBagAdwinExecutorMAXChunk-25-4-50-380
22/01/22 15:36:03
22/01/22 15:36:03
/home/pi/reginaldojunior/experimentos/results/socket/600/600/elecNormNew-OzaBagASHTExecutorMAXChunk-25-4-50-43
22/01/22 15:37:12
22/01/22 15:37:12
/home/pi/reginaldojunior/experimentos/results/socket/600/600/elecNormNew-OzaBagASHTExecutorMAXChunk-25-4-50-215
22/01/22 15:38:21
22/01/22 15:38:21
/home/pi/reginaldojunior/experimentos/results/socket/600/600/elecNormNew-OzaBagASHTExecutorMAXChunk-25-4-50-387
22/01/22 15:39:30
22/01/22 15:39:30
/home/pi/reginaldojunior/experimentos/results/socket/600/600/elecNormNew-OzaBagExecutorMAXChunk-25-4-50-50
22/01/22 15:40:38
22/01/22 15:40:38
/home/pi/reginaldojunior/experimentos/results/socket/600/600/elecNormNew-OzaBagExecutorMAXChunk-25-4-50-251
22/01/22 15:41:49
22/01/22 15:41:49
/home/pi/reginaldojunior/experimentos/results/socket/600/600/elecNormNew-OzaBagExecutorMAXChunk-25-4-50-452
22/01/22 15:42:58
22/01/22 15:42:58
/home/pi/reginaldojunior/experimentos/results/socket/600/600/covtypeNorm-AdaptiveRandomForestExecutorMAXChunk-25-4-50-7
22/01/22 15:44:05
22/01/22 15:44:05
/home/pi/reginaldojunior/experimentos/results/socket/600/600/covtypeNorm-AdaptiveRandomForestExecutorMAXChunk-25-4-50-36
22/01/22 15:45:12
22/01/22 15:45:12
/home/pi/reginaldojunior/experimentos/results/socket/600/600/covtypeNorm-AdaptiveRandomForestExecutorMAXChunk-25-4-50-65
22/01/22 15:46:18
22/01/22 15:46:18
/home/pi/reginaldojunior/experimentos/results/socket/600/600/covtypeNorm-LBagExecutorMAXChunk-25-4-50-4
22/01/22 15:47:27
22/01/22 15:47:27
/home/pi/reginaldojunior/experimentos/results/socket/600/600/covtypeNorm-LBagExecutorMAXChunk-25-4-50-20
22/01/22 15:48:36
22/01/22 15:48:36
/home/pi/reginaldojunior/experimentos/results/socket/600/600/covtypeNorm-LBagExecutorMAXChunk-25-4-50-37
22/01/22 15:49:44
22/01/22 15:49:44
/home/pi/reginaldojunior/experimentos/results/socket/600/600/covtypeNorm-StreamingRandomPatchesExecutorMAXChunk-25-4-50-2
22/01/22 15:50:51
22/01/22 15:50:51
/home/pi/reginaldojunior/experimentos/results/socket/600/600/covtypeNorm-StreamingRandomPatchesExecutorMAXChunk-25-4-50-12
22/01/22 15:51:58
22/01/22 15:51:58
/home/pi/reginaldojunior/experimentos/results/socket/600/600/covtypeNorm-StreamingRandomPatchesExecutorMAXChunk-25-4-50-21
22/01/22 15:53:05
22/01/22 15:53:05
/home/pi/reginaldojunior/experimentos/results/socket/600/600/covtypeNorm-OzaBagAdwinExecutorMAXChunk-25-4-50-4
22/01/22 15:54:14
22/01/22 15:54:14
/home/pi/reginaldojunior/experimentos/results/socket/600/600/covtypeNorm-OzaBagAdwinExecutorMAXChunk-25-4-50-24
22/01/22 15:55:23
22/01/22 15:55:23
/home/pi/reginaldojunior/experimentos/results/socket/600/600/covtypeNorm-OzaBagAdwinExecutorMAXChunk-25-4-50-43
22/01/22 15:56:31
22/01/22 15:56:31
/home/pi/reginaldojunior/experimentos/results/socket/600/600/covtypeNorm-OzaBagASHTExecutorMAXChunk-25-4-50-4
22/01/22 15:57:40
22/01/22 15:57:40
/home/pi/reginaldojunior/experimentos/results/socket/600/600/covtypeNorm-OzaBagASHTExecutorMAXChunk-25-4-50-21
22/01/22 15:58:49
22/01/22 15:58:49
/home/pi/reginaldojunior/experimentos/results/socket/600/600/covtypeNorm-OzaBagASHTExecutorMAXChunk-25-4-50-38
22/01/22 15:59:58
22/01/22 15:59:58
/home/pi/reginaldojunior/experimentos/results/socket/600/600/covtypeNorm-OzaBagExecutorMAXChunk-25-4-50-4
22/01/22 16:01:07
22/01/22 16:01:07
/home/pi/reginaldojunior/experimentos/results/socket/600/600/covtypeNorm-OzaBagExecutorMAXChunk-25-4-50-21
22/01/22 16:02:16
22/01/22 16:02:16
/home/pi/reginaldojunior/experimentos/results/socket/600/600/covtypeNorm-OzaBagExecutorMAXChunk-25-4-50-38
22/01/22 16:03:24
22/01/22 16:03:24
/home/pi/reginaldojunior/experimentos/results/socket/600/600/GMSC-AdaptiveRandomForestExecutorMAXChunk-25-4-500-17
22/01/22 16:04:32
22/01/22 16:04:32
/home/pi/reginaldojunior/experimentos/results/socket/600/600/GMSC-AdaptiveRandomForestExecutorMAXChunk-25-4-500-89
22/01/22 16:05:39
22/01/22 16:05:39
/home/pi/reginaldojunior/experimentos/results/socket/600/600/GMSC-AdaptiveRandomForestExecutorMAXChunk-25-4-500-161
22/01/22 16:06:46
22/01/22 16:06:46
/home/pi/reginaldojunior/experimentos/results/socket/600/600/GMSC-LBagExecutorMAXChunk-25-4-500-23
22/01/22 16:07:55
22/01/22 16:07:55
/home/pi/reginaldojunior/experimentos/results/socket/600/600/GMSC-LBagExecutorMAXChunk-25-4-500-117
22/01/22 16:09:04
22/01/22 16:09:04
/home/pi/reginaldojunior/experimentos/results/socket/600/600/GMSC-LBagExecutorMAXChunk-25-4-500-210
22/01/22 16:10:13
22/01/22 16:10:13
/home/pi/reginaldojunior/experimentos/results/socket/600/600/GMSC-StreamingRandomPatchesExecutorMAXChunk-25-4-500-9
22/01/22 16:11:29
22/01/22 16:11:29
/home/pi/reginaldojunior/experimentos/results/socket/600/600/GMSC-StreamingRandomPatchesExecutorMAXChunk-25-4-500-48
22/01/22 16:12:35
22/01/22 16:12:35
/home/pi/reginaldojunior/experimentos/results/socket/600/600/GMSC-StreamingRandomPatchesExecutorMAXChunk-25-4-500-87
22/01/22 16:13:42
22/01/22 16:13:42
/home/pi/reginaldojunior/experimentos/results/socket/600/600/GMSC-OzaBagAdwinExecutorMAXChunk-25-4-500-60
22/01/22 16:14:52
22/01/22 16:14:52
/home/pi/reginaldojunior/experimentos/results/socket/600/600/GMSC-OzaBagAdwinExecutorMAXChunk-25-4-500-303
22/01/22 16:16:01
22/01/22 16:16:01
/home/pi/reginaldojunior/experimentos/results/socket/600/600/GMSC-OzaBagAdwinExecutorMAXChunk-25-4-500-546
22/01/22 16:17:10
22/01/22 16:17:10
/home/pi/reginaldojunior/experimentos/results/socket/600/600/GMSC-OzaBagASHTExecutorMAXChunk-25-4-500-96
22/01/22 16:18:19
22/01/22 16:18:19
/home/pi/reginaldojunior/experimentos/results/socket/600/600/GMSC-OzaBagASHTExecutorMAXChunk-25-4-500-484
22/01/22 16:19:28
22/01/22 16:19:28
/home/pi/reginaldojunior/experimentos/results/socket/600/600/GMSC-OzaBagASHTExecutorMAXChunk-25-4-500-871
22/01/22 16:20:37
22/01/22 16:20:37
/home/pi/reginaldojunior/experimentos/results/socket/600/600/GMSC-OzaBagExecutorMAXChunk-25-4-500-72
22/01/22 16:21:46
22/01/22 16:21:46
/home/pi/reginaldojunior/experimentos/results/socket/600/600/GMSC-OzaBagExecutorMAXChunk-25-4-500-362
22/01/22 16:22:55
22/01/22 16:22:55
/home/pi/reginaldojunior/experimentos/results/socket/600/600/GMSC-OzaBagExecutorMAXChunk-25-4-500-652
22/01/22 16:24:04
22/01/22 16:24:04
/home/pi/reginaldojunior/experimentos/results/socket/600/600/elecNormNew-AdaptiveRandomForestExecutorMAXChunk-25-4-500-10
22/01/22 16:32:33
22/01/22 16:32:34
/home/pi/reginaldojunior/experimentos/results/socket/600/600/elecNormNew-AdaptiveRandomForestExecutorMAXChunk-25-4-500-50
22/01/22 16:33:41
22/01/22 16:33:41
/home/pi/reginaldojunior/experimentos/results/socket/600/600/elecNormNew-AdaptiveRandomForestExecutorMAXChunk-25-4-500-91
22/01/22 16:34:48
22/01/22 16:34:48
/home/pi/reginaldojunior/experimentos/results/socket/600/600/elecNormNew-LBagExecutorMAXChunk-25-4-500-19
22/01/22 16:35:58
22/01/22 16:35:58
/home/pi/reginaldojunior/experimentos/results/socket/600/600/elecNormNew-LBagExecutorMAXChunk-25-4-500-98
22/01/22 16:37:07
22/01/22 16:37:07
/home/pi/reginaldojunior/experimentos/results/socket/600/600/elecNormNew-LBagExecutorMAXChunk-25-4-500-177
22/01/22 16:38:16
22/01/22 16:38:16
/home/pi/reginaldojunior/experimentos/results/socket/600/600/elecNormNew-StreamingRandomPatchesExecutorMAXChunk-25-4-500-6
22/01/22 16:39:32
22/01/22 16:39:32
/home/pi/reginaldojunior/experimentos/results/socket/600/600/elecNormNew-StreamingRandomPatchesExecutorMAXChunk-25-4-500-30
22/01/22 16:40:40
22/01/22 16:40:40
/home/pi/reginaldojunior/experimentos/results/socket/600/600/elecNormNew-StreamingRandomPatchesExecutorMAXChunk-25-4-500-54
22/01/22 16:41:48
22/01/22 16:41:48
/home/pi/reginaldojunior/experimentos/results/socket/600/600/elecNormNew-OzaBagAdwinExecutorMAXChunk-25-4-500-45
22/01/22 16:42:56
22/01/22 16:42:56
/home/pi/reginaldojunior/experimentos/results/socket/600/600/elecNormNew-OzaBagAdwinExecutorMAXChunk-25-4-500-228
22/01/22 16:44:05
22/01/22 16:44:05
/home/pi/reginaldojunior/experimentos/results/socket/600/600/elecNormNew-OzaBagAdwinExecutorMAXChunk-25-4-500-411
22/01/22 16:45:14
22/01/22 16:45:14
/home/pi/reginaldojunior/experimentos/results/socket/600/600/elecNormNew-OzaBagASHTExecutorMAXChunk-25-4-500-48
22/01/22 16:46:23
22/01/22 16:46:23
/home/pi/reginaldojunior/experimentos/results/socket/600/600/elecNormNew-OzaBagASHTExecutorMAXChunk-25-4-500-244
22/01/22 16:47:32
22/01/22 16:47:32
/home/pi/reginaldojunior/experimentos/results/socket/600/600/elecNormNew-OzaBagASHTExecutorMAXChunk-25-4-500-440
22/01/22 16:48:41
22/01/22 16:48:41
/home/pi/reginaldojunior/experimentos/results/socket/600/600/elecNormNew-OzaBagExecutorMAXChunk-25-4-500-53
22/01/22 16:49:50
22/01/22 16:49:50
/home/pi/reginaldojunior/experimentos/results/socket/600/600/elecNormNew-OzaBagExecutorMAXChunk-25-4-500-266
22/01/22 16:50:59
22/01/22 16:50:59
/home/pi/reginaldojunior/experimentos/results/socket/600/600/elecNormNew-OzaBagExecutorMAXChunk-25-4-500-479
22/01/22 16:52:08
22/01/22 16:52:08
/home/pi/reginaldojunior/experimentos/results/socket/600/600/covtypeNorm-AdaptiveRandomForestExecutorMAXChunk-25-4-500-7
22/01/22 16:53:24
22/01/22 16:53:24
/home/pi/reginaldojunior/experimentos/results/socket/600/600/covtypeNorm-AdaptiveRandomForestExecutorMAXChunk-25-4-500-36
22/01/22 16:54:31
22/01/22 16:54:31
/home/pi/reginaldojunior/experimentos/results/socket/600/600/covtypeNorm-AdaptiveRandomForestExecutorMAXChunk-25-4-500-66
22/01/22 16:55:38
22/01/22 16:55:38
/home/pi/reginaldojunior/experimentos/results/socket/600/600/covtypeNorm-LBagExecutorMAXChunk-25-4-500-4
22/01/22 16:56:49
22/01/22 16:56:49
/home/pi/reginaldojunior/experimentos/results/socket/600/600/covtypeNorm-LBagExecutorMAXChunk-25-4-500-21
22/01/22 16:58:00
22/01/22 16:58:00
/home/pi/reginaldojunior/experimentos/results/socket/600/600/covtypeNorm-LBagExecutorMAXChunk-25-4-500-38
22/01/22 16:59:09
22/01/22 16:59:09
/home/pi/reginaldojunior/experimentos/results/socket/600/600/covtypeNorm-StreamingRandomPatchesExecutorMAXChunk-25-4-500-2
22/01/22 17:08:41
22/01/22 17:08:41
/home/pi/reginaldojunior/experimentos/results/socket/600/600/covtypeNorm-StreamingRandomPatchesExecutorMAXChunk-25-4-500-12
22/01/22 17:09:55
22/01/22 17:09:55
/home/pi/reginaldojunior/experimentos/results/socket/600/600/covtypeNorm-StreamingRandomPatchesExecutorMAXChunk-25-4-500-21
22/01/22 17:11:04
22/01/22 17:11:04
/home/pi/reginaldojunior/experimentos/results/socket/600/600/covtypeNorm-OzaBagAdwinExecutorMAXChunk-25-4-500-3
22/01/22 17:12:14
22/01/22 17:12:14
/home/pi/reginaldojunior/experimentos/results/socket/600/600/covtypeNorm-OzaBagAdwinExecutorMAXChunk-25-4-500-19
22/01/22 17:13:24
22/01/22 17:13:24
/home/pi/reginaldojunior/experimentos/results/socket/600/600/covtypeNorm-OzaBagAdwinExecutorMAXChunk-25-4-500-34
22/01/22 17:14:34
22/01/22 17:14:34
/home/pi/reginaldojunior/experimentos/results/socket/600/600/covtypeNorm-OzaBagASHTExecutorMAXChunk-25-4-500-5
22/01/22 17:15:44
22/01/22 17:15:44
/home/pi/reginaldojunior/experimentos/results/socket/600/600/covtypeNorm-OzaBagASHTExecutorMAXChunk-25-4-500-29
22/01/22 17:16:53
22/01/22 17:16:53
/home/pi/reginaldojunior/experimentos/results/socket/600/600/covtypeNorm-OzaBagASHTExecutorMAXChunk-25-4-500-52
22/01/22 17:18:05
22/01/22 17:18:05
/home/pi/reginaldojunior/experimentos/results/socket/600/600/covtypeNorm-OzaBagExecutorMAXChunk-25-4-500-4
22/01/22 17:19:14
22/01/22 17:19:14
/home/pi/reginaldojunior/experimentos/results/socket/600/600/covtypeNorm-OzaBagExecutorMAXChunk-25-4-500-22
22/01/22 17:20:23
22/01/22 17:20:23
/home/pi/reginaldojunior/experimentos/results/socket/600/600/covtypeNorm-OzaBagExecutorMAXChunk-25-4-500-41
22/01/22 17:21:33
22/01/22 17:21:33
/home/pi/reginaldojunior/experimentos/results/socket/600/600/GMSC-AdaptiveRandomForestExecutorMAXChunk-25-4-2000-15
22/01/22 17:22:50
22/01/22 17:22:50
/home/pi/reginaldojunior/experimentos/results/socket/600/600/GMSC-AdaptiveRandomForestExecutorMAXChunk-25-4-2000-79
22/01/22 17:23:57
22/01/22 17:23:57
/home/pi/reginaldojunior/experimentos/results/socket/600/600/GMSC-AdaptiveRandomForestExecutorMAXChunk-25-4-2000-143
22/01/22 17:25:04
22/01/22 17:25:04
/home/pi/reginaldojunior/experimentos/results/socket/600/600/GMSC-LBagExecutorMAXChunk-25-4-2000-21
22/01/22 17:26:22
22/01/22 17:26:22
/home/pi/reginaldojunior/experimentos/results/socket/600/600/GMSC-LBagExecutorMAXChunk-25-4-2000-105
22/01/22 17:27:32
22/01/22 17:27:32
/home/pi/reginaldojunior/experimentos/results/socket/600/600/GMSC-LBagExecutorMAXChunk-25-4-2000-189
22/01/22 17:28:42
22/01/22 17:28:43
/home/pi/reginaldojunior/experimentos/results/socket/600/600/GMSC-StreamingRandomPatchesExecutorMAXChunk-25-4-2000-9
22/01/22 17:29:58
22/01/22 17:29:58
/home/pi/reginaldojunior/experimentos/results/socket/600/600/GMSC-StreamingRandomPatchesExecutorMAXChunk-25-4-2000-47
22/01/22 17:36:34
22/01/22 17:36:34
/home/pi/reginaldojunior/experimentos/results/socket/600/600/GMSC-StreamingRandomPatchesExecutorMAXChunk-25-4-2000-84
22/01/22 17:37:42
22/01/22 17:37:42
/home/pi/reginaldojunior/experimentos/results/socket/600/600/GMSC-OzaBagAdwinExecutorMAXChunk-25-4-2000-55
22/01/22 17:38:51
22/01/22 17:38:51
/home/pi/reginaldojunior/experimentos/results/socket/600/600/GMSC-OzaBagAdwinExecutorMAXChunk-25-4-2000-278
22/01/22 17:40:01
22/01/22 17:40:01
/home/pi/reginaldojunior/experimentos/results/socket/600/600/GMSC-OzaBagAdwinExecutorMAXChunk-25-4-2000-502
22/01/22 17:41:10
22/01/22 17:41:10
/home/pi/reginaldojunior/experimentos/results/socket/600/600/GMSC-OzaBagASHTExecutorMAXChunk-25-4-2000-82
22/01/22 17:42:19
22/01/22 17:42:19
/home/pi/reginaldojunior/experimentos/results/socket/600/600/GMSC-OzaBagASHTExecutorMAXChunk-25-4-2000-411
22/01/22 17:43:28
22/01/22 17:43:28
/home/pi/reginaldojunior/experimentos/results/socket/600/600/GMSC-OzaBagASHTExecutorMAXChunk-25-4-2000-740
22/01/22 17:44:37
22/01/22 17:44:37
/home/pi/reginaldojunior/experimentos/results/socket/600/600/GMSC-OzaBagExecutorMAXChunk-25-4-2000-65
22/01/22 17:45:49
22/01/22 17:45:49
/home/pi/reginaldojunior/experimentos/results/socket/600/600/GMSC-OzaBagExecutorMAXChunk-25-4-2000-329
22/01/22 17:46:58
22/01/22 17:46:58
/home/pi/reginaldojunior/experimentos/results/socket/600/600/GMSC-OzaBagExecutorMAXChunk-25-4-2000-593
22/01/22 17:48:07
22/01/22 17:48:07
/home/pi/reginaldojunior/experimentos/results/socket/600/600/elecNormNew-AdaptiveRandomForestExecutorMAXChunk-25-4-2000-9
22/01/22 17:49:20
22/01/22 17:49:20
/home/pi/reginaldojunior/experimentos/results/socket/600/600/elecNormNew-AdaptiveRandomForestExecutorMAXChunk-25-4-2000-49
22/01/22 17:51:52
22/01/22 17:51:52
/home/pi/reginaldojunior/experimentos/results/socket/600/600/elecNormNew-AdaptiveRandomForestExecutorMAXChunk-25-4-2000-89
22/01/22 17:53:01
22/01/22 17:53:01
/home/pi/reginaldojunior/experimentos/results/socket/600/600/elecNormNew-LBagExecutorMAXChunk-25-4-2000-18
22/01/22 17:54:22
22/01/22 17:54:22
/home/pi/reginaldojunior/experimentos/results/socket/600/600/elecNormNew-LBagExecutorMAXChunk-25-4-2000-91
22/01/22 17:55:33
22/01/22 17:55:33
/home/pi/reginaldojunior/experimentos/results/socket/600/600/elecNormNew-LBagExecutorMAXChunk-25-4-2000-164
22/01/22 17:56:43
22/01/22 17:56:43
/home/pi/reginaldojunior/experimentos/results/socket/600/600/elecNormNew-StreamingRandomPatchesExecutorMAXChunk-25-4-2000-6
22/01/22 17:57:59
22/01/22 17:57:59
/home/pi/reginaldojunior/experimentos/results/socket/600/600/elecNormNew-StreamingRandomPatchesExecutorMAXChunk-25-4-2000-31
22/01/22 17:59:25
22/01/22 17:59:25
/home/pi/reginaldojunior/experimentos/results/socket/600/600/elecNormNew-StreamingRandomPatchesExecutorMAXChunk-25-4-2000-56
22/01/22 18:00:36
22/01/22 18:00:36
/home/pi/reginaldojunior/experimentos/results/socket/600/600/elecNormNew-OzaBagAdwinExecutorMAXChunk-25-4-2000-42
22/01/22 18:01:45
22/01/22 18:01:45
/home/pi/reginaldojunior/experimentos/results/socket/600/600/elecNormNew-OzaBagAdwinExecutorMAXChunk-25-4-2000-214
22/01/22 18:02:54
22/01/22 18:02:54
/home/pi/reginaldojunior/experimentos/results/socket/600/600/elecNormNew-OzaBagAdwinExecutorMAXChunk-25-4-2000-386
22/01/22 18:04:03
22/01/22 18:04:03
/home/pi/reginaldojunior/experimentos/results/socket/600/600/elecNormNew-OzaBagASHTExecutorMAXChunk-25-4-2000-46
22/01/22 18:05:13
22/01/22 18:05:13
/home/pi/reginaldojunior/experimentos/results/socket/600/600/elecNormNew-OzaBagASHTExecutorMAXChunk-25-4-2000-231
22/01/22 18:06:23
22/01/22 18:06:23
/home/pi/reginaldojunior/experimentos/results/socket/600/600/elecNormNew-OzaBagASHTExecutorMAXChunk-25-4-2000-416
22/01/22 18:07:32
22/01/22 18:07:32
/home/pi/reginaldojunior/experimentos/results/socket/600/600/elecNormNew-OzaBagExecutorMAXChunk-25-4-2000-50
22/01/22 18:08:42
22/01/22 18:08:42
/home/pi/reginaldojunior/experimentos/results/socket/600/600/elecNormNew-OzaBagExecutorMAXChunk-25-4-2000-251
22/01/22 18:09:51
22/01/22 18:09:51
/home/pi/reginaldojunior/experimentos/results/socket/600/600/elecNormNew-OzaBagExecutorMAXChunk-25-4-2000-452
22/01/22 18:11:01
22/01/22 18:11:01
/home/pi/reginaldojunior/experimentos/results/socket/600/600/covtypeNorm-AdaptiveRandomForestExecutorMAXChunk-25-4-2000-6
22/01/22 18:12:17
22/01/22 18:12:17
/home/pi/reginaldojunior/experimentos/results/socket/600/600/covtypeNorm-AdaptiveRandomForestExecutorMAXChunk-25-4-2000-30
22/01/22 18:13:51
22/01/22 18:13:51
/home/pi/reginaldojunior/experimentos/results/socket/600/600/covtypeNorm-AdaptiveRandomForestExecutorMAXChunk-25-4-2000-54
22/01/22 18:19:44
22/01/22 18:19:44
/home/pi/reginaldojunior/experimentos/results/socket/600/600/covtypeNorm-LBagExecutorMAXChunk-25-4-2000-4
22/01/22 18:21:05
22/01/22 18:21:05
/home/pi/reginaldojunior/experimentos/results/socket/600/600/covtypeNorm-LBagExecutorMAXChunk-25-4-2000-23
22/01/22 18:22:25
22/01/22 18:22:25
/home/pi/reginaldojunior/experimentos/results/socket/600/600/covtypeNorm-LBagExecutorMAXChunk-25-4-2000-42
22/01/22 18:23:43
22/01/22 18:23:43
/home/pi/reginaldojunior/experimentos/results/socket/600/600/covtypeNorm-StreamingRandomPatchesExecutorMAXChunk-25-4-2000-2
22/01/22 18:25:06
22/01/22 18:25:06
/home/pi/reginaldojunior/experimentos/results/socket/600/600/covtypeNorm-StreamingRandomPatchesExecutorMAXChunk-25-4-2000-13
22/01/22 18:26:29
22/01/22 18:26:29
/home/pi/reginaldojunior/experimentos/results/socket/600/600/covtypeNorm-StreamingRandomPatchesExecutorMAXChunk-25-4-2000-24
22/01/22 18:28:00
22/01/22 18:28:00
/home/pi/reginaldojunior/experimentos/results/socket/600/600/covtypeNorm-OzaBagAdwinExecutorMAXChunk-25-4-2000-4
22/01/22 18:29:16
22/01/22 18:29:16
/home/pi/reginaldojunior/experimentos/results/socket/600/600/covtypeNorm-OzaBagAdwinExecutorMAXChunk-25-4-2000-24
22/01/22 18:30:32
22/01/22 18:30:32
/home/pi/reginaldojunior/experimentos/results/socket/600/600/covtypeNorm-OzaBagAdwinExecutorMAXChunk-25-4-2000-43
22/01/22 18:31:43
22/01/22 18:31:43
/home/pi/reginaldojunior/experimentos/results/socket/600/600/covtypeNorm-OzaBagASHTExecutorMAXChunk-25-4-2000-6
22/01/22 18:32:55
22/01/22 18:32:55
/home/pi/reginaldojunior/experimentos/results/socket/600/600/covtypeNorm-OzaBagASHTExecutorMAXChunk-25-4-2000-30
22/01/22 18:34:11
22/01/22 18:34:11
/home/pi/reginaldojunior/experimentos/results/socket/600/600/covtypeNorm-OzaBagASHTExecutorMAXChunk-25-4-2000-54
22/01/22 18:35:24
22/01/22 18:35:24
/home/pi/reginaldojunior/experimentos/results/socket/600/600/covtypeNorm-OzaBagExecutorMAXChunk-25-4-2000-4
22/01/22 18:36:40
22/01/22 18:36:40
/home/pi/reginaldojunior/experimentos/results/socket/600/600/covtypeNorm-OzaBagExecutorMAXChunk-25-4-2000-24
22/01/22 18:37:56
22/01/22 18:37:56
/home/pi/reginaldojunior/experimentos/results/socket/600/600/covtypeNorm-OzaBagExecutorMAXChunk-25-4-2000-43
22/01/22 18:39:07
