07/12/23 14:44:25
/home/pi/reginaldojunior/experimentos/socket/loop-fusion-dynamic/all-batches-9//covtypeNorm-AdaptiveRandomForestExecutorMAXChunk-25-4-25-844
07/12/23 14:54:31
07/12/23 14:54:31
/home/pi/reginaldojunior/experimentos/socket/loop-fusion-dynamic/all-batches-9//covtypeNorm-LBagExecutorMAXChunk-25-4-25-575
07/12/23 15:04:37
07/12/23 15:04:37
/home/pi/reginaldojunior/experimentos/socket/loop-fusion-dynamic/all-batches-9//covtypeNorm-StreamingRandomPatchesExecutorMAXChunk-25-4-25-253
07/12/23 15:14:43
07/12/23 15:14:43
/home/pi/reginaldojunior/experimentos/socket/loop-fusion-dynamic/all-batches-9//covtypeNorm-OzaBagAdwinExecutorMAXChunk-25-4-25-794
07/12/23 15:24:49
07/12/23 15:24:49
/home/pi/reginaldojunior/experimentos/socket/loop-fusion-dynamic/all-batches-9//covtypeNorm-OzaBagASHTExecutorMAXChunk-25-4-25-2709
07/12/23 15:34:56
07/12/23 15:34:56
/home/pi/reginaldojunior/experimentos/socket/loop-fusion-dynamic/all-batches-9//covtypeNorm-OzaBagExecutorMAXChunk-25-4-25-2679
07/12/23 15:45:03
07/12/23 15:45:03
/home/pi/reginaldojunior/experimentos/socket/loop-fusion-dynamic/all-batches-9//airlines-AdaptiveRandomForestExecutorMAXChunk-25-4-25-213
07/12/23 15:55:09
07/12/23 15:55:09
/home/pi/reginaldojunior/experimentos/socket/loop-fusion-dynamic/all-batches-9//airlines-LBagExecutorMAXChunk-25-4-25-210
07/12/23 16:05:16
07/12/23 16:05:16
/home/pi/reginaldojunior/experimentos/socket/loop-fusion-dynamic/all-batches-9//airlines-StreamingRandomPatchesExecutorMAXChunk-25-4-25-236
07/12/23 16:15:23
07/12/23 16:15:23
/home/pi/reginaldojunior/experimentos/socket/loop-fusion-dynamic/all-batches-9//airlines-OzaBagAdwinExecutorMAXChunk-25-4-25-717
07/12/23 16:25:30
07/12/23 16:25:30
/home/pi/reginaldojunior/experimentos/socket/loop-fusion-dynamic/all-batches-9//airlines-OzaBagASHTExecutorMAXChunk-25-4-25-2735
07/12/23 16:35:36
07/12/23 16:35:36
/home/pi/reginaldojunior/experimentos/socket/loop-fusion-dynamic/all-batches-9//airlines-OzaBagExecutorMAXChunk-25-4-25-4800
07/12/23 16:45:43
07/12/23 16:45:43
/home/pi/reginaldojunior/experimentos/socket/loop-fusion-dynamic/all-batches-9//elecNormNew-AdaptiveRandomForestExecutorMAXChunk-25-4-25-882
07/12/23 16:55:49
07/12/23 16:55:49
/home/pi/reginaldojunior/experimentos/socket/loop-fusion-dynamic/all-batches-9//elecNormNew-LBagExecutorMAXChunk-25-4-25-1258
07/12/23 17:05:55
07/12/23 17:05:55
/home/pi/reginaldojunior/experimentos/socket/loop-fusion-dynamic/all-batches-9//elecNormNew-StreamingRandomPatchesExecutorMAXChunk-25-4-25-496
07/12/23 17:16:01
07/12/23 17:16:01
/home/pi/reginaldojunior/experimentos/socket/loop-fusion-dynamic/all-batches-9//elecNormNew-OzaBagAdwinExecutorMAXChunk-25-4-25-2142
07/12/23 17:24:08
07/12/23 17:24:08
/home/pi/reginaldojunior/experimentos/socket/loop-fusion-dynamic/all-batches-9//elecNormNew-OzaBagASHTExecutorMAXChunk-25-4-25-3926
07/12/23 17:26:56
07/12/23 17:26:56
/home/pi/reginaldojunior/experimentos/socket/loop-fusion-dynamic/all-batches-9//elecNormNew-OzaBagExecutorMAXChunk-25-4-25-3944
07/12/23 17:30:55
07/12/23 17:30:55
/home/pi/reginaldojunior/experimentos/socket/loop-fusion-dynamic/all-batches-9//GMSC-AdaptiveRandomForestExecutorMAXChunk-25-4-25-1574
07/12/23 17:41:01
07/12/23 17:41:01
/home/pi/reginaldojunior/experimentos/socket/loop-fusion-dynamic/all-batches-9//GMSC-LBagExecutorMAXChunk-25-4-25-1861
07/12/23 17:51:07
07/12/23 17:51:07
/home/pi/reginaldojunior/experimentos/socket/loop-fusion-dynamic/all-batches-9//GMSC-StreamingRandomPatchesExecutorMAXChunk-25-4-25-898
07/12/23 18:01:13
07/12/23 18:01:13
/home/pi/reginaldojunior/experimentos/socket/loop-fusion-dynamic/all-batches-9//GMSC-OzaBagAdwinExecutorMAXChunk-25-4-25-3066
07/12/23 18:11:19
07/12/23 18:11:19
/home/pi/reginaldojunior/experimentos/socket/loop-fusion-dynamic/all-batches-9//GMSC-OzaBagASHTExecutorMAXChunk-25-4-25-6863
07/12/23 18:18:13
07/12/23 18:18:13
/home/pi/reginaldojunior/experimentos/socket/loop-fusion-dynamic/all-batches-9//GMSC-OzaBagExecutorMAXChunk-25-4-25-6653
07/12/23 18:25:51
07/12/23 18:25:51
/home/pi/reginaldojunior/experimentos/socket/loop-fusion-dynamic/all-batches-9//covtypeNorm-AdaptiveRandomForestExecutorMAXChunk-25-4-50-1012
07/12/23 18:35:56
07/12/23 18:35:56
/home/pi/reginaldojunior/experimentos/socket/loop-fusion-dynamic/all-batches-9//covtypeNorm-LBagExecutorMAXChunk-25-4-50-667
07/12/23 18:46:03
07/12/23 18:46:03
/home/pi/reginaldojunior/experimentos/socket/loop-fusion-dynamic/all-batches-9//covtypeNorm-StreamingRandomPatchesExecutorMAXChunk-25-4-50-255
07/12/23 18:56:09
07/12/23 18:56:09
/home/pi/reginaldojunior/experimentos/socket/loop-fusion-dynamic/all-batches-9//covtypeNorm-OzaBagAdwinExecutorMAXChunk-25-4-50-996
07/12/23 19:06:15
07/12/23 19:06:15
/home/pi/reginaldojunior/experimentos/socket/loop-fusion-dynamic/all-batches-9//covtypeNorm-OzaBagASHTExecutorMAXChunk-25-4-50-2708
07/12/23 19:16:22
07/12/23 19:16:22
/home/pi/reginaldojunior/experimentos/socket/loop-fusion-dynamic/all-batches-9//covtypeNorm-OzaBagExecutorMAXChunk-25-4-50-2675
07/12/23 19:26:28
07/12/23 19:26:29
/home/pi/reginaldojunior/experimentos/socket/loop-fusion-dynamic/all-batches-9//airlines-AdaptiveRandomForestExecutorMAXChunk-25-4-50-220
07/12/23 19:36:34
07/12/23 19:36:34
/home/pi/reginaldojunior/experimentos/socket/loop-fusion-dynamic/all-batches-9//airlines-LBagExecutorMAXChunk-25-4-50-214
07/12/23 19:46:41
07/12/23 19:46:41
/home/pi/reginaldojunior/experimentos/socket/loop-fusion-dynamic/all-batches-9//airlines-StreamingRandomPatchesExecutorMAXChunk-25-4-50-239
07/12/23 19:56:46
07/12/23 19:56:46
/home/pi/reginaldojunior/experimentos/socket/loop-fusion-dynamic/all-batches-9//airlines-OzaBagAdwinExecutorMAXChunk-25-4-50-683
07/12/23 20:06:53
07/12/23 20:06:53
/home/pi/reginaldojunior/experimentos/socket/loop-fusion-dynamic/all-batches-9//airlines-OzaBagASHTExecutorMAXChunk-25-4-50-3799
07/12/23 20:17:00
07/12/23 20:17:00
/home/pi/reginaldojunior/experimentos/socket/loop-fusion-dynamic/all-batches-9//airlines-OzaBagExecutorMAXChunk-25-4-50-5027
07/12/23 20:27:06
07/12/23 20:27:06
/home/pi/reginaldojunior/experimentos/socket/loop-fusion-dynamic/all-batches-9//elecNormNew-AdaptiveRandomForestExecutorMAXChunk-25-4-50-918
07/12/23 20:37:12
07/12/23 20:37:12
/home/pi/reginaldojunior/experimentos/socket/loop-fusion-dynamic/all-batches-9//elecNormNew-LBagExecutorMAXChunk-25-4-50-1316
07/12/23 20:47:10
07/12/23 20:47:10
/home/pi/reginaldojunior/experimentos/socket/loop-fusion-dynamic/all-batches-9//elecNormNew-StreamingRandomPatchesExecutorMAXChunk-25-4-50-489
07/12/23 20:57:16
07/12/23 20:57:16
/home/pi/reginaldojunior/experimentos/socket/loop-fusion-dynamic/all-batches-9//elecNormNew-OzaBagAdwinExecutorMAXChunk-25-4-50-2523
07/12/23 21:02:10
07/12/23 21:02:10
/home/pi/reginaldojunior/experimentos/socket/loop-fusion-dynamic/all-batches-9//elecNormNew-OzaBagASHTExecutorMAXChunk-25-4-50-4141
07/12/23 21:05:54
07/12/23 21:05:54
/home/pi/reginaldojunior/experimentos/socket/loop-fusion-dynamic/all-batches-9//elecNormNew-OzaBagExecutorMAXChunk-25-4-50-4162
07/12/23 21:08:48
07/12/23 21:08:48
/home/pi/reginaldojunior/experimentos/socket/loop-fusion-dynamic/all-batches-9//GMSC-AdaptiveRandomForestExecutorMAXChunk-25-4-50-1699
07/12/23 21:18:53
07/12/23 21:18:53
/home/pi/reginaldojunior/experimentos/socket/loop-fusion-dynamic/all-batches-9//GMSC-LBagExecutorMAXChunk-25-4-50-2037
07/12/23 21:29:00
07/12/23 21:29:00
/home/pi/reginaldojunior/experimentos/socket/loop-fusion-dynamic/all-batches-9//GMSC-StreamingRandomPatchesExecutorMAXChunk-25-4-50-958
07/12/23 21:39:06
07/12/23 21:39:06
/home/pi/reginaldojunior/experimentos/socket/loop-fusion-dynamic/all-batches-9//GMSC-OzaBagAdwinExecutorMAXChunk-25-4-50-4027
07/12/23 21:49:12
07/12/23 21:49:12
/home/pi/reginaldojunior/experimentos/socket/loop-fusion-dynamic/all-batches-9//GMSC-OzaBagASHTExecutorMAXChunk-25-4-50-7285
07/12/23 21:56:36
07/12/23 21:56:36
/home/pi/reginaldojunior/experimentos/socket/loop-fusion-dynamic/all-batches-9//GMSC-OzaBagExecutorMAXChunk-25-4-50-6990
07/12/23 22:05:11
07/12/23 22:05:11
/home/pi/reginaldojunior/experimentos/socket/loop-fusion-dynamic/all-batches-9//covtypeNorm-AdaptiveRandomForestExecutorMAXChunk-25-4-500-963
07/12/23 22:15:17
07/12/23 22:15:17
/home/pi/reginaldojunior/experimentos/socket/loop-fusion-dynamic/all-batches-9//covtypeNorm-LBagExecutorMAXChunk-25-4-500-782
07/12/23 22:25:23
07/12/23 22:25:23
/home/pi/reginaldojunior/experimentos/socket/loop-fusion-dynamic/all-batches-9//covtypeNorm-StreamingRandomPatchesExecutorMAXChunk-25-4-500-276
07/12/23 22:35:29
07/12/23 22:35:29
/home/pi/reginaldojunior/experimentos/socket/loop-fusion-dynamic/all-batches-9//covtypeNorm-OzaBagAdwinExecutorMAXChunk-25-4-500-1154
07/12/23 22:45:36
07/12/23 22:45:36
/home/pi/reginaldojunior/experimentos/socket/loop-fusion-dynamic/all-batches-9//covtypeNorm-OzaBagASHTExecutorMAXChunk-25-4-500-3368
07/12/23 22:55:43
07/12/23 22:55:43
/home/pi/reginaldojunior/experimentos/socket/loop-fusion-dynamic/all-batches-9//covtypeNorm-OzaBagExecutorMAXChunk-25-4-500-3708
07/12/23 23:05:49
07/12/23 23:05:49
/home/pi/reginaldojunior/experimentos/socket/loop-fusion-dynamic/all-batches-9//airlines-AdaptiveRandomForestExecutorMAXChunk-25-4-500-276
07/12/23 23:15:54
07/12/23 23:15:54
/home/pi/reginaldojunior/experimentos/socket/loop-fusion-dynamic/all-batches-9//airlines-LBagExecutorMAXChunk-25-4-500-245
07/12/23 23:26:09
07/12/23 23:26:09
/home/pi/reginaldojunior/experimentos/socket/loop-fusion-dynamic/all-batches-9//airlines-StreamingRandomPatchesExecutorMAXChunk-25-4-500-266
07/12/23 23:36:20
07/12/23 23:36:20
/home/pi/reginaldojunior/experimentos/socket/loop-fusion-dynamic/all-batches-9//airlines-OzaBagAdwinExecutorMAXChunk-25-4-500-753
07/12/23 23:46:27
07/12/23 23:46:27
/home/pi/reginaldojunior/experimentos/socket/loop-fusion-dynamic/all-batches-9//airlines-OzaBagASHTExecutorMAXChunk-25-4-500-4856
07/12/23 23:56:33
07/12/23 23:56:33
/home/pi/reginaldojunior/experimentos/socket/loop-fusion-dynamic/all-batches-9//airlines-OzaBagExecutorMAXChunk-25-4-500-6170
08/12/23 00:06:41
08/12/23 00:06:41
/home/pi/reginaldojunior/experimentos/socket/loop-fusion-dynamic/all-batches-9//elecNormNew-AdaptiveRandomForestExecutorMAXChunk-25-4-500-930
08/12/23 00:16:47
08/12/23 00:16:47
/home/pi/reginaldojunior/experimentos/socket/loop-fusion-dynamic/all-batches-9//elecNormNew-LBagExecutorMAXChunk-25-4-500-1471
08/12/23 00:26:53
08/12/23 00:26:53
/home/pi/reginaldojunior/experimentos/socket/loop-fusion-dynamic/all-batches-9//elecNormNew-StreamingRandomPatchesExecutorMAXChunk-25-4-500-494
08/12/23 00:36:58
08/12/23 00:36:58
/home/pi/reginaldojunior/experimentos/socket/loop-fusion-dynamic/all-batches-9//elecNormNew-OzaBagAdwinExecutorMAXChunk-25-4-500-2794
08/12/23 00:43:11
08/12/23 00:43:11
/home/pi/reginaldojunior/experimentos/socket/loop-fusion-dynamic/all-batches-9//elecNormNew-OzaBagASHTExecutorMAXChunk-25-4-500-4712
08/12/23 00:45:07
08/12/23 00:45:07
/home/pi/reginaldojunior/experimentos/socket/loop-fusion-dynamic/all-batches-9//elecNormNew-OzaBagExecutorMAXChunk-25-4-500-4455
08/12/23 00:47:45
08/12/23 00:47:45
/home/pi/reginaldojunior/experimentos/socket/loop-fusion-dynamic/all-batches-9//GMSC-AdaptiveRandomForestExecutorMAXChunk-25-4-500-1820
08/12/23 00:57:51
08/12/23 00:57:51
/home/pi/reginaldojunior/experimentos/socket/loop-fusion-dynamic/all-batches-9//GMSC-LBagExecutorMAXChunk-25-4-500-2271
08/12/23 01:07:57
08/12/23 01:07:57
/home/pi/reginaldojunior/experimentos/socket/loop-fusion-dynamic/all-batches-9//GMSC-StreamingRandomPatchesExecutorMAXChunk-25-4-500-1019
08/12/23 01:18:03
08/12/23 01:18:03
/home/pi/reginaldojunior/experimentos/socket/loop-fusion-dynamic/all-batches-9//GMSC-OzaBagAdwinExecutorMAXChunk-25-4-500-4733
08/12/23 01:28:10
08/12/23 01:28:10
/home/pi/reginaldojunior/experimentos/socket/loop-fusion-dynamic/all-batches-9//GMSC-OzaBagASHTExecutorMAXChunk-25-4-500-8617
08/12/23 01:32:16
08/12/23 01:32:16
/home/pi/reginaldojunior/experimentos/socket/loop-fusion-dynamic/all-batches-9//GMSC-OzaBagExecutorMAXChunk-25-4-500-8499
08/12/23 01:39:13
08/12/23 01:39:13
/home/pi/reginaldojunior/experimentos/socket/loop-fusion-dynamic/all-batches-9//covtypeNorm-AdaptiveRandomForestExecutorMAXChunk-25-4-2000-1080
08/12/23 01:49:19
08/12/23 01:49:19
/home/pi/reginaldojunior/experimentos/socket/loop-fusion-dynamic/all-batches-9//covtypeNorm-LBagExecutorMAXChunk-25-4-2000-702
08/12/23 01:59:26
08/12/23 01:59:26
/home/pi/reginaldojunior/experimentos/socket/loop-fusion-dynamic/all-batches-9//covtypeNorm-StreamingRandomPatchesExecutorMAXChunk-25-4-2000-291
08/12/23 02:09:32
08/12/23 02:09:32
/home/pi/reginaldojunior/experimentos/socket/loop-fusion-dynamic/all-batches-9//covtypeNorm-OzaBagAdwinExecutorMAXChunk-25-4-2000-1149
08/12/23 02:19:39
08/12/23 02:19:39
/home/pi/reginaldojunior/experimentos/socket/loop-fusion-dynamic/all-batches-9//covtypeNorm-OzaBagASHTExecutorMAXChunk-25-4-2000-3314
08/12/23 02:29:46
08/12/23 02:29:46
/home/pi/reginaldojunior/experimentos/socket/loop-fusion-dynamic/all-batches-9//covtypeNorm-OzaBagExecutorMAXChunk-25-4-2000-3557
08/12/23 02:39:52
08/12/23 02:39:52
/home/pi/reginaldojunior/experimentos/socket/loop-fusion-dynamic/all-batches-9//airlines-AdaptiveRandomForestExecutorMAXChunk-25-4-2000-292
08/12/23 02:49:57
08/12/23 02:49:57
/home/pi/reginaldojunior/experimentos/socket/loop-fusion-dynamic/all-batches-9//airlines-LBagExecutorMAXChunk-25-4-2000-440
08/12/23 03:02:20
08/12/23 03:02:20
/home/pi/reginaldojunior/experimentos/socket/loop-fusion-dynamic/all-batches-9//airlines-StreamingRandomPatchesExecutorMAXChunk-25-4-2000-277
08/12/23 03:12:26
08/12/23 03:12:26
/home/pi/reginaldojunior/experimentos/socket/loop-fusion-dynamic/all-batches-9//airlines-OzaBagAdwinExecutorMAXChunk-25-4-2000-970
08/12/23 03:22:45
08/12/23 03:22:45
/home/pi/reginaldojunior/experimentos/socket/loop-fusion-dynamic/all-batches-9//airlines-OzaBagASHTExecutorMAXChunk-25-4-2000-4989
08/12/23 03:32:52
08/12/23 03:32:52
/home/pi/reginaldojunior/experimentos/socket/loop-fusion-dynamic/all-batches-9//airlines-OzaBagExecutorMAXChunk-25-4-2000-6220
08/12/23 03:42:59
08/12/23 03:42:59
/home/pi/reginaldojunior/experimentos/socket/loop-fusion-dynamic/all-batches-9//elecNormNew-AdaptiveRandomForestExecutorMAXChunk-25-4-2000-875
08/12/23 03:53:04
08/12/23 03:53:04
/home/pi/reginaldojunior/experimentos/socket/loop-fusion-dynamic/all-batches-9//elecNormNew-LBagExecutorMAXChunk-25-4-2000-1402
08/12/23 04:03:11
08/12/23 04:03:11
/home/pi/reginaldojunior/experimentos/socket/loop-fusion-dynamic/all-batches-9//elecNormNew-StreamingRandomPatchesExecutorMAXChunk-25-4-2000-519
08/12/23 04:13:16
08/12/23 04:13:16
/home/pi/reginaldojunior/experimentos/socket/loop-fusion-dynamic/all-batches-9//elecNormNew-OzaBagAdwinExecutorMAXChunk-25-4-2000-2528
08/12/23 04:19:37
08/12/23 04:19:37
/home/pi/reginaldojunior/experimentos/socket/loop-fusion-dynamic/all-batches-9//elecNormNew-OzaBagASHTExecutorMAXChunk-25-4-2000-4202
08/12/23 04:23:26
08/12/23 04:23:26
/home/pi/reginaldojunior/experimentos/socket/loop-fusion-dynamic/all-batches-9//elecNormNew-OzaBagExecutorMAXChunk-25-4-2000-4042
08/12/23 04:27:33
08/12/23 04:27:33
/home/pi/reginaldojunior/experimentos/socket/loop-fusion-dynamic/all-batches-9//GMSC-AdaptiveRandomForestExecutorMAXChunk-25-4-2000-1801
08/12/23 04:37:39
08/12/23 04:37:39
/home/pi/reginaldojunior/experimentos/socket/loop-fusion-dynamic/all-batches-9//GMSC-LBagExecutorMAXChunk-25-4-2000-2224
08/12/23 04:47:45
08/12/23 04:47:45
/home/pi/reginaldojunior/experimentos/socket/loop-fusion-dynamic/all-batches-9//GMSC-StreamingRandomPatchesExecutorMAXChunk-25-4-2000-974
08/12/23 04:57:51
08/12/23 04:57:51
/home/pi/reginaldojunior/experimentos/socket/loop-fusion-dynamic/all-batches-9//GMSC-OzaBagAdwinExecutorMAXChunk-25-4-2000-4540
08/12/23 05:07:58
08/12/23 05:07:58
/home/pi/reginaldojunior/experimentos/socket/loop-fusion-dynamic/all-batches-9//GMSC-OzaBagASHTExecutorMAXChunk-25-4-2000-8906
08/12/23 05:12:34
08/12/23 05:12:34
/home/pi/reginaldojunior/experimentos/socket/loop-fusion-dynamic/all-batches-9//GMSC-OzaBagExecutorMAXChunk-25-4-2000-8410
08/12/23 05:22:32
