24/07/22 21:42:42
/home/pi/reginaldojunior/experimentos/socket/optimized/third//elecNormNew-AdaptiveRandomForestExecutorMAXChunk-25-4-25-79
24/07/22 21:44:47
24/07/22 21:44:47
/home/pi/reginaldojunior/experimentos/socket/optimized/third//elecNormNew-AdaptiveRandomForestExecutorMAXChunk-25-4-25-397
24/07/22 21:46:48
24/07/22 21:46:48
/home/pi/reginaldojunior/experimentos/socket/optimized/third//elecNormNew-AdaptiveRandomForestExecutorMAXChunk-25-4-25-714
24/07/22 21:47:58
24/07/22 21:47:58
/home/pi/reginaldojunior/experimentos/socket/optimized/third//covtypeNorm-AdaptiveRandomForestExecutorMAXChunk-25-4-25-88
24/07/22 21:50:02
24/07/22 21:50:02
/home/pi/reginaldojunior/experimentos/socket/optimized/third//covtypeNorm-AdaptiveRandomForestExecutorMAXChunk-25-4-25-441
24/07/22 21:52:07
24/07/22 21:52:07
/home/pi/reginaldojunior/experimentos/socket/optimized/third//covtypeNorm-AdaptiveRandomForestExecutorMAXChunk-25-4-25-793
24/07/22 21:54:12
24/07/22 21:54:12
/home/pi/reginaldojunior/experimentos/socket/optimized/third//airlines-AdaptiveRandomForestExecutorMAXChunk-25-4-25-22
24/07/22 21:56:19
24/07/22 21:56:19
/home/pi/reginaldojunior/experimentos/socket/optimized/third//airlines-AdaptiveRandomForestExecutorMAXChunk-25-4-25-110
24/07/22 21:58:24
24/07/22 21:58:24
/home/pi/reginaldojunior/experimentos/socket/optimized/third//airlines-AdaptiveRandomForestExecutorMAXChunk-25-4-25-198
24/07/22 22:00:30
24/07/22 22:00:30
/home/pi/reginaldojunior/experimentos/socket/optimized/third//GMSC-AdaptiveRandomForestExecutorMAXChunk-25-4-25-154
24/07/22 22:02:35
24/07/22 22:02:35
/home/pi/reginaldojunior/experimentos/socket/optimized/third//GMSC-AdaptiveRandomForestExecutorMAXChunk-25-4-25-771
24/07/22 22:04:40
24/07/22 22:04:41
/home/pi/reginaldojunior/experimentos/socket/optimized/third//GMSC-AdaptiveRandomForestExecutorMAXChunk-25-4-25-1389
24/07/22 22:06:38
24/07/22 22:06:38
/home/pi/reginaldojunior/experimentos/socket/optimized/third//elecNormNew-AdaptiveRandomForestExecutorMAXChunk-25-4-50-73
24/07/22 22:08:43
24/07/22 22:08:43
/home/pi/reginaldojunior/experimentos/socket/optimized/third//elecNormNew-AdaptiveRandomForestExecutorMAXChunk-25-4-50-365
24/07/22 22:10:48
24/07/22 22:10:48
/home/pi/reginaldojunior/experimentos/socket/optimized/third//elecNormNew-AdaptiveRandomForestExecutorMAXChunk-25-4-50-658
24/07/22 22:12:03
24/07/22 22:12:03
/home/pi/reginaldojunior/experimentos/socket/optimized/third//covtypeNorm-AdaptiveRandomForestExecutorMAXChunk-25-4-50-89
24/07/22 22:14:07
24/07/22 22:14:08
/home/pi/reginaldojunior/experimentos/socket/optimized/third//covtypeNorm-AdaptiveRandomForestExecutorMAXChunk-25-4-50-446
24/07/22 22:16:12
24/07/22 22:16:12
/home/pi/reginaldojunior/experimentos/socket/optimized/third//covtypeNorm-AdaptiveRandomForestExecutorMAXChunk-25-4-50-804
24/07/22 22:18:17
24/07/22 22:18:17
/home/pi/reginaldojunior/experimentos/socket/optimized/third//airlines-AdaptiveRandomForestExecutorMAXChunk-25-4-50-22
24/07/22 22:20:23
24/07/22 22:20:23
/home/pi/reginaldojunior/experimentos/socket/optimized/third//airlines-AdaptiveRandomForestExecutorMAXChunk-25-4-50-112
24/07/22 22:22:29
24/07/22 22:22:29
/home/pi/reginaldojunior/experimentos/socket/optimized/third//airlines-AdaptiveRandomForestExecutorMAXChunk-25-4-50-203
24/07/22 22:24:35
24/07/22 22:24:35
/home/pi/reginaldojunior/experimentos/socket/optimized/third//GMSC-AdaptiveRandomForestExecutorMAXChunk-25-4-50-147
24/07/22 22:26:40
24/07/22 22:26:40
/home/pi/reginaldojunior/experimentos/socket/optimized/third//GMSC-AdaptiveRandomForestExecutorMAXChunk-25-4-50-739
24/07/22 22:28:45
24/07/22 22:28:45
/home/pi/reginaldojunior/experimentos/socket/optimized/third//GMSC-AdaptiveRandomForestExecutorMAXChunk-25-4-50-1330
24/07/22 22:30:44
24/07/22 22:30:44
/home/pi/reginaldojunior/experimentos/socket/optimized/third//elecNormNew-AdaptiveRandomForestExecutorMAXChunk-25-4-75-72
24/07/22 22:32:49
24/07/22 22:32:49
/home/pi/reginaldojunior/experimentos/socket/optimized/third//elecNormNew-AdaptiveRandomForestExecutorMAXChunk-25-4-75-360
24/07/22 22:34:54
24/07/22 22:34:54
/home/pi/reginaldojunior/experimentos/socket/optimized/third//elecNormNew-AdaptiveRandomForestExecutorMAXChunk-25-4-75-649
24/07/22 22:36:10
24/07/22 22:36:10
/home/pi/reginaldojunior/experimentos/socket/optimized/third//covtypeNorm-AdaptiveRandomForestExecutorMAXChunk-25-4-75-102
24/07/22 22:38:15
24/07/22 22:38:15
/home/pi/reginaldojunior/experimentos/socket/optimized/third//covtypeNorm-AdaptiveRandomForestExecutorMAXChunk-25-4-75-514
24/07/22 22:40:20
24/07/22 22:40:20
/home/pi/reginaldojunior/experimentos/socket/optimized/third//covtypeNorm-AdaptiveRandomForestExecutorMAXChunk-25-4-75-925
24/07/22 22:42:25
24/07/22 22:42:25
/home/pi/reginaldojunior/experimentos/socket/optimized/third//airlines-AdaptiveRandomForestExecutorMAXChunk-25-4-75-23
24/07/22 22:44:31
24/07/22 22:44:31
/home/pi/reginaldojunior/experimentos/socket/optimized/third//airlines-AdaptiveRandomForestExecutorMAXChunk-25-4-75-116
24/07/22 22:46:37
24/07/22 22:46:37
/home/pi/reginaldojunior/experimentos/socket/optimized/third//airlines-AdaptiveRandomForestExecutorMAXChunk-25-4-75-210
24/07/22 22:48:42
24/07/22 22:48:42
/home/pi/reginaldojunior/experimentos/socket/optimized/third//GMSC-AdaptiveRandomForestExecutorMAXChunk-25-4-75-158
24/07/22 22:50:47
24/07/22 22:50:47
/home/pi/reginaldojunior/experimentos/socket/optimized/third//GMSC-AdaptiveRandomForestExecutorMAXChunk-25-4-75-791
24/07/22 22:52:52
24/07/22 22:52:52
/home/pi/reginaldojunior/experimentos/socket/optimized/third//GMSC-AdaptiveRandomForestExecutorMAXChunk-25-4-75-1424
24/07/22 22:54:47
24/07/22 22:54:47
/home/pi/reginaldojunior/experimentos/socket/optimized/third//elecNormNew-AdaptiveRandomForestExecutorMAXChunk-25-4-100-73
24/07/22 22:56:52
24/07/22 22:56:52
/home/pi/reginaldojunior/experimentos/socket/optimized/third//elecNormNew-AdaptiveRandomForestExecutorMAXChunk-25-4-100-365
24/07/22 22:58:57
24/07/22 22:58:57
/home/pi/reginaldojunior/experimentos/socket/optimized/third//elecNormNew-AdaptiveRandomForestExecutorMAXChunk-25-4-100-658
24/07/22 23:00:11
24/07/22 23:00:11
/home/pi/reginaldojunior/experimentos/socket/optimized/third//covtypeNorm-AdaptiveRandomForestExecutorMAXChunk-25-4-100-96
24/07/22 23:02:16
24/07/22 23:02:16
/home/pi/reginaldojunior/experimentos/socket/optimized/third//covtypeNorm-AdaptiveRandomForestExecutorMAXChunk-25-4-100-482
24/07/22 23:04:21
24/07/22 23:04:21
/home/pi/reginaldojunior/experimentos/socket/optimized/third//covtypeNorm-AdaptiveRandomForestExecutorMAXChunk-25-4-100-869
24/07/22 23:06:26
24/07/22 23:06:26
/home/pi/reginaldojunior/experimentos/socket/optimized/third//airlines-AdaptiveRandomForestExecutorMAXChunk-25-4-100-23
24/07/22 23:08:32
24/07/22 23:08:32
/home/pi/reginaldojunior/experimentos/socket/optimized/third//airlines-AdaptiveRandomForestExecutorMAXChunk-25-4-100-117
24/07/22 23:10:37
24/07/22 23:10:37
/home/pi/reginaldojunior/experimentos/socket/optimized/third//airlines-AdaptiveRandomForestExecutorMAXChunk-25-4-100-211
24/07/22 23:12:43
24/07/22 23:12:43
/home/pi/reginaldojunior/experimentos/socket/optimized/third//GMSC-AdaptiveRandomForestExecutorMAXChunk-25-4-100-162
24/07/22 23:14:48
24/07/22 23:14:48
/home/pi/reginaldojunior/experimentos/socket/optimized/third//GMSC-AdaptiveRandomForestExecutorMAXChunk-25-4-100-811
24/07/22 23:16:53
24/07/22 23:16:53
/home/pi/reginaldojunior/experimentos/socket/optimized/third//GMSC-AdaptiveRandomForestExecutorMAXChunk-25-4-100-1460
24/07/22 23:18:46
24/07/22 23:18:46
/home/pi/reginaldojunior/experimentos/socket/optimized/third//elecNormNew-AdaptiveRandomForestExecutorMAXChunk-25-4-250-80
24/07/22 23:20:51
24/07/22 23:20:51
/home/pi/reginaldojunior/experimentos/socket/optimized/third//elecNormNew-AdaptiveRandomForestExecutorMAXChunk-25-4-250-400
24/07/22 23:22:50
24/07/22 23:22:50
/home/pi/reginaldojunior/experimentos/socket/optimized/third//elecNormNew-AdaptiveRandomForestExecutorMAXChunk-25-4-250-721
24/07/22 23:23:58
24/07/22 23:23:58
/home/pi/reginaldojunior/experimentos/socket/optimized/third//covtypeNorm-AdaptiveRandomForestExecutorMAXChunk-25-4-250-94
24/07/22 23:26:03
24/07/22 23:26:03
/home/pi/reginaldojunior/experimentos/socket/optimized/third//covtypeNorm-AdaptiveRandomForestExecutorMAXChunk-25-4-250-472
24/07/22 23:28:08
24/07/22 23:28:08
/home/pi/reginaldojunior/experimentos/socket/optimized/third//covtypeNorm-AdaptiveRandomForestExecutorMAXChunk-25-4-250-849
24/07/22 23:30:13
24/07/22 23:30:13
/home/pi/reginaldojunior/experimentos/socket/optimized/third//airlines-AdaptiveRandomForestExecutorMAXChunk-25-4-250-25
24/07/22 23:32:20
24/07/22 23:32:20
/home/pi/reginaldojunior/experimentos/socket/optimized/third//airlines-AdaptiveRandomForestExecutorMAXChunk-25-4-250-128
24/07/22 23:34:26
24/07/22 23:34:26
/home/pi/reginaldojunior/experimentos/socket/optimized/third//airlines-AdaptiveRandomForestExecutorMAXChunk-25-4-250-230
24/07/22 23:36:35
24/07/22 23:36:35
/home/pi/reginaldojunior/experimentos/socket/optimized/third//GMSC-AdaptiveRandomForestExecutorMAXChunk-25-4-250-161
24/07/22 23:38:39
24/07/22 23:38:39
/home/pi/reginaldojunior/experimentos/socket/optimized/third//GMSC-AdaptiveRandomForestExecutorMAXChunk-25-4-250-806
24/07/22 23:40:46
24/07/22 23:40:46
/home/pi/reginaldojunior/experimentos/socket/optimized/third//GMSC-AdaptiveRandomForestExecutorMAXChunk-25-4-250-1451
24/07/22 23:42:37
24/07/22 23:42:37
/home/pi/reginaldojunior/experimentos/socket/optimized/third//elecNormNew-AdaptiveRandomForestExecutorMAXChunk-25-4-500-74
24/07/22 23:44:41
24/07/22 23:44:41
/home/pi/reginaldojunior/experimentos/socket/optimized/third//elecNormNew-AdaptiveRandomForestExecutorMAXChunk-25-4-500-373
24/07/22 23:46:47
24/07/22 23:46:47
/home/pi/reginaldojunior/experimentos/socket/optimized/third//elecNormNew-AdaptiveRandomForestExecutorMAXChunk-25-4-500-671
24/07/22 23:48:00
24/07/22 23:48:00
/home/pi/reginaldojunior/experimentos/socket/optimized/third//covtypeNorm-AdaptiveRandomForestExecutorMAXChunk-25-4-500-96
24/07/22 23:50:05
24/07/22 23:50:05
/home/pi/reginaldojunior/experimentos/socket/optimized/third//covtypeNorm-AdaptiveRandomForestExecutorMAXChunk-25-4-500-482
24/07/22 23:52:10
24/07/22 23:52:10
/home/pi/reginaldojunior/experimentos/socket/optimized/third//covtypeNorm-AdaptiveRandomForestExecutorMAXChunk-25-4-500-867
24/07/22 23:54:15
24/07/22 23:54:15
/home/pi/reginaldojunior/experimentos/socket/optimized/third//airlines-AdaptiveRandomForestExecutorMAXChunk-25-4-500-27
24/07/22 23:56:24
24/07/22 23:56:24
/home/pi/reginaldojunior/experimentos/socket/optimized/third//airlines-AdaptiveRandomForestExecutorMAXChunk-25-4-500-136
24/07/22 23:58:32
24/07/22 23:58:32
/home/pi/reginaldojunior/experimentos/socket/optimized/third//airlines-AdaptiveRandomForestExecutorMAXChunk-25-4-500-245
25/07/22 00:00:40
25/07/22 00:00:40
/home/pi/reginaldojunior/experimentos/socket/optimized/third//GMSC-AdaptiveRandomForestExecutorMAXChunk-25-4-500-165
25/07/22 00:02:44
25/07/22 00:02:44
/home/pi/reginaldojunior/experimentos/socket/optimized/third//GMSC-AdaptiveRandomForestExecutorMAXChunk-25-4-500-828
25/07/22 00:04:50
25/07/22 00:04:50
/home/pi/reginaldojunior/experimentos/socket/optimized/third//GMSC-AdaptiveRandomForestExecutorMAXChunk-25-4-500-1491
25/07/22 00:06:40
25/07/22 00:06:40
/home/pi/reginaldojunior/experimentos/socket/optimized/third//elecNormNew-AdaptiveRandomForestExecutorMAXChunk-25-4-2000-64
25/07/22 00:08:45
25/07/22 00:08:45
/home/pi/reginaldojunior/experimentos/socket/optimized/third//elecNormNew-AdaptiveRandomForestExecutorMAXChunk-25-4-2000-323
25/07/22 00:10:50
25/07/22 00:10:50
/home/pi/reginaldojunior/experimentos/socket/optimized/third//elecNormNew-AdaptiveRandomForestExecutorMAXChunk-25-4-2000-582
25/07/22 00:12:15
25/07/22 00:12:15
/home/pi/reginaldojunior/experimentos/socket/optimized/third//covtypeNorm-AdaptiveRandomForestExecutorMAXChunk-25-4-2000-88
25/07/22 00:14:20
25/07/22 00:14:20
/home/pi/reginaldojunior/experimentos/socket/optimized/third//covtypeNorm-AdaptiveRandomForestExecutorMAXChunk-25-4-2000-444
25/07/22 00:16:25
25/07/22 00:16:25
/home/pi/reginaldojunior/experimentos/socket/optimized/third//covtypeNorm-AdaptiveRandomForestExecutorMAXChunk-25-4-2000-799
25/07/22 00:18:30
25/07/22 00:18:30
/home/pi/reginaldojunior/experimentos/socket/optimized/third//airlines-AdaptiveRandomForestExecutorMAXChunk-25-4-2000-28
25/07/22 00:20:36
25/07/22 00:20:36
/home/pi/reginaldojunior/experimentos/socket/optimized/third//airlines-AdaptiveRandomForestExecutorMAXChunk-25-4-2000-144
25/07/22 00:22:50
25/07/22 00:22:50
/home/pi/reginaldojunior/experimentos/socket/optimized/third//airlines-AdaptiveRandomForestExecutorMAXChunk-25-4-2000-259
25/07/22 00:25:06
25/07/22 00:25:06
/home/pi/reginaldojunior/experimentos/socket/optimized/third//GMSC-AdaptiveRandomForestExecutorMAXChunk-25-4-2000-168
25/07/22 00:27:11
25/07/22 00:27:11
/home/pi/reginaldojunior/experimentos/socket/optimized/third//GMSC-AdaptiveRandomForestExecutorMAXChunk-25-4-2000-842
25/07/22 00:29:17
25/07/22 00:29:17
/home/pi/reginaldojunior/experimentos/socket/optimized/third//GMSC-AdaptiveRandomForestExecutorMAXChunk-25-4-2000-1516
25/07/22 00:31:07
25/07/22 00:31:07
25/07/22 02:25:42
