04/12/23 01:44:57
/home/pi/reginaldojunior/experimentos/socket/loop-fusion-dynamic/all-batches-7//covtypeNorm-AdaptiveRandomForestExecutorMAXChunk-25-4-25-844
04/12/23 01:55:02
04/12/23 01:55:02
/home/pi/reginaldojunior/experimentos/socket/loop-fusion-dynamic/all-batches-7//covtypeNorm-LBagExecutorMAXChunk-25-4-25-575
04/12/23 02:05:09
04/12/23 02:05:09
/home/pi/reginaldojunior/experimentos/socket/loop-fusion-dynamic/all-batches-7//covtypeNorm-StreamingRandomPatchesExecutorMAXChunk-25-4-25-253
04/12/23 02:15:14
04/12/23 02:15:14
/home/pi/reginaldojunior/experimentos/socket/loop-fusion-dynamic/all-batches-7//covtypeNorm-OzaBagAdwinExecutorMAXChunk-25-4-25-794
04/12/23 02:25:21
04/12/23 02:25:21
/home/pi/reginaldojunior/experimentos/socket/loop-fusion-dynamic/all-batches-7//covtypeNorm-OzaBagASHTExecutorMAXChunk-25-4-25-2709
04/12/23 02:35:27
04/12/23 02:35:27
/home/pi/reginaldojunior/experimentos/socket/loop-fusion-dynamic/all-batches-7//covtypeNorm-OzaBagExecutorMAXChunk-25-4-25-2679
04/12/23 02:45:34
04/12/23 02:45:34
/home/pi/reginaldojunior/experimentos/socket/loop-fusion-dynamic/all-batches-7//airlines-AdaptiveRandomForestExecutorMAXChunk-25-4-25-213
04/12/23 02:55:40
04/12/23 02:55:40
/home/pi/reginaldojunior/experimentos/socket/loop-fusion-dynamic/all-batches-7//airlines-LBagExecutorMAXChunk-25-4-25-210
04/12/23 03:05:47
04/12/23 03:05:47
/home/pi/reginaldojunior/experimentos/socket/loop-fusion-dynamic/all-batches-7//airlines-StreamingRandomPatchesExecutorMAXChunk-25-4-25-236
04/12/23 03:15:52
04/12/23 03:15:52
/home/pi/reginaldojunior/experimentos/socket/loop-fusion-dynamic/all-batches-7//airlines-OzaBagAdwinExecutorMAXChunk-25-4-25-717
04/12/23 03:25:59
04/12/23 03:25:59
/home/pi/reginaldojunior/experimentos/socket/loop-fusion-dynamic/all-batches-7//airlines-OzaBagASHTExecutorMAXChunk-25-4-25-2735
04/12/23 03:36:06
04/12/23 03:36:06
/home/pi/reginaldojunior/experimentos/socket/loop-fusion-dynamic/all-batches-7//airlines-OzaBagExecutorMAXChunk-25-4-25-4800
04/12/23 03:46:12
04/12/23 03:46:12
/home/pi/reginaldojunior/experimentos/socket/loop-fusion-dynamic/all-batches-7//elecNormNew-AdaptiveRandomForestExecutorMAXChunk-25-4-25-882
04/12/23 03:56:18
04/12/23 03:56:18
/home/pi/reginaldojunior/experimentos/socket/loop-fusion-dynamic/all-batches-7//elecNormNew-LBagExecutorMAXChunk-25-4-25-1258
04/12/23 04:06:24
04/12/23 04:06:24
/home/pi/reginaldojunior/experimentos/socket/loop-fusion-dynamic/all-batches-7//elecNormNew-StreamingRandomPatchesExecutorMAXChunk-25-4-25-496
04/12/23 04:16:30
04/12/23 04:16:30
/home/pi/reginaldojunior/experimentos/socket/loop-fusion-dynamic/all-batches-7//elecNormNew-OzaBagAdwinExecutorMAXChunk-25-4-25-2142
04/12/23 04:26:05
04/12/23 04:26:05
/home/pi/reginaldojunior/experimentos/socket/loop-fusion-dynamic/all-batches-7//elecNormNew-OzaBagASHTExecutorMAXChunk-25-4-25-3926
04/12/23 04:30:04
04/12/23 04:30:04
/home/pi/reginaldojunior/experimentos/socket/loop-fusion-dynamic/all-batches-7//elecNormNew-OzaBagExecutorMAXChunk-25-4-25-3944
04/12/23 04:33:42
04/12/23 04:33:42
/home/pi/reginaldojunior/experimentos/socket/loop-fusion-dynamic/all-batches-7//GMSC-AdaptiveRandomForestExecutorMAXChunk-25-4-25-1574
04/12/23 04:43:48
04/12/23 04:43:48
/home/pi/reginaldojunior/experimentos/socket/loop-fusion-dynamic/all-batches-7//GMSC-LBagExecutorMAXChunk-25-4-25-1861
04/12/23 04:53:54
04/12/23 04:53:54
/home/pi/reginaldojunior/experimentos/socket/loop-fusion-dynamic/all-batches-7//GMSC-StreamingRandomPatchesExecutorMAXChunk-25-4-25-898
04/12/23 05:04:00
04/12/23 05:04:00
/home/pi/reginaldojunior/experimentos/socket/loop-fusion-dynamic/all-batches-7//GMSC-OzaBagAdwinExecutorMAXChunk-25-4-25-3066
04/12/23 05:14:07
04/12/23 05:14:07
/home/pi/reginaldojunior/experimentos/socket/loop-fusion-dynamic/all-batches-7//GMSC-OzaBagASHTExecutorMAXChunk-25-4-25-6863
04/12/23 05:23:14
04/12/23 05:23:14
/home/pi/reginaldojunior/experimentos/socket/loop-fusion-dynamic/all-batches-7//GMSC-OzaBagExecutorMAXChunk-25-4-25-6653
04/12/23 05:31:58
04/12/23 05:31:58
/home/pi/reginaldojunior/experimentos/socket/loop-fusion-dynamic/all-batches-7//covtypeNorm-AdaptiveRandomForestExecutorMAXChunk-25-4-50-1012
04/12/23 05:42:03
04/12/23 05:42:03
/home/pi/reginaldojunior/experimentos/socket/loop-fusion-dynamic/all-batches-7//covtypeNorm-LBagExecutorMAXChunk-25-4-50-667
04/12/23 05:52:10
04/12/23 05:52:10
/home/pi/reginaldojunior/experimentos/socket/loop-fusion-dynamic/all-batches-7//covtypeNorm-StreamingRandomPatchesExecutorMAXChunk-25-4-50-255
04/12/23 06:02:15
04/12/23 06:02:15
/home/pi/reginaldojunior/experimentos/socket/loop-fusion-dynamic/all-batches-7//covtypeNorm-OzaBagAdwinExecutorMAXChunk-25-4-50-996
04/12/23 06:12:22
04/12/23 06:12:22
/home/pi/reginaldojunior/experimentos/socket/loop-fusion-dynamic/all-batches-7//covtypeNorm-OzaBagASHTExecutorMAXChunk-25-4-50-2708
04/12/23 06:22:28
04/12/23 06:22:28
/home/pi/reginaldojunior/experimentos/socket/loop-fusion-dynamic/all-batches-7//covtypeNorm-OzaBagExecutorMAXChunk-25-4-50-2675
04/12/23 06:32:35
04/12/23 06:32:35
/home/pi/reginaldojunior/experimentos/socket/loop-fusion-dynamic/all-batches-7//airlines-AdaptiveRandomForestExecutorMAXChunk-25-4-50-220
04/12/23 06:42:40
04/12/23 06:42:40
/home/pi/reginaldojunior/experimentos/socket/loop-fusion-dynamic/all-batches-7//airlines-LBagExecutorMAXChunk-25-4-50-214
04/12/23 06:52:47
04/12/23 06:52:47
/home/pi/reginaldojunior/experimentos/socket/loop-fusion-dynamic/all-batches-7//airlines-StreamingRandomPatchesExecutorMAXChunk-25-4-50-239
04/12/23 07:02:52
04/12/23 07:02:52
/home/pi/reginaldojunior/experimentos/socket/loop-fusion-dynamic/all-batches-7//airlines-OzaBagAdwinExecutorMAXChunk-25-4-50-683
04/12/23 07:12:59
04/12/23 07:12:59
/home/pi/reginaldojunior/experimentos/socket/loop-fusion-dynamic/all-batches-7//airlines-OzaBagASHTExecutorMAXChunk-25-4-50-3799
04/12/23 07:23:06
04/12/23 07:23:06
/home/pi/reginaldojunior/experimentos/socket/loop-fusion-dynamic/all-batches-7//airlines-OzaBagExecutorMAXChunk-25-4-50-5027
04/12/23 07:33:12
04/12/23 07:33:12
/home/pi/reginaldojunior/experimentos/socket/loop-fusion-dynamic/all-batches-7//elecNormNew-AdaptiveRandomForestExecutorMAXChunk-25-4-50-918
04/12/23 07:43:18
04/12/23 07:43:18
/home/pi/reginaldojunior/experimentos/socket/loop-fusion-dynamic/all-batches-7//elecNormNew-LBagExecutorMAXChunk-25-4-50-1316
04/12/23 07:53:24
04/12/23 07:53:24
/home/pi/reginaldojunior/experimentos/socket/loop-fusion-dynamic/all-batches-7//elecNormNew-StreamingRandomPatchesExecutorMAXChunk-25-4-50-489
04/12/23 08:03:30
04/12/23 08:03:30
/home/pi/reginaldojunior/experimentos/socket/loop-fusion-dynamic/all-batches-7//elecNormNew-OzaBagAdwinExecutorMAXChunk-25-4-50-2523
04/12/23 08:09:46
04/12/23 08:09:46
/home/pi/reginaldojunior/experimentos/socket/loop-fusion-dynamic/all-batches-7//elecNormNew-OzaBagASHTExecutorMAXChunk-25-4-50-4141
04/12/23 08:13:32
04/12/23 08:13:32
/home/pi/reginaldojunior/experimentos/socket/loop-fusion-dynamic/all-batches-7//elecNormNew-OzaBagExecutorMAXChunk-25-4-50-4162
04/12/23 08:16:42
04/12/23 08:16:42
/home/pi/reginaldojunior/experimentos/socket/loop-fusion-dynamic/all-batches-7//GMSC-AdaptiveRandomForestExecutorMAXChunk-25-4-50-1699
04/12/23 08:26:48
04/12/23 08:26:48
/home/pi/reginaldojunior/experimentos/socket/loop-fusion-dynamic/all-batches-7//GMSC-LBagExecutorMAXChunk-25-4-50-2037
04/12/23 08:36:54
04/12/23 08:36:54
/home/pi/reginaldojunior/experimentos/socket/loop-fusion-dynamic/all-batches-7//GMSC-StreamingRandomPatchesExecutorMAXChunk-25-4-50-958
04/12/23 08:47:00
04/12/23 08:47:00
/home/pi/reginaldojunior/experimentos/socket/loop-fusion-dynamic/all-batches-7//GMSC-OzaBagAdwinExecutorMAXChunk-25-4-50-4027
04/12/23 08:57:07
04/12/23 08:57:07
/home/pi/reginaldojunior/experimentos/socket/loop-fusion-dynamic/all-batches-7//GMSC-OzaBagASHTExecutorMAXChunk-25-4-50-7285
04/12/23 09:06:20
04/12/23 09:06:20
/home/pi/reginaldojunior/experimentos/socket/loop-fusion-dynamic/all-batches-7//GMSC-OzaBagExecutorMAXChunk-25-4-50-6990
04/12/23 09:12:12
04/12/23 09:12:12
/home/pi/reginaldojunior/experimentos/socket/loop-fusion-dynamic/all-batches-7//covtypeNorm-AdaptiveRandomForestExecutorMAXChunk-25-4-500-963
04/12/23 09:22:18
04/12/23 09:22:18
/home/pi/reginaldojunior/experimentos/socket/loop-fusion-dynamic/all-batches-7//covtypeNorm-LBagExecutorMAXChunk-25-4-500-782
04/12/23 09:32:25
04/12/23 09:32:25
/home/pi/reginaldojunior/experimentos/socket/loop-fusion-dynamic/all-batches-7//covtypeNorm-StreamingRandomPatchesExecutorMAXChunk-25-4-500-276
04/12/23 09:42:30
04/12/23 09:42:30
/home/pi/reginaldojunior/experimentos/socket/loop-fusion-dynamic/all-batches-7//covtypeNorm-OzaBagAdwinExecutorMAXChunk-25-4-500-1154
04/12/23 09:52:37
04/12/23 09:52:37
/home/pi/reginaldojunior/experimentos/socket/loop-fusion-dynamic/all-batches-7//covtypeNorm-OzaBagASHTExecutorMAXChunk-25-4-500-3368
04/12/23 10:02:44
04/12/23 10:02:44
/home/pi/reginaldojunior/experimentos/socket/loop-fusion-dynamic/all-batches-7//covtypeNorm-OzaBagExecutorMAXChunk-25-4-500-3708
04/12/23 10:12:51
04/12/23 10:12:51
/home/pi/reginaldojunior/experimentos/socket/loop-fusion-dynamic/all-batches-7//airlines-AdaptiveRandomForestExecutorMAXChunk-25-4-500-276
04/12/23 10:22:57
04/12/23 10:22:57
/home/pi/reginaldojunior/experimentos/socket/loop-fusion-dynamic/all-batches-7//airlines-LBagExecutorMAXChunk-25-4-500-245
04/12/23 10:33:04
04/12/23 10:33:04
/home/pi/reginaldojunior/experimentos/socket/loop-fusion-dynamic/all-batches-7//airlines-StreamingRandomPatchesExecutorMAXChunk-25-4-500-266
04/12/23 10:43:09
04/12/23 10:43:09
/home/pi/reginaldojunior/experimentos/socket/loop-fusion-dynamic/all-batches-7//airlines-OzaBagAdwinExecutorMAXChunk-25-4-500-753
04/12/23 10:53:15
04/12/23 10:53:15
/home/pi/reginaldojunior/experimentos/socket/loop-fusion-dynamic/all-batches-7//airlines-OzaBagASHTExecutorMAXChunk-25-4-500-4856
04/12/23 11:03:22
04/12/23 11:03:22
/home/pi/reginaldojunior/experimentos/socket/loop-fusion-dynamic/all-batches-7//airlines-OzaBagExecutorMAXChunk-25-4-500-6170
04/12/23 11:13:29
04/12/23 11:13:29
/home/pi/reginaldojunior/experimentos/socket/loop-fusion-dynamic/all-batches-7//elecNormNew-AdaptiveRandomForestExecutorMAXChunk-25-4-500-930
04/12/23 11:23:34
04/12/23 11:23:35
/home/pi/reginaldojunior/experimentos/socket/loop-fusion-dynamic/all-batches-7//elecNormNew-LBagExecutorMAXChunk-25-4-500-1471
04/12/23 11:33:11
04/12/23 11:33:11
/home/pi/reginaldojunior/experimentos/socket/loop-fusion-dynamic/all-batches-7//elecNormNew-StreamingRandomPatchesExecutorMAXChunk-25-4-500-494
04/12/23 11:43:17
04/12/23 11:43:17
/home/pi/reginaldojunior/experimentos/socket/loop-fusion-dynamic/all-batches-7//elecNormNew-OzaBagAdwinExecutorMAXChunk-25-4-500-2794
04/12/23 11:48:36
04/12/23 11:48:36
/home/pi/reginaldojunior/experimentos/socket/loop-fusion-dynamic/all-batches-7//elecNormNew-OzaBagASHTExecutorMAXChunk-25-4-500-4712
04/12/23 11:51:22
04/12/23 11:51:22
/home/pi/reginaldojunior/experimentos/socket/loop-fusion-dynamic/all-batches-7//elecNormNew-OzaBagExecutorMAXChunk-25-4-500-4455
04/12/23 11:53:10
04/12/23 11:53:10
/home/pi/reginaldojunior/experimentos/socket/loop-fusion-dynamic/all-batches-7//GMSC-AdaptiveRandomForestExecutorMAXChunk-25-4-500-1820
04/12/23 12:03:16
04/12/23 12:03:16
/home/pi/reginaldojunior/experimentos/socket/loop-fusion-dynamic/all-batches-7//GMSC-LBagExecutorMAXChunk-25-4-500-2271
04/12/23 12:13:22
04/12/23 12:13:22
/home/pi/reginaldojunior/experimentos/socket/loop-fusion-dynamic/all-batches-7//GMSC-StreamingRandomPatchesExecutorMAXChunk-25-4-500-1019
04/12/23 12:23:28
04/12/23 12:23:28
/home/pi/reginaldojunior/experimentos/socket/loop-fusion-dynamic/all-batches-7//GMSC-OzaBagAdwinExecutorMAXChunk-25-4-500-4733
04/12/23 12:32:43
04/12/23 12:32:43
/home/pi/reginaldojunior/experimentos/socket/loop-fusion-dynamic/all-batches-7//GMSC-OzaBagASHTExecutorMAXChunk-25-4-500-8617
04/12/23 12:37:53
04/12/23 12:37:54
/home/pi/reginaldojunior/experimentos/socket/loop-fusion-dynamic/all-batches-7//GMSC-OzaBagExecutorMAXChunk-25-4-500-8499
04/12/23 12:42:28
04/12/23 12:42:28
/home/pi/reginaldojunior/experimentos/socket/loop-fusion-dynamic/all-batches-7//covtypeNorm-AdaptiveRandomForestExecutorMAXChunk-25-4-2000-1080
04/12/23 12:52:33
04/12/23 12:52:33
/home/pi/reginaldojunior/experimentos/socket/loop-fusion-dynamic/all-batches-7//covtypeNorm-LBagExecutorMAXChunk-25-4-2000-702
04/12/23 13:02:39
04/12/23 13:02:39
/home/pi/reginaldojunior/experimentos/socket/loop-fusion-dynamic/all-batches-7//covtypeNorm-StreamingRandomPatchesExecutorMAXChunk-25-4-2000-291
04/12/23 13:12:44
04/12/23 13:12:44
/home/pi/reginaldojunior/experimentos/socket/loop-fusion-dynamic/all-batches-7//covtypeNorm-OzaBagAdwinExecutorMAXChunk-25-4-2000-1149
04/12/23 13:22:51
04/12/23 13:22:51
/home/pi/reginaldojunior/experimentos/socket/loop-fusion-dynamic/all-batches-7//covtypeNorm-OzaBagASHTExecutorMAXChunk-25-4-2000-3314
04/12/23 13:32:58
04/12/23 13:32:58
/home/pi/reginaldojunior/experimentos/socket/loop-fusion-dynamic/all-batches-7//covtypeNorm-OzaBagExecutorMAXChunk-25-4-2000-3557
04/12/23 13:43:05
04/12/23 13:43:05
/home/pi/reginaldojunior/experimentos/socket/loop-fusion-dynamic/all-batches-7//airlines-AdaptiveRandomForestExecutorMAXChunk-25-4-2000-292
04/12/23 13:53:10
04/12/23 13:53:10
/home/pi/reginaldojunior/experimentos/socket/loop-fusion-dynamic/all-batches-7//airlines-LBagExecutorMAXChunk-25-4-2000-440
04/12/23 14:05:17
04/12/23 14:05:17
/home/pi/reginaldojunior/experimentos/socket/loop-fusion-dynamic/all-batches-7//airlines-StreamingRandomPatchesExecutorMAXChunk-25-4-2000-277
04/12/23 14:15:23
04/12/23 14:15:23
/home/pi/reginaldojunior/experimentos/socket/loop-fusion-dynamic/all-batches-7//airlines-OzaBagAdwinExecutorMAXChunk-25-4-2000-970
04/12/23 14:25:35
04/12/23 14:25:35
/home/pi/reginaldojunior/experimentos/socket/loop-fusion-dynamic/all-batches-7//airlines-OzaBagASHTExecutorMAXChunk-25-4-2000-4989
04/12/23 14:35:42
04/12/23 14:35:42
/home/pi/reginaldojunior/experimentos/socket/loop-fusion-dynamic/all-batches-7//airlines-OzaBagExecutorMAXChunk-25-4-2000-6220
04/12/23 14:45:49
04/12/23 14:45:49
/home/pi/reginaldojunior/experimentos/socket/loop-fusion-dynamic/all-batches-7//elecNormNew-AdaptiveRandomForestExecutorMAXChunk-25-4-2000-875
04/12/23 14:55:55
04/12/23 14:55:55
/home/pi/reginaldojunior/experimentos/socket/loop-fusion-dynamic/all-batches-7//elecNormNew-LBagExecutorMAXChunk-25-4-2000-1402
04/12/23 15:05:48
04/12/23 15:05:48
/home/pi/reginaldojunior/experimentos/socket/loop-fusion-dynamic/all-batches-7//elecNormNew-StreamingRandomPatchesExecutorMAXChunk-25-4-2000-519
04/12/23 15:15:54
04/12/23 15:15:54
/home/pi/reginaldojunior/experimentos/socket/loop-fusion-dynamic/all-batches-7//elecNormNew-OzaBagAdwinExecutorMAXChunk-25-4-2000-2528
04/12/23 15:21:38
04/12/23 15:21:38
/home/pi/reginaldojunior/experimentos/socket/loop-fusion-dynamic/all-batches-7//elecNormNew-OzaBagASHTExecutorMAXChunk-25-4-2000-4202
04/12/23 15:27:00
04/12/23 15:27:00
/home/pi/reginaldojunior/experimentos/socket/loop-fusion-dynamic/all-batches-7//elecNormNew-OzaBagExecutorMAXChunk-25-4-2000-4042
04/12/23 15:29:43
04/12/23 15:29:43
/home/pi/reginaldojunior/experimentos/socket/loop-fusion-dynamic/all-batches-7//GMSC-AdaptiveRandomForestExecutorMAXChunk-25-4-2000-1801
04/12/23 15:39:48
04/12/23 15:39:48
/home/pi/reginaldojunior/experimentos/socket/loop-fusion-dynamic/all-batches-7//GMSC-LBagExecutorMAXChunk-25-4-2000-2224
04/12/23 15:49:55
04/12/23 15:49:55
/home/pi/reginaldojunior/experimentos/socket/loop-fusion-dynamic/all-batches-7//GMSC-StreamingRandomPatchesExecutorMAXChunk-25-4-2000-974
04/12/23 16:00:00
04/12/23 16:00:00
/home/pi/reginaldojunior/experimentos/socket/loop-fusion-dynamic/all-batches-7//GMSC-OzaBagAdwinExecutorMAXChunk-25-4-2000-4540
04/12/23 16:10:07
04/12/23 16:10:07
/home/pi/reginaldojunior/experimentos/socket/loop-fusion-dynamic/all-batches-7//GMSC-OzaBagASHTExecutorMAXChunk-25-4-2000-8906
04/12/23 16:13:08
04/12/23 16:13:08
/home/pi/reginaldojunior/experimentos/socket/loop-fusion-dynamic/all-batches-7//GMSC-OzaBagExecutorMAXChunk-25-4-2000-8410
04/12/23 16:18:31
