04/12/22 17:36:16
04/12/22 17:36:28
/home/pi/reginaldojunior/experimentos/results/socket/2/600/600/elecNormNew-AdaptiveRandomForestSequential-25-1-1-20
04/12/22 17:38:35
04/12/22 17:38:35
/home/pi/reginaldojunior/experimentos/results/socket/2/600/600/elecNormNew-AdaptiveRandomForestExecutorRUNPER-25-2-1-20
04/12/22 17:40:41
04/12/22 17:40:41
/home/pi/reginaldojunior/experimentos/results/socket/2/600/600/elecNormNew-AdaptiveRandomForestSequential-25-1-1-102
04/12/22 17:42:48
04/12/22 17:42:48
/home/pi/reginaldojunior/experimentos/results/socket/2/600/600/elecNormNew-AdaptiveRandomForestExecutorRUNPER-25-2-1-102
04/12/22 17:44:54
04/12/22 17:44:54
/home/pi/reginaldojunior/experimentos/results/socket/2/600/600/elecNormNew-AdaptiveRandomForestSequential-25-1-1-184
04/12/22 17:47:01
04/12/22 17:47:01
/home/pi/reginaldojunior/experimentos/results/socket/2/600/600/elecNormNew-AdaptiveRandomForestExecutorRUNPER-25-2-1-184
04/12/22 17:49:07
04/12/22 17:49:07
/home/pi/reginaldojunior/experimentos/results/socket/2/600/600/elecNormNew-LeveragingBag-25-1-1-30
04/12/22 17:51:16
04/12/22 17:51:16
/home/pi/reginaldojunior/experimentos/results/socket/2/600/600/elecNormNew-LBagExecutorRUNPER-25-2-1-30
04/12/22 17:53:25
04/12/22 17:53:25
/home/pi/reginaldojunior/experimentos/results/socket/2/600/600/elecNormNew-LeveragingBag-25-1-1-153
04/12/22 17:55:34
04/12/22 17:55:34
/home/pi/reginaldojunior/experimentos/results/socket/2/600/600/elecNormNew-LBagExecutorRUNPER-25-2-1-153
04/12/22 17:57:44
04/12/22 17:57:44
/home/pi/reginaldojunior/experimentos/results/socket/2/600/600/elecNormNew-LeveragingBag-25-1-1-276
04/12/22 17:59:52
04/12/22 17:59:52
/home/pi/reginaldojunior/experimentos/results/socket/2/600/600/elecNormNew-LBagExecutorRUNPER-25-2-1-276
04/12/22 18:02:01
04/12/22 18:02:01
/home/pi/reginaldojunior/experimentos/results/socket/2/600/600/elecNormNew-StreamingRandomPatches-25-1-1-10
04/12/22 18:04:07
04/12/22 18:04:07
/home/pi/reginaldojunior/experimentos/results/socket/2/600/600/elecNormNew-StreamingRandomPatchesExecutorRUNPER-25-2-1-10
04/12/22 18:06:13
04/12/22 18:06:13
/home/pi/reginaldojunior/experimentos/results/socket/2/600/600/elecNormNew-StreamingRandomPatches-25-1-1-54
04/12/22 18:08:20
04/12/22 18:08:20
/home/pi/reginaldojunior/experimentos/results/socket/2/600/600/elecNormNew-StreamingRandomPatchesExecutorRUNPER-25-2-1-54
04/12/22 18:10:26
04/12/22 18:10:26
/home/pi/reginaldojunior/experimentos/results/socket/2/600/600/elecNormNew-StreamingRandomPatches-25-1-1-97
04/12/22 18:12:32
04/12/22 18:12:32
/home/pi/reginaldojunior/experimentos/results/socket/2/600/600/elecNormNew-StreamingRandomPatchesExecutorRUNPER-25-2-1-97
04/12/22 18:14:39
04/12/22 18:14:39
/home/pi/reginaldojunior/experimentos/results/socket/2/600/600/elecNormNew-OzaBagAdwin-25-1-1-49
04/12/22 18:16:48
04/12/22 18:16:48
/home/pi/reginaldojunior/experimentos/results/socket/2/600/600/elecNormNew-OzaBagAdwinExecutorRUNPER-25-2-1-49
04/12/22 18:18:57
04/12/22 18:18:57
/home/pi/reginaldojunior/experimentos/results/socket/2/600/600/elecNormNew-OzaBagAdwin-25-1-1-247
04/12/22 18:21:06
04/12/22 18:21:06
/home/pi/reginaldojunior/experimentos/results/socket/2/600/600/elecNormNew-OzaBagAdwinExecutorRUNPER-25-2-1-247
04/12/22 18:23:15
04/12/22 18:23:15
/home/pi/reginaldojunior/experimentos/results/socket/2/600/600/elecNormNew-OzaBagAdwin-25-1-1-444
04/12/22 18:25:07
04/12/22 18:25:07
/home/pi/reginaldojunior/experimentos/results/socket/2/600/600/elecNormNew-OzaBagAdwinExecutorRUNPER-25-2-1-444
04/12/22 18:26:59
04/12/22 18:26:59
/home/pi/reginaldojunior/experimentos/results/socket/2/600/600/elecNormNew-OzaBagASHT-25-1-1-61
04/12/22 18:29:08
04/12/22 18:29:08
/home/pi/reginaldojunior/experimentos/results/socket/2/600/600/elecNormNew-OzaBagASHTExecutorRUNPER-25-2-1-61
04/12/22 18:31:17
04/12/22 18:31:17
/home/pi/reginaldojunior/experimentos/results/socket/2/600/600/elecNormNew-OzaBagASHT-25-1-1-309
04/12/22 18:33:26
04/12/22 18:33:26
/home/pi/reginaldojunior/experimentos/results/socket/2/600/600/elecNormNew-OzaBagASHTExecutorRUNPER-25-2-1-309
04/12/22 18:35:35
04/12/22 18:35:35
/home/pi/reginaldojunior/experimentos/results/socket/2/600/600/elecNormNew-OzaBagASHT-25-1-1-556
04/12/22 18:37:06
04/12/22 18:37:06
/home/pi/reginaldojunior/experimentos/results/socket/2/600/600/elecNormNew-OzaBagASHTExecutorRUNPER-25-2-1-556
04/12/22 18:38:37
04/12/22 18:38:37
/home/pi/reginaldojunior/experimentos/results/socket/2/600/600/elecNormNew-OzaBag-25-1-1-64
04/12/22 18:40:46
04/12/22 18:40:46
/home/pi/reginaldojunior/experimentos/results/socket/2/600/600/elecNormNew-OzaBagExecutorRUNPER-25-2-1-64
04/12/22 18:42:55
04/12/22 18:42:55
/home/pi/reginaldojunior/experimentos/results/socket/2/600/600/elecNormNew-OzaBag-25-1-1-320
04/12/22 18:45:04
04/12/22 18:45:04
/home/pi/reginaldojunior/experimentos/results/socket/2/600/600/elecNormNew-OzaBagExecutorRUNPER-25-2-1-320
04/12/22 18:47:13
04/12/22 18:47:13
/home/pi/reginaldojunior/experimentos/results/socket/2/600/600/elecNormNew-OzaBag-25-1-1-577
04/12/22 18:48:41
04/12/22 18:48:41
/home/pi/reginaldojunior/experimentos/results/socket/2/600/600/elecNormNew-OzaBagExecutorRUNPER-25-2-1-577
04/12/22 18:50:09
04/12/22 18:50:09
