02/12/23 23:44:25
/home/pi/reginaldojunior/experimentos/socket/loop-fusion-dynamic/all-batches-6//covtypeNorm-AdaptiveRandomForestExecutorMAXChunk-25-4-25-844
02/12/23 23:54:30
02/12/23 23:54:30
/home/pi/reginaldojunior/experimentos/socket/loop-fusion-dynamic/all-batches-6//covtypeNorm-LBagExecutorMAXChunk-25-4-25-575
03/12/23 00:04:37
03/12/23 00:04:37
/home/pi/reginaldojunior/experimentos/socket/loop-fusion-dynamic/all-batches-6//covtypeNorm-StreamingRandomPatchesExecutorMAXChunk-25-4-25-253
03/12/23 00:14:42
03/12/23 00:14:42
/home/pi/reginaldojunior/experimentos/socket/loop-fusion-dynamic/all-batches-6//covtypeNorm-OzaBagAdwinExecutorMAXChunk-25-4-25-794
03/12/23 00:24:49
03/12/23 00:24:49
/home/pi/reginaldojunior/experimentos/socket/loop-fusion-dynamic/all-batches-6//covtypeNorm-OzaBagASHTExecutorMAXChunk-25-4-25-2709
03/12/23 00:34:55
03/12/23 00:34:56
/home/pi/reginaldojunior/experimentos/socket/loop-fusion-dynamic/all-batches-6//covtypeNorm-OzaBagExecutorMAXChunk-25-4-25-2679
03/12/23 00:45:02
03/12/23 00:45:02
/home/pi/reginaldojunior/experimentos/socket/loop-fusion-dynamic/all-batches-6//airlines-AdaptiveRandomForestExecutorMAXChunk-25-4-25-213
03/12/23 00:55:07
03/12/23 00:55:07
/home/pi/reginaldojunior/experimentos/socket/loop-fusion-dynamic/all-batches-6//airlines-LBagExecutorMAXChunk-25-4-25-210
03/12/23 01:05:14
03/12/23 01:05:14
/home/pi/reginaldojunior/experimentos/socket/loop-fusion-dynamic/all-batches-6//airlines-StreamingRandomPatchesExecutorMAXChunk-25-4-25-236
03/12/23 01:15:19
03/12/23 01:15:19
/home/pi/reginaldojunior/experimentos/socket/loop-fusion-dynamic/all-batches-6//airlines-OzaBagAdwinExecutorMAXChunk-25-4-25-717
03/12/23 01:25:25
03/12/23 01:25:25
/home/pi/reginaldojunior/experimentos/socket/loop-fusion-dynamic/all-batches-6//airlines-OzaBagASHTExecutorMAXChunk-25-4-25-2735
03/12/23 01:35:32
03/12/23 01:35:32
/home/pi/reginaldojunior/experimentos/socket/loop-fusion-dynamic/all-batches-6//airlines-OzaBagExecutorMAXChunk-25-4-25-4800
03/12/23 01:45:39
03/12/23 01:45:39
/home/pi/reginaldojunior/experimentos/socket/loop-fusion-dynamic/all-batches-6//elecNormNew-AdaptiveRandomForestExecutorMAXChunk-25-4-25-882
03/12/23 01:55:44
03/12/23 01:55:44
/home/pi/reginaldojunior/experimentos/socket/loop-fusion-dynamic/all-batches-6//elecNormNew-LBagExecutorMAXChunk-25-4-25-1258
03/12/23 02:05:51
03/12/23 02:05:51
/home/pi/reginaldojunior/experimentos/socket/loop-fusion-dynamic/all-batches-6//elecNormNew-StreamingRandomPatchesExecutorMAXChunk-25-4-25-496
03/12/23 02:15:57
03/12/23 02:15:57
/home/pi/reginaldojunior/experimentos/socket/loop-fusion-dynamic/all-batches-6//elecNormNew-OzaBagAdwinExecutorMAXChunk-25-4-25-2142
03/12/23 02:23:46
03/12/23 02:23:46
/home/pi/reginaldojunior/experimentos/socket/loop-fusion-dynamic/all-batches-6//elecNormNew-OzaBagASHTExecutorMAXChunk-25-4-25-3926
03/12/23 02:29:17
03/12/23 02:29:17
/home/pi/reginaldojunior/experimentos/socket/loop-fusion-dynamic/all-batches-6//elecNormNew-OzaBagExecutorMAXChunk-25-4-25-3944
03/12/23 02:32:22
03/12/23 02:32:22
/home/pi/reginaldojunior/experimentos/socket/loop-fusion-dynamic/all-batches-6//GMSC-AdaptiveRandomForestExecutorMAXChunk-25-4-25-1574
03/12/23 02:42:28
03/12/23 02:42:28
/home/pi/reginaldojunior/experimentos/socket/loop-fusion-dynamic/all-batches-6//GMSC-LBagExecutorMAXChunk-25-4-25-1861
03/12/23 02:52:34
03/12/23 02:52:34
/home/pi/reginaldojunior/experimentos/socket/loop-fusion-dynamic/all-batches-6//GMSC-StreamingRandomPatchesExecutorMAXChunk-25-4-25-898
03/12/23 03:02:40
03/12/23 03:02:40
/home/pi/reginaldojunior/experimentos/socket/loop-fusion-dynamic/all-batches-6//GMSC-OzaBagAdwinExecutorMAXChunk-25-4-25-3066
03/12/23 03:12:47
03/12/23 03:12:47
/home/pi/reginaldojunior/experimentos/socket/loop-fusion-dynamic/all-batches-6//GMSC-OzaBagASHTExecutorMAXChunk-25-4-25-6863
03/12/23 03:18:01
03/12/23 03:18:01
/home/pi/reginaldojunior/experimentos/socket/loop-fusion-dynamic/all-batches-6//GMSC-OzaBagExecutorMAXChunk-25-4-25-6653
03/12/23 03:24:33
03/12/23 03:24:33
/home/pi/reginaldojunior/experimentos/socket/loop-fusion-dynamic/all-batches-6//covtypeNorm-AdaptiveRandomForestExecutorMAXChunk-25-4-50-1012
03/12/23 03:34:38
03/12/23 03:34:38
/home/pi/reginaldojunior/experimentos/socket/loop-fusion-dynamic/all-batches-6//covtypeNorm-LBagExecutorMAXChunk-25-4-50-667
03/12/23 03:44:45
03/12/23 03:44:45
/home/pi/reginaldojunior/experimentos/socket/loop-fusion-dynamic/all-batches-6//covtypeNorm-StreamingRandomPatchesExecutorMAXChunk-25-4-50-255
03/12/23 03:54:51
03/12/23 03:54:51
/home/pi/reginaldojunior/experimentos/socket/loop-fusion-dynamic/all-batches-6//covtypeNorm-OzaBagAdwinExecutorMAXChunk-25-4-50-996
03/12/23 04:04:57
03/12/23 04:04:57
/home/pi/reginaldojunior/experimentos/socket/loop-fusion-dynamic/all-batches-6//covtypeNorm-OzaBagASHTExecutorMAXChunk-25-4-50-2708
03/12/23 04:15:04
03/12/23 04:15:04
/home/pi/reginaldojunior/experimentos/socket/loop-fusion-dynamic/all-batches-6//covtypeNorm-OzaBagExecutorMAXChunk-25-4-50-2675
03/12/23 04:25:10
03/12/23 04:25:10
/home/pi/reginaldojunior/experimentos/socket/loop-fusion-dynamic/all-batches-6//airlines-AdaptiveRandomForestExecutorMAXChunk-25-4-50-220
03/12/23 04:35:15
03/12/23 04:35:15
/home/pi/reginaldojunior/experimentos/socket/loop-fusion-dynamic/all-batches-6//airlines-LBagExecutorMAXChunk-25-4-50-214
03/12/23 04:45:22
03/12/23 04:45:22
/home/pi/reginaldojunior/experimentos/socket/loop-fusion-dynamic/all-batches-6//airlines-StreamingRandomPatchesExecutorMAXChunk-25-4-50-239
03/12/23 04:55:28
03/12/23 04:55:28
/home/pi/reginaldojunior/experimentos/socket/loop-fusion-dynamic/all-batches-6//airlines-OzaBagAdwinExecutorMAXChunk-25-4-50-683
03/12/23 05:05:35
03/12/23 05:05:35
/home/pi/reginaldojunior/experimentos/socket/loop-fusion-dynamic/all-batches-6//airlines-OzaBagASHTExecutorMAXChunk-25-4-50-3799
03/12/23 05:15:42
03/12/23 05:15:42
/home/pi/reginaldojunior/experimentos/socket/loop-fusion-dynamic/all-batches-6//airlines-OzaBagExecutorMAXChunk-25-4-50-5027
03/12/23 05:25:48
03/12/23 05:25:48
/home/pi/reginaldojunior/experimentos/socket/loop-fusion-dynamic/all-batches-6//elecNormNew-AdaptiveRandomForestExecutorMAXChunk-25-4-50-918
03/12/23 05:35:54
03/12/23 05:35:54
/home/pi/reginaldojunior/experimentos/socket/loop-fusion-dynamic/all-batches-6//elecNormNew-LBagExecutorMAXChunk-25-4-50-1316
03/12/23 05:46:00
03/12/23 05:46:00
/home/pi/reginaldojunior/experimentos/socket/loop-fusion-dynamic/all-batches-6//elecNormNew-StreamingRandomPatchesExecutorMAXChunk-25-4-50-489
03/12/23 05:56:06
03/12/23 05:56:06
/home/pi/reginaldojunior/experimentos/socket/loop-fusion-dynamic/all-batches-6//elecNormNew-OzaBagAdwinExecutorMAXChunk-25-4-50-2523
03/12/23 06:00:54
03/12/23 06:00:54
/home/pi/reginaldojunior/experimentos/socket/loop-fusion-dynamic/all-batches-6//elecNormNew-OzaBagASHTExecutorMAXChunk-25-4-50-4141
03/12/23 06:04:44
03/12/23 06:04:44
/home/pi/reginaldojunior/experimentos/socket/loop-fusion-dynamic/all-batches-6//elecNormNew-OzaBagExecutorMAXChunk-25-4-50-4162
03/12/23 06:07:47
03/12/23 06:07:47
/home/pi/reginaldojunior/experimentos/socket/loop-fusion-dynamic/all-batches-6//GMSC-AdaptiveRandomForestExecutorMAXChunk-25-4-50-1699
03/12/23 06:17:53
03/12/23 06:17:53
/home/pi/reginaldojunior/experimentos/socket/loop-fusion-dynamic/all-batches-6//GMSC-LBagExecutorMAXChunk-25-4-50-2037
03/12/23 06:27:59
03/12/23 06:27:59
/home/pi/reginaldojunior/experimentos/socket/loop-fusion-dynamic/all-batches-6//GMSC-StreamingRandomPatchesExecutorMAXChunk-25-4-50-958
03/12/23 06:38:05
03/12/23 06:38:05
/home/pi/reginaldojunior/experimentos/socket/loop-fusion-dynamic/all-batches-6//GMSC-OzaBagAdwinExecutorMAXChunk-25-4-50-4027
03/12/23 06:48:12
03/12/23 06:48:12
/home/pi/reginaldojunior/experimentos/socket/loop-fusion-dynamic/all-batches-6//GMSC-OzaBagASHTExecutorMAXChunk-25-4-50-7285
03/12/23 06:55:53
03/12/23 06:55:53
/home/pi/reginaldojunior/experimentos/socket/loop-fusion-dynamic/all-batches-6//GMSC-OzaBagExecutorMAXChunk-25-4-50-6990
03/12/23 07:02:31
03/12/23 07:02:31
/home/pi/reginaldojunior/experimentos/socket/loop-fusion-dynamic/all-batches-6//covtypeNorm-AdaptiveRandomForestExecutorMAXChunk-25-4-500-963
03/12/23 07:12:37
03/12/23 07:12:37
/home/pi/reginaldojunior/experimentos/socket/loop-fusion-dynamic/all-batches-6//covtypeNorm-LBagExecutorMAXChunk-25-4-500-782
03/12/23 07:22:44
03/12/23 07:22:44
/home/pi/reginaldojunior/experimentos/socket/loop-fusion-dynamic/all-batches-6//covtypeNorm-StreamingRandomPatchesExecutorMAXChunk-25-4-500-276
03/12/23 07:32:50
03/12/23 07:32:50
/home/pi/reginaldojunior/experimentos/socket/loop-fusion-dynamic/all-batches-6//covtypeNorm-OzaBagAdwinExecutorMAXChunk-25-4-500-1154
03/12/23 07:42:56
03/12/23 07:42:56
/home/pi/reginaldojunior/experimentos/socket/loop-fusion-dynamic/all-batches-6//covtypeNorm-OzaBagASHTExecutorMAXChunk-25-4-500-3368
03/12/23 07:53:03
03/12/23 07:53:03
/home/pi/reginaldojunior/experimentos/socket/loop-fusion-dynamic/all-batches-6//covtypeNorm-OzaBagExecutorMAXChunk-25-4-500-3708
03/12/23 08:03:10
03/12/23 08:03:10
/home/pi/reginaldojunior/experimentos/socket/loop-fusion-dynamic/all-batches-6//airlines-AdaptiveRandomForestExecutorMAXChunk-25-4-500-276
03/12/23 08:13:19
03/12/23 08:13:19
/home/pi/reginaldojunior/experimentos/socket/loop-fusion-dynamic/all-batches-6//airlines-LBagExecutorMAXChunk-25-4-500-245
03/12/23 08:23:25
03/12/23 08:23:25
/home/pi/reginaldojunior/experimentos/socket/loop-fusion-dynamic/all-batches-6//airlines-StreamingRandomPatchesExecutorMAXChunk-25-4-500-266
03/12/23 08:33:31
03/12/23 08:33:31
/home/pi/reginaldojunior/experimentos/socket/loop-fusion-dynamic/all-batches-6//airlines-OzaBagAdwinExecutorMAXChunk-25-4-500-753
03/12/23 08:43:38
03/12/23 08:43:38
/home/pi/reginaldojunior/experimentos/socket/loop-fusion-dynamic/all-batches-6//airlines-OzaBagASHTExecutorMAXChunk-25-4-500-4856
03/12/23 08:53:45
03/12/23 08:53:45
/home/pi/reginaldojunior/experimentos/socket/loop-fusion-dynamic/all-batches-6//airlines-OzaBagExecutorMAXChunk-25-4-500-6170
03/12/23 09:03:52
03/12/23 09:03:52
/home/pi/reginaldojunior/experimentos/socket/loop-fusion-dynamic/all-batches-6//elecNormNew-AdaptiveRandomForestExecutorMAXChunk-25-4-500-930
03/12/23 09:13:58
03/12/23 09:13:58
/home/pi/reginaldojunior/experimentos/socket/loop-fusion-dynamic/all-batches-6//elecNormNew-LBagExecutorMAXChunk-25-4-500-1471
03/12/23 09:24:05
03/12/23 09:24:05
/home/pi/reginaldojunior/experimentos/socket/loop-fusion-dynamic/all-batches-6//elecNormNew-StreamingRandomPatchesExecutorMAXChunk-25-4-500-494
03/12/23 09:34:11
03/12/23 09:34:11
/home/pi/reginaldojunior/experimentos/socket/loop-fusion-dynamic/all-batches-6//elecNormNew-OzaBagAdwinExecutorMAXChunk-25-4-500-2794
03/12/23 09:39:29
03/12/23 09:39:29
/home/pi/reginaldojunior/experimentos/socket/loop-fusion-dynamic/all-batches-6//elecNormNew-OzaBagASHTExecutorMAXChunk-25-4-500-4712
03/12/23 09:43:08
03/12/23 09:43:08
/home/pi/reginaldojunior/experimentos/socket/loop-fusion-dynamic/all-batches-6//elecNormNew-OzaBagExecutorMAXChunk-25-4-500-4455
03/12/23 09:47:46
03/12/23 09:47:46
/home/pi/reginaldojunior/experimentos/socket/loop-fusion-dynamic/all-batches-6//GMSC-AdaptiveRandomForestExecutorMAXChunk-25-4-500-1820
03/12/23 09:57:52
03/12/23 09:57:52
/home/pi/reginaldojunior/experimentos/socket/loop-fusion-dynamic/all-batches-6//GMSC-LBagExecutorMAXChunk-25-4-500-2271
03/12/23 10:07:58
03/12/23 10:07:59
/home/pi/reginaldojunior/experimentos/socket/loop-fusion-dynamic/all-batches-6//GMSC-StreamingRandomPatchesExecutorMAXChunk-25-4-500-1019
03/12/23 10:18:03
03/12/23 10:18:03
/home/pi/reginaldojunior/experimentos/socket/loop-fusion-dynamic/all-batches-6//GMSC-OzaBagAdwinExecutorMAXChunk-25-4-500-4733
03/12/23 10:28:10
03/12/23 10:28:10
/home/pi/reginaldojunior/experimentos/socket/loop-fusion-dynamic/all-batches-6//GMSC-OzaBagASHTExecutorMAXChunk-25-4-500-8617
03/12/23 10:37:06
03/12/23 10:37:06
/home/pi/reginaldojunior/experimentos/socket/loop-fusion-dynamic/all-batches-6//GMSC-OzaBagExecutorMAXChunk-25-4-500-8499
03/12/23 10:43:10
03/12/23 10:43:10
/home/pi/reginaldojunior/experimentos/socket/loop-fusion-dynamic/all-batches-6//covtypeNorm-AdaptiveRandomForestExecutorMAXChunk-25-4-2000-1080
03/12/23 10:53:16
03/12/23 10:53:16
/home/pi/reginaldojunior/experimentos/socket/loop-fusion-dynamic/all-batches-6//covtypeNorm-LBagExecutorMAXChunk-25-4-2000-702
03/12/23 11:03:23
03/12/23 11:03:23
/home/pi/reginaldojunior/experimentos/socket/loop-fusion-dynamic/all-batches-6//covtypeNorm-StreamingRandomPatchesExecutorMAXChunk-25-4-2000-291
03/12/23 11:13:29
03/12/23 11:13:29
/home/pi/reginaldojunior/experimentos/socket/loop-fusion-dynamic/all-batches-6//covtypeNorm-OzaBagAdwinExecutorMAXChunk-25-4-2000-1149
03/12/23 11:23:35
03/12/23 11:23:35
/home/pi/reginaldojunior/experimentos/socket/loop-fusion-dynamic/all-batches-6//covtypeNorm-OzaBagASHTExecutorMAXChunk-25-4-2000-3314
03/12/23 11:33:42
03/12/23 11:33:42
/home/pi/reginaldojunior/experimentos/socket/loop-fusion-dynamic/all-batches-6//covtypeNorm-OzaBagExecutorMAXChunk-25-4-2000-3557
03/12/23 11:43:49
03/12/23 11:43:49
/home/pi/reginaldojunior/experimentos/socket/loop-fusion-dynamic/all-batches-6//airlines-AdaptiveRandomForestExecutorMAXChunk-25-4-2000-292
03/12/23 11:53:55
03/12/23 11:53:55
/home/pi/reginaldojunior/experimentos/socket/loop-fusion-dynamic/all-batches-6//airlines-LBagExecutorMAXChunk-25-4-2000-440
03/12/23 12:32:38
03/12/23 12:32:38
/home/pi/reginaldojunior/experimentos/socket/loop-fusion-dynamic/all-batches-6//airlines-StreamingRandomPatchesExecutorMAXChunk-25-4-2000-277
03/12/23 12:42:44
03/12/23 12:42:44
/home/pi/reginaldojunior/experimentos/socket/loop-fusion-dynamic/all-batches-6//airlines-OzaBagAdwinExecutorMAXChunk-25-4-2000-970
03/12/23 12:52:52
03/12/23 12:52:52
/home/pi/reginaldojunior/experimentos/socket/loop-fusion-dynamic/all-batches-6//airlines-OzaBagASHTExecutorMAXChunk-25-4-2000-4989
03/12/23 13:02:58
03/12/23 13:02:58
/home/pi/reginaldojunior/experimentos/socket/loop-fusion-dynamic/all-batches-6//airlines-OzaBagExecutorMAXChunk-25-4-2000-6220
03/12/23 13:13:05
03/12/23 13:13:05
/home/pi/reginaldojunior/experimentos/socket/loop-fusion-dynamic/all-batches-6//elecNormNew-AdaptiveRandomForestExecutorMAXChunk-25-4-2000-875
03/12/23 13:23:10
03/12/23 13:23:10
/home/pi/reginaldojunior/experimentos/socket/loop-fusion-dynamic/all-batches-6//elecNormNew-LBagExecutorMAXChunk-25-4-2000-1402
03/12/23 13:33:17
03/12/23 13:33:17
/home/pi/reginaldojunior/experimentos/socket/loop-fusion-dynamic/all-batches-6//elecNormNew-StreamingRandomPatchesExecutorMAXChunk-25-4-2000-519
03/12/23 13:43:23
03/12/23 13:43:23
/home/pi/reginaldojunior/experimentos/socket/loop-fusion-dynamic/all-batches-6//elecNormNew-OzaBagAdwinExecutorMAXChunk-25-4-2000-2528
03/12/23 13:48:18
03/12/23 13:48:18
/home/pi/reginaldojunior/experimentos/socket/loop-fusion-dynamic/all-batches-6//elecNormNew-OzaBagASHTExecutorMAXChunk-25-4-2000-4202
03/12/23 13:51:52
03/12/23 13:51:52
/home/pi/reginaldojunior/experimentos/socket/loop-fusion-dynamic/all-batches-6//elecNormNew-OzaBagExecutorMAXChunk-25-4-2000-4042
03/12/23 13:55:04
03/12/23 13:55:04
/home/pi/reginaldojunior/experimentos/socket/loop-fusion-dynamic/all-batches-6//GMSC-AdaptiveRandomForestExecutorMAXChunk-25-4-2000-1801
03/12/23 14:05:10
03/12/23 14:05:10
/home/pi/reginaldojunior/experimentos/socket/loop-fusion-dynamic/all-batches-6//GMSC-LBagExecutorMAXChunk-25-4-2000-2224
03/12/23 14:15:17
03/12/23 14:15:17
/home/pi/reginaldojunior/experimentos/socket/loop-fusion-dynamic/all-batches-6//GMSC-StreamingRandomPatchesExecutorMAXChunk-25-4-2000-974
03/12/23 14:25:22
03/12/23 14:25:22
/home/pi/reginaldojunior/experimentos/socket/loop-fusion-dynamic/all-batches-6//GMSC-OzaBagAdwinExecutorMAXChunk-25-4-2000-4540
03/12/23 14:34:43
03/12/23 14:34:43
/home/pi/reginaldojunior/experimentos/socket/loop-fusion-dynamic/all-batches-6//GMSC-OzaBagASHTExecutorMAXChunk-25-4-2000-8906
03/12/23 14:39:15
03/12/23 14:39:15
/home/pi/reginaldojunior/experimentos/socket/loop-fusion-dynamic/all-batches-6//GMSC-OzaBagExecutorMAXChunk-25-4-2000-8410
03/12/23 14:44:56
