02/11/23 07:20:01
/home/pi/reginaldojunior/experimentos/dynamic-batch/5//covtypeNorm-AdaptiveRandomForestExecutorMAXChunk
02/11/23 07:22:14
02/11/23 07:22:14
/home/pi/reginaldojunior/experimentos/dynamic-batch/5//covtypeNorm-LBagExecutorMAXChunk
02/11/23 07:24:27
02/11/23 07:24:27
/home/pi/reginaldojunior/experimentos/dynamic-batch/5//covtypeNorm-StreamingRandomPatchesExecutorMAXChunk
02/11/23 07:26:39
02/11/23 07:26:39
/home/pi/reginaldojunior/experimentos/dynamic-batch/5//covtypeNorm-OzaBagAdwinExecutorMAXChunk
02/11/23 07:28:52
02/11/23 07:28:52
/home/pi/reginaldojunior/experimentos/dynamic-batch/5//covtypeNorm-OzaBagASHTExecutorMAXChunk
02/11/23 07:31:06
02/11/23 07:31:06
/home/pi/reginaldojunior/experimentos/dynamic-batch/5//covtypeNorm-OzaBagExecutorMAXChunk
02/11/23 07:33:20
02/11/23 07:33:20
/home/pi/reginaldojunior/experimentos/dynamic-batch/5//airlines-AdaptiveRandomForestExecutorMAXChunk
02/11/23 07:35:33
02/11/23 07:35:33
/home/pi/reginaldojunior/experimentos/dynamic-batch/5//airlines-LBagExecutorMAXChunk
02/11/23 07:39:28
02/11/23 07:39:29
/home/pi/reginaldojunior/experimentos/dynamic-batch/5//airlines-StreamingRandomPatchesExecutorMAXChunk
02/11/23 07:41:44
02/11/23 07:41:44
/home/pi/reginaldojunior/experimentos/dynamic-batch/5//airlines-OzaBagAdwinExecutorMAXChunk
02/11/23 07:44:01
02/11/23 07:44:01
/home/pi/reginaldojunior/experimentos/dynamic-batch/5//airlines-OzaBagASHTExecutorMAXChunk
02/11/23 07:46:15
02/11/23 07:46:15
/home/pi/reginaldojunior/experimentos/dynamic-batch/5//airlines-OzaBagExecutorMAXChunk
02/11/23 07:48:29
02/11/23 07:48:29
/home/pi/reginaldojunior/experimentos/dynamic-batch/5//elecNormNew-AdaptiveRandomForestExecutorMAXChunk
02/11/23 07:50:41
02/11/23 07:50:41
/home/pi/reginaldojunior/experimentos/dynamic-batch/5//elecNormNew-LBagExecutorMAXChunk
02/11/23 07:52:54
02/11/23 07:52:54
/home/pi/reginaldojunior/experimentos/dynamic-batch/5//elecNormNew-StreamingRandomPatchesExecutorMAXChunk
02/11/23 07:55:06
02/11/23 07:55:06
/home/pi/reginaldojunior/experimentos/dynamic-batch/5//elecNormNew-OzaBagAdwinExecutorMAXChunk
02/11/23 07:57:20
02/11/23 07:57:20
/home/pi/reginaldojunior/experimentos/dynamic-batch/5//elecNormNew-OzaBagASHTExecutorMAXChunk
02/11/23 07:59:34
02/11/23 07:59:34
/home/pi/reginaldojunior/experimentos/dynamic-batch/5//elecNormNew-OzaBagExecutorMAXChunk
02/11/23 08:01:48
02/11/23 08:01:48
/home/pi/reginaldojunior/experimentos/dynamic-batch/5//GMSC-AdaptiveRandomForestExecutorMAXChunk
02/11/23 08:04:00
02/11/23 08:04:00
/home/pi/reginaldojunior/experimentos/dynamic-batch/5//GMSC-LBagExecutorMAXChunk
02/11/23 08:06:14
02/11/23 08:06:14
/home/pi/reginaldojunior/experimentos/dynamic-batch/5//GMSC-StreamingRandomPatchesExecutorMAXChunk
02/11/23 08:08:27
02/11/23 08:08:27
/home/pi/reginaldojunior/experimentos/dynamic-batch/5//GMSC-OzaBagAdwinExecutorMAXChunk
02/11/23 08:10:41
02/11/23 08:10:41
/home/pi/reginaldojunior/experimentos/dynamic-batch/5//GMSC-OzaBagASHTExecutorMAXChunk
02/11/23 08:12:55
02/11/23 08:12:55
/home/pi/reginaldojunior/experimentos/dynamic-batch/5//GMSC-OzaBagExecutorMAXChunk
02/11/23 08:15:09
02/11/23 08:15:09
