07/11/23 03:25:02
/home/pi/reginaldojunior/experimentos/dynamic-batch/7//covtypeNorm-AdaptiveRandomForestExecutorMAXChunk
07/11/23 03:27:16
07/11/23 03:27:16
/home/pi/reginaldojunior/experimentos/dynamic-batch/7//covtypeNorm-LBagExecutorMAXChunk
07/11/23 03:29:30
07/11/23 03:29:30
/home/pi/reginaldojunior/experimentos/dynamic-batch/7//covtypeNorm-StreamingRandomPatchesExecutorMAXChunk
07/11/23 03:31:43
07/11/23 03:31:43
/home/pi/reginaldojunior/experimentos/dynamic-batch/7//covtypeNorm-OzaBagAdwinExecutorMAXChunk
07/11/23 03:33:57
07/11/23 03:33:57
/home/pi/reginaldojunior/experimentos/dynamic-batch/7//covtypeNorm-OzaBagASHTExecutorMAXChunk
07/11/23 03:36:11
07/11/23 03:36:11
/home/pi/reginaldojunior/experimentos/dynamic-batch/7//covtypeNorm-OzaBagExecutorMAXChunk
07/11/23 03:38:24
07/11/23 03:38:24
/home/pi/reginaldojunior/experimentos/dynamic-batch/7//airlines-AdaptiveRandomForestExecutorMAXChunk
07/11/23 03:40:37
07/11/23 03:40:37
/home/pi/reginaldojunior/experimentos/dynamic-batch/7//airlines-LBagExecutorMAXChunk
07/11/23 03:42:51
07/11/23 03:42:52
/home/pi/reginaldojunior/experimentos/dynamic-batch/7//airlines-StreamingRandomPatchesExecutorMAXChunk
07/11/23 03:45:11
07/11/23 03:45:11
/home/pi/reginaldojunior/experimentos/dynamic-batch/7//airlines-OzaBagAdwinExecutorMAXChunk
07/11/23 03:47:25
07/11/23 03:47:25
/home/pi/reginaldojunior/experimentos/dynamic-batch/7//airlines-OzaBagASHTExecutorMAXChunk
07/11/23 03:49:38
07/11/23 03:49:38
/home/pi/reginaldojunior/experimentos/dynamic-batch/7//airlines-OzaBagExecutorMAXChunk
07/11/23 03:51:53
07/11/23 03:51:53
/home/pi/reginaldojunior/experimentos/dynamic-batch/7//elecNormNew-AdaptiveRandomForestExecutorMAXChunk
07/11/23 03:54:04
07/11/23 03:54:04
/home/pi/reginaldojunior/experimentos/dynamic-batch/7//elecNormNew-LBagExecutorMAXChunk
07/11/23 03:56:18
07/11/23 03:56:18
/home/pi/reginaldojunior/experimentos/dynamic-batch/7//elecNormNew-StreamingRandomPatchesExecutorMAXChunk
07/11/23 03:58:30
07/11/23 03:58:30
/home/pi/reginaldojunior/experimentos/dynamic-batch/7//elecNormNew-OzaBagAdwinExecutorMAXChunk
07/11/23 04:00:44
07/11/23 04:00:44
/home/pi/reginaldojunior/experimentos/dynamic-batch/7//elecNormNew-OzaBagASHTExecutorMAXChunk
07/11/23 04:02:58
07/11/23 04:02:58
/home/pi/reginaldojunior/experimentos/dynamic-batch/7//elecNormNew-OzaBagExecutorMAXChunk
07/11/23 04:05:12
07/11/23 04:05:12
/home/pi/reginaldojunior/experimentos/dynamic-batch/7//GMSC-AdaptiveRandomForestExecutorMAXChunk
07/11/23 04:07:24
07/11/23 04:07:24
/home/pi/reginaldojunior/experimentos/dynamic-batch/7//GMSC-LBagExecutorMAXChunk
07/11/23 04:09:37
07/11/23 04:09:37
/home/pi/reginaldojunior/experimentos/dynamic-batch/7//GMSC-StreamingRandomPatchesExecutorMAXChunk
07/11/23 04:11:50
07/11/23 04:11:50
/home/pi/reginaldojunior/experimentos/dynamic-batch/7//GMSC-OzaBagAdwinExecutorMAXChunk
07/11/23 04:14:04
07/11/23 04:14:04
/home/pi/reginaldojunior/experimentos/dynamic-batch/7//GMSC-OzaBagASHTExecutorMAXChunk
07/11/23 04:16:18
07/11/23 04:16:18
/home/pi/reginaldojunior/experimentos/dynamic-batch/7//GMSC-OzaBagExecutorMAXChunk
07/11/23 04:18:32
07/11/23 04:18:32
