07/11/23 11:40:19
/home/pi/reginaldojunior/experimentos/dynamic-batch/2//covtypeNorm-AdaptiveRandomForestExecutorMAXChunk
07/11/23 11:42:32
07/11/23 11:42:32
/home/pi/reginaldojunior/experimentos/dynamic-batch/2//covtypeNorm-LBagExecutorMAXChunk
07/11/23 11:44:46
07/11/23 11:44:46
/home/pi/reginaldojunior/experimentos/dynamic-batch/2//covtypeNorm-StreamingRandomPatchesExecutorMAXChunk
07/11/23 11:46:58
07/11/23 11:46:58
/home/pi/reginaldojunior/experimentos/dynamic-batch/2//covtypeNorm-OzaBagAdwinExecutorMAXChunk
07/11/23 11:49:12
07/11/23 11:49:12
/home/pi/reginaldojunior/experimentos/dynamic-batch/2//covtypeNorm-OzaBagASHTExecutorMAXChunk
07/11/23 11:51:25
07/11/23 11:51:25
/home/pi/reginaldojunior/experimentos/dynamic-batch/2//covtypeNorm-OzaBagExecutorMAXChunk
07/11/23 11:53:39
07/11/23 11:53:39
/home/pi/reginaldojunior/experimentos/dynamic-batch/2//airlines-AdaptiveRandomForestExecutorMAXChunk
07/11/23 11:55:54
07/11/23 11:55:54
/home/pi/reginaldojunior/experimentos/dynamic-batch/2//airlines-LBagExecutorMAXChunk
07/11/23 11:58:10
07/11/23 11:58:10
/home/pi/reginaldojunior/experimentos/dynamic-batch/2//airlines-StreamingRandomPatchesExecutorMAXChunk
07/11/23 12:00:24
07/11/23 12:00:24
/home/pi/reginaldojunior/experimentos/dynamic-batch/2//airlines-OzaBagAdwinExecutorMAXChunk
07/11/23 12:02:39
07/11/23 12:02:39
/home/pi/reginaldojunior/experimentos/dynamic-batch/2//airlines-OzaBagASHTExecutorMAXChunk
07/11/23 12:04:53
07/11/23 12:04:53
/home/pi/reginaldojunior/experimentos/dynamic-batch/2//airlines-OzaBagExecutorMAXChunk
07/11/23 12:07:07
07/11/23 12:07:07
/home/pi/reginaldojunior/experimentos/dynamic-batch/2//elecNormNew-AdaptiveRandomForestExecutorMAXChunk
07/11/23 12:09:19
07/11/23 12:09:19
/home/pi/reginaldojunior/experimentos/dynamic-batch/2//elecNormNew-LBagExecutorMAXChunk
07/11/23 12:11:32
07/11/23 12:11:32
/home/pi/reginaldojunior/experimentos/dynamic-batch/2//elecNormNew-StreamingRandomPatchesExecutorMAXChunk
07/11/23 12:13:44
07/11/23 12:13:44
/home/pi/reginaldojunior/experimentos/dynamic-batch/2//elecNormNew-OzaBagAdwinExecutorMAXChunk
07/11/23 12:15:58
07/11/23 12:15:58
/home/pi/reginaldojunior/experimentos/dynamic-batch/2//elecNormNew-OzaBagASHTExecutorMAXChunk
07/11/23 12:18:12
07/11/23 12:18:12
/home/pi/reginaldojunior/experimentos/dynamic-batch/2//elecNormNew-OzaBagExecutorMAXChunk
07/11/23 12:20:26
07/11/23 12:20:26
/home/pi/reginaldojunior/experimentos/dynamic-batch/2//GMSC-AdaptiveRandomForestExecutorMAXChunk
07/11/23 12:22:38
07/11/23 12:22:38
/home/pi/reginaldojunior/experimentos/dynamic-batch/2//GMSC-LBagExecutorMAXChunk
07/11/23 12:24:52
07/11/23 12:24:52
/home/pi/reginaldojunior/experimentos/dynamic-batch/2//GMSC-StreamingRandomPatchesExecutorMAXChunk
07/11/23 12:27:04
07/11/23 12:27:04
/home/pi/reginaldojunior/experimentos/dynamic-batch/2//GMSC-OzaBagAdwinExecutorMAXChunk
07/11/23 12:29:18
07/11/23 12:29:18
/home/pi/reginaldojunior/experimentos/dynamic-batch/2//GMSC-OzaBagASHTExecutorMAXChunk
07/11/23 12:31:32
07/11/23 12:31:32
/home/pi/reginaldojunior/experimentos/dynamic-batch/2//GMSC-OzaBagExecutorMAXChunk
07/11/23 12:33:45
07/11/23 12:33:46
