24/07/22 21:42:42
/home/pi/reginaldojunior/experimentos/socket/optimized/elecNormNew-AdaptiveRandomForestExecutorMAXChunk-25-4-25-79
24/07/22 21:44:47
24/07/22 21:44:47
/home/pi/reginaldojunior/experimentos/socket/optimized/elecNormNew-AdaptiveRandomForestExecutorMAXChunk-25-4-25-397
24/07/22 21:46:48
24/07/22 21:46:48
/home/pi/reginaldojunior/experimentos/socket/optimized/elecNormNew-AdaptiveRandomForestExecutorMAXChunk-25-4-25-714
24/07/22 21:47:58
24/07/22 21:47:58
/home/pi/reginaldojunior/experimentos/socket/optimized/covtypeNorm-AdaptiveRandomForestExecutorMAXChunk-25-4-25-88
24/07/22 21:50:02
24/07/22 21:50:02
/home/pi/reginaldojunior/experimentos/socket/optimized/covtypeNorm-AdaptiveRandomForestExecutorMAXChunk-25-4-25-441
24/07/22 21:52:07
24/07/22 21:52:07
/home/pi/reginaldojunior/experimentos/socket/optimized/covtypeNorm-AdaptiveRandomForestExecutorMAXChunk-25-4-25-793
24/07/22 21:54:12
24/07/22 21:54:12
/home/pi/reginaldojunior/experimentos/socket/optimized/airlines-AdaptiveRandomForestExecutorMAXChunk-25-4-25-22
24/07/22 21:56:19
24/07/22 21:56:19
/home/pi/reginaldojunior/experimentos/socket/optimized/airlines-AdaptiveRandomForestExecutorMAXChunk-25-4-25-110
24/07/22 21:58:24
24/07/22 21:58:24
/home/pi/reginaldojunior/experimentos/socket/optimized/airlines-AdaptiveRandomForestExecutorMAXChunk-25-4-25-198
24/07/22 22:00:30
24/07/22 22:00:30
/home/pi/reginaldojunior/experimentos/socket/optimized/GMSC-AdaptiveRandomForestExecutorMAXChunk-25-4-25-154
24/07/22 22:02:35
24/07/22 22:02:35
/home/pi/reginaldojunior/experimentos/socket/optimized/GMSC-AdaptiveRandomForestExecutorMAXChunk-25-4-25-771
24/07/22 22:04:40
24/07/22 22:04:41
/home/pi/reginaldojunior/experimentos/socket/optimized/GMSC-AdaptiveRandomForestExecutorMAXChunk-25-4-25-1389
24/07/22 22:06:38
24/07/22 22:06:38
/home/pi/reginaldojunior/experimentos/socket/optimized/elecNormNew-AdaptiveRandomForestExecutorMAXChunk-25-4-50-73
24/07/22 22:08:43
24/07/22 22:08:43
/home/pi/reginaldojunior/experimentos/socket/optimized/elecNormNew-AdaptiveRandomForestExecutorMAXChunk-25-4-50-365
24/07/22 22:10:48
24/07/22 22:10:48
/home/pi/reginaldojunior/experimentos/socket/optimized/elecNormNew-AdaptiveRandomForestExecutorMAXChunk-25-4-50-658
24/07/22 22:12:03
24/07/22 22:12:03
/home/pi/reginaldojunior/experimentos/socket/optimized/covtypeNorm-AdaptiveRandomForestExecutorMAXChunk-25-4-50-89
24/07/22 22:14:07
24/07/22 22:14:08
/home/pi/reginaldojunior/experimentos/socket/optimized/covtypeNorm-AdaptiveRandomForestExecutorMAXChunk-25-4-50-446
24/07/22 22:16:12
24/07/22 22:16:12
/home/pi/reginaldojunior/experimentos/socket/optimized/covtypeNorm-AdaptiveRandomForestExecutorMAXChunk-25-4-50-804
24/07/22 22:18:17
24/07/22 22:18:17
/home/pi/reginaldojunior/experimentos/socket/optimized/airlines-AdaptiveRandomForestExecutorMAXChunk-25-4-50-22
24/07/22 22:20:23
24/07/22 22:20:23
/home/pi/reginaldojunior/experimentos/socket/optimized/airlines-AdaptiveRandomForestExecutorMAXChunk-25-4-50-112
24/07/22 22:22:29
24/07/22 22:22:29
/home/pi/reginaldojunior/experimentos/socket/optimized/airlines-AdaptiveRandomForestExecutorMAXChunk-25-4-50-203
24/07/22 22:24:35
24/07/22 22:24:35
/home/pi/reginaldojunior/experimentos/socket/optimized/GMSC-AdaptiveRandomForestExecutorMAXChunk-25-4-50-147
24/07/22 22:26:40
24/07/22 22:26:40
/home/pi/reginaldojunior/experimentos/socket/optimized/GMSC-AdaptiveRandomForestExecutorMAXChunk-25-4-50-739
24/07/22 22:28:45
24/07/22 22:28:45
/home/pi/reginaldojunior/experimentos/socket/optimized/GMSC-AdaptiveRandomForestExecutorMAXChunk-25-4-50-1330
24/07/22 22:30:44
24/07/22 22:30:44
/home/pi/reginaldojunior/experimentos/socket/optimized/elecNormNew-AdaptiveRandomForestExecutorMAXChunk-25-4-75-72
24/07/22 22:32:49
24/07/22 22:32:49
/home/pi/reginaldojunior/experimentos/socket/optimized/elecNormNew-AdaptiveRandomForestExecutorMAXChunk-25-4-75-360
24/07/22 22:34:54
24/07/22 22:34:54
/home/pi/reginaldojunior/experimentos/socket/optimized/elecNormNew-AdaptiveRandomForestExecutorMAXChunk-25-4-75-649
24/07/22 22:36:10
24/07/22 22:36:10
/home/pi/reginaldojunior/experimentos/socket/optimized/covtypeNorm-AdaptiveRandomForestExecutorMAXChunk-25-4-75-102
24/07/22 22:38:15
24/07/22 22:38:15
/home/pi/reginaldojunior/experimentos/socket/optimized/covtypeNorm-AdaptiveRandomForestExecutorMAXChunk-25-4-75-514
24/07/22 22:40:20
24/07/22 22:40:20
/home/pi/reginaldojunior/experimentos/socket/optimized/covtypeNorm-AdaptiveRandomForestExecutorMAXChunk-25-4-75-925
24/07/22 22:42:25
24/07/22 22:42:25
/home/pi/reginaldojunior/experimentos/socket/optimized/airlines-AdaptiveRandomForestExecutorMAXChunk-25-4-75-23
24/07/22 22:44:31
24/07/22 22:44:31
/home/pi/reginaldojunior/experimentos/socket/optimized/airlines-AdaptiveRandomForestExecutorMAXChunk-25-4-75-116
24/07/22 22:46:37
24/07/22 22:46:37
/home/pi/reginaldojunior/experimentos/socket/optimized/airlines-AdaptiveRandomForestExecutorMAXChunk-25-4-75-210
24/07/22 22:48:42
24/07/22 22:48:42
/home/pi/reginaldojunior/experimentos/socket/optimized/GMSC-AdaptiveRandomForestExecutorMAXChunk-25-4-75-158
24/07/22 22:50:47
24/07/22 22:50:47
/home/pi/reginaldojunior/experimentos/socket/optimized/GMSC-AdaptiveRandomForestExecutorMAXChunk-25-4-75-791
24/07/22 22:52:52
24/07/22 22:52:52
/home/pi/reginaldojunior/experimentos/socket/optimized/GMSC-AdaptiveRandomForestExecutorMAXChunk-25-4-75-1424
24/07/22 22:54:47
24/07/22 22:54:47
/home/pi/reginaldojunior/experimentos/socket/optimized/elecNormNew-AdaptiveRandomForestExecutorMAXChunk-25-4-100-73
24/07/22 22:56:52
24/07/22 22:56:52
/home/pi/reginaldojunior/experimentos/socket/optimized/elecNormNew-AdaptiveRandomForestExecutorMAXChunk-25-4-100-365
24/07/22 22:58:57
24/07/22 22:58:57
/home/pi/reginaldojunior/experimentos/socket/optimized/elecNormNew-AdaptiveRandomForestExecutorMAXChunk-25-4-100-658
24/07/22 23:00:11
24/07/22 23:00:11
/home/pi/reginaldojunior/experimentos/socket/optimized/covtypeNorm-AdaptiveRandomForestExecutorMAXChunk-25-4-100-96
24/07/22 23:02:16
24/07/22 23:02:16
/home/pi/reginaldojunior/experimentos/socket/optimized/covtypeNorm-AdaptiveRandomForestExecutorMAXChunk-25-4-100-482
24/07/22 23:04:21
24/07/22 23:04:21
/home/pi/reginaldojunior/experimentos/socket/optimized/covtypeNorm-AdaptiveRandomForestExecutorMAXChunk-25-4-100-869
24/07/22 23:06:26
24/07/22 23:06:26
/home/pi/reginaldojunior/experimentos/socket/optimized/airlines-AdaptiveRandomForestExecutorMAXChunk-25-4-100-23
24/07/22 23:08:32
24/07/22 23:08:32
/home/pi/reginaldojunior/experimentos/socket/optimized/airlines-AdaptiveRandomForestExecutorMAXChunk-25-4-100-117
24/07/22 23:10:37
24/07/22 23:10:37
/home/pi/reginaldojunior/experimentos/socket/optimized/airlines-AdaptiveRandomForestExecutorMAXChunk-25-4-100-211
24/07/22 23:12:43
24/07/22 23:12:43
/home/pi/reginaldojunior/experimentos/socket/optimized/GMSC-AdaptiveRandomForestExecutorMAXChunk-25-4-100-162
24/07/22 23:14:48
24/07/22 23:14:48
/home/pi/reginaldojunior/experimentos/socket/optimized/GMSC-AdaptiveRandomForestExecutorMAXChunk-25-4-100-811
24/07/22 23:16:53
24/07/22 23:16:53
/home/pi/reginaldojunior/experimentos/socket/optimized/GMSC-AdaptiveRandomForestExecutorMAXChunk-25-4-100-1460
24/07/22 23:18:46
24/07/22 23:18:46
/home/pi/reginaldojunior/experimentos/socket/optimized/elecNormNew-AdaptiveRandomForestExecutorMAXChunk-25-4-250-80
24/07/22 23:20:51
24/07/22 23:20:51
/home/pi/reginaldojunior/experimentos/socket/optimized/elecNormNew-AdaptiveRandomForestExecutorMAXChunk-25-4-250-400
24/07/22 23:22:50
24/07/22 23:22:50
/home/pi/reginaldojunior/experimentos/socket/optimized/elecNormNew-AdaptiveRandomForestExecutorMAXChunk-25-4-250-721
24/07/22 23:23:58
24/07/22 23:23:58
/home/pi/reginaldojunior/experimentos/socket/optimized/covtypeNorm-AdaptiveRandomForestExecutorMAXChunk-25-4-250-94
24/07/22 23:26:03
24/07/22 23:26:03
/home/pi/reginaldojunior/experimentos/socket/optimized/covtypeNorm-AdaptiveRandomForestExecutorMAXChunk-25-4-250-472
24/07/22 23:28:08
24/07/22 23:28:08
/home/pi/reginaldojunior/experimentos/socket/optimized/covtypeNorm-AdaptiveRandomForestExecutorMAXChunk-25-4-250-849
24/07/22 23:30:13
24/07/22 23:30:13
/home/pi/reginaldojunior/experimentos/socket/optimized/airlines-AdaptiveRandomForestExecutorMAXChunk-25-4-250-25
24/07/22 23:32:20
24/07/22 23:32:20
/home/pi/reginaldojunior/experimentos/socket/optimized/airlines-AdaptiveRandomForestExecutorMAXChunk-25-4-250-128
24/07/22 23:34:26
24/07/22 23:34:26
/home/pi/reginaldojunior/experimentos/socket/optimized/airlines-AdaptiveRandomForestExecutorMAXChunk-25-4-250-230
24/07/22 23:36:35
24/07/22 23:36:35
/home/pi/reginaldojunior/experimentos/socket/optimized/GMSC-AdaptiveRandomForestExecutorMAXChunk-25-4-250-161
24/07/22 23:38:39
24/07/22 23:38:39
/home/pi/reginaldojunior/experimentos/socket/optimized/GMSC-AdaptiveRandomForestExecutorMAXChunk-25-4-250-806
24/07/22 23:40:46
24/07/22 23:40:46
/home/pi/reginaldojunior/experimentos/socket/optimized/GMSC-AdaptiveRandomForestExecutorMAXChunk-25-4-250-1451
24/07/22 23:42:37
24/07/22 23:42:37
/home/pi/reginaldojunior/experimentos/socket/optimized/elecNormNew-AdaptiveRandomForestExecutorMAXChunk-25-4-500-74
24/07/22 23:44:41
24/07/22 23:44:41
/home/pi/reginaldojunior/experimentos/socket/optimized/elecNormNew-AdaptiveRandomForestExecutorMAXChunk-25-4-500-373
24/07/22 23:46:47
24/07/22 23:46:47
/home/pi/reginaldojunior/experimentos/socket/optimized/elecNormNew-AdaptiveRandomForestExecutorMAXChunk-25-4-500-671
24/07/22 23:48:00
24/07/22 23:48:00
/home/pi/reginaldojunior/experimentos/socket/optimized/covtypeNorm-AdaptiveRandomForestExecutorMAXChunk-25-4-500-96
24/07/22 23:50:05
24/07/22 23:50:05
/home/pi/reginaldojunior/experimentos/socket/optimized/covtypeNorm-AdaptiveRandomForestExecutorMAXChunk-25-4-500-482
24/07/22 23:52:10
24/07/22 23:52:10
/home/pi/reginaldojunior/experimentos/socket/optimized/covtypeNorm-AdaptiveRandomForestExecutorMAXChunk-25-4-500-867
24/07/22 23:54:15
24/07/22 23:54:15
/home/pi/reginaldojunior/experimentos/socket/optimized/airlines-AdaptiveRandomForestExecutorMAXChunk-25-4-500-27
24/07/22 23:56:24
24/07/22 23:56:24
/home/pi/reginaldojunior/experimentos/socket/optimized/airlines-AdaptiveRandomForestExecutorMAXChunk-25-4-500-136
24/07/22 23:58:32
24/07/22 23:58:32
/home/pi/reginaldojunior/experimentos/socket/optimized/airlines-AdaptiveRandomForestExecutorMAXChunk-25-4-500-245
25/07/22 00:00:40
25/07/22 00:00:40
/home/pi/reginaldojunior/experimentos/socket/optimized/GMSC-AdaptiveRandomForestExecutorMAXChunk-25-4-500-165
25/07/22 00:02:44
25/07/22 00:02:44
/home/pi/reginaldojunior/experimentos/socket/optimized/GMSC-AdaptiveRandomForestExecutorMAXChunk-25-4-500-828
25/07/22 00:04:50
25/07/22 00:04:50
/home/pi/reginaldojunior/experimentos/socket/optimized/GMSC-AdaptiveRandomForestExecutorMAXChunk-25-4-500-1491
25/07/22 00:06:40
25/07/22 00:06:40
/home/pi/reginaldojunior/experimentos/socket/optimized/elecNormNew-AdaptiveRandomForestExecutorMAXChunk-25-4-2000-64
25/07/22 00:08:45
25/07/22 00:08:45
/home/pi/reginaldojunior/experimentos/socket/optimized/elecNormNew-AdaptiveRandomForestExecutorMAXChunk-25-4-2000-323
25/07/22 00:10:50
25/07/22 00:10:50
/home/pi/reginaldojunior/experimentos/socket/optimized/elecNormNew-AdaptiveRandomForestExecutorMAXChunk-25-4-2000-582
25/07/22 00:12:15
25/07/22 00:12:15
/home/pi/reginaldojunior/experimentos/socket/optimized/covtypeNorm-AdaptiveRandomForestExecutorMAXChunk-25-4-2000-88
25/07/22 00:14:20
25/07/22 00:14:20
/home/pi/reginaldojunior/experimentos/socket/optimized/covtypeNorm-AdaptiveRandomForestExecutorMAXChunk-25-4-2000-444
25/07/22 00:16:25
25/07/22 00:16:25
/home/pi/reginaldojunior/experimentos/socket/optimized/covtypeNorm-AdaptiveRandomForestExecutorMAXChunk-25-4-2000-799
25/07/22 00:18:30
25/07/22 00:18:30
/home/pi/reginaldojunior/experimentos/socket/optimized/airlines-AdaptiveRandomForestExecutorMAXChunk-25-4-2000-28
25/07/22 00:20:36
25/07/22 00:20:36
/home/pi/reginaldojunior/experimentos/socket/optimized/airlines-AdaptiveRandomForestExecutorMAXChunk-25-4-2000-144
25/07/22 00:22:50
25/07/22 00:22:50
/home/pi/reginaldojunior/experimentos/socket/optimized/airlines-AdaptiveRandomForestExecutorMAXChunk-25-4-2000-259
25/07/22 00:25:06
25/07/22 00:25:06
/home/pi/reginaldojunior/experimentos/socket/optimized/GMSC-AdaptiveRandomForestExecutorMAXChunk-25-4-2000-168
25/07/22 00:27:11
25/07/22 00:27:11
/home/pi/reginaldojunior/experimentos/socket/optimized/GMSC-AdaptiveRandomForestExecutorMAXChunk-25-4-2000-842
25/07/22 00:29:17
25/07/22 00:29:17
/home/pi/reginaldojunior/experimentos/socket/optimized/GMSC-AdaptiveRandomForestExecutorMAXChunk-25-4-2000-1516
25/07/22 00:31:07
18/07/22 10:35:17
/home/pi/reginaldojunior/experimentos/socket/optimized/elecNormNew-LBagExecutorMAXChunk-25-4-25-114
18/07/22 10:37:23
18/07/22 10:37:23
/home/pi/reginaldojunior/experimentos/socket/optimized/elecNormNew-LBagExecutorMAXChunk-25-4-25-572
18/07/22 10:38:49
18/07/22 10:38:49
/home/pi/reginaldojunior/experimentos/socket/optimized/elecNormNew-LBagExecutorMAXChunk-25-4-25-1031
18/07/22 10:39:40
18/07/22 10:39:40
/home/pi/reginaldojunior/experimentos/socket/optimized/elecNormNew-StreamingRandomPatchesExecutorMAXChunk-25-4-25-46
18/07/22 10:41:45
18/07/22 10:41:45
/home/pi/reginaldojunior/experimentos/socket/optimized/elecNormNew-StreamingRandomPatchesExecutorMAXChunk-25-4-25-234
18/07/22 10:43:50
18/07/22 10:43:50
/home/pi/reginaldojunior/experimentos/socket/optimized/elecNormNew-StreamingRandomPatchesExecutorMAXChunk-25-4-25-422
18/07/22 10:45:43
18/07/22 10:45:43
/home/pi/reginaldojunior/experimentos/socket/optimized/elecNormNew-OzaBagAdwinExecutorMAXChunk-25-4-25-214
18/07/22 10:47:50
18/07/22 10:47:50
/home/pi/reginaldojunior/experimentos/socket/optimized/elecNormNew-OzaBagAdwinExecutorMAXChunk-25-4-25-1071
18/07/22 10:48:39
18/07/22 10:48:39
/home/pi/reginaldojunior/experimentos/socket/optimized/elecNormNew-OzaBagAdwinExecutorMAXChunk-25-4-25-1929
18/07/22 10:49:08
18/07/22 10:49:08
/home/pi/reginaldojunior/experimentos/socket/optimized/elecNormNew-OzaBagASHTExecutorMAXChunk-25-4-25-396
18/07/22 10:51:10
18/07/22 10:51:10
/home/pi/reginaldojunior/experimentos/socket/optimized/elecNormNew-OzaBagASHTExecutorMAXChunk-25-4-25-1983
18/07/22 10:51:40
18/07/22 10:51:40
/home/pi/reginaldojunior/experimentos/socket/optimized/elecNormNew-OzaBagASHTExecutorMAXChunk-25-4-25-3570
18/07/22 10:51:59
18/07/22 10:51:59
/home/pi/reginaldojunior/experimentos/socket/optimized/elecNormNew-OzaBagExecutorMAXChunk-25-4-25-395
18/07/22 10:54:01
18/07/22 10:54:01
/home/pi/reginaldojunior/experimentos/socket/optimized/elecNormNew-OzaBagExecutorMAXChunk-25-4-25-1976
18/07/22 10:54:30
18/07/22 10:54:30
/home/pi/reginaldojunior/experimentos/socket/optimized/elecNormNew-OzaBagExecutorMAXChunk-25-4-25-3558
18/07/22 10:54:50
18/07/22 10:54:50
/home/pi/reginaldojunior/experimentos/socket/optimized/covtypeNorm-LBagExecutorMAXChunk-25-4-25-58
18/07/22 10:56:57
18/07/22 10:56:57
/home/pi/reginaldojunior/experimentos/socket/optimized/covtypeNorm-LBagExecutorMAXChunk-25-4-25-293
18/07/22 10:59:04
18/07/22 10:59:04
/home/pi/reginaldojunior/experimentos/socket/optimized/covtypeNorm-LBagExecutorMAXChunk-25-4-25-528
18/07/22 11:01:10
18/07/22 11:01:10
/home/pi/reginaldojunior/experimentos/socket/optimized/covtypeNorm-StreamingRandomPatchesExecutorMAXChunk-25-4-25-21
18/07/22 11:03:15
18/07/22 11:03:15
/home/pi/reginaldojunior/experimentos/socket/optimized/covtypeNorm-StreamingRandomPatchesExecutorMAXChunk-25-4-25-106
18/07/22 11:05:20
18/07/22 11:05:20
/home/pi/reginaldojunior/experimentos/socket/optimized/covtypeNorm-StreamingRandomPatchesExecutorMAXChunk-25-4-25-191
18/07/22 11:07:25
18/07/22 11:07:25
/home/pi/reginaldojunior/experimentos/socket/optimized/covtypeNorm-OzaBagAdwinExecutorMAXChunk-25-4-25-81
18/07/22 11:09:32
18/07/22 11:09:32
/home/pi/reginaldojunior/experimentos/socket/optimized/covtypeNorm-OzaBagAdwinExecutorMAXChunk-25-4-25-405
18/07/22 11:11:38
18/07/22 11:11:38
/home/pi/reginaldojunior/experimentos/socket/optimized/covtypeNorm-OzaBagAdwinExecutorMAXChunk-25-4-25-729
18/07/22 11:13:45
18/07/22 11:13:45
/home/pi/reginaldojunior/experimentos/socket/optimized/covtypeNorm-OzaBagASHTExecutorMAXChunk-25-4-25-281
18/07/22 11:15:52
18/07/22 11:15:52
/home/pi/reginaldojunior/experimentos/socket/optimized/covtypeNorm-OzaBagASHTExecutorMAXChunk-25-4-25-1407
18/07/22 11:17:59
18/07/22 11:17:59
/home/pi/reginaldojunior/experimentos/socket/optimized/covtypeNorm-OzaBagASHTExecutorMAXChunk-25-4-25-2533
18/07/22 11:20:05
18/07/22 11:20:05
/home/pi/reginaldojunior/experimentos/socket/optimized/covtypeNorm-OzaBagExecutorMAXChunk-25-4-25-275
18/07/22 11:22:12
18/07/22 11:22:12
/home/pi/reginaldojunior/experimentos/socket/optimized/covtypeNorm-OzaBagExecutorMAXChunk-25-4-25-1378
18/07/22 11:24:18
18/07/22 11:24:18
/home/pi/reginaldojunior/experimentos/socket/optimized/covtypeNorm-OzaBagExecutorMAXChunk-25-4-25-2480
18/07/22 11:26:24
18/07/22 11:26:24
/home/pi/reginaldojunior/experimentos/socket/optimized/airlines-LBagExecutorMAXChunk-25-4-25-21
18/07/22 11:28:31
18/07/22 11:28:31
/home/pi/reginaldojunior/experimentos/socket/optimized/airlines-LBagExecutorMAXChunk-25-4-25-109
18/07/22 11:30:38
18/07/22 11:30:38
/home/pi/reginaldojunior/experimentos/socket/optimized/airlines-LBagExecutorMAXChunk-25-4-25-196
18/07/22 11:32:45
18/07/22 11:32:45
/home/pi/reginaldojunior/experimentos/socket/optimized/airlines-StreamingRandomPatchesExecutorMAXChunk-25-4-25-23
18/07/22 11:34:50
18/07/22 11:34:50
/home/pi/reginaldojunior/experimentos/socket/optimized/airlines-StreamingRandomPatchesExecutorMAXChunk-25-4-25-115
18/07/22 11:36:56
18/07/22 11:36:56
/home/pi/reginaldojunior/experimentos/socket/optimized/airlines-StreamingRandomPatchesExecutorMAXChunk-25-4-25-207
18/07/22 11:39:01
18/07/22 11:39:01
/home/pi/reginaldojunior/experimentos/socket/optimized/airlines-OzaBagAdwinExecutorMAXChunk-25-4-25-71
18/07/22 11:41:07
18/07/22 11:41:07
/home/pi/reginaldojunior/experimentos/socket/optimized/airlines-OzaBagAdwinExecutorMAXChunk-25-4-25-359
18/07/22 11:43:12
18/07/22 11:43:12
/home/pi/reginaldojunior/experimentos/socket/optimized/airlines-OzaBagAdwinExecutorMAXChunk-25-4-25-647
18/07/22 11:45:19
18/07/22 11:45:19
/home/pi/reginaldojunior/experimentos/socket/optimized/airlines-OzaBagASHTExecutorMAXChunk-25-4-25-312
18/07/22 11:47:26
18/07/22 11:47:26
/home/pi/reginaldojunior/experimentos/socket/optimized/airlines-OzaBagASHTExecutorMAXChunk-25-4-25-1562
18/07/22 11:49:32
18/07/22 11:49:32
/home/pi/reginaldojunior/experimentos/socket/optimized/airlines-OzaBagASHTExecutorMAXChunk-25-4-25-2812
18/07/22 11:51:38
18/07/22 11:51:38
/home/pi/reginaldojunior/experimentos/socket/optimized/airlines-OzaBagExecutorMAXChunk-25-4-25-479
18/07/22 11:53:44
18/07/22 11:53:44
/home/pi/reginaldojunior/experimentos/socket/optimized/airlines-OzaBagExecutorMAXChunk-25-4-25-2395
18/07/22 11:55:51
18/07/22 11:55:51
/home/pi/reginaldojunior/experimentos/socket/optimized/airlines-OzaBagExecutorMAXChunk-25-4-25-4311
18/07/22 11:57:57
18/07/22 11:57:57
/home/pi/reginaldojunior/experimentos/socket/optimized/GMSC-LBagExecutorMAXChunk-25-4-25-184
18/07/22 12:00:04
18/07/22 12:00:04
/home/pi/reginaldojunior/experimentos/socket/optimized/GMSC-LBagExecutorMAXChunk-25-4-25-920
18/07/22 12:02:10
18/07/22 12:02:10
/home/pi/reginaldojunior/experimentos/socket/optimized/GMSC-LBagExecutorMAXChunk-25-4-25-1656
18/07/22 12:03:50
18/07/22 12:03:50
/home/pi/reginaldojunior/experimentos/socket/optimized/GMSC-StreamingRandomPatchesExecutorMAXChunk-25-4-25-82
18/07/22 12:05:55
18/07/22 12:05:55
/home/pi/reginaldojunior/experimentos/socket/optimized/GMSC-StreamingRandomPatchesExecutorMAXChunk-25-4-25-410
18/07/22 12:08:01
18/07/22 12:08:01
/home/pi/reginaldojunior/experimentos/socket/optimized/GMSC-StreamingRandomPatchesExecutorMAXChunk-25-4-25-738
18/07/22 12:10:06
18/07/22 12:10:06
/home/pi/reginaldojunior/experimentos/socket/optimized/GMSC-OzaBagAdwinExecutorMAXChunk-25-4-25-362
18/07/22 12:12:13
18/07/22 12:12:13
/home/pi/reginaldojunior/experimentos/socket/optimized/GMSC-OzaBagAdwinExecutorMAXChunk-25-4-25-1812
18/07/22 12:13:43
18/07/22 12:13:43
/home/pi/reginaldojunior/experimentos/socket/optimized/GMSC-OzaBagAdwinExecutorMAXChunk-25-4-25-3263
18/07/22 12:14:43
18/07/22 12:14:43
/home/pi/reginaldojunior/experimentos/socket/optimized/GMSC-OzaBagASHTExecutorMAXChunk-25-4-25-682
18/07/22 12:16:49
18/07/22 12:16:49
/home/pi/reginaldojunior/experimentos/socket/optimized/GMSC-OzaBagASHTExecutorMAXChunk-25-4-25-3410
18/07/22 12:17:40
18/07/22 12:17:40
/home/pi/reginaldojunior/experimentos/socket/optimized/GMSC-OzaBagASHTExecutorMAXChunk-25-4-25-6138
18/07/22 12:18:11
18/07/22 12:18:11
/home/pi/reginaldojunior/experimentos/socket/optimized/GMSC-OzaBagExecutorMAXChunk-25-4-25-640
18/07/22 12:20:17
18/07/22 12:20:17
/home/pi/reginaldojunior/experimentos/socket/optimized/GMSC-OzaBagExecutorMAXChunk-25-4-25-3201
18/07/22 12:21:11
18/07/22 12:21:11
/home/pi/reginaldojunior/experimentos/socket/optimized/GMSC-OzaBagExecutorMAXChunk-25-4-25-5762
18/07/22 12:21:44
18/07/22 12:21:44
/home/pi/reginaldojunior/experimentos/socket/optimized/elecNormNew-LBagExecutorMAXChunk-25-4-50-118
18/07/22 12:23:50
18/07/22 12:23:50
/home/pi/reginaldojunior/experimentos/socket/optimized/elecNormNew-LBagExecutorMAXChunk-25-4-50-594
18/07/22 12:25:14
18/07/22 12:25:14
/home/pi/reginaldojunior/experimentos/socket/optimized/elecNormNew-LBagExecutorMAXChunk-25-4-50-1069
18/07/22 12:26:04
18/07/22 12:26:04
/home/pi/reginaldojunior/experimentos/socket/optimized/elecNormNew-StreamingRandomPatchesExecutorMAXChunk-25-4-50-44
18/07/22 12:28:09
18/07/22 12:28:09
/home/pi/reginaldojunior/experimentos/socket/optimized/elecNormNew-StreamingRandomPatchesExecutorMAXChunk-25-4-50-221
18/07/22 12:30:14
18/07/22 12:30:14
/home/pi/reginaldojunior/experimentos/socket/optimized/elecNormNew-StreamingRandomPatchesExecutorMAXChunk-25-4-50-398
18/07/22 12:32:19
18/07/22 12:32:19
/home/pi/reginaldojunior/experimentos/socket/optimized/elecNormNew-OzaBagAdwinExecutorMAXChunk-25-4-50-251
18/07/22 12:34:26
18/07/22 12:34:26
/home/pi/reginaldojunior/experimentos/socket/optimized/elecNormNew-OzaBagAdwinExecutorMAXChunk-25-4-50-1257
18/07/22 12:35:09
18/07/22 12:35:09
/home/pi/reginaldojunior/experimentos/socket/optimized/elecNormNew-OzaBagAdwinExecutorMAXChunk-25-4-50-2263
18/07/22 12:35:38
18/07/22 12:35:38
/home/pi/reginaldojunior/experimentos/socket/optimized/elecNormNew-OzaBagASHTExecutorMAXChunk-25-4-50-420
18/07/22 12:37:33
18/07/22 12:37:33
/home/pi/reginaldojunior/experimentos/socket/optimized/elecNormNew-OzaBagASHTExecutorMAXChunk-25-4-50-2102
18/07/22 12:38:00
18/07/22 12:38:00
/home/pi/reginaldojunior/experimentos/socket/optimized/elecNormNew-OzaBagASHTExecutorMAXChunk-25-4-50-3785
18/07/22 12:38:20
18/07/22 12:38:20
/home/pi/reginaldojunior/experimentos/socket/optimized/elecNormNew-OzaBagExecutorMAXChunk-25-4-50-421
18/07/22 12:40:15
18/07/22 12:40:15
/home/pi/reginaldojunior/experimentos/socket/optimized/elecNormNew-OzaBagExecutorMAXChunk-25-4-50-2106
18/07/22 12:40:42
18/07/22 12:40:42
/home/pi/reginaldojunior/experimentos/socket/optimized/elecNormNew-OzaBagExecutorMAXChunk-25-4-50-3791
18/07/22 12:41:05
18/07/22 12:41:05
/home/pi/reginaldojunior/experimentos/socket/optimized/covtypeNorm-LBagExecutorMAXChunk-25-4-50-66
18/07/22 12:43:12
18/07/22 12:43:12
/home/pi/reginaldojunior/experimentos/socket/optimized/covtypeNorm-LBagExecutorMAXChunk-25-4-50-333
18/07/22 12:45:19
18/07/22 12:45:19
/home/pi/reginaldojunior/experimentos/socket/optimized/covtypeNorm-LBagExecutorMAXChunk-25-4-50-601
18/07/22 12:47:25
18/07/22 12:47:25
/home/pi/reginaldojunior/experimentos/socket/optimized/covtypeNorm-StreamingRandomPatchesExecutorMAXChunk-25-4-50-22
18/07/22 12:49:31
18/07/22 12:49:31
/home/pi/reginaldojunior/experimentos/socket/optimized/covtypeNorm-StreamingRandomPatchesExecutorMAXChunk-25-4-50-110
18/07/22 12:51:37
18/07/22 12:51:37
/home/pi/reginaldojunior/experimentos/socket/optimized/covtypeNorm-StreamingRandomPatchesExecutorMAXChunk-25-4-50-199
18/07/22 12:53:42
18/07/22 12:53:42
/home/pi/reginaldojunior/experimentos/socket/optimized/covtypeNorm-OzaBagAdwinExecutorMAXChunk-25-4-50-102
18/07/22 12:55:49
18/07/22 12:55:49
/home/pi/reginaldojunior/experimentos/socket/optimized/covtypeNorm-OzaBagAdwinExecutorMAXChunk-25-4-50-512
18/07/22 12:57:55
18/07/22 12:57:55
/home/pi/reginaldojunior/experimentos/socket/optimized/covtypeNorm-OzaBagAdwinExecutorMAXChunk-25-4-50-921
18/07/22 13:00:02
18/07/22 13:00:02
/home/pi/reginaldojunior/experimentos/socket/optimized/covtypeNorm-OzaBagASHTExecutorMAXChunk-25-4-50-256
18/07/22 13:02:08
18/07/22 13:02:08
/home/pi/reginaldojunior/experimentos/socket/optimized/covtypeNorm-OzaBagASHTExecutorMAXChunk-25-4-50-1284
18/07/22 13:04:15
18/07/22 13:04:15
/home/pi/reginaldojunior/experimentos/socket/optimized/covtypeNorm-OzaBagASHTExecutorMAXChunk-25-4-50-2312
18/07/22 13:06:22
18/07/22 13:06:22
/home/pi/reginaldojunior/experimentos/socket/optimized/covtypeNorm-OzaBagExecutorMAXChunk-25-4-50-295
18/07/22 13:08:29
18/07/22 13:08:29
/home/pi/reginaldojunior/experimentos/socket/optimized/covtypeNorm-OzaBagExecutorMAXChunk-25-4-50-1479
18/07/22 13:10:36
18/07/22 13:10:36
/home/pi/reginaldojunior/experimentos/socket/optimized/covtypeNorm-OzaBagExecutorMAXChunk-25-4-50-2663
18/07/22 13:12:42
18/07/22 13:12:42
/home/pi/reginaldojunior/experimentos/socket/optimized/airlines-LBagExecutorMAXChunk-25-4-50-22
18/07/22 13:14:49
18/07/22 13:14:49
/home/pi/reginaldojunior/experimentos/socket/optimized/airlines-LBagExecutorMAXChunk-25-4-50-111
18/07/22 13:16:57
18/07/22 13:16:57
/home/pi/reginaldojunior/experimentos/socket/optimized/airlines-LBagExecutorMAXChunk-25-4-50-200
18/07/22 13:19:07
18/07/22 13:19:07
/home/pi/reginaldojunior/experimentos/socket/optimized/airlines-StreamingRandomPatchesExecutorMAXChunk-25-4-50-23
18/07/22 13:21:13
18/07/22 13:21:13
/home/pi/reginaldojunior/experimentos/socket/optimized/airlines-StreamingRandomPatchesExecutorMAXChunk-25-4-50-117
18/07/22 13:23:20
18/07/22 13:23:20
/home/pi/reginaldojunior/experimentos/socket/optimized/airlines-StreamingRandomPatchesExecutorMAXChunk-25-4-50-210
18/07/22 13:25:28
18/07/22 13:25:28
/home/pi/reginaldojunior/experimentos/socket/optimized/airlines-OzaBagAdwinExecutorMAXChunk-25-4-50-68
18/07/22 13:27:35
18/07/22 13:27:35
/home/pi/reginaldojunior/experimentos/socket/optimized/airlines-OzaBagAdwinExecutorMAXChunk-25-4-50-341
18/07/22 13:29:42
18/07/22 13:29:42
/home/pi/reginaldojunior/experimentos/socket/optimized/airlines-OzaBagAdwinExecutorMAXChunk-25-4-50-614
18/07/22 13:31:49
18/07/22 13:31:49
/home/pi/reginaldojunior/experimentos/socket/optimized/airlines-OzaBagASHTExecutorMAXChunk-25-4-50-368
18/07/22 13:33:55
18/07/22 13:33:55
/home/pi/reginaldojunior/experimentos/socket/optimized/airlines-OzaBagASHTExecutorMAXChunk-25-4-50-1841
18/07/22 13:36:02
18/07/22 13:36:02
/home/pi/reginaldojunior/experimentos/socket/optimized/airlines-OzaBagASHTExecutorMAXChunk-25-4-50-3315
18/07/22 13:38:09
18/07/22 13:38:09
/home/pi/reginaldojunior/experimentos/socket/optimized/airlines-OzaBagExecutorMAXChunk-25-4-50-526
18/07/22 13:40:15
18/07/22 13:40:15
/home/pi/reginaldojunior/experimentos/socket/optimized/airlines-OzaBagExecutorMAXChunk-25-4-50-2630
18/07/22 13:42:22
18/07/22 13:42:22
/home/pi/reginaldojunior/experimentos/socket/optimized/airlines-OzaBagExecutorMAXChunk-25-4-50-4735
18/07/22 13:44:29
18/07/22 13:44:29
/home/pi/reginaldojunior/experimentos/socket/optimized/GMSC-LBagExecutorMAXChunk-25-4-50-202
18/07/22 13:46:36
18/07/22 13:46:36
/home/pi/reginaldojunior/experimentos/socket/optimized/GMSC-LBagExecutorMAXChunk-25-4-50-1012
18/07/22 13:48:42
18/07/22 13:48:42
/home/pi/reginaldojunior/experimentos/socket/optimized/GMSC-LBagExecutorMAXChunk-25-4-50-1823
18/07/22 13:50:17
18/07/22 13:50:17
/home/pi/reginaldojunior/experimentos/socket/optimized/GMSC-StreamingRandomPatchesExecutorMAXChunk-25-4-50-79
18/07/22 13:52:21
18/07/22 13:52:21
/home/pi/reginaldojunior/experimentos/socket/optimized/GMSC-StreamingRandomPatchesExecutorMAXChunk-25-4-50-398
18/07/22 13:54:27
18/07/22 13:54:27
/home/pi/reginaldojunior/experimentos/socket/optimized/GMSC-StreamingRandomPatchesExecutorMAXChunk-25-4-50-716
18/07/22 13:56:32
18/07/22 13:56:32
/home/pi/reginaldojunior/experimentos/socket/optimized/GMSC-OzaBagAdwinExecutorMAXChunk-25-4-50-393
18/07/22 13:58:39
18/07/22 13:58:39
/home/pi/reginaldojunior/experimentos/socket/optimized/GMSC-OzaBagAdwinExecutorMAXChunk-25-4-50-1969
18/07/22 14:00:02
18/07/22 14:00:02
/home/pi/reginaldojunior/experimentos/socket/optimized/GMSC-OzaBagAdwinExecutorMAXChunk-25-4-50-3544
18/07/22 14:02:08
18/07/22 14:02:08
/home/pi/reginaldojunior/experimentos/socket/optimized/GMSC-OzaBagASHTExecutorMAXChunk-25-4-50-753
18/07/22 14:04:15
18/07/22 14:04:15
/home/pi/reginaldojunior/experimentos/socket/optimized/GMSC-OzaBagASHTExecutorMAXChunk-25-4-50-3766
18/07/22 14:05:01
18/07/22 14:05:01
/home/pi/reginaldojunior/experimentos/socket/optimized/GMSC-OzaBagASHTExecutorMAXChunk-25-4-50-6779
18/07/22 14:05:33
18/07/22 14:05:33
/home/pi/reginaldojunior/experimentos/socket/optimized/GMSC-OzaBagExecutorMAXChunk-25-4-50-700
18/07/22 14:07:40
18/07/22 14:07:40
/home/pi/reginaldojunior/experimentos/socket/optimized/GMSC-OzaBagExecutorMAXChunk-25-4-50-3502
18/07/22 14:08:30
18/07/22 14:08:30
/home/pi/reginaldojunior/experimentos/socket/optimized/GMSC-OzaBagExecutorMAXChunk-25-4-50-6304
18/07/22 14:09:01
18/07/22 14:09:01
/home/pi/reginaldojunior/experimentos/socket/optimized/elecNormNew-LBagExecutorMAXChunk-25-4-75-128
18/07/22 14:11:08
18/07/22 14:11:08
/home/pi/reginaldojunior/experimentos/socket/optimized/elecNormNew-LBagExecutorMAXChunk-25-4-75-641
18/07/22 14:12:26
18/07/22 14:12:26
/home/pi/reginaldojunior/experimentos/socket/optimized/elecNormNew-LBagExecutorMAXChunk-25-4-75-1155
18/07/22 14:13:20
18/07/22 14:13:20
/home/pi/reginaldojunior/experimentos/socket/optimized/elecNormNew-StreamingRandomPatchesExecutorMAXChunk-25-4-75-38
18/07/22 14:15:24
18/07/22 14:15:24
/home/pi/reginaldojunior/experimentos/socket/optimized/elecNormNew-StreamingRandomPatchesExecutorMAXChunk-25-4-75-194
18/07/22 14:17:29
18/07/22 14:17:29
/home/pi/reginaldojunior/experimentos/socket/optimized/elecNormNew-StreamingRandomPatchesExecutorMAXChunk-25-4-75-350
18/07/22 14:19:35
18/07/22 14:19:35
/home/pi/reginaldojunior/experimentos/socket/optimized/elecNormNew-OzaBagAdwinExecutorMAXChunk-25-4-75-270
18/07/22 14:21:41
18/07/22 14:21:41
/home/pi/reginaldojunior/experimentos/socket/optimized/elecNormNew-OzaBagAdwinExecutorMAXChunk-25-4-75-1350
18/07/22 14:22:21
18/07/22 14:22:21
/home/pi/reginaldojunior/experimentos/socket/optimized/elecNormNew-OzaBagAdwinExecutorMAXChunk-25-4-75-2431
18/07/22 14:22:49
18/07/22 14:22:49
/home/pi/reginaldojunior/experimentos/socket/optimized/elecNormNew-OzaBagASHTExecutorMAXChunk-25-4-75-457
18/07/22 14:24:35
18/07/22 14:24:35
/home/pi/reginaldojunior/experimentos/socket/optimized/elecNormNew-OzaBagASHTExecutorMAXChunk-25-4-75-2289
18/07/22 14:25:02
18/07/22 14:25:02
/home/pi/reginaldojunior/experimentos/socket/optimized/elecNormNew-OzaBagASHTExecutorMAXChunk-25-4-75-4120
18/07/22 14:25:24
18/07/22 14:25:25
/home/pi/reginaldojunior/experimentos/socket/optimized/elecNormNew-OzaBagExecutorMAXChunk-25-4-75-422
18/07/22 14:27:19
18/07/22 14:27:19
/home/pi/reginaldojunior/experimentos/socket/optimized/elecNormNew-OzaBagExecutorMAXChunk-25-4-75-2111
18/07/22 14:27:47
18/07/22 14:27:47
/home/pi/reginaldojunior/experimentos/socket/optimized/elecNormNew-OzaBagExecutorMAXChunk-25-4-75-3800
18/07/22 14:28:07
18/07/22 14:28:07
/home/pi/reginaldojunior/experimentos/socket/optimized/covtypeNorm-LBagExecutorMAXChunk-25-4-75-70
18/07/22 14:30:14
18/07/22 14:30:14
/home/pi/reginaldojunior/experimentos/socket/optimized/covtypeNorm-LBagExecutorMAXChunk-25-4-75-350
18/07/22 14:32:21
18/07/22 14:32:21
/home/pi/reginaldojunior/experimentos/socket/optimized/covtypeNorm-LBagExecutorMAXChunk-25-4-75-630
18/07/22 14:34:27
18/07/22 14:34:27
/home/pi/reginaldojunior/experimentos/socket/optimized/covtypeNorm-StreamingRandomPatchesExecutorMAXChunk-25-4-75-22
18/07/22 14:36:33
18/07/22 14:36:33
/home/pi/reginaldojunior/experimentos/socket/optimized/covtypeNorm-StreamingRandomPatchesExecutorMAXChunk-25-4-75-111
18/07/22 14:38:39
18/07/22 14:38:39
/home/pi/reginaldojunior/experimentos/socket/optimized/covtypeNorm-StreamingRandomPatchesExecutorMAXChunk-25-4-75-200
18/07/22 14:40:44
18/07/22 14:40:44
/home/pi/reginaldojunior/experimentos/socket/optimized/covtypeNorm-OzaBagAdwinExecutorMAXChunk-25-4-75-109
18/07/22 14:42:51
18/07/22 14:42:51
/home/pi/reginaldojunior/experimentos/socket/optimized/covtypeNorm-OzaBagAdwinExecutorMAXChunk-25-4-75-548
18/07/22 14:44:56
18/07/22 14:44:56
/home/pi/reginaldojunior/experimentos/socket/optimized/covtypeNorm-OzaBagAdwinExecutorMAXChunk-25-4-75-987
18/07/22 14:47:03
18/07/22 14:47:03
/home/pi/reginaldojunior/experimentos/socket/optimized/covtypeNorm-OzaBagASHTExecutorMAXChunk-25-4-75-300
18/07/22 14:49:10
18/07/22 14:49:10
/home/pi/reginaldojunior/experimentos/socket/optimized/covtypeNorm-OzaBagASHTExecutorMAXChunk-25-4-75-1503
18/07/22 14:51:17
18/07/22 14:51:17
/home/pi/reginaldojunior/experimentos/socket/optimized/covtypeNorm-OzaBagASHTExecutorMAXChunk-25-4-75-2706
18/07/22 14:53:23
18/07/22 14:53:23
/home/pi/reginaldojunior/experimentos/socket/optimized/covtypeNorm-OzaBagExecutorMAXChunk-25-4-75-316
18/07/22 14:55:31
18/07/22 14:55:31
/home/pi/reginaldojunior/experimentos/socket/optimized/covtypeNorm-OzaBagExecutorMAXChunk-25-4-75-1581
18/07/22 14:57:38
18/07/22 14:57:38
/home/pi/reginaldojunior/experimentos/socket/optimized/covtypeNorm-OzaBagExecutorMAXChunk-25-4-75-2846
18/07/22 14:59:44
18/07/22 14:59:44
/home/pi/reginaldojunior/experimentos/socket/optimized/airlines-LBagExecutorMAXChunk-25-4-75-22
18/07/22 15:01:52
18/07/22 15:01:52
/home/pi/reginaldojunior/experimentos/socket/optimized/airlines-LBagExecutorMAXChunk-25-4-75-112
18/07/22 15:04:02
18/07/22 15:04:02
/home/pi/reginaldojunior/experimentos/socket/optimized/airlines-LBagExecutorMAXChunk-25-4-75-203
18/07/22 15:06:11
18/07/22 15:06:12
/home/pi/reginaldojunior/experimentos/socket/optimized/airlines-StreamingRandomPatchesExecutorMAXChunk-25-4-75-23
18/07/22 15:08:17
18/07/22 15:08:17
/home/pi/reginaldojunior/experimentos/socket/optimized/airlines-StreamingRandomPatchesExecutorMAXChunk-25-4-75-119
18/07/22 15:10:25
18/07/22 15:10:25
/home/pi/reginaldojunior/experimentos/socket/optimized/airlines-StreamingRandomPatchesExecutorMAXChunk-25-4-75-214
18/07/22 15:12:30
18/07/22 15:12:30
/home/pi/reginaldojunior/experimentos/socket/optimized/airlines-OzaBagAdwinExecutorMAXChunk-25-4-75-68
18/07/22 15:14:37
18/07/22 15:14:37
/home/pi/reginaldojunior/experimentos/socket/optimized/airlines-OzaBagAdwinExecutorMAXChunk-25-4-75-341
18/07/22 15:16:44
18/07/22 15:16:44
/home/pi/reginaldojunior/experimentos/socket/optimized/airlines-OzaBagAdwinExecutorMAXChunk-25-4-75-614
18/07/22 15:18:50
18/07/22 15:18:50
/home/pi/reginaldojunior/experimentos/socket/optimized/airlines-OzaBagASHTExecutorMAXChunk-25-4-75-435
18/07/22 15:20:57
18/07/22 15:20:57
/home/pi/reginaldojunior/experimentos/socket/optimized/airlines-OzaBagASHTExecutorMAXChunk-25-4-75-2175
18/07/22 15:23:06
18/07/22 15:23:06
/home/pi/reginaldojunior/experimentos/socket/optimized/airlines-OzaBagASHTExecutorMAXChunk-25-4-75-3916
18/07/22 15:25:13
18/07/22 15:25:13
/home/pi/reginaldojunior/experimentos/socket/optimized/airlines-OzaBagExecutorMAXChunk-25-4-75-567
18/07/22 15:27:20
18/07/22 15:27:20
/home/pi/reginaldojunior/experimentos/socket/optimized/airlines-OzaBagExecutorMAXChunk-25-4-75-2836
18/07/22 15:29:28
18/07/22 15:29:28
/home/pi/reginaldojunior/experimentos/socket/optimized/airlines-OzaBagExecutorMAXChunk-25-4-75-5106
18/07/22 15:31:34
18/07/22 15:31:34
/home/pi/reginaldojunior/experimentos/socket/optimized/GMSC-LBagExecutorMAXChunk-25-4-75-201
18/07/22 15:33:41
18/07/22 15:33:41
/home/pi/reginaldojunior/experimentos/socket/optimized/GMSC-LBagExecutorMAXChunk-25-4-75-1007
18/07/22 15:35:47
18/07/22 15:35:47
/home/pi/reginaldojunior/experimentos/socket/optimized/GMSC-LBagExecutorMAXChunk-25-4-75-1813
18/07/22 15:37:31
18/07/22 15:37:31
/home/pi/reginaldojunior/experimentos/socket/optimized/GMSC-StreamingRandomPatchesExecutorMAXChunk-25-4-75-81
18/07/22 15:39:36
18/07/22 15:39:36
/home/pi/reginaldojunior/experimentos/socket/optimized/GMSC-StreamingRandomPatchesExecutorMAXChunk-25-4-75-407
18/07/22 15:41:42
18/07/22 15:41:42
/home/pi/reginaldojunior/experimentos/socket/optimized/GMSC-StreamingRandomPatchesExecutorMAXChunk-25-4-75-732
18/07/22 15:43:47
18/07/22 15:43:47
/home/pi/reginaldojunior/experimentos/socket/optimized/GMSC-OzaBagAdwinExecutorMAXChunk-25-4-75-418
18/07/22 15:45:55
18/07/22 15:45:55
/home/pi/reginaldojunior/experimentos/socket/optimized/GMSC-OzaBagAdwinExecutorMAXChunk-25-4-75-2092
18/07/22 15:47:14
18/07/22 15:47:14
/home/pi/reginaldojunior/experimentos/socket/optimized/GMSC-OzaBagAdwinExecutorMAXChunk-25-4-75-3766
18/07/22 15:48:09
18/07/22 15:48:09
/home/pi/reginaldojunior/experimentos/socket/optimized/GMSC-OzaBagASHTExecutorMAXChunk-25-4-75-784
18/07/22 15:50:15
18/07/22 15:50:15
/home/pi/reginaldojunior/experimentos/socket/optimized/GMSC-OzaBagASHTExecutorMAXChunk-25-4-75-3921
18/07/22 15:51:00
18/07/22 15:51:00
/home/pi/reginaldojunior/experimentos/socket/optimized/GMSC-OzaBagASHTExecutorMAXChunk-25-4-75-7059
18/07/22 15:51:37
18/07/22 15:51:37
/home/pi/reginaldojunior/experimentos/socket/optimized/GMSC-OzaBagExecutorMAXChunk-25-4-75-747
18/07/22 15:53:43
18/07/22 15:53:43
/home/pi/reginaldojunior/experimentos/socket/optimized/GMSC-OzaBagExecutorMAXChunk-25-4-75-3737
18/07/22 15:54:30
18/07/22 15:54:30
/home/pi/reginaldojunior/experimentos/socket/optimized/GMSC-OzaBagExecutorMAXChunk-25-4-75-6727
18/07/22 15:55:03
18/07/22 15:55:03
/home/pi/reginaldojunior/experimentos/socket/optimized/elecNormNew-LBagExecutorMAXChunk-25-4-100-131
18/07/22 15:57:09
18/07/22 15:57:09
/home/pi/reginaldojunior/experimentos/socket/optimized/elecNormNew-LBagExecutorMAXChunk-25-4-100-657
18/07/22 15:58:26
18/07/22 15:58:26
/home/pi/reginaldojunior/experimentos/socket/optimized/elecNormNew-LBagExecutorMAXChunk-25-4-100-1183
18/07/22 15:59:18
18/07/22 15:59:18
/home/pi/reginaldojunior/experimentos/socket/optimized/elecNormNew-StreamingRandomPatchesExecutorMAXChunk-25-4-100-42
18/07/22 16:01:24
18/07/22 16:01:24
/home/pi/reginaldojunior/experimentos/socket/optimized/elecNormNew-StreamingRandomPatchesExecutorMAXChunk-25-4-100-213
18/07/22 16:03:30
18/07/22 16:03:30
/home/pi/reginaldojunior/experimentos/socket/optimized/elecNormNew-StreamingRandomPatchesExecutorMAXChunk-25-4-100-385
18/07/22 16:05:35
18/07/22 16:05:35
/home/pi/reginaldojunior/experimentos/socket/optimized/elecNormNew-OzaBagAdwinExecutorMAXChunk-25-4-100-277
18/07/22 16:07:42
18/07/22 16:07:42
/home/pi/reginaldojunior/experimentos/socket/optimized/elecNormNew-OzaBagAdwinExecutorMAXChunk-25-4-100-1386
18/07/22 16:08:22
18/07/22 16:08:22
/home/pi/reginaldojunior/experimentos/socket/optimized/elecNormNew-OzaBagAdwinExecutorMAXChunk-25-4-100-2495
18/07/22 16:08:50
18/07/22 16:08:50
/home/pi/reginaldojunior/experimentos/socket/optimized/elecNormNew-OzaBagASHTExecutorMAXChunk-25-4-100-431
18/07/22 16:10:42
18/07/22 16:10:42
/home/pi/reginaldojunior/experimentos/socket/optimized/elecNormNew-OzaBagASHTExecutorMAXChunk-25-4-100-2159
18/07/22 16:11:09
18/07/22 16:11:09
/home/pi/reginaldojunior/experimentos/socket/optimized/elecNormNew-OzaBagASHTExecutorMAXChunk-25-4-100-3886
18/07/22 16:11:31
18/07/22 16:11:31
/home/pi/reginaldojunior/experimentos/socket/optimized/elecNormNew-OzaBagExecutorMAXChunk-25-4-100-458
18/07/22 16:13:17
18/07/22 16:13:17
/home/pi/reginaldojunior/experimentos/socket/optimized/elecNormNew-OzaBagExecutorMAXChunk-25-4-100-2294
18/07/22 16:13:43
18/07/22 16:13:43
/home/pi/reginaldojunior/experimentos/socket/optimized/elecNormNew-OzaBagExecutorMAXChunk-25-4-100-4130
18/07/22 16:14:05
18/07/22 16:14:05
/home/pi/reginaldojunior/experimentos/socket/optimized/covtypeNorm-LBagExecutorMAXChunk-25-4-100-74
18/07/22 16:16:13
18/07/22 16:16:13
/home/pi/reginaldojunior/experimentos/socket/optimized/covtypeNorm-LBagExecutorMAXChunk-25-4-100-370
18/07/22 16:18:20
18/07/22 16:18:20
/home/pi/reginaldojunior/experimentos/socket/optimized/covtypeNorm-LBagExecutorMAXChunk-25-4-100-667
18/07/22 16:20:26
18/07/22 16:20:26
/home/pi/reginaldojunior/experimentos/socket/optimized/covtypeNorm-StreamingRandomPatchesExecutorMAXChunk-25-4-100-23
18/07/22 16:22:32
18/07/22 16:22:32
/home/pi/reginaldojunior/experimentos/socket/optimized/covtypeNorm-StreamingRandomPatchesExecutorMAXChunk-25-4-100-115
18/07/22 16:24:37
18/07/22 16:24:37
/home/pi/reginaldojunior/experimentos/socket/optimized/covtypeNorm-StreamingRandomPatchesExecutorMAXChunk-25-4-100-208
18/07/22 16:26:42
18/07/22 16:26:42
/home/pi/reginaldojunior/experimentos/socket/optimized/covtypeNorm-OzaBagAdwinExecutorMAXChunk-25-4-100-113
18/07/22 16:28:49
18/07/22 16:28:49
/home/pi/reginaldojunior/experimentos/socket/optimized/covtypeNorm-OzaBagAdwinExecutorMAXChunk-25-4-100-565
18/07/22 16:30:56
18/07/22 16:30:56
/home/pi/reginaldojunior/experimentos/socket/optimized/covtypeNorm-OzaBagAdwinExecutorMAXChunk-25-4-100-1017
18/07/22 16:33:04
18/07/22 16:33:04
/home/pi/reginaldojunior/experimentos/socket/optimized/covtypeNorm-OzaBagASHTExecutorMAXChunk-25-4-100-317
18/07/22 16:35:12
18/07/22 16:35:12
/home/pi/reginaldojunior/experimentos/socket/optimized/covtypeNorm-OzaBagASHTExecutorMAXChunk-25-4-100-1587
18/07/22 16:37:19
18/07/22 16:37:19
/home/pi/reginaldojunior/experimentos/socket/optimized/covtypeNorm-OzaBagASHTExecutorMAXChunk-25-4-100-2856
18/07/22 16:39:26
18/07/22 16:39:26
/home/pi/reginaldojunior/experimentos/socket/optimized/covtypeNorm-OzaBagExecutorMAXChunk-25-4-100-321
18/07/22 16:41:34
18/07/22 16:41:34
/home/pi/reginaldojunior/experimentos/socket/optimized/covtypeNorm-OzaBagExecutorMAXChunk-25-4-100-1607
18/07/22 16:43:41
18/07/22 16:43:41
/home/pi/reginaldojunior/experimentos/socket/optimized/covtypeNorm-OzaBagExecutorMAXChunk-25-4-100-2893
18/07/22 16:45:47
18/07/22 16:45:47
/home/pi/reginaldojunior/experimentos/socket/optimized/airlines-LBagExecutorMAXChunk-25-4-100-22
18/07/22 16:47:55
18/07/22 16:47:55
/home/pi/reginaldojunior/experimentos/socket/optimized/airlines-LBagExecutorMAXChunk-25-4-100-114
18/07/22 16:50:09
18/07/22 16:50:09
/home/pi/reginaldojunior/experimentos/socket/optimized/airlines-LBagExecutorMAXChunk-25-4-100-206
18/07/22 16:52:20
18/07/22 16:52:20
/home/pi/reginaldojunior/experimentos/socket/optimized/airlines-StreamingRandomPatchesExecutorMAXChunk-25-4-100-24
18/07/22 16:54:26
18/07/22 16:54:26
/home/pi/reginaldojunior/experimentos/socket/optimized/airlines-StreamingRandomPatchesExecutorMAXChunk-25-4-100-123
18/07/22 16:56:31
18/07/22 16:56:31
/home/pi/reginaldojunior/experimentos/socket/optimized/airlines-StreamingRandomPatchesExecutorMAXChunk-25-4-100-221
18/07/22 16:58:39
18/07/22 16:58:39
/home/pi/reginaldojunior/experimentos/socket/optimized/airlines-OzaBagAdwinExecutorMAXChunk-25-4-100-68
18/07/22 17:00:45
18/07/22 17:00:45
/home/pi/reginaldojunior/experimentos/socket/optimized/airlines-OzaBagAdwinExecutorMAXChunk-25-4-100-341
18/07/22 17:02:54
18/07/22 17:02:54
/home/pi/reginaldojunior/experimentos/socket/optimized/airlines-OzaBagAdwinExecutorMAXChunk-25-4-100-613
18/07/22 17:05:00
18/07/22 17:05:00
/home/pi/reginaldojunior/experimentos/socket/optimized/airlines-OzaBagASHTExecutorMAXChunk-25-4-100-461
18/07/22 17:07:07
18/07/22 17:07:07
/home/pi/reginaldojunior/experimentos/socket/optimized/airlines-OzaBagASHTExecutorMAXChunk-25-4-100-2309
18/07/22 17:09:13
18/07/22 17:09:13
/home/pi/reginaldojunior/experimentos/socket/optimized/airlines-OzaBagASHTExecutorMAXChunk-25-4-100-4156
18/07/22 17:11:20
18/07/22 17:11:20
/home/pi/reginaldojunior/experimentos/socket/optimized/airlines-OzaBagExecutorMAXChunk-25-4-100-569
18/07/22 17:13:26
18/07/22 17:13:26
/home/pi/reginaldojunior/experimentos/socket/optimized/airlines-OzaBagExecutorMAXChunk-25-4-100-2845
18/07/22 17:15:33
18/07/22 17:15:33
/home/pi/reginaldojunior/experimentos/socket/optimized/airlines-OzaBagExecutorMAXChunk-25-4-100-5121
18/07/22 17:17:40
18/07/22 17:17:40
/home/pi/reginaldojunior/experimentos/socket/optimized/GMSC-LBagExecutorMAXChunk-25-4-100-199
18/07/22 17:19:48
18/07/22 17:19:48
/home/pi/reginaldojunior/experimentos/socket/optimized/GMSC-LBagExecutorMAXChunk-25-4-100-998
18/07/22 17:21:54
18/07/22 17:21:54
/home/pi/reginaldojunior/experimentos/socket/optimized/GMSC-LBagExecutorMAXChunk-25-4-100-1798
18/07/22 17:23:36
18/07/22 17:23:36
/home/pi/reginaldojunior/experimentos/socket/optimized/GMSC-StreamingRandomPatchesExecutorMAXChunk-25-4-100-81
18/07/22 17:25:41
18/07/22 17:25:41
/home/pi/reginaldojunior/experimentos/socket/optimized/GMSC-StreamingRandomPatchesExecutorMAXChunk-25-4-100-406
18/07/22 17:27:46
18/07/22 17:27:46
/home/pi/reginaldojunior/experimentos/socket/optimized/GMSC-StreamingRandomPatchesExecutorMAXChunk-25-4-100-732
18/07/22 17:29:51
18/07/22 17:29:51
/home/pi/reginaldojunior/experimentos/socket/optimized/GMSC-OzaBagAdwinExecutorMAXChunk-25-4-100-452
18/07/22 17:31:58
18/07/22 17:31:58
/home/pi/reginaldojunior/experimentos/socket/optimized/GMSC-OzaBagAdwinExecutorMAXChunk-25-4-100-2262
18/07/22 17:33:11
18/07/22 17:33:11
/home/pi/reginaldojunior/experimentos/socket/optimized/GMSC-OzaBagAdwinExecutorMAXChunk-25-4-100-4072
18/07/22 17:34:05
18/07/22 17:34:05
/home/pi/reginaldojunior/experimentos/socket/optimized/GMSC-OzaBagASHTExecutorMAXChunk-25-4-100-772
18/07/22 17:36:11
18/07/22 17:36:11
/home/pi/reginaldojunior/experimentos/socket/optimized/GMSC-OzaBagASHTExecutorMAXChunk-25-4-100-3861
18/07/22 17:36:59
18/07/22 17:36:59
/home/pi/reginaldojunior/experimentos/socket/optimized/GMSC-OzaBagASHTExecutorMAXChunk-25-4-100-6951
18/07/22 17:37:33
18/07/22 17:37:33
/home/pi/reginaldojunior/experimentos/socket/optimized/GMSC-OzaBagExecutorMAXChunk-25-4-100-763
18/07/22 17:39:40
18/07/22 17:39:40
/home/pi/reginaldojunior/experimentos/socket/optimized/GMSC-OzaBagExecutorMAXChunk-25-4-100-3819
18/07/22 17:40:28
18/07/22 17:40:28
/home/pi/reginaldojunior/experimentos/socket/optimized/GMSC-OzaBagExecutorMAXChunk-25-4-100-6875
18/07/22 17:41:02
18/07/22 17:41:02
/home/pi/reginaldojunior/experimentos/socket/optimized/elecNormNew-LBagExecutorMAXChunk-25-4-250-134
18/07/22 17:43:09
18/07/22 17:43:09
/home/pi/reginaldojunior/experimentos/socket/optimized/elecNormNew-LBagExecutorMAXChunk-25-4-250-671
18/07/22 17:44:24
18/07/22 17:44:24
/home/pi/reginaldojunior/experimentos/socket/optimized/elecNormNew-LBagExecutorMAXChunk-25-4-250-1208
18/07/22 17:45:13
18/07/22 17:45:13
/home/pi/reginaldojunior/experimentos/socket/optimized/elecNormNew-StreamingRandomPatchesExecutorMAXChunk-25-4-250-45
18/07/22 17:47:19
18/07/22 17:47:19
/home/pi/reginaldojunior/experimentos/socket/optimized/elecNormNew-StreamingRandomPatchesExecutorMAXChunk-25-4-250-226
18/07/22 17:49:25
18/07/22 17:49:25
/home/pi/reginaldojunior/experimentos/socket/optimized/elecNormNew-StreamingRandomPatchesExecutorMAXChunk-25-4-250-407
18/07/22 17:51:31
18/07/22 17:51:31
/home/pi/reginaldojunior/experimentos/socket/optimized/elecNormNew-OzaBagAdwinExecutorMAXChunk-25-4-250-274
18/07/22 17:53:37
18/07/22 17:53:37
/home/pi/reginaldojunior/experimentos/socket/optimized/elecNormNew-OzaBagAdwinExecutorMAXChunk-25-4-250-1370
18/07/22 17:54:17
18/07/22 17:54:17
/home/pi/reginaldojunior/experimentos/socket/optimized/elecNormNew-OzaBagAdwinExecutorMAXChunk-25-4-250-2466
18/07/22 17:54:45
18/07/22 17:54:45
/home/pi/reginaldojunior/experimentos/socket/optimized/elecNormNew-OzaBagASHTExecutorMAXChunk-25-4-250-476
18/07/22 17:56:26
18/07/22 17:56:26
/home/pi/reginaldojunior/experimentos/socket/optimized/elecNormNew-OzaBagASHTExecutorMAXChunk-25-4-250-2384
18/07/22 17:56:52
18/07/22 17:56:52
/home/pi/reginaldojunior/experimentos/socket/optimized/elecNormNew-OzaBagASHTExecutorMAXChunk-25-4-250-4292
18/07/22 17:57:15
18/07/22 17:57:15
/home/pi/reginaldojunior/experimentos/socket/optimized/elecNormNew-OzaBagExecutorMAXChunk-25-4-250-476
18/07/22 17:58:57
18/07/22 17:58:57
/home/pi/reginaldojunior/experimentos/socket/optimized/elecNormNew-OzaBagExecutorMAXChunk-25-4-250-2383
18/07/22 17:59:22
18/07/22 17:59:22
/home/pi/reginaldojunior/experimentos/socket/optimized/elecNormNew-OzaBagExecutorMAXChunk-25-4-250-4290
18/07/22 17:59:46
18/07/22 17:59:46
/home/pi/reginaldojunior/experimentos/socket/optimized/covtypeNorm-LBagExecutorMAXChunk-25-4-250-77
18/07/22 18:01:55
18/07/22 18:01:55
/home/pi/reginaldojunior/experimentos/socket/optimized/covtypeNorm-LBagExecutorMAXChunk-25-4-250-386
18/07/22 18:04:03
18/07/22 18:04:03
/home/pi/reginaldojunior/experimentos/socket/optimized/covtypeNorm-LBagExecutorMAXChunk-25-4-250-695
18/07/22 18:06:10
18/07/22 18:06:10
/home/pi/reginaldojunior/experimentos/socket/optimized/covtypeNorm-StreamingRandomPatchesExecutorMAXChunk-25-4-250-22
18/07/22 18:08:17
18/07/22 18:08:17
/home/pi/reginaldojunior/experimentos/socket/optimized/covtypeNorm-StreamingRandomPatchesExecutorMAXChunk-25-4-250-114
18/07/22 18:10:24
18/07/22 18:10:24
/home/pi/reginaldojunior/experimentos/socket/optimized/covtypeNorm-StreamingRandomPatchesExecutorMAXChunk-25-4-250-206
18/07/22 18:12:31
18/07/22 18:12:31
/home/pi/reginaldojunior/experimentos/socket/optimized/covtypeNorm-OzaBagAdwinExecutorMAXChunk-25-4-250-112
18/07/22 18:14:38
18/07/22 18:14:38
/home/pi/reginaldojunior/experimentos/socket/optimized/covtypeNorm-OzaBagAdwinExecutorMAXChunk-25-4-250-563
18/07/22 18:16:46
18/07/22 18:16:46
/home/pi/reginaldojunior/experimentos/socket/optimized/covtypeNorm-OzaBagAdwinExecutorMAXChunk-25-4-250-1014
18/07/22 18:18:53
18/07/22 18:18:53
/home/pi/reginaldojunior/experimentos/socket/optimized/covtypeNorm-OzaBagASHTExecutorMAXChunk-25-4-250-342
18/07/22 18:20:59
18/07/22 18:20:59
/home/pi/reginaldojunior/experimentos/socket/optimized/covtypeNorm-OzaBagASHTExecutorMAXChunk-25-4-250-1712
18/07/22 18:23:08
18/07/22 18:23:08
/home/pi/reginaldojunior/experimentos/socket/optimized/covtypeNorm-OzaBagASHTExecutorMAXChunk-25-4-250-3082
18/07/22 18:25:16
18/07/22 18:25:16
/home/pi/reginaldojunior/experimentos/socket/optimized/covtypeNorm-OzaBagExecutorMAXChunk-25-4-250-361
18/07/22 18:27:22
18/07/22 18:27:22
/home/pi/reginaldojunior/experimentos/socket/optimized/covtypeNorm-OzaBagExecutorMAXChunk-25-4-250-1805
18/07/22 18:29:29
18/07/22 18:29:29
/home/pi/reginaldojunior/experimentos/socket/optimized/covtypeNorm-OzaBagExecutorMAXChunk-25-4-250-3250
18/07/22 18:31:37
18/07/22 18:31:37
/home/pi/reginaldojunior/experimentos/socket/optimized/airlines-LBagExecutorMAXChunk-25-4-250-24
18/07/22 20:39:52
/home/pi/reginaldojunior/experimentos/socket/optimized/elecNormNew-OzaBagAdwinExecutorMAXChunk-25-4-250-274
18/07/22 20:41:58
18/07/22 20:41:58
/home/pi/reginaldojunior/experimentos/socket/optimized/elecNormNew-OzaBagAdwinExecutorMAXChunk-25-4-250-1370
18/07/22 20:42:38
18/07/22 20:42:38
/home/pi/reginaldojunior/experimentos/socket/optimized/elecNormNew-OzaBagAdwinExecutorMAXChunk-25-4-250-2466
18/07/22 20:43:08
18/07/22 20:43:08
/home/pi/reginaldojunior/experimentos/socket/optimized/elecNormNew-OzaBagASHTExecutorMAXChunk-25-4-250-476
18/07/22 20:44:50
18/07/22 20:44:50
/home/pi/reginaldojunior/experimentos/socket/optimized/elecNormNew-OzaBagASHTExecutorMAXChunk-25-4-250-2384
18/07/22 20:45:16
18/07/22 20:45:16
/home/pi/reginaldojunior/experimentos/socket/optimized/elecNormNew-OzaBagASHTExecutorMAXChunk-25-4-250-4292
18/07/22 20:45:39
18/07/22 20:45:39
/home/pi/reginaldojunior/experimentos/socket/optimized/elecNormNew-OzaBagExecutorMAXChunk-25-4-250-476
18/07/22 20:47:21
18/07/22 20:47:21
/home/pi/reginaldojunior/experimentos/socket/optimized/elecNormNew-OzaBagExecutorMAXChunk-25-4-250-2383
18/07/22 20:47:47
18/07/22 20:47:47
/home/pi/reginaldojunior/experimentos/socket/optimized/elecNormNew-OzaBagExecutorMAXChunk-25-4-250-4290
18/07/22 20:48:11
18/07/22 20:48:11
/home/pi/reginaldojunior/experimentos/socket/optimized/covtypeNorm-LBagExecutorMAXChunk-25-4-250-77
18/07/22 20:50:19
18/07/22 20:50:19
/home/pi/reginaldojunior/experimentos/socket/optimized/covtypeNorm-LBagExecutorMAXChunk-25-4-250-386
18/07/22 20:52:26
18/07/22 20:52:26
/home/pi/reginaldojunior/experimentos/socket/optimized/covtypeNorm-LBagExecutorMAXChunk-25-4-250-695
18/07/22 20:54:32
18/07/22 20:54:32
/home/pi/reginaldojunior/experimentos/socket/optimized/covtypeNorm-StreamingRandomPatchesExecutorMAXChunk-25-4-250-22
18/07/22 20:56:39
18/07/22 20:56:39
/home/pi/reginaldojunior/experimentos/socket/optimized/covtypeNorm-StreamingRandomPatchesExecutorMAXChunk-25-4-250-114
18/07/22 20:58:46
18/07/22 20:58:46
/home/pi/reginaldojunior/experimentos/socket/optimized/covtypeNorm-StreamingRandomPatchesExecutorMAXChunk-25-4-250-206
18/07/22 21:00:51
18/07/22 21:00:51
/home/pi/reginaldojunior/experimentos/socket/optimized/covtypeNorm-OzaBagAdwinExecutorMAXChunk-25-4-250-112
18/07/22 21:02:58
18/07/22 21:02:58
/home/pi/reginaldojunior/experimentos/socket/optimized/covtypeNorm-OzaBagAdwinExecutorMAXChunk-25-4-250-563
18/07/22 21:05:05
18/07/22 21:05:05
/home/pi/reginaldojunior/experimentos/socket/optimized/covtypeNorm-OzaBagAdwinExecutorMAXChunk-25-4-250-1014
18/07/22 21:07:11
18/07/22 21:07:11
/home/pi/reginaldojunior/experimentos/socket/optimized/covtypeNorm-OzaBagASHTExecutorMAXChunk-25-4-250-342
18/07/22 21:09:18
18/07/22 21:09:18
/home/pi/reginaldojunior/experimentos/socket/optimized/covtypeNorm-OzaBagASHTExecutorMAXChunk-25-4-250-1712
18/07/22 21:11:24
18/07/22 21:11:24
/home/pi/reginaldojunior/experimentos/socket/optimized/covtypeNorm-OzaBagASHTExecutorMAXChunk-25-4-250-3082
18/07/22 21:13:30
18/07/22 21:13:30
/home/pi/reginaldojunior/experimentos/socket/optimized/covtypeNorm-OzaBagExecutorMAXChunk-25-4-250-361
18/07/22 21:15:38
18/07/22 21:15:38
/home/pi/reginaldojunior/experimentos/socket/optimized/covtypeNorm-OzaBagExecutorMAXChunk-25-4-250-1805
18/07/22 21:17:45
18/07/22 21:17:45
/home/pi/reginaldojunior/experimentos/socket/optimized/covtypeNorm-OzaBagExecutorMAXChunk-25-4-250-3250
18/07/22 21:19:51
18/07/22 21:19:51
/home/pi/reginaldojunior/experimentos/socket/optimized/airlines-LBagExecutorMAXChunk-25-4-250-24
18/07/22 21:22:00
18/07/22 21:22:00
/home/pi/reginaldojunior/experimentos/socket/optimized/airlines-LBagExecutorMAXChunk-25-4-250-120
18/07/22 21:24:18
18/07/22 21:24:18
/home/pi/reginaldojunior/experimentos/socket/optimized/airlines-LBagExecutorMAXChunk-25-4-250-216
18/07/22 21:26:27
18/07/22 21:26:27
/home/pi/reginaldojunior/experimentos/socket/optimized/airlines-StreamingRandomPatchesExecutorMAXChunk-25-4-250-24
18/07/22 21:28:35
18/07/22 21:28:35
/home/pi/reginaldojunior/experimentos/socket/optimized/airlines-StreamingRandomPatchesExecutorMAXChunk-25-4-250-124
18/07/22 21:30:44
18/07/22 21:30:44
/home/pi/reginaldojunior/experimentos/socket/optimized/airlines-StreamingRandomPatchesExecutorMAXChunk-25-4-250-223
18/07/22 21:32:51
18/07/22 21:32:51
/home/pi/reginaldojunior/experimentos/socket/optimized/airlines-OzaBagAdwinExecutorMAXChunk-25-4-250-70
18/07/22 21:34:59
18/07/22 21:34:59
/home/pi/reginaldojunior/experimentos/socket/optimized/airlines-OzaBagAdwinExecutorMAXChunk-25-4-250-350
18/07/22 21:37:06
18/07/22 21:37:06
/home/pi/reginaldojunior/experimentos/socket/optimized/airlines-OzaBagAdwinExecutorMAXChunk-25-4-250-630
18/07/22 21:39:13
18/07/22 21:39:13
/home/pi/reginaldojunior/experimentos/socket/optimized/airlines-OzaBagASHTExecutorMAXChunk-25-4-250-488
18/07/22 21:41:20
18/07/22 21:41:20
/home/pi/reginaldojunior/experimentos/socket/optimized/airlines-OzaBagASHTExecutorMAXChunk-25-4-250-2441
18/07/22 21:43:29
18/07/22 21:43:29
/home/pi/reginaldojunior/experimentos/socket/optimized/airlines-OzaBagASHTExecutorMAXChunk-25-4-250-4394
18/07/22 21:45:35
18/07/22 21:45:35
/home/pi/reginaldojunior/experimentos/socket/optimized/airlines-OzaBagExecutorMAXChunk-25-4-250-605
18/07/22 21:47:42
18/07/22 21:47:42
/home/pi/reginaldojunior/experimentos/socket/optimized/airlines-OzaBagExecutorMAXChunk-25-4-250-3025
18/07/22 21:49:49
18/07/22 21:49:49
/home/pi/reginaldojunior/experimentos/socket/optimized/airlines-OzaBagExecutorMAXChunk-25-4-250-5446
18/07/22 21:51:55
18/07/22 21:51:55
/home/pi/reginaldojunior/experimentos/socket/optimized/GMSC-LBagExecutorMAXChunk-25-4-250-203
18/07/22 21:54:02
18/07/22 21:54:02
/home/pi/reginaldojunior/experimentos/socket/optimized/GMSC-LBagExecutorMAXChunk-25-4-250-1015
18/07/22 21:56:08
18/07/22 21:56:08
/home/pi/reginaldojunior/experimentos/socket/optimized/GMSC-LBagExecutorMAXChunk-25-4-250-1827
18/07/22 21:57:52
18/07/22 21:57:52
/home/pi/reginaldojunior/experimentos/socket/optimized/GMSC-StreamingRandomPatchesExecutorMAXChunk-25-4-250-80
18/07/22 21:59:57
18/07/22 21:59:57
/home/pi/reginaldojunior/experimentos/socket/optimized/GMSC-StreamingRandomPatchesExecutorMAXChunk-25-4-250-404
18/07/22 22:02:03
18/07/22 22:02:03
/home/pi/reginaldojunior/experimentos/socket/optimized/GMSC-StreamingRandomPatchesExecutorMAXChunk-25-4-250-728
18/07/22 22:04:08
18/07/22 22:04:08
/home/pi/reginaldojunior/experimentos/socket/optimized/GMSC-OzaBagAdwinExecutorMAXChunk-25-4-250-471
18/07/22 22:06:15
18/07/22 22:06:15
/home/pi/reginaldojunior/experimentos/socket/optimized/GMSC-OzaBagAdwinExecutorMAXChunk-25-4-250-2357
18/07/22 22:07:26
18/07/22 22:07:26
/home/pi/reginaldojunior/experimentos/socket/optimized/GMSC-OzaBagAdwinExecutorMAXChunk-25-4-250-4243
18/07/22 22:08:14
18/07/22 22:08:14
/home/pi/reginaldojunior/experimentos/socket/optimized/GMSC-OzaBagASHTExecutorMAXChunk-25-4-250-866
18/07/22 22:10:20
18/07/22 22:10:20
/home/pi/reginaldojunior/experimentos/socket/optimized/GMSC-OzaBagASHTExecutorMAXChunk-25-4-250-4331
18/07/22 22:11:02
18/07/22 22:11:02
/home/pi/reginaldojunior/experimentos/socket/optimized/GMSC-OzaBagASHTExecutorMAXChunk-25-4-250-7796
18/07/22 22:13:11
18/07/22 22:13:11
/home/pi/reginaldojunior/experimentos/socket/optimized/GMSC-OzaBagExecutorMAXChunk-25-4-250-843
18/07/22 22:15:19
18/07/22 22:15:19
/home/pi/reginaldojunior/experimentos/socket/optimized/GMSC-OzaBagExecutorMAXChunk-25-4-250-4219
18/07/22 22:16:01
18/07/22 22:16:01
/home/pi/reginaldojunior/experimentos/socket/optimized/GMSC-OzaBagExecutorMAXChunk-25-4-250-7594
18/07/22 22:16:31
18/07/22 22:16:31
/home/pi/reginaldojunior/experimentos/socket/optimized/elecNormNew-LBagExecutorMAXChunk-25-4-500-139
18/07/22 22:18:38
18/07/22 22:18:38
/home/pi/reginaldojunior/experimentos/socket/optimized/elecNormNew-LBagExecutorMAXChunk-25-4-500-696
18/07/22 22:19:50
18/07/22 22:19:50
/home/pi/reginaldojunior/experimentos/socket/optimized/elecNormNew-LBagExecutorMAXChunk-25-4-500-1253
18/07/22 22:20:40
18/07/22 22:20:40
/home/pi/reginaldojunior/experimentos/socket/optimized/elecNormNew-StreamingRandomPatchesExecutorMAXChunk-25-4-500-48
18/07/22 22:22:47
18/07/22 22:22:47
/home/pi/reginaldojunior/experimentos/socket/optimized/elecNormNew-StreamingRandomPatchesExecutorMAXChunk-25-4-500-241
18/07/22 22:24:52
18/07/22 22:24:52
/home/pi/reginaldojunior/experimentos/socket/optimized/elecNormNew-StreamingRandomPatchesExecutorMAXChunk-25-4-500-434
18/07/22 22:26:57
18/07/22 22:26:57
/home/pi/reginaldojunior/experimentos/socket/optimized/elecNormNew-OzaBagAdwinExecutorMAXChunk-25-4-500-287
18/07/22 22:29:04
18/07/22 22:29:04
/home/pi/reginaldojunior/experimentos/socket/optimized/elecNormNew-OzaBagAdwinExecutorMAXChunk-25-4-500-1437
18/07/22 22:29:43
18/07/22 22:29:43
/home/pi/reginaldojunior/experimentos/socket/optimized/elecNormNew-OzaBagAdwinExecutorMAXChunk-25-4-500-2588
18/07/22 22:30:13
18/07/22 22:30:13
/home/pi/reginaldojunior/experimentos/socket/optimized/elecNormNew-OzaBagASHTExecutorMAXChunk-25-4-500-498
18/07/22 22:31:53
18/07/22 22:31:53
/home/pi/reginaldojunior/experimentos/socket/optimized/elecNormNew-OzaBagASHTExecutorMAXChunk-25-4-500-2493
18/07/22 22:32:19
18/07/22 22:32:19
/home/pi/reginaldojunior/experimentos/socket/optimized/elecNormNew-OzaBagASHTExecutorMAXChunk-25-4-500-4488
18/07/22 22:32:40
18/07/22 22:32:40
/home/pi/reginaldojunior/experimentos/socket/optimized/elecNormNew-OzaBagExecutorMAXChunk-25-4-500-476
18/07/22 22:34:22
18/07/22 22:34:22
/home/pi/reginaldojunior/experimentos/socket/optimized/elecNormNew-OzaBagExecutorMAXChunk-25-4-500-2381
18/07/22 22:34:48
18/07/22 22:34:48
/home/pi/reginaldojunior/experimentos/socket/optimized/elecNormNew-OzaBagExecutorMAXChunk-25-4-500-4286
18/07/22 22:35:07
18/07/22 22:35:07
/home/pi/reginaldojunior/experimentos/socket/optimized/covtypeNorm-LBagExecutorMAXChunk-25-4-500-74
18/07/22 22:37:15
18/07/22 22:37:15
/home/pi/reginaldojunior/experimentos/socket/optimized/covtypeNorm-LBagExecutorMAXChunk-25-4-500-371
18/07/22 22:39:22
18/07/22 22:39:22
/home/pi/reginaldojunior/experimentos/socket/optimized/covtypeNorm-LBagExecutorMAXChunk-25-4-500-669
18/07/22 22:41:31
18/07/22 22:41:31
/home/pi/reginaldojunior/experimentos/socket/optimized/covtypeNorm-StreamingRandomPatchesExecutorMAXChunk-25-4-500-22
18/07/22 22:43:38
18/07/22 22:43:38
/home/pi/reginaldojunior/experimentos/socket/optimized/covtypeNorm-StreamingRandomPatchesExecutorMAXChunk-25-4-500-114
18/07/22 22:45:45
18/07/22 22:45:45
/home/pi/reginaldojunior/experimentos/socket/optimized/covtypeNorm-StreamingRandomPatchesExecutorMAXChunk-25-4-500-206
18/07/22 22:47:50
18/07/22 22:47:50
/home/pi/reginaldojunior/experimentos/socket/optimized/covtypeNorm-OzaBagAdwinExecutorMAXChunk-25-4-500-121
18/07/22 22:49:57
18/07/22 22:49:57
/home/pi/reginaldojunior/experimentos/socket/optimized/covtypeNorm-OzaBagAdwinExecutorMAXChunk-25-4-500-608
18/07/22 22:52:04
18/07/22 22:52:04
/home/pi/reginaldojunior/experimentos/socket/optimized/covtypeNorm-OzaBagAdwinExecutorMAXChunk-25-4-500-1095
18/07/22 22:54:11
18/07/22 22:54:11
/home/pi/reginaldojunior/experimentos/socket/optimized/covtypeNorm-OzaBagASHTExecutorMAXChunk-25-4-500-354
18/07/22 22:56:19
18/07/22 22:56:19
/home/pi/reginaldojunior/experimentos/socket/optimized/covtypeNorm-OzaBagASHTExecutorMAXChunk-25-4-500-1774
18/07/22 22:58:26
18/07/22 22:58:26
/home/pi/reginaldojunior/experimentos/socket/optimized/covtypeNorm-OzaBagASHTExecutorMAXChunk-25-4-500-3193
18/07/22 23:00:33
18/07/22 23:00:33
/home/pi/reginaldojunior/experimentos/socket/optimized/covtypeNorm-OzaBagExecutorMAXChunk-25-4-500-363
18/07/22 23:02:39
18/07/22 23:02:39
/home/pi/reginaldojunior/experimentos/socket/optimized/covtypeNorm-OzaBagExecutorMAXChunk-25-4-500-1816
18/07/22 23:04:48
18/07/22 23:04:48
/home/pi/reginaldojunior/experimentos/socket/optimized/covtypeNorm-OzaBagExecutorMAXChunk-25-4-500-3270
18/07/22 23:06:56
18/07/22 23:06:56
/home/pi/reginaldojunior/experimentos/socket/optimized/airlines-LBagExecutorMAXChunk-25-4-500-25
18/07/22 23:09:11
18/07/22 23:09:11
/home/pi/reginaldojunior/experimentos/socket/optimized/airlines-LBagExecutorMAXChunk-25-4-500-129
18/07/22 23:11:19
18/07/22 23:11:19
/home/pi/reginaldojunior/experimentos/socket/optimized/airlines-LBagExecutorMAXChunk-25-4-500-232
18/07/22 23:13:40
18/07/22 23:13:40
/home/pi/reginaldojunior/experimentos/socket/optimized/airlines-StreamingRandomPatchesExecutorMAXChunk-25-4-500-27
18/07/22 23:15:51
18/07/22 23:15:51
/home/pi/reginaldojunior/experimentos/socket/optimized/airlines-StreamingRandomPatchesExecutorMAXChunk-25-4-500-136
18/07/22 23:17:58
18/07/22 23:17:58
/home/pi/reginaldojunior/experimentos/socket/optimized/airlines-StreamingRandomPatchesExecutorMAXChunk-25-4-500-245
18/07/22 23:20:07
18/07/22 23:20:07
/home/pi/reginaldojunior/experimentos/socket/optimized/airlines-OzaBagAdwinExecutorMAXChunk-25-4-500-74
18/07/22 23:22:15
18/07/22 23:22:15
/home/pi/reginaldojunior/experimentos/socket/optimized/airlines-OzaBagAdwinExecutorMAXChunk-25-4-500-374
18/07/22 23:24:23
18/07/22 23:24:23
/home/pi/reginaldojunior/experimentos/socket/optimized/airlines-OzaBagAdwinExecutorMAXChunk-25-4-500-674
18/07/22 23:26:30
18/07/22 23:26:30
/home/pi/reginaldojunior/experimentos/socket/optimized/airlines-OzaBagASHTExecutorMAXChunk-25-4-500-487
18/07/22 23:28:36
18/07/22 23:28:36
/home/pi/reginaldojunior/experimentos/socket/optimized/airlines-OzaBagASHTExecutorMAXChunk-25-4-500-2436
18/07/22 23:30:43
18/07/22 23:30:43
/home/pi/reginaldojunior/experimentos/socket/optimized/airlines-OzaBagASHTExecutorMAXChunk-25-4-500-4385
18/07/22 23:32:49
18/07/22 23:32:49
/home/pi/reginaldojunior/experimentos/socket/optimized/airlines-OzaBagExecutorMAXChunk-25-4-500-619
18/07/22 23:34:56
18/07/22 23:34:56
/home/pi/reginaldojunior/experimentos/socket/optimized/airlines-OzaBagExecutorMAXChunk-25-4-500-3095
18/07/22 23:37:05
18/07/22 23:37:05
/home/pi/reginaldojunior/experimentos/socket/optimized/airlines-OzaBagExecutorMAXChunk-25-4-500-5571
18/07/22 23:39:13
18/07/22 23:39:13
/home/pi/reginaldojunior/experimentos/socket/optimized/GMSC-LBagExecutorMAXChunk-25-4-500-199
18/07/22 23:41:22
18/07/22 23:41:22
/home/pi/reginaldojunior/experimentos/socket/optimized/GMSC-LBagExecutorMAXChunk-25-4-500-998
18/07/22 23:43:28
18/07/22 23:43:28
/home/pi/reginaldojunior/experimentos/socket/optimized/GMSC-LBagExecutorMAXChunk-25-4-500-1797
18/07/22 23:45:03
18/07/22 23:45:03
/home/pi/reginaldojunior/experimentos/socket/optimized/GMSC-StreamingRandomPatchesExecutorMAXChunk-25-4-500-83
18/07/22 23:47:08
18/07/22 23:47:08
/home/pi/reginaldojunior/experimentos/socket/optimized/GMSC-StreamingRandomPatchesExecutorMAXChunk-25-4-500-418
18/07/22 23:49:13
18/07/22 23:49:13
/home/pi/reginaldojunior/experimentos/socket/optimized/GMSC-StreamingRandomPatchesExecutorMAXChunk-25-4-500-752
18/07/22 23:51:19
18/07/22 23:51:19
/home/pi/reginaldojunior/experimentos/socket/optimized/GMSC-OzaBagAdwinExecutorMAXChunk-25-4-500-501
18/07/22 23:53:26
18/07/22 23:53:26
/home/pi/reginaldojunior/experimentos/socket/optimized/GMSC-OzaBagAdwinExecutorMAXChunk-25-4-500-2508
18/07/22 23:54:33
18/07/22 23:54:33
/home/pi/reginaldojunior/experimentos/socket/optimized/GMSC-OzaBagAdwinExecutorMAXChunk-25-4-500-4515
18/07/22 23:55:21
18/07/22 23:55:21
/home/pi/reginaldojunior/experimentos/socket/optimized/GMSC-OzaBagASHTExecutorMAXChunk-25-4-500-837
18/07/22 23:57:27
18/07/22 23:57:27
/home/pi/reginaldojunior/experimentos/socket/optimized/GMSC-OzaBagASHTExecutorMAXChunk-25-4-500-4185
18/07/22 23:58:10
18/07/22 23:58:10
/home/pi/reginaldojunior/experimentos/socket/optimized/GMSC-OzaBagASHTExecutorMAXChunk-25-4-500-7534
18/07/22 23:58:40
18/07/22 23:58:40
/home/pi/reginaldojunior/experimentos/socket/optimized/GMSC-OzaBagExecutorMAXChunk-25-4-500-876
19/07/22 00:00:46
19/07/22 00:00:46
/home/pi/reginaldojunior/experimentos/socket/optimized/GMSC-OzaBagExecutorMAXChunk-25-4-500-4380
19/07/22 00:01:27
19/07/22 00:01:27
/home/pi/reginaldojunior/experimentos/socket/optimized/GMSC-OzaBagExecutorMAXChunk-25-4-500-7885
19/07/22 00:01:55
19/07/22 00:01:55
/home/pi/reginaldojunior/experimentos/socket/optimized/elecNormNew-LBagExecutorMAXChunk-25-4-2000-142
19/07/22 00:04:02
19/07/22 00:04:02
/home/pi/reginaldojunior/experimentos/socket/optimized/elecNormNew-LBagExecutorMAXChunk-25-4-2000-710
19/07/22 00:05:13
19/07/22 00:05:13
/home/pi/reginaldojunior/experimentos/socket/optimized/elecNormNew-LBagExecutorMAXChunk-25-4-2000-1279
19/07/22 00:05:57
19/07/22 00:05:57
/home/pi/reginaldojunior/experimentos/socket/optimized/elecNormNew-StreamingRandomPatchesExecutorMAXChunk-25-4-2000-48
19/07/22 00:08:05
19/07/22 00:08:05
/home/pi/reginaldojunior/experimentos/socket/optimized/elecNormNew-StreamingRandomPatchesExecutorMAXChunk-25-4-2000-244
19/07/22 00:10:13
19/07/22 00:10:13
/home/pi/reginaldojunior/experimentos/socket/optimized/elecNormNew-StreamingRandomPatchesExecutorMAXChunk-25-4-2000-439
19/07/22 00:12:17
19/07/22 00:12:17
/home/pi/reginaldojunior/experimentos/socket/optimized/elecNormNew-OzaBagAdwinExecutorMAXChunk-25-4-2000-262
19/07/22 00:14:24
19/07/22 00:14:24
/home/pi/reginaldojunior/experimentos/socket/optimized/elecNormNew-OzaBagAdwinExecutorMAXChunk-25-4-2000-1312
19/07/22 00:15:05
19/07/22 00:15:05
/home/pi/reginaldojunior/experimentos/socket/optimized/elecNormNew-OzaBagAdwinExecutorMAXChunk-25-4-2000-2362
19/07/22 00:15:32
19/07/22 00:15:32
/home/pi/reginaldojunior/experimentos/socket/optimized/elecNormNew-OzaBagASHTExecutorMAXChunk-25-4-2000-422
19/07/22 00:17:28
19/07/22 00:17:28
/home/pi/reginaldojunior/experimentos/socket/optimized/elecNormNew-OzaBagASHTExecutorMAXChunk-25-4-2000-2112
19/07/22 00:17:57
19/07/22 00:17:57
/home/pi/reginaldojunior/experimentos/socket/optimized/elecNormNew-OzaBagASHTExecutorMAXChunk-25-4-2000-3802
19/07/22 00:18:15
19/07/22 00:18:15
/home/pi/reginaldojunior/experimentos/socket/optimized/elecNormNew-OzaBagExecutorMAXChunk-25-4-2000-448
19/07/22 00:20:04
19/07/22 00:20:04
/home/pi/reginaldojunior/experimentos/socket/optimized/elecNormNew-OzaBagExecutorMAXChunk-25-4-2000-2241
19/07/22 00:20:31
19/07/22 00:20:31
/home/pi/reginaldojunior/experimentos/socket/optimized/elecNormNew-OzaBagExecutorMAXChunk-25-4-2000-4034
19/07/22 00:20:49
19/07/22 00:20:49
/home/pi/reginaldojunior/experimentos/socket/optimized/covtypeNorm-LBagExecutorMAXChunk-25-4-2000-65
19/07/22 00:23:01
19/07/22 00:23:01
/home/pi/reginaldojunior/experimentos/socket/optimized/covtypeNorm-LBagExecutorMAXChunk-25-4-2000-327
19/07/22 00:25:09
19/07/22 00:25:09
/home/pi/reginaldojunior/experimentos/socket/optimized/covtypeNorm-LBagExecutorMAXChunk-25-4-2000-588
19/07/22 00:27:17
19/07/22 00:27:17
/home/pi/reginaldojunior/experimentos/socket/optimized/covtypeNorm-StreamingRandomPatchesExecutorMAXChunk-25-4-2000-22
19/07/22 00:29:25
19/07/22 00:29:25
/home/pi/reginaldojunior/experimentos/socket/optimized/covtypeNorm-StreamingRandomPatchesExecutorMAXChunk-25-4-2000-114
19/07/22 00:31:37
19/07/22 00:31:37
/home/pi/reginaldojunior/experimentos/socket/optimized/covtypeNorm-StreamingRandomPatchesExecutorMAXChunk-25-4-2000-206
19/07/22 00:33:46
19/07/22 00:33:46
/home/pi/reginaldojunior/experimentos/socket/optimized/covtypeNorm-OzaBagAdwinExecutorMAXChunk-25-4-2000-121
19/07/22 00:35:52
19/07/22 00:35:52
/home/pi/reginaldojunior/experimentos/socket/optimized/covtypeNorm-OzaBagAdwinExecutorMAXChunk-25-4-2000-608
19/07/22 00:38:01
19/07/22 00:38:01
/home/pi/reginaldojunior/experimentos/socket/optimized/covtypeNorm-OzaBagAdwinExecutorMAXChunk-25-4-2000-1095
19/07/22 00:40:08
19/07/22 00:40:08
/home/pi/reginaldojunior/experimentos/socket/optimized/covtypeNorm-OzaBagASHTExecutorMAXChunk-25-4-2000-353
19/07/22 00:42:17
19/07/22 00:42:17
/home/pi/reginaldojunior/experimentos/socket/optimized/covtypeNorm-OzaBagASHTExecutorMAXChunk-25-4-2000-1768
19/07/22 00:44:27
19/07/22 00:44:27
/home/pi/reginaldojunior/experimentos/socket/optimized/covtypeNorm-OzaBagASHTExecutorMAXChunk-25-4-2000-3182
19/07/22 00:46:34
19/07/22 00:46:34
/home/pi/reginaldojunior/experimentos/socket/optimized/covtypeNorm-OzaBagExecutorMAXChunk-25-4-2000-356
19/07/22 00:48:41
19/07/22 00:48:41
/home/pi/reginaldojunior/experimentos/socket/optimized/covtypeNorm-OzaBagExecutorMAXChunk-25-4-2000-1781
19/07/22 00:50:48
19/07/22 00:50:48
/home/pi/reginaldojunior/experimentos/socket/optimized/covtypeNorm-OzaBagExecutorMAXChunk-25-4-2000-3206
19/07/22 00:52:55
19/07/22 00:52:55
/home/pi/reginaldojunior/experimentos/socket/optimized/airlines-LBagExecutorMAXChunk-25-4-2000-44
19/07/22 00:55:19
19/07/22 00:55:19
/home/pi/reginaldojunior/experimentos/socket/optimized/airlines-LBagExecutorMAXChunk-25-4-2000-220
19/07/22 02:01:57
/home/pi/reginaldojunior/experimentos/socket/optimized/elecNormNew-OzaBagAdwinExecutorMAXChunk-25-4-2000-262
19/07/22 02:04:04
19/07/22 02:04:04
/home/pi/reginaldojunior/experimentos/socket/optimized/elecNormNew-OzaBagAdwinExecutorMAXChunk-25-4-2000-1312
19/07/22 02:04:45
19/07/22 02:04:45
/home/pi/reginaldojunior/experimentos/socket/optimized/elecNormNew-OzaBagAdwinExecutorMAXChunk-25-4-2000-2362
19/07/22 02:05:11
19/07/22 02:05:11
/home/pi/reginaldojunior/experimentos/socket/optimized/elecNormNew-OzaBagASHTExecutorMAXChunk-25-4-2000-422
19/07/22 02:07:05
19/07/22 02:07:05
/home/pi/reginaldojunior/experimentos/socket/optimized/elecNormNew-OzaBagASHTExecutorMAXChunk-25-4-2000-2112
19/07/22 02:07:34
19/07/22 02:07:34
/home/pi/reginaldojunior/experimentos/socket/optimized/elecNormNew-OzaBagASHTExecutorMAXChunk-25-4-2000-3802
19/07/22 02:07:53
19/07/22 02:07:53
/home/pi/reginaldojunior/experimentos/socket/optimized/elecNormNew-OzaBagExecutorMAXChunk-25-4-2000-448
19/07/22 02:09:41
19/07/22 02:09:41
/home/pi/reginaldojunior/experimentos/socket/optimized/elecNormNew-OzaBagExecutorMAXChunk-25-4-2000-2241
19/07/22 02:10:08
19/07/22 02:10:08
/home/pi/reginaldojunior/experimentos/socket/optimized/elecNormNew-OzaBagExecutorMAXChunk-25-4-2000-4034
19/07/22 02:10:29
19/07/22 02:10:29
/home/pi/reginaldojunior/experimentos/socket/optimized/covtypeNorm-LBagExecutorMAXChunk-25-4-2000-65
19/07/22 02:12:42
19/07/22 02:12:42
/home/pi/reginaldojunior/experimentos/socket/optimized/covtypeNorm-LBagExecutorMAXChunk-25-4-2000-327
19/07/22 02:14:49
19/07/22 02:14:49
/home/pi/reginaldojunior/experimentos/socket/optimized/covtypeNorm-LBagExecutorMAXChunk-25-4-2000-588
19/07/22 02:16:58
19/07/22 02:16:58
/home/pi/reginaldojunior/experimentos/socket/optimized/covtypeNorm-StreamingRandomPatchesExecutorMAXChunk-25-4-2000-22
19/07/22 02:19:04
19/07/22 02:19:04
/home/pi/reginaldojunior/experimentos/socket/optimized/covtypeNorm-StreamingRandomPatchesExecutorMAXChunk-25-4-2000-114
19/07/22 02:21:12
19/07/22 02:21:12
/home/pi/reginaldojunior/experimentos/socket/optimized/covtypeNorm-StreamingRandomPatchesExecutorMAXChunk-25-4-2000-206
19/07/22 02:23:22
19/07/22 02:23:22
/home/pi/reginaldojunior/experimentos/socket/optimized/covtypeNorm-OzaBagAdwinExecutorMAXChunk-25-4-2000-121
19/07/22 02:25:29
19/07/22 02:25:29
/home/pi/reginaldojunior/experimentos/socket/optimized/covtypeNorm-OzaBagAdwinExecutorMAXChunk-25-4-2000-608
19/07/22 02:27:37
19/07/22 02:27:37
/home/pi/reginaldojunior/experimentos/socket/optimized/covtypeNorm-OzaBagAdwinExecutorMAXChunk-25-4-2000-1095
19/07/22 02:29:45
19/07/22 02:29:45
/home/pi/reginaldojunior/experimentos/socket/optimized/covtypeNorm-OzaBagASHTExecutorMAXChunk-25-4-2000-353
19/07/22 02:31:56
19/07/22 02:31:56
/home/pi/reginaldojunior/experimentos/socket/optimized/covtypeNorm-OzaBagASHTExecutorMAXChunk-25-4-2000-1768
19/07/22 02:34:04
19/07/22 02:34:04
/home/pi/reginaldojunior/experimentos/socket/optimized/covtypeNorm-OzaBagASHTExecutorMAXChunk-25-4-2000-3182
19/07/22 02:36:11
19/07/22 02:36:11
/home/pi/reginaldojunior/experimentos/socket/optimized/covtypeNorm-OzaBagExecutorMAXChunk-25-4-2000-356
19/07/22 02:38:19
19/07/22 02:38:19
/home/pi/reginaldojunior/experimentos/socket/optimized/covtypeNorm-OzaBagExecutorMAXChunk-25-4-2000-1781
19/07/22 02:40:26
19/07/22 02:40:26
/home/pi/reginaldojunior/experimentos/socket/optimized/covtypeNorm-OzaBagExecutorMAXChunk-25-4-2000-3206
19/07/22 02:42:33
19/07/22 02:42:33
/home/pi/reginaldojunior/experimentos/socket/optimized/airlines-LBagExecutorMAXChunk-25-4-2000-44
19/07/22 02:44:52
19/07/22 02:44:52
/home/pi/reginaldojunior/experimentos/socket/optimized/airlines-LBagExecutorMAXChunk-25-4-2000-220
19/07/22 03:06:04
19/07/22 03:06:04
/home/pi/reginaldojunior/experimentos/socket/optimized/airlines-LBagExecutorMAXChunk-25-4-2000-396
19/07/22 03:14:28
19/07/22 03:14:28
/home/pi/reginaldojunior/experimentos/socket/optimized/airlines-StreamingRandomPatchesExecutorMAXChunk-25-4-2000-28
19/07/22 03:16:50
19/07/22 03:16:50
/home/pi/reginaldojunior/experimentos/socket/optimized/airlines-StreamingRandomPatchesExecutorMAXChunk-25-4-2000-141
19/07/22 03:19:29
19/07/22 03:19:29
/home/pi/reginaldojunior/experimentos/socket/optimized/airlines-StreamingRandomPatchesExecutorMAXChunk-25-4-2000-253
19/07/22 03:21:50
19/07/22 03:21:50
/home/pi/reginaldojunior/experimentos/socket/optimized/airlines-OzaBagAdwinExecutorMAXChunk-25-4-2000-95
19/07/22 03:24:03
19/07/22 03:24:03
/home/pi/reginaldojunior/experimentos/socket/optimized/airlines-OzaBagAdwinExecutorMAXChunk-25-4-2000-476
19/07/22 03:26:47
19/07/22 03:26:47
/home/pi/reginaldojunior/experimentos/socket/optimized/airlines-OzaBagAdwinExecutorMAXChunk-25-4-2000-857
19/07/22 03:29:05
19/07/22 03:29:05
/home/pi/reginaldojunior/experimentos/socket/optimized/airlines-OzaBagASHTExecutorMAXChunk-25-4-2000-481
19/07/22 03:31:17
19/07/22 03:31:17
/home/pi/reginaldojunior/experimentos/socket/optimized/airlines-OzaBagASHTExecutorMAXChunk-25-4-2000-2407
19/07/22 03:33:25
19/07/22 03:33:25
/home/pi/reginaldojunior/experimentos/socket/optimized/airlines-OzaBagASHTExecutorMAXChunk-25-4-2000-4332
19/07/22 03:35:32
19/07/22 03:35:32
/home/pi/reginaldojunior/experimentos/socket/optimized/airlines-OzaBagExecutorMAXChunk-25-4-2000-621
19/07/22 03:37:38
19/07/22 03:37:38
/home/pi/reginaldojunior/experimentos/socket/optimized/airlines-OzaBagExecutorMAXChunk-25-4-2000-3107
19/07/22 03:39:44
19/07/22 03:39:44
/home/pi/reginaldojunior/experimentos/socket/optimized/airlines-OzaBagExecutorMAXChunk-25-4-2000-5592
19/07/22 03:41:51
19/07/22 03:41:52
/home/pi/reginaldojunior/experimentos/socket/optimized/GMSC-LBagExecutorMAXChunk-25-4-2000-195
19/07/22 03:43:58
19/07/22 03:43:58
/home/pi/reginaldojunior/experimentos/socket/optimized/GMSC-LBagExecutorMAXChunk-25-4-2000-975
19/07/22 03:46:06
19/07/22 03:46:06
/home/pi/reginaldojunior/experimentos/socket/optimized/GMSC-LBagExecutorMAXChunk-25-4-2000-1755
19/07/22 03:47:39
19/07/22 03:47:39
/home/pi/reginaldojunior/experimentos/socket/optimized/GMSC-StreamingRandomPatchesExecutorMAXChunk-25-4-2000-78
19/07/22 03:49:45
19/07/22 03:49:45
/home/pi/reginaldojunior/experimentos/socket/optimized/GMSC-StreamingRandomPatchesExecutorMAXChunk-25-4-2000-394
19/07/22 03:51:51
19/07/22 03:51:51
/home/pi/reginaldojunior/experimentos/socket/optimized/GMSC-StreamingRandomPatchesExecutorMAXChunk-25-4-2000-709
19/07/22 03:53:57
19/07/22 03:53:57
/home/pi/reginaldojunior/experimentos/socket/optimized/GMSC-OzaBagAdwinExecutorMAXChunk-25-4-2000-444
19/07/22 03:56:04
19/07/22 03:56:04
/home/pi/reginaldojunior/experimentos/socket/optimized/GMSC-OzaBagAdwinExecutorMAXChunk-25-4-2000-2222
19/07/22 03:57:19
19/07/22 03:57:19
/home/pi/reginaldojunior/experimentos/socket/optimized/GMSC-OzaBagAdwinExecutorMAXChunk-25-4-2000-4000
19/07/22 03:58:05
19/07/22 03:58:05
/home/pi/reginaldojunior/experimentos/socket/optimized/GMSC-OzaBagASHTExecutorMAXChunk-25-4-2000-870
19/07/22 04:00:12
19/07/22 04:00:12
/home/pi/reginaldojunior/experimentos/socket/optimized/GMSC-OzaBagASHTExecutorMAXChunk-25-4-2000-4352
19/07/22 04:02:21
19/07/22 04:02:21
/home/pi/reginaldojunior/experimentos/socket/optimized/GMSC-OzaBagASHTExecutorMAXChunk-25-4-2000-7833
19/07/22 04:02:48
19/07/22 04:02:48
/home/pi/reginaldojunior/experimentos/socket/optimized/GMSC-OzaBagExecutorMAXChunk-25-4-2000-792
19/07/22 04:04:55
19/07/22 04:04:55
/home/pi/reginaldojunior/experimentos/socket/optimized/GMSC-OzaBagExecutorMAXChunk-25-4-2000-3961
19/07/22 04:05:39
19/07/22 04:05:39
/home/pi/reginaldojunior/experimentos/socket/optimized/GMSC-OzaBagExecutorMAXChunk-25-4-2000-7131
19/07/22 04:06:09
