02/11/23 09:02:08
/home/pi/reginaldojunior/experimentos/dynamic-batch/6//covtypeNorm-AdaptiveRandomForestExecutorMAXChunk
02/11/23 09:04:20
02/11/23 09:04:20
/home/pi/reginaldojunior/experimentos/dynamic-batch/6//covtypeNorm-LBagExecutorMAXChunk
02/11/23 09:06:33
02/11/23 09:06:33
/home/pi/reginaldojunior/experimentos/dynamic-batch/6//covtypeNorm-StreamingRandomPatchesExecutorMAXChunk
02/11/23 09:08:45
02/11/23 09:08:45
/home/pi/reginaldojunior/experimentos/dynamic-batch/6//covtypeNorm-OzaBagAdwinExecutorMAXChunk
02/11/23 09:10:59
02/11/23 09:10:59
/home/pi/reginaldojunior/experimentos/dynamic-batch/6//covtypeNorm-OzaBagASHTExecutorMAXChunk
02/11/23 09:13:13
02/11/23 09:13:13
/home/pi/reginaldojunior/experimentos/dynamic-batch/6//covtypeNorm-OzaBagExecutorMAXChunk
02/11/23 09:15:26
02/11/23 09:15:26
/home/pi/reginaldojunior/experimentos/dynamic-batch/6//airlines-AdaptiveRandomForestExecutorMAXChunk
02/11/23 09:17:40
02/11/23 09:17:40
/home/pi/reginaldojunior/experimentos/dynamic-batch/6//airlines-LBagExecutorMAXChunk
02/11/23 09:45:25
02/11/23 09:45:25
/home/pi/reginaldojunior/experimentos/dynamic-batch/6//airlines-StreamingRandomPatchesExecutorMAXChunk
02/11/23 09:47:39
02/11/23 09:47:40
/home/pi/reginaldojunior/experimentos/dynamic-batch/6//airlines-OzaBagAdwinExecutorMAXChunk
02/11/23 09:49:53
02/11/23 09:49:53
/home/pi/reginaldojunior/experimentos/dynamic-batch/6//airlines-OzaBagASHTExecutorMAXChunk
02/11/23 09:52:07
02/11/23 09:52:07
/home/pi/reginaldojunior/experimentos/dynamic-batch/6//airlines-OzaBagExecutorMAXChunk
02/11/23 09:54:20
02/11/23 09:54:20
/home/pi/reginaldojunior/experimentos/dynamic-batch/6//elecNormNew-AdaptiveRandomForestExecutorMAXChunk
02/11/23 09:56:32
02/11/23 09:56:32
/home/pi/reginaldojunior/experimentos/dynamic-batch/6//elecNormNew-LBagExecutorMAXChunk
02/11/23 09:58:45
02/11/23 09:58:46
/home/pi/reginaldojunior/experimentos/dynamic-batch/6//elecNormNew-StreamingRandomPatchesExecutorMAXChunk
02/11/23 10:00:57
02/11/23 10:00:57
/home/pi/reginaldojunior/experimentos/dynamic-batch/6//elecNormNew-OzaBagAdwinExecutorMAXChunk
02/11/23 10:03:11
02/11/23 10:03:11
/home/pi/reginaldojunior/experimentos/dynamic-batch/6//elecNormNew-OzaBagASHTExecutorMAXChunk
02/11/23 10:05:25
02/11/23 10:05:25
/home/pi/reginaldojunior/experimentos/dynamic-batch/6//elecNormNew-OzaBagExecutorMAXChunk
02/11/23 10:07:39
02/11/23 10:07:39
/home/pi/reginaldojunior/experimentos/dynamic-batch/6//GMSC-AdaptiveRandomForestExecutorMAXChunk
02/11/23 10:09:50
02/11/23 10:09:51
/home/pi/reginaldojunior/experimentos/dynamic-batch/6//GMSC-LBagExecutorMAXChunk
02/11/23 10:12:04
02/11/23 10:12:04
/home/pi/reginaldojunior/experimentos/dynamic-batch/6//GMSC-StreamingRandomPatchesExecutorMAXChunk
02/11/23 10:14:17
02/11/23 10:14:17
/home/pi/reginaldojunior/experimentos/dynamic-batch/6//GMSC-OzaBagAdwinExecutorMAXChunk
02/11/23 10:16:31
02/11/23 10:16:31
/home/pi/reginaldojunior/experimentos/dynamic-batch/6//GMSC-OzaBagASHTExecutorMAXChunk
02/11/23 10:18:45
02/11/23 10:18:45
/home/pi/reginaldojunior/experimentos/dynamic-batch/6//GMSC-OzaBagExecutorMAXChunk
02/11/23 10:20:59
02/11/23 10:20:59
