04/12/22 23:38:19
/home/pi/reginaldojunior/experimentos/results/socket/4/600/600/elecNormNew-AdaptiveRandomForestSequential-25-1-1-20
04/12/22 23:40:25
04/12/22 23:40:25
/home/pi/reginaldojunior/experimentos/results/socket/4/600/600/elecNormNew-AdaptiveRandomForestExecutorRUNPER-25-4-1-20
04/12/22 23:42:32
04/12/22 23:42:32
/home/pi/reginaldojunior/experimentos/results/socket/4/600/600/elecNormNew-AdaptiveRandomForestSequential-25-1-1-102
04/12/22 23:44:38
04/12/22 23:44:38
/home/pi/reginaldojunior/experimentos/results/socket/4/600/600/elecNormNew-AdaptiveRandomForestExecutorRUNPER-25-4-1-102
04/12/22 23:46:44
04/12/22 23:46:44
/home/pi/reginaldojunior/experimentos/results/socket/4/600/600/elecNormNew-AdaptiveRandomForestSequential-25-1-1-184
04/12/22 23:48:50
04/12/22 23:48:50
/home/pi/reginaldojunior/experimentos/results/socket/4/600/600/elecNormNew-AdaptiveRandomForestExecutorRUNPER-25-4-1-184
04/12/22 23:50:56
04/12/22 23:50:56
/home/pi/reginaldojunior/experimentos/results/socket/4/600/600/elecNormNew-LeveragingBag-25-1-1-30
04/12/22 23:53:05
04/12/22 23:53:05
/home/pi/reginaldojunior/experimentos/results/socket/4/600/600/elecNormNew-LBagExecutorRUNPER-25-4-1-30
04/12/22 23:55:14
04/12/22 23:55:14
/home/pi/reginaldojunior/experimentos/results/socket/4/600/600/elecNormNew-LeveragingBag-25-1-1-153
04/12/22 23:57:23
04/12/22 23:57:23
/home/pi/reginaldojunior/experimentos/results/socket/4/600/600/elecNormNew-LBagExecutorRUNPER-25-4-1-153
04/12/22 23:59:32
04/12/22 23:59:32
/home/pi/reginaldojunior/experimentos/results/socket/4/600/600/elecNormNew-LeveragingBag-25-1-1-276
05/12/22 00:01:41
05/12/22 00:01:41
/home/pi/reginaldojunior/experimentos/results/socket/4/600/600/elecNormNew-LBagExecutorRUNPER-25-4-1-276
05/12/22 00:03:49
05/12/22 00:03:49
/home/pi/reginaldojunior/experimentos/results/socket/4/600/600/elecNormNew-StreamingRandomPatches-25-1-1-10
05/12/22 00:05:56
05/12/22 00:05:56
/home/pi/reginaldojunior/experimentos/results/socket/4/600/600/elecNormNew-StreamingRandomPatchesExecutorRUNPER-25-4-1-10
05/12/22 00:08:02
05/12/22 00:08:02
/home/pi/reginaldojunior/experimentos/results/socket/4/600/600/elecNormNew-StreamingRandomPatches-25-1-1-54
05/12/22 00:10:08
05/12/22 00:10:08
/home/pi/reginaldojunior/experimentos/results/socket/4/600/600/elecNormNew-StreamingRandomPatchesExecutorRUNPER-25-4-1-54
05/12/22 00:12:15
05/12/22 00:12:16
/home/pi/reginaldojunior/experimentos/results/socket/4/600/600/elecNormNew-StreamingRandomPatches-25-1-1-97
05/12/22 00:14:22
05/12/22 00:14:22
/home/pi/reginaldojunior/experimentos/results/socket/4/600/600/elecNormNew-StreamingRandomPatchesExecutorRUNPER-25-4-1-97
05/12/22 00:16:28
05/12/22 00:16:28
/home/pi/reginaldojunior/experimentos/results/socket/4/600/600/elecNormNew-OzaBagAdwin-25-1-1-49
05/12/22 00:18:37
05/12/22 00:18:37
/home/pi/reginaldojunior/experimentos/results/socket/4/600/600/elecNormNew-OzaBagAdwinExecutorRUNPER-25-4-1-49
05/12/22 00:20:45
05/12/22 00:20:45
/home/pi/reginaldojunior/experimentos/results/socket/4/600/600/elecNormNew-OzaBagAdwin-25-1-1-247
05/12/22 00:22:54
05/12/22 00:22:54
/home/pi/reginaldojunior/experimentos/results/socket/4/600/600/elecNormNew-OzaBagAdwinExecutorRUNPER-25-4-1-247
05/12/22 00:25:03
05/12/22 00:25:03
/home/pi/reginaldojunior/experimentos/results/socket/4/600/600/elecNormNew-OzaBagAdwin-25-1-1-444
05/12/22 00:26:55
05/12/22 00:26:55
/home/pi/reginaldojunior/experimentos/results/socket/4/600/600/elecNormNew-OzaBagAdwinExecutorRUNPER-25-4-1-444
05/12/22 00:28:47
05/12/22 00:28:47
/home/pi/reginaldojunior/experimentos/results/socket/4/600/600/elecNormNew-OzaBagASHT-25-1-1-61
05/12/22 00:30:56
05/12/22 00:30:56
/home/pi/reginaldojunior/experimentos/results/socket/4/600/600/elecNormNew-OzaBagASHTExecutorRUNPER-25-4-1-61
05/12/22 00:33:05
05/12/22 00:33:05
/home/pi/reginaldojunior/experimentos/results/socket/4/600/600/elecNormNew-OzaBagASHT-25-1-1-309
05/12/22 00:35:14
05/12/22 00:35:14
/home/pi/reginaldojunior/experimentos/results/socket/4/600/600/elecNormNew-OzaBagASHTExecutorRUNPER-25-4-1-309
05/12/22 00:37:22
05/12/22 00:37:22
/home/pi/reginaldojunior/experimentos/results/socket/4/600/600/elecNormNew-OzaBagASHT-25-1-1-556
05/12/22 00:38:53
05/12/22 00:38:53
/home/pi/reginaldojunior/experimentos/results/socket/4/600/600/elecNormNew-OzaBagASHTExecutorRUNPER-25-4-1-556
05/12/22 00:40:24
05/12/22 00:40:24
/home/pi/reginaldojunior/experimentos/results/socket/4/600/600/elecNormNew-OzaBag-25-1-1-64
05/12/22 00:42:33
05/12/22 00:42:33
/home/pi/reginaldojunior/experimentos/results/socket/4/600/600/elecNormNew-OzaBagExecutorRUNPER-25-4-1-64
05/12/22 00:44:42
05/12/22 00:44:42
/home/pi/reginaldojunior/experimentos/results/socket/4/600/600/elecNormNew-OzaBag-25-1-1-320
05/12/22 00:46:51
05/12/22 00:46:51
/home/pi/reginaldojunior/experimentos/results/socket/4/600/600/elecNormNew-OzaBagExecutorRUNPER-25-4-1-320
05/12/22 00:49:00
05/12/22 00:49:00
/home/pi/reginaldojunior/experimentos/results/socket/4/600/600/elecNormNew-OzaBag-25-1-1-577
05/12/22 00:50:28
05/12/22 00:50:28
/home/pi/reginaldojunior/experimentos/results/socket/4/600/600/elecNormNew-OzaBagExecutorRUNPER-25-4-1-577
05/12/22 00:51:56
05/12/22 00:51:56
/home/pi/reginaldojunior/experimentos/results/socket/4/600/600/covtypeNorm-AdaptiveRandomForestSequential-25-1-1-16
05/12/22 00:52:20
05/12/22 00:52:20
