15/01/22 12:43:20
15/01/22 12:43:52
/home/pi/reginaldojunior/experimentos/results/socket/1000/1000/GMSC-AdaptiveRandomForestExecutorMAXChunk-25-4-50-32
15/01/22 12:43:57
15/01/22 12:43:57
15/01/22 12:44:09
/home/pi/reginaldojunior/experimentos/results/socket/1000/1000/GMSC-AdaptiveRandomForestExecutorMAXChunk-25-4-50-32
15/01/22 12:46:13
15/01/22 12:46:13
/home/pi/reginaldojunior/experimentos/results/socket/1000/1000/GMSC-AdaptiveRandomForestExecutorMAXChunk-25-4-50-161
15/01/22 12:48:18
15/01/22 12:48:18
/home/pi/reginaldojunior/experimentos/results/socket/1000/1000/GMSC-AdaptiveRandomForestExecutorMAXChunk-25-4-50-290
15/01/22 12:50:23
15/01/22 12:50:23
/home/pi/reginaldojunior/experimentos/results/socket/1000/1000/GMSC-LBagExecutorMAXChunk-25-4-50-41
15/01/22 12:52:29
15/01/22 12:52:29
/home/pi/reginaldojunior/experimentos/results/socket/1000/1000/GMSC-LBagExecutorMAXChunk-25-4-50-206
15/01/22 12:54:36
15/01/22 12:54:36
/home/pi/reginaldojunior/experimentos/results/socket/1000/1000/GMSC-LBagExecutorMAXChunk-25-4-50-371
15/01/22 12:56:42
15/01/22 12:56:42
/home/pi/reginaldojunior/experimentos/results/socket/1000/1000/GMSC-StreamingRandomPatchesExecutorMAXChunk-25-4-50-14
15/01/22 12:58:47
15/01/22 12:58:47
/home/pi/reginaldojunior/experimentos/results/socket/1000/1000/GMSC-StreamingRandomPatchesExecutorMAXChunk-25-4-50-70
15/01/22 13:00:52
15/01/22 13:00:52
/home/pi/reginaldojunior/experimentos/results/socket/1000/1000/GMSC-StreamingRandomPatchesExecutorMAXChunk-25-4-50-126
15/01/22 13:02:56
15/01/22 13:02:56
/home/pi/reginaldojunior/experimentos/results/socket/1000/1000/GMSC-OzaBagAdwinExecutorMAXChunk-25-4-50-110
15/01/22 13:05:03
15/01/22 13:05:03
/home/pi/reginaldojunior/experimentos/results/socket/1000/1000/GMSC-OzaBagAdwinExecutorMAXChunk-25-4-50-552
15/01/22 13:07:10
15/01/22 13:07:10
/home/pi/reginaldojunior/experimentos/results/socket/1000/1000/GMSC-OzaBagAdwinExecutorMAXChunk-25-4-50-995
15/01/22 13:09:16
15/01/22 13:09:16
/home/pi/reginaldojunior/experimentos/results/socket/1000/1000/GMSC-OzaBagASHTExecutorMAXChunk-25-4-50-153
15/01/22 13:11:23
15/01/22 13:11:23
/home/pi/reginaldojunior/experimentos/results/socket/1000/1000/GMSC-OzaBagASHTExecutorMAXChunk-25-4-50-767
15/01/22 13:13:29
15/01/22 13:13:29
/home/pi/reginaldojunior/experimentos/results/socket/1000/1000/GMSC-OzaBagASHTExecutorMAXChunk-25-4-50-1381
15/01/22 13:15:25
15/01/22 13:15:25
/home/pi/reginaldojunior/experimentos/results/socket/1000/1000/GMSC-OzaBagExecutorMAXChunk-25-4-50-109
15/01/22 13:17:32
15/01/22 13:17:32
/home/pi/reginaldojunior/experimentos/results/socket/1000/1000/GMSC-OzaBagExecutorMAXChunk-25-4-50-547
15/01/22 13:19:38
15/01/22 13:19:38
/home/pi/reginaldojunior/experimentos/results/socket/1000/1000/GMSC-OzaBagExecutorMAXChunk-25-4-50-985
15/01/22 13:21:45
15/01/22 13:21:45
/home/pi/reginaldojunior/experimentos/results/socket/1000/1000/elecNormNew-AdaptiveRandomForestExecutorMAXChunk-25-4-50-19
15/01/22 13:23:49
15/01/22 13:23:49
/home/pi/reginaldojunior/experimentos/results/socket/1000/1000/elecNormNew-AdaptiveRandomForestExecutorMAXChunk-25-4-50-97
15/01/22 13:25:54
15/01/22 13:25:54
/home/pi/reginaldojunior/experimentos/results/socket/1000/1000/elecNormNew-AdaptiveRandomForestExecutorMAXChunk-25-4-50-175
15/01/22 13:27:59
15/01/22 13:27:59
/home/pi/reginaldojunior/experimentos/results/socket/1000/1000/elecNormNew-LBagExecutorMAXChunk-25-4-50-31
15/01/22 13:30:06
15/01/22 13:30:06
/home/pi/reginaldojunior/experimentos/results/socket/1000/1000/elecNormNew-LBagExecutorMAXChunk-25-4-50-159
15/01/22 13:32:12
15/01/22 13:32:12
/home/pi/reginaldojunior/experimentos/results/socket/1000/1000/elecNormNew-LBagExecutorMAXChunk-25-4-50-287
15/01/22 13:34:19
15/01/22 13:34:19
/home/pi/reginaldojunior/experimentos/results/socket/1000/1000/elecNormNew-StreamingRandomPatchesExecutorMAXChunk-25-4-50-4
15/01/22 13:36:25
15/01/22 13:36:25
/home/pi/reginaldojunior/experimentos/results/socket/1000/1000/elecNormNew-StreamingRandomPatchesExecutorMAXChunk-25-4-50-23
15/01/22 13:38:30
15/01/22 13:38:30
/home/pi/reginaldojunior/experimentos/results/socket/1000/1000/elecNormNew-StreamingRandomPatchesExecutorMAXChunk-25-4-50-42
15/01/22 13:40:35
15/01/22 13:40:35
/home/pi/reginaldojunior/experimentos/results/socket/1000/1000/elecNormNew-OzaBagAdwinExecutorMAXChunk-25-4-50-79
15/01/22 13:42:41
15/01/22 13:42:41
/home/pi/reginaldojunior/experimentos/results/socket/1000/1000/elecNormNew-OzaBagAdwinExecutorMAXChunk-25-4-50-399
15/01/22 13:44:43
15/01/22 13:44:43
/home/pi/reginaldojunior/experimentos/results/socket/1000/1000/elecNormNew-OzaBagAdwinExecutorMAXChunk-25-4-50-718
15/01/22 13:45:53
15/01/22 13:45:53
/home/pi/reginaldojunior/experimentos/results/socket/1000/1000/elecNormNew-OzaBagASHTExecutorMAXChunk-25-4-50-41
15/01/22 13:47:59
15/01/22 13:47:59
/home/pi/reginaldojunior/experimentos/results/socket/1000/1000/elecNormNew-OzaBagASHTExecutorMAXChunk-25-4-50-209
15/01/22 13:50:06
15/01/22 13:50:06
/home/pi/reginaldojunior/experimentos/results/socket/1000/1000/elecNormNew-OzaBagASHTExecutorMAXChunk-25-4-50-377
15/01/22 13:52:12
15/01/22 13:52:12
/home/pi/reginaldojunior/experimentos/results/socket/1000/1000/elecNormNew-OzaBagExecutorMAXChunk-25-4-50-92
15/01/22 13:54:19
15/01/22 13:54:19
/home/pi/reginaldojunior/experimentos/results/socket/1000/1000/elecNormNew-OzaBagExecutorMAXChunk-25-4-50-463
15/01/22 13:56:04
15/01/22 13:56:04
/home/pi/reginaldojunior/experimentos/results/socket/1000/1000/elecNormNew-OzaBagExecutorMAXChunk-25-4-50-835
15/01/22 13:57:05
15/01/22 13:57:05
/home/pi/reginaldojunior/experimentos/results/socket/1000/1000/covtypeNorm-AdaptiveRandomForestExecutorMAXChunk-25-4-50-12
15/01/22 13:59:10
15/01/22 13:59:10
/home/pi/reginaldojunior/experimentos/results/socket/1000/1000/covtypeNorm-AdaptiveRandomForestExecutorMAXChunk-25-4-50-62
15/01/22 14:01:14
15/01/22 14:01:14
/home/pi/reginaldojunior/experimentos/results/socket/1000/1000/covtypeNorm-AdaptiveRandomForestExecutorMAXChunk-25-4-50-112
15/01/22 14:03:19
15/01/22 14:03:19
/home/pi/reginaldojunior/experimentos/results/socket/1000/1000/covtypeNorm-LBagExecutorMAXChunk-25-4-50-7
15/01/22 14:05:26
15/01/22 14:05:26
/home/pi/reginaldojunior/experimentos/results/socket/1000/1000/covtypeNorm-LBagExecutorMAXChunk-25-4-50-36
15/01/22 14:07:32
15/01/22 14:07:32
/home/pi/reginaldojunior/experimentos/results/socket/1000/1000/covtypeNorm-LBagExecutorMAXChunk-25-4-50-66
15/01/22 14:09:39
15/01/22 14:09:39
/home/pi/reginaldojunior/experimentos/results/socket/1000/1000/covtypeNorm-StreamingRandomPatchesExecutorMAXChunk-25-4-50-4
15/01/22 14:11:45
15/01/22 14:11:45
/home/pi/reginaldojunior/experimentos/results/socket/1000/1000/covtypeNorm-StreamingRandomPatchesExecutorMAXChunk-25-4-50-23
15/01/22 14:13:50
15/01/22 14:13:50
/home/pi/reginaldojunior/experimentos/results/socket/1000/1000/covtypeNorm-StreamingRandomPatchesExecutorMAXChunk-25-4-50-42
15/01/22 14:15:56
15/01/22 14:15:56
/home/pi/reginaldojunior/experimentos/results/socket/1000/1000/covtypeNorm-OzaBagAdwinExecutorMAXChunk-25-4-50-6
15/01/22 14:18:02
15/01/22 14:18:02
/home/pi/reginaldojunior/experimentos/results/socket/1000/1000/covtypeNorm-OzaBagAdwinExecutorMAXChunk-25-4-50-33
15/01/22 14:20:09
15/01/22 14:20:09
/home/pi/reginaldojunior/experimentos/results/socket/1000/1000/covtypeNorm-OzaBagAdwinExecutorMAXChunk-25-4-50-59
15/01/22 14:22:16
15/01/22 14:22:16
/home/pi/reginaldojunior/experimentos/results/socket/1000/1000/covtypeNorm-OzaBagASHTExecutorMAXChunk-25-4-50-6
15/01/22 14:24:22
15/01/22 14:24:22
/home/pi/reginaldojunior/experimentos/results/socket/1000/1000/covtypeNorm-OzaBagASHTExecutorMAXChunk-25-4-50-33
15/01/22 14:26:29
15/01/22 14:26:29
/home/pi/reginaldojunior/experimentos/results/socket/1000/1000/covtypeNorm-OzaBagASHTExecutorMAXChunk-25-4-50-61
15/01/22 14:28:35
15/01/22 14:28:36
/home/pi/reginaldojunior/experimentos/results/socket/1000/1000/covtypeNorm-OzaBagExecutorMAXChunk-25-4-50-9
15/01/22 14:30:42
15/01/22 14:30:42
/home/pi/reginaldojunior/experimentos/results/socket/1000/1000/covtypeNorm-OzaBagExecutorMAXChunk-25-4-50-47
15/01/22 14:32:49
15/01/22 14:32:49
/home/pi/reginaldojunior/experimentos/results/socket/1000/1000/covtypeNorm-OzaBagExecutorMAXChunk-25-4-50-85
15/01/22 14:34:55
15/01/22 14:34:55
/home/pi/reginaldojunior/experimentos/results/socket/1000/1000/GMSC-AdaptiveRandomForestExecutorMAXChunk-25-4-500-32
15/01/22 14:37:01
15/01/22 14:37:01
/home/pi/reginaldojunior/experimentos/results/socket/1000/1000/GMSC-AdaptiveRandomForestExecutorMAXChunk-25-4-500-161
15/01/22 14:39:07
15/01/22 14:39:07
/home/pi/reginaldojunior/experimentos/results/socket/1000/1000/GMSC-AdaptiveRandomForestExecutorMAXChunk-25-4-500-290
15/01/22 14:41:12
15/01/22 14:41:12
/home/pi/reginaldojunior/experimentos/results/socket/1000/1000/GMSC-LBagExecutorMAXChunk-25-4-500-41
15/01/22 14:43:19
15/01/22 14:43:19
/home/pi/reginaldojunior/experimentos/results/socket/1000/1000/GMSC-LBagExecutorMAXChunk-25-4-500-206
15/01/22 14:45:26
15/01/22 14:45:26
/home/pi/reginaldojunior/experimentos/results/socket/1000/1000/GMSC-LBagExecutorMAXChunk-25-4-500-371
15/01/22 14:47:33
15/01/22 14:47:33
/home/pi/reginaldojunior/experimentos/results/socket/1000/1000/GMSC-StreamingRandomPatchesExecutorMAXChunk-25-4-500-14
15/01/22 14:49:38
15/01/22 14:49:38
/home/pi/reginaldojunior/experimentos/results/socket/1000/1000/GMSC-StreamingRandomPatchesExecutorMAXChunk-25-4-500-70
15/01/22 14:51:44
15/01/22 14:51:44
/home/pi/reginaldojunior/experimentos/results/socket/1000/1000/GMSC-StreamingRandomPatchesExecutorMAXChunk-25-4-500-126
15/01/22 14:53:50
15/01/22 14:53:50
/home/pi/reginaldojunior/experimentos/results/socket/1000/1000/GMSC-OzaBagAdwinExecutorMAXChunk-25-4-500-110
15/01/22 14:55:56
15/01/22 14:55:56
/home/pi/reginaldojunior/experimentos/results/socket/1000/1000/GMSC-OzaBagAdwinExecutorMAXChunk-25-4-500-552
15/01/22 14:58:03
15/01/22 14:58:03
/home/pi/reginaldojunior/experimentos/results/socket/1000/1000/GMSC-OzaBagAdwinExecutorMAXChunk-25-4-500-995
15/01/22 15:00:10
15/01/22 15:00:10
/home/pi/reginaldojunior/experimentos/results/socket/1000/1000/GMSC-OzaBagASHTExecutorMAXChunk-25-4-500-153
15/01/22 15:02:16
15/01/22 15:02:16
/home/pi/reginaldojunior/experimentos/results/socket/1000/1000/GMSC-OzaBagASHTExecutorMAXChunk-25-4-500-767
15/01/22 15:04:23
15/01/22 15:04:23
/home/pi/reginaldojunior/experimentos/results/socket/1000/1000/GMSC-OzaBagASHTExecutorMAXChunk-25-4-500-1381
15/01/22 15:06:19
15/01/22 15:06:19
/home/pi/reginaldojunior/experimentos/results/socket/1000/1000/GMSC-OzaBagExecutorMAXChunk-25-4-500-109
15/01/22 15:08:26
15/01/22 15:08:26
/home/pi/reginaldojunior/experimentos/results/socket/1000/1000/GMSC-OzaBagExecutorMAXChunk-25-4-500-547
15/01/22 15:10:32
15/01/22 15:10:32
/home/pi/reginaldojunior/experimentos/results/socket/1000/1000/GMSC-OzaBagExecutorMAXChunk-25-4-500-985
15/01/22 15:12:39
15/01/22 15:12:39
/home/pi/reginaldojunior/experimentos/results/socket/1000/1000/elecNormNew-AdaptiveRandomForestExecutorMAXChunk-25-4-500-19
15/01/22 15:14:44
15/01/22 15:14:44
/home/pi/reginaldojunior/experimentos/results/socket/1000/1000/elecNormNew-AdaptiveRandomForestExecutorMAXChunk-25-4-500-97
15/01/22 15:16:50
15/01/22 15:16:50
/home/pi/reginaldojunior/experimentos/results/socket/1000/1000/elecNormNew-AdaptiveRandomForestExecutorMAXChunk-25-4-500-175
15/01/22 15:18:56
15/01/22 15:18:56
/home/pi/reginaldojunior/experimentos/results/socket/1000/1000/elecNormNew-LBagExecutorMAXChunk-25-4-500-31
15/01/22 15:21:03
15/01/22 15:21:03
/home/pi/reginaldojunior/experimentos/results/socket/1000/1000/elecNormNew-LBagExecutorMAXChunk-25-4-500-159
15/01/22 15:23:10
15/01/22 15:23:10
/home/pi/reginaldojunior/experimentos/results/socket/1000/1000/elecNormNew-LBagExecutorMAXChunk-25-4-500-287
15/01/22 15:25:16
15/01/22 15:25:16
/home/pi/reginaldojunior/experimentos/results/socket/1000/1000/elecNormNew-StreamingRandomPatchesExecutorMAXChunk-25-4-500-4
15/01/22 15:27:22
15/01/22 15:27:22
/home/pi/reginaldojunior/experimentos/results/socket/1000/1000/elecNormNew-StreamingRandomPatchesExecutorMAXChunk-25-4-500-23
15/01/22 15:29:28
15/01/22 15:29:28
/home/pi/reginaldojunior/experimentos/results/socket/1000/1000/elecNormNew-StreamingRandomPatchesExecutorMAXChunk-25-4-500-42
15/01/22 15:31:33
15/01/22 15:31:33
/home/pi/reginaldojunior/experimentos/results/socket/1000/1000/elecNormNew-OzaBagAdwinExecutorMAXChunk-25-4-500-79
15/01/22 15:33:40
15/01/22 15:33:40
/home/pi/reginaldojunior/experimentos/results/socket/1000/1000/elecNormNew-OzaBagAdwinExecutorMAXChunk-25-4-500-399
15/01/22 15:35:42
15/01/22 15:35:42
/home/pi/reginaldojunior/experimentos/results/socket/1000/1000/elecNormNew-OzaBagAdwinExecutorMAXChunk-25-4-500-718
15/01/22 15:36:51
15/01/22 15:36:51
/home/pi/reginaldojunior/experimentos/results/socket/1000/1000/elecNormNew-OzaBagASHTExecutorMAXChunk-25-4-500-41
15/01/22 15:38:58
15/01/22 15:38:58
/home/pi/reginaldojunior/experimentos/results/socket/1000/1000/elecNormNew-OzaBagASHTExecutorMAXChunk-25-4-500-209
15/01/22 15:41:04
15/01/22 15:41:04
/home/pi/reginaldojunior/experimentos/results/socket/1000/1000/elecNormNew-OzaBagASHTExecutorMAXChunk-25-4-500-377
15/01/22 15:43:11
15/01/22 15:43:11
/home/pi/reginaldojunior/experimentos/results/socket/1000/1000/elecNormNew-OzaBagExecutorMAXChunk-25-4-500-92
15/01/22 15:45:18
15/01/22 15:45:18
/home/pi/reginaldojunior/experimentos/results/socket/1000/1000/elecNormNew-OzaBagExecutorMAXChunk-25-4-500-463
15/01/22 15:47:03
15/01/22 15:47:03
/home/pi/reginaldojunior/experimentos/results/socket/1000/1000/elecNormNew-OzaBagExecutorMAXChunk-25-4-500-835
15/01/22 15:48:04
15/01/22 15:48:04
/home/pi/reginaldojunior/experimentos/results/socket/1000/1000/covtypeNorm-AdaptiveRandomForestExecutorMAXChunk-25-4-500-12
15/01/22 15:50:10
15/01/22 15:50:10
/home/pi/reginaldojunior/experimentos/results/socket/1000/1000/covtypeNorm-AdaptiveRandomForestExecutorMAXChunk-25-4-500-62
15/01/22 15:52:15
15/01/22 15:52:15
/home/pi/reginaldojunior/experimentos/results/socket/1000/1000/covtypeNorm-AdaptiveRandomForestExecutorMAXChunk-25-4-500-112
15/01/22 15:54:21
15/01/22 15:54:21
/home/pi/reginaldojunior/experimentos/results/socket/1000/1000/covtypeNorm-LBagExecutorMAXChunk-25-4-500-7
15/01/22 15:56:28
15/01/22 15:56:28
/home/pi/reginaldojunior/experimentos/results/socket/1000/1000/covtypeNorm-LBagExecutorMAXChunk-25-4-500-36
15/01/22 15:58:34
15/01/22 15:58:34
/home/pi/reginaldojunior/experimentos/results/socket/1000/1000/covtypeNorm-LBagExecutorMAXChunk-25-4-500-66
15/01/22 16:00:42
15/01/22 16:00:42
/home/pi/reginaldojunior/experimentos/results/socket/1000/1000/covtypeNorm-StreamingRandomPatchesExecutorMAXChunk-25-4-500-4
15/01/22 16:02:49
15/01/22 16:02:49
/home/pi/reginaldojunior/experimentos/results/socket/1000/1000/covtypeNorm-StreamingRandomPatchesExecutorMAXChunk-25-4-500-23
15/01/22 16:04:56
15/01/22 16:04:56
/home/pi/reginaldojunior/experimentos/results/socket/1000/1000/covtypeNorm-StreamingRandomPatchesExecutorMAXChunk-25-4-500-42
15/01/22 16:07:02
15/01/22 16:07:02
/home/pi/reginaldojunior/experimentos/results/socket/1000/1000/covtypeNorm-OzaBagAdwinExecutorMAXChunk-25-4-500-6
15/01/22 16:09:09
15/01/22 16:09:09
/home/pi/reginaldojunior/experimentos/results/socket/1000/1000/covtypeNorm-OzaBagAdwinExecutorMAXChunk-25-4-500-33
15/01/22 16:11:16
15/01/22 16:11:16
/home/pi/reginaldojunior/experimentos/results/socket/1000/1000/covtypeNorm-OzaBagAdwinExecutorMAXChunk-25-4-500-59
15/01/22 16:13:22
15/01/22 16:13:22
/home/pi/reginaldojunior/experimentos/results/socket/1000/1000/covtypeNorm-OzaBagASHTExecutorMAXChunk-25-4-500-6
15/01/22 16:15:29
15/01/22 16:15:29
/home/pi/reginaldojunior/experimentos/results/socket/1000/1000/covtypeNorm-OzaBagASHTExecutorMAXChunk-25-4-500-33
15/01/22 16:17:36
15/01/22 16:17:36
/home/pi/reginaldojunior/experimentos/results/socket/1000/1000/covtypeNorm-OzaBagASHTExecutorMAXChunk-25-4-500-61
15/01/22 16:19:42
15/01/22 16:19:42
/home/pi/reginaldojunior/experimentos/results/socket/1000/1000/covtypeNorm-OzaBagExecutorMAXChunk-25-4-500-9
15/01/22 16:21:49
15/01/22 16:21:49
/home/pi/reginaldojunior/experimentos/results/socket/1000/1000/covtypeNorm-OzaBagExecutorMAXChunk-25-4-500-47
15/01/22 16:23:57
15/01/22 16:23:57
/home/pi/reginaldojunior/experimentos/results/socket/1000/1000/covtypeNorm-OzaBagExecutorMAXChunk-25-4-500-85
15/01/22 16:26:03
15/01/22 16:26:03
/home/pi/reginaldojunior/experimentos/results/socket/1000/1000/GMSC-AdaptiveRandomForestExecutorMAXChunk-25-4-2000-32
15/01/22 16:28:10
15/01/22 16:28:10
/home/pi/reginaldojunior/experimentos/results/socket/1000/1000/GMSC-AdaptiveRandomForestExecutorMAXChunk-25-4-2000-161
15/01/22 16:30:16
15/01/22 16:30:16
/home/pi/reginaldojunior/experimentos/results/socket/1000/1000/GMSC-AdaptiveRandomForestExecutorMAXChunk-25-4-2000-290
15/01/22 16:32:21
15/01/22 16:32:21
/home/pi/reginaldojunior/experimentos/results/socket/1000/1000/GMSC-LBagExecutorMAXChunk-25-4-2000-41
15/01/22 16:34:28
15/01/22 16:34:28
/home/pi/reginaldojunior/experimentos/results/socket/1000/1000/GMSC-LBagExecutorMAXChunk-25-4-2000-206
15/01/22 16:36:35
15/01/22 16:36:35
/home/pi/reginaldojunior/experimentos/results/socket/1000/1000/GMSC-LBagExecutorMAXChunk-25-4-2000-371
15/01/22 16:38:42
15/01/22 16:38:42
/home/pi/reginaldojunior/experimentos/results/socket/1000/1000/GMSC-StreamingRandomPatchesExecutorMAXChunk-25-4-2000-14
15/01/22 16:40:55
15/01/22 16:40:55
/home/pi/reginaldojunior/experimentos/results/socket/1000/1000/GMSC-StreamingRandomPatchesExecutorMAXChunk-25-4-2000-70
15/01/22 16:43:01
15/01/22 16:43:01
/home/pi/reginaldojunior/experimentos/results/socket/1000/1000/GMSC-StreamingRandomPatchesExecutorMAXChunk-25-4-2000-126
15/01/22 16:45:07
15/01/22 16:45:07
/home/pi/reginaldojunior/experimentos/results/socket/1000/1000/GMSC-OzaBagAdwinExecutorMAXChunk-25-4-2000-110
15/01/22 16:47:13
15/01/22 16:47:13
/home/pi/reginaldojunior/experimentos/results/socket/1000/1000/GMSC-OzaBagAdwinExecutorMAXChunk-25-4-2000-552
15/01/22 16:49:20
15/01/22 16:49:20
/home/pi/reginaldojunior/experimentos/results/socket/1000/1000/GMSC-OzaBagAdwinExecutorMAXChunk-25-4-2000-995
15/01/22 16:51:27
15/01/22 16:51:27
/home/pi/reginaldojunior/experimentos/results/socket/1000/1000/GMSC-OzaBagASHTExecutorMAXChunk-25-4-2000-153
15/01/22 16:53:34
15/01/22 16:53:34
/home/pi/reginaldojunior/experimentos/results/socket/1000/1000/GMSC-OzaBagASHTExecutorMAXChunk-25-4-2000-767
15/01/22 16:55:41
15/01/22 16:55:41
/home/pi/reginaldojunior/experimentos/results/socket/1000/1000/GMSC-OzaBagASHTExecutorMAXChunk-25-4-2000-1381
15/01/22 16:57:36
15/01/22 16:57:36
/home/pi/reginaldojunior/experimentos/results/socket/1000/1000/GMSC-OzaBagExecutorMAXChunk-25-4-2000-109
15/01/22 16:59:43
15/01/22 16:59:43
/home/pi/reginaldojunior/experimentos/results/socket/1000/1000/GMSC-OzaBagExecutorMAXChunk-25-4-2000-547
15/01/22 17:01:50
15/01/22 17:01:50
/home/pi/reginaldojunior/experimentos/results/socket/1000/1000/GMSC-OzaBagExecutorMAXChunk-25-4-2000-985
15/01/22 17:03:56
15/01/22 17:03:56
/home/pi/reginaldojunior/experimentos/results/socket/1000/1000/elecNormNew-AdaptiveRandomForestExecutorMAXChunk-25-4-2000-19
15/01/22 17:06:18
15/01/22 17:06:18
/home/pi/reginaldojunior/experimentos/results/socket/1000/1000/elecNormNew-AdaptiveRandomForestExecutorMAXChunk-25-4-2000-97
15/01/22 17:08:24
15/01/22 17:08:24
/home/pi/reginaldojunior/experimentos/results/socket/1000/1000/elecNormNew-AdaptiveRandomForestExecutorMAXChunk-25-4-2000-175
15/01/22 17:10:30
15/01/22 17:10:30
/home/pi/reginaldojunior/experimentos/results/socket/1000/1000/elecNormNew-LBagExecutorMAXChunk-25-4-2000-31
15/01/22 17:12:38
15/01/22 17:12:38
/home/pi/reginaldojunior/experimentos/results/socket/1000/1000/elecNormNew-LBagExecutorMAXChunk-25-4-2000-159
15/01/22 17:14:44
15/01/22 17:14:44
/home/pi/reginaldojunior/experimentos/results/socket/1000/1000/elecNormNew-LBagExecutorMAXChunk-25-4-2000-287
15/01/22 17:16:52
15/01/22 17:16:52
/home/pi/reginaldojunior/experimentos/results/socket/1000/1000/elecNormNew-StreamingRandomPatchesExecutorMAXChunk-25-4-2000-4
15/01/22 17:18:59
15/01/22 17:18:59
/home/pi/reginaldojunior/experimentos/results/socket/1000/1000/elecNormNew-StreamingRandomPatchesExecutorMAXChunk-25-4-2000-23
15/01/22 17:21:04
15/01/22 17:21:04
/home/pi/reginaldojunior/experimentos/results/socket/1000/1000/elecNormNew-StreamingRandomPatchesExecutorMAXChunk-25-4-2000-42
15/01/22 17:23:11
15/01/22 17:23:11
/home/pi/reginaldojunior/experimentos/results/socket/1000/1000/elecNormNew-OzaBagAdwinExecutorMAXChunk-25-4-2000-79
15/01/22 17:25:18
15/01/22 17:25:18
/home/pi/reginaldojunior/experimentos/results/socket/1000/1000/elecNormNew-OzaBagAdwinExecutorMAXChunk-25-4-2000-399
15/01/22 17:27:20
15/01/22 17:27:20
/home/pi/reginaldojunior/experimentos/results/socket/1000/1000/elecNormNew-OzaBagAdwinExecutorMAXChunk-25-4-2000-718
15/01/22 17:28:29
15/01/22 17:28:29
/home/pi/reginaldojunior/experimentos/results/socket/1000/1000/elecNormNew-OzaBagASHTExecutorMAXChunk-25-4-2000-41
15/01/22 17:30:36
15/01/22 17:30:36
/home/pi/reginaldojunior/experimentos/results/socket/1000/1000/elecNormNew-OzaBagASHTExecutorMAXChunk-25-4-2000-209
15/01/22 17:32:43
15/01/22 17:32:43
/home/pi/reginaldojunior/experimentos/results/socket/1000/1000/elecNormNew-OzaBagASHTExecutorMAXChunk-25-4-2000-377
15/01/22 17:34:49
15/01/22 17:34:49
/home/pi/reginaldojunior/experimentos/results/socket/1000/1000/elecNormNew-OzaBagExecutorMAXChunk-25-4-2000-92
15/01/22 17:36:56
15/01/22 17:36:56
/home/pi/reginaldojunior/experimentos/results/socket/1000/1000/elecNormNew-OzaBagExecutorMAXChunk-25-4-2000-463
15/01/22 17:38:42
15/01/22 17:38:42
/home/pi/reginaldojunior/experimentos/results/socket/1000/1000/elecNormNew-OzaBagExecutorMAXChunk-25-4-2000-835
15/01/22 17:39:42
15/01/22 17:39:42
/home/pi/reginaldojunior/experimentos/results/socket/1000/1000/covtypeNorm-AdaptiveRandomForestExecutorMAXChunk-25-4-2000-12
15/01/22 17:41:59
15/01/22 17:41:59
/home/pi/reginaldojunior/experimentos/results/socket/1000/1000/covtypeNorm-AdaptiveRandomForestExecutorMAXChunk-25-4-2000-62
15/01/22 17:44:07
15/01/22 17:44:07
/home/pi/reginaldojunior/experimentos/results/socket/1000/1000/covtypeNorm-AdaptiveRandomForestExecutorMAXChunk-25-4-2000-112
15/01/22 17:46:14
15/01/22 17:46:14
/home/pi/reginaldojunior/experimentos/results/socket/1000/1000/covtypeNorm-LBagExecutorMAXChunk-25-4-2000-7
15/01/22 17:48:25
15/01/22 17:48:25
/home/pi/reginaldojunior/experimentos/results/socket/1000/1000/covtypeNorm-LBagExecutorMAXChunk-25-4-2000-36
15/01/22 17:50:31
15/01/22 17:50:31
/home/pi/reginaldojunior/experimentos/results/socket/1000/1000/covtypeNorm-LBagExecutorMAXChunk-25-4-2000-66
15/01/22 17:52:44
15/01/22 17:52:44
/home/pi/reginaldojunior/experimentos/results/socket/1000/1000/covtypeNorm-StreamingRandomPatchesExecutorMAXChunk-25-4-2000-4
15/01/22 18:03:03
15/01/22 18:03:03
/home/pi/reginaldojunior/experimentos/results/socket/1000/1000/covtypeNorm-StreamingRandomPatchesExecutorMAXChunk-25-4-2000-23
15/01/22 18:13:18
15/01/22 18:13:18
/home/pi/reginaldojunior/experimentos/results/socket/1000/1000/covtypeNorm-StreamingRandomPatchesExecutorMAXChunk-25-4-2000-42
15/01/22 18:15:27
15/01/22 18:15:27
/home/pi/reginaldojunior/experimentos/results/socket/1000/1000/covtypeNorm-OzaBagAdwinExecutorMAXChunk-25-4-2000-6
15/01/22 18:17:36
15/01/22 18:17:36
/home/pi/reginaldojunior/experimentos/results/socket/1000/1000/covtypeNorm-OzaBagAdwinExecutorMAXChunk-25-4-2000-33
15/01/22 18:19:47
15/01/22 18:19:47
/home/pi/reginaldojunior/experimentos/results/socket/1000/1000/covtypeNorm-OzaBagAdwinExecutorMAXChunk-25-4-2000-59
15/01/22 18:21:55
15/01/22 18:21:55
/home/pi/reginaldojunior/experimentos/results/socket/1000/1000/covtypeNorm-OzaBagASHTExecutorMAXChunk-25-4-2000-6
15/01/22 18:24:04
15/01/22 18:24:04
/home/pi/reginaldojunior/experimentos/results/socket/1000/1000/covtypeNorm-OzaBagASHTExecutorMAXChunk-25-4-2000-33
15/01/22 18:26:16
15/01/22 18:26:16
/home/pi/reginaldojunior/experimentos/results/socket/1000/1000/covtypeNorm-OzaBagASHTExecutorMAXChunk-25-4-2000-61
15/01/22 18:28:25
15/01/22 18:28:25
/home/pi/reginaldojunior/experimentos/results/socket/1000/1000/covtypeNorm-OzaBagExecutorMAXChunk-25-4-2000-9
15/01/22 18:30:35
15/01/22 18:30:35
/home/pi/reginaldojunior/experimentos/results/socket/1000/1000/covtypeNorm-OzaBagExecutorMAXChunk-25-4-2000-47
15/01/22 18:32:46
15/01/22 18:32:46
/home/pi/reginaldojunior/experimentos/results/socket/1000/1000/covtypeNorm-OzaBagExecutorMAXChunk-25-4-2000-85
15/01/22 18:34:54
