08/01/2024-08:37:48'219, 0.487805, 0, 1.92308, 0, 0
tail: cpu.txt: file truncated
08/01/2024-08:38:18'922, 0.970874, 0, 1.92308, 1.96078, 0
tail: cpu.txt: file truncated
08/01/2024-08:38:49'616, 0.966184, 0, 0, 0, 3.77358
tail: cpu.txt: file truncated
08/01/2024-08:39:20'293, 32.3383, 38.4615, 26.5306, 33.3333, 30.6122
tail: cpu.txt: file truncated
08/01/2024-08:39:50'909, 1.46341, 3.84615, 0, 0, 1.96078
tail: cpu.txt: file truncated
08/01/2024-08:40:21'605, 4.34783, 11.1111, 1.96078, 1.96078, 1.92308
tail: cpu.txt: file truncated
08/01/2024-08:40:52'274, 29.7561, 30, 30.1887, 29.4118, 30
tail: cpu.txt: file truncated
08/01/2024-08:41:22'936, 0.980392, 1.92308, 0, 0, 1.96078
tail: cpu.txt: file truncated
08/01/2024-08:41:53'617, 47.7833, 47.0588, 44, 52, 49.0196
tail: cpu.txt: file truncated
08/01/2024-08:42:24'234, 10.628, 9.80392, 9.61538, 11.7647, 11.3208
tail: cpu.txt: file truncated
08/01/2024-08:42:54'920, 0.966184, 1.96078, 0, 1.88679, 0
tail: cpu.txt: file truncated
08/01/2024-08:43:25'613, 1.44928, 3.84615, 0, 0, 1.96078
tail: cpu.txt: file truncated
08/01/2024-08:43:56'307, 1.45631, 1.96078, 0, 1.92308, 1.88679
tail: cpu.txt: file truncated
08/01/2024-08:44:27'005, 1.44231, 3.84615, 0, 0, 1.92308
tail: cpu.txt: file truncated
08/01/2024-08:44:57'701, 0.980392, 0, 1.92308, 1.96078, 0
tail: cpu.txt: file truncated
08/01/2024-08:45:28'383, 13.0435, 15.6863, 9.80392, 15.0943, 11.5385
tail: cpu.txt: file truncated
08/01/2024-08:45:59'063, 0.487805, 0, 0, 0, 1.92308
tail: cpu.txt: file truncated
08/01/2024-08:46:29'749, 54.067, 54.902, 49.0196, 59.6154, 53.7037
tail: cpu.txt: file truncated
08/01/2024-08:47:00'363, 1.94175, 0, 0, 3.92157, 3.77358
tail: cpu.txt: file truncated
08/01/2024-08:47:31'035, 0.492611, 0, 0, 0, 1.92308
tail: cpu.txt: file truncated
08/01/2024-08:48:01'694, 15.0485, 15.6863, 15.3846, 14, 15.3846
tail: cpu.txt: file truncated
08/01/2024-08:48:32'307, 0.490196, 0, 0, 1.92308, 0
tail: cpu.txt: file truncated
08/01/2024-08:49:02'988, 4.9505, 4, 5.88235, 4, 6
tail: cpu.txt: file truncated
08/01/2024-08:49:33'608, 23.6715, 26.9231, 23.0769, 23.5294, 20.7547
tail: cpu.txt: file truncated
08/01/2024-08:50:04'217, 0.492611, 0, 0, 1.92308, 0
tail: cpu.txt: file truncated
08/01/2024-08:50:34'906, 0.492611, 1.96078, 0, 0, 0
tail: cpu.txt: file truncated
08/01/2024-08:51:05'572, 0.492611, 0, 1.92308, 0, 0
tail: cpu.txt: file truncated
08/01/2024-08:51:36'224, 16.0976, 16.3265, 15.3846, 15.6863, 17.3077
tail: cpu.txt: file truncated
08/01/2024-08:52:06'853, 0.970874, 0, 1.92308, 0, 1.92308
tail: cpu.txt: file truncated
08/01/2024-08:52:37'553, 0.966184, 1.96078, 0, 1.92308, 0
tail: cpu.txt: file truncated
08/01/2024-08:53:08'245, 1.44928, 3.84615, 1.96078, 0, 0
tail: cpu.txt: file truncated
08/01/2024-08:53:38'941, 1.93237, 3.92157, 3.77358, 0, 0
tail: cpu.txt: file truncated
08/01/2024-08:54:09'638, 0.487805, 1.92308, 0, 0, 0
tail: cpu.txt: file truncated
08/01/2024-08:54:40'333, 0.970874, 1.92308, 0, 1.92308, 0
tail: cpu.txt: file truncated
08/01/2024-08:55:11'026, 0.97561, 3.84615, 0, 0, 0
tail: cpu.txt: file truncated
08/01/2024-08:55:41'721, 1.44231, 0, 3.77358, 0, 1.92308
tail: cpu.txt: file truncated
08/01/2024-08:56:12'408, 17.8744, 17.3077, 17.6471, 15.6863, 20.7547
tail: cpu.txt: file truncated
08/01/2024-08:56:43'013, 0.985222, 0, 0, 1.96078, 1.96078
tail: cpu.txt: file truncated
08/01/2024-08:57:13'634, 21.9512, 21.5686, 20, 21.5686, 24.5283
tail: cpu.txt: file truncated
08/01/2024-08:57:44'261, 1.44928, 1.96078, 1.92308, 1.92308, 0
tail: cpu.txt: file truncated
08/01/2024-08:58:14'957, 1.44928, 0, 3.84615, 0, 1.92308
tail: cpu.txt: file truncated
08/01/2024-08:58:45'640, 0.492611, 1.96078, 0, 0, 0
tail: cpu.txt: file truncated
08/01/2024-08:59:16'247, 18.5366, 19.6078, 21.1538, 17.6471, 15.6863
tail: cpu.txt: file truncated
08/01/2024-08:59:46'874, 1.44231, 0, 1.88679, 1.92308, 1.92308
tail: cpu.txt: file truncated
08/01/2024-09:00:17'573, 0.970874, 1.92308, 0, 0, 1.92308
tail: cpu.txt: file truncated
08/01/2024-09:00:48'263, 4.39024, 1.96078, 1.92308, 13.4615, 0
tail: cpu.txt: file truncated
08/01/2024-09:01:18'890, 0.970874, 0, 0, 1.92308, 1.92308
tail: cpu.txt: file truncated
08/01/2024-09:01:49'574, 22.9268, 21.5686, 23.0769, 23.5294, 23.0769
tail: cpu.txt: file truncated
08/01/2024-09:02:20'201, 0.970874, 0, 0, 1.92308, 1.92308
tail: cpu.txt: file truncated
08/01/2024-09:02:50'895, 0.970874, 0, 1.92308, 1.96078, 0
tail: cpu.txt: file truncated
08/01/2024-09:03:21'580, 29.2079, 20, 36.5385, 30, 30
tail: cpu.txt: file truncated
08/01/2024-09:03:52'194, 0.487805, 0, 1.96078, 0, 0
tail: cpu.txt: file truncated
08/01/2024-09:04:22'924, 4.90196, 3.92157, 3.92157, 9.61538, 2
tail: cpu.txt: file truncated
08/01/2024-09:04:53'539, 0.487805, 0, 0, 0, 1.92308
tail: cpu.txt: file truncated
08/01/2024-09:05:24'232, 0.970874, 1.96078, 0, 1.92308, 0
tail: cpu.txt: file truncated
08/01/2024-09:05:54'957, 1.47059, 0, 1.96078, 1.88679, 1.96078
tail: cpu.txt: file truncated
08/01/2024-09:06:25'629, 31.6832, 30, 36, 30, 32
tail: cpu.txt: file truncated
08/01/2024-09:06:56'255, 1.93237, 3.84615, 0, 1.96078, 1.96078
tail: cpu.txt: file truncated
08/01/2024-09:07:26'973, 15.534, 14, 17.6471, 16.9811, 13.4615
tail: cpu.txt: file truncated
08/01/2024-09:07:57'583, 33.6585, 34, 32.6923, 34.6154, 32.6923
tail: cpu.txt: file truncated
08/01/2024-09:08:28'195, 0.492611, 1.92308, 0, 0, 0
tail: cpu.txt: file truncated
08/01/2024-09:08:58'881, 28.7129, 28, 27.451, 29.4118, 29.4118
tail: cpu.txt: file truncated
08/01/2024-09:09:29'508, 0.487805, 0, 0, 1.88679, 0
tail: cpu.txt: file truncated
08/01/2024-09:10:00'181, 0.980392, 1.96078, 0, 0, 1.96078
tail: cpu.txt: file truncated
08/01/2024-09:10:30'820, 30.198, 27.451, 36, 27.451, 30
tail: cpu.txt: file truncated
08/01/2024-09:11:01'434, 1.93237, 1.96078, 1.88679, 0, 3.84615
tail: cpu.txt: file truncated
08/01/2024-09:11:32'113, 12.1951, 12, 11.7647, 13.4615, 11.7647
tail: cpu.txt: file truncated
08/01/2024-09:12:02'746, 0.492611, 0, 1.92308, 0, 0
tail: cpu.txt: file truncated
08/01/2024-09:12:33'352, 18, 10, 38, 12.2449, 12
tail: cpu.txt: file truncated
08/01/2024-09:13:03'979, 0.487805, 0, 1.92308, 0, 0
tail: cpu.txt: file truncated
08/01/2024-09:13:34'701, 1.94175, 1.96078, 1.92308, 0, 3.84615
tail: cpu.txt: file truncated
08/01/2024-09:14:05'396, 10.1942, 9.80392, 11.5385, 7.84314, 11.5385
tail: cpu.txt: file truncated
08/01/2024-09:14:36'078, 0.490196, 0, 0, 1.92308, 0
tail: cpu.txt: file truncated
08/01/2024-09:15:06'757, 9.40594, 8.16327, 8.16327, 11.7647, 9.80392
tail: cpu.txt: file truncated
08/01/2024-09:15:37'364, 21, 22.9167, 23.5294, 21.5686, 16.6667
tail: cpu.txt: file truncated
08/01/2024-09:16:07'978, 0.487805, 0, 1.92308, 0, 0
tail: cpu.txt: file truncated
08/01/2024-09:16:38'672, 6.28019, 5.76923, 3.84615, 3.84615, 11.5385
tail: cpu.txt: file truncated
08/01/2024-09:17:09'348, 17.0732, 17.6471, 23.0769, 13.7255, 13.7255
tail: cpu.txt: file truncated
08/01/2024-09:17:40'025, 0.970874, 0, 0, 1.92308, 1.92308
tail: cpu.txt: file truncated
08/01/2024-09:18:10'718, 0.970874, 0, 0, 1.88679, 1.92308
tail: cpu.txt: file truncated
08/01/2024-09:18:41'411, 1.44928, 1.96078, 1.92308, 0, 1.92308
tail: cpu.txt: file truncated
08/01/2024-09:19:12'106, 0.966184, 1.92308, 0, 0, 1.96078
tail: cpu.txt: file truncated
08/01/2024-09:19:42'812, 2.94118, 1.96078, 1.96078, 7.84314, 0
tail: cpu.txt: file truncated
08/01/2024-09:20:13'425, 11.5, 10, 8, 21.5686, 6
tail: cpu.txt: file truncated
08/01/2024-09:20:44'042, 0.490196, 1.92308, 0, 0, 0
tail: cpu.txt: file truncated
08/01/2024-09:21:14'670, 0.97561, 1.96078, 0, 1.92308, 0
tail: cpu.txt: file truncated
08/01/2024-09:21:45'364, 1.92308, 1.96078, 0, 3.77358, 1.92308
tail: cpu.txt: file truncated
08/01/2024-09:22:16'072, 1.44928, 3.77358, 0, 0, 1.92308
tail: cpu.txt: file truncated
08/01/2024-09:22:46'766, 1.93237, 1.96078, 3.77358, 0, 1.88679
tail: cpu.txt: file truncated
08/01/2024-09:23:17'461, 2.39234, 1.96078, 1.92308, 3.77358, 1.92308
tail: cpu.txt: file truncated
08/01/2024-09:23:48'156, 61.6505, 90.1961, 52, 34.6154, 71.1538
tail: cpu.txt: file truncated
08/01/2024-09:24:18'771, 33.6634, 38.7755, 38, 38, 21.1538
tail: cpu.txt: file truncated
08/01/2024-09:24:49'411, 0.970874, 1.96078, 1.92308, 0, 0
tail: cpu.txt: file truncated
08/01/2024-09:25:20'114, 3.31754, 1.92308, 3.7037, 3.77358, 3.7037
tail: cpu.txt: file truncated
08/01/2024-09:25:50'795, 3.43137, 5.88235, 1.96078, 1.96078, 3.92157
tail: cpu.txt: file truncated
08/01/2024-09:26:21'477, 0.490196, 0, 0, 0, 1.92308
tail: cpu.txt: file truncated
08/01/2024-09:26:52'183, 2.92683, 3.92157, 3.92157, 3.92157, 0
tail: cpu.txt: file truncated
08/01/2024-09:27:22'876, 2.91262, 1.96078, 1.92308, 1.96078, 5.66038
tail: cpu.txt: file truncated
08/01/2024-09:27:53'574, 0.970874, 1.96078, 0, 1.92308, 0
tail: cpu.txt: file truncated
08/01/2024-09:28:24'271, 0.970874, 1.92308, 1.92308, 0, 0
tail: cpu.txt: file truncated
08/01/2024-09:28:54'965, 7.80488, 4, 7.69231, 11.5385, 7.84314
tail: cpu.txt: file truncated
08/01/2024-09:29:25'659, 1.44928, 0, 0, 3.84615, 1.92308
tail: cpu.txt: file truncated
08/01/2024-09:29:56'365, 1.45631, 1.96078, 1.92308, 0, 1.92308
tail: cpu.txt: file truncated
08/01/2024-09:30:27'053, 10.7477, 9.61538, 9.25926, 12.5, 11.1111
tail: cpu.txt: file truncated
08/01/2024-09:30:57'737, 0.492611, 0, 1.96078, 0, 0
tail: cpu.txt: file truncated
08/01/2024-09:31:28'448, 0.490196, 0, 1.92308, 0, 0
tail: cpu.txt: file truncated
08/01/2024-09:31:59'143, 2.91262, 1.96078, 1.92308, 3.84615, 3.92157
tail: cpu.txt: file truncated
08/01/2024-09:32:29'840, 0.970874, 1.96078, 0, 0, 1.92308
tail: cpu.txt: file truncated
08/01/2024-09:33:00'529, 1.45631, 1.92308, 1.88679, 1.96078, 0
tail: cpu.txt: file truncated
08/01/2024-09:33:31'223, 4.34783, 3.84615, 5.66038, 5.76923, 1.96078
tail: cpu.txt: file truncated
08/01/2024-09:34:01'917, 0.487805, 0, 0, 1.92308, 0
tail: cpu.txt: file truncated
08/01/2024-09:34:32'611, 3.86473, 1.96078, 1.96078, 5.66038, 5.76923
tail: cpu.txt: file truncated
08/01/2024-09:35:03'306, 5.28846, 3.84615, 7.54717, 5.76923, 3.92157
tail: cpu.txt: file truncated
08/01/2024-09:35:34'000, 0.970874, 0, 3.84615, 0, 0
tail: cpu.txt: file truncated
08/01/2024-09:36:04'689, 19.403, 17.6471, 23.5294, 12, 24
tail: cpu.txt: file truncated
08/01/2024-09:36:35'317, 7.88177, 8, 9.61538, 5.88235, 7.84314
tail: cpu.txt: file truncated
08/01/2024-09:37:05'988, 1.45631, 1.92308, 3.77358, 0, 0
tail: cpu.txt: file truncated
08/01/2024-09:37:36'673, 35.468, 41.1765, 40.3846, 21.5686, 37.2549
tail: cpu.txt: file truncated
08/01/2024-09:38:07'294, 0.487805, 0, 0, 0, 1.92308
tail: cpu.txt: file truncated
08/01/2024-09:38:37'980, 0.49505, 1.96078, 0, 0, 0
tail: cpu.txt: file truncated
08/01/2024-09:39:08'588, 10.0503, 4.16667, 6, 14, 15.3846
tail: cpu.txt: file truncated
08/01/2024-09:39:39'203, 1.44928, 0, 0, 3.77358, 1.92308
tail: cpu.txt: file truncated
08/01/2024-09:40:09'892, 14.4279, 18, 22.449, 6, 11.7647
tail: cpu.txt: file truncated
08/01/2024-09:40:40'519, 0.487805, 0, 1.92308, 0, 0
tail: cpu.txt: file truncated
08/01/2024-09:41:11'213, 1.45631, 1.96078, 0, 1.96078, 1.92308
tail: cpu.txt: file truncated
08/01/2024-09:41:41'896, 0.487805, 1.96078, 0, 0, 0
tail: cpu.txt: file truncated
08/01/2024-09:42:12'590, 1.45631, 1.96078, 1.92308, 1.92308, 0
tail: cpu.txt: file truncated
08/01/2024-09:42:43'282, 0.966184, 0, 0, 1.92308, 1.92308
tail: cpu.txt: file truncated
08/01/2024-09:43:13'974, 1.45631, 1.92308, 1.92308, 1.92308, 0
tail: cpu.txt: file truncated
08/01/2024-09:43:44'669, 0.487805, 0, 1.92308, 0, 0
tail: cpu.txt: file truncated
08/01/2024-09:44:15'363, 1.45631, 3.84615, 0, 1.92308, 0
tail: cpu.txt: file truncated
08/01/2024-09:44:46'060, 0.970874, 1.96078, 0, 1.92308, 0
tail: cpu.txt: file truncated
08/01/2024-09:45:16'735, 29.902, 30, 30.7692, 29.4118, 29.4118
tail: cpu.txt: file truncated
08/01/2024-09:45:47'373, 0.970874, 0, 0, 3.84615, 0
tail: cpu.txt: file truncated
08/01/2024-09:46:18'065, 0.980392, 0, 1.92308, 1.96078, 0
tail: cpu.txt: file truncated
08/01/2024-09:46:48'758, 26.3415, 26, 28.8462, 26, 25.4902
tail: cpu.txt: file truncated
08/01/2024-09:47:19'459, 0.970874, 0, 0, 1.92308, 1.96078
tail: cpu.txt: file truncated
08/01/2024-09:47:50'147, 82.2115, 86.2745, 84.6154, 81.1321, 78.4314
tail: cpu.txt: file truncated
08/01/2024-09:48:20'773, 0.970874, 1.96078, 0, 1.92308, 0
tail: cpu.txt: file truncated
08/01/2024-09:48:51'466, 0.970874, 0, 0, 3.77358, 0
tail: cpu.txt: file truncated
08/01/2024-09:49:22'172, 38.5366, 33.3333, 35.2941, 49.0196, 36.5385
tail: cpu.txt: file truncated
08/01/2024-09:49:52'803, 0.970874, 1.92308, 0, 0, 1.96078
tail: cpu.txt: file truncated
08/01/2024-09:50:23'497, 1.44928, 1.92308, 0, 1.92308, 1.96078
tail: cpu.txt: file truncated
08/01/2024-09:50:54'191, 0.97561, 0, 0, 1.92308, 1.96078
tail: cpu.txt: file truncated
08/01/2024-09:51:24'884, 0.970874, 0, 1.92308, 0, 1.92308
tail: cpu.txt: file truncated
08/01/2024-09:51:55'579, 1.44928, 1.92308, 0, 1.92308, 1.92308
tail: cpu.txt: file truncated
08/01/2024-09:52:26'260, 27.451, 45.098, 25.4902, 21.5686, 17.6471
tail: cpu.txt: file truncated
08/01/2024-09:52:56'916, 1.46341, 1.96078, 3.77358, 0, 0
tail: cpu.txt: file truncated
08/01/2024-09:53:27'612, 28.5714, 23.5294, 32.0755, 35.8491, 22.6415
tail: cpu.txt: file truncated
08/01/2024-09:53:58'294, 100, 100, 100, 100, 100
tail: cpu.txt: file truncated
08/01/2024-09:54:28'971, 0.97561, 0, 0, 1.92308, 1.96078
tail: cpu.txt: file truncated
08/01/2024-09:54:59'703, 47.5728, 49.0566, 54.902, 50, 35.2941
tail: cpu.txt: file truncated
08/01/2024-09:55:30'331, 1.44928, 0, 3.77358, 1.92308, 0
tail: cpu.txt: file truncated
08/01/2024-09:56:01'028, 0.485437, 0, 1.92308, 0, 0
tail: cpu.txt: file truncated
08/01/2024-09:56:31'768, 0.487805, 0, 1.92308, 0, 0
tail: cpu.txt: file truncated
08/01/2024-09:57:02'494, 0.961538, 1.92308, 0, 1.88679, 0
tail: cpu.txt: file truncated
08/01/2024-09:57:33'201, 13.3971, 13.4615, 13.4615, 13.4615, 13.4615
tail: cpu.txt: file truncated
08/01/2024-09:58:03'926, 2.42718, 1.96078, 1.92308, 0, 5.88235
tail: cpu.txt: file truncated
08/01/2024-09:58:34'630, 38.1643, 39.2157, 37.7358, 36.5385, 38.4615
tail: cpu.txt: file truncated
08/01/2024-09:59:05'277, 0.970874, 1.96078, 1.92308, 0, 0
tail: cpu.txt: file truncated
08/01/2024-09:59:35'981, 37.3786, 32.6923, 38.4615, 45.283, 32
tail: cpu.txt: file truncated
08/01/2024-10:00:06'636, 98.0583, 100, 98.0392, 96.1538, 96.1538
tail: cpu.txt: file truncated
08/01/2024-10:00:37'357, 32.1951, 33.3333, 32.6923, 31.3725, 31.3725
tail: cpu.txt: file truncated
08/01/2024-10:01:08'085, 0.970874, 0, 0, 1.92308, 1.92308
tail: cpu.txt: file truncated
08/01/2024-10:01:38'782, 1.93237, 3.84615, 1.96078, 0, 1.92308
tail: cpu.txt: file truncated
08/01/2024-10:02:09'477, 0.485437, 0, 0, 1.92308, 0
tail: cpu.txt: file truncated
08/01/2024-10:02:40'157, 0.490196, 0, 0, 0, 1.92308
tail: cpu.txt: file truncated
08/01/2024-10:03:10'851, 0.970874, 1.92308, 0, 0, 1.92308
tail: cpu.txt: file truncated
08/01/2024-10:03:41'531, 1.45631, 0, 1.88679, 1.92308, 1.96078
tail: cpu.txt: file truncated
08/01/2024-10:04:12'227, 0.485437, 0, 0, 1.92308, 0
tail: cpu.txt: file truncated
08/01/2024-10:04:42'915, 37.2549, 35.2941, 39.2157, 37.2549, 37.2549
tail: cpu.txt: file truncated
08/01/2024-10:05:13'541, 0.97561, 0, 1.92308, 1.96078, 0
tail: cpu.txt: file truncated
08/01/2024-10:05:44'217, 38.6139, 20, 47.0588, 23.5294, 64
tail: cpu.txt: file truncated
08/01/2024-10:06:14'844, 2.40385, 1.92308, 0, 3.84615, 3.77358
tail: cpu.txt: file truncated
08/01/2024-10:06:45'517, 26.3415, 28.8462, 25.4902, 25.4902, 25.4902
tail: cpu.txt: file truncated
08/01/2024-10:07:16'173, 0.966184, 1.96078, 0, 1.88679, 0
tail: cpu.txt: file truncated
08/01/2024-10:07:46'860, 86.1386, 86.2745, 86.2745, 86, 86
tail: cpu.txt: file truncated
08/01/2024-10:08:17'510, 8.37438, 2, 29.4118, 0, 1.96078
tail: cpu.txt: file truncated
08/01/2024-10:08:48'131, 0.970874, 0, 0, 1.96078, 1.92308
tail: cpu.txt: file truncated
08/01/2024-10:09:18'816, 66.0099, 63.4615, 61.2245, 70.5882, 68.6275
tail: cpu.txt: file truncated
08/01/2024-10:09:49'426, 100, 100, 100, 100, 100
tail: cpu.txt: file truncated
08/01/2024-10:10:20'132, 0.97561, 0, 0, 1.92308, 1.92308
tail: cpu.txt: file truncated
08/01/2024-10:10:50'828, 1.46341, 1.92308, 1.92308, 1.96078, 0
tail: cpu.txt: file truncated
08/01/2024-10:11:21'522, 0.966184, 0, 0, 0, 3.84615
tail: cpu.txt: file truncated
08/01/2024-10:11:52'217, 0.487805, 0, 1.92308, 0, 0
tail: cpu.txt: file truncated
08/01/2024-10:12:22'910, 0.970874, 1.92308, 0, 1.92308, 0
tail: cpu.txt: file truncated
08/01/2024-10:12:53'589, 37.5, 38, 34, 44, 34
tail: cpu.txt: file truncated
08/01/2024-10:13:24'215, 1.45631, 0, 3.77358, 1.92308, 0
tail: cpu.txt: file truncated
08/01/2024-10:13:54'910, 8.69565, 7.84314, 7.69231, 9.43396, 9.80392
tail: cpu.txt: file truncated
08/01/2024-10:14:25'581, 1.44928, 1.92308, 0, 1.92308, 1.92308
tail: cpu.txt: file truncated
08/01/2024-10:14:56'274, 1.93237, 0, 1.92308, 1.92308, 3.77358
tail: cpu.txt: file truncated
08/01/2024-10:15:26'967, 0.970874, 1.96078, 1.92308, 0, 0
tail: cpu.txt: file truncated
08/01/2024-10:15:57'662, 0.970874, 1.92308, 0, 0, 1.92308
tail: cpu.txt: file truncated
08/01/2024-10:16:28'347, 16.6667, 18.3673, 9.80392, 11.7647, 26.9231
tail: cpu.txt: file truncated
08/01/2024-10:16:58'957, 97.9798, 100, 95.9184, 97.9592, 98
tail: cpu.txt: file truncated
08/01/2024-10:17:29'570, 93.0693, 90, 92, 98, 94.1176
tail: cpu.txt: file truncated
08/01/2024-10:18:00'197, 41.8719, 43.1373, 41.1765, 41.1765, 41.1765
tail: cpu.txt: file truncated
08/01/2024-10:18:30'894, 11.2195, 1.96078, 0, 43.1373, 0
tail: cpu.txt: file truncated
08/01/2024-10:19:01'522, 1.44928, 0, 3.7037, 0, 1.92308
tail: cpu.txt: file truncated
08/01/2024-10:19:32'216, 1.92308, 3.84615, 1.92308, 0, 1.88679
tail: cpu.txt: file truncated
08/01/2024-10:20:02'911, 0.970874, 1.92308, 0, 1.92308, 0
tail: cpu.txt: file truncated
08/01/2024-10:20:33'634, 10.5263, 13.4615, 9.61538, 15.3846, 3.84615
tail: cpu.txt: file truncated
08/01/2024-10:21:04'239, 1.97044, 1.96078, 0, 1.92308, 3.92157
tail: cpu.txt: file truncated
08/01/2024-10:21:34'844, 0.492611, 0, 1.92308, 0, 0
tail: cpu.txt: file truncated
08/01/2024-10:22:05'526, 18.0905, 12, 28, 14.5833, 16.9811
tail: cpu.txt: file truncated
08/01/2024-10:22:36'153, 0.970874, 3.92157, 0, 0, 0
tail: cpu.txt: file truncated
08/01/2024-10:23:06'838, 14.5631, 15.3846, 9.80392, 22, 11.5385
tail: cpu.txt: file truncated
08/01/2024-10:23:37'464, 1.93237, 1.96078, 1.92308, 3.77358, 0
tail: cpu.txt: file truncated
08/01/2024-10:24:08'166, 22.8571, 23.0769, 23.0769, 20.7547, 24.5283
tail: cpu.txt: file truncated
08/01/2024-10:24:38'776, 25.3659, 27.451, 26.9231, 22, 25.4902
tail: cpu.txt: file truncated
08/01/2024-10:25:09'433, 0.970874, 0, 0, 1.92308, 1.92308
tail: cpu.txt: file truncated
08/01/2024-10:25:40'129, 6.69856, 5.66038, 13.7255, 1.92308, 5.76923
tail: cpu.txt: file truncated
08/01/2024-10:26:10'811, 8.82353, 20, 1.96078, 7.69231, 5.88235
tail: cpu.txt: file truncated
08/01/2024-10:26:41'446, 35.3234, 30, 30, 38, 44
tail: cpu.txt: file truncated
08/01/2024-10:27:12'059, 0.980392, 1.92308, 0, 0, 2
tail: cpu.txt: file truncated
08/01/2024-10:27:42'745, 2.41546, 2, 1.92308, 3.77358, 1.96078
tail: cpu.txt: file truncated
08/01/2024-10:28:13'405, 2.43902, 5.88235, 1.92308, 1.92308, 0
tail: cpu.txt: file truncated
08/01/2024-10:28:44'011, 12.3762, 21.5686, 5.88235, 16, 6
tail: cpu.txt: file truncated
08/01/2024-10:29:14'626, 0.490196, 0, 0, 1.92308, 0
tail: cpu.txt: file truncated
08/01/2024-10:29:45'300, 40.8867, 43.1373, 26, 50.9804, 44
tail: cpu.txt: file truncated
08/01/2024-10:30:15'942, 28.4314, 29.4118, 27.451, 30, 28
tail: cpu.txt: file truncated
08/01/2024-10:30:46'573, 0.970874, 0, 1.92308, 1.96078, 0
tail: cpu.txt: file truncated
08/01/2024-10:31:17'259, 6.43564, 1.96078, 21.5686, 0, 1.96078
tail: cpu.txt: file truncated
08/01/2024-10:31:47'892, 2.89855, 3.84615, 1.96078, 3.84615, 1.96078
tail: cpu.txt: file truncated
08/01/2024-10:32:18'574, 48.8372, 50, 52.7273, 47.2727, 45.283
tail: cpu.txt: file truncated
08/01/2024-10:32:49'225, 0.970874, 1.96078, 1.92308, 0, 0
tail: cpu.txt: file truncated
08/01/2024-10:33:19'906, 69.9029, 60.7843, 75, 73.0769, 70.5882
tail: cpu.txt: file truncated
08/01/2024-10:33:50'553, 30.622, 24.5283, 34.6154, 30.1887, 32.6923
tail: cpu.txt: file truncated
08/01/2024-10:34:21'212, 0.970874, 0, 0, 1.88679, 1.96078
tail: cpu.txt: file truncated
08/01/2024-10:34:51'950, 0.970874, 0, 0, 1.96078, 1.92308
tail: cpu.txt: file truncated
08/01/2024-10:35:22'621, 23.5294, 20, 22, 26.9231, 25.4902
tail: cpu.txt: file truncated
08/01/2024-10:35:53'250, 0.966184, 1.96078, 0, 1.92308, 0
tail: cpu.txt: file truncated
08/01/2024-10:36:23'965, 0.492611, 0, 1.96078, 0, 0
tail: cpu.txt: file truncated
08/01/2024-10:36:54'570, 15.4589, 15.6863, 11.5385, 20.7547, 13.7255
tail: cpu.txt: file truncated
08/01/2024-10:37:25'199, 0, 0, 0, 0, 0
tail: cpu.txt: file truncated
08/01/2024-10:37:55'884, 26.699, 25.4902, 24, 30.7692, 26.4151
tail: cpu.txt: file truncated
08/01/2024-10:38:26'502, 15.0485, 15.6863, 15.3846, 15.3846, 13.7255
tail: cpu.txt: file truncated
08/01/2024-10:38:57'214, 2.40385, 3.77358, 1.92308, 1.96078, 1.92308
tail: cpu.txt: file truncated
08/01/2024-10:39:27'900, 28.5, 26, 30, 18.3673, 38.4615
tail: cpu.txt: file truncated
08/01/2024-10:39:58'520, 4.9505, 3.92157, 3.92157, 7.84314, 3.92157
tail: cpu.txt: file truncated
08/01/2024-10:40:29'241, 0.492611, 1.96078, 0, 0, 0
tail: cpu.txt: file truncated
08/01/2024-10:40:59'916, 7.17703, 5.88235, 9.61538, 5.76923, 7.54717
tail: cpu.txt: file truncated
08/01/2024-10:41:30'603, 6.43564, 4, 4, 13.4615, 3.92157
tail: cpu.txt: file truncated
08/01/2024-10:42:01'271, 2.85714, 5.66038, 1.92308, 0, 3.77358
tail: cpu.txt: file truncated
08/01/2024-10:42:31'955, 16.5049, 15.3846, 13.7255, 17.3077, 19.6078
tail: cpu.txt: file truncated
08/01/2024-10:43:02'568, 0.487805, 1.96078, 0, 0, 0
tail: cpu.txt: file truncated
08/01/2024-10:43:33'255, 37.4384, 35.2941, 34.6154, 39.2157, 40
tail: cpu.txt: file truncated
08/01/2024-10:44:03'883, 0.970874, 0, 0, 1.88679, 1.92308
tail: cpu.txt: file truncated
08/01/2024-10:44:34'549, 0.492611, 2, 0, 0, 0
tail: cpu.txt: file truncated
08/01/2024-10:45:05'155, 12.5628, 10.2041, 15.6863, 13.7255, 10.2041
tail: cpu.txt: file truncated
08/01/2024-10:45:35'782, 0.970874, 1.92308, 0, 1.96078, 0
tail: cpu.txt: file truncated
08/01/2024-10:46:06'478, 0.970874, 3.84615, 0, 0, 0
tail: cpu.txt: file truncated
08/01/2024-10:46:37'161, 5.36585, 5.88235, 5.76923, 5.76923, 3.84615
tail: cpu.txt: file truncated
08/01/2024-10:47:07'846, 0.487805, 1.96078, 0, 0, 0
tail: cpu.txt: file truncated
08/01/2024-10:47:38'550, 11, 12, 11.7647, 10, 10
tail: cpu.txt: file truncated
08/01/2024-10:48:09'176, 0.970874, 0, 0, 1.88679, 1.92308
tail: cpu.txt: file truncated
08/01/2024-10:48:39'870, 0.970874, 1.96078, 0, 1.92308, 0
tail: cpu.txt: file truncated
08/01/2024-10:49:10'572, 10.2941, 22, 7.69231, 5.88235, 5.88235
tail: cpu.txt: file truncated
08/01/2024-10:49:41'206, 1.44928, 0, 1.96078, 3.77358, 0
tail: cpu.txt: file truncated
08/01/2024-10:50:11'899, 0.970874, 0, 0, 1.92308, 1.92308
tail: cpu.txt: file truncated
08/01/2024-10:50:42'584, 21.7822, 22, 20, 23.5294, 21.5686
tail: cpu.txt: file truncated
08/01/2024-10:51:13'212, 1.44928, 0, 0, 1.88679, 3.77358
tail: cpu.txt: file truncated
08/01/2024-10:51:43'906, 0.97561, 0, 0, 3.77358, 0
tail: cpu.txt: file truncated
08/01/2024-10:52:14'599, 1.45631, 1.96078, 0, 1.92308, 1.92308
tail: cpu.txt: file truncated
08/01/2024-10:52:45'295, 0.970874, 0, 1.92308, 0, 1.92308
tail: cpu.txt: file truncated
08/01/2024-10:53:15'989, 1.46341, 0, 1.92308, 3.77358, 0
tail: cpu.txt: file truncated
08/01/2024-10:53:46'684, 0.970874, 1.92308, 0, 1.96078, 0
tail: cpu.txt: file truncated
08/01/2024-10:54:17'381, 0.49505, 1.96078, 0, 0, 0
tail: cpu.txt: file truncated
08/01/2024-10:54:48'013, 5.7971, 3.92157, 7.54717, 5.76923, 5.88235
tail: cpu.txt: file truncated
08/01/2024-10:55:18'707, 0.970874, 0, 1.92308, 1.88679, 0
tail: cpu.txt: file truncated
08/01/2024-10:55:49'399, 0.966184, 1.96078, 0, 0, 1.92308
tail: cpu.txt: file truncated
08/01/2024-10:56:20'074, 25.2381, 25, 26.4151, 25.4902, 24.5283
tail: cpu.txt: file truncated
08/01/2024-10:56:50'701, 0.966184, 0, 1.92308, 0, 1.92308
tail: cpu.txt: file truncated
08/01/2024-10:57:21'398, 0.487805, 0, 1.92308, 0, 0
tail: cpu.txt: file truncated
08/01/2024-10:57:52'074, 13.3663, 12, 13.7255, 14, 13.7255
tail: cpu.txt: file truncated
08/01/2024-10:58:22'701, 1.44231, 1.96078, 0, 1.92308, 1.92308
tail: cpu.txt: file truncated
08/01/2024-10:58:53'435, 0.970874, 0, 0, 1.92308, 1.96078
tail: cpu.txt: file truncated
08/01/2024-10:59:24'115, 3.92157, 2, 3.92157, 5.88235, 3.92157
tail: cpu.txt: file truncated
08/01/2024-10:59:54'797, 0.490196, 0, 1.92308, 0, 0
tail: cpu.txt: file truncated
08/01/2024-11:00:25'478, 0.492611, 0, 0, 1.96078, 0
tail: cpu.txt: file truncated
08/01/2024-11:00:56'092, 8.33333, 9.80392, 3.92157, 9.61538, 9.61538
tail: cpu.txt: file truncated
08/01/2024-11:01:26'786, 1.44928, 0, 0, 1.92308, 3.77358
tail: cpu.txt: file truncated
08/01/2024-11:01:57'498, 1.45631, 3.92157, 1.88679, 0, 0
tail: cpu.txt: file truncated
08/01/2024-11:02:28'180, 6.79612, 5.88235, 5.88235, 7.69231, 7.84314
tail: cpu.txt: file truncated
08/01/2024-11:02:58'874, 1.44928, 0, 1.92308, 1.92308, 1.92308
tail: cpu.txt: file truncated
08/01/2024-11:03:29'555, 0.970874, 0, 1.92308, 0, 1.92308
tail: cpu.txt: file truncated
08/01/2024-11:04:00'248, 1.44928, 0, 3.77358, 0, 1.92308
tail: cpu.txt: file truncated
08/01/2024-11:04:30'941, 0.970874, 1.92308, 0, 1.88679, 0
tail: cpu.txt: file truncated
08/01/2024-11:05:01'627, 20.9756, 23.5294, 26, 17.3077, 17.3077
tail: cpu.txt: file truncated
08/01/2024-11:05:32'254, 0.970874, 0, 1.92308, 0, 1.92308
tail: cpu.txt: file truncated
08/01/2024-11:06:02'929, 0.492611, 1.96078, 0, 0, 0
tail: cpu.txt: file truncated
08/01/2024-11:06:33'548, 32.1951, 32, 34.6154, 31.3725, 30.7692
tail: cpu.txt: file truncated
08/01/2024-11:07:04'166, 3.94089, 0, 0, 1.96078, 13.4615
tail: cpu.txt: file truncated
08/01/2024-11:07:34'869, 0.97561, 0, 1.92308, 0, 1.92308
tail: cpu.txt: file truncated
08/01/2024-11:08:05'562, 1.44928, 0, 1.92308, 1.92308, 1.92308
tail: cpu.txt: file truncated
08/01/2024-11:08:36'244, 0.980392, 1.96078, 0, 0, 1.96078
tail: cpu.txt: file truncated
08/01/2024-11:09:06'937, 0.492611, 0, 0, 1.96078, 0
tail: cpu.txt: file truncated
08/01/2024-11:09:37'544, 21.2871, 17.6471, 25.4902, 22, 20
tail: cpu.txt: file truncated
08/01/2024-11:10:08'171, 1.45631, 0, 3.77358, 0, 1.92308
tail: cpu.txt: file truncated
08/01/2024-11:10:38'863, 22.1675, 24, 21.5686, 22, 21.1538
tail: cpu.txt: file truncated
08/01/2024-11:11:09'486, 31.3725, 30, 32.6923, 31.3725, 31.3725
tail: cpu.txt: file truncated
08/01/2024-11:11:40'164, 61.8812, 72.549, 60.7843, 58, 56
tail: cpu.txt: file truncated
08/01/2024-11:12:10'791, 0.970874, 1.92308, 0, 1.92308, 0
tail: cpu.txt: file truncated
08/01/2024-11:12:41'473, 20.8738, 22, 20.7547, 21.5686, 19.6078
tail: cpu.txt: file truncated
08/01/2024-11:13:12'099, 0.966184, 1.96078, 1.92308, 0, 0
tail: cpu.txt: file truncated
08/01/2024-11:13:42'794, 1.91388, 1.92308, 1.92308, 0, 3.7037
tail: cpu.txt: file truncated
08/01/2024-11:14:13'479, 20.9756, 28.3019, 19.6078, 19.6078, 16
tail: cpu.txt: file truncated
08/01/2024-11:14:44'094, 1.94175, 3.84615, 1.88679, 0, 1.96078
tail: cpu.txt: file truncated
08/01/2024-11:15:14'787, 0.490196, 0, 1.92308, 0, 0
tail: cpu.txt: file truncated
08/01/2024-11:15:45'482, 1.92308, 1.92308, 1.96078, 1.92308, 1.92308
tail: cpu.txt: file truncated
08/01/2024-11:16:16'163, 2.98507, 0, 2, 3.92157, 5.88235
tail: cpu.txt: file truncated
08/01/2024-11:16:46'861, 0.970874, 0, 1.96078, 1.92308, 0
tail: cpu.txt: file truncated
08/01/2024-11:17:17'557, 3.86473, 4, 3.77358, 3.84615, 3.84615
tail: cpu.txt: file truncated
08/01/2024-11:17:48'255, 12.4402, 15.3846, 11.5385, 11.5385, 11.5385
tail: cpu.txt: file truncated
08/01/2024-11:18:18'892, 1.44231, 1.96078, 0, 1.88679, 1.92308
tail: cpu.txt: file truncated
08/01/2024-11:18:49'567, 14.2857, 13.4615, 13.7255, 11.7647, 18
tail: cpu.txt: file truncated
08/01/2024-11:19:20'182, 0.97561, 0, 1.92308, 0, 1.92308
tail: cpu.txt: file truncated
08/01/2024-11:19:50'885, 1.44928, 1.92308, 0, 3.84615, 0
tail: cpu.txt: file truncated
08/01/2024-11:20:21'569, 0.490196, 1.96078, 0, 0, 0
tail: cpu.txt: file truncated
08/01/2024-11:20:52'252, 3.39806, 3.92157, 3.84615, 1.96078, 3.84615
tail: cpu.txt: file truncated
08/01/2024-11:21:22'884, 0.980392, 1.96078, 0, 0, 1.92308
tail: cpu.txt: file truncated
08/01/2024-11:21:53'490, 18.1373, 16, 19.6078, 18, 19.2308
tail: cpu.txt: file truncated
08/01/2024-11:22:24'117, 0.970874, 0, 1.92308, 1.96078, 0
tail: cpu.txt: file truncated
08/01/2024-11:22:54'804, 12.4378, 6, 15.6863, 17.6471, 10.2041
tail: cpu.txt: file truncated
08/01/2024-11:23:25'431, 0.970874, 0, 1.88679, 0, 1.92308
tail: cpu.txt: file truncated
08/01/2024-11:23:56'115, 6.31068, 7.54717, 5.76923, 3.92157, 7.84314
tail: cpu.txt: file truncated
08/01/2024-11:24:26'792, 8.82353, 1.92308, 0, 0, 33.3333
tail: cpu.txt: file truncated
08/01/2024-11:24:57'410, 13.7931, 7.84314, 11.7647, 28.8462, 6
tail: cpu.txt: file truncated
08/01/2024-11:25:28'026, 0.97561, 0, 1.92308, 1.96078, 0
tail: cpu.txt: file truncated
08/01/2024-11:25:58'715, 13.9303, 12, 18, 15.6863, 10
tail: cpu.txt: file truncated
08/01/2024-11:26:29'334, 9.90099, 9.80392, 8, 13.7255, 8
tail: cpu.txt: file truncated
08/01/2024-11:26:59'940, 0.492611, 1.92308, 0, 0, 0
tail: cpu.txt: file truncated
08/01/2024-11:27:30'569, 0.487805, 0, 1.92308, 0, 0
tail: cpu.txt: file truncated
08/01/2024-11:28:01'249, 5.33981, 3.92157, 3.92157, 5.76923, 9.43396
tail: cpu.txt: file truncated
08/01/2024-11:28:31'933, 13.4615, 15.6863, 9.80392, 13.4615, 15.0943
tail: cpu.txt: file truncated
08/01/2024-11:29:02'578, 0.487805, 0, 1.92308, 0, 0
tail: cpu.txt: file truncated
08/01/2024-11:29:33'272, 7.69231, 11.1111, 7.69231, 7.69231, 3.92157
tail: cpu.txt: file truncated
08/01/2024-11:30:03'969, 6.79612, 5.88235, 5.88235, 9.61538, 5.76923
tail: cpu.txt: file truncated
08/01/2024-11:30:34'652, 0.985222, 3.84615, 0, 0, 0
tail: cpu.txt: file truncated
08/01/2024-11:31:05'294, 15.4229, 14.2857, 15.6863, 14, 17.3077
tail: cpu.txt: file truncated
08/01/2024-11:31:35'922, 0.970874, 1.92308, 0, 1.92308, 0
tail: cpu.txt: file truncated
08/01/2024-11:32:06'616, 0.970874, 0, 3.84615, 0, 0
tail: cpu.txt: file truncated
08/01/2024-11:32:37'294, 24.3781, 24, 28, 24, 22.449
tail: cpu.txt: file truncated
08/01/2024-11:33:07'908, 0.487805, 0, 1.92308, 0, 0
tail: cpu.txt: file truncated
08/01/2024-11:33:38'606, 66.8342, 66, 68, 71.4286, 62
tail: cpu.txt: file truncated
08/01/2024-11:34:09'233, 1.44928, 0, 0, 1.92308, 3.84615
tail: cpu.txt: file truncated
08/01/2024-11:34:39'914, 2.94118, 1.96078, 9.80392, 0, 0
tail: cpu.txt: file truncated
08/01/2024-11:35:10'627, 8.867, 7.84314, 7.84314, 9.80392, 9.80392
tail: cpu.txt: file truncated
08/01/2024-11:35:41'256, 5.7971, 7.69231, 4, 3.92157, 7.54717
tail: cpu.txt: file truncated
08/01/2024-11:36:11'950, 1.44928, 1.92308, 1.92308, 0, 1.92308
tail: cpu.txt: file truncated
08/01/2024-11:36:42'665, 12.6214, 15.3846, 11.5385, 11.7647, 11.7647
tail: cpu.txt: file truncated
08/01/2024-11:37:13'294, 1.94175, 0, 3.84615, 1.92308, 1.92308
tail: cpu.txt: file truncated
08/01/2024-11:37:43'979, 12.0773, 11.7647, 13.4615, 9.61538, 13.4615
tail: cpu.txt: file truncated
08/01/2024-11:38:14'592, 29.902, 0, 94.1176, 23.5294, 1.96078
tail: cpu.txt: file truncated
08/01/2024-11:38:45'230, 1.44928, 1.96078, 1.92308, 1.92308, 0
tail: cpu.txt: file truncated
08/01/2024-11:39:15'910, 16.4251, 11.7647, 19.2308, 15.6863, 19.6078
tail: cpu.txt: file truncated
08/01/2024-11:39:46'594, 0.97561, 1.92308, 0, 1.92308, 0
tail: cpu.txt: file truncated
08/01/2024-11:40:17'252, 8.82353, 8.16327, 9.61538, 9.61538, 7.84314
tail: cpu.txt: file truncated
08/01/2024-11:40:47'871, 14.2157, 14.2857, 12, 13.4615, 17.3077
tail: cpu.txt: file truncated
08/01/2024-11:41:18'497, 0.487805, 0, 0, 0, 1.92308
tail: cpu.txt: file truncated
08/01/2024-11:41:49'181, 13.198, 10.2041, 8.16327, 14, 19.6078
tail: cpu.txt: file truncated
08/01/2024-11:42:19'811, 9.26829, 9.80392, 9.80392, 11.5385, 5.88235
tail: cpu.txt: file truncated
08/01/2024-11:42:50'499, 0.492611, 2, 0, 0, 0
tail: cpu.txt: file truncated
08/01/2024-11:43:21'129, 0.970874, 1.92308, 0, 1.92308, 0
tail: cpu.txt: file truncated
08/01/2024-11:43:51'813, 3.8835, 3.92157, 3.84615, 3.84615, 3.92157
tail: cpu.txt: file truncated
08/01/2024-11:44:22'494, 1.92308, 1.96078, 3.77358, 0, 1.92308
tail: cpu.txt: file truncated
08/01/2024-11:44:53'181, 34.3137, 35.2941, 32.0755, 31.3725, 38.7755
tail: cpu.txt: file truncated
08/01/2024-11:45:23'819, 0.485437, 0, 0, 0, 1.92308
tail: cpu.txt: file truncated
08/01/2024-11:45:54'535, 0.97561, 0, 0, 1.92308, 1.92308
tail: cpu.txt: file truncated
08/01/2024-11:46:25'229, 1.44928, 1.92308, 1.92308, 0, 1.92308
tail: cpu.txt: file truncated
08/01/2024-11:46:55'925, 8.13397, 13.4615, 7.69231, 5.76923, 5.76923
tail: cpu.txt: file truncated
08/01/2024-11:47:26'595, 0.490196, 0, 1.92308, 0, 0
tail: cpu.txt: file truncated
08/01/2024-11:47:57'241, 1.45631, 0, 1.92308, 1.92308, 1.88679
tail: cpu.txt: file truncated
08/01/2024-11:48:27'922, 0.970874, 1.92308, 0, 0, 1.92308
tail: cpu.txt: file truncated
08/01/2024-11:48:58'619, 14.4928, 9.80392, 15.3846, 15.3846, 17.3077
tail: cpu.txt: file truncated
08/01/2024-11:49:29'248, 0.97561, 0, 3.77358, 0, 0
tail: cpu.txt: file truncated
08/01/2024-11:49:59'941, 0.970874, 0, 1.92308, 0, 1.92308
tail: cpu.txt: file truncated
08/01/2024-11:50:30'629, 32.0574, 34.6154, 31.3725, 26.9231, 35.1852
tail: cpu.txt: file truncated
08/01/2024-11:51:01'257, 1.45631, 3.84615, 1.92308, 0, 0
tail: cpu.txt: file truncated
08/01/2024-11:51:31'953, 1.45631, 0, 3.84615, 1.88679, 0
tail: cpu.txt: file truncated
08/01/2024-11:52:02'641, 14.2857, 12.2449, 17.6471, 15.6863, 11.7647
tail: cpu.txt: file truncated
08/01/2024-11:52:33'256, 1.46341, 1.92308, 1.92308, 1.92308, 0
tail: cpu.txt: file truncated
08/01/2024-11:53:03'933, 2.45098, 0, 1.92308, 7.84314, 0
tail: cpu.txt: file truncated
08/01/2024-11:53:34'586, 11.7647, 10, 11.5385, 11.7647, 13.7255
tail: cpu.txt: file truncated
08/01/2024-11:54:05'268, 0.487805, 0, 0, 1.92308, 0
tail: cpu.txt: file truncated
08/01/2024-11:54:35'961, 0.970874, 1.96078, 0, 1.92308, 0
tail: cpu.txt: file truncated
08/01/2024-11:55:06'655, 9.2233, 9.61538, 9.80392, 9.61538, 7.84314
tail: cpu.txt: file truncated
08/01/2024-11:55:37'337, 6.86275, 9.80392, 5.88235, 6, 5.88235
tail: cpu.txt: file truncated
08/01/2024-11:56:08'031, 1.45631, 0, 0, 3.84615, 1.92308
tail: cpu.txt: file truncated
08/01/2024-11:56:38'719, 21.5686, 20, 23.5294, 21.5686, 21.1538
tail: cpu.txt: file truncated
08/01/2024-11:57:09'347, 0.487805, 1.96078, 0, 0, 0
tail: cpu.txt: file truncated
08/01/2024-11:57:40'043, 0.966184, 0, 1.92308, 1.96078, 0
tail: cpu.txt: file truncated
08/01/2024-11:58:10'723, 1.45631, 0, 3.77358, 1.92308, 0
tail: cpu.txt: file truncated
08/01/2024-11:58:41'428, 7.21154, 7.69231, 5.88235, 3.92157, 11.1111
tail: cpu.txt: file truncated
08/01/2024-11:59:12'035, 19.3237, 17.6471, 18.8679, 19.6078, 21.1538
tail: cpu.txt: file truncated
08/01/2024-11:59:42'642, 0.492611, 0, 1.96078, 0, 0
tail: cpu.txt: file truncated
08/01/2024-12:00:13'329, 15.7895, 12.963, 18.8679, 18, 13.4615
tail: cpu.txt: file truncated
08/01/2024-12:00:44'026, 1.93237, 0, 3.84615, 1.88679, 1.92308
tail: cpu.txt: file truncated
08/01/2024-12:01:14'721, 0.970874, 0, 1.92308, 0, 1.92308
tail: cpu.txt: file truncated
08/01/2024-12:01:45'417, 2.41546, 1.96078, 3.84615, 1.92308, 1.92308
tail: cpu.txt: file truncated
08/01/2024-12:02:16'100, 3.39806, 2, 1.96078, 3.84615, 5.66038
tail: cpu.txt: file truncated
08/01/2024-12:02:46'804, 1.44928, 1.96078, 1.96078, 0, 1.92308
tail: cpu.txt: file truncated
08/01/2024-12:03:17'502, 19.1176, 16, 19.6078, 16, 25
tail: cpu.txt: file truncated
08/01/2024-12:03:48'112, 17.734, 18, 15.6863, 17.3077, 19.6078
tail: cpu.txt: file truncated
08/01/2024-12:04:18'748, 0.970874, 0, 3.77358, 0, 0
tail: cpu.txt: file truncated
08/01/2024-12:04:49'441, 2.88462, 3.84615, 1.92308, 1.92308, 3.84615
tail: cpu.txt: file truncated
08/01/2024-12:05:20'115, 10.8911, 11.7647, 11.5385, 12, 8
tail: cpu.txt: file truncated
08/01/2024-12:05:50'724, 0.980392, 1.96078, 0, 1.92308, 0
tail: cpu.txt: file truncated
08/01/2024-12:06:21'351, 1.44928, 0, 1.92308, 1.92308, 1.88679
tail: cpu.txt: file truncated
08/01/2024-12:06:52'047, 1.93237, 3.92157, 0, 0, 3.77358
tail: cpu.txt: file truncated
08/01/2024-12:07:22'754, 0.970874, 0, 0, 1.92308, 1.92308
tail: cpu.txt: file truncated
08/01/2024-12:07:53'440, 23.7374, 22.449, 20.4082, 30.6122, 22
tail: cpu.txt: file truncated
08/01/2024-12:08:24'049, 15.2709, 0, 1.96078, 0, 58.8235
tail: cpu.txt: file truncated
08/01/2024-12:08:54'679, 0.97561, 3.84615, 0, 0, 0
tail: cpu.txt: file truncated
08/01/2024-12:09:25'362, 0.97561, 0, 0, 1.92308, 1.92308
tail: cpu.txt: file truncated
08/01/2024-12:09:56'056, 0.970874, 0, 1.92308, 1.88679, 0
tail: cpu.txt: file truncated
08/01/2024-12:10:26'743, 9.35961, 14, 4.08163, 3.84615, 15.6863
tail: cpu.txt: file truncated
08/01/2024-12:10:57'370, 0.966184, 0, 3.77358, 0, 0
tail: cpu.txt: file truncated
08/01/2024-12:11:28'091, 0.966184, 1.96078, 1.92308, 0, 0
tail: cpu.txt: file truncated
08/01/2024-12:11:58'786, 1.95122, 1.96078, 1.96078, 1.96078, 1.92308
tail: cpu.txt: file truncated
08/01/2024-12:12:29'480, 0.970874, 1.96078, 1.92308, 0, 0
tail: cpu.txt: file truncated
08/01/2024-12:13:00'182, 0.966184, 0, 1.92308, 1.92308, 0
tail: cpu.txt: file truncated
08/01/2024-12:13:30'866, 22.9268, 15.3846, 16.3265, 42.3077, 17.3077
tail: cpu.txt: file truncated
08/01/2024-12:14:01'494, 1.44928, 1.92308, 0, 1.88679, 1.92308
tail: cpu.txt: file truncated
08/01/2024-12:14:32'185, 1.93237, 1.92308, 1.92308, 1.92308, 1.92308
tail: cpu.txt: file truncated
08/01/2024-12:15:02'879, 7.24638, 6, 9.61538, 5.88235, 7.54717
tail: cpu.txt: file truncated
08/01/2024-12:15:33'554, 26.57, 100, 0, 3.77358, 3.84615
tail: cpu.txt: file truncated
08/01/2024-12:16:04'179, 19.9005, 22, 26.9231, 18, 12.2449
tail: cpu.txt: file truncated
08/01/2024-12:16:34'809, 5.85366, 6, 5.76923, 5.76923, 5.88235
tail: cpu.txt: file truncated
08/01/2024-12:17:05'445, 0.492611, 0, 0, 1.92308, 0
tail: cpu.txt: file truncated
08/01/2024-12:17:36'073, 2.88462, 3.84615, 1.92308, 1.96078, 3.77358
tail: cpu.txt: file truncated
08/01/2024-12:18:06'766, 1.44928, 1.96078, 3.77358, 0, 0
tail: cpu.txt: file truncated
08/01/2024-12:18:37'466, 12.1951, 10, 17.3077, 9.80392, 11.5385
tail: cpu.txt: file truncated
08/01/2024-12:19:08'073, 21.393, 31.3725, 22.449, 13.7255, 18.3673
tail: cpu.txt: file truncated
08/01/2024-12:19:38'701, 0.970874, 0, 1.92308, 0, 1.92308
tail: cpu.txt: file truncated
08/01/2024-12:20:09'393, 5.74163, 7.69231, 7.69231, 3.84615, 3.84615
tail: cpu.txt: file truncated
08/01/2024-12:20:40'089, 10.9005, 9.61538, 14.5455, 7.84314, 11.5385
tail: cpu.txt: file truncated
08/01/2024-12:21:10'770, 1.44928, 3.77358, 0, 1.92308, 0
tail: cpu.txt: file truncated
08/01/2024-12:21:41'464, 0.970874, 1.92308, 1.92308, 0, 0
tail: cpu.txt: file truncated
08/01/2024-12:22:12'158, 0.490196, 0, 1.92308, 0, 0
tail: cpu.txt: file truncated
08/01/2024-12:22:42'855, 0.970874, 0, 1.92308, 1.92308, 0
tail: cpu.txt: file truncated
08/01/2024-12:23:13'548, 0.487805, 0, 1.88679, 0, 0
tail: cpu.txt: file truncated
08/01/2024-12:23:44'245, 0.970874, 0, 1.92308, 1.96078, 0
tail: cpu.txt: file truncated
08/01/2024-12:24:14'939, 0.97561, 0, 1.92308, 1.92308, 0
tail: cpu.txt: file truncated
08/01/2024-12:24:45'635, 0.970874, 1.92308, 0, 1.96078, 0
tail: cpu.txt: file truncated
08/01/2024-12:25:16'332, 0.970874, 0, 1.92308, 1.92308, 0
tail: cpu.txt: file truncated
08/01/2024-12:25:47'028, 0.487805, 1.92308, 0, 0, 0
tail: cpu.txt: file truncated
08/01/2024-12:26:17'723, 0.970874, 0, 0, 1.92308, 1.92308
tail: cpu.txt: file truncated
08/01/2024-12:26:48'417, 0.487805, 0, 1.92308, 0, 0
tail: cpu.txt: file truncated
08/01/2024-12:27:19'112, 0.966184, 0, 1.92308, 0, 1.92308
tail: cpu.txt: file truncated
08/01/2024-12:27:49'808, 0.487805, 1.92308, 0, 0, 0
tail: cpu.txt: file truncated
08/01/2024-12:28:20'503, 1.44231, 1.92308, 1.92308, 1.92308, 0
tail: cpu.txt: file truncated
08/01/2024-12:28:51'197, 0.487805, 0, 1.88679, 0, 0
tail: cpu.txt: file truncated
08/01/2024-12:29:21'891, 0.966184, 0, 1.88679, 1.96078, 0
tail: cpu.txt: file truncated
08/01/2024-12:29:52'588, 0.490196, 1.96078, 0, 0, 0
tail: cpu.txt: file truncated
08/01/2024-12:30:23'283, 0.970874, 0, 1.92308, 1.92308, 0
tail: cpu.txt: file truncated
08/01/2024-12:30:53'977, 0.97561, 0, 0, 1.96078, 0
tail: cpu.txt: file truncated
08/01/2024-12:31:24'670, 0.966184, 0, 1.92308, 1.92308, 0
tail: cpu.txt: file truncated
08/01/2024-12:31:55'366, 2.39234, 3.77358, 3.77358, 1.92308, 0
tail: cpu.txt: file truncated
08/01/2024-12:32:26'065, 0.966184, 1.92308, 1.96078, 0, 0
tail: cpu.txt: file truncated
08/01/2024-12:32:56'761, 0.970874, 0, 1.92308, 0, 1.92308
tail: cpu.txt: file truncated
08/01/2024-12:33:27'458, 0.487805, 1.92308, 0, 0, 0
tail: cpu.txt: file truncated
08/01/2024-12:33:58'153, 0.970874, 0, 0, 1.92308, 1.88679
tail: cpu.txt: file truncated
08/01/2024-12:34:28'849, 0.487805, 0, 1.92308, 0, 0
tail: cpu.txt: file truncated
08/01/2024-12:34:59'545, 0.970874, 1.92308, 1.92308, 0, 0
tail: cpu.txt: file truncated
08/01/2024-12:35:30'241, 0.970874, 0, 1.92308, 0, 1.92308
tail: cpu.txt: file truncated
08/01/2024-12:36:00'936, 0.970874, 0, 1.92308, 0, 1.88679
tail: cpu.txt: file truncated
08/01/2024-12:36:31'631, 0.966184, 0, 1.92308, 0, 1.92308
tail: cpu.txt: file truncated
08/01/2024-12:37:02'326, 0.966184, 0, 3.77358, 0, 0
tail: cpu.txt: file truncated
08/01/2024-12:37:33'021, 0.970874, 1.96078, 0, 0, 1.92308
tail: cpu.txt: file truncated
08/01/2024-12:38:03'716, 1.44231, 1.92308, 3.77358, 0, 0
tail: cpu.txt: file truncated
08/01/2024-12:38:34'412, 1.45631, 1.96078, 0, 1.92308, 1.92308
tail: cpu.txt: file truncated
08/01/2024-12:39:05'106, 0.970874, 0, 3.77358, 0, 0
tail: cpu.txt: file truncated
08/01/2024-12:39:35'804, 0.97561, 1.96078, 0, 0, 1.96078
tail: cpu.txt: file truncated
08/01/2024-12:40:06'498, 0.487805, 1.92308, 0, 0, 0
tail: cpu.txt: file truncated
08/01/2024-12:40:37'193, 0.970874, 0, 1.92308, 1.92308, 0
tail: cpu.txt: file truncated
08/01/2024-12:41:07'889, 0.966184, 0, 1.96078, 1.92308, 0
tail: cpu.txt: file truncated
08/01/2024-12:41:38'583, 0.970874, 0, 1.92308, 0, 1.92308
tail: cpu.txt: file truncated
08/01/2024-12:42:09'281, 0.966184, 1.96078, 0, 1.92308, 0
tail: cpu.txt: file truncated
08/01/2024-12:42:39'977, 0.487805, 1.96078, 0, 0, 0
tail: cpu.txt: file truncated
08/01/2024-12:43:10'672, 0.970874, 0, 0, 1.96078, 1.92308
tail: cpu.txt: file truncated
08/01/2024-12:43:41'368, 0.487805, 1.96078, 0, 0, 0
tail: cpu.txt: file truncated
08/01/2024-12:44:12'061, 0.970874, 0, 1.92308, 0, 1.92308
tail: cpu.txt: file truncated
08/01/2024-12:44:42'756, 0.970874, 0, 0, 3.77358, 0
tail: cpu.txt: file truncated
08/01/2024-12:45:13'449, 0, 0, 0, 0, 0
tail: cpu.txt: file truncated
08/01/2024-12:45:44'143, 0.970874, 0, 1.92308, 1.92308, 0
tail: cpu.txt: file truncated
08/01/2024-12:46:14'840, 0.966184, 1.96078, 0, 1.92308, 0
tail: cpu.txt: file truncated
08/01/2024-12:46:45'535, 0.970874, 1.92308, 1.92308, 0, 0
tail: cpu.txt: file truncated
08/01/2024-12:47:16'231, 1.45631, 0, 1.92308, 0, 3.77358
tail: cpu.txt: file truncated
08/01/2024-12:47:46'927, 0.485437, 1.92308, 0, 0, 0
tail: cpu.txt: file truncated
08/01/2024-12:48:17'623, 1.92308, 0, 0, 1.96078, 5.55556
tail: cpu.txt: file truncated
08/01/2024-12:48:48'323, 0.970874, 0, 1.92308, 1.92308, 0
tail: cpu.txt: file truncated
08/01/2024-12:49:19'018, 0.487805, 1.96078, 0, 0, 0
tail: cpu.txt: file truncated
08/01/2024-12:49:49'713, 0.970874, 0, 1.92308, 1.92308, 0
tail: cpu.txt: file truncated
08/01/2024-12:50:20'407, 0.487805, 1.92308, 0, 0, 0
tail: cpu.txt: file truncated
08/01/2024-12:50:51'103, 0.966184, 0, 0, 3.84615, 0
tail: cpu.txt: file truncated
08/01/2024-12:51:21'797, 0.487805, 1.92308, 0, 0, 0
tail: cpu.txt: file truncated
08/01/2024-12:51:52'492, 0.970874, 0, 1.92308, 1.92308, 0
tail: cpu.txt: file truncated
08/01/2024-12:52:23'187, 0.487805, 1.92308, 0, 0, 0
tail: cpu.txt: file truncated
08/01/2024-12:52:53'883, 0.970874, 0, 1.92308, 0, 1.92308
tail: cpu.txt: file truncated
08/01/2024-12:53:24'578, 0.487805, 1.92308, 0, 0, 0
tail: cpu.txt: file truncated
08/01/2024-12:53:55'273, 1.44928, 0, 1.92308, 3.77358, 0
tail: cpu.txt: file truncated
08/01/2024-12:54:25'969, 0.966184, 0, 1.96078, 1.92308, 0
tail: cpu.txt: file truncated
08/01/2024-12:54:56'664, 0.970874, 0, 1.92308, 0, 1.92308
tail: cpu.txt: file truncated
08/01/2024-12:55:27'358, 0.487805, 0, 1.92308, 0, 0
tail: cpu.txt: file truncated
08/01/2024-12:55:58'052, 0.97561, 0, 1.92308, 0, 1.96078
tail: cpu.txt: file truncated
08/01/2024-12:56:28'748, 0.970874, 3.77358, 0, 0, 0
tail: cpu.txt: file truncated
08/01/2024-12:56:59'443, 1.44928, 0, 1.92308, 1.88679, 1.92308
tail: cpu.txt: file truncated
08/01/2024-12:57:30'143, 0.970874, 0, 1.88679, 0, 1.92308
tail: cpu.txt: file truncated
08/01/2024-12:58:00'838, 0.487805, 1.92308, 0, 0, 0
tail: cpu.txt: file truncated
08/01/2024-12:58:31'533, 0.966184, 0, 1.96078, 0, 1.92308
tail: cpu.txt: file truncated
08/01/2024-12:59:02'228, 0.487805, 1.92308, 0, 0, 0
tail: cpu.txt: file truncated
08/01/2024-12:59:32'923, 0.970874, 0, 1.96078, 0, 1.92308
tail: cpu.txt: file truncated
08/01/2024-13:00:03'617, 0.487805, 1.96078, 0, 0, 0
tail: cpu.txt: file truncated
08/01/2024-13:00:34'312, 0.970874, 0, 1.92308, 0, 1.92308
tail: cpu.txt: file truncated
08/01/2024-13:01:05'007, 0.487805, 1.96078, 0, 0, 0
tail: cpu.txt: file truncated
08/01/2024-13:01:35'703, 1.44928, 1.96078, 1.92308, 0, 1.92308
tail: cpu.txt: file truncated
08/01/2024-13:02:06'399, 0.966184, 0, 1.92308, 1.92308, 0
tail: cpu.txt: file truncated
08/01/2024-13:02:37'094, 1.44928, 3.84615, 1.92308, 0, 0
tail: cpu.txt: file truncated
08/01/2024-13:03:07'790, 0.966184, 0, 1.96078, 0, 1.92308
tail: cpu.txt: file truncated
08/01/2024-13:03:38'485, 0.97561, 0, 1.92308, 0, 1.92308
tail: cpu.txt: file truncated
08/01/2024-13:04:09'180, 0.970874, 1.92308, 0, 1.92308, 0
tail: cpu.txt: file truncated
08/01/2024-13:04:39'876, 1.45631, 2, 3.84615, 0, 0
tail: cpu.txt: file truncated
08/01/2024-13:05:10'571, 0.966184, 0, 1.92308, 1.92308, 0
tail: cpu.txt: file truncated
08/01/2024-13:05:41'267, 1.92308, 3.84615, 3.77358, 0, 0
tail: cpu.txt: file truncated
08/01/2024-13:06:11'968, 0.485437, 1.92308, 0, 0, 0
tail: cpu.txt: file truncated
08/01/2024-13:06:42'666, 0.970874, 0, 1.92308, 1.88679, 0
tail: cpu.txt: file truncated
08/01/2024-13:07:13'363, 0.970874, 0, 0, 0, 3.84615
tail: cpu.txt: file truncated
08/01/2024-13:07:44'056, 0.970874, 1.96078, 1.88679, 0, 0
tail: cpu.txt: file truncated
08/01/2024-13:08:14'749, 0.487805, 0, 0, 0, 1.92308
tail: cpu.txt: file truncated
08/01/2024-13:08:45'442, 0.970874, 1.96078, 0, 1.92308, 0
tail: cpu.txt: file truncated
08/01/2024-13:09:16'135, 0.966184, 0, 1.96078, 0, 1.88679
tail: cpu.txt: file truncated
08/01/2024-13:09:46'830, 0.970874, 1.92308, 0, 1.92308, 0
tail: cpu.txt: file truncated
08/01/2024-13:10:17'524, 0.970874, 1.92308, 0, 0, 1.92308
tail: cpu.txt: file truncated
08/01/2024-13:10:48'218, 0.485437, 0, 0, 0, 1.92308
tail: cpu.txt: file truncated
08/01/2024-13:11:18'911, 0.966184, 0, 1.96078, 0, 1.92308
tail: cpu.txt: file truncated
08/01/2024-13:11:49'610, 0.966184, 0, 1.92308, 1.92308, 0
tail: cpu.txt: file truncated
08/01/2024-13:12:20'309, 1.93237, 1.92308, 1.96078, 0, 3.84615
tail: cpu.txt: file truncated
08/01/2024-13:12:51'005, 0.970874, 0, 1.92308, 0, 1.88679
tail: cpu.txt: file truncated
08/01/2024-13:13:21'699, 1.93237, 1.96078, 1.92308, 3.77358, 0
tail: cpu.txt: file truncated
08/01/2024-13:13:52'393, 0.970874, 0, 1.92308, 0, 1.92308
tail: cpu.txt: file truncated
08/01/2024-13:14:23'089, 0.970874, 1.96078, 1.92308, 0, 0
tail: cpu.txt: file truncated
08/01/2024-13:14:53'786, 1.44928, 0, 3.84615, 0, 1.92308
tail: cpu.txt: file truncated
08/01/2024-13:15:24'481, 0.966184, 0, 0, 1.92308, 1.92308
tail: cpu.txt: file truncated
08/01/2024-13:15:55'176, 0.966184, 3.84615, 0, 0, 0
tail: cpu.txt: file truncated
08/01/2024-13:16:25'869, 0.970874, 1.92308, 1.92308, 0, 0
tail: cpu.txt: file truncated
08/01/2024-13:16:56'565, 0.970874, 1.96078, 0, 0, 1.92308
tail: cpu.txt: file truncated
08/01/2024-13:17:27'258, 0.485437, 0, 0, 0, 1.88679
tail: cpu.txt: file truncated
08/01/2024-13:17:57'953, 0.970874, 1.96078, 1.92308, 0, 0
tail: cpu.txt: file truncated
08/01/2024-13:18:28'647, 1.44231, 0, 1.96078, 0, 1.92308
tail: cpu.txt: file truncated
08/01/2024-13:18:59'341, 0.970874, 3.84615, 0, 0, 0
tail: cpu.txt: file truncated
08/01/2024-13:19:30'035, 0.970874, 1.96078, 0, 0, 1.88679
tail: cpu.txt: file truncated
08/01/2024-13:20:00'730, 0.970874, 0, 1.96078, 1.92308, 0
tail: cpu.txt: file truncated
08/01/2024-13:20:31'424, 0.966184, 1.96078, 0, 1.92308, 0
tail: cpu.txt: file truncated
08/01/2024-13:21:02'118, 0.97561, 1.96078, 0, 0, 1.92308
tail: cpu.txt: file truncated
08/01/2024-13:21:32'813, 0.970874, 1.92308, 0, 1.88679, 0
