29/10/23 18:26:45
/home/pi/reginaldojunior/experimentos/socket/mb-socket-dynamic/all-batches-5//elecNormNew-AdaptiveRandomForestExecutorMAXChunk-25-4-25-316
29/10/23 18:36:50
29/10/23 18:36:50
/home/pi/reginaldojunior/experimentos/socket/mb-socket-dynamic/all-batches-5//elecNormNew-LBagExecutorMAXChunk-25-4-25-524
29/10/23 18:43:20
29/10/23 18:43:20
/home/pi/reginaldojunior/experimentos/socket/mb-socket-dynamic/all-batches-5//elecNormNew-StreamingRandomPatchesExecutorMAXChunk-25-4-25-169
29/10/23 18:53:25
29/10/23 18:53:25
/home/pi/reginaldojunior/experimentos/socket/mb-socket-dynamic/all-batches-5//elecNormNew-OzaBagAdwinExecutorMAXChunk-25-4-25-1208
29/10/23 18:57:37
29/10/23 18:57:37
/home/pi/reginaldojunior/experimentos/socket/mb-socket-dynamic/all-batches-5//elecNormNew-OzaBagASHTExecutorMAXChunk-25-4-25-1496
29/10/23 18:59:52
29/10/23 18:59:52
/home/pi/reginaldojunior/experimentos/socket/mb-socket-dynamic/all-batches-5//elecNormNew-OzaBagExecutorMAXChunk-25-4-25-1664
29/10/23 19:01:50
29/10/23 19:01:50
/home/pi/reginaldojunior/experimentos/socket/mb-socket-dynamic/all-batches-5//covtypeNorm-AdaptiveRandomForestExecutorMAXChunk-25-4-25-207
29/10/23 19:11:55
29/10/23 19:11:55
/home/pi/reginaldojunior/experimentos/socket/mb-socket-dynamic/all-batches-5//covtypeNorm-LBagExecutorMAXChunk-25-4-25-150
29/10/23 19:22:02
29/10/23 19:22:02
/home/pi/reginaldojunior/experimentos/socket/mb-socket-dynamic/all-batches-5//covtypeNorm-StreamingRandomPatchesExecutorMAXChunk-25-4-25-68
29/10/23 19:32:07
29/10/23 19:32:08
/home/pi/reginaldojunior/experimentos/socket/mb-socket-dynamic/all-batches-5//covtypeNorm-OzaBagAdwinExecutorMAXChunk-25-4-25-283
29/10/23 19:42:14
29/10/23 19:42:14
/home/pi/reginaldojunior/experimentos/socket/mb-socket-dynamic/all-batches-5//covtypeNorm-OzaBagASHTExecutorMAXChunk-25-4-25-251
29/10/23 19:52:21
29/10/23 19:52:21
/home/pi/reginaldojunior/experimentos/socket/mb-socket-dynamic/all-batches-5//covtypeNorm-OzaBagExecutorMAXChunk-25-4-25-288
29/10/23 20:02:27
29/10/23 20:02:27
/home/pi/reginaldojunior/experimentos/socket/mb-socket-dynamic/all-batches-5//airlines-AdaptiveRandomForestExecutorMAXChunk-25-4-25-66
29/10/23 20:12:32
29/10/23 20:12:32
/home/pi/reginaldojunior/experimentos/socket/mb-socket-dynamic/all-batches-5//airlines-LBagExecutorMAXChunk-25-4-25-46
29/10/23 20:22:40
29/10/23 20:22:40
/home/pi/reginaldojunior/experimentos/socket/mb-socket-dynamic/all-batches-5//airlines-StreamingRandomPatchesExecutorMAXChunk-25-4-25-69
29/10/23 20:32:45
29/10/23 20:32:46
/home/pi/reginaldojunior/experimentos/socket/mb-socket-dynamic/all-batches-5//airlines-OzaBagAdwinExecutorMAXChunk-25-4-25-170
29/10/23 20:42:52
29/10/23 20:42:52
/home/pi/reginaldojunior/experimentos/socket/mb-socket-dynamic/all-batches-5//airlines-OzaBagASHTExecutorMAXChunk-25-4-25-177
29/10/23 20:52:59
29/10/23 20:52:59
/home/pi/reginaldojunior/experimentos/socket/mb-socket-dynamic/all-batches-5//airlines-OzaBagExecutorMAXChunk-25-4-25-170
29/10/23 21:03:10
29/10/23 21:03:11
/home/pi/reginaldojunior/experimentos/socket/mb-socket-dynamic/all-batches-5//GMSC-AdaptiveRandomForestExecutorMAXChunk-25-4-25-540
29/10/23 21:13:16
29/10/23 21:13:16
/home/pi/reginaldojunior/experimentos/socket/mb-socket-dynamic/all-batches-5//GMSC-LBagExecutorMAXChunk-25-4-25-716
29/10/23 21:23:23
29/10/23 21:23:23
/home/pi/reginaldojunior/experimentos/socket/mb-socket-dynamic/all-batches-5//GMSC-StreamingRandomPatchesExecutorMAXChunk-25-4-25-295
29/10/23 21:33:29
29/10/23 21:33:29
/home/pi/reginaldojunior/experimentos/socket/mb-socket-dynamic/all-batches-5//GMSC-OzaBagAdwinExecutorMAXChunk-25-4-25-1709
29/10/23 21:41:54
29/10/23 21:41:54
/home/pi/reginaldojunior/experimentos/socket/mb-socket-dynamic/all-batches-5//GMSC-OzaBagASHTExecutorMAXChunk-25-4-25-2263
29/10/23 21:47:29
29/10/23 21:47:29
/home/pi/reginaldojunior/experimentos/socket/mb-socket-dynamic/all-batches-5//GMSC-OzaBagExecutorMAXChunk-25-4-25-2260
29/10/23 21:51:36
29/10/23 21:51:36
/home/pi/reginaldojunior/experimentos/socket/mb-socket-dynamic/all-batches-5//elecNormNew-AdaptiveRandomForestExecutorMAXChunk-25-4-50-316
29/10/23 22:01:42
29/10/23 22:01:42
/home/pi/reginaldojunior/experimentos/socket/mb-socket-dynamic/all-batches-5//elecNormNew-LBagExecutorMAXChunk-25-4-50-524
29/10/23 22:05:56
29/10/23 22:05:56
/home/pi/reginaldojunior/experimentos/socket/mb-socket-dynamic/all-batches-5//elecNormNew-StreamingRandomPatchesExecutorMAXChunk-25-4-50-169
29/10/23 22:16:01
29/10/23 22:16:01
/home/pi/reginaldojunior/experimentos/socket/mb-socket-dynamic/all-batches-5//elecNormNew-OzaBagAdwinExecutorMAXChunk-25-4-50-1208
29/10/23 22:19:46
29/10/23 22:19:46
/home/pi/reginaldojunior/experimentos/socket/mb-socket-dynamic/all-batches-5//elecNormNew-OzaBagASHTExecutorMAXChunk-25-4-50-1496
29/10/23 22:22:21
29/10/23 22:22:21
/home/pi/reginaldojunior/experimentos/socket/mb-socket-dynamic/all-batches-5//elecNormNew-OzaBagExecutorMAXChunk-25-4-50-1664
29/10/23 22:23:29
29/10/23 22:23:29
/home/pi/reginaldojunior/experimentos/socket/mb-socket-dynamic/all-batches-5//covtypeNorm-AdaptiveRandomForestExecutorMAXChunk-25-4-50-207
29/10/23 22:33:35
29/10/23 22:33:35
/home/pi/reginaldojunior/experimentos/socket/mb-socket-dynamic/all-batches-5//covtypeNorm-LBagExecutorMAXChunk-25-4-50-150
29/10/23 22:43:41
29/10/23 22:43:41
/home/pi/reginaldojunior/experimentos/socket/mb-socket-dynamic/all-batches-5//covtypeNorm-StreamingRandomPatchesExecutorMAXChunk-25-4-50-68
29/10/23 22:53:47
29/10/23 22:53:47
/home/pi/reginaldojunior/experimentos/socket/mb-socket-dynamic/all-batches-5//covtypeNorm-OzaBagAdwinExecutorMAXChunk-25-4-50-283
29/10/23 23:03:54
29/10/23 23:03:54
/home/pi/reginaldojunior/experimentos/socket/mb-socket-dynamic/all-batches-5//covtypeNorm-OzaBagASHTExecutorMAXChunk-25-4-50-251
29/10/23 23:14:00
29/10/23 23:14:00
/home/pi/reginaldojunior/experimentos/socket/mb-socket-dynamic/all-batches-5//covtypeNorm-OzaBagExecutorMAXChunk-25-4-50-288
29/10/23 23:24:07
29/10/23 23:24:07
/home/pi/reginaldojunior/experimentos/socket/mb-socket-dynamic/all-batches-5//airlines-AdaptiveRandomForestExecutorMAXChunk-25-4-50-66
29/10/23 23:34:15
29/10/23 23:34:15
/home/pi/reginaldojunior/experimentos/socket/mb-socket-dynamic/all-batches-5//airlines-LBagExecutorMAXChunk-25-4-50-46
29/10/23 23:44:21
29/10/23 23:44:21
/home/pi/reginaldojunior/experimentos/socket/mb-socket-dynamic/all-batches-5//airlines-StreamingRandomPatchesExecutorMAXChunk-25-4-50-69
29/10/23 23:54:27
29/10/23 23:54:27
/home/pi/reginaldojunior/experimentos/socket/mb-socket-dynamic/all-batches-5//airlines-OzaBagAdwinExecutorMAXChunk-25-4-50-170
30/10/23 00:04:34
30/10/23 00:04:34
/home/pi/reginaldojunior/experimentos/socket/mb-socket-dynamic/all-batches-5//airlines-OzaBagASHTExecutorMAXChunk-25-4-50-177
30/10/23 00:14:40
30/10/23 00:14:40
/home/pi/reginaldojunior/experimentos/socket/mb-socket-dynamic/all-batches-5//airlines-OzaBagExecutorMAXChunk-25-4-50-170
30/10/23 00:24:49
30/10/23 00:24:49
/home/pi/reginaldojunior/experimentos/socket/mb-socket-dynamic/all-batches-5//GMSC-AdaptiveRandomForestExecutorMAXChunk-25-4-50-540
30/10/23 00:34:56
30/10/23 00:34:56
/home/pi/reginaldojunior/experimentos/socket/mb-socket-dynamic/all-batches-5//GMSC-LBagExecutorMAXChunk-25-4-50-716
30/10/23 00:45:03
30/10/23 00:45:03
/home/pi/reginaldojunior/experimentos/socket/mb-socket-dynamic/all-batches-5//GMSC-StreamingRandomPatchesExecutorMAXChunk-25-4-50-295
30/10/23 00:55:08
30/10/23 00:55:08
/home/pi/reginaldojunior/experimentos/socket/mb-socket-dynamic/all-batches-5//GMSC-OzaBagAdwinExecutorMAXChunk-25-4-50-1709
30/10/23 01:01:56
30/10/23 01:01:56
/home/pi/reginaldojunior/experimentos/socket/mb-socket-dynamic/all-batches-5//GMSC-OzaBagASHTExecutorMAXChunk-25-4-50-2263
30/10/23 01:07:18
30/10/23 01:07:18
/home/pi/reginaldojunior/experimentos/socket/mb-socket-dynamic/all-batches-5//GMSC-OzaBagExecutorMAXChunk-25-4-50-2260
30/10/23 01:09:40
30/10/23 01:09:40
/home/pi/reginaldojunior/experimentos/socket/mb-socket-dynamic/all-batches-5//elecNormNew-AdaptiveRandomForestExecutorMAXChunk-25-4-500-316
30/10/23 01:19:14
30/10/23 01:19:14
/home/pi/reginaldojunior/experimentos/socket/mb-socket-dynamic/all-batches-5//elecNormNew-LBagExecutorMAXChunk-25-4-500-524
30/10/23 01:25:12
30/10/23 01:25:12
/home/pi/reginaldojunior/experimentos/socket/mb-socket-dynamic/all-batches-5//elecNormNew-StreamingRandomPatchesExecutorMAXChunk-25-4-500-169
30/10/23 01:35:18
30/10/23 01:35:18
/home/pi/reginaldojunior/experimentos/socket/mb-socket-dynamic/all-batches-5//elecNormNew-OzaBagAdwinExecutorMAXChunk-25-4-500-1208
30/10/23 01:37:43
30/10/23 01:37:43
/home/pi/reginaldojunior/experimentos/socket/mb-socket-dynamic/all-batches-5//elecNormNew-OzaBagASHTExecutorMAXChunk-25-4-500-1496
30/10/23 01:39:57
30/10/23 01:39:57
/home/pi/reginaldojunior/experimentos/socket/mb-socket-dynamic/all-batches-5//elecNormNew-OzaBagExecutorMAXChunk-25-4-500-1664
30/10/23 01:42:25
30/10/23 01:42:25
/home/pi/reginaldojunior/experimentos/socket/mb-socket-dynamic/all-batches-5//covtypeNorm-AdaptiveRandomForestExecutorMAXChunk-25-4-500-207
30/10/23 01:52:31
30/10/23 01:52:31
/home/pi/reginaldojunior/experimentos/socket/mb-socket-dynamic/all-batches-5//covtypeNorm-LBagExecutorMAXChunk-25-4-500-150
30/10/23 02:02:37
30/10/23 02:02:37
/home/pi/reginaldojunior/experimentos/socket/mb-socket-dynamic/all-batches-5//covtypeNorm-StreamingRandomPatchesExecutorMAXChunk-25-4-500-68
30/10/23 02:12:43
30/10/23 02:12:43
/home/pi/reginaldojunior/experimentos/socket/mb-socket-dynamic/all-batches-5//covtypeNorm-OzaBagAdwinExecutorMAXChunk-25-4-500-283
30/10/23 02:22:50
30/10/23 02:22:50
/home/pi/reginaldojunior/experimentos/socket/mb-socket-dynamic/all-batches-5//covtypeNorm-OzaBagASHTExecutorMAXChunk-25-4-500-251
30/10/23 02:32:57
30/10/23 02:32:57
/home/pi/reginaldojunior/experimentos/socket/mb-socket-dynamic/all-batches-5//covtypeNorm-OzaBagExecutorMAXChunk-25-4-500-288
30/10/23 02:43:03
30/10/23 02:43:03
/home/pi/reginaldojunior/experimentos/socket/mb-socket-dynamic/all-batches-5//airlines-AdaptiveRandomForestExecutorMAXChunk-25-4-500-66
30/10/23 02:53:12
30/10/23 02:53:12
/home/pi/reginaldojunior/experimentos/socket/mb-socket-dynamic/all-batches-5//airlines-LBagExecutorMAXChunk-25-4-500-46
30/10/23 03:03:22
30/10/23 03:03:22
/home/pi/reginaldojunior/experimentos/socket/mb-socket-dynamic/all-batches-5//airlines-StreamingRandomPatchesExecutorMAXChunk-25-4-500-69
30/10/23 03:13:29
30/10/23 03:13:29
/home/pi/reginaldojunior/experimentos/socket/mb-socket-dynamic/all-batches-5//airlines-OzaBagAdwinExecutorMAXChunk-25-4-500-170
30/10/23 03:23:37
30/10/23 03:23:37
/home/pi/reginaldojunior/experimentos/socket/mb-socket-dynamic/all-batches-5//airlines-OzaBagASHTExecutorMAXChunk-25-4-500-177
30/10/23 03:33:44
30/10/23 03:33:44
/home/pi/reginaldojunior/experimentos/socket/mb-socket-dynamic/all-batches-5//airlines-OzaBagExecutorMAXChunk-25-4-500-170
30/10/23 03:43:55
30/10/23 03:43:55
/home/pi/reginaldojunior/experimentos/socket/mb-socket-dynamic/all-batches-5//GMSC-AdaptiveRandomForestExecutorMAXChunk-25-4-500-540
30/10/23 03:54:01
30/10/23 03:54:01
/home/pi/reginaldojunior/experimentos/socket/mb-socket-dynamic/all-batches-5//GMSC-LBagExecutorMAXChunk-25-4-500-716
30/10/23 04:04:08
30/10/23 04:04:08
/home/pi/reginaldojunior/experimentos/socket/mb-socket-dynamic/all-batches-5//GMSC-StreamingRandomPatchesExecutorMAXChunk-25-4-500-295
30/10/23 04:14:13
30/10/23 04:14:13
/home/pi/reginaldojunior/experimentos/socket/mb-socket-dynamic/all-batches-5//GMSC-OzaBagAdwinExecutorMAXChunk-25-4-500-1709
30/10/23 04:21:41
30/10/23 04:21:41
/home/pi/reginaldojunior/experimentos/socket/mb-socket-dynamic/all-batches-5//GMSC-OzaBagASHTExecutorMAXChunk-25-4-500-2263
30/10/23 04:25:32
30/10/23 04:25:32
/home/pi/reginaldojunior/experimentos/socket/mb-socket-dynamic/all-batches-5//GMSC-OzaBagExecutorMAXChunk-25-4-500-2260
30/10/23 04:28:33
30/10/23 04:28:33
/home/pi/reginaldojunior/experimentos/socket/mb-socket-dynamic/all-batches-5//elecNormNew-AdaptiveRandomForestExecutorMAXChunk-25-4-2000-316
30/10/23 04:38:39
30/10/23 04:38:39
/home/pi/reginaldojunior/experimentos/socket/mb-socket-dynamic/all-batches-5//elecNormNew-LBagExecutorMAXChunk-25-4-2000-524
30/10/23 04:47:01
30/10/23 04:47:01
/home/pi/reginaldojunior/experimentos/socket/mb-socket-dynamic/all-batches-5//elecNormNew-StreamingRandomPatchesExecutorMAXChunk-25-4-2000-169
30/10/23 04:57:07
30/10/23 04:57:07
/home/pi/reginaldojunior/experimentos/socket/mb-socket-dynamic/all-batches-5//elecNormNew-OzaBagAdwinExecutorMAXChunk-25-4-2000-1208
30/10/23 04:58:57
30/10/23 04:58:57
/home/pi/reginaldojunior/experimentos/socket/mb-socket-dynamic/all-batches-5//elecNormNew-OzaBagASHTExecutorMAXChunk-25-4-2000-1496
30/10/23 05:00:14
30/10/23 05:00:14
/home/pi/reginaldojunior/experimentos/socket/mb-socket-dynamic/all-batches-5//elecNormNew-OzaBagExecutorMAXChunk-25-4-2000-1664
30/10/23 05:01:27
30/10/23 05:01:27
/home/pi/reginaldojunior/experimentos/socket/mb-socket-dynamic/all-batches-5//covtypeNorm-AdaptiveRandomForestExecutorMAXChunk-25-4-2000-207
30/10/23 05:11:33
30/10/23 05:11:33
/home/pi/reginaldojunior/experimentos/socket/mb-socket-dynamic/all-batches-5//covtypeNorm-LBagExecutorMAXChunk-25-4-2000-150
30/10/23 05:21:44
30/10/23 05:21:44
/home/pi/reginaldojunior/experimentos/socket/mb-socket-dynamic/all-batches-5//covtypeNorm-StreamingRandomPatchesExecutorMAXChunk-25-4-2000-68
30/10/23 05:31:53
30/10/23 05:31:53
/home/pi/reginaldojunior/experimentos/socket/mb-socket-dynamic/all-batches-5//covtypeNorm-OzaBagAdwinExecutorMAXChunk-25-4-2000-283
30/10/23 05:42:00
30/10/23 05:42:00
/home/pi/reginaldojunior/experimentos/socket/mb-socket-dynamic/all-batches-5//covtypeNorm-OzaBagASHTExecutorMAXChunk-25-4-2000-251
30/10/23 05:52:08
30/10/23 05:52:08
/home/pi/reginaldojunior/experimentos/socket/mb-socket-dynamic/all-batches-5//covtypeNorm-OzaBagExecutorMAXChunk-25-4-2000-288
30/10/23 06:02:15
30/10/23 06:02:15
/home/pi/reginaldojunior/experimentos/socket/mb-socket-dynamic/all-batches-5//airlines-AdaptiveRandomForestExecutorMAXChunk-25-4-2000-66
30/10/23 06:12:24
30/10/23 06:12:24
/home/pi/reginaldojunior/experimentos/socket/mb-socket-dynamic/all-batches-5//airlines-LBagExecutorMAXChunk-25-4-2000-46
30/10/23 06:22:51
30/10/23 06:22:51
/home/pi/reginaldojunior/experimentos/socket/mb-socket-dynamic/all-batches-5//airlines-StreamingRandomPatchesExecutorMAXChunk-25-4-2000-69
30/10/23 06:33:18
30/10/23 06:33:18
/home/pi/reginaldojunior/experimentos/socket/mb-socket-dynamic/all-batches-5//airlines-OzaBagAdwinExecutorMAXChunk-25-4-2000-170
30/10/23 06:43:30
30/10/23 06:43:30
/home/pi/reginaldojunior/experimentos/socket/mb-socket-dynamic/all-batches-5//airlines-OzaBagASHTExecutorMAXChunk-25-4-2000-177
30/10/23 06:53:38
30/10/23 06:53:38
/home/pi/reginaldojunior/experimentos/socket/mb-socket-dynamic/all-batches-5//airlines-OzaBagExecutorMAXChunk-25-4-2000-170
30/10/23 07:03:56
30/10/23 07:03:56
/home/pi/reginaldojunior/experimentos/socket/mb-socket-dynamic/all-batches-5//GMSC-AdaptiveRandomForestExecutorMAXChunk-25-4-2000-540
30/10/23 07:14:03
30/10/23 07:14:03
/home/pi/reginaldojunior/experimentos/socket/mb-socket-dynamic/all-batches-5//GMSC-LBagExecutorMAXChunk-25-4-2000-716
30/10/23 07:24:10
30/10/23 07:24:10
/home/pi/reginaldojunior/experimentos/socket/mb-socket-dynamic/all-batches-5//GMSC-StreamingRandomPatchesExecutorMAXChunk-25-4-2000-295
30/10/23 07:34:17
30/10/23 07:34:17
/home/pi/reginaldojunior/experimentos/socket/mb-socket-dynamic/all-batches-5//GMSC-OzaBagAdwinExecutorMAXChunk-25-4-2000-1709
30/10/23 07:38:04
30/10/23 07:38:04
/home/pi/reginaldojunior/experimentos/socket/mb-socket-dynamic/all-batches-5//GMSC-OzaBagASHTExecutorMAXChunk-25-4-2000-2263
30/10/23 07:42:35
30/10/23 07:42:35
/home/pi/reginaldojunior/experimentos/socket/mb-socket-dynamic/all-batches-5//GMSC-OzaBagExecutorMAXChunk-25-4-2000-2260
30/10/23 07:48:22
