07/02/22 23:11:05
/home/pi/reginaldojunior/experimentos/results/socket/1000/1000/GMSC-AdaptiveRandomForestExecutorMAXChunk-25-4-50-32
07/02/22 23:11:17
07/02/22 23:11:17
07/02/22 23:12:42
07/02/22 23:12:52
/home/pi/reginaldojunior/experimentos/results/socket/1000/1000/elecNormNew-AdaptiveRandomForestExecutorMAXChunk-25-4-50-65
07/02/22 23:14:57
07/02/22 23:14:57
/home/pi/reginaldojunior/experimentos/results/socket/1000/1000/elecNormNew-AdaptiveRandomForestExecutorMAXChunk-25-4-50-325
07/02/22 23:17:02
07/02/22 23:17:02
/home/pi/reginaldojunior/experimentos/results/socket/1000/1000/elecNormNew-AdaptiveRandomForestExecutorMAXChunk-25-4-50-586
07/02/22 23:18:25
07/02/22 23:18:25
/home/pi/reginaldojunior/experimentos/results/socket/1000/1000/elecNormNew-LBagExecutorMAXChunk-25-4-50-112
07/02/22 23:20:31
07/02/22 23:20:31
/home/pi/reginaldojunior/experimentos/results/socket/1000/1000/elecNormNew-LBagExecutorMAXChunk-25-4-50-562
07/02/22 23:21:59
07/02/22 23:21:59
/home/pi/reginaldojunior/experimentos/results/socket/1000/1000/elecNormNew-LBagExecutorMAXChunk-25-4-50-1012
07/02/22 23:22:51
07/02/22 23:22:51
/home/pi/reginaldojunior/experimentos/results/socket/1000/1000/elecNormNew-StreamingRandomPatchesExecutorMAXChunk-25-4-50-37
07/02/22 23:24:55
07/02/22 23:24:55
/home/pi/reginaldojunior/experimentos/results/socket/1000/1000/elecNormNew-StreamingRandomPatchesExecutorMAXChunk-25-4-50-185
07/02/22 23:27:00
07/02/22 23:27:00
/home/pi/reginaldojunior/experimentos/results/socket/1000/1000/elecNormNew-StreamingRandomPatchesExecutorMAXChunk-25-4-50-333
07/02/22 23:29:05
07/02/22 23:29:05
/home/pi/reginaldojunior/experimentos/results/socket/1000/1000/elecNormNew-OzaBagAdwinExecutorMAXChunk-25-4-50-221
07/02/22 23:31:12
07/02/22 23:31:12
/home/pi/reginaldojunior/experimentos/results/socket/1000/1000/elecNormNew-OzaBagAdwinExecutorMAXChunk-25-4-50-1108
07/02/22 23:31:59
07/02/22 23:31:59
/home/pi/reginaldojunior/experimentos/results/socket/1000/1000/elecNormNew-OzaBagAdwinExecutorMAXChunk-25-4-50-1994
07/02/22 23:32:29
07/02/22 23:32:29
/home/pi/reginaldojunior/experimentos/results/socket/1000/1000/elecNormNew-OzaBagASHTExecutorMAXChunk-25-4-50-270
07/02/22 23:34:35
07/02/22 23:34:35
/home/pi/reginaldojunior/experimentos/results/socket/1000/1000/elecNormNew-OzaBagASHTExecutorMAXChunk-25-4-50-1350
07/02/22 23:35:15
07/02/22 23:35:15
/home/pi/reginaldojunior/experimentos/results/socket/1000/1000/elecNormNew-OzaBagASHTExecutorMAXChunk-25-4-50-2431
07/02/22 23:35:40
07/02/22 23:35:40
/home/pi/reginaldojunior/experimentos/results/socket/1000/1000/elecNormNew-OzaBagExecutorMAXChunk-25-4-50-266
07/02/22 23:37:47
07/02/22 23:37:47
/home/pi/reginaldojunior/experimentos/results/socket/1000/1000/elecNormNew-OzaBagExecutorMAXChunk-25-4-50-1332
07/02/22 23:38:27
07/02/22 23:38:27
/home/pi/reginaldojunior/experimentos/results/socket/1000/1000/elecNormNew-OzaBagExecutorMAXChunk-25-4-50-2398
07/02/22 23:38:53
07/02/22 23:38:53
/home/pi/reginaldojunior/experimentos/results/socket/1000/1000/covtypeNorm-AdaptiveRandomForestExecutorMAXChunk-25-4-50-56
07/02/22 23:40:58
07/02/22 23:40:58
/home/pi/reginaldojunior/experimentos/results/socket/1000/1000/covtypeNorm-AdaptiveRandomForestExecutorMAXChunk-25-4-50-283
07/02/22 23:43:03
07/02/22 23:43:03
/home/pi/reginaldojunior/experimentos/results/socket/1000/1000/covtypeNorm-AdaptiveRandomForestExecutorMAXChunk-25-4-50-509
07/02/22 23:45:08
07/02/22 23:45:08
/home/pi/reginaldojunior/experimentos/results/socket/1000/1000/covtypeNorm-LBagExecutorMAXChunk-25-4-50-38
07/02/22 23:47:15
07/02/22 23:47:15
/home/pi/reginaldojunior/experimentos/results/socket/1000/1000/covtypeNorm-LBagExecutorMAXChunk-25-4-50-194
07/02/22 23:49:22
07/02/22 23:49:22
/home/pi/reginaldojunior/experimentos/results/socket/1000/1000/covtypeNorm-LBagExecutorMAXChunk-25-4-50-349
07/02/22 23:51:28
07/02/22 23:51:28
/home/pi/reginaldojunior/experimentos/results/socket/1000/1000/covtypeNorm-StreamingRandomPatchesExecutorMAXChunk-25-4-50-11
07/02/22 23:53:34
07/02/22 23:53:34
/home/pi/reginaldojunior/experimentos/results/socket/1000/1000/covtypeNorm-StreamingRandomPatchesExecutorMAXChunk-25-4-50-58
07/02/22 23:55:40
07/02/22 23:55:40
/home/pi/reginaldojunior/experimentos/results/socket/1000/1000/covtypeNorm-StreamingRandomPatchesExecutorMAXChunk-25-4-50-104
07/02/22 23:57:46
07/02/22 23:57:46
/home/pi/reginaldojunior/experimentos/results/socket/1000/1000/covtypeNorm-OzaBagAdwinExecutorMAXChunk-25-4-50-61
07/02/22 23:59:52
07/02/22 23:59:52
/home/pi/reginaldojunior/experimentos/results/socket/1000/1000/covtypeNorm-OzaBagAdwinExecutorMAXChunk-25-4-50-309
08/02/22 00:01:59
08/02/22 00:01:59
/home/pi/reginaldojunior/experimentos/results/socket/1000/1000/covtypeNorm-OzaBagAdwinExecutorMAXChunk-25-4-50-557
08/02/22 00:04:06
08/02/22 00:04:06
/home/pi/reginaldojunior/experimentos/results/socket/1000/1000/covtypeNorm-OzaBagASHTExecutorMAXChunk-25-4-50-42
08/02/22 00:06:12
08/02/22 00:06:12
/home/pi/reginaldojunior/experimentos/results/socket/1000/1000/covtypeNorm-OzaBagASHTExecutorMAXChunk-25-4-50-212
08/02/22 00:08:19
08/02/22 00:08:19
/home/pi/reginaldojunior/experimentos/results/socket/1000/1000/covtypeNorm-OzaBagASHTExecutorMAXChunk-25-4-50-382
08/02/22 00:10:25
08/02/22 00:10:25
/home/pi/reginaldojunior/experimentos/results/socket/1000/1000/covtypeNorm-OzaBagExecutorMAXChunk-25-4-50-66
08/02/22 00:12:32
08/02/22 00:12:32
/home/pi/reginaldojunior/experimentos/results/socket/1000/1000/covtypeNorm-OzaBagExecutorMAXChunk-25-4-50-333
08/02/22 00:14:39
08/02/22 00:14:39
/home/pi/reginaldojunior/experimentos/results/socket/1000/1000/covtypeNorm-OzaBagExecutorMAXChunk-25-4-50-600
08/02/22 00:16:45
08/02/22 00:16:45
/home/pi/reginaldojunior/experimentos/results/socket/1000/1000/airlines-AdaptiveRandomForestExecutorMAXChunk-25-4-50-15
08/02/22 00:18:51
08/02/22 00:18:51
/home/pi/reginaldojunior/experimentos/results/socket/1000/1000/airlines-AdaptiveRandomForestExecutorMAXChunk-25-4-50-76
08/02/22 00:20:56
08/02/22 00:20:56
/home/pi/reginaldojunior/experimentos/results/socket/1000/1000/airlines-AdaptiveRandomForestExecutorMAXChunk-25-4-50-138
08/02/22 00:23:03
08/02/22 00:23:03
/home/pi/reginaldojunior/experimentos/results/socket/1000/1000/airlines-LBagExecutorMAXChunk-25-4-50-15
08/02/22 00:25:10
08/02/22 00:25:10
/home/pi/reginaldojunior/experimentos/results/socket/1000/1000/airlines-LBagExecutorMAXChunk-25-4-50-79
08/02/22 00:27:17
08/02/22 00:27:17
/home/pi/reginaldojunior/experimentos/results/socket/1000/1000/airlines-LBagExecutorMAXChunk-25-4-50-142
08/02/22 00:29:25
08/02/22 00:29:25
/home/pi/reginaldojunior/experimentos/results/socket/1000/1000/airlines-StreamingRandomPatchesExecutorMAXChunk-25-4-50-16
08/02/22 00:31:31
08/02/22 00:31:31
/home/pi/reginaldojunior/experimentos/results/socket/1000/1000/airlines-StreamingRandomPatchesExecutorMAXChunk-25-4-50-80
08/02/22 00:33:36
08/02/22 00:33:36
/home/pi/reginaldojunior/experimentos/results/socket/1000/1000/airlines-StreamingRandomPatchesExecutorMAXChunk-25-4-50-145
08/02/22 00:35:42
08/02/22 00:35:43
/home/pi/reginaldojunior/experimentos/results/socket/1000/1000/airlines-OzaBagAdwinExecutorMAXChunk-25-4-50-45
08/02/22 00:37:49
08/02/22 00:37:49
/home/pi/reginaldojunior/experimentos/results/socket/1000/1000/airlines-OzaBagAdwinExecutorMAXChunk-25-4-50-227
08/02/22 00:39:56
08/02/22 00:39:56
/home/pi/reginaldojunior/experimentos/results/socket/1000/1000/airlines-OzaBagAdwinExecutorMAXChunk-25-4-50-409
08/02/22 00:42:02
08/02/22 00:42:02
/home/pi/reginaldojunior/experimentos/results/socket/1000/1000/airlines-OzaBagASHTExecutorMAXChunk-25-4-50-82
08/02/22 00:44:09
08/02/22 00:44:09
/home/pi/reginaldojunior/experimentos/results/socket/1000/1000/airlines-OzaBagASHTExecutorMAXChunk-25-4-50-411
08/02/22 00:46:17
08/02/22 00:46:18
/home/pi/reginaldojunior/experimentos/results/socket/1000/1000/airlines-OzaBagASHTExecutorMAXChunk-25-4-50-740
08/02/22 00:48:25
08/02/22 00:48:25
/home/pi/reginaldojunior/experimentos/results/socket/1000/1000/airlines-OzaBagExecutorMAXChunk-25-4-50-70
08/02/22 00:50:31
08/02/22 00:50:31
/home/pi/reginaldojunior/experimentos/results/socket/1000/1000/airlines-OzaBagExecutorMAXChunk-25-4-50-354
08/02/22 00:52:38
08/02/22 00:52:38
/home/pi/reginaldojunior/experimentos/results/socket/1000/1000/airlines-OzaBagExecutorMAXChunk-25-4-50-638
08/02/22 00:54:46
08/02/22 00:54:46
/home/pi/reginaldojunior/experimentos/results/socket/1000/1000/GMSC-AdaptiveRandomForestExecutorMAXChunk-25-4-50-102
08/02/22 00:56:51
08/02/22 00:56:51
/home/pi/reginaldojunior/experimentos/results/socket/1000/1000/GMSC-AdaptiveRandomForestExecutorMAXChunk-25-4-50-512
08/02/22 00:58:56
08/02/22 00:58:56
/home/pi/reginaldojunior/experimentos/results/socket/1000/1000/GMSC-AdaptiveRandomForestExecutorMAXChunk-25-4-50-922
08/02/22 01:01:01
08/02/22 01:01:01
/home/pi/reginaldojunior/experimentos/results/socket/1000/1000/GMSC-LBagExecutorMAXChunk-25-4-50-168
08/02/22 01:03:07
08/02/22 01:03:07
/home/pi/reginaldojunior/experimentos/results/socket/1000/1000/GMSC-LBagExecutorMAXChunk-25-4-50-841
08/02/22 01:05:14
08/02/22 01:05:14
/home/pi/reginaldojunior/experimentos/results/socket/1000/1000/GMSC-LBagExecutorMAXChunk-25-4-50-1514
08/02/22 01:07:00
08/02/22 01:07:00
/home/pi/reginaldojunior/experimentos/results/socket/1000/1000/GMSC-StreamingRandomPatchesExecutorMAXChunk-25-4-50-60
08/02/22 01:09:05
08/02/22 01:09:05
/home/pi/reginaldojunior/experimentos/results/socket/1000/1000/GMSC-StreamingRandomPatchesExecutorMAXChunk-25-4-50-301
08/02/22 01:11:09
08/02/22 01:11:09
/home/pi/reginaldojunior/experimentos/results/socket/1000/1000/GMSC-StreamingRandomPatchesExecutorMAXChunk-25-4-50-542
08/02/22 01:13:15
08/02/22 01:13:15
/home/pi/reginaldojunior/experimentos/results/socket/1000/1000/GMSC-OzaBagAdwinExecutorMAXChunk-25-4-50-389
08/02/22 01:15:21
08/02/22 01:15:21
/home/pi/reginaldojunior/experimentos/results/socket/1000/1000/GMSC-OzaBagAdwinExecutorMAXChunk-25-4-50-1948
08/02/22 01:16:45
08/02/22 01:16:45
/home/pi/reginaldojunior/experimentos/results/socket/1000/1000/GMSC-OzaBagAdwinExecutorMAXChunk-25-4-50-3508
08/02/22 01:17:34
08/02/22 01:17:34
/home/pi/reginaldojunior/experimentos/results/socket/1000/1000/GMSC-OzaBagASHTExecutorMAXChunk-25-4-50-421
08/02/22 01:19:40
08/02/22 01:19:40
/home/pi/reginaldojunior/experimentos/results/socket/1000/1000/GMSC-OzaBagASHTExecutorMAXChunk-25-4-50-2105
08/02/22 01:20:58
08/02/22 01:20:58
/home/pi/reginaldojunior/experimentos/results/socket/1000/1000/GMSC-OzaBagASHTExecutorMAXChunk-25-4-50-3790
08/02/22 01:21:43
08/02/22 01:21:43
/home/pi/reginaldojunior/experimentos/results/socket/1000/1000/GMSC-OzaBagExecutorMAXChunk-25-4-50-388
08/02/22 01:23:50
08/02/22 01:23:50
/home/pi/reginaldojunior/experimentos/results/socket/1000/1000/GMSC-OzaBagExecutorMAXChunk-25-4-50-1941
08/02/22 01:25:14
08/02/22 01:25:14
/home/pi/reginaldojunior/experimentos/results/socket/1000/1000/GMSC-OzaBagExecutorMAXChunk-25-4-50-3495
08/02/22 01:26:03
08/02/22 01:26:03
/home/pi/reginaldojunior/experimentos/results/socket/1000/1000/elecNormNew-AdaptiveRandomForestExecutorMAXChunk-25-4-500-74
08/02/22 01:28:09
08/02/22 01:28:09
/home/pi/reginaldojunior/experimentos/results/socket/1000/1000/elecNormNew-AdaptiveRandomForestExecutorMAXChunk-25-4-500-371
08/02/22 01:30:14
08/02/22 01:30:14
/home/pi/reginaldojunior/experimentos/results/socket/1000/1000/elecNormNew-AdaptiveRandomForestExecutorMAXChunk-25-4-500-668
08/02/22 01:31:27
08/02/22 01:31:27
/home/pi/reginaldojunior/experimentos/results/socket/1000/1000/elecNormNew-LBagExecutorMAXChunk-25-4-500-126
08/02/22 01:33:34
08/02/22 01:33:34
/home/pi/reginaldojunior/experimentos/results/socket/1000/1000/elecNormNew-LBagExecutorMAXChunk-25-4-500-634
08/02/22 01:34:52
08/02/22 01:34:53
/home/pi/reginaldojunior/experimentos/results/socket/1000/1000/elecNormNew-LBagExecutorMAXChunk-25-4-500-1142
08/02/22 01:35:39
08/02/22 01:35:39
/home/pi/reginaldojunior/experimentos/results/socket/1000/1000/elecNormNew-StreamingRandomPatchesExecutorMAXChunk-25-4-500-41
08/02/22 01:37:45
08/02/22 01:37:45
/home/pi/reginaldojunior/experimentos/results/socket/1000/1000/elecNormNew-StreamingRandomPatchesExecutorMAXChunk-25-4-500-205
08/02/22 01:39:51
08/02/22 01:39:51
/home/pi/reginaldojunior/experimentos/results/socket/1000/1000/elecNormNew-StreamingRandomPatchesExecutorMAXChunk-25-4-500-370
08/02/22 01:41:56
08/02/22 01:41:56
/home/pi/reginaldojunior/experimentos/results/socket/1000/1000/elecNormNew-OzaBagAdwinExecutorMAXChunk-25-4-500-261
08/02/22 01:44:03
08/02/22 01:44:03
/home/pi/reginaldojunior/experimentos/results/socket/1000/1000/elecNormNew-OzaBagAdwinExecutorMAXChunk-25-4-500-1308
08/02/22 01:44:44
08/02/22 01:44:44
/home/pi/reginaldojunior/experimentos/results/socket/1000/1000/elecNormNew-OzaBagAdwinExecutorMAXChunk-25-4-500-2356
08/02/22 01:45:10
08/02/22 01:45:10
/home/pi/reginaldojunior/experimentos/results/socket/1000/1000/elecNormNew-OzaBagASHTExecutorMAXChunk-25-4-500-288
08/02/22 01:47:17
08/02/22 01:47:17
/home/pi/reginaldojunior/experimentos/results/socket/1000/1000/elecNormNew-OzaBagASHTExecutorMAXChunk-25-4-500-1442
08/02/22 01:47:54
08/02/22 01:47:54
/home/pi/reginaldojunior/experimentos/results/socket/1000/1000/elecNormNew-OzaBagASHTExecutorMAXChunk-25-4-500-2597
08/02/22 01:48:18
08/02/22 01:48:18
/home/pi/reginaldojunior/experimentos/results/socket/1000/1000/elecNormNew-OzaBagExecutorMAXChunk-25-4-500-297
08/02/22 01:50:25
08/02/22 01:50:25
/home/pi/reginaldojunior/experimentos/results/socket/1000/1000/elecNormNew-OzaBagExecutorMAXChunk-25-4-500-1487
08/02/22 01:51:02
08/02/22 01:51:02
/home/pi/reginaldojunior/experimentos/results/socket/1000/1000/elecNormNew-OzaBagExecutorMAXChunk-25-4-500-2677
08/02/22 01:51:27
08/02/22 01:51:27
/home/pi/reginaldojunior/experimentos/results/socket/1000/1000/covtypeNorm-AdaptiveRandomForestExecutorMAXChunk-25-4-500-61
08/02/22 01:53:33
08/02/22 01:53:33
/home/pi/reginaldojunior/experimentos/results/socket/1000/1000/covtypeNorm-AdaptiveRandomForestExecutorMAXChunk-25-4-500-307
08/02/22 01:55:37
08/02/22 01:55:37
/home/pi/reginaldojunior/experimentos/results/socket/1000/1000/covtypeNorm-AdaptiveRandomForestExecutorMAXChunk-25-4-500-554
08/02/22 01:57:42
08/02/22 01:57:42
/home/pi/reginaldojunior/experimentos/results/socket/1000/1000/covtypeNorm-LBagExecutorMAXChunk-25-4-500-46
08/02/22 01:59:50
08/02/22 01:59:50
/home/pi/reginaldojunior/experimentos/results/socket/1000/1000/covtypeNorm-LBagExecutorMAXChunk-25-4-500-230
08/02/22 02:01:56
08/02/22 02:01:56
/home/pi/reginaldojunior/experimentos/results/socket/1000/1000/covtypeNorm-LBagExecutorMAXChunk-25-4-500-415
08/02/22 02:04:03
08/02/22 02:04:03
/home/pi/reginaldojunior/experimentos/results/socket/1000/1000/covtypeNorm-StreamingRandomPatchesExecutorMAXChunk-25-4-500-12
08/02/22 02:06:10
08/02/22 02:06:10
/home/pi/reginaldojunior/experimentos/results/socket/1000/1000/covtypeNorm-StreamingRandomPatchesExecutorMAXChunk-25-4-500-62
08/02/22 02:08:17
08/02/22 02:08:17
/home/pi/reginaldojunior/experimentos/results/socket/1000/1000/covtypeNorm-StreamingRandomPatchesExecutorMAXChunk-25-4-500-112
08/02/22 02:10:23
08/02/22 02:10:23
/home/pi/reginaldojunior/experimentos/results/socket/1000/1000/covtypeNorm-OzaBagAdwinExecutorMAXChunk-25-4-500-73
08/02/22 02:12:31
08/02/22 02:12:31
/home/pi/reginaldojunior/experimentos/results/socket/1000/1000/covtypeNorm-OzaBagAdwinExecutorMAXChunk-25-4-500-366
08/02/22 02:14:38
08/02/22 02:14:38
/home/pi/reginaldojunior/experimentos/results/socket/1000/1000/covtypeNorm-OzaBagAdwinExecutorMAXChunk-25-4-500-658
08/02/22 02:16:44
08/02/22 02:16:45
/home/pi/reginaldojunior/experimentos/results/socket/1000/1000/covtypeNorm-OzaBagASHTExecutorMAXChunk-25-4-500-78
08/02/22 02:18:52
08/02/22 02:18:52
/home/pi/reginaldojunior/experimentos/results/socket/1000/1000/covtypeNorm-OzaBagASHTExecutorMAXChunk-25-4-500-391
08/02/22 02:20:59
08/02/22 02:20:59
/home/pi/reginaldojunior/experimentos/results/socket/1000/1000/covtypeNorm-OzaBagASHTExecutorMAXChunk-25-4-500-703
08/02/22 02:23:06
08/02/22 02:23:06
/home/pi/reginaldojunior/experimentos/results/socket/1000/1000/covtypeNorm-OzaBagExecutorMAXChunk-25-4-500-76
08/02/22 02:25:14
08/02/22 02:25:14
/home/pi/reginaldojunior/experimentos/results/socket/1000/1000/covtypeNorm-OzaBagExecutorMAXChunk-25-4-500-380
08/02/22 02:27:20
08/02/22 02:27:20
/home/pi/reginaldojunior/experimentos/results/socket/1000/1000/covtypeNorm-OzaBagExecutorMAXChunk-25-4-500-684
08/02/22 02:29:27
08/02/22 02:29:27
/home/pi/reginaldojunior/experimentos/results/socket/1000/1000/airlines-AdaptiveRandomForestExecutorMAXChunk-25-4-500-17
08/02/22 02:31:34
08/02/22 02:31:34
/home/pi/reginaldojunior/experimentos/results/socket/1000/1000/airlines-AdaptiveRandomForestExecutorMAXChunk-25-4-500-87
08/02/22 02:33:40
08/02/22 02:33:40
/home/pi/reginaldojunior/experimentos/results/socket/1000/1000/airlines-AdaptiveRandomForestExecutorMAXChunk-25-4-500-157
08/02/22 02:35:46
08/02/22 02:35:46
/home/pi/reginaldojunior/experimentos/results/socket/1000/1000/airlines-LBagExecutorMAXChunk-25-4-500-16
08/02/22 02:37:54
08/02/22 02:37:54
/home/pi/reginaldojunior/experimentos/results/socket/1000/1000/airlines-LBagExecutorMAXChunk-25-4-500-83
08/02/22 02:40:07
08/02/22 02:40:07
/home/pi/reginaldojunior/experimentos/results/socket/1000/1000/airlines-LBagExecutorMAXChunk-25-4-500-149
08/02/22 02:42:28
08/02/22 02:42:28
/home/pi/reginaldojunior/experimentos/results/socket/1000/1000/airlines-StreamingRandomPatchesExecutorMAXChunk-25-4-500-14
08/02/22 02:44:35
08/02/22 02:44:35
/home/pi/reginaldojunior/experimentos/results/socket/1000/1000/airlines-StreamingRandomPatchesExecutorMAXChunk-25-4-500-72
08/02/22 02:46:42
08/02/22 02:46:42
/home/pi/reginaldojunior/experimentos/results/socket/1000/1000/airlines-StreamingRandomPatchesExecutorMAXChunk-25-4-500-129
08/02/22 02:48:53
08/02/22 02:48:53
/home/pi/reginaldojunior/experimentos/results/socket/1000/1000/airlines-OzaBagAdwinExecutorMAXChunk-25-4-500-48
08/02/22 02:51:01
08/02/22 02:51:01
/home/pi/reginaldojunior/experimentos/results/socket/1000/1000/airlines-OzaBagAdwinExecutorMAXChunk-25-4-500-244
08/02/22 02:53:08
08/02/22 02:53:08
/home/pi/reginaldojunior/experimentos/results/socket/1000/1000/airlines-OzaBagAdwinExecutorMAXChunk-25-4-500-440
08/02/22 02:55:18
08/02/22 02:55:18
/home/pi/reginaldojunior/experimentos/results/socket/1000/1000/airlines-OzaBagASHTExecutorMAXChunk-25-4-500-98
08/02/22 02:57:26
08/02/22 02:57:26
/home/pi/reginaldojunior/experimentos/results/socket/1000/1000/airlines-OzaBagASHTExecutorMAXChunk-25-4-500-491
08/02/22 02:59:34
08/02/22 02:59:34
/home/pi/reginaldojunior/experimentos/results/socket/1000/1000/airlines-OzaBagASHTExecutorMAXChunk-25-4-500-884
08/02/22 03:01:45
08/02/22 03:01:45
/home/pi/reginaldojunior/experimentos/results/socket/1000/1000/airlines-OzaBagExecutorMAXChunk-25-4-500-73
08/02/22 03:03:53
08/02/22 03:03:53
/home/pi/reginaldojunior/experimentos/results/socket/1000/1000/airlines-OzaBagExecutorMAXChunk-25-4-500-368
08/02/22 03:06:08
08/02/22 03:06:08
/home/pi/reginaldojunior/experimentos/results/socket/1000/1000/airlines-OzaBagExecutorMAXChunk-25-4-500-663
08/02/22 03:08:15
08/02/22 03:08:15
/home/pi/reginaldojunior/experimentos/results/socket/1000/1000/GMSC-AdaptiveRandomForestExecutorMAXChunk-25-4-500-102
08/02/22 03:10:21
08/02/22 03:10:21
/home/pi/reginaldojunior/experimentos/results/socket/1000/1000/GMSC-AdaptiveRandomForestExecutorMAXChunk-25-4-500-512
08/02/22 03:12:27
08/02/22 03:12:27
/home/pi/reginaldojunior/experimentos/results/socket/1000/1000/GMSC-AdaptiveRandomForestExecutorMAXChunk-25-4-500-921
08/02/22 03:14:32
08/02/22 03:14:32
/home/pi/reginaldojunior/experimentos/results/socket/1000/1000/GMSC-LBagExecutorMAXChunk-25-4-500-173
08/02/22 03:16:38
08/02/22 03:16:38
/home/pi/reginaldojunior/experimentos/results/socket/1000/1000/GMSC-LBagExecutorMAXChunk-25-4-500-866
08/02/22 03:18:45
08/02/22 03:18:45
/home/pi/reginaldojunior/experimentos/results/socket/1000/1000/GMSC-LBagExecutorMAXChunk-25-4-500-1560
08/02/22 03:20:28
08/02/22 03:20:28
/home/pi/reginaldojunior/experimentos/results/socket/1000/1000/GMSC-StreamingRandomPatchesExecutorMAXChunk-25-4-500-66
08/02/22 03:22:34
08/02/22 03:22:34
/home/pi/reginaldojunior/experimentos/results/socket/1000/1000/GMSC-StreamingRandomPatchesExecutorMAXChunk-25-4-500-333
08/02/22 03:24:40
08/02/22 03:24:40
/home/pi/reginaldojunior/experimentos/results/socket/1000/1000/GMSC-StreamingRandomPatchesExecutorMAXChunk-25-4-500-599
08/02/22 03:26:45
08/02/22 03:26:45
/home/pi/reginaldojunior/experimentos/results/socket/1000/1000/GMSC-OzaBagAdwinExecutorMAXChunk-25-4-500-423
08/02/22 03:28:52
08/02/22 03:28:52
/home/pi/reginaldojunior/experimentos/results/socket/1000/1000/GMSC-OzaBagAdwinExecutorMAXChunk-25-4-500-2116
08/02/22 03:30:10
08/02/22 03:30:10
/home/pi/reginaldojunior/experimentos/results/socket/1000/1000/GMSC-OzaBagAdwinExecutorMAXChunk-25-4-500-3810
08/02/22 03:30:56
08/02/22 03:30:56
/home/pi/reginaldojunior/experimentos/results/socket/1000/1000/GMSC-OzaBagASHTExecutorMAXChunk-25-4-500-491
08/02/22 03:33:02
08/02/22 03:33:02
/home/pi/reginaldojunior/experimentos/results/socket/1000/1000/GMSC-OzaBagASHTExecutorMAXChunk-25-4-500-2459
08/02/22 03:34:10
08/02/22 03:34:10
/home/pi/reginaldojunior/experimentos/results/socket/1000/1000/GMSC-OzaBagASHTExecutorMAXChunk-25-4-500-4427
08/02/22 03:34:51
08/02/22 03:34:51
/home/pi/reginaldojunior/experimentos/results/socket/1000/1000/GMSC-OzaBagExecutorMAXChunk-25-4-500-455
08/02/22 03:36:57
08/02/22 03:36:57
/home/pi/reginaldojunior/experimentos/results/socket/1000/1000/GMSC-OzaBagExecutorMAXChunk-25-4-500-2275
08/02/22 03:38:10
08/02/22 03:38:10
/home/pi/reginaldojunior/experimentos/results/socket/1000/1000/GMSC-OzaBagExecutorMAXChunk-25-4-500-4096
08/02/22 03:38:53
08/02/22 03:38:53
/home/pi/reginaldojunior/experimentos/results/socket/1000/1000/elecNormNew-AdaptiveRandomForestExecutorMAXChunk-25-4-2000-76
08/02/22 03:40:59
08/02/22 03:40:59
/home/pi/reginaldojunior/experimentos/results/socket/1000/1000/elecNormNew-AdaptiveRandomForestExecutorMAXChunk-25-4-2000-382
08/02/22 03:43:04
08/02/22 03:43:04
/home/pi/reginaldojunior/experimentos/results/socket/1000/1000/elecNormNew-AdaptiveRandomForestExecutorMAXChunk-25-4-2000-689
08/02/22 03:44:17
08/02/22 03:44:17
/home/pi/reginaldojunior/experimentos/results/socket/1000/1000/elecNormNew-LBagExecutorMAXChunk-25-4-2000-130
08/02/22 03:46:24
08/02/22 03:46:24
/home/pi/reginaldojunior/experimentos/results/socket/1000/1000/elecNormNew-LBagExecutorMAXChunk-25-4-2000-650
08/02/22 03:47:41
08/02/22 03:47:41
/home/pi/reginaldojunior/experimentos/results/socket/1000/1000/elecNormNew-LBagExecutorMAXChunk-25-4-2000-1171
08/02/22 03:48:28
08/02/22 03:48:28
/home/pi/reginaldojunior/experimentos/results/socket/1000/1000/elecNormNew-StreamingRandomPatchesExecutorMAXChunk-25-4-2000-40
08/02/22 03:50:34
08/02/22 03:50:34
/home/pi/reginaldojunior/experimentos/results/socket/1000/1000/elecNormNew-StreamingRandomPatchesExecutorMAXChunk-25-4-2000-200
08/02/22 03:52:46
08/02/22 03:52:46
/home/pi/reginaldojunior/experimentos/results/socket/1000/1000/elecNormNew-StreamingRandomPatchesExecutorMAXChunk-25-4-2000-360
08/02/22 03:54:50
08/02/22 03:54:50
/home/pi/reginaldojunior/experimentos/results/socket/1000/1000/elecNormNew-OzaBagAdwinExecutorMAXChunk-25-4-2000-240
08/02/22 03:56:57
08/02/22 03:56:57
/home/pi/reginaldojunior/experimentos/results/socket/1000/1000/elecNormNew-OzaBagAdwinExecutorMAXChunk-25-4-2000-1200
08/02/22 03:57:42
08/02/22 03:57:42
/home/pi/reginaldojunior/experimentos/results/socket/1000/1000/elecNormNew-OzaBagAdwinExecutorMAXChunk-25-4-2000-2161
08/02/22 03:58:10
08/02/22 03:58:10
/home/pi/reginaldojunior/experimentos/results/socket/1000/1000/elecNormNew-OzaBagASHTExecutorMAXChunk-25-4-2000-261
08/02/22 04:00:17
08/02/22 04:00:17
/home/pi/reginaldojunior/experimentos/results/socket/1000/1000/elecNormNew-OzaBagASHTExecutorMAXChunk-25-4-2000-1308
08/02/22 04:00:59
08/02/22 04:00:59
/home/pi/reginaldojunior/experimentos/results/socket/1000/1000/elecNormNew-OzaBagASHTExecutorMAXChunk-25-4-2000-2354
08/02/22 04:01:24
08/02/22 04:01:24
/home/pi/reginaldojunior/experimentos/results/socket/1000/1000/elecNormNew-OzaBagExecutorMAXChunk-25-4-2000-283
08/02/22 04:03:31
08/02/22 04:03:31
/home/pi/reginaldojunior/experimentos/results/socket/1000/1000/elecNormNew-OzaBagExecutorMAXChunk-25-4-2000-1419
08/02/22 04:04:09
08/02/22 04:04:09
/home/pi/reginaldojunior/experimentos/results/socket/1000/1000/elecNormNew-OzaBagExecutorMAXChunk-25-4-2000-2554
08/02/22 04:04:37
08/02/22 04:04:37
/home/pi/reginaldojunior/experimentos/results/socket/1000/1000/covtypeNorm-AdaptiveRandomForestExecutorMAXChunk-25-4-2000-57
08/02/22 04:06:43
08/02/22 04:06:43
/home/pi/reginaldojunior/experimentos/results/socket/1000/1000/covtypeNorm-AdaptiveRandomForestExecutorMAXChunk-25-4-2000-286
08/02/22 04:08:50
08/02/22 04:08:50
/home/pi/reginaldojunior/experimentos/results/socket/1000/1000/covtypeNorm-AdaptiveRandomForestExecutorMAXChunk-25-4-2000-515
08/02/22 04:10:56
08/02/22 04:10:56
/home/pi/reginaldojunior/experimentos/results/socket/1000/1000/covtypeNorm-LBagExecutorMAXChunk-25-4-2000-40
08/02/22 04:13:04
08/02/22 04:13:04
/home/pi/reginaldojunior/experimentos/results/socket/1000/1000/covtypeNorm-LBagExecutorMAXChunk-25-4-2000-201
08/02/22 04:15:13
08/02/22 04:15:13
/home/pi/reginaldojunior/experimentos/results/socket/1000/1000/covtypeNorm-LBagExecutorMAXChunk-25-4-2000-362
08/02/22 04:17:20
08/02/22 04:17:20
/home/pi/reginaldojunior/experimentos/results/socket/1000/1000/covtypeNorm-StreamingRandomPatchesExecutorMAXChunk-25-4-2000-15
08/02/22 04:19:43
08/02/22 04:19:43
/home/pi/reginaldojunior/experimentos/results/socket/1000/1000/covtypeNorm-StreamingRandomPatchesExecutorMAXChunk-25-4-2000-78
08/02/22 04:21:55
08/02/22 04:21:55
/home/pi/reginaldojunior/experimentos/results/socket/1000/1000/covtypeNorm-StreamingRandomPatchesExecutorMAXChunk-25-4-2000-141
08/02/22 04:24:06
08/02/22 04:24:06
/home/pi/reginaldojunior/experimentos/results/socket/1000/1000/covtypeNorm-OzaBagAdwinExecutorMAXChunk-25-4-2000-64
08/02/22 04:26:18
08/02/22 04:26:18
/home/pi/reginaldojunior/experimentos/results/socket/1000/1000/covtypeNorm-OzaBagAdwinExecutorMAXChunk-25-4-2000-321
08/02/22 04:28:25
08/02/22 04:28:25
/home/pi/reginaldojunior/experimentos/results/socket/1000/1000/covtypeNorm-OzaBagAdwinExecutorMAXChunk-25-4-2000-579
08/02/22 04:30:33
08/02/22 04:30:33
/home/pi/reginaldojunior/experimentos/results/socket/1000/1000/covtypeNorm-OzaBagASHTExecutorMAXChunk-25-4-2000-78
08/02/22 04:32:43
08/02/22 04:32:43
/home/pi/reginaldojunior/experimentos/results/socket/1000/1000/covtypeNorm-OzaBagASHTExecutorMAXChunk-25-4-2000-394
08/02/22 04:34:51
08/02/22 04:34:51
/home/pi/reginaldojunior/experimentos/results/socket/1000/1000/covtypeNorm-OzaBagASHTExecutorMAXChunk-25-4-2000-710
08/02/22 04:36:58
08/02/22 04:36:58
/home/pi/reginaldojunior/experimentos/results/socket/1000/1000/covtypeNorm-OzaBagExecutorMAXChunk-25-4-2000-69
08/02/22 04:39:09
08/02/22 04:39:09
/home/pi/reginaldojunior/experimentos/results/socket/1000/1000/covtypeNorm-OzaBagExecutorMAXChunk-25-4-2000-348
08/02/22 04:41:17
08/02/22 04:41:17
/home/pi/reginaldojunior/experimentos/results/socket/1000/1000/covtypeNorm-OzaBagExecutorMAXChunk-25-4-2000-628
08/02/22 04:43:25
08/02/22 04:43:25
/home/pi/reginaldojunior/experimentos/results/socket/1000/1000/airlines-AdaptiveRandomForestExecutorMAXChunk-25-4-2000-17
08/02/22 04:45:57
08/02/22 04:45:57
/home/pi/reginaldojunior/experimentos/results/socket/1000/1000/airlines-AdaptiveRandomForestExecutorMAXChunk-25-4-2000-88
08/02/22 04:48:15
08/02/22 04:48:15
/home/pi/reginaldojunior/experimentos/results/socket/1000/1000/airlines-AdaptiveRandomForestExecutorMAXChunk-25-4-2000-158
08/02/22 04:50:21
08/02/22 04:50:21
/home/pi/reginaldojunior/experimentos/results/socket/1000/1000/airlines-LBagExecutorMAXChunk-25-4-2000-19
08/02/22 04:52:46
08/02/22 04:52:46
/home/pi/reginaldojunior/experimentos/results/socket/1000/1000/airlines-LBagExecutorMAXChunk-25-4-2000-97
08/02/22 05:35:55
08/02/22 05:35:55
/home/pi/reginaldojunior/experimentos/results/socket/1000/1000/airlines-LBagExecutorMAXChunk-25-4-2000-175
08/02/22 06:20:10
08/02/22 06:20:10
/home/pi/reginaldojunior/experimentos/results/socket/1000/1000/airlines-StreamingRandomPatchesExecutorMAXChunk-25-4-2000-17
08/02/22 06:22:43
08/02/22 06:22:43
/home/pi/reginaldojunior/experimentos/results/socket/1000/1000/airlines-StreamingRandomPatchesExecutorMAXChunk-25-4-2000-89
08/02/22 06:25:25
08/02/22 06:25:25
/home/pi/reginaldojunior/experimentos/results/socket/1000/1000/airlines-StreamingRandomPatchesExecutorMAXChunk-25-4-2000-160
08/02/22 06:27:47
08/02/22 06:27:47
/home/pi/reginaldojunior/experimentos/results/socket/1000/1000/airlines-OzaBagAdwinExecutorMAXChunk-25-4-2000-64
08/02/22 06:29:57
08/02/22 06:29:57
/home/pi/reginaldojunior/experimentos/results/socket/1000/1000/airlines-OzaBagAdwinExecutorMAXChunk-25-4-2000-323
08/02/22 06:32:17
08/02/22 06:32:17
/home/pi/reginaldojunior/experimentos/results/socket/1000/1000/airlines-OzaBagAdwinExecutorMAXChunk-25-4-2000-582
08/02/22 06:34:54
08/02/22 06:34:54
/home/pi/reginaldojunior/experimentos/results/socket/1000/1000/airlines-OzaBagASHTExecutorMAXChunk-25-4-2000-91
08/02/22 06:37:03
08/02/22 06:37:03
/home/pi/reginaldojunior/experimentos/results/socket/1000/1000/airlines-OzaBagASHTExecutorMAXChunk-25-4-2000-458
08/02/22 06:39:17
08/02/22 06:39:17
/home/pi/reginaldojunior/experimentos/results/socket/1000/1000/airlines-OzaBagASHTExecutorMAXChunk-25-4-2000-824
08/02/22 06:41:38
08/02/22 06:41:38
/home/pi/reginaldojunior/experimentos/results/socket/1000/1000/airlines-OzaBagExecutorMAXChunk-25-4-2000-89
08/02/22 06:43:47
08/02/22 06:43:47
/home/pi/reginaldojunior/experimentos/results/socket/1000/1000/airlines-OzaBagExecutorMAXChunk-25-4-2000-447
08/02/22 06:46:12
08/02/22 06:46:12
/home/pi/reginaldojunior/experimentos/results/socket/1000/1000/airlines-OzaBagExecutorMAXChunk-25-4-2000-805
08/02/22 06:48:46
08/02/22 06:48:46
/home/pi/reginaldojunior/experimentos/results/socket/1000/1000/GMSC-AdaptiveRandomForestExecutorMAXChunk-25-4-2000-108
08/02/22 06:50:52
08/02/22 06:50:52
/home/pi/reginaldojunior/experimentos/results/socket/1000/1000/GMSC-AdaptiveRandomForestExecutorMAXChunk-25-4-2000-543
08/02/22 06:52:57
08/02/22 06:52:57
/home/pi/reginaldojunior/experimentos/results/socket/1000/1000/GMSC-AdaptiveRandomForestExecutorMAXChunk-25-4-2000-977
08/02/22 06:55:03
08/02/22 06:55:03
/home/pi/reginaldojunior/experimentos/results/socket/1000/1000/GMSC-LBagExecutorMAXChunk-25-4-2000-165
08/02/22 06:57:09
08/02/22 06:57:09
/home/pi/reginaldojunior/experimentos/results/socket/1000/1000/GMSC-LBagExecutorMAXChunk-25-4-2000-826
08/02/22 06:59:16
08/02/22 06:59:16
/home/pi/reginaldojunior/experimentos/results/socket/1000/1000/GMSC-LBagExecutorMAXChunk-25-4-2000-1487
08/02/22 07:01:05
08/02/22 07:01:05
/home/pi/reginaldojunior/experimentos/results/socket/1000/1000/GMSC-StreamingRandomPatchesExecutorMAXChunk-25-4-2000-68
08/02/22 07:03:12
08/02/22 07:03:12
/home/pi/reginaldojunior/experimentos/results/socket/1000/1000/GMSC-StreamingRandomPatchesExecutorMAXChunk-25-4-2000-340
08/02/22 07:05:17
08/02/22 07:05:17
/home/pi/reginaldojunior/experimentos/results/socket/1000/1000/GMSC-StreamingRandomPatchesExecutorMAXChunk-25-4-2000-613
08/02/22 07:07:23
08/02/22 07:07:23
/home/pi/reginaldojunior/experimentos/results/socket/1000/1000/GMSC-OzaBagAdwinExecutorMAXChunk-25-4-2000-395
08/02/22 07:09:30
08/02/22 07:09:30
/home/pi/reginaldojunior/experimentos/results/socket/1000/1000/GMSC-OzaBagAdwinExecutorMAXChunk-25-4-2000-1979
08/02/22 07:10:53
08/02/22 07:10:53
/home/pi/reginaldojunior/experimentos/results/socket/1000/1000/GMSC-OzaBagAdwinExecutorMAXChunk-25-4-2000-3562
08/02/22 07:11:42
08/02/22 07:11:42
/home/pi/reginaldojunior/experimentos/results/socket/1000/1000/GMSC-OzaBagASHTExecutorMAXChunk-25-4-2000-476
08/02/22 07:13:48
08/02/22 07:13:48
/home/pi/reginaldojunior/experimentos/results/socket/1000/1000/GMSC-OzaBagASHTExecutorMAXChunk-25-4-2000-2380
08/02/22 07:14:58
08/02/22 07:14:58
/home/pi/reginaldojunior/experimentos/results/socket/1000/1000/GMSC-OzaBagASHTExecutorMAXChunk-25-4-2000-4285
08/02/22 07:15:40
08/02/22 07:15:40
/home/pi/reginaldojunior/experimentos/results/socket/1000/1000/GMSC-OzaBagExecutorMAXChunk-25-4-2000-450
08/02/22 07:17:46
08/02/22 07:17:46
/home/pi/reginaldojunior/experimentos/results/socket/1000/1000/GMSC-OzaBagExecutorMAXChunk-25-4-2000-2254
08/02/22 07:19:00
08/02/22 07:19:00
/home/pi/reginaldojunior/experimentos/results/socket/1000/1000/GMSC-OzaBagExecutorMAXChunk-25-4-2000-4058
08/02/22 07:19:44
