25/05/22 07:12:25
/home/pi/reginaldojunior/experimentos/results/socket/optimized/600/1200/airlines-AdaptiveRandomForestExecutorMAXChunk-25-4-5-18
25/05/22 07:14:30
25/05/22 07:14:30
/home/pi/reginaldojunior/experimentos/results/socket/optimized/600/1200/airlines-AdaptiveRandomForestExecutorMAXChunk-25-4-5-91
25/05/22 07:16:37
25/05/22 07:16:37
/home/pi/reginaldojunior/experimentos/results/socket/optimized/600/1200/airlines-AdaptiveRandomForestExecutorMAXChunk-25-4-5-165
25/05/22 07:18:44
25/05/22 07:18:44
/home/pi/reginaldojunior/experimentos/results/socket/optimized/600/1200/airlines-OzaBagExecutorMAXChunk-25-4-5-356
25/05/22 07:20:51
25/05/22 07:20:51
/home/pi/reginaldojunior/experimentos/results/socket/optimized/600/1200/airlines-OzaBagExecutorMAXChunk-25-4-5-1784
25/05/22 07:22:57
25/05/22 07:22:57
/home/pi/reginaldojunior/experimentos/results/socket/optimized/600/1200/airlines-OzaBagExecutorMAXChunk-25-4-5-3211
25/05/22 07:25:04
25/05/22 07:25:04
/home/pi/reginaldojunior/experimentos/results/socket/optimized/600/1200/elecNormNew-AdaptiveRandomForestExecutorMAXChunk-25-4-5-67
25/05/22 07:27:09
25/05/22 07:27:09
/home/pi/reginaldojunior/experimentos/results/socket/optimized/600/1200/elecNormNew-AdaptiveRandomForestExecutorMAXChunk-25-4-5-337
25/05/22 07:29:13
25/05/22 07:29:14
/home/pi/reginaldojunior/experimentos/results/socket/optimized/600/1200/elecNormNew-AdaptiveRandomForestExecutorMAXChunk-25-4-5-607
25/05/22 07:30:34
25/05/22 07:30:34
/home/pi/reginaldojunior/experimentos/results/socket/optimized/600/1200/elecNormNew-OzaBagExecutorMAXChunk-25-4-5-311
25/05/22 07:32:41
25/05/22 07:32:41
/home/pi/reginaldojunior/experimentos/results/socket/optimized/600/1200/elecNormNew-OzaBagExecutorMAXChunk-25-4-5-1558
25/05/22 07:33:17
25/05/22 07:33:17
/home/pi/reginaldojunior/experimentos/results/socket/optimized/600/1200/elecNormNew-OzaBagExecutorMAXChunk-25-4-5-2806
25/05/22 07:33:40
25/05/22 07:33:40
/home/pi/reginaldojunior/experimentos/results/socket/optimized/600/1200/airlines-AdaptiveRandomForestExecutorMAXChunk-25-4-15-18
25/05/22 07:35:46
25/05/22 07:35:46
/home/pi/reginaldojunior/experimentos/results/socket/optimized/600/1200/airlines-AdaptiveRandomForestExecutorMAXChunk-25-4-15-94
25/05/22 07:37:52
25/05/22 07:37:52
/home/pi/reginaldojunior/experimentos/results/socket/optimized/600/1200/airlines-AdaptiveRandomForestExecutorMAXChunk-25-4-15-170
25/05/22 07:39:59
25/05/22 07:39:59
/home/pi/reginaldojunior/experimentos/results/socket/optimized/600/1200/airlines-OzaBagExecutorMAXChunk-25-4-15-412
25/05/22 07:42:06
25/05/22 07:42:06
/home/pi/reginaldojunior/experimentos/results/socket/optimized/600/1200/airlines-OzaBagExecutorMAXChunk-25-4-15-2063
25/05/22 07:44:12
25/05/22 07:44:12
/home/pi/reginaldojunior/experimentos/results/socket/optimized/600/1200/airlines-OzaBagExecutorMAXChunk-25-4-15-3714
25/05/22 07:46:19
25/05/22 07:46:19
/home/pi/reginaldojunior/experimentos/results/socket/optimized/600/1200/elecNormNew-AdaptiveRandomForestExecutorMAXChunk-25-4-15-80
25/05/22 07:48:25
25/05/22 07:48:25
/home/pi/reginaldojunior/experimentos/results/socket/optimized/600/1200/elecNormNew-AdaptiveRandomForestExecutorMAXChunk-25-4-15-400
25/05/22 07:50:24
25/05/22 07:50:24
/home/pi/reginaldojunior/experimentos/results/socket/optimized/600/1200/elecNormNew-AdaptiveRandomForestExecutorMAXChunk-25-4-15-721
25/05/22 07:51:33
25/05/22 07:51:33
/home/pi/reginaldojunior/experimentos/results/socket/optimized/600/1200/elecNormNew-OzaBagExecutorMAXChunk-25-4-15-379
25/05/22 07:53:39
25/05/22 07:53:39
/home/pi/reginaldojunior/experimentos/results/socket/optimized/600/1200/elecNormNew-OzaBagExecutorMAXChunk-25-4-15-1899
25/05/22 07:54:10
25/05/22 07:54:10
/home/pi/reginaldojunior/experimentos/results/socket/optimized/600/1200/elecNormNew-OzaBagExecutorMAXChunk-25-4-15-3418
25/05/22 07:54:32
25/05/22 07:54:32
/home/pi/reginaldojunior/experimentos/results/socket/optimized/600/1200/airlines-AdaptiveRandomForestExecutorMAXChunk-25-4-25-19
25/05/22 07:56:37
25/05/22 07:56:37
/home/pi/reginaldojunior/experimentos/results/socket/optimized/600/1200/airlines-AdaptiveRandomForestExecutorMAXChunk-25-4-25-96
25/05/22 07:58:42
25/05/22 07:58:42
/home/pi/reginaldojunior/experimentos/results/socket/optimized/600/1200/airlines-AdaptiveRandomForestExecutorMAXChunk-25-4-25-173
25/05/22 08:00:48
25/05/22 08:00:48
/home/pi/reginaldojunior/experimentos/results/socket/optimized/600/1200/airlines-OzaBagExecutorMAXChunk-25-4-25-451
25/05/22 08:02:55
25/05/22 08:02:55
/home/pi/reginaldojunior/experimentos/results/socket/optimized/600/1200/airlines-OzaBagExecutorMAXChunk-25-4-25-2257
25/05/22 08:05:02
25/05/22 08:05:02
/home/pi/reginaldojunior/experimentos/results/socket/optimized/600/1200/airlines-OzaBagExecutorMAXChunk-25-4-25-4063
25/05/22 08:07:08
25/05/22 08:07:08
/home/pi/reginaldojunior/experimentos/results/socket/optimized/600/1200/elecNormNew-AdaptiveRandomForestExecutorMAXChunk-25-4-25-80
25/05/22 08:09:13
25/05/22 08:09:13
/home/pi/reginaldojunior/experimentos/results/socket/optimized/600/1200/elecNormNew-AdaptiveRandomForestExecutorMAXChunk-25-4-25-401
25/05/22 08:11:12
25/05/22 08:11:12
/home/pi/reginaldojunior/experimentos/results/socket/optimized/600/1200/elecNormNew-AdaptiveRandomForestExecutorMAXChunk-25-4-25-722
25/05/22 08:12:20
25/05/22 08:12:20
/home/pi/reginaldojunior/experimentos/results/socket/optimized/600/1200/elecNormNew-OzaBagExecutorMAXChunk-25-4-25-412
25/05/22 08:14:18
25/05/22 08:14:18
/home/pi/reginaldojunior/experimentos/results/socket/optimized/600/1200/elecNormNew-OzaBagExecutorMAXChunk-25-4-25-2061
25/05/22 08:14:46
25/05/22 08:14:46
/home/pi/reginaldojunior/experimentos/results/socket/optimized/600/1200/elecNormNew-OzaBagExecutorMAXChunk-25-4-25-3711
25/05/22 08:15:07
25/05/22 08:15:07
/home/pi/reginaldojunior/experimentos/results/socket/optimized/600/1200/airlines-AdaptiveRandomForestExecutorMAXChunk-25-4-50-19
25/05/22 08:17:13
25/05/22 08:17:13
/home/pi/reginaldojunior/experimentos/results/socket/optimized/600/1200/airlines-AdaptiveRandomForestExecutorMAXChunk-25-4-50-98
25/05/22 08:19:19
25/05/22 08:19:19
/home/pi/reginaldojunior/experimentos/results/socket/optimized/600/1200/airlines-AdaptiveRandomForestExecutorMAXChunk-25-4-50-177
25/05/22 08:21:25
25/05/22 08:21:25
/home/pi/reginaldojunior/experimentos/results/socket/optimized/600/1200/airlines-OzaBagExecutorMAXChunk-25-4-50-491
25/05/22 08:23:32
25/05/22 08:23:32
/home/pi/reginaldojunior/experimentos/results/socket/optimized/600/1200/airlines-OzaBagExecutorMAXChunk-25-4-50-2455
25/05/22 08:25:38
25/05/22 08:25:38
/home/pi/reginaldojunior/experimentos/results/socket/optimized/600/1200/airlines-OzaBagExecutorMAXChunk-25-4-50-4420
25/05/22 08:27:45
25/05/22 08:27:45
/home/pi/reginaldojunior/experimentos/results/socket/optimized/600/1200/elecNormNew-AdaptiveRandomForestExecutorMAXChunk-25-4-50-80
25/05/22 08:29:50
25/05/22 08:29:50
/home/pi/reginaldojunior/experimentos/results/socket/optimized/600/1200/elecNormNew-AdaptiveRandomForestExecutorMAXChunk-25-4-50-400
25/05/22 08:31:49
25/05/22 08:31:49
/home/pi/reginaldojunior/experimentos/results/socket/optimized/600/1200/elecNormNew-AdaptiveRandomForestExecutorMAXChunk-25-4-50-721
25/05/22 08:32:59
25/05/22 08:32:59
/home/pi/reginaldojunior/experimentos/results/socket/optimized/600/1200/elecNormNew-OzaBagExecutorMAXChunk-25-4-50-405
25/05/22 08:34:57
25/05/22 08:34:57
/home/pi/reginaldojunior/experimentos/results/socket/optimized/600/1200/elecNormNew-OzaBagExecutorMAXChunk-25-4-50-2029
25/05/22 08:35:26
25/05/22 08:35:26
/home/pi/reginaldojunior/experimentos/results/socket/optimized/600/1200/elecNormNew-OzaBagExecutorMAXChunk-25-4-50-3653
25/05/22 08:35:45
25/05/22 08:35:45
/home/pi/reginaldojunior/experimentos/results/socket/optimized/600/1200/airlines-AdaptiveRandomForestExecutorMAXChunk-25-4-75-20
25/05/22 08:37:51
25/05/22 08:37:51
/home/pi/reginaldojunior/experimentos/results/socket/optimized/600/1200/airlines-AdaptiveRandomForestExecutorMAXChunk-25-4-75-100
25/05/22 08:39:56
25/05/22 08:39:56
/home/pi/reginaldojunior/experimentos/results/socket/optimized/600/1200/airlines-AdaptiveRandomForestExecutorMAXChunk-25-4-75-181
25/05/22 08:42:02
25/05/22 08:42:02
/home/pi/reginaldojunior/experimentos/results/socket/optimized/600/1200/airlines-OzaBagExecutorMAXChunk-25-4-75-512
25/05/22 08:44:09
25/05/22 08:44:09
/home/pi/reginaldojunior/experimentos/results/socket/optimized/600/1200/airlines-OzaBagExecutorMAXChunk-25-4-75-2560
25/05/22 08:46:17
25/05/22 08:46:17
/home/pi/reginaldojunior/experimentos/results/socket/optimized/600/1200/airlines-OzaBagExecutorMAXChunk-25-4-75-4609
25/05/22 08:48:23
25/05/22 08:48:23
/home/pi/reginaldojunior/experimentos/results/socket/optimized/600/1200/elecNormNew-AdaptiveRandomForestExecutorMAXChunk-25-4-75-82
25/05/22 08:50:28
25/05/22 08:50:28
/home/pi/reginaldojunior/experimentos/results/socket/optimized/600/1200/elecNormNew-AdaptiveRandomForestExecutorMAXChunk-25-4-75-413
25/05/22 08:52:24
25/05/22 08:52:24
/home/pi/reginaldojunior/experimentos/results/socket/optimized/600/1200/elecNormNew-AdaptiveRandomForestExecutorMAXChunk-25-4-75-744
25/05/22 08:53:31
25/05/22 08:53:31
/home/pi/reginaldojunior/experimentos/results/socket/optimized/600/1200/elecNormNew-OzaBagExecutorMAXChunk-25-4-75-449
25/05/22 08:55:19
25/05/22 08:55:20
/home/pi/reginaldojunior/experimentos/results/socket/optimized/600/1200/elecNormNew-OzaBagExecutorMAXChunk-25-4-75-2248
25/05/22 08:55:46
25/05/22 08:55:46
/home/pi/reginaldojunior/experimentos/results/socket/optimized/600/1200/elecNormNew-OzaBagExecutorMAXChunk-25-4-75-4047
25/05/22 08:56:04
25/05/22 08:56:04
/home/pi/reginaldojunior/experimentos/results/socket/optimized/600/1200/airlines-AdaptiveRandomForestExecutorMAXChunk-25-4-100-20
25/05/22 08:58:09
25/05/22 08:58:09
/home/pi/reginaldojunior/experimentos/results/socket/optimized/600/1200/airlines-AdaptiveRandomForestExecutorMAXChunk-25-4-100-102
25/05/22 09:00:15
25/05/22 09:00:15
/home/pi/reginaldojunior/experimentos/results/socket/optimized/600/1200/airlines-AdaptiveRandomForestExecutorMAXChunk-25-4-100-183
25/05/22 09:02:21
25/05/22 09:02:21
/home/pi/reginaldojunior/experimentos/results/socket/optimized/600/1200/airlines-OzaBagExecutorMAXChunk-25-4-100-519
25/05/22 09:04:28
25/05/22 09:04:28
/home/pi/reginaldojunior/experimentos/results/socket/optimized/600/1200/airlines-OzaBagExecutorMAXChunk-25-4-100-2595
25/05/22 09:06:35
25/05/22 09:06:35
/home/pi/reginaldojunior/experimentos/results/socket/optimized/600/1200/airlines-OzaBagExecutorMAXChunk-25-4-100-4672
25/05/22 09:08:41
25/05/22 09:08:41
/home/pi/reginaldojunior/experimentos/results/socket/optimized/600/1200/elecNormNew-AdaptiveRandomForestExecutorMAXChunk-25-4-100-83
25/05/22 09:10:46
25/05/22 09:10:46
/home/pi/reginaldojunior/experimentos/results/socket/optimized/600/1200/elecNormNew-AdaptiveRandomForestExecutorMAXChunk-25-4-100-417
25/05/22 09:12:41
25/05/22 09:12:41
/home/pi/reginaldojunior/experimentos/results/socket/optimized/600/1200/elecNormNew-AdaptiveRandomForestExecutorMAXChunk-25-4-100-750
25/05/22 09:13:47
25/05/22 09:13:47
/home/pi/reginaldojunior/experimentos/results/socket/optimized/600/1200/elecNormNew-OzaBagExecutorMAXChunk-25-4-100-451
25/05/22 09:15:34
25/05/22 09:15:34
/home/pi/reginaldojunior/experimentos/results/socket/optimized/600/1200/elecNormNew-OzaBagExecutorMAXChunk-25-4-100-2258
25/05/22 09:16:01
25/05/22 09:16:01
/home/pi/reginaldojunior/experimentos/results/socket/optimized/600/1200/elecNormNew-OzaBagExecutorMAXChunk-25-4-100-4064
25/05/22 09:16:20
25/05/22 09:16:20
/home/pi/reginaldojunior/experimentos/results/socket/optimized/600/1200/airlines-AdaptiveRandomForestExecutorMAXChunk-25-4-250-22
25/05/22 09:18:27
25/05/22 09:18:27
/home/pi/reginaldojunior/experimentos/results/socket/optimized/600/1200/airlines-AdaptiveRandomForestExecutorMAXChunk-25-4-250-111
25/05/22 09:20:32
25/05/22 09:20:32
/home/pi/reginaldojunior/experimentos/results/socket/optimized/600/1200/airlines-AdaptiveRandomForestExecutorMAXChunk-25-4-250-200
25/05/22 09:22:42
25/05/22 09:22:42
/home/pi/reginaldojunior/experimentos/results/socket/optimized/600/1200/airlines-OzaBagExecutorMAXChunk-25-4-250-536
25/05/22 09:24:49
25/05/22 09:24:49
/home/pi/reginaldojunior/experimentos/results/socket/optimized/600/1200/airlines-OzaBagExecutorMAXChunk-25-4-250-2683
25/05/22 09:26:56
25/05/22 09:26:56
/home/pi/reginaldojunior/experimentos/results/socket/optimized/600/1200/airlines-OzaBagExecutorMAXChunk-25-4-250-4829
25/05/22 09:29:03
25/05/22 09:29:03
/home/pi/reginaldojunior/experimentos/results/socket/optimized/600/1200/elecNormNew-AdaptiveRandomForestExecutorMAXChunk-25-4-250-83
25/05/22 09:31:09
25/05/22 09:31:09
/home/pi/reginaldojunior/experimentos/results/socket/optimized/600/1200/elecNormNew-AdaptiveRandomForestExecutorMAXChunk-25-4-250-415
25/05/22 09:33:03
25/05/22 09:33:03
/home/pi/reginaldojunior/experimentos/results/socket/optimized/600/1200/elecNormNew-AdaptiveRandomForestExecutorMAXChunk-25-4-250-748
25/05/22 09:34:10
25/05/22 09:34:10
/home/pi/reginaldojunior/experimentos/results/socket/optimized/600/1200/elecNormNew-OzaBagExecutorMAXChunk-25-4-250-452
25/05/22 09:35:58
25/05/22 09:35:58
/home/pi/reginaldojunior/experimentos/results/socket/optimized/600/1200/elecNormNew-OzaBagExecutorMAXChunk-25-4-250-2260
25/05/22 09:36:24
25/05/22 09:36:24
/home/pi/reginaldojunior/experimentos/results/socket/optimized/600/1200/elecNormNew-OzaBagExecutorMAXChunk-25-4-250-4068
25/05/22 09:36:43
25/05/22 09:36:43
/home/pi/reginaldojunior/experimentos/results/socket/optimized/600/1200/airlines-AdaptiveRandomForestExecutorMAXChunk-25-4-500-23
25/05/22 09:38:51
25/05/22 09:38:51
/home/pi/reginaldojunior/experimentos/results/socket/optimized/600/1200/airlines-AdaptiveRandomForestExecutorMAXChunk-25-4-500-115
25/05/22 09:41:01
25/05/22 09:41:01
/home/pi/reginaldojunior/experimentos/results/socket/optimized/600/1200/airlines-AdaptiveRandomForestExecutorMAXChunk-25-4-500-208
25/05/22 09:43:09
25/05/22 09:43:09
/home/pi/reginaldojunior/experimentos/results/socket/optimized/600/1200/airlines-OzaBagExecutorMAXChunk-25-4-500-549
25/05/22 09:45:16
25/05/22 09:45:16
/home/pi/reginaldojunior/experimentos/results/socket/optimized/600/1200/airlines-OzaBagExecutorMAXChunk-25-4-500-2746
25/05/22 09:47:23
25/05/22 09:47:23
/home/pi/reginaldojunior/experimentos/results/socket/optimized/600/1200/airlines-OzaBagExecutorMAXChunk-25-4-500-4944
25/05/22 09:49:30
25/05/22 09:49:30
/home/pi/reginaldojunior/experimentos/results/socket/optimized/600/1200/elecNormNew-AdaptiveRandomForestExecutorMAXChunk-25-4-500-81
25/05/22 09:51:36
25/05/22 09:51:36
/home/pi/reginaldojunior/experimentos/results/socket/optimized/600/1200/elecNormNew-AdaptiveRandomForestExecutorMAXChunk-25-4-500-406
25/05/22 09:53:34
25/05/22 09:53:34
/home/pi/reginaldojunior/experimentos/results/socket/optimized/600/1200/elecNormNew-AdaptiveRandomForestExecutorMAXChunk-25-4-500-732
25/05/22 09:54:42
25/05/22 09:54:42
/home/pi/reginaldojunior/experimentos/results/socket/optimized/600/1200/elecNormNew-OzaBagExecutorMAXChunk-25-4-500-476
25/05/22 09:56:24
25/05/22 09:56:24
/home/pi/reginaldojunior/experimentos/results/socket/optimized/600/1200/elecNormNew-OzaBagExecutorMAXChunk-25-4-500-2380
25/05/22 09:56:49
25/05/22 09:56:49
/home/pi/reginaldojunior/experimentos/results/socket/optimized/600/1200/elecNormNew-OzaBagExecutorMAXChunk-25-4-500-4284
25/05/22 09:57:06
25/05/22 09:57:06
/home/pi/reginaldojunior/experimentos/results/socket/optimized/600/1200/airlines-AdaptiveRandomForestExecutorMAXChunk-25-4-2000-23
25/05/22 10:01:14
/home/pi/reginaldojunior/experimentos/results/socket/optimized/600/1200/airlines-OzaBagExecutorMAXChunk-25-4-500-4944
25/05/22 10:03:21
25/05/22 10:03:21
/home/pi/reginaldojunior/experimentos/results/socket/optimized/600/1200/elecNormNew-AdaptiveRandomForestExecutorMAXChunk-25-4-500-81
25/05/22 10:05:27
25/05/22 10:05:27
/home/pi/reginaldojunior/experimentos/results/socket/optimized/600/1200/elecNormNew-AdaptiveRandomForestExecutorMAXChunk-25-4-500-406
25/05/22 10:07:25
25/05/22 10:07:25
/home/pi/reginaldojunior/experimentos/results/socket/optimized/600/1200/elecNormNew-AdaptiveRandomForestExecutorMAXChunk-25-4-500-732
25/05/22 10:08:33
25/05/22 10:08:33
/home/pi/reginaldojunior/experimentos/results/socket/optimized/600/1200/elecNormNew-OzaBagExecutorMAXChunk-25-4-500-476
25/05/22 10:10:15
25/05/22 10:10:15
/home/pi/reginaldojunior/experimentos/results/socket/optimized/600/1200/elecNormNew-OzaBagExecutorMAXChunk-25-4-500-2380
25/05/22 10:10:40
25/05/22 10:10:40
/home/pi/reginaldojunior/experimentos/results/socket/optimized/600/1200/elecNormNew-OzaBagExecutorMAXChunk-25-4-500-4284
25/05/22 10:10:58
25/05/22 10:10:58
/home/pi/reginaldojunior/experimentos/results/socket/optimized/600/1200/airlines-AdaptiveRandomForestExecutorMAXChunk-25-4-2000-23
25/05/22 10:13:05
25/05/22 10:13:05
/home/pi/reginaldojunior/experimentos/results/socket/optimized/600/1200/airlines-AdaptiveRandomForestExecutorMAXChunk-25-4-2000-118
25/05/22 10:15:25
25/05/22 10:15:25
/home/pi/reginaldojunior/experimentos/results/socket/optimized/600/1200/airlines-AdaptiveRandomForestExecutorMAXChunk-25-4-2000-212
25/05/22 10:17:36
25/05/22 10:17:36
/home/pi/reginaldojunior/experimentos/results/socket/optimized/600/1200/airlines-OzaBagExecutorMAXChunk-25-4-2000-541
25/05/22 10:19:44
25/05/22 10:19:44
/home/pi/reginaldojunior/experimentos/results/socket/optimized/600/1200/airlines-OzaBagExecutorMAXChunk-25-4-2000-2705
25/05/22 10:21:53
25/05/22 10:21:53
/home/pi/reginaldojunior/experimentos/results/socket/optimized/600/1200/airlines-OzaBagExecutorMAXChunk-25-4-2000-4869
25/05/22 10:24:01
25/05/22 10:24:01
/home/pi/reginaldojunior/experimentos/results/socket/optimized/600/1200/elecNormNew-AdaptiveRandomForestExecutorMAXChunk-25-4-2000-82
25/05/22 10:26:08
25/05/22 10:26:08
/home/pi/reginaldojunior/experimentos/results/socket/optimized/600/1200/elecNormNew-AdaptiveRandomForestExecutorMAXChunk-25-4-2000-411
25/05/22 10:28:06
25/05/22 10:28:06
/home/pi/reginaldojunior/experimentos/results/socket/optimized/600/1200/elecNormNew-AdaptiveRandomForestExecutorMAXChunk-25-4-2000-741
25/05/22 10:29:14
25/05/22 10:29:14
/home/pi/reginaldojunior/experimentos/results/socket/optimized/600/1200/elecNormNew-OzaBagExecutorMAXChunk-25-4-2000-428
25/05/22 10:31:07
25/05/22 10:31:07
/home/pi/reginaldojunior/experimentos/results/socket/optimized/600/1200/elecNormNew-OzaBagExecutorMAXChunk-25-4-2000-2143
25/05/22 10:31:36
25/05/22 10:31:36
/home/pi/reginaldojunior/experimentos/results/socket/optimized/600/1200/elecNormNew-OzaBagExecutorMAXChunk-25-4-2000-3857
25/05/22 10:31:55
25/05/22 10:31:55
