21/01/22 00:24:25
/home/pi/reginaldojunior/experimentos/results/socket/800/800/GMSC-AdaptiveRandomForestExecutorMAXChunk-25-4-50-32
21/01/22 00:25:04
21/01/22 00:25:04
21/01/22 00:25:48
/home/pi/reginaldojunior/experimentos/results/socket/800/800/GMSC-AdaptiveRandomForestExecutorMAXChunk-25-4-50-32
21/01/22 00:27:52
21/01/22 00:27:52
/home/pi/reginaldojunior/experimentos/results/socket/800/800/GMSC-AdaptiveRandomForestExecutorMAXChunk-25-4-50-160
21/01/22 00:29:57
21/01/22 00:29:57
/home/pi/reginaldojunior/experimentos/results/socket/800/800/GMSC-AdaptiveRandomForestExecutorMAXChunk-25-4-50-288
21/01/22 00:32:01
21/01/22 00:32:01
/home/pi/reginaldojunior/experimentos/results/socket/800/800/GMSC-LBagExecutorMAXChunk-25-4-50-41
21/01/22 00:34:08
21/01/22 00:34:08
/home/pi/reginaldojunior/experimentos/results/socket/800/800/GMSC-LBagExecutorMAXChunk-25-4-50-205
21/01/22 00:36:15
21/01/22 00:36:15
/home/pi/reginaldojunior/experimentos/results/socket/800/800/GMSC-LBagExecutorMAXChunk-25-4-50-369
21/01/22 00:38:51
/home/pi/reginaldojunior/experimentos/results/socket/800/800/GMSC-AdaptiveRandomForestExecutorMAXChunk-25-4-50-32
21/01/22 00:40:56
21/01/22 00:40:56
/home/pi/reginaldojunior/experimentos/results/socket/800/800/GMSC-AdaptiveRandomForestExecutorMAXChunk-25-4-50-160
21/01/22 00:43:00
21/01/22 00:43:00
/home/pi/reginaldojunior/experimentos/results/socket/800/800/GMSC-AdaptiveRandomForestExecutorMAXChunk-25-4-50-288
21/01/22 00:45:06
21/01/22 00:45:06
/home/pi/reginaldojunior/experimentos/results/socket/800/800/GMSC-LBagExecutorMAXChunk-25-4-50-41
21/01/22 00:47:13
21/01/22 00:47:13
/home/pi/reginaldojunior/experimentos/results/socket/800/800/GMSC-LBagExecutorMAXChunk-25-4-50-205
21/01/22 00:49:19
21/01/22 00:49:19
/home/pi/reginaldojunior/experimentos/results/socket/800/800/GMSC-LBagExecutorMAXChunk-25-4-50-369
21/01/22 00:51:26
21/01/22 00:51:26
/home/pi/reginaldojunior/experimentos/results/socket/800/800/GMSC-StreamingRandomPatchesExecutorMAXChunk-25-4-50-19
21/01/22 00:53:30
21/01/22 00:53:30
/home/pi/reginaldojunior/experimentos/results/socket/800/800/GMSC-StreamingRandomPatchesExecutorMAXChunk-25-4-50-95
21/01/22 00:55:35
21/01/22 00:55:35
/home/pi/reginaldojunior/experimentos/results/socket/800/800/GMSC-StreamingRandomPatchesExecutorMAXChunk-25-4-50-171
21/01/22 00:57:40
21/01/22 00:57:40
/home/pi/reginaldojunior/experimentos/results/socket/800/800/GMSC-OzaBagAdwinExecutorMAXChunk-25-4-50-123
21/01/22 00:59:46
21/01/22 00:59:46
/home/pi/reginaldojunior/experimentos/results/socket/800/800/GMSC-OzaBagAdwinExecutorMAXChunk-25-4-50-619
21/01/22 01:01:53
21/01/22 01:01:53
/home/pi/reginaldojunior/experimentos/results/socket/800/800/GMSC-OzaBagAdwinExecutorMAXChunk-25-4-50-1114
21/01/22 01:04:00
21/01/22 01:04:00
/home/pi/reginaldojunior/experimentos/results/socket/800/800/GMSC-OzaBagASHTExecutorMAXChunk-25-4-50-170
21/01/22 01:06:06
21/01/22 01:06:06
/home/pi/reginaldojunior/experimentos/results/socket/800/800/GMSC-OzaBagASHTExecutorMAXChunk-25-4-50-850
21/01/22 01:08:13
21/01/22 01:08:13
/home/pi/reginaldojunior/experimentos/results/socket/800/800/GMSC-OzaBagASHTExecutorMAXChunk-25-4-50-1530
21/01/22 01:09:57
21/01/22 01:09:57
/home/pi/reginaldojunior/experimentos/results/socket/800/800/GMSC-OzaBagExecutorMAXChunk-25-4-50-104
21/01/22 01:12:04
21/01/22 01:12:04
/home/pi/reginaldojunior/experimentos/results/socket/800/800/GMSC-OzaBagExecutorMAXChunk-25-4-50-522
21/01/22 01:14:10
21/01/22 01:14:10
/home/pi/reginaldojunior/experimentos/results/socket/800/800/GMSC-OzaBagExecutorMAXChunk-25-4-50-940
21/01/22 01:16:17
21/01/22 01:16:17
/home/pi/reginaldojunior/experimentos/results/socket/800/800/elecNormNew-AdaptiveRandomForestExecutorMAXChunk-25-4-50-17
21/01/22 01:18:22
21/01/22 01:18:22
/home/pi/reginaldojunior/experimentos/results/socket/800/800/elecNormNew-AdaptiveRandomForestExecutorMAXChunk-25-4-50-85
21/01/22 01:20:26
21/01/22 01:20:26
/home/pi/reginaldojunior/experimentos/results/socket/800/800/elecNormNew-AdaptiveRandomForestExecutorMAXChunk-25-4-50-154
21/01/22 01:22:31
21/01/22 01:22:31
/home/pi/reginaldojunior/experimentos/results/socket/800/800/elecNormNew-LBagExecutorMAXChunk-25-4-50-32
21/01/22 01:24:38
21/01/22 01:24:38
/home/pi/reginaldojunior/experimentos/results/socket/800/800/elecNormNew-LBagExecutorMAXChunk-25-4-50-163
21/01/22 01:26:44
21/01/22 01:26:44
/home/pi/reginaldojunior/experimentos/results/socket/800/800/elecNormNew-LBagExecutorMAXChunk-25-4-50-294
21/01/22 01:28:51
21/01/22 01:28:51
/home/pi/reginaldojunior/experimentos/results/socket/800/800/elecNormNew-StreamingRandomPatchesExecutorMAXChunk-25-4-50-11
21/01/22 01:30:55
21/01/22 01:30:55
/home/pi/reginaldojunior/experimentos/results/socket/800/800/elecNormNew-StreamingRandomPatchesExecutorMAXChunk-25-4-50-55
21/01/22 01:33:01
21/01/22 01:33:01
/home/pi/reginaldojunior/experimentos/results/socket/800/800/elecNormNew-StreamingRandomPatchesExecutorMAXChunk-25-4-50-100
21/01/22 01:35:06
21/01/22 01:35:06
/home/pi/reginaldojunior/experimentos/results/socket/800/800/elecNormNew-OzaBagAdwinExecutorMAXChunk-25-4-50-81
21/01/22 01:37:12
21/01/22 01:37:12
/home/pi/reginaldojunior/experimentos/results/socket/800/800/elecNormNew-OzaBagAdwinExecutorMAXChunk-25-4-50-409
21/01/22 01:39:11
21/01/22 01:39:11
/home/pi/reginaldojunior/experimentos/results/socket/800/800/elecNormNew-OzaBagAdwinExecutorMAXChunk-25-4-50-736
21/01/22 01:40:19
21/01/22 01:40:19
/home/pi/reginaldojunior/experimentos/results/socket/800/800/elecNormNew-OzaBagASHTExecutorMAXChunk-25-4-50-88
21/01/22 01:42:26
21/01/22 01:42:26
/home/pi/reginaldojunior/experimentos/results/socket/800/800/elecNormNew-OzaBagASHTExecutorMAXChunk-25-4-50-442
21/01/22 01:44:16
21/01/22 01:44:16
/home/pi/reginaldojunior/experimentos/results/socket/800/800/elecNormNew-OzaBagASHTExecutorMAXChunk-25-4-50-795
21/01/22 01:45:19
21/01/22 01:45:19
/home/pi/reginaldojunior/experimentos/results/socket/800/800/elecNormNew-OzaBagExecutorMAXChunk-25-4-50-95
21/01/22 01:47:26
21/01/22 01:47:26
/home/pi/reginaldojunior/experimentos/results/socket/800/800/elecNormNew-OzaBagExecutorMAXChunk-25-4-50-479
21/01/22 01:49:07
21/01/22 01:49:07
/home/pi/reginaldojunior/experimentos/results/socket/800/800/elecNormNew-OzaBagExecutorMAXChunk-25-4-50-862
21/01/22 01:50:07
21/01/22 01:50:07
/home/pi/reginaldojunior/experimentos/results/socket/800/800/covtypeNorm-AdaptiveRandomForestExecutorMAXChunk-25-4-50-15
21/01/22 01:52:12
21/01/22 01:52:12
/home/pi/reginaldojunior/experimentos/results/socket/800/800/covtypeNorm-AdaptiveRandomForestExecutorMAXChunk-25-4-50-79
21/01/22 01:54:18
21/01/22 01:54:18
/home/pi/reginaldojunior/experimentos/results/socket/800/800/covtypeNorm-AdaptiveRandomForestExecutorMAXChunk-25-4-50-143
21/01/22 01:56:23
21/01/22 01:56:23
/home/pi/reginaldojunior/experimentos/results/socket/800/800/covtypeNorm-LBagExecutorMAXChunk-25-4-50-7
21/01/22 01:58:29
21/01/22 01:58:29
/home/pi/reginaldojunior/experimentos/results/socket/800/800/covtypeNorm-LBagExecutorMAXChunk-25-4-50-38
21/01/22 02:00:36
21/01/22 02:00:36
/home/pi/reginaldojunior/experimentos/results/socket/800/800/covtypeNorm-LBagExecutorMAXChunk-25-4-50-68
21/01/22 02:02:42
21/01/22 02:02:42
/home/pi/reginaldojunior/experimentos/results/socket/800/800/covtypeNorm-StreamingRandomPatchesExecutorMAXChunk-25-4-50-4
21/01/22 02:04:48
21/01/22 02:04:48
/home/pi/reginaldojunior/experimentos/results/socket/800/800/covtypeNorm-StreamingRandomPatchesExecutorMAXChunk-25-4-50-23
21/01/22 02:06:54
21/01/22 02:06:54
/home/pi/reginaldojunior/experimentos/results/socket/800/800/covtypeNorm-StreamingRandomPatchesExecutorMAXChunk-25-4-50-42
21/01/22 02:08:59
21/01/22 02:08:59
/home/pi/reginaldojunior/experimentos/results/socket/800/800/covtypeNorm-OzaBagAdwinExecutorMAXChunk-25-4-50-6
21/01/22 02:11:05
21/01/22 02:11:05
/home/pi/reginaldojunior/experimentos/results/socket/800/800/covtypeNorm-OzaBagAdwinExecutorMAXChunk-25-4-50-32
21/01/22 02:13:12
21/01/22 02:13:12
/home/pi/reginaldojunior/experimentos/results/socket/800/800/covtypeNorm-OzaBagAdwinExecutorMAXChunk-25-4-50-59
21/01/22 02:15:18
21/01/22 02:15:18
/home/pi/reginaldojunior/experimentos/results/socket/800/800/covtypeNorm-OzaBagASHTExecutorMAXChunk-25-4-50-7
21/01/22 02:17:25
21/01/22 02:17:25
/home/pi/reginaldojunior/experimentos/results/socket/800/800/covtypeNorm-OzaBagASHTExecutorMAXChunk-25-4-50-37
21/01/22 02:19:31
21/01/22 02:19:31
/home/pi/reginaldojunior/experimentos/results/socket/800/800/covtypeNorm-OzaBagASHTExecutorMAXChunk-25-4-50-66
21/01/22 02:21:38
21/01/22 02:21:38
/home/pi/reginaldojunior/experimentos/results/socket/800/800/covtypeNorm-OzaBagExecutorMAXChunk-25-4-50-7
21/01/22 02:23:44
21/01/22 02:23:44
/home/pi/reginaldojunior/experimentos/results/socket/800/800/covtypeNorm-OzaBagExecutorMAXChunk-25-4-50-37
21/01/22 02:25:51
21/01/22 02:25:51
/home/pi/reginaldojunior/experimentos/results/socket/800/800/covtypeNorm-OzaBagExecutorMAXChunk-25-4-50-68
21/01/22 02:27:58
21/01/22 02:27:58
/home/pi/reginaldojunior/experimentos/results/socket/800/800/GMSC-AdaptiveRandomForestExecutorMAXChunk-25-4-500-34
21/01/22 02:30:03
21/01/22 02:30:03
/home/pi/reginaldojunior/experimentos/results/socket/800/800/GMSC-AdaptiveRandomForestExecutorMAXChunk-25-4-500-170
21/01/22 02:32:09
21/01/22 02:32:09
/home/pi/reginaldojunior/experimentos/results/socket/800/800/GMSC-AdaptiveRandomForestExecutorMAXChunk-25-4-500-306
21/01/22 02:34:15
21/01/22 02:34:15
/home/pi/reginaldojunior/experimentos/results/socket/800/800/GMSC-LBagExecutorMAXChunk-25-4-500-42
21/01/22 02:36:21
21/01/22 02:36:21
/home/pi/reginaldojunior/experimentos/results/socket/800/800/GMSC-LBagExecutorMAXChunk-25-4-500-210
21/01/22 02:38:28
21/01/22 02:38:28
/home/pi/reginaldojunior/experimentos/results/socket/800/800/GMSC-LBagExecutorMAXChunk-25-4-500-378
21/01/22 02:40:34
21/01/22 02:40:34
/home/pi/reginaldojunior/experimentos/results/socket/800/800/GMSC-StreamingRandomPatchesExecutorMAXChunk-25-4-500-19
21/01/22 02:42:40
21/01/22 02:42:40
/home/pi/reginaldojunior/experimentos/results/socket/800/800/GMSC-StreamingRandomPatchesExecutorMAXChunk-25-4-500-95
21/01/22 02:44:46
21/01/22 02:44:46
/home/pi/reginaldojunior/experimentos/results/socket/800/800/GMSC-StreamingRandomPatchesExecutorMAXChunk-25-4-500-171
21/01/22 02:46:51
21/01/22 02:46:51
/home/pi/reginaldojunior/experimentos/results/socket/800/800/GMSC-OzaBagAdwinExecutorMAXChunk-25-4-500-107
21/01/22 02:48:58
21/01/22 02:48:58
/home/pi/reginaldojunior/experimentos/results/socket/800/800/GMSC-OzaBagAdwinExecutorMAXChunk-25-4-500-537
21/01/22 02:51:04
21/01/22 02:51:05
/home/pi/reginaldojunior/experimentos/results/socket/800/800/GMSC-OzaBagAdwinExecutorMAXChunk-25-4-500-968
21/01/22 02:53:11
21/01/22 02:53:11
/home/pi/reginaldojunior/experimentos/results/socket/800/800/GMSC-OzaBagASHTExecutorMAXChunk-25-4-500-160
21/01/22 02:55:18
21/01/22 02:55:18
/home/pi/reginaldojunior/experimentos/results/socket/800/800/GMSC-OzaBagASHTExecutorMAXChunk-25-4-500-800
21/01/22 02:57:24
21/01/22 02:57:24
/home/pi/reginaldojunior/experimentos/results/socket/800/800/GMSC-OzaBagASHTExecutorMAXChunk-25-4-500-1440
21/01/22 02:59:15
21/01/22 02:59:15
/home/pi/reginaldojunior/experimentos/results/socket/800/800/GMSC-OzaBagExecutorMAXChunk-25-4-500-110
21/01/22 03:01:22
21/01/22 03:01:22
/home/pi/reginaldojunior/experimentos/results/socket/800/800/GMSC-OzaBagExecutorMAXChunk-25-4-500-551
21/01/22 03:03:28
21/01/22 03:03:28
/home/pi/reginaldojunior/experimentos/results/socket/800/800/GMSC-OzaBagExecutorMAXChunk-25-4-500-992
21/01/22 03:05:35
21/01/22 03:05:35
/home/pi/reginaldojunior/experimentos/results/socket/800/800/elecNormNew-AdaptiveRandomForestExecutorMAXChunk-25-4-500-20
21/01/22 03:07:40
21/01/22 03:07:40
/home/pi/reginaldojunior/experimentos/results/socket/800/800/elecNormNew-AdaptiveRandomForestExecutorMAXChunk-25-4-500-102
21/01/22 03:09:46
21/01/22 03:09:46
/home/pi/reginaldojunior/experimentos/results/socket/800/800/elecNormNew-AdaptiveRandomForestExecutorMAXChunk-25-4-500-185
21/01/22 03:11:52
21/01/22 03:11:52
/home/pi/reginaldojunior/experimentos/results/socket/800/800/elecNormNew-LBagExecutorMAXChunk-25-4-500-33
21/01/22 03:13:58
21/01/22 03:13:58
/home/pi/reginaldojunior/experimentos/results/socket/800/800/elecNormNew-LBagExecutorMAXChunk-25-4-500-168
21/01/22 03:16:05
21/01/22 03:16:05
/home/pi/reginaldojunior/experimentos/results/socket/800/800/elecNormNew-LBagExecutorMAXChunk-25-4-500-302
21/01/22 03:18:12
21/01/22 03:18:12
/home/pi/reginaldojunior/experimentos/results/socket/800/800/elecNormNew-StreamingRandomPatchesExecutorMAXChunk-25-4-500-11
21/01/22 03:20:18
21/01/22 03:20:18
/home/pi/reginaldojunior/experimentos/results/socket/800/800/elecNormNew-StreamingRandomPatchesExecutorMAXChunk-25-4-500-56
21/01/22 03:22:24
21/01/22 03:22:24
/home/pi/reginaldojunior/experimentos/results/socket/800/800/elecNormNew-StreamingRandomPatchesExecutorMAXChunk-25-4-500-102
21/01/22 03:24:30
21/01/22 03:24:30
/home/pi/reginaldojunior/experimentos/results/socket/800/800/elecNormNew-OzaBagAdwinExecutorMAXChunk-25-4-500-85
21/01/22 03:26:37
21/01/22 03:26:37
/home/pi/reginaldojunior/experimentos/results/socket/800/800/elecNormNew-OzaBagAdwinExecutorMAXChunk-25-4-500-429
21/01/22 03:28:30
21/01/22 03:28:30
/home/pi/reginaldojunior/experimentos/results/socket/800/800/elecNormNew-OzaBagAdwinExecutorMAXChunk-25-4-500-773
21/01/22 03:29:36
21/01/22 03:29:36
/home/pi/reginaldojunior/experimentos/results/socket/800/800/elecNormNew-OzaBagASHTExecutorMAXChunk-25-4-500-94
21/01/22 03:31:42
21/01/22 03:31:42
/home/pi/reginaldojunior/experimentos/results/socket/800/800/elecNormNew-OzaBagASHTExecutorMAXChunk-25-4-500-470
21/01/22 03:33:26
21/01/22 03:33:26
/home/pi/reginaldojunior/experimentos/results/socket/800/800/elecNormNew-OzaBagASHTExecutorMAXChunk-25-4-500-846
21/01/22 03:34:26
21/01/22 03:34:26
/home/pi/reginaldojunior/experimentos/results/socket/800/800/elecNormNew-OzaBagExecutorMAXChunk-25-4-500-94
21/01/22 03:36:33
21/01/22 03:36:33
/home/pi/reginaldojunior/experimentos/results/socket/800/800/elecNormNew-OzaBagExecutorMAXChunk-25-4-500-471
21/01/22 03:38:17
21/01/22 03:38:17
/home/pi/reginaldojunior/experimentos/results/socket/800/800/elecNormNew-OzaBagExecutorMAXChunk-25-4-500-847
21/01/22 03:39:17
21/01/22 03:39:17
/home/pi/reginaldojunior/experimentos/results/socket/800/800/covtypeNorm-AdaptiveRandomForestExecutorMAXChunk-25-4-500-11
21/01/22 03:41:23
21/01/22 03:41:23
/home/pi/reginaldojunior/experimentos/results/socket/800/800/covtypeNorm-AdaptiveRandomForestExecutorMAXChunk-25-4-500-58
21/01/22 03:43:28
21/01/22 03:43:28
/home/pi/reginaldojunior/experimentos/results/socket/800/800/covtypeNorm-AdaptiveRandomForestExecutorMAXChunk-25-4-500-104
21/01/22 03:45:34
21/01/22 03:45:34
/home/pi/reginaldojunior/experimentos/results/socket/800/800/covtypeNorm-LBagExecutorMAXChunk-25-4-500-7
21/01/22 03:47:41
21/01/22 03:47:41
/home/pi/reginaldojunior/experimentos/results/socket/800/800/covtypeNorm-LBagExecutorMAXChunk-25-4-500-39
21/01/22 03:49:47
21/01/22 03:49:47
/home/pi/reginaldojunior/experimentos/results/socket/800/800/covtypeNorm-LBagExecutorMAXChunk-25-4-500-70
21/01/22 03:51:55
21/01/22 03:51:55
/home/pi/reginaldojunior/experimentos/results/socket/800/800/covtypeNorm-StreamingRandomPatchesExecutorMAXChunk-25-4-500-4
21/01/22 03:54:02
21/01/22 03:54:02
/home/pi/reginaldojunior/experimentos/results/socket/800/800/covtypeNorm-StreamingRandomPatchesExecutorMAXChunk-25-4-500-23
21/01/22 03:56:08
21/01/22 03:56:08
/home/pi/reginaldojunior/experimentos/results/socket/800/800/covtypeNorm-StreamingRandomPatchesExecutorMAXChunk-25-4-500-43
21/01/22 03:58:14
21/01/22 03:58:14
/home/pi/reginaldojunior/experimentos/results/socket/800/800/covtypeNorm-OzaBagAdwinExecutorMAXChunk-25-4-500-6
21/01/22 04:00:21
21/01/22 04:00:21
/home/pi/reginaldojunior/experimentos/results/socket/800/800/covtypeNorm-OzaBagAdwinExecutorMAXChunk-25-4-500-32
21/01/22 04:02:27
21/01/22 04:02:27
/home/pi/reginaldojunior/experimentos/results/socket/800/800/covtypeNorm-OzaBagAdwinExecutorMAXChunk-25-4-500-58
21/01/22 04:04:34
21/01/22 04:04:34
/home/pi/reginaldojunior/experimentos/results/socket/800/800/covtypeNorm-OzaBagASHTExecutorMAXChunk-25-4-500-9
21/01/22 04:06:41
21/01/22 04:06:41
/home/pi/reginaldojunior/experimentos/results/socket/800/800/covtypeNorm-OzaBagASHTExecutorMAXChunk-25-4-500-46
21/01/22 04:08:48
21/01/22 04:08:48
/home/pi/reginaldojunior/experimentos/results/socket/800/800/covtypeNorm-OzaBagASHTExecutorMAXChunk-25-4-500-83
21/01/22 04:10:55
21/01/22 04:10:55
/home/pi/reginaldojunior/experimentos/results/socket/800/800/covtypeNorm-OzaBagExecutorMAXChunk-25-4-500-7
21/01/22 04:13:01
21/01/22 04:13:01
/home/pi/reginaldojunior/experimentos/results/socket/800/800/covtypeNorm-OzaBagExecutorMAXChunk-25-4-500-38
21/01/22 04:15:08
21/01/22 04:15:08
/home/pi/reginaldojunior/experimentos/results/socket/800/800/covtypeNorm-OzaBagExecutorMAXChunk-25-4-500-68
21/01/22 04:17:15
21/01/22 04:17:15
/home/pi/reginaldojunior/experimentos/results/socket/800/800/GMSC-AdaptiveRandomForestExecutorMAXChunk-25-4-2000-31
21/01/22 04:19:21
21/01/22 04:19:21
/home/pi/reginaldojunior/experimentos/results/socket/800/800/GMSC-AdaptiveRandomForestExecutorMAXChunk-25-4-2000-155
21/01/22 04:21:27
21/01/22 04:21:27
/home/pi/reginaldojunior/experimentos/results/socket/800/800/GMSC-AdaptiveRandomForestExecutorMAXChunk-25-4-2000-280
21/01/22 04:23:33
21/01/22 04:23:33
/home/pi/reginaldojunior/experimentos/results/socket/800/800/GMSC-LBagExecutorMAXChunk-25-4-2000-39
21/01/22 04:25:39
21/01/22 04:25:39
/home/pi/reginaldojunior/experimentos/results/socket/800/800/GMSC-LBagExecutorMAXChunk-25-4-2000-199
21/01/22 04:27:46
21/01/22 04:27:46
/home/pi/reginaldojunior/experimentos/results/socket/800/800/GMSC-LBagExecutorMAXChunk-25-4-2000-359
21/01/22 04:29:53
21/01/22 04:29:53
/home/pi/reginaldojunior/experimentos/results/socket/800/800/GMSC-StreamingRandomPatchesExecutorMAXChunk-25-4-2000-18
21/01/22 04:32:08
21/01/22 04:32:08
/home/pi/reginaldojunior/experimentos/results/socket/800/800/GMSC-StreamingRandomPatchesExecutorMAXChunk-25-4-2000-90
21/01/22 04:34:15
21/01/22 04:34:15
/home/pi/reginaldojunior/experimentos/results/socket/800/800/GMSC-StreamingRandomPatchesExecutorMAXChunk-25-4-2000-162
21/01/22 04:36:21
21/01/22 04:36:21
/home/pi/reginaldojunior/experimentos/results/socket/800/800/GMSC-OzaBagAdwinExecutorMAXChunk-25-4-2000-89
21/01/22 04:38:28
21/01/22 04:38:28
/home/pi/reginaldojunior/experimentos/results/socket/800/800/GMSC-OzaBagAdwinExecutorMAXChunk-25-4-2000-449
21/01/22 04:40:34
21/01/22 04:40:34
/home/pi/reginaldojunior/experimentos/results/socket/800/800/GMSC-OzaBagAdwinExecutorMAXChunk-25-4-2000-809
21/01/22 04:42:41
21/01/22 04:42:41
/home/pi/reginaldojunior/experimentos/results/socket/800/800/GMSC-OzaBagASHTExecutorMAXChunk-25-4-2000-155
21/01/22 04:44:47
21/01/22 04:44:47
/home/pi/reginaldojunior/experimentos/results/socket/800/800/GMSC-OzaBagASHTExecutorMAXChunk-25-4-2000-775
21/01/22 04:46:54
21/01/22 04:46:54
/home/pi/reginaldojunior/experimentos/results/socket/800/800/GMSC-OzaBagASHTExecutorMAXChunk-25-4-2000-1396
21/01/22 04:48:49
21/01/22 04:48:49
/home/pi/reginaldojunior/experimentos/results/socket/800/800/GMSC-OzaBagExecutorMAXChunk-25-4-2000-108
21/01/22 04:50:55
21/01/22 04:50:55
/home/pi/reginaldojunior/experimentos/results/socket/800/800/GMSC-OzaBagExecutorMAXChunk-25-4-2000-543
21/01/22 04:53:02
21/01/22 04:53:02
/home/pi/reginaldojunior/experimentos/results/socket/800/800/GMSC-OzaBagExecutorMAXChunk-25-4-2000-977
21/01/22 04:55:09
21/01/22 04:55:09
/home/pi/reginaldojunior/experimentos/results/socket/800/800/elecNormNew-AdaptiveRandomForestExecutorMAXChunk-25-4-2000-19
21/01/22 04:57:23
21/01/22 04:57:23
/home/pi/reginaldojunior/experimentos/results/socket/800/800/elecNormNew-AdaptiveRandomForestExecutorMAXChunk-25-4-2000-99
21/01/22 04:59:29
21/01/22 04:59:29
/home/pi/reginaldojunior/experimentos/results/socket/800/800/elecNormNew-AdaptiveRandomForestExecutorMAXChunk-25-4-2000-178
21/01/22 05:01:35
21/01/22 05:01:35
/home/pi/reginaldojunior/experimentos/results/socket/800/800/elecNormNew-LBagExecutorMAXChunk-25-4-2000-30
21/01/22 05:03:43
21/01/22 05:03:43
/home/pi/reginaldojunior/experimentos/results/socket/800/800/elecNormNew-LBagExecutorMAXChunk-25-4-2000-152
21/01/22 05:05:51
21/01/22 05:05:51
/home/pi/reginaldojunior/experimentos/results/socket/800/800/elecNormNew-LBagExecutorMAXChunk-25-4-2000-273
21/01/22 05:07:57
21/01/22 05:07:57
/home/pi/reginaldojunior/experimentos/results/socket/800/800/elecNormNew-StreamingRandomPatchesExecutorMAXChunk-25-4-2000-10
21/01/22 05:10:12
21/01/22 05:10:12
/home/pi/reginaldojunior/experimentos/results/socket/800/800/elecNormNew-StreamingRandomPatchesExecutorMAXChunk-25-4-2000-54
21/01/22 05:12:22
21/01/22 05:12:22
/home/pi/reginaldojunior/experimentos/results/socket/800/800/elecNormNew-StreamingRandomPatchesExecutorMAXChunk-25-4-2000-98
21/01/22 05:14:29
21/01/22 05:14:29
/home/pi/reginaldojunior/experimentos/results/socket/800/800/elecNormNew-OzaBagAdwinExecutorMAXChunk-25-4-2000-79
21/01/22 05:16:36
21/01/22 05:16:36
/home/pi/reginaldojunior/experimentos/results/socket/800/800/elecNormNew-OzaBagAdwinExecutorMAXChunk-25-4-2000-398
21/01/22 05:18:38
21/01/22 05:18:38
/home/pi/reginaldojunior/experimentos/results/socket/800/800/elecNormNew-OzaBagAdwinExecutorMAXChunk-25-4-2000-717
21/01/22 05:19:48
21/01/22 05:19:48
/home/pi/reginaldojunior/experimentos/results/socket/800/800/elecNormNew-OzaBagASHTExecutorMAXChunk-25-4-2000-82
21/01/22 05:21:54
21/01/22 05:21:54
/home/pi/reginaldojunior/experimentos/results/socket/800/800/elecNormNew-OzaBagASHTExecutorMAXChunk-25-4-2000-410
21/01/22 05:23:52
21/01/22 05:23:52
/home/pi/reginaldojunior/experimentos/results/socket/800/800/elecNormNew-OzaBagASHTExecutorMAXChunk-25-4-2000-739
21/01/22 05:25:01
21/01/22 05:25:01
/home/pi/reginaldojunior/experimentos/results/socket/800/800/elecNormNew-OzaBagExecutorMAXChunk-25-4-2000-95
21/01/22 05:27:07
21/01/22 05:27:07
/home/pi/reginaldojunior/experimentos/results/socket/800/800/elecNormNew-OzaBagExecutorMAXChunk-25-4-2000-476
21/01/22 05:28:49
21/01/22 05:28:49
/home/pi/reginaldojunior/experimentos/results/socket/800/800/elecNormNew-OzaBagExecutorMAXChunk-25-4-2000-857
21/01/22 05:29:48
21/01/22 05:29:48
/home/pi/reginaldojunior/experimentos/results/socket/800/800/covtypeNorm-AdaptiveRandomForestExecutorMAXChunk-25-4-2000-14
21/01/22 05:32:07
21/01/22 05:32:07
/home/pi/reginaldojunior/experimentos/results/socket/800/800/covtypeNorm-AdaptiveRandomForestExecutorMAXChunk-25-4-2000-73
21/01/22 05:34:13
21/01/22 05:34:13
/home/pi/reginaldojunior/experimentos/results/socket/800/800/covtypeNorm-AdaptiveRandomForestExecutorMAXChunk-25-4-2000-132
21/01/22 05:36:21
21/01/22 05:36:21
/home/pi/reginaldojunior/experimentos/results/socket/800/800/covtypeNorm-LBagExecutorMAXChunk-25-4-2000-8
21/01/22 05:38:33
21/01/22 05:38:33
/home/pi/reginaldojunior/experimentos/results/socket/800/800/covtypeNorm-LBagExecutorMAXChunk-25-4-2000-41
21/01/22 05:40:41
21/01/22 05:40:41
/home/pi/reginaldojunior/experimentos/results/socket/800/800/covtypeNorm-LBagExecutorMAXChunk-25-4-2000-74
21/01/22 05:42:48
21/01/22 05:42:48
/home/pi/reginaldojunior/experimentos/results/socket/800/800/covtypeNorm-StreamingRandomPatchesExecutorMAXChunk-25-4-2000-4
21/01/22 05:44:55
21/01/22 05:44:55
/home/pi/reginaldojunior/experimentos/results/socket/800/800/covtypeNorm-StreamingRandomPatchesExecutorMAXChunk-25-4-2000-24
21/01/22 11:21:10
/home/pi/reginaldojunior/experimentos/results/socket/800/800/GMSC-AdaptiveRandomForestExecutorMAXChunk-25-4-50-32
21/01/22 11:23:17
21/01/22 11:23:17
/home/pi/reginaldojunior/experimentos/results/socket/800/800/GMSC-AdaptiveRandomForestExecutorMAXChunk-25-4-50-160
21/01/22 11:25:22
21/01/22 11:25:22
/home/pi/reginaldojunior/experimentos/results/socket/800/800/GMSC-AdaptiveRandomForestExecutorMAXChunk-25-4-50-288
21/01/22 11:27:26
21/01/22 11:27:26
/home/pi/reginaldojunior/experimentos/results/socket/800/800/GMSC-LBagExecutorMAXChunk-25-4-50-41
21/01/22 11:29:33
21/01/22 11:29:33
/home/pi/reginaldojunior/experimentos/results/socket/800/800/GMSC-LBagExecutorMAXChunk-25-4-50-205
21/01/22 11:31:40
21/01/22 11:31:40
/home/pi/reginaldojunior/experimentos/results/socket/800/800/GMSC-LBagExecutorMAXChunk-25-4-50-369
21/01/22 11:33:46
21/01/22 11:33:46
/home/pi/reginaldojunior/experimentos/results/socket/800/800/GMSC-StreamingRandomPatchesExecutorMAXChunk-25-4-50-19
21/01/22 11:35:51
21/01/22 11:35:51
/home/pi/reginaldojunior/experimentos/results/socket/800/800/GMSC-StreamingRandomPatchesExecutorMAXChunk-25-4-50-95
21/01/22 11:37:56
21/01/22 11:37:56
/home/pi/reginaldojunior/experimentos/results/socket/800/800/GMSC-StreamingRandomPatchesExecutorMAXChunk-25-4-50-171
21/01/22 11:40:00
21/01/22 11:40:00
/home/pi/reginaldojunior/experimentos/results/socket/800/800/GMSC-OzaBagAdwinExecutorMAXChunk-25-4-50-123
21/01/22 11:42:07
21/01/22 11:42:07
/home/pi/reginaldojunior/experimentos/results/socket/800/800/GMSC-OzaBagAdwinExecutorMAXChunk-25-4-50-619
21/01/22 11:44:13
21/01/22 11:44:13
/home/pi/reginaldojunior/experimentos/results/socket/800/800/GMSC-OzaBagAdwinExecutorMAXChunk-25-4-50-1114
21/01/22 11:46:20
21/01/22 11:46:20
/home/pi/reginaldojunior/experimentos/results/socket/800/800/GMSC-OzaBagASHTExecutorMAXChunk-25-4-50-170
21/01/22 11:48:27
21/01/22 11:48:27
/home/pi/reginaldojunior/experimentos/results/socket/800/800/GMSC-OzaBagASHTExecutorMAXChunk-25-4-50-850
21/01/22 11:50:33
21/01/22 11:50:33
/home/pi/reginaldojunior/experimentos/results/socket/800/800/GMSC-OzaBagASHTExecutorMAXChunk-25-4-50-1530
21/01/22 11:52:18
21/01/22 11:52:18
/home/pi/reginaldojunior/experimentos/results/socket/800/800/GMSC-OzaBagExecutorMAXChunk-25-4-50-104
21/01/22 11:54:25
21/01/22 11:54:25
/home/pi/reginaldojunior/experimentos/results/socket/800/800/GMSC-OzaBagExecutorMAXChunk-25-4-50-522
21/01/22 11:56:31
21/01/22 11:56:31
/home/pi/reginaldojunior/experimentos/results/socket/800/800/GMSC-OzaBagExecutorMAXChunk-25-4-50-940
21/01/22 11:58:38
21/01/22 11:58:38
/home/pi/reginaldojunior/experimentos/results/socket/800/800/elecNormNew-AdaptiveRandomForestExecutorMAXChunk-25-4-50-17
21/01/22 12:00:43
21/01/22 12:00:43
/home/pi/reginaldojunior/experimentos/results/socket/800/800/elecNormNew-AdaptiveRandomForestExecutorMAXChunk-25-4-50-85
21/01/22 12:02:47
21/01/22 12:02:47
/home/pi/reginaldojunior/experimentos/results/socket/800/800/elecNormNew-AdaptiveRandomForestExecutorMAXChunk-25-4-50-154
21/01/22 12:04:52
21/01/22 12:04:52
/home/pi/reginaldojunior/experimentos/results/socket/800/800/elecNormNew-LBagExecutorMAXChunk-25-4-50-32
21/01/22 12:06:58
21/01/22 12:06:58
/home/pi/reginaldojunior/experimentos/results/socket/800/800/elecNormNew-LBagExecutorMAXChunk-25-4-50-163
21/01/22 12:09:05
21/01/22 12:09:05
/home/pi/reginaldojunior/experimentos/results/socket/800/800/elecNormNew-LBagExecutorMAXChunk-25-4-50-294
21/01/22 12:11:12
21/01/22 12:11:12
/home/pi/reginaldojunior/experimentos/results/socket/800/800/elecNormNew-StreamingRandomPatchesExecutorMAXChunk-25-4-50-11
21/01/22 12:13:17
21/01/22 12:13:17
/home/pi/reginaldojunior/experimentos/results/socket/800/800/elecNormNew-StreamingRandomPatchesExecutorMAXChunk-25-4-50-55
21/01/22 12:15:23
21/01/22 12:15:23
/home/pi/reginaldojunior/experimentos/results/socket/800/800/elecNormNew-StreamingRandomPatchesExecutorMAXChunk-25-4-50-100
21/01/22 12:17:28
21/01/22 12:17:28
/home/pi/reginaldojunior/experimentos/results/socket/800/800/elecNormNew-OzaBagAdwinExecutorMAXChunk-25-4-50-81
21/01/22 12:19:34
21/01/22 12:19:34
/home/pi/reginaldojunior/experimentos/results/socket/800/800/elecNormNew-OzaBagAdwinExecutorMAXChunk-25-4-50-409
21/01/22 12:21:33
21/01/22 12:21:33
/home/pi/reginaldojunior/experimentos/results/socket/800/800/elecNormNew-OzaBagAdwinExecutorMAXChunk-25-4-50-736
21/01/22 12:22:42
21/01/22 12:22:42
/home/pi/reginaldojunior/experimentos/results/socket/800/800/elecNormNew-OzaBagASHTExecutorMAXChunk-25-4-50-88
21/01/22 12:24:48
21/01/22 12:24:48
/home/pi/reginaldojunior/experimentos/results/socket/800/800/elecNormNew-OzaBagASHTExecutorMAXChunk-25-4-50-442
21/01/22 12:26:38
21/01/22 12:26:38
/home/pi/reginaldojunior/experimentos/results/socket/800/800/elecNormNew-OzaBagASHTExecutorMAXChunk-25-4-50-795
21/01/22 12:27:41
21/01/22 12:27:41
/home/pi/reginaldojunior/experimentos/results/socket/800/800/elecNormNew-OzaBagExecutorMAXChunk-25-4-50-95
21/01/22 12:29:48
21/01/22 12:29:48
/home/pi/reginaldojunior/experimentos/results/socket/800/800/elecNormNew-OzaBagExecutorMAXChunk-25-4-50-479
21/01/22 12:31:29
21/01/22 12:31:29
/home/pi/reginaldojunior/experimentos/results/socket/800/800/elecNormNew-OzaBagExecutorMAXChunk-25-4-50-862
21/01/22 12:32:29
21/01/22 12:32:29
/home/pi/reginaldojunior/experimentos/results/socket/800/800/covtypeNorm-AdaptiveRandomForestExecutorMAXChunk-25-4-50-15
21/01/22 12:34:35
21/01/22 12:34:35
/home/pi/reginaldojunior/experimentos/results/socket/800/800/covtypeNorm-AdaptiveRandomForestExecutorMAXChunk-25-4-50-79
21/01/22 12:36:39
21/01/22 12:36:39
/home/pi/reginaldojunior/experimentos/results/socket/800/800/covtypeNorm-AdaptiveRandomForestExecutorMAXChunk-25-4-50-143
21/01/22 12:38:44
21/01/22 12:38:44
/home/pi/reginaldojunior/experimentos/results/socket/800/800/covtypeNorm-LBagExecutorMAXChunk-25-4-50-7
21/01/22 12:40:50
21/01/22 12:40:50
/home/pi/reginaldojunior/experimentos/results/socket/800/800/covtypeNorm-LBagExecutorMAXChunk-25-4-50-38
21/01/22 12:42:57
21/01/22 12:42:57
/home/pi/reginaldojunior/experimentos/results/socket/800/800/covtypeNorm-LBagExecutorMAXChunk-25-4-50-68
21/01/22 12:45:04
21/01/22 12:45:04
/home/pi/reginaldojunior/experimentos/results/socket/800/800/covtypeNorm-StreamingRandomPatchesExecutorMAXChunk-25-4-50-4
21/01/22 12:47:09
21/01/22 12:47:09
/home/pi/reginaldojunior/experimentos/results/socket/800/800/covtypeNorm-StreamingRandomPatchesExecutorMAXChunk-25-4-50-23
21/01/22 12:49:15
21/01/22 12:49:15
/home/pi/reginaldojunior/experimentos/results/socket/800/800/covtypeNorm-StreamingRandomPatchesExecutorMAXChunk-25-4-50-42
21/01/22 12:51:21
21/01/22 12:51:21
/home/pi/reginaldojunior/experimentos/results/socket/800/800/covtypeNorm-OzaBagAdwinExecutorMAXChunk-25-4-50-6
21/01/22 12:53:27
21/01/22 12:53:27
/home/pi/reginaldojunior/experimentos/results/socket/800/800/covtypeNorm-OzaBagAdwinExecutorMAXChunk-25-4-50-32
21/01/22 12:55:34
21/01/22 12:55:34
/home/pi/reginaldojunior/experimentos/results/socket/800/800/covtypeNorm-OzaBagAdwinExecutorMAXChunk-25-4-50-59
21/01/22 12:57:41
21/01/22 12:57:41
/home/pi/reginaldojunior/experimentos/results/socket/800/800/covtypeNorm-OzaBagASHTExecutorMAXChunk-25-4-50-7
21/01/22 12:59:47
21/01/22 12:59:47
/home/pi/reginaldojunior/experimentos/results/socket/800/800/covtypeNorm-OzaBagASHTExecutorMAXChunk-25-4-50-37
21/01/22 13:01:54
21/01/22 13:01:54
/home/pi/reginaldojunior/experimentos/results/socket/800/800/covtypeNorm-OzaBagASHTExecutorMAXChunk-25-4-50-66
21/01/22 13:04:00
21/01/22 13:04:00
/home/pi/reginaldojunior/experimentos/results/socket/800/800/covtypeNorm-OzaBagExecutorMAXChunk-25-4-50-7
21/01/22 13:06:07
21/01/22 13:06:07
/home/pi/reginaldojunior/experimentos/results/socket/800/800/covtypeNorm-OzaBagExecutorMAXChunk-25-4-50-37
21/01/22 13:08:14
21/01/22 13:08:14
/home/pi/reginaldojunior/experimentos/results/socket/800/800/covtypeNorm-OzaBagExecutorMAXChunk-25-4-50-68
21/01/22 13:10:21
21/01/22 13:10:21
/home/pi/reginaldojunior/experimentos/results/socket/800/800/GMSC-AdaptiveRandomForestExecutorMAXChunk-25-4-500-34
21/01/22 13:12:27
21/01/22 13:12:27
/home/pi/reginaldojunior/experimentos/results/socket/800/800/GMSC-AdaptiveRandomForestExecutorMAXChunk-25-4-500-170
21/01/22 13:14:33
21/01/22 13:14:33
/home/pi/reginaldojunior/experimentos/results/socket/800/800/GMSC-AdaptiveRandomForestExecutorMAXChunk-25-4-500-306
21/01/22 13:16:38
21/01/22 13:16:38
/home/pi/reginaldojunior/experimentos/results/socket/800/800/GMSC-LBagExecutorMAXChunk-25-4-500-42
21/01/22 13:18:45
21/01/22 13:18:45
/home/pi/reginaldojunior/experimentos/results/socket/800/800/GMSC-LBagExecutorMAXChunk-25-4-500-210
21/01/22 13:20:51
21/01/22 13:20:51
/home/pi/reginaldojunior/experimentos/results/socket/800/800/GMSC-LBagExecutorMAXChunk-25-4-500-378
21/01/22 13:22:58
21/01/22 13:22:58
/home/pi/reginaldojunior/experimentos/results/socket/800/800/GMSC-StreamingRandomPatchesExecutorMAXChunk-25-4-500-19
21/01/22 13:25:04
21/01/22 13:25:04
/home/pi/reginaldojunior/experimentos/results/socket/800/800/GMSC-StreamingRandomPatchesExecutorMAXChunk-25-4-500-95
21/01/22 13:27:09
21/01/22 13:27:09
/home/pi/reginaldojunior/experimentos/results/socket/800/800/GMSC-StreamingRandomPatchesExecutorMAXChunk-25-4-500-171
21/01/22 13:29:15
21/01/22 13:29:15
/home/pi/reginaldojunior/experimentos/results/socket/800/800/GMSC-OzaBagAdwinExecutorMAXChunk-25-4-500-107
21/01/22 13:31:22
21/01/22 13:31:22
/home/pi/reginaldojunior/experimentos/results/socket/800/800/GMSC-OzaBagAdwinExecutorMAXChunk-25-4-500-537
21/01/22 13:33:28
21/01/22 13:33:28
/home/pi/reginaldojunior/experimentos/results/socket/800/800/GMSC-OzaBagAdwinExecutorMAXChunk-25-4-500-968
21/01/22 13:35:35
21/01/22 13:35:35
/home/pi/reginaldojunior/experimentos/results/socket/800/800/GMSC-OzaBagASHTExecutorMAXChunk-25-4-500-160
21/01/22 13:37:42
21/01/22 13:37:42
/home/pi/reginaldojunior/experimentos/results/socket/800/800/GMSC-OzaBagASHTExecutorMAXChunk-25-4-500-800
21/01/22 13:39:48
21/01/22 13:39:48
/home/pi/reginaldojunior/experimentos/results/socket/800/800/GMSC-OzaBagASHTExecutorMAXChunk-25-4-500-1440
21/01/22 13:41:39
21/01/22 13:41:39
/home/pi/reginaldojunior/experimentos/results/socket/800/800/GMSC-OzaBagExecutorMAXChunk-25-4-500-110
21/01/22 13:43:46
21/01/22 13:43:46
/home/pi/reginaldojunior/experimentos/results/socket/800/800/GMSC-OzaBagExecutorMAXChunk-25-4-500-551
21/01/22 13:45:52
21/01/22 13:45:52
/home/pi/reginaldojunior/experimentos/results/socket/800/800/GMSC-OzaBagExecutorMAXChunk-25-4-500-992
21/01/22 13:47:59
21/01/22 13:47:59
/home/pi/reginaldojunior/experimentos/results/socket/800/800/elecNormNew-AdaptiveRandomForestExecutorMAXChunk-25-4-500-20
21/01/22 13:50:04
21/01/22 13:50:04
/home/pi/reginaldojunior/experimentos/results/socket/800/800/elecNormNew-AdaptiveRandomForestExecutorMAXChunk-25-4-500-102
21/01/22 13:52:10
21/01/22 13:52:10
/home/pi/reginaldojunior/experimentos/results/socket/800/800/elecNormNew-AdaptiveRandomForestExecutorMAXChunk-25-4-500-185
21/01/22 13:54:16
21/01/22 13:54:16
/home/pi/reginaldojunior/experimentos/results/socket/800/800/elecNormNew-LBagExecutorMAXChunk-25-4-500-33
21/01/22 13:56:23
21/01/22 13:56:23
/home/pi/reginaldojunior/experimentos/results/socket/800/800/elecNormNew-LBagExecutorMAXChunk-25-4-500-168
21/01/22 13:58:29
21/01/22 13:58:29
/home/pi/reginaldojunior/experimentos/results/socket/800/800/elecNormNew-LBagExecutorMAXChunk-25-4-500-302
21/01/22 14:00:36
21/01/22 14:00:36
/home/pi/reginaldojunior/experimentos/results/socket/800/800/elecNormNew-StreamingRandomPatchesExecutorMAXChunk-25-4-500-11
21/01/22 14:02:43
21/01/22 14:02:43
/home/pi/reginaldojunior/experimentos/results/socket/800/800/elecNormNew-StreamingRandomPatchesExecutorMAXChunk-25-4-500-56
21/01/22 14:04:48
21/01/22 14:04:48
/home/pi/reginaldojunior/experimentos/results/socket/800/800/elecNormNew-StreamingRandomPatchesExecutorMAXChunk-25-4-500-102
21/01/22 14:06:54
21/01/22 14:06:54
/home/pi/reginaldojunior/experimentos/results/socket/800/800/elecNormNew-OzaBagAdwinExecutorMAXChunk-25-4-500-85
21/01/22 14:09:00
21/01/22 14:09:00
/home/pi/reginaldojunior/experimentos/results/socket/800/800/elecNormNew-OzaBagAdwinExecutorMAXChunk-25-4-500-429
21/01/22 14:10:54
21/01/22 14:10:54
/home/pi/reginaldojunior/experimentos/results/socket/800/800/elecNormNew-OzaBagAdwinExecutorMAXChunk-25-4-500-773
21/01/22 14:12:00
21/01/22 14:12:00
/home/pi/reginaldojunior/experimentos/results/socket/800/800/elecNormNew-OzaBagASHTExecutorMAXChunk-25-4-500-94
21/01/22 14:14:06
21/01/22 14:14:06
/home/pi/reginaldojunior/experimentos/results/socket/800/800/elecNormNew-OzaBagASHTExecutorMAXChunk-25-4-500-470
21/01/22 14:15:49
21/01/22 14:15:49
/home/pi/reginaldojunior/experimentos/results/socket/800/800/elecNormNew-OzaBagASHTExecutorMAXChunk-25-4-500-846
21/01/22 14:16:50
21/01/22 14:16:50
/home/pi/reginaldojunior/experimentos/results/socket/800/800/elecNormNew-OzaBagExecutorMAXChunk-25-4-500-94
21/01/22 14:18:56
21/01/22 14:18:56
/home/pi/reginaldojunior/experimentos/results/socket/800/800/elecNormNew-OzaBagExecutorMAXChunk-25-4-500-471
21/01/22 14:20:40
21/01/22 14:20:40
/home/pi/reginaldojunior/experimentos/results/socket/800/800/elecNormNew-OzaBagExecutorMAXChunk-25-4-500-847
21/01/22 14:21:40
21/01/22 14:21:40
/home/pi/reginaldojunior/experimentos/results/socket/800/800/covtypeNorm-AdaptiveRandomForestExecutorMAXChunk-25-4-500-11
21/01/22 14:23:46
21/01/22 14:23:46
/home/pi/reginaldojunior/experimentos/results/socket/800/800/covtypeNorm-AdaptiveRandomForestExecutorMAXChunk-25-4-500-58
21/01/22 14:25:52
21/01/22 14:25:52
/home/pi/reginaldojunior/experimentos/results/socket/800/800/covtypeNorm-AdaptiveRandomForestExecutorMAXChunk-25-4-500-104
21/01/22 14:27:58
21/01/22 14:27:58
/home/pi/reginaldojunior/experimentos/results/socket/800/800/covtypeNorm-LBagExecutorMAXChunk-25-4-500-7
21/01/22 14:30:04
21/01/22 14:30:04
/home/pi/reginaldojunior/experimentos/results/socket/800/800/covtypeNorm-LBagExecutorMAXChunk-25-4-500-39
21/01/22 14:32:11
21/01/22 14:32:11
/home/pi/reginaldojunior/experimentos/results/socket/800/800/covtypeNorm-LBagExecutorMAXChunk-25-4-500-70
21/01/22 14:34:19
21/01/22 14:34:19
/home/pi/reginaldojunior/experimentos/results/socket/800/800/covtypeNorm-StreamingRandomPatchesExecutorMAXChunk-25-4-500-4
21/01/22 14:36:25
21/01/22 14:36:26
/home/pi/reginaldojunior/experimentos/results/socket/800/800/covtypeNorm-StreamingRandomPatchesExecutorMAXChunk-25-4-500-23
21/01/22 14:38:32
21/01/22 14:38:32
/home/pi/reginaldojunior/experimentos/results/socket/800/800/covtypeNorm-StreamingRandomPatchesExecutorMAXChunk-25-4-500-43
21/01/22 14:40:38
21/01/22 14:40:38
/home/pi/reginaldojunior/experimentos/results/socket/800/800/covtypeNorm-OzaBagAdwinExecutorMAXChunk-25-4-500-6
21/01/22 14:42:45
21/01/22 14:42:45
/home/pi/reginaldojunior/experimentos/results/socket/800/800/covtypeNorm-OzaBagAdwinExecutorMAXChunk-25-4-500-32
21/01/22 14:44:51
21/01/22 14:44:51
/home/pi/reginaldojunior/experimentos/results/socket/800/800/covtypeNorm-OzaBagAdwinExecutorMAXChunk-25-4-500-58
21/01/22 14:46:58
21/01/22 14:46:58
/home/pi/reginaldojunior/experimentos/results/socket/800/800/covtypeNorm-OzaBagASHTExecutorMAXChunk-25-4-500-9
21/01/22 14:49:05
21/01/22 14:49:05
/home/pi/reginaldojunior/experimentos/results/socket/800/800/covtypeNorm-OzaBagASHTExecutorMAXChunk-25-4-500-46
21/01/22 14:51:12
21/01/22 14:51:12
/home/pi/reginaldojunior/experimentos/results/socket/800/800/covtypeNorm-OzaBagASHTExecutorMAXChunk-25-4-500-83
21/01/22 14:53:19
21/01/22 14:53:19
/home/pi/reginaldojunior/experimentos/results/socket/800/800/covtypeNorm-OzaBagExecutorMAXChunk-25-4-500-7
21/01/22 14:55:25
21/01/22 14:55:25
/home/pi/reginaldojunior/experimentos/results/socket/800/800/covtypeNorm-OzaBagExecutorMAXChunk-25-4-500-38
21/01/22 14:57:32
21/01/22 14:57:32
/home/pi/reginaldojunior/experimentos/results/socket/800/800/covtypeNorm-OzaBagExecutorMAXChunk-25-4-500-68
21/01/22 14:59:39
21/01/22 14:59:39
/home/pi/reginaldojunior/experimentos/results/socket/800/800/GMSC-AdaptiveRandomForestExecutorMAXChunk-25-4-2000-31
21/01/22 15:01:45
21/01/22 15:01:45
/home/pi/reginaldojunior/experimentos/results/socket/800/800/GMSC-AdaptiveRandomForestExecutorMAXChunk-25-4-2000-155
21/01/22 15:03:51
21/01/22 15:03:51
/home/pi/reginaldojunior/experimentos/results/socket/800/800/GMSC-AdaptiveRandomForestExecutorMAXChunk-25-4-2000-280
21/01/22 15:05:57
21/01/22 15:05:57
/home/pi/reginaldojunior/experimentos/results/socket/800/800/GMSC-LBagExecutorMAXChunk-25-4-2000-39
21/01/22 15:08:04
21/01/22 15:08:04
/home/pi/reginaldojunior/experimentos/results/socket/800/800/GMSC-LBagExecutorMAXChunk-25-4-2000-199
21/01/22 15:10:10
21/01/22 15:10:10
/home/pi/reginaldojunior/experimentos/results/socket/800/800/GMSC-LBagExecutorMAXChunk-25-4-2000-359
21/01/22 15:12:17
21/01/22 15:12:17
/home/pi/reginaldojunior/experimentos/results/socket/800/800/GMSC-StreamingRandomPatchesExecutorMAXChunk-25-4-2000-18
21/01/22 15:14:32
21/01/22 15:14:32
/home/pi/reginaldojunior/experimentos/results/socket/800/800/GMSC-StreamingRandomPatchesExecutorMAXChunk-25-4-2000-90
21/01/22 15:16:38
21/01/22 15:16:38
/home/pi/reginaldojunior/experimentos/results/socket/800/800/GMSC-StreamingRandomPatchesExecutorMAXChunk-25-4-2000-162
21/01/22 15:18:44
21/01/22 15:18:44
/home/pi/reginaldojunior/experimentos/results/socket/800/800/GMSC-OzaBagAdwinExecutorMAXChunk-25-4-2000-89
21/01/22 15:20:50
21/01/22 15:20:50
/home/pi/reginaldojunior/experimentos/results/socket/800/800/GMSC-OzaBagAdwinExecutorMAXChunk-25-4-2000-449
21/01/22 15:22:57
21/01/22 15:22:57
/home/pi/reginaldojunior/experimentos/results/socket/800/800/GMSC-OzaBagAdwinExecutorMAXChunk-25-4-2000-809
21/01/22 15:25:04
21/01/22 15:25:04
/home/pi/reginaldojunior/experimentos/results/socket/800/800/GMSC-OzaBagASHTExecutorMAXChunk-25-4-2000-155
21/01/22 15:27:10
21/01/22 15:27:10
/home/pi/reginaldojunior/experimentos/results/socket/800/800/GMSC-OzaBagASHTExecutorMAXChunk-25-4-2000-775
21/01/22 15:29:17
21/01/22 15:29:17
/home/pi/reginaldojunior/experimentos/results/socket/800/800/GMSC-OzaBagASHTExecutorMAXChunk-25-4-2000-1396
21/01/22 15:31:12
21/01/22 15:31:12
/home/pi/reginaldojunior/experimentos/results/socket/800/800/GMSC-OzaBagExecutorMAXChunk-25-4-2000-108
21/01/22 15:33:18
21/01/22 15:33:18
/home/pi/reginaldojunior/experimentos/results/socket/800/800/GMSC-OzaBagExecutorMAXChunk-25-4-2000-543
21/01/22 15:35:25
21/01/22 15:35:25
/home/pi/reginaldojunior/experimentos/results/socket/800/800/GMSC-OzaBagExecutorMAXChunk-25-4-2000-977
21/01/22 15:37:32
21/01/22 15:37:32
/home/pi/reginaldojunior/experimentos/results/socket/800/800/elecNormNew-AdaptiveRandomForestExecutorMAXChunk-25-4-2000-19
21/01/22 15:39:47
21/01/22 15:39:48
/home/pi/reginaldojunior/experimentos/results/socket/800/800/elecNormNew-AdaptiveRandomForestExecutorMAXChunk-25-4-2000-99
21/01/22 15:41:54
21/01/22 15:41:54
/home/pi/reginaldojunior/experimentos/results/socket/800/800/elecNormNew-AdaptiveRandomForestExecutorMAXChunk-25-4-2000-178
21/01/22 15:44:00
21/01/22 15:44:00
/home/pi/reginaldojunior/experimentos/results/socket/800/800/elecNormNew-LBagExecutorMAXChunk-25-4-2000-30
21/01/22 15:46:07
21/01/22 15:46:07
/home/pi/reginaldojunior/experimentos/results/socket/800/800/elecNormNew-LBagExecutorMAXChunk-25-4-2000-152
21/01/22 15:48:15
21/01/22 15:48:15
/home/pi/reginaldojunior/experimentos/results/socket/800/800/elecNormNew-LBagExecutorMAXChunk-25-4-2000-273
21/01/22 15:50:22
21/01/22 15:50:22
/home/pi/reginaldojunior/experimentos/results/socket/800/800/elecNormNew-StreamingRandomPatchesExecutorMAXChunk-25-4-2000-10
21/01/22 15:52:41
21/01/22 15:52:42
/home/pi/reginaldojunior/experimentos/results/socket/800/800/elecNormNew-StreamingRandomPatchesExecutorMAXChunk-25-4-2000-54
21/01/22 15:54:50
21/01/22 15:54:50
/home/pi/reginaldojunior/experimentos/results/socket/800/800/elecNormNew-StreamingRandomPatchesExecutorMAXChunk-25-4-2000-98
21/01/22 15:56:58
21/01/22 15:56:58
/home/pi/reginaldojunior/experimentos/results/socket/800/800/elecNormNew-OzaBagAdwinExecutorMAXChunk-25-4-2000-79
21/01/22 15:59:05
21/01/22 15:59:05
/home/pi/reginaldojunior/experimentos/results/socket/800/800/elecNormNew-OzaBagAdwinExecutorMAXChunk-25-4-2000-398
21/01/22 16:01:06
21/01/22 16:01:07
/home/pi/reginaldojunior/experimentos/results/socket/800/800/elecNormNew-OzaBagAdwinExecutorMAXChunk-25-4-2000-717
21/01/22 16:02:16
21/01/22 16:02:16
/home/pi/reginaldojunior/experimentos/results/socket/800/800/elecNormNew-OzaBagASHTExecutorMAXChunk-25-4-2000-82
21/01/22 16:04:23
21/01/22 16:04:23
/home/pi/reginaldojunior/experimentos/results/socket/800/800/elecNormNew-OzaBagASHTExecutorMAXChunk-25-4-2000-410
21/01/22 16:06:20
21/01/22 16:06:20
/home/pi/reginaldojunior/experimentos/results/socket/800/800/elecNormNew-OzaBagASHTExecutorMAXChunk-25-4-2000-739
21/01/22 16:07:29
21/01/22 16:07:29
/home/pi/reginaldojunior/experimentos/results/socket/800/800/elecNormNew-OzaBagExecutorMAXChunk-25-4-2000-95
21/01/22 16:09:36
21/01/22 16:09:36
/home/pi/reginaldojunior/experimentos/results/socket/800/800/elecNormNew-OzaBagExecutorMAXChunk-25-4-2000-476
21/01/22 16:11:18
21/01/22 16:11:18
/home/pi/reginaldojunior/experimentos/results/socket/800/800/elecNormNew-OzaBagExecutorMAXChunk-25-4-2000-857
21/01/22 16:12:18
21/01/22 16:12:18
/home/pi/reginaldojunior/experimentos/results/socket/800/800/covtypeNorm-AdaptiveRandomForestExecutorMAXChunk-25-4-2000-14
21/01/22 16:14:32
21/01/22 16:14:32
/home/pi/reginaldojunior/experimentos/results/socket/800/800/covtypeNorm-AdaptiveRandomForestExecutorMAXChunk-25-4-2000-73
21/01/22 16:16:39
21/01/22 16:16:39
/home/pi/reginaldojunior/experimentos/results/socket/800/800/covtypeNorm-AdaptiveRandomForestExecutorMAXChunk-25-4-2000-132
21/01/22 16:18:44
21/01/22 16:18:44
/home/pi/reginaldojunior/experimentos/results/socket/800/800/covtypeNorm-LBagExecutorMAXChunk-25-4-2000-8
21/01/22 16:20:54
21/01/22 16:20:54
/home/pi/reginaldojunior/experimentos/results/socket/800/800/covtypeNorm-LBagExecutorMAXChunk-25-4-2000-41
21/01/22 16:23:03
21/01/22 16:23:03
/home/pi/reginaldojunior/experimentos/results/socket/800/800/covtypeNorm-LBagExecutorMAXChunk-25-4-2000-74
21/01/22 16:25:09
21/01/22 16:25:10
/home/pi/reginaldojunior/experimentos/results/socket/800/800/covtypeNorm-StreamingRandomPatchesExecutorMAXChunk-25-4-2000-4
21/01/22 16:34:45
21/01/22 16:34:45
/home/pi/reginaldojunior/experimentos/results/socket/800/800/covtypeNorm-StreamingRandomPatchesExecutorMAXChunk-25-4-2000-24
21/01/22 16:36:52
21/01/22 16:36:52
/home/pi/reginaldojunior/experimentos/results/socket/800/800/covtypeNorm-StreamingRandomPatchesExecutorMAXChunk-25-4-2000-43
21/01/22 16:39:01
21/01/22 16:39:01
/home/pi/reginaldojunior/experimentos/results/socket/800/800/covtypeNorm-OzaBagAdwinExecutorMAXChunk-25-4-2000-8
21/01/22 16:41:11
21/01/22 16:41:11
/home/pi/reginaldojunior/experimentos/results/socket/800/800/covtypeNorm-OzaBagAdwinExecutorMAXChunk-25-4-2000-40
21/01/22 16:43:19
21/01/22 16:43:19
/home/pi/reginaldojunior/experimentos/results/socket/800/800/covtypeNorm-OzaBagAdwinExecutorMAXChunk-25-4-2000-73
21/01/22 16:45:28
21/01/22 16:45:28
/home/pi/reginaldojunior/experimentos/results/socket/800/800/covtypeNorm-OzaBagASHTExecutorMAXChunk-25-4-2000-8
21/01/22 16:47:38
21/01/22 16:47:38
/home/pi/reginaldojunior/experimentos/results/socket/800/800/covtypeNorm-OzaBagASHTExecutorMAXChunk-25-4-2000-40
21/01/22 16:49:46
21/01/22 16:49:46
/home/pi/reginaldojunior/experimentos/results/socket/800/800/covtypeNorm-OzaBagASHTExecutorMAXChunk-25-4-2000-73
21/01/22 16:51:54
21/01/22 16:51:54
/home/pi/reginaldojunior/experimentos/results/socket/800/800/covtypeNorm-OzaBagExecutorMAXChunk-25-4-2000-10
21/01/22 16:54:06
21/01/22 16:54:06
/home/pi/reginaldojunior/experimentos/results/socket/800/800/covtypeNorm-OzaBagExecutorMAXChunk-25-4-2000-50
21/01/22 16:56:16
21/01/22 16:56:17
/home/pi/reginaldojunior/experimentos/results/socket/800/800/covtypeNorm-OzaBagExecutorMAXChunk-25-4-2000-90
21/01/22 16:58:25
