29/11/23 08:08:41
/home/pi/reginaldojunior/experimentos/dynamic-batch/7-test//covtypeNorm-AdaptiveRandomForestExecutorMAXChunk
29/11/23 08:18:53
29/11/23 08:18:54
/home/pi/reginaldojunior/experimentos/dynamic-batch/7-test//covtypeNorm-LBagExecutorMAXChunk
29/11/23 08:29:07
29/11/23 08:29:07
/home/pi/reginaldojunior/experimentos/dynamic-batch/7-test//covtypeNorm-StreamingRandomPatchesExecutorMAXChunk
29/11/23 08:39:20
29/11/23 08:39:20
/home/pi/reginaldojunior/experimentos/dynamic-batch/7-test//covtypeNorm-OzaBagAdwinExecutorMAXChunk
29/11/23 08:49:33
29/11/23 08:49:33
/home/pi/reginaldojunior/experimentos/dynamic-batch/7-test//covtypeNorm-OzaBagASHTExecutorMAXChunk
29/11/23 08:59:47
29/11/23 08:59:47
/home/pi/reginaldojunior/experimentos/dynamic-batch/7-test//covtypeNorm-OzaBagExecutorMAXChunk
29/11/23 09:10:00
29/11/23 09:10:00
/home/pi/reginaldojunior/experimentos/dynamic-batch/7-test//airlines-AdaptiveRandomForestExecutorMAXChunk
29/11/23 09:20:14
29/11/23 09:20:14
/home/pi/reginaldojunior/experimentos/dynamic-batch/7-test//airlines-LBagExecutorMAXChunk
29/11/23 09:30:28
29/11/23 09:30:29
/home/pi/reginaldojunior/experimentos/dynamic-batch/7-test//airlines-StreamingRandomPatchesExecutorMAXChunk
29/11/23 09:40:41
29/11/23 09:40:41
/home/pi/reginaldojunior/experimentos/dynamic-batch/7-test//airlines-OzaBagAdwinExecutorMAXChunk
29/11/23 09:50:55
29/11/23 09:50:55
/home/pi/reginaldojunior/experimentos/dynamic-batch/7-test//airlines-OzaBagASHTExecutorMAXChunk
29/11/23 10:01:09
29/11/23 10:01:09
/home/pi/reginaldojunior/experimentos/dynamic-batch/7-test//airlines-OzaBagExecutorMAXChunk
29/11/23 10:11:23
29/11/23 10:11:23
/home/pi/reginaldojunior/experimentos/dynamic-batch/7-test//elecNormNew-AdaptiveRandomForestExecutorMAXChunk
29/11/23 10:21:36
29/11/23 10:21:36
/home/pi/reginaldojunior/experimentos/dynamic-batch/7-test//elecNormNew-LBagExecutorMAXChunk
29/11/23 10:31:49
29/11/23 10:31:49
/home/pi/reginaldojunior/experimentos/dynamic-batch/7-test//elecNormNew-StreamingRandomPatchesExecutorMAXChunk
29/11/23 10:42:01
29/11/23 10:42:01
/home/pi/reginaldojunior/experimentos/dynamic-batch/7-test//elecNormNew-OzaBagAdwinExecutorMAXChunk
29/11/23 10:52:15
29/11/23 10:52:15
/home/pi/reginaldojunior/experimentos/dynamic-batch/7-test//elecNormNew-OzaBagASHTExecutorMAXChunk
29/11/23 10:55:24
29/11/23 10:55:24
/home/pi/reginaldojunior/experimentos/dynamic-batch/7-test//elecNormNew-OzaBagExecutorMAXChunk
29/11/23 10:59:36
29/11/23 10:59:36
/home/pi/reginaldojunior/experimentos/dynamic-batch/7-test//GMSC-AdaptiveRandomForestExecutorMAXChunk
29/11/23 11:09:48
29/11/23 11:09:48
/home/pi/reginaldojunior/experimentos/dynamic-batch/7-test//GMSC-LBagExecutorMAXChunk
29/11/23 11:20:02
29/11/23 11:20:02
/home/pi/reginaldojunior/experimentos/dynamic-batch/7-test//GMSC-StreamingRandomPatchesExecutorMAXChunk
29/11/23 11:30:14
29/11/23 11:30:14
/home/pi/reginaldojunior/experimentos/dynamic-batch/7-test//GMSC-OzaBagAdwinExecutorMAXChunk
29/11/23 11:40:09
29/11/23 11:40:09
/home/pi/reginaldojunior/experimentos/dynamic-batch/7-test//GMSC-OzaBagASHTExecutorMAXChunk
29/11/23 11:45:20
29/11/23 11:45:20
/home/pi/reginaldojunior/experimentos/dynamic-batch/7-test//GMSC-OzaBagExecutorMAXChunk
29/11/23 11:53:47
29/11/23 11:53:47
