18/11/23 07:24:33
/home/pi/reginaldojunior/experimentos/dynamic-batch/1//covtypeNorm-AdaptiveRandomForestExecutorMAXChunk
18/11/23 07:26:55
/home/pi/reginaldojunior/experimentos/dynamic-batch/1//covtypeNorm-AdaptiveRandomForestExecutorMAXChunk
18/11/23 07:37:07
18/11/23 07:37:08
/home/pi/reginaldojunior/experimentos/dynamic-batch/1//covtypeNorm-LBagExecutorMAXChunk
18/11/23 07:47:21
18/11/23 07:47:21
/home/pi/reginaldojunior/experimentos/dynamic-batch/1//covtypeNorm-StreamingRandomPatchesExecutorMAXChunk
18/11/23 07:57:34
18/11/23 07:57:34
/home/pi/reginaldojunior/experimentos/dynamic-batch/1//covtypeNorm-OzaBagAdwinExecutorMAXChunk
18/11/23 08:07:48
18/11/23 08:07:48
/home/pi/reginaldojunior/experimentos/dynamic-batch/1//covtypeNorm-OzaBagASHTExecutorMAXChunk
18/11/23 08:18:01
18/11/23 08:18:01
/home/pi/reginaldojunior/experimentos/dynamic-batch/1//covtypeNorm-OzaBagExecutorMAXChunk
18/11/23 08:28:15
18/11/23 08:28:15
/home/pi/reginaldojunior/experimentos/dynamic-batch/1//airlines-AdaptiveRandomForestExecutorMAXChunk
18/11/23 08:28:28
18/11/23 08:28:28
/home/pi/reginaldojunior/experimentos/dynamic-batch/1//airlines-LBagExecutorMAXChunk
18/11/23 08:29:41
18/11/23 08:29:41
/home/pi/reginaldojunior/experimentos/dynamic-batch/1//airlines-StreamingRandomPatchesExecutorMAXChunk
18/11/23 08:31:53
18/11/23 08:31:53
/home/pi/reginaldojunior/experimentos/dynamic-batch/1//airlines-OzaBagAdwinExecutorMAXChunk
18/11/23 08:34:07
18/11/23 08:34:07
/home/pi/reginaldojunior/experimentos/dynamic-batch/1//airlines-OzaBagASHTExecutorMAXChunk
18/11/23 08:35:21
18/11/23 08:35:21
/home/pi/reginaldojunior/experimentos/dynamic-batch/1//airlines-OzaBagExecutorMAXChunk
18/11/23 08:36:34
18/11/23 08:36:34
/home/pi/reginaldojunior/experimentos/dynamic-batch/1//elecNormNew-AdaptiveRandomForestExecutorMAXChunk
18/11/23 08:41:46
18/11/23 08:41:46
/home/pi/reginaldojunior/experimentos/dynamic-batch/1//elecNormNew-LBagExecutorMAXChunk
18/11/23 08:44:00
18/11/23 08:44:00
/home/pi/reginaldojunior/experimentos/dynamic-batch/1//elecNormNew-StreamingRandomPatchesExecutorMAXChunk
18/11/23 08:50:12
18/11/23 08:50:13
/home/pi/reginaldojunior/experimentos/dynamic-batch/1//elecNormNew-OzaBagAdwinExecutorMAXChunk
18/11/23 08:50:26
18/11/23 08:50:26
/home/pi/reginaldojunior/experimentos/dynamic-batch/1//elecNormNew-OzaBagASHTExecutorMAXChunk
18/11/23 08:52:39
18/11/23 08:52:39
/home/pi/reginaldojunior/experimentos/dynamic-batch/1//elecNormNew-OzaBagExecutorMAXChunk
18/11/23 08:52:52
18/11/23 08:52:52
/home/pi/reginaldojunior/experimentos/dynamic-batch/1//GMSC-AdaptiveRandomForestExecutorMAXChunk
18/11/23 08:56:04
18/11/23 08:56:04
/home/pi/reginaldojunior/experimentos/dynamic-batch/1//GMSC-LBagExecutorMAXChunk
18/11/23 08:59:17
18/11/23 08:59:17
/home/pi/reginaldojunior/experimentos/dynamic-batch/1//GMSC-StreamingRandomPatchesExecutorMAXChunk
18/11/23 09:01:29
18/11/23 09:01:29
/home/pi/reginaldojunior/experimentos/dynamic-batch/1//GMSC-OzaBagAdwinExecutorMAXChunk
18/11/23 09:04:42
18/11/23 09:04:42
/home/pi/reginaldojunior/experimentos/dynamic-batch/1//GMSC-OzaBagASHTExecutorMAXChunk
18/11/23 09:04:55
18/11/23 09:04:55
/home/pi/reginaldojunior/experimentos/dynamic-batch/1//GMSC-OzaBagExecutorMAXChunk
18/11/23 09:07:08
18/11/23 09:07:08
18/11/23 13:33:02
/home/pi/reginaldojunior/experimentos/dynamic-batch/1//airlines-AdaptiveRandomForestExecutorMAXChunk
18/11/23 13:43:15
18/11/23 13:43:15
/home/pi/reginaldojunior/experimentos/dynamic-batch/1//airlines-LBagExecutorMAXChunk
18/11/23 13:55:42
18/11/23 13:55:42
/home/pi/reginaldojunior/experimentos/dynamic-batch/1//airlines-StreamingRandomPatchesExecutorMAXChunk
18/11/23 14:05:55
18/11/23 14:05:55
/home/pi/reginaldojunior/experimentos/dynamic-batch/1//airlines-OzaBagAdwinExecutorMAXChunk
18/11/23 14:16:09
18/11/23 14:16:09
/home/pi/reginaldojunior/experimentos/dynamic-batch/1//airlines-OzaBagASHTExecutorMAXChunk
18/11/23 14:26:23
18/11/23 14:26:23
/home/pi/reginaldojunior/experimentos/dynamic-batch/1//airlines-OzaBagExecutorMAXChunk
18/11/23 14:36:36
18/11/23 14:36:36
/home/pi/reginaldojunior/experimentos/dynamic-batch/1//elecNormNew-AdaptiveRandomForestExecutorMAXChunk
18/11/23 14:46:49
18/11/23 14:46:49
/home/pi/reginaldojunior/experimentos/dynamic-batch/1//elecNormNew-LBagExecutorMAXChunk
18/11/23 14:57:03
18/11/23 14:57:03
/home/pi/reginaldojunior/experimentos/dynamic-batch/1//elecNormNew-StreamingRandomPatchesExecutorMAXChunk
18/11/23 15:07:15
18/11/23 15:07:15
/home/pi/reginaldojunior/experimentos/dynamic-batch/1//elecNormNew-OzaBagAdwinExecutorMAXChunk
18/11/23 15:11:58
18/11/23 15:11:58
/home/pi/reginaldojunior/experimentos/dynamic-batch/1//elecNormNew-OzaBagASHTExecutorMAXChunk
18/11/23 15:16:50
18/11/23 15:16:50
/home/pi/reginaldojunior/experimentos/dynamic-batch/1//elecNormNew-OzaBagExecutorMAXChunk
18/11/23 15:19:26
18/11/23 15:19:26
/home/pi/reginaldojunior/experimentos/dynamic-batch/1//GMSC-AdaptiveRandomForestExecutorMAXChunk
18/11/23 15:29:38
18/11/23 15:29:38
/home/pi/reginaldojunior/experimentos/dynamic-batch/1//GMSC-LBagExecutorMAXChunk
18/11/23 15:39:52
18/11/23 15:39:52
/home/pi/reginaldojunior/experimentos/dynamic-batch/1//GMSC-StreamingRandomPatchesExecutorMAXChunk
18/11/23 15:50:04
18/11/23 15:50:05
/home/pi/reginaldojunior/experimentos/dynamic-batch/1//GMSC-OzaBagAdwinExecutorMAXChunk
18/11/23 16:00:18
18/11/23 16:00:18
/home/pi/reginaldojunior/experimentos/dynamic-batch/1//GMSC-OzaBagASHTExecutorMAXChunk
18/11/23 16:05:42
18/11/23 16:05:42
/home/pi/reginaldojunior/experimentos/dynamic-batch/1//GMSC-OzaBagExecutorMAXChunk
18/11/23 16:12:46
18/11/23 16:12:46
