05/11/23 06:52:14
/home/pi/reginaldojunior/experimentos/socket/mb-socket-dynamic/all-batches-9//elecNormNew-AdaptiveRandomForestExecutorMAXChunk-25-4-25-316
05/11/23 07:00:47
05/11/23 07:00:47
/home/pi/reginaldojunior/experimentos/socket/mb-socket-dynamic/all-batches-9//elecNormNew-LBagExecutorMAXChunk-25-4-25-524
05/11/23 07:08:31
05/11/23 07:08:31
/home/pi/reginaldojunior/experimentos/socket/mb-socket-dynamic/all-batches-9//elecNormNew-StreamingRandomPatchesExecutorMAXChunk-25-4-25-169
05/11/23 07:18:36
05/11/23 07:18:36
/home/pi/reginaldojunior/experimentos/socket/mb-socket-dynamic/all-batches-9//elecNormNew-OzaBagAdwinExecutorMAXChunk-25-4-25-1208
05/11/23 07:25:04
05/11/23 07:25:04
/home/pi/reginaldojunior/experimentos/socket/mb-socket-dynamic/all-batches-9//elecNormNew-OzaBagASHTExecutorMAXChunk-25-4-25-1496
05/11/23 07:27:35
05/11/23 07:27:35
/home/pi/reginaldojunior/experimentos/socket/mb-socket-dynamic/all-batches-9//elecNormNew-OzaBagExecutorMAXChunk-25-4-25-1664
05/11/23 07:29:11
05/11/23 07:29:11
/home/pi/reginaldojunior/experimentos/socket/mb-socket-dynamic/all-batches-9//covtypeNorm-AdaptiveRandomForestExecutorMAXChunk-25-4-25-207
05/11/23 07:39:17
05/11/23 07:39:17
/home/pi/reginaldojunior/experimentos/socket/mb-socket-dynamic/all-batches-9//covtypeNorm-LBagExecutorMAXChunk-25-4-25-150
05/11/23 07:49:24
05/11/23 07:49:24
/home/pi/reginaldojunior/experimentos/socket/mb-socket-dynamic/all-batches-9//covtypeNorm-StreamingRandomPatchesExecutorMAXChunk-25-4-25-68
05/11/23 07:59:29
05/11/23 07:59:29
/home/pi/reginaldojunior/experimentos/socket/mb-socket-dynamic/all-batches-9//covtypeNorm-OzaBagAdwinExecutorMAXChunk-25-4-25-283
05/11/23 08:09:36
05/11/23 08:09:36
/home/pi/reginaldojunior/experimentos/socket/mb-socket-dynamic/all-batches-9//covtypeNorm-OzaBagASHTExecutorMAXChunk-25-4-25-251
05/11/23 08:19:42
05/11/23 08:19:42
/home/pi/reginaldojunior/experimentos/socket/mb-socket-dynamic/all-batches-9//covtypeNorm-OzaBagExecutorMAXChunk-25-4-25-288
05/11/23 08:29:48
05/11/23 08:29:48
/home/pi/reginaldojunior/experimentos/socket/mb-socket-dynamic/all-batches-9//airlines-AdaptiveRandomForestExecutorMAXChunk-25-4-25-66
05/11/23 08:39:54
05/11/23 08:39:54
/home/pi/reginaldojunior/experimentos/socket/mb-socket-dynamic/all-batches-9//airlines-LBagExecutorMAXChunk-25-4-25-46
05/11/23 08:50:01
05/11/23 08:50:01
/home/pi/reginaldojunior/experimentos/socket/mb-socket-dynamic/all-batches-9//airlines-StreamingRandomPatchesExecutorMAXChunk-25-4-25-69
05/11/23 09:00:06
05/11/23 09:00:06
/home/pi/reginaldojunior/experimentos/socket/mb-socket-dynamic/all-batches-9//airlines-OzaBagAdwinExecutorMAXChunk-25-4-25-170
05/11/23 09:10:13
05/11/23 09:10:13
/home/pi/reginaldojunior/experimentos/socket/mb-socket-dynamic/all-batches-9//airlines-OzaBagASHTExecutorMAXChunk-25-4-25-177
05/11/23 09:20:20
05/11/23 09:20:20
/home/pi/reginaldojunior/experimentos/socket/mb-socket-dynamic/all-batches-9//airlines-OzaBagExecutorMAXChunk-25-4-25-170
05/11/23 09:30:27
05/11/23 09:30:28
/home/pi/reginaldojunior/experimentos/socket/mb-socket-dynamic/all-batches-9//GMSC-AdaptiveRandomForestExecutorMAXChunk-25-4-25-540
05/11/23 09:40:34
05/11/23 09:40:34
/home/pi/reginaldojunior/experimentos/socket/mb-socket-dynamic/all-batches-9//GMSC-LBagExecutorMAXChunk-25-4-25-716
05/11/23 09:50:41
05/11/23 09:50:41
/home/pi/reginaldojunior/experimentos/socket/mb-socket-dynamic/all-batches-9//GMSC-StreamingRandomPatchesExecutorMAXChunk-25-4-25-295
05/11/23 10:00:47
05/11/23 10:00:47
/home/pi/reginaldojunior/experimentos/socket/mb-socket-dynamic/all-batches-9//GMSC-OzaBagAdwinExecutorMAXChunk-25-4-25-1709
05/11/23 10:06:21
05/11/23 10:06:21
/home/pi/reginaldojunior/experimentos/socket/mb-socket-dynamic/all-batches-9//GMSC-OzaBagASHTExecutorMAXChunk-25-4-25-2263
05/11/23 10:08:52
05/11/23 10:08:52
/home/pi/reginaldojunior/experimentos/socket/mb-socket-dynamic/all-batches-9//GMSC-OzaBagExecutorMAXChunk-25-4-25-2260
05/11/23 10:12:44
05/11/23 10:12:44
/home/pi/reginaldojunior/experimentos/socket/mb-socket-dynamic/all-batches-9//elecNormNew-AdaptiveRandomForestExecutorMAXChunk-25-4-50-316
05/11/23 10:22:49
05/11/23 10:22:49
/home/pi/reginaldojunior/experimentos/socket/mb-socket-dynamic/all-batches-9//elecNormNew-LBagExecutorMAXChunk-25-4-50-524
05/11/23 10:27:46
05/11/23 10:27:46
/home/pi/reginaldojunior/experimentos/socket/mb-socket-dynamic/all-batches-9//elecNormNew-StreamingRandomPatchesExecutorMAXChunk-25-4-50-169
05/11/23 10:37:51
05/11/23 10:37:51
/home/pi/reginaldojunior/experimentos/socket/mb-socket-dynamic/all-batches-9//elecNormNew-OzaBagAdwinExecutorMAXChunk-25-4-50-1208
05/11/23 10:42:29
05/11/23 10:42:29
/home/pi/reginaldojunior/experimentos/socket/mb-socket-dynamic/all-batches-9//elecNormNew-OzaBagASHTExecutorMAXChunk-25-4-50-1496
05/11/23 10:47:40
05/11/23 10:47:40
/home/pi/reginaldojunior/experimentos/socket/mb-socket-dynamic/all-batches-9//elecNormNew-OzaBagExecutorMAXChunk-25-4-50-1664
05/11/23 10:48:58
05/11/23 10:48:58
/home/pi/reginaldojunior/experimentos/socket/mb-socket-dynamic/all-batches-9//covtypeNorm-AdaptiveRandomForestExecutorMAXChunk-25-4-50-207
05/11/23 10:59:03
05/11/23 10:59:03
/home/pi/reginaldojunior/experimentos/socket/mb-socket-dynamic/all-batches-9//covtypeNorm-LBagExecutorMAXChunk-25-4-50-150
05/11/23 11:09:10
05/11/23 11:09:10
/home/pi/reginaldojunior/experimentos/socket/mb-socket-dynamic/all-batches-9//covtypeNorm-StreamingRandomPatchesExecutorMAXChunk-25-4-50-68
05/11/23 11:19:15
05/11/23 11:19:15
/home/pi/reginaldojunior/experimentos/socket/mb-socket-dynamic/all-batches-9//covtypeNorm-OzaBagAdwinExecutorMAXChunk-25-4-50-283
05/11/23 11:29:22
05/11/23 11:29:22
/home/pi/reginaldojunior/experimentos/socket/mb-socket-dynamic/all-batches-9//covtypeNorm-OzaBagASHTExecutorMAXChunk-25-4-50-251
05/11/23 11:39:28
05/11/23 11:39:28
/home/pi/reginaldojunior/experimentos/socket/mb-socket-dynamic/all-batches-9//covtypeNorm-OzaBagExecutorMAXChunk-25-4-50-288
05/11/23 11:49:34
05/11/23 11:49:34
/home/pi/reginaldojunior/experimentos/socket/mb-socket-dynamic/all-batches-9//airlines-AdaptiveRandomForestExecutorMAXChunk-25-4-50-66
05/11/23 11:59:40
05/11/23 11:59:40
/home/pi/reginaldojunior/experimentos/socket/mb-socket-dynamic/all-batches-9//airlines-LBagExecutorMAXChunk-25-4-50-46
05/11/23 12:09:47
05/11/23 12:09:47
/home/pi/reginaldojunior/experimentos/socket/mb-socket-dynamic/all-batches-9//airlines-StreamingRandomPatchesExecutorMAXChunk-25-4-50-69
05/11/23 12:19:53
05/11/23 12:19:53
/home/pi/reginaldojunior/experimentos/socket/mb-socket-dynamic/all-batches-9//airlines-OzaBagAdwinExecutorMAXChunk-25-4-50-170
05/11/23 12:30:00
05/11/23 12:30:00
/home/pi/reginaldojunior/experimentos/socket/mb-socket-dynamic/all-batches-9//airlines-OzaBagASHTExecutorMAXChunk-25-4-50-177
05/11/23 12:40:07
05/11/23 12:40:07
/home/pi/reginaldojunior/experimentos/socket/mb-socket-dynamic/all-batches-9//airlines-OzaBagExecutorMAXChunk-25-4-50-170
05/11/23 12:50:15
05/11/23 12:50:15
/home/pi/reginaldojunior/experimentos/socket/mb-socket-dynamic/all-batches-9//GMSC-AdaptiveRandomForestExecutorMAXChunk-25-4-50-540
05/11/23 13:00:22
05/11/23 13:00:22
/home/pi/reginaldojunior/experimentos/socket/mb-socket-dynamic/all-batches-9//GMSC-LBagExecutorMAXChunk-25-4-50-716
05/11/23 13:10:28
05/11/23 13:10:28
/home/pi/reginaldojunior/experimentos/socket/mb-socket-dynamic/all-batches-9//GMSC-StreamingRandomPatchesExecutorMAXChunk-25-4-50-295
05/11/23 13:20:34
05/11/23 13:20:34
/home/pi/reginaldojunior/experimentos/socket/mb-socket-dynamic/all-batches-9//GMSC-OzaBagAdwinExecutorMAXChunk-25-4-50-1709
05/11/23 13:25:01
05/11/23 13:25:01
/home/pi/reginaldojunior/experimentos/socket/mb-socket-dynamic/all-batches-9//GMSC-OzaBagASHTExecutorMAXChunk-25-4-50-2263
05/11/23 13:29:55
05/11/23 13:29:55
/home/pi/reginaldojunior/experimentos/socket/mb-socket-dynamic/all-batches-9//GMSC-OzaBagExecutorMAXChunk-25-4-50-2260
05/11/23 13:33:49
05/11/23 13:33:49
/home/pi/reginaldojunior/experimentos/socket/mb-socket-dynamic/all-batches-9//elecNormNew-AdaptiveRandomForestExecutorMAXChunk-25-4-500-316
05/11/23 13:43:55
05/11/23 13:43:55
/home/pi/reginaldojunior/experimentos/socket/mb-socket-dynamic/all-batches-9//elecNormNew-LBagExecutorMAXChunk-25-4-500-524
05/11/23 13:49:29
05/11/23 13:49:29
/home/pi/reginaldojunior/experimentos/socket/mb-socket-dynamic/all-batches-9//elecNormNew-StreamingRandomPatchesExecutorMAXChunk-25-4-500-169
05/11/23 13:59:36
05/11/23 13:59:36
/home/pi/reginaldojunior/experimentos/socket/mb-socket-dynamic/all-batches-9//elecNormNew-OzaBagAdwinExecutorMAXChunk-25-4-500-1208
05/11/23 14:01:57
05/11/23 14:01:57
/home/pi/reginaldojunior/experimentos/socket/mb-socket-dynamic/all-batches-9//elecNormNew-OzaBagASHTExecutorMAXChunk-25-4-500-1496
05/11/23 14:04:56
05/11/23 14:04:56
/home/pi/reginaldojunior/experimentos/socket/mb-socket-dynamic/all-batches-9//elecNormNew-OzaBagExecutorMAXChunk-25-4-500-1664
05/11/23 14:08:30
05/11/23 14:08:30
/home/pi/reginaldojunior/experimentos/socket/mb-socket-dynamic/all-batches-9//covtypeNorm-AdaptiveRandomForestExecutorMAXChunk-25-4-500-207
05/11/23 14:18:36
05/11/23 14:18:36
/home/pi/reginaldojunior/experimentos/socket/mb-socket-dynamic/all-batches-9//covtypeNorm-LBagExecutorMAXChunk-25-4-500-150
05/11/23 14:28:43
05/11/23 14:28:43
/home/pi/reginaldojunior/experimentos/socket/mb-socket-dynamic/all-batches-9//covtypeNorm-StreamingRandomPatchesExecutorMAXChunk-25-4-500-68
05/11/23 14:38:50
05/11/23 14:38:50
/home/pi/reginaldojunior/experimentos/socket/mb-socket-dynamic/all-batches-9//covtypeNorm-OzaBagAdwinExecutorMAXChunk-25-4-500-283
05/11/23 14:48:57
05/11/23 14:48:57
/home/pi/reginaldojunior/experimentos/socket/mb-socket-dynamic/all-batches-9//covtypeNorm-OzaBagASHTExecutorMAXChunk-25-4-500-251
05/11/23 14:59:04
05/11/23 14:59:04
/home/pi/reginaldojunior/experimentos/socket/mb-socket-dynamic/all-batches-9//covtypeNorm-OzaBagExecutorMAXChunk-25-4-500-288
05/11/23 15:09:10
05/11/23 15:09:10
/home/pi/reginaldojunior/experimentos/socket/mb-socket-dynamic/all-batches-9//airlines-AdaptiveRandomForestExecutorMAXChunk-25-4-500-66
05/11/23 15:19:17
05/11/23 15:19:17
/home/pi/reginaldojunior/experimentos/socket/mb-socket-dynamic/all-batches-9//airlines-LBagExecutorMAXChunk-25-4-500-46
05/11/23 15:29:28
05/11/23 15:29:28
/home/pi/reginaldojunior/experimentos/socket/mb-socket-dynamic/all-batches-9//airlines-StreamingRandomPatchesExecutorMAXChunk-25-4-500-69
05/11/23 15:39:38
05/11/23 15:39:38
/home/pi/reginaldojunior/experimentos/socket/mb-socket-dynamic/all-batches-9//airlines-OzaBagAdwinExecutorMAXChunk-25-4-500-170
05/11/23 15:49:44
05/11/23 15:49:44
/home/pi/reginaldojunior/experimentos/socket/mb-socket-dynamic/all-batches-9//airlines-OzaBagASHTExecutorMAXChunk-25-4-500-177
05/11/23 15:59:51
05/11/23 15:59:51
/home/pi/reginaldojunior/experimentos/socket/mb-socket-dynamic/all-batches-9//airlines-OzaBagExecutorMAXChunk-25-4-500-170
05/11/23 16:09:59
05/11/23 16:10:00
/home/pi/reginaldojunior/experimentos/socket/mb-socket-dynamic/all-batches-9//GMSC-AdaptiveRandomForestExecutorMAXChunk-25-4-500-540
05/11/23 16:20:05
05/11/23 16:20:05
/home/pi/reginaldojunior/experimentos/socket/mb-socket-dynamic/all-batches-9//GMSC-LBagExecutorMAXChunk-25-4-500-716
05/11/23 16:30:12
05/11/23 16:30:12
/home/pi/reginaldojunior/experimentos/socket/mb-socket-dynamic/all-batches-9//GMSC-StreamingRandomPatchesExecutorMAXChunk-25-4-500-295
05/11/23 16:40:19
05/11/23 16:40:19
/home/pi/reginaldojunior/experimentos/socket/mb-socket-dynamic/all-batches-9//GMSC-OzaBagAdwinExecutorMAXChunk-25-4-500-1709
05/11/23 16:45:10
05/11/23 16:45:10
/home/pi/reginaldojunior/experimentos/socket/mb-socket-dynamic/all-batches-9//GMSC-OzaBagASHTExecutorMAXChunk-25-4-500-2263
05/11/23 16:48:42
05/11/23 16:48:42
/home/pi/reginaldojunior/experimentos/socket/mb-socket-dynamic/all-batches-9//GMSC-OzaBagExecutorMAXChunk-25-4-500-2260
05/11/23 16:52:14
05/11/23 16:52:14
/home/pi/reginaldojunior/experimentos/socket/mb-socket-dynamic/all-batches-9//elecNormNew-AdaptiveRandomForestExecutorMAXChunk-25-4-2000-316
05/11/23 17:02:20
05/11/23 17:02:20
/home/pi/reginaldojunior/experimentos/socket/mb-socket-dynamic/all-batches-9//elecNormNew-LBagExecutorMAXChunk-25-4-2000-524
05/11/23 17:12:27
05/11/23 17:12:27
/home/pi/reginaldojunior/experimentos/socket/mb-socket-dynamic/all-batches-9//elecNormNew-StreamingRandomPatchesExecutorMAXChunk-25-4-2000-169
05/11/23 17:22:34
05/11/23 17:22:34
/home/pi/reginaldojunior/experimentos/socket/mb-socket-dynamic/all-batches-9//elecNormNew-OzaBagAdwinExecutorMAXChunk-25-4-2000-1208
05/11/23 17:26:14
05/11/23 17:26:14
/home/pi/reginaldojunior/experimentos/socket/mb-socket-dynamic/all-batches-9//elecNormNew-OzaBagASHTExecutorMAXChunk-25-4-2000-1496
05/11/23 17:27:50
05/11/23 17:27:50
/home/pi/reginaldojunior/experimentos/socket/mb-socket-dynamic/all-batches-9//elecNormNew-OzaBagExecutorMAXChunk-25-4-2000-1664
05/11/23 17:30:19
05/11/23 17:30:19
/home/pi/reginaldojunior/experimentos/socket/mb-socket-dynamic/all-batches-9//covtypeNorm-AdaptiveRandomForestExecutorMAXChunk-25-4-2000-207
05/11/23 17:40:26
05/11/23 17:40:26
/home/pi/reginaldojunior/experimentos/socket/mb-socket-dynamic/all-batches-9//covtypeNorm-LBagExecutorMAXChunk-25-4-2000-150
05/11/23 17:50:33
05/11/23 17:50:33
/home/pi/reginaldojunior/experimentos/socket/mb-socket-dynamic/all-batches-9//covtypeNorm-StreamingRandomPatchesExecutorMAXChunk-25-4-2000-68
05/11/23 18:00:47
05/11/23 18:00:47
/home/pi/reginaldojunior/experimentos/socket/mb-socket-dynamic/all-batches-9//covtypeNorm-OzaBagAdwinExecutorMAXChunk-25-4-2000-283
05/11/23 18:10:56
05/11/23 18:10:56
/home/pi/reginaldojunior/experimentos/socket/mb-socket-dynamic/all-batches-9//covtypeNorm-OzaBagASHTExecutorMAXChunk-25-4-2000-251
05/11/23 18:21:05
05/11/23 18:21:05
/home/pi/reginaldojunior/experimentos/socket/mb-socket-dynamic/all-batches-9//covtypeNorm-OzaBagExecutorMAXChunk-25-4-2000-288
05/11/23 18:31:14
05/11/23 18:31:14
/home/pi/reginaldojunior/experimentos/socket/mb-socket-dynamic/all-batches-9//airlines-AdaptiveRandomForestExecutorMAXChunk-25-4-2000-66
05/11/23 18:41:24
05/11/23 18:41:24
/home/pi/reginaldojunior/experimentos/socket/mb-socket-dynamic/all-batches-9//airlines-LBagExecutorMAXChunk-25-4-2000-46
05/11/23 18:52:32
05/11/23 18:52:32
/home/pi/reginaldojunior/experimentos/socket/mb-socket-dynamic/all-batches-9//airlines-StreamingRandomPatchesExecutorMAXChunk-25-4-2000-69
05/11/23 19:03:00
05/11/23 19:03:00
/home/pi/reginaldojunior/experimentos/socket/mb-socket-dynamic/all-batches-9//airlines-OzaBagAdwinExecutorMAXChunk-25-4-2000-170
05/11/23 19:13:08
05/11/23 19:13:08
/home/pi/reginaldojunior/experimentos/socket/mb-socket-dynamic/all-batches-9//airlines-OzaBagASHTExecutorMAXChunk-25-4-2000-177
05/11/23 19:23:17
05/11/23 19:23:17
/home/pi/reginaldojunior/experimentos/socket/mb-socket-dynamic/all-batches-9//airlines-OzaBagExecutorMAXChunk-25-4-2000-170
05/11/23 19:33:28
05/11/23 19:33:28
/home/pi/reginaldojunior/experimentos/socket/mb-socket-dynamic/all-batches-9//GMSC-AdaptiveRandomForestExecutorMAXChunk-25-4-2000-540
05/11/23 19:43:35
05/11/23 19:43:35
/home/pi/reginaldojunior/experimentos/socket/mb-socket-dynamic/all-batches-9//GMSC-LBagExecutorMAXChunk-25-4-2000-716
05/11/23 19:53:42
05/11/23 19:53:42
/home/pi/reginaldojunior/experimentos/socket/mb-socket-dynamic/all-batches-9//GMSC-StreamingRandomPatchesExecutorMAXChunk-25-4-2000-295
05/11/23 20:03:50
05/11/23 20:03:50
/home/pi/reginaldojunior/experimentos/socket/mb-socket-dynamic/all-batches-9//GMSC-OzaBagAdwinExecutorMAXChunk-25-4-2000-1709
05/11/23 20:07:09
05/11/23 20:07:09
/home/pi/reginaldojunior/experimentos/socket/mb-socket-dynamic/all-batches-9//GMSC-OzaBagASHTExecutorMAXChunk-25-4-2000-2263
05/11/23 20:14:25
05/11/23 20:14:25
/home/pi/reginaldojunior/experimentos/socket/mb-socket-dynamic/all-batches-9//GMSC-OzaBagExecutorMAXChunk-25-4-2000-2260
05/11/23 20:20:04
