28/08/23 09:59:39
28/08/23 09:59:50
/home/pi/reginaldojunior/experimentos/socket/loop-fusion/elecNormNew-AdaptiveRandomForestSequential-25-1-1-31-1
28/08/23 10:01:55
28/08/23 10:01:55
/home/pi/reginaldojunior/experimentos/socket/loop-fusion/elecNormNew-AdaptiveRandomForestExecutorMAXChunk-25-4-500-45-2
28/08/23 10:04:01
28/08/23 10:04:01
/home/pi/reginaldojunior/experimentos/socket/loop-fusion/elecNormNew-AdaptiveRandomForestExecutorMAXChunk-25-4-500-74-3
28/08/23 10:06:06
28/08/23 10:06:06
/home/pi/reginaldojunior/experimentos/socket/loop-fusion/elecNormNew-AdaptiveRandomForestSequential-25-1-1-157-1
28/08/23 10:08:11
28/08/23 10:08:11
/home/pi/reginaldojunior/experimentos/socket/loop-fusion/elecNormNew-AdaptiveRandomForestExecutorMAXChunk-25-4-500-229-2
28/08/23 10:10:17
28/08/23 10:10:17
/home/pi/reginaldojunior/experimentos/socket/loop-fusion/elecNormNew-AdaptiveRandomForestExecutorMAXChunk-25-4-500-373-3
28/08/23 10:12:22
28/08/23 10:12:22
/home/pi/reginaldojunior/experimentos/socket/loop-fusion/elecNormNew-AdaptiveRandomForestSequential-25-1-1-284-1
28/08/23 10:14:28
28/08/23 10:14:28
/home/pi/reginaldojunior/experimentos/socket/loop-fusion/elecNormNew-AdaptiveRandomForestExecutorMAXChunk-25-4-500-413-2
28/08/23 10:16:24
28/08/23 10:16:24
/home/pi/reginaldojunior/experimentos/socket/loop-fusion/elecNormNew-AdaptiveRandomForestExecutorMAXChunk-25-4-500-671-3
28/08/23 10:17:38
28/08/23 10:17:38
/home/pi/reginaldojunior/experimentos/socket/loop-fusion/elecNormNew-LeveragingBag-25-1-1-51-1
28/08/23 10:19:45
28/08/23 10:19:45
/home/pi/reginaldojunior/experimentos/socket/loop-fusion/elecNormNew-LBagExecutorMAXChunk-25-4-500-65-2
28/08/23 10:21:52
28/08/23 10:21:52
/home/pi/reginaldojunior/experimentos/socket/loop-fusion/elecNormNew-LBagExecutorMAXChunk-25-4-500-106-3
28/08/23 10:23:59
28/08/23 10:23:59
/home/pi/reginaldojunior/experimentos/socket/loop-fusion/elecNormNew-LeveragingBag-25-1-1-257-1
28/08/23 10:26:06
28/08/23 10:26:06
/home/pi/reginaldojunior/experimentos/socket/loop-fusion/elecNormNew-LBagExecutorMAXChunk-25-4-500-326-2
28/08/23 10:28:13
28/08/23 10:28:13
/home/pi/reginaldojunior/experimentos/socket/loop-fusion/elecNormNew-LBagExecutorMAXChunk-25-4-500-531-3
28/08/23 10:29:46
28/08/23 10:29:46
/home/pi/reginaldojunior/experimentos/socket/loop-fusion/elecNormNew-LeveragingBag-25-1-1-463-1
28/08/23 10:31:35
28/08/23 10:31:35
/home/pi/reginaldojunior/experimentos/socket/loop-fusion/elecNormNew-LBagExecutorMAXChunk-25-4-500-588-2
28/08/23 10:32:59
28/08/23 10:32:59
/home/pi/reginaldojunior/experimentos/socket/loop-fusion/elecNormNew-LBagExecutorMAXChunk-25-4-500-956-3
28/08/23 10:33:54
28/08/23 10:33:54
/home/pi/reginaldojunior/experimentos/socket/loop-fusion/elecNormNew-StreamingRandomPatches-25-1-1-17-1
28/08/23 10:35:59
28/08/23 10:35:59
/home/pi/reginaldojunior/experimentos/socket/loop-fusion/elecNormNew-StreamingRandomPatchesExecutorMAXChunk-25-4-500-25-2
28/08/23 10:38:05
28/08/23 10:38:05
/home/pi/reginaldojunior/experimentos/socket/loop-fusion/elecNormNew-StreamingRandomPatchesExecutorMAXChunk-25-4-500-39-3
28/08/23 10:40:10
28/08/23 10:40:10
/home/pi/reginaldojunior/experimentos/socket/loop-fusion/elecNormNew-StreamingRandomPatches-25-1-1-85-1
28/08/23 10:42:16
28/08/23 10:42:16
/home/pi/reginaldojunior/experimentos/socket/loop-fusion/elecNormNew-StreamingRandomPatchesExecutorMAXChunk-25-4-500-128-2
28/08/23 10:44:22
28/08/23 10:44:22
/home/pi/reginaldojunior/experimentos/socket/loop-fusion/elecNormNew-StreamingRandomPatchesExecutorMAXChunk-25-4-500-198-3
28/08/23 10:46:27
28/08/23 10:46:27
/home/pi/reginaldojunior/experimentos/socket/loop-fusion/elecNormNew-StreamingRandomPatches-25-1-1-153-1
28/08/23 10:48:33
28/08/23 10:48:33
/home/pi/reginaldojunior/experimentos/socket/loop-fusion/elecNormNew-StreamingRandomPatchesExecutorMAXChunk-25-4-500-231-2
28/08/23 10:50:39
28/08/23 10:50:39
/home/pi/reginaldojunior/experimentos/socket/loop-fusion/elecNormNew-StreamingRandomPatchesExecutorMAXChunk-25-4-500-358-3
28/08/23 10:52:44
28/08/23 10:52:44
/home/pi/reginaldojunior/experimentos/socket/loop-fusion/elecNormNew-OzaBagAdwin-25-1-1-121-1
28/08/23 10:54:52
28/08/23 10:54:52
/home/pi/reginaldojunior/experimentos/socket/loop-fusion/elecNormNew-OzaBagAdwinExecutorMAXChunk-25-4-500-113-2
28/08/23 10:56:59
28/08/23 10:56:59
/home/pi/reginaldojunior/experimentos/socket/loop-fusion/elecNormNew-OzaBagAdwinExecutorMAXChunk-25-4-500-240-3
28/08/23 10:59:06
28/08/23 10:59:06
/home/pi/reginaldojunior/experimentos/socket/loop-fusion/elecNormNew-OzaBagAdwin-25-1-1-607-1
28/08/23 11:00:29
28/08/23 11:00:29
/home/pi/reginaldojunior/experimentos/socket/loop-fusion/elecNormNew-OzaBagAdwinExecutorMAXChunk-25-4-500-565-2
28/08/23 11:01:55
28/08/23 11:01:56
/home/pi/reginaldojunior/experimentos/socket/loop-fusion/elecNormNew-OzaBagAdwinExecutorMAXChunk-25-4-500-1200-3
28/08/23 11:02:40
28/08/23 11:02:40
/home/pi/reginaldojunior/experimentos/socket/loop-fusion/elecNormNew-OzaBagAdwin-25-1-1-1093-1
28/08/23 11:03:39
28/08/23 11:03:39
/home/pi/reginaldojunior/experimentos/socket/loop-fusion/elecNormNew-OzaBagAdwinExecutorMAXChunk-25-4-500-1018-2
28/08/23 11:04:31
28/08/23 11:04:31
/home/pi/reginaldojunior/experimentos/socket/loop-fusion/elecNormNew-OzaBagAdwinExecutorMAXChunk-25-4-500-2160-3
28/08/23 11:04:58
28/08/23 11:04:58
/home/pi/reginaldojunior/experimentos/socket/loop-fusion/elecNormNew-OzaBagASHT-25-1-1-158-1
28/08/23 11:07:06
28/08/23 11:07:06
/home/pi/reginaldojunior/experimentos/socket/loop-fusion/elecNormNew-OzaBagASHTExecutorMAXChunk-25-4-500-122-2
28/08/23 11:09:12
28/08/23 11:09:12
/home/pi/reginaldojunior/experimentos/socket/loop-fusion/elecNormNew-OzaBagASHTExecutorMAXChunk-25-4-500-477-3
28/08/23 11:10:54
28/08/23 11:10:54
/home/pi/reginaldojunior/experimentos/socket/loop-fusion/elecNormNew-OzaBagASHT-25-1-1-790-1
28/08/23 11:11:59
28/08/23 11:11:59
/home/pi/reginaldojunior/experimentos/socket/loop-fusion/elecNormNew-OzaBagASHTExecutorMAXChunk-25-4-500-611-2
28/08/23 11:13:20
28/08/23 11:13:20
/home/pi/reginaldojunior/experimentos/socket/loop-fusion/elecNormNew-OzaBagASHTExecutorMAXChunk-25-4-500-2387-3
28/08/23 11:13:45
28/08/23 11:13:45
/home/pi/reginaldojunior/experimentos/socket/loop-fusion/elecNormNew-OzaBagASHT-25-1-1-1423-1
28/08/23 11:14:33
28/08/23 11:14:33
/home/pi/reginaldojunior/experimentos/socket/loop-fusion/elecNormNew-OzaBagASHTExecutorMAXChunk-25-4-500-1100-2
28/08/23 11:15:21
28/08/23 11:15:21
/home/pi/reginaldojunior/experimentos/socket/loop-fusion/elecNormNew-OzaBagASHTExecutorMAXChunk-25-4-500-4297-3
28/08/23 11:15:39
28/08/23 11:15:39
/home/pi/reginaldojunior/experimentos/socket/loop-fusion/elecNormNew-OzaBag-25-1-1-166-1
28/08/23 11:17:47
28/08/23 11:17:47
/home/pi/reginaldojunior/experimentos/socket/loop-fusion/elecNormNew-OzaBagExecutorMAXChunk-25-4-500-133-2
28/08/23 11:19:54
28/08/23 11:19:54
/home/pi/reginaldojunior/experimentos/socket/loop-fusion/elecNormNew-OzaBagExecutorMAXChunk-25-4-500-485-3
28/08/23 11:21:34
28/08/23 11:21:34
/home/pi/reginaldojunior/experimentos/socket/loop-fusion/elecNormNew-OzaBag-25-1-1-832-1
28/08/23 11:22:36
28/08/23 11:22:37
/home/pi/reginaldojunior/experimentos/socket/loop-fusion/elecNormNew-OzaBagExecutorMAXChunk-25-4-500-669-2
28/08/23 11:23:51
28/08/23 11:23:51
/home/pi/reginaldojunior/experimentos/socket/loop-fusion/elecNormNew-OzaBagExecutorMAXChunk-25-4-500-2425-3
28/08/23 11:24:17
28/08/23 11:24:17
/home/pi/reginaldojunior/experimentos/socket/loop-fusion/elecNormNew-OzaBag-25-1-1-1498-1
28/08/23 11:25:04
28/08/23 11:25:04
/home/pi/reginaldojunior/experimentos/socket/loop-fusion/elecNormNew-OzaBagExecutorMAXChunk-25-4-500-1205-2
28/08/23 11:25:48
28/08/23 11:25:48
/home/pi/reginaldojunior/experimentos/socket/loop-fusion/elecNormNew-OzaBagExecutorMAXChunk-25-4-500-4365-3
28/08/23 11:26:05
28/08/23 11:26:05
/home/pi/reginaldojunior/experimentos/socket/loop-fusion/covtypeNorm-AdaptiveRandomForestSequential-25-1-1-21-1
28/08/23 11:28:11
28/08/23 11:28:11
/home/pi/reginaldojunior/experimentos/socket/loop-fusion/covtypeNorm-AdaptiveRandomForestExecutorMAXChunk-25-4-500-38-2
28/08/23 11:30:17
28/08/23 11:30:17
/home/pi/reginaldojunior/experimentos/socket/loop-fusion/covtypeNorm-AdaptiveRandomForestExecutorMAXChunk-25-4-500-96-3
28/08/23 11:32:22
28/08/23 11:32:22
/home/pi/reginaldojunior/experimentos/socket/loop-fusion/covtypeNorm-AdaptiveRandomForestSequential-25-1-1-105-1
28/08/23 11:34:28
28/08/23 11:34:28
/home/pi/reginaldojunior/experimentos/socket/loop-fusion/covtypeNorm-AdaptiveRandomForestExecutorMAXChunk-25-4-500-192-2
28/08/23 11:36:33
28/08/23 11:36:33
/home/pi/reginaldojunior/experimentos/socket/loop-fusion/covtypeNorm-AdaptiveRandomForestExecutorMAXChunk-25-4-500-482-3
28/08/23 11:38:39
28/08/23 11:38:39
/home/pi/reginaldojunior/experimentos/socket/loop-fusion/covtypeNorm-AdaptiveRandomForestSequential-25-1-1-189-1
28/08/23 11:40:45
28/08/23 11:40:45
/home/pi/reginaldojunior/experimentos/socket/loop-fusion/covtypeNorm-AdaptiveRandomForestExecutorMAXChunk-25-4-500-346-2
28/08/23 11:42:51
28/08/23 11:42:51
/home/pi/reginaldojunior/experimentos/socket/loop-fusion/covtypeNorm-AdaptiveRandomForestExecutorMAXChunk-25-4-500-867-3
28/08/23 11:44:56
28/08/23 11:44:56
/home/pi/reginaldojunior/experimentos/socket/loop-fusion/covtypeNorm-LeveragingBag-25-1-1-15-1
28/08/23 11:47:04
28/08/23 11:47:04
/home/pi/reginaldojunior/experimentos/socket/loop-fusion/covtypeNorm-LBagExecutorMAXChunk-25-4-500-28-2
28/08/23 11:49:11
28/08/23 11:49:11
/home/pi/reginaldojunior/experimentos/socket/loop-fusion/covtypeNorm-LBagExecutorMAXChunk-25-4-500-77-3
28/08/23 11:51:17
28/08/23 11:51:17
/home/pi/reginaldojunior/experimentos/socket/loop-fusion/covtypeNorm-LeveragingBag-25-1-1-75-1
28/08/23 11:53:24
28/08/23 11:53:24
/home/pi/reginaldojunior/experimentos/socket/loop-fusion/covtypeNorm-LBagExecutorMAXChunk-25-4-500-141-2
28/08/23 11:55:31
28/08/23 11:55:31
/home/pi/reginaldojunior/experimentos/socket/loop-fusion/covtypeNorm-LBagExecutorMAXChunk-25-4-500-389-3
28/08/23 11:57:38
28/08/23 11:57:38
/home/pi/reginaldojunior/experimentos/socket/loop-fusion/covtypeNorm-LeveragingBag-25-1-1-136-1
28/08/23 11:59:46
28/08/23 11:59:46
/home/pi/reginaldojunior/experimentos/socket/loop-fusion/covtypeNorm-LBagExecutorMAXChunk-25-4-500-254-2
28/08/23 12:01:52
28/08/23 12:01:52
/home/pi/reginaldojunior/experimentos/socket/loop-fusion/covtypeNorm-LBagExecutorMAXChunk-25-4-500-701-3
28/08/23 12:03:59
28/08/23 12:03:59
/home/pi/reginaldojunior/experimentos/socket/loop-fusion/covtypeNorm-StreamingRandomPatches-25-1-1-6-1
28/08/23 12:06:05
28/08/23 12:06:05
/home/pi/reginaldojunior/experimentos/socket/loop-fusion/covtypeNorm-StreamingRandomPatchesExecutorMAXChunk-25-4-500-11-2
28/08/23 12:08:10
28/08/23 12:08:10
/home/pi/reginaldojunior/experimentos/socket/loop-fusion/covtypeNorm-StreamingRandomPatchesExecutorMAXChunk-25-4-500-23-3
28/08/23 12:10:16
28/08/23 12:10:16
/home/pi/reginaldojunior/experimentos/socket/loop-fusion/covtypeNorm-StreamingRandomPatches-25-1-1-32-1
28/08/23 12:12:22
28/08/23 12:12:22
/home/pi/reginaldojunior/experimentos/socket/loop-fusion/covtypeNorm-StreamingRandomPatchesExecutorMAXChunk-25-4-500-59-2
28/08/23 12:14:27
28/08/23 12:14:27
/home/pi/reginaldojunior/experimentos/socket/loop-fusion/covtypeNorm-StreamingRandomPatchesExecutorMAXChunk-25-4-500-115-3
28/08/23 12:16:32
28/08/23 12:16:32
/home/pi/reginaldojunior/experimentos/socket/loop-fusion/covtypeNorm-StreamingRandomPatches-25-1-1-59-1
28/08/23 12:18:37
28/08/23 12:18:37
/home/pi/reginaldojunior/experimentos/socket/loop-fusion/covtypeNorm-StreamingRandomPatchesExecutorMAXChunk-25-4-500-107-2
28/08/23 12:20:45
28/08/23 12:20:45
/home/pi/reginaldojunior/experimentos/socket/loop-fusion/covtypeNorm-StreamingRandomPatchesExecutorMAXChunk-25-4-500-207-3
28/08/23 12:22:50
28/08/23 12:22:50
/home/pi/reginaldojunior/experimentos/socket/loop-fusion/covtypeNorm-OzaBagAdwin-25-1-1-28-1
28/08/23 12:24:57
28/08/23 12:24:57
/home/pi/reginaldojunior/experimentos/socket/loop-fusion/covtypeNorm-OzaBagAdwinExecutorMAXChunk-25-4-500-42-2
28/08/23 12:27:05
28/08/23 12:27:05
/home/pi/reginaldojunior/experimentos/socket/loop-fusion/covtypeNorm-OzaBagAdwinExecutorMAXChunk-25-4-500-114-3
28/08/23 12:29:10
28/08/23 12:29:10
/home/pi/reginaldojunior/experimentos/socket/loop-fusion/covtypeNorm-OzaBagAdwin-25-1-1-141-1
28/08/23 12:31:18
28/08/23 12:31:18
/home/pi/reginaldojunior/experimentos/socket/loop-fusion/covtypeNorm-OzaBagAdwinExecutorMAXChunk-25-4-500-211-2
28/08/23 12:33:25
28/08/23 12:33:25
/home/pi/reginaldojunior/experimentos/socket/loop-fusion/covtypeNorm-OzaBagAdwinExecutorMAXChunk-25-4-500-573-3
28/08/23 12:35:31
28/08/23 12:35:31
/home/pi/reginaldojunior/experimentos/socket/loop-fusion/covtypeNorm-OzaBagAdwin-25-1-1-255-1
28/08/23 12:37:39
28/08/23 12:37:39
/home/pi/reginaldojunior/experimentos/socket/loop-fusion/covtypeNorm-OzaBagAdwinExecutorMAXChunk-25-4-500-381-2
28/08/23 12:39:46
28/08/23 12:39:46
/home/pi/reginaldojunior/experimentos/socket/loop-fusion/covtypeNorm-OzaBagAdwinExecutorMAXChunk-25-4-500-1031-3
28/08/23 12:41:53
28/08/23 12:41:53
/home/pi/reginaldojunior/experimentos/socket/loop-fusion/covtypeNorm-OzaBagASHT-25-1-1-24-1
28/08/23 12:44:01
28/08/23 12:44:01
/home/pi/reginaldojunior/experimentos/socket/loop-fusion/covtypeNorm-OzaBagASHTExecutorMAXChunk-25-4-500-42-2
28/08/23 12:46:08
28/08/23 12:46:08
/home/pi/reginaldojunior/experimentos/socket/loop-fusion/covtypeNorm-OzaBagASHTExecutorMAXChunk-25-4-500-356-3
28/08/23 12:48:15
28/08/23 12:48:15
/home/pi/reginaldojunior/experimentos/socket/loop-fusion/covtypeNorm-OzaBagASHT-25-1-1-122-1
28/08/23 12:50:22
28/08/23 12:50:22
/home/pi/reginaldojunior/experimentos/socket/loop-fusion/covtypeNorm-OzaBagASHTExecutorMAXChunk-25-4-500-213-2
28/08/23 12:52:29
28/08/23 12:52:29
/home/pi/reginaldojunior/experimentos/socket/loop-fusion/covtypeNorm-OzaBagASHTExecutorMAXChunk-25-4-500-1784-3
28/08/23 12:54:36
28/08/23 12:54:36
/home/pi/reginaldojunior/experimentos/socket/loop-fusion/covtypeNorm-OzaBagASHT-25-1-1-220-1
28/08/23 12:56:43
28/08/23 12:56:43
/home/pi/reginaldojunior/experimentos/socket/loop-fusion/covtypeNorm-OzaBagASHTExecutorMAXChunk-25-4-500-383-2
28/08/23 12:58:50
28/08/23 12:58:50
/home/pi/reginaldojunior/experimentos/socket/loop-fusion/covtypeNorm-OzaBagASHTExecutorMAXChunk-25-4-500-3211-3
28/08/23 13:00:56
28/08/23 13:00:56
/home/pi/reginaldojunior/experimentos/socket/loop-fusion/covtypeNorm-OzaBag-25-1-1-28-1
28/08/23 13:03:04
28/08/23 13:03:04
/home/pi/reginaldojunior/experimentos/socket/loop-fusion/covtypeNorm-OzaBagExecutorMAXChunk-25-4-500-40-2
28/08/23 13:05:11
28/08/23 13:05:11
/home/pi/reginaldojunior/experimentos/socket/loop-fusion/covtypeNorm-OzaBagExecutorMAXChunk-25-4-500-384-3
28/08/23 13:07:17
28/08/23 13:07:17
/home/pi/reginaldojunior/experimentos/socket/loop-fusion/covtypeNorm-OzaBag-25-1-1-140-1
28/08/23 13:09:25
28/08/23 13:09:25
/home/pi/reginaldojunior/experimentos/socket/loop-fusion/covtypeNorm-OzaBagExecutorMAXChunk-25-4-500-204-2
28/08/23 13:11:32
28/08/23 13:11:32
/home/pi/reginaldojunior/experimentos/socket/loop-fusion/covtypeNorm-OzaBagExecutorMAXChunk-25-4-500-1921-3
28/08/23 13:13:39
28/08/23 13:13:39
/home/pi/reginaldojunior/experimentos/socket/loop-fusion/covtypeNorm-OzaBag-25-1-1-253-1
28/08/23 13:15:46
28/08/23 13:15:46
/home/pi/reginaldojunior/experimentos/socket/loop-fusion/covtypeNorm-OzaBagExecutorMAXChunk-25-4-500-367-2
28/08/23 13:17:53
28/08/23 13:17:53
/home/pi/reginaldojunior/experimentos/socket/loop-fusion/covtypeNorm-OzaBagExecutorMAXChunk-25-4-500-3459-3
28/08/23 13:19:59
28/08/23 13:19:59
/home/pi/reginaldojunior/experimentos/socket/loop-fusion/airlines-AdaptiveRandomForestSequential-25-1-1-6-1
28/08/23 13:22:05
28/08/23 13:22:05
/home/pi/reginaldojunior/experimentos/socket/loop-fusion/airlines-AdaptiveRandomForestExecutorMAXChunk-25-4-500-17-2
28/08/23 13:24:13
28/08/23 13:24:13
/home/pi/reginaldojunior/experimentos/socket/loop-fusion/airlines-AdaptiveRandomForestExecutorMAXChunk-25-4-500-27-3
28/08/23 13:26:21
28/08/23 13:26:21
/home/pi/reginaldojunior/experimentos/socket/loop-fusion/airlines-AdaptiveRandomForestSequential-25-1-1-33-1
28/08/23 13:28:27
28/08/23 13:28:27
/home/pi/reginaldojunior/experimentos/socket/loop-fusion/airlines-AdaptiveRandomForestExecutorMAXChunk-25-4-500-85-2
28/08/23 13:30:33
28/08/23 13:30:33
/home/pi/reginaldojunior/experimentos/socket/loop-fusion/airlines-AdaptiveRandomForestExecutorMAXChunk-25-4-500-136-3
28/08/23 13:32:40
28/08/23 13:32:40
/home/pi/reginaldojunior/experimentos/socket/loop-fusion/airlines-AdaptiveRandomForestSequential-25-1-1-60-1
28/08/23 13:34:45
28/08/23 13:34:45
/home/pi/reginaldojunior/experimentos/socket/loop-fusion/airlines-AdaptiveRandomForestExecutorMAXChunk-25-4-500-154-2
28/08/23 13:36:52
28/08/23 13:36:52
/home/pi/reginaldojunior/experimentos/socket/loop-fusion/airlines-AdaptiveRandomForestExecutorMAXChunk-25-4-500-245-3
28/08/23 13:38:57
28/08/23 13:38:57
/home/pi/reginaldojunior/experimentos/socket/loop-fusion/airlines-LeveragingBag-25-1-1-4-1
28/08/23 13:41:04
28/08/23 13:41:04
/home/pi/reginaldojunior/experimentos/socket/loop-fusion/airlines-LBagExecutorMAXChunk-25-4-500-17-2
28/08/23 13:43:12
28/08/23 13:43:12
/home/pi/reginaldojunior/experimentos/socket/loop-fusion/airlines-LBagExecutorMAXChunk-25-4-500-25-3
28/08/23 13:45:24
28/08/23 13:45:24
/home/pi/reginaldojunior/experimentos/socket/loop-fusion/airlines-LeveragingBag-25-1-1-23-1
28/08/23 13:47:33
28/08/23 13:47:33
/home/pi/reginaldojunior/experimentos/socket/loop-fusion/airlines-LBagExecutorMAXChunk-25-4-500-88-2
28/08/23 13:49:52
28/08/23 13:49:52
/home/pi/reginaldojunior/experimentos/socket/loop-fusion/airlines-LBagExecutorMAXChunk-25-4-500-129-3
28/08/23 13:52:05
28/08/23 13:52:05
/home/pi/reginaldojunior/experimentos/socket/loop-fusion/airlines-LeveragingBag-25-1-1-41-1
28/08/23 13:54:13
28/08/23 13:54:13
/home/pi/reginaldojunior/experimentos/socket/loop-fusion/airlines-LBagExecutorMAXChunk-25-4-500-158-2
28/08/23 13:56:44
28/08/23 13:56:44
/home/pi/reginaldojunior/experimentos/socket/loop-fusion/airlines-LBagExecutorMAXChunk-25-4-500-232-3
28/08/23 13:59:14
28/08/23 13:59:14
/home/pi/reginaldojunior/experimentos/socket/loop-fusion/airlines-StreamingRandomPatches-25-1-1-6-1
28/08/23 14:01:20
28/08/23 14:01:20
/home/pi/reginaldojunior/experimentos/socket/loop-fusion/airlines-StreamingRandomPatchesExecutorMAXChunk-25-4-500-17-2
28/08/23 14:03:29
28/08/23 14:03:29
/home/pi/reginaldojunior/experimentos/socket/loop-fusion/airlines-StreamingRandomPatchesExecutorMAXChunk-25-4-500-27-3
28/08/23 14:05:40
28/08/23 14:05:40
/home/pi/reginaldojunior/experimentos/socket/loop-fusion/airlines-StreamingRandomPatches-25-1-1-34-1
28/08/23 14:07:46
28/08/23 14:07:46
/home/pi/reginaldojunior/experimentos/socket/loop-fusion/airlines-StreamingRandomPatchesExecutorMAXChunk-25-4-500-87-2
28/08/23 14:09:56
28/08/23 14:09:56
/home/pi/reginaldojunior/experimentos/socket/loop-fusion/airlines-StreamingRandomPatchesExecutorMAXChunk-25-4-500-136-3
28/08/23 14:12:04
28/08/23 14:12:04
/home/pi/reginaldojunior/experimentos/socket/loop-fusion/airlines-StreamingRandomPatches-25-1-1-61-1
28/08/23 14:14:10
28/08/23 14:14:10
/home/pi/reginaldojunior/experimentos/socket/loop-fusion/airlines-StreamingRandomPatchesExecutorMAXChunk-25-4-500-156-2
28/08/23 14:16:19
28/08/23 14:16:19
/home/pi/reginaldojunior/experimentos/socket/loop-fusion/airlines-StreamingRandomPatchesExecutorMAXChunk-25-4-500-245-3
28/08/23 14:18:30
28/08/23 14:18:30
/home/pi/reginaldojunior/experimentos/socket/loop-fusion/airlines-OzaBagAdwin-25-1-1-17-1
28/08/23 14:20:37
28/08/23 14:20:37
/home/pi/reginaldojunior/experimentos/socket/loop-fusion/airlines-OzaBagAdwinExecutorMAXChunk-25-4-500-27-2
28/08/23 14:22:44
28/08/23 14:22:44
/home/pi/reginaldojunior/experimentos/socket/loop-fusion/airlines-OzaBagAdwinExecutorMAXChunk-25-4-500-74-3
28/08/23 14:24:51
28/08/23 14:24:51
/home/pi/reginaldojunior/experimentos/socket/loop-fusion/airlines-OzaBagAdwin-25-1-1-85-1
28/08/23 14:26:59
28/08/23 14:26:59
/home/pi/reginaldojunior/experimentos/socket/loop-fusion/airlines-OzaBagAdwinExecutorMAXChunk-25-4-500-136-2
28/08/23 14:29:06
28/08/23 14:29:06
/home/pi/reginaldojunior/experimentos/socket/loop-fusion/airlines-OzaBagAdwinExecutorMAXChunk-25-4-500-374-3
28/08/23 14:31:14
28/08/23 14:31:14
/home/pi/reginaldojunior/experimentos/socket/loop-fusion/airlines-OzaBagAdwin-25-1-1-153-1
28/08/23 14:33:21
28/08/23 14:33:21
/home/pi/reginaldojunior/experimentos/socket/loop-fusion/airlines-OzaBagAdwinExecutorMAXChunk-25-4-500-245-2
28/08/23 14:35:29
28/08/23 14:35:29
/home/pi/reginaldojunior/experimentos/socket/loop-fusion/airlines-OzaBagAdwinExecutorMAXChunk-25-4-500-674-3
28/08/23 14:37:37
28/08/23 14:37:37
/home/pi/reginaldojunior/experimentos/socket/loop-fusion/airlines-OzaBagASHT-25-1-1-17-1
28/08/23 14:39:45
28/08/23 14:39:45
/home/pi/reginaldojunior/experimentos/socket/loop-fusion/airlines-OzaBagASHTExecutorMAXChunk-25-4-500-53-2
28/08/23 14:41:53
28/08/23 14:41:53
/home/pi/reginaldojunior/experimentos/socket/loop-fusion/airlines-OzaBagASHTExecutorMAXChunk-25-4-500-487-3
28/08/23 14:44:00
28/08/23 14:44:00
/home/pi/reginaldojunior/experimentos/socket/loop-fusion/airlines-OzaBagASHT-25-1-1-89-1
28/08/23 14:46:09
28/08/23 14:46:09
/home/pi/reginaldojunior/experimentos/socket/loop-fusion/airlines-OzaBagASHTExecutorMAXChunk-25-4-500-267-2
28/08/23 14:48:18
28/08/23 14:48:18
/home/pi/reginaldojunior/experimentos/socket/loop-fusion/airlines-OzaBagASHTExecutorMAXChunk-25-4-500-2436-3
28/08/23 14:50:25
28/08/23 14:50:25
/home/pi/reginaldojunior/experimentos/socket/loop-fusion/airlines-OzaBagASHT-25-1-1-161-1
28/08/23 14:52:35
28/08/23 14:52:35
/home/pi/reginaldojunior/experimentos/socket/loop-fusion/airlines-OzaBagASHTExecutorMAXChunk-25-4-500-482-2
28/08/23 14:54:43
28/08/23 14:54:43
/home/pi/reginaldojunior/experimentos/socket/loop-fusion/airlines-OzaBagASHTExecutorMAXChunk-25-4-500-4385-3
28/08/23 14:56:50
28/08/23 14:56:50
/home/pi/reginaldojunior/experimentos/socket/loop-fusion/airlines-OzaBag-25-1-1-16-1
28/08/23 14:58:58
28/08/23 14:58:58
/home/pi/reginaldojunior/experimentos/socket/loop-fusion/airlines-OzaBagExecutorMAXChunk-25-4-500-101-2
28/08/23 15:01:05
28/08/23 15:01:05
/home/pi/reginaldojunior/experimentos/socket/loop-fusion/airlines-OzaBagExecutorMAXChunk-25-4-500-619-3
28/08/23 15:03:12
28/08/23 15:03:12
/home/pi/reginaldojunior/experimentos/socket/loop-fusion/airlines-OzaBag-25-1-1-84-1
28/08/23 15:05:19
28/08/23 15:05:19
/home/pi/reginaldojunior/experimentos/socket/loop-fusion/airlines-OzaBagExecutorMAXChunk-25-4-500-506-2
28/08/23 15:07:29
28/08/23 15:07:29
/home/pi/reginaldojunior/experimentos/socket/loop-fusion/airlines-OzaBagExecutorMAXChunk-25-4-500-3095-3
28/08/23 15:09:35
28/08/23 15:09:35
/home/pi/reginaldojunior/experimentos/socket/loop-fusion/airlines-OzaBag-25-1-1-152-1
28/08/23 15:11:43
28/08/23 15:11:43
/home/pi/reginaldojunior/experimentos/socket/loop-fusion/airlines-OzaBagExecutorMAXChunk-25-4-500-911-2
28/08/23 15:14:02
28/08/23 15:14:02
/home/pi/reginaldojunior/experimentos/socket/loop-fusion/airlines-OzaBagExecutorMAXChunk-25-4-500-5571-3
28/08/23 15:16:09
28/08/23 15:16:09
/home/pi/reginaldojunior/experimentos/socket/loop-fusion/GMSC-AdaptiveRandomForestSequential-25-1-1-51-1
28/08/23 15:18:15
28/08/23 15:18:15
/home/pi/reginaldojunior/experimentos/socket/loop-fusion/GMSC-AdaptiveRandomForestExecutorMAXChunk-25-4-500-62-2
28/08/23 15:20:20
28/08/23 15:20:20
/home/pi/reginaldojunior/experimentos/socket/loop-fusion/GMSC-AdaptiveRandomForestExecutorMAXChunk-25-4-500-165-3
28/08/23 15:22:25
28/08/23 15:22:25
/home/pi/reginaldojunior/experimentos/socket/loop-fusion/GMSC-AdaptiveRandomForestSequential-25-1-1-257-1
28/08/23 15:24:31
28/08/23 15:24:31
/home/pi/reginaldojunior/experimentos/socket/loop-fusion/GMSC-AdaptiveRandomForestExecutorMAXChunk-25-4-500-312-2
28/08/23 15:26:37
28/08/23 15:26:37
/home/pi/reginaldojunior/experimentos/socket/loop-fusion/GMSC-AdaptiveRandomForestExecutorMAXChunk-25-4-500-828-3
28/08/23 15:28:42
28/08/23 15:28:42
/home/pi/reginaldojunior/experimentos/socket/loop-fusion/GMSC-AdaptiveRandomForestSequential-25-1-1-464-1
28/08/23 15:30:49
28/08/23 15:30:49
/home/pi/reginaldojunior/experimentos/socket/loop-fusion/GMSC-AdaptiveRandomForestExecutorMAXChunk-25-4-500-562-2
28/08/23 15:32:54
28/08/23 15:32:54
/home/pi/reginaldojunior/experimentos/socket/loop-fusion/GMSC-AdaptiveRandomForestExecutorMAXChunk-25-4-500-1491-3
28/08/23 15:34:41
28/08/23 15:34:41
/home/pi/reginaldojunior/experimentos/socket/loop-fusion/GMSC-LeveragingBag-25-1-1-71-1
28/08/23 15:36:48
28/08/23 15:36:48
/home/pi/reginaldojunior/experimentos/socket/loop-fusion/GMSC-LBagExecutorMAXChunk-25-4-500-83-2
28/08/23 15:38:55
28/08/23 15:38:55
/home/pi/reginaldojunior/experimentos/socket/loop-fusion/GMSC-LBagExecutorMAXChunk-25-4-500-216-3
28/08/23 15:41:02
28/08/23 15:41:02
/home/pi/reginaldojunior/experimentos/socket/loop-fusion/GMSC-LeveragingBag-25-1-1-356-1
28/08/23 15:43:10
28/08/23 15:43:10
/home/pi/reginaldojunior/experimentos/socket/loop-fusion/GMSC-LBagExecutorMAXChunk-25-4-500-418-2
28/08/23 15:45:17
28/08/23 15:45:17
/home/pi/reginaldojunior/experimentos/socket/loop-fusion/GMSC-LBagExecutorMAXChunk-25-4-500-1082-3
28/08/23 15:47:23
28/08/23 15:47:23
/home/pi/reginaldojunior/experimentos/socket/loop-fusion/GMSC-LeveragingBag-25-1-1-640-1
28/08/23 15:49:30
28/08/23 15:49:30
/home/pi/reginaldojunior/experimentos/socket/loop-fusion/GMSC-LBagExecutorMAXChunk-25-4-500-754-2
28/08/23 15:51:37
28/08/23 15:51:37
/home/pi/reginaldojunior/experimentos/socket/loop-fusion/GMSC-LBagExecutorMAXChunk-25-4-500-1947-3
28/08/23 15:53:01
28/08/23 15:53:01
/home/pi/reginaldojunior/experimentos/socket/loop-fusion/GMSC-StreamingRandomPatches-25-1-1-29-1
28/08/23 15:55:07
28/08/23 15:55:07
/home/pi/reginaldojunior/experimentos/socket/loop-fusion/GMSC-StreamingRandomPatchesExecutorMAXChunk-25-4-500-30-2
28/08/23 15:57:13
28/08/23 15:57:13
/home/pi/reginaldojunior/experimentos/socket/loop-fusion/GMSC-StreamingRandomPatchesExecutorMAXChunk-25-4-500-84-3
28/08/23 15:59:18
28/08/23 15:59:18
/home/pi/reginaldojunior/experimentos/socket/loop-fusion/GMSC-StreamingRandomPatches-25-1-1-147-1
28/08/23 16:01:24
28/08/23 16:01:24
/home/pi/reginaldojunior/experimentos/socket/loop-fusion/GMSC-StreamingRandomPatchesExecutorMAXChunk-25-4-500-154-2
28/08/23 16:03:29
28/08/23 16:03:29
/home/pi/reginaldojunior/experimentos/socket/loop-fusion/GMSC-StreamingRandomPatchesExecutorMAXChunk-25-4-500-421-3
28/08/23 16:05:35
28/08/23 16:05:35
/home/pi/reginaldojunior/experimentos/socket/loop-fusion/GMSC-StreamingRandomPatches-25-1-1-264-1
28/08/23 16:07:40
28/08/23 16:07:40
/home/pi/reginaldojunior/experimentos/socket/loop-fusion/GMSC-StreamingRandomPatchesExecutorMAXChunk-25-4-500-278-2
28/08/23 16:09:46
28/08/23 16:09:46
/home/pi/reginaldojunior/experimentos/socket/loop-fusion/GMSC-StreamingRandomPatchesExecutorMAXChunk-25-4-500-758-3
28/08/23 16:11:51
28/08/23 16:11:51
/home/pi/reginaldojunior/experimentos/socket/loop-fusion/GMSC-OzaBagAdwin-25-1-1-171-1
28/08/23 16:13:58
28/08/23 16:13:58
/home/pi/reginaldojunior/experimentos/socket/loop-fusion/GMSC-OzaBagAdwinExecutorMAXChunk-25-4-500-171-2
28/08/23 16:16:05
28/08/23 16:16:05
/home/pi/reginaldojunior/experimentos/socket/loop-fusion/GMSC-OzaBagAdwinExecutorMAXChunk-25-4-500-483-3
28/08/23 16:18:12
28/08/23 16:18:12
/home/pi/reginaldojunior/experimentos/socket/loop-fusion/GMSC-OzaBagAdwin-25-1-1-856-1
28/08/23 16:20:20
28/08/23 16:20:20
/home/pi/reginaldojunior/experimentos/socket/loop-fusion/GMSC-OzaBagAdwinExecutorMAXChunk-25-4-500-857-2
28/08/23 16:22:27
28/08/23 16:22:27
/home/pi/reginaldojunior/experimentos/socket/loop-fusion/GMSC-OzaBagAdwinExecutorMAXChunk-25-4-500-2417-3
28/08/23 16:23:36
28/08/23 16:23:36
/home/pi/reginaldojunior/experimentos/socket/loop-fusion/GMSC-OzaBagAdwin-25-1-1-1541-1
28/08/23 16:25:27
28/08/23 16:25:27
/home/pi/reginaldojunior/experimentos/socket/loop-fusion/GMSC-OzaBagAdwinExecutorMAXChunk-25-4-500-1542-2
28/08/23 16:27:11
28/08/23 16:27:11
/home/pi/reginaldojunior/experimentos/socket/loop-fusion/GMSC-OzaBagAdwinExecutorMAXChunk-25-4-500-4351-3
28/08/23 16:27:54
28/08/23 16:27:54
/home/pi/reginaldojunior/experimentos/socket/loop-fusion/GMSC-OzaBagASHT-25-1-1-224-1
28/08/23 16:30:02
28/08/23 16:30:02
/home/pi/reginaldojunior/experimentos/socket/loop-fusion/GMSC-OzaBagASHTExecutorMAXChunk-25-4-500-186-2
28/08/23 16:32:08
28/08/23 16:32:08
/home/pi/reginaldojunior/experimentos/socket/loop-fusion/GMSC-OzaBagASHTExecutorMAXChunk-25-4-500-875-3
28/08/23 16:34:15
28/08/23 16:34:15
/home/pi/reginaldojunior/experimentos/socket/loop-fusion/GMSC-OzaBagASHT-25-1-1-1121-1
28/08/23 16:36:23
28/08/23 16:36:23
/home/pi/reginaldojunior/experimentos/socket/loop-fusion/GMSC-OzaBagASHTExecutorMAXChunk-25-4-500-933-2
28/08/23 16:38:30
28/08/23 16:38:30
/home/pi/reginaldojunior/experimentos/socket/loop-fusion/GMSC-OzaBagASHTExecutorMAXChunk-25-4-500-4379-3
28/08/23 16:39:11
28/08/23 16:39:11
/home/pi/reginaldojunior/experimentos/socket/loop-fusion/GMSC-OzaBagASHT-25-1-1-2018-1
28/08/23 16:40:39
28/08/23 16:40:39
/home/pi/reginaldojunior/experimentos/socket/loop-fusion/GMSC-OzaBagASHTExecutorMAXChunk-25-4-500-1680-2
28/08/23 16:42:15
28/08/23 16:42:15
/home/pi/reginaldojunior/experimentos/socket/loop-fusion/GMSC-OzaBagASHTExecutorMAXChunk-25-4-500-7882-3
28/08/23 16:42:41
28/08/23 16:42:41
/home/pi/reginaldojunior/experimentos/socket/loop-fusion/GMSC-OzaBag-25-1-1-223-1
28/08/23 16:44:48
28/08/23 16:44:48
/home/pi/reginaldojunior/experimentos/socket/loop-fusion/GMSC-OzaBagExecutorMAXChunk-25-4-500-178-2
28/08/23 16:46:55
28/08/23 16:46:55
/home/pi/reginaldojunior/experimentos/socket/loop-fusion/GMSC-OzaBagExecutorMAXChunk-25-4-500-845-3
28/08/23 16:49:02
28/08/23 16:49:02
/home/pi/reginaldojunior/experimentos/socket/loop-fusion/GMSC-OzaBag-25-1-1-1115-1
28/08/23 16:51:09
28/08/23 16:51:09
/home/pi/reginaldojunior/experimentos/socket/loop-fusion/GMSC-OzaBagExecutorMAXChunk-25-4-500-890-2
28/08/23 16:53:16
28/08/23 16:53:16
/home/pi/reginaldojunior/experimentos/socket/loop-fusion/GMSC-OzaBagExecutorMAXChunk-25-4-500-4229-3
28/08/23 16:53:57
28/08/23 16:53:57
/home/pi/reginaldojunior/experimentos/socket/loop-fusion/GMSC-OzaBag-25-1-1-2008-1
28/08/23 16:55:24
28/08/23 16:55:24
/home/pi/reginaldojunior/experimentos/socket/loop-fusion/GMSC-OzaBagExecutorMAXChunk-25-4-500-1603-2
28/08/23 16:57:04
28/08/23 16:57:04
/home/pi/reginaldojunior/experimentos/socket/loop-fusion/GMSC-OzaBagExecutorMAXChunk-25-4-500-7613-3
28/08/23 16:57:31
28/08/23 16:57:31
