
14/03/22 11:07:48
/home/pi/reginaldojunior/experimentos/results/socket/2/600/600/elecNormNew-AdaptiveRandomForestSequential-25-1-1-43
14/03/22 11:09:10
/home/pi/reginaldojunior/experimentos/results/socket/2/600/600/elecNormNew-AdaptiveRandomForestSequential-25-1-1-43
14/03/22 11:11:16
14/03/22 11:11:16
/home/pi/reginaldojunior/experimentos/results/socket/2/600/600/elecNormNew-AdaptiveRandomForestExecutorRUNPER-25-2-1-43
14/03/22 11:13:22
14/03/22 11:13:22
/home/pi/reginaldojunior/experimentos/results/socket/2/600/600/elecNormNew-AdaptiveRandomForestSequential-25-1-1-219
14/03/22 11:15:29
14/03/22 11:15:29
/home/pi/reginaldojunior/experimentos/results/socket/2/600/600/elecNormNew-AdaptiveRandomForestExecutorRUNPER-25-2-1-219
14/03/22 11:17:35
14/03/22 11:17:36
/home/pi/reginaldojunior/experimentos/results/socket/2/600/600/elecNormNew-AdaptiveRandomForestSequential-25-1-1-395
14/03/22 11:19:42
14/03/22 11:19:42
/home/pi/reginaldojunior/experimentos/results/socket/2/600/600/elecNormNew-AdaptiveRandomForestExecutorRUNPER-25-2-1-395
14/03/22 11:21:48
14/03/22 11:21:48
/home/pi/reginaldojunior/experimentos/results/socket/2/600/600/elecNormNew-LeveragingBag-25-1-1-68
14/03/22 11:23:57
14/03/22 11:23:57
/home/pi/reginaldojunior/experimentos/results/socket/2/600/600/elecNormNew-LBagExecutorRUNPER-25-2-1-68
14/03/22 12:20:15
/home/pi/reginaldojunior/experimentos/results/socket/2/600/600/elecNormNew-AdaptiveRandomForestSequential-25-1-1-43
14/03/22 12:22:21
14/03/22 12:22:21
/home/pi/reginaldojunior/experimentos/results/socket/2/600/600/elecNormNew-AdaptiveRandomForestExecutorRUNPER-25-2-1-43
14/03/22 12:24:28
14/03/22 12:24:28
/home/pi/reginaldojunior/experimentos/results/socket/2/600/600/elecNormNew-AdaptiveRandomForestSequential-25-1-1-219
14/03/22 12:26:34
14/03/22 12:26:34
/home/pi/reginaldojunior/experimentos/results/socket/2/600/600/elecNormNew-AdaptiveRandomForestExecutorRUNPER-25-2-1-219
14/03/22 12:28:41
14/03/22 12:28:41
/home/pi/reginaldojunior/experimentos/results/socket/2/600/600/elecNormNew-AdaptiveRandomForestSequential-25-1-1-395
14/03/22 12:30:47
14/03/22 12:30:47
/home/pi/reginaldojunior/experimentos/results/socket/2/600/600/elecNormNew-AdaptiveRandomForestExecutorRUNPER-25-2-1-395
14/03/22 12:32:54
14/03/22 12:32:54
/home/pi/reginaldojunior/experimentos/results/socket/2/600/600/elecNormNew-LeveragingBag-25-1-1-68
14/03/22 12:35:02
14/03/22 12:35:02
/home/pi/reginaldojunior/experimentos/results/socket/2/600/600/elecNormNew-LBagExecutorRUNPER-25-2-1-68
14/03/22 12:37:11
14/03/22 12:37:11
/home/pi/reginaldojunior/experimentos/results/socket/2/600/600/elecNormNew-LeveragingBag-25-1-1-344
14/03/22 12:39:19
14/03/22 12:39:19
/home/pi/reginaldojunior/experimentos/results/socket/2/600/600/elecNormNew-LBagExecutorRUNPER-25-2-1-344
14/03/22 12:41:27
14/03/22 12:41:27
/home/pi/reginaldojunior/experimentos/results/socket/2/600/600/elecNormNew-LeveragingBag-25-1-1-620
14/03/22 12:43:36
14/03/22 12:43:36
/home/pi/reginaldojunior/experimentos/results/socket/2/600/600/elecNormNew-LBagExecutorRUNPER-25-2-1-620
14/03/22 12:45:44
14/03/22 12:45:44
/home/pi/reginaldojunior/experimentos/results/socket/2/600/600/elecNormNew-StreamingRandomPatches-25-1-1-25
14/03/22 12:47:50
14/03/22 12:47:50
/home/pi/reginaldojunior/experimentos/results/socket/2/600/600/elecNormNew-StreamingRandomPatchesExecutorRUNPER-25-2-1-25
14/03/22 12:49:57
14/03/22 12:49:57
/home/pi/reginaldojunior/experimentos/results/socket/2/600/600/elecNormNew-StreamingRandomPatches-25-1-1-127
14/03/22 12:52:03
14/03/22 12:52:03
/home/pi/reginaldojunior/experimentos/results/socket/2/600/600/elecNormNew-StreamingRandomPatchesExecutorRUNPER-25-2-1-127
14/03/22 12:54:09
14/03/22 12:54:09
/home/pi/reginaldojunior/experimentos/results/socket/2/600/600/elecNormNew-StreamingRandomPatches-25-1-1-229
14/03/22 12:56:15
14/03/22 12:56:15
/home/pi/reginaldojunior/experimentos/results/socket/2/600/600/elecNormNew-StreamingRandomPatchesExecutorRUNPER-25-2-1-229
14/03/22 12:58:22
14/03/22 12:58:22
/home/pi/reginaldojunior/experimentos/results/socket/2/600/600/elecNormNew-OzaBagAdwin-25-1-1-115
14/03/22 13:00:31
14/03/22 13:00:31
/home/pi/reginaldojunior/experimentos/results/socket/2/600/600/elecNormNew-OzaBagAdwinExecutorRUNPER-25-2-1-115
14/03/22 13:02:40
14/03/22 13:02:40
/home/pi/reginaldojunior/experimentos/results/socket/2/600/600/elecNormNew-OzaBagAdwin-25-1-1-577
14/03/22 13:04:08
14/03/22 13:04:08
/home/pi/reginaldojunior/experimentos/results/socket/2/600/600/elecNormNew-OzaBagAdwinExecutorRUNPER-25-2-1-577
14/03/22 13:05:49
14/03/22 13:05:49
/home/pi/reginaldojunior/experimentos/results/socket/2/600/600/elecNormNew-OzaBagAdwin-25-1-1-1039
14/03/22 13:07:07
14/03/22 13:07:07
/home/pi/reginaldojunior/experimentos/results/socket/2/600/600/elecNormNew-OzaBagAdwinExecutorRUNPER-25-2-1-1039
14/03/22 13:08:36
14/03/22 13:08:36
/home/pi/reginaldojunior/experimentos/results/socket/2/600/600/elecNormNew-OzaBagASHT-25-1-1-134
14/03/22 13:10:45
14/03/22 13:10:45
/home/pi/reginaldojunior/experimentos/results/socket/2/600/600/elecNormNew-OzaBagASHTExecutorRUNPER-25-2-1-134
14/03/22 13:12:54
14/03/22 13:12:54
/home/pi/reginaldojunior/experimentos/results/socket/2/600/600/elecNormNew-OzaBagASHT-25-1-1-673
14/03/22 13:14:10
14/03/22 13:14:10
/home/pi/reginaldojunior/experimentos/results/socket/2/600/600/elecNormNew-OzaBagASHTExecutorRUNPER-25-2-1-673
14/03/22 13:15:30
14/03/22 13:15:30
/home/pi/reginaldojunior/experimentos/results/socket/2/600/600/elecNormNew-OzaBagASHT-25-1-1-1211
14/03/22 13:16:35
14/03/22 13:16:35
/home/pi/reginaldojunior/experimentos/results/socket/2/600/600/elecNormNew-OzaBagASHTExecutorRUNPER-25-2-1-1211
14/03/22 13:17:46
14/03/22 13:17:46
/home/pi/reginaldojunior/experimentos/results/socket/2/600/600/elecNormNew-OzaBag-25-1-1-138
14/03/22 13:19:55
14/03/22 13:19:55
/home/pi/reginaldojunior/experimentos/results/socket/2/600/600/elecNormNew-OzaBagExecutorRUNPER-25-2-1-138
14/03/22 13:22:04
14/03/22 13:22:04
/home/pi/reginaldojunior/experimentos/results/socket/2/600/600/elecNormNew-OzaBag-25-1-1-694
14/03/22 13:23:19
14/03/22 13:23:19
/home/pi/reginaldojunior/experimentos/results/socket/2/600/600/elecNormNew-OzaBagExecutorRUNPER-25-2-1-694
14/03/22 13:24:38
14/03/22 13:24:38
/home/pi/reginaldojunior/experimentos/results/socket/2/600/600/elecNormNew-OzaBag-25-1-1-1250
14/03/22 13:25:39
14/03/22 13:25:39
/home/pi/reginaldojunior/experimentos/results/socket/2/600/600/elecNormNew-OzaBagExecutorRUNPER-25-2-1-1250
14/03/22 13:26:49
14/03/22 13:26:49
/home/pi/reginaldojunior/experimentos/results/socket/2/600/600/covtypeNorm-AdaptiveRandomForestSequential-25-1-1-40
14/03/22 13:28:55
14/03/22 13:28:55
/home/pi/reginaldojunior/experimentos/results/socket/2/600/600/covtypeNorm-AdaptiveRandomForestExecutorRUNPER-25-2-1-40
14/03/22 13:31:01
14/03/22 13:31:01
/home/pi/reginaldojunior/experimentos/results/socket/2/600/600/covtypeNorm-AdaptiveRandomForestSequential-25-1-1-200
14/03/22 13:33:07
14/03/22 13:33:07
/home/pi/reginaldojunior/experimentos/results/socket/2/600/600/covtypeNorm-AdaptiveRandomForestExecutorRUNPER-25-2-1-200
14/03/22 13:35:13
14/03/22 13:35:13
/home/pi/reginaldojunior/experimentos/results/socket/2/600/600/covtypeNorm-AdaptiveRandomForestSequential-25-1-1-361
14/03/22 13:37:19
14/03/22 13:37:20
/home/pi/reginaldojunior/experimentos/results/socket/2/600/600/covtypeNorm-AdaptiveRandomForestExecutorRUNPER-25-2-1-361
14/03/22 13:39:26
14/03/22 13:39:26
/home/pi/reginaldojunior/experimentos/results/socket/2/600/600/covtypeNorm-LeveragingBag-25-1-1-29
14/03/22 13:41:35
14/03/22 13:41:35
/home/pi/reginaldojunior/experimentos/results/socket/2/600/600/covtypeNorm-LBagExecutorRUNPER-25-2-1-29
14/03/22 13:43:44
14/03/22 13:43:44
/home/pi/reginaldojunior/experimentos/results/socket/2/600/600/covtypeNorm-LeveragingBag-25-1-1-146
14/03/22 13:45:53
14/03/22 13:45:53
/home/pi/reginaldojunior/experimentos/results/socket/2/600/600/covtypeNorm-LBagExecutorRUNPER-25-2-1-146
14/03/22 13:48:02
14/03/22 13:48:02
/home/pi/reginaldojunior/experimentos/results/socket/2/600/600/covtypeNorm-LeveragingBag-25-1-1-264
14/03/22 13:50:11
14/03/22 13:50:11
/home/pi/reginaldojunior/experimentos/results/socket/2/600/600/covtypeNorm-LBagExecutorRUNPER-25-2-1-264
14/03/22 13:52:20
14/03/22 13:52:20
/home/pi/reginaldojunior/experimentos/results/socket/2/600/600/covtypeNorm-StreamingRandomPatches-25-1-1-12
14/03/22 13:54:27
14/03/22 13:54:27
/home/pi/reginaldojunior/experimentos/results/socket/2/600/600/covtypeNorm-StreamingRandomPatchesExecutorRUNPER-25-2-1-12
14/03/22 13:56:34
14/03/22 13:56:34
/home/pi/reginaldojunior/experimentos/results/socket/2/600/600/covtypeNorm-StreamingRandomPatches-25-1-1-60
14/03/22 13:58:41
14/03/22 13:58:41
/home/pi/reginaldojunior/experimentos/results/socket/2/600/600/covtypeNorm-StreamingRandomPatchesExecutorRUNPER-25-2-1-60
14/03/22 14:00:47
14/03/22 14:00:47
/home/pi/reginaldojunior/experimentos/results/socket/2/600/600/covtypeNorm-StreamingRandomPatches-25-1-1-108
14/03/22 14:02:53
14/03/22 14:02:53
/home/pi/reginaldojunior/experimentos/results/socket/2/600/600/covtypeNorm-StreamingRandomPatchesExecutorRUNPER-25-2-1-108
14/03/22 14:05:00
14/03/22 14:05:00
/home/pi/reginaldojunior/experimentos/results/socket/2/600/600/covtypeNorm-OzaBagAdwin-25-1-1-42
14/03/22 14:07:08
14/03/22 14:07:09
/home/pi/reginaldojunior/experimentos/results/socket/2/600/600/covtypeNorm-OzaBagAdwinExecutorRUNPER-25-2-1-42
14/03/22 14:09:17
14/03/22 14:09:18
/home/pi/reginaldojunior/experimentos/results/socket/2/600/600/covtypeNorm-OzaBagAdwin-25-1-1-210
14/03/22 14:11:27
14/03/22 14:11:27
/home/pi/reginaldojunior/experimentos/results/socket/2/600/600/covtypeNorm-OzaBagAdwinExecutorRUNPER-25-2-1-210
14/03/22 14:13:36
14/03/22 14:13:36
/home/pi/reginaldojunior/experimentos/results/socket/2/600/600/covtypeNorm-OzaBagAdwin-25-1-1-379
14/03/22 14:15:44
14/03/22 14:15:44
/home/pi/reginaldojunior/experimentos/results/socket/2/600/600/covtypeNorm-OzaBagAdwinExecutorRUNPER-25-2-1-379
14/03/22 14:17:53
14/03/22 14:17:53
/home/pi/reginaldojunior/experimentos/results/socket/2/600/600/covtypeNorm-OzaBagASHT-25-1-1-43
14/03/22 14:20:02
14/03/22 14:20:02
/home/pi/reginaldojunior/experimentos/results/socket/2/600/600/covtypeNorm-OzaBagASHTExecutorRUNPER-25-2-1-43
14/03/22 14:22:11
14/03/22 14:22:11
/home/pi/reginaldojunior/experimentos/results/socket/2/600/600/covtypeNorm-OzaBagASHT-25-1-1-215
14/03/22 14:24:20
14/03/22 14:24:20
/home/pi/reginaldojunior/experimentos/results/socket/2/600/600/covtypeNorm-OzaBagASHTExecutorRUNPER-25-2-1-215
14/03/22 14:26:29
14/03/22 14:26:29
/home/pi/reginaldojunior/experimentos/results/socket/2/600/600/covtypeNorm-OzaBagASHT-25-1-1-388
14/03/22 14:28:38
14/03/22 14:28:38
/home/pi/reginaldojunior/experimentos/results/socket/2/600/600/covtypeNorm-OzaBagASHTExecutorRUNPER-25-2-1-388
14/03/22 14:30:47
14/03/22 14:30:47
/home/pi/reginaldojunior/experimentos/results/socket/2/600/600/covtypeNorm-OzaBag-25-1-1-43
14/03/22 14:32:55
14/03/22 14:32:55
/home/pi/reginaldojunior/experimentos/results/socket/2/600/600/covtypeNorm-OzaBagExecutorRUNPER-25-2-1-43
14/03/22 14:35:04
14/03/22 14:35:04
/home/pi/reginaldojunior/experimentos/results/socket/2/600/600/covtypeNorm-OzaBag-25-1-1-217
14/03/22 14:37:12
14/03/22 14:37:12
/home/pi/reginaldojunior/experimentos/results/socket/2/600/600/covtypeNorm-OzaBagExecutorRUNPER-25-2-1-217
14/03/22 14:39:21
14/03/22 14:39:21
/home/pi/reginaldojunior/experimentos/results/socket/2/600/600/covtypeNorm-OzaBag-25-1-1-390
14/03/22 14:41:30
14/03/22 14:41:30
/home/pi/reginaldojunior/experimentos/results/socket/2/600/600/covtypeNorm-OzaBagExecutorRUNPER-25-2-1-390
14/03/22 14:43:38
14/03/22 14:43:38
/home/pi/reginaldojunior/experimentos/results/socket/2/600/600/GMSC-AdaptiveRandomForestSequential-25-1-1-70
14/03/22 14:45:44
14/03/22 14:45:44
/home/pi/reginaldojunior/experimentos/results/socket/2/600/600/GMSC-AdaptiveRandomForestExecutorRUNPER-25-2-1-70
14/03/22 14:47:50
14/03/22 14:47:50
/home/pi/reginaldojunior/experimentos/results/socket/2/600/600/GMSC-AdaptiveRandomForestSequential-25-1-1-350
14/03/22 14:49:56
14/03/22 14:49:56
/home/pi/reginaldojunior/experimentos/results/socket/2/600/600/GMSC-AdaptiveRandomForestExecutorRUNPER-25-2-1-350
14/03/22 14:52:03
14/03/22 14:52:03
/home/pi/reginaldojunior/experimentos/results/socket/2/600/600/GMSC-AdaptiveRandomForestSequential-25-1-1-630
14/03/22 14:54:10
14/03/22 14:54:10
/home/pi/reginaldojunior/experimentos/results/socket/2/600/600/GMSC-AdaptiveRandomForestExecutorRUNPER-25-2-1-630
14/03/22 14:56:17
14/03/22 14:56:17
/home/pi/reginaldojunior/experimentos/results/socket/2/600/600/GMSC-LeveragingBag-25-1-1-90
14/03/22 14:58:26
14/03/22 14:58:26
/home/pi/reginaldojunior/experimentos/results/socket/2/600/600/GMSC-LBagExecutorRUNPER-25-2-1-90
14/03/22 15:00:35
14/03/22 15:00:35
/home/pi/reginaldojunior/experimentos/results/socket/2/600/600/GMSC-LeveragingBag-25-1-1-452
14/03/22 15:02:43
14/03/22 15:02:43
/home/pi/reginaldojunior/experimentos/results/socket/2/600/600/GMSC-LBagExecutorRUNPER-25-2-1-452
14/03/22 15:04:52
14/03/22 15:04:52
/home/pi/reginaldojunior/experimentos/results/socket/2/600/600/GMSC-LeveragingBag-25-1-1-814
14/03/22 15:07:01
14/03/22 15:07:01
/home/pi/reginaldojunior/experimentos/results/socket/2/600/600/GMSC-LBagExecutorRUNPER-25-2-1-814
14/03/22 15:09:10
14/03/22 15:09:10
/home/pi/reginaldojunior/experimentos/results/socket/2/600/600/GMSC-StreamingRandomPatches-25-1-1-33
14/03/22 15:11:17
14/03/22 15:11:17
/home/pi/reginaldojunior/experimentos/results/socket/2/600/600/GMSC-StreamingRandomPatchesExecutorRUNPER-25-2-1-33
14/03/22 15:13:23
14/03/22 15:13:23
/home/pi/reginaldojunior/experimentos/results/socket/2/600/600/GMSC-StreamingRandomPatches-25-1-1-167
14/03/22 15:15:29
14/03/22 15:15:29
/home/pi/reginaldojunior/experimentos/results/socket/2/600/600/GMSC-StreamingRandomPatchesExecutorRUNPER-25-2-1-167
14/03/22 15:17:36
14/03/22 15:17:36
/home/pi/reginaldojunior/experimentos/results/socket/2/600/600/GMSC-StreamingRandomPatches-25-1-1-301
14/03/22 15:19:43
14/03/22 15:19:43
/home/pi/reginaldojunior/experimentos/results/socket/2/600/600/GMSC-StreamingRandomPatchesExecutorRUNPER-25-2-1-301
14/03/22 15:21:50
14/03/22 15:21:50
/home/pi/reginaldojunior/experimentos/results/socket/2/600/600/GMSC-OzaBagAdwin-25-1-1-175
14/03/22 15:23:58
14/03/22 15:23:58
/home/pi/reginaldojunior/experimentos/results/socket/2/600/600/GMSC-OzaBagAdwinExecutorRUNPER-25-2-1-175
14/03/22 15:26:07
14/03/22 15:26:07
/home/pi/reginaldojunior/experimentos/results/socket/2/600/600/GMSC-OzaBagAdwin-25-1-1-877
14/03/22 15:28:17
14/03/22 15:28:17
/home/pi/reginaldojunior/experimentos/results/socket/2/600/600/GMSC-OzaBagAdwinExecutorRUNPER-25-2-1-877
14/03/22 15:30:26
14/03/22 15:30:26
/home/pi/reginaldojunior/experimentos/results/socket/2/600/600/GMSC-OzaBagAdwin-25-1-1-1578
14/03/22 15:32:35
14/03/22 15:32:35
/home/pi/reginaldojunior/experimentos/results/socket/2/600/600/GMSC-OzaBagAdwinExecutorRUNPER-25-2-1-1578
14/03/22 15:34:44
14/03/22 15:34:44
/home/pi/reginaldojunior/experimentos/results/socket/2/600/600/GMSC-OzaBagASHT-25-1-1-191
14/03/22 15:36:53
14/03/22 15:36:53
/home/pi/reginaldojunior/experimentos/results/socket/2/600/600/GMSC-OzaBagASHTExecutorRUNPER-25-2-1-191
14/03/22 15:39:02
14/03/22 15:39:02
/home/pi/reginaldojunior/experimentos/results/socket/2/600/600/GMSC-OzaBagASHT-25-1-1-959
14/03/22 15:41:11
14/03/22 15:41:11
/home/pi/reginaldojunior/experimentos/results/socket/2/600/600/GMSC-OzaBagASHTExecutorRUNPER-25-2-1-959
14/03/22 15:43:20
14/03/22 15:43:20
/home/pi/reginaldojunior/experimentos/results/socket/2/600/600/GMSC-OzaBagASHT-25-1-1-1727
14/03/22 15:45:29
14/03/22 15:45:29
/home/pi/reginaldojunior/experimentos/results/socket/2/600/600/GMSC-OzaBagASHTExecutorRUNPER-25-2-1-1727
14/03/22 15:47:38
14/03/22 15:47:38
/home/pi/reginaldojunior/experimentos/results/socket/2/600/600/GMSC-OzaBag-25-1-1-184
14/03/22 15:49:47
14/03/22 15:49:47
/home/pi/reginaldojunior/experimentos/results/socket/2/600/600/GMSC-OzaBagExecutorRUNPER-25-2-1-184
14/03/22 15:51:56
14/03/22 15:51:56
/home/pi/reginaldojunior/experimentos/results/socket/2/600/600/GMSC-OzaBag-25-1-1-924
14/03/22 15:54:05
14/03/22 15:54:05
/home/pi/reginaldojunior/experimentos/results/socket/2/600/600/GMSC-OzaBagExecutorRUNPER-25-2-1-924
14/03/22 15:56:13
14/03/22 15:56:13
/home/pi/reginaldojunior/experimentos/results/socket/2/600/600/GMSC-OzaBag-25-1-1-1663
14/03/22 15:58:23
14/03/22 15:58:23
/home/pi/reginaldojunior/experimentos/results/socket/2/600/600/GMSC-OzaBagExecutorRUNPER-25-2-1-1663
14/03/22 16:00:32
14/03/22 16:00:32
/home/pi/reginaldojunior/experimentos/results/socket/2/600/600/airlines-AdaptiveRandomForestSequential-25-1-1-15
14/03/22 16:02:38
14/03/22 16:02:38
/home/pi/reginaldojunior/experimentos/results/socket/2/600/600/airlines-AdaptiveRandomForestExecutorRUNPER-25-2-1-15
14/03/22 16:04:45
14/03/22 16:04:45
/home/pi/reginaldojunior/experimentos/results/socket/2/600/600/airlines-AdaptiveRandomForestSequential-25-1-1-78
14/03/22 16:06:51
14/03/22 16:06:51
/home/pi/reginaldojunior/experimentos/results/socket/2/600/600/airlines-AdaptiveRandomForestExecutorRUNPER-25-2-1-78
14/03/22 16:08:57
14/03/22 16:08:57
/home/pi/reginaldojunior/experimentos/results/socket/2/600/600/airlines-AdaptiveRandomForestSequential-25-1-1-140
14/03/22 16:11:04
14/03/22 16:11:04
/home/pi/reginaldojunior/experimentos/results/socket/2/600/600/airlines-AdaptiveRandomForestExecutorRUNPER-25-2-1-140
14/03/22 16:13:10
14/03/22 16:13:10
/home/pi/reginaldojunior/experimentos/results/socket/2/600/600/airlines-LeveragingBag-25-1-1-15
14/03/22 16:15:19
14/03/22 16:15:19
/home/pi/reginaldojunior/experimentos/results/socket/2/600/600/airlines-LBagExecutorRUNPER-25-2-1-15
14/03/22 16:17:29
14/03/22 16:17:29
/home/pi/reginaldojunior/experimentos/results/socket/2/600/600/airlines-LeveragingBag-25-1-1-75
14/03/22 16:19:38
14/03/22 16:19:38
/home/pi/reginaldojunior/experimentos/results/socket/2/600/600/airlines-LBagExecutorRUNPER-25-2-1-75
14/03/22 16:21:48
14/03/22 16:21:48
/home/pi/reginaldojunior/experimentos/results/socket/2/600/600/airlines-LeveragingBag-25-1-1-136
14/03/22 16:23:57
14/03/22 16:23:57
/home/pi/reginaldojunior/experimentos/results/socket/2/600/600/airlines-LBagExecutorRUNPER-25-2-1-136
14/03/22 16:26:07
14/03/22 16:26:07
/home/pi/reginaldojunior/experimentos/results/socket/2/600/600/airlines-StreamingRandomPatches-25-1-1-15
14/03/22 16:28:14
14/03/22 16:28:14
/home/pi/reginaldojunior/experimentos/results/socket/2/600/600/airlines-StreamingRandomPatchesExecutorRUNPER-25-2-1-15
14/03/22 16:30:20
14/03/22 16:30:20
/home/pi/reginaldojunior/experimentos/results/socket/2/600/600/airlines-StreamingRandomPatches-25-1-1-77
14/03/22 16:32:26
14/03/22 16:32:26
/home/pi/reginaldojunior/experimentos/results/socket/2/600/600/airlines-StreamingRandomPatchesExecutorRUNPER-25-2-1-77
14/03/22 16:34:32
14/03/22 16:34:32
/home/pi/reginaldojunior/experimentos/results/socket/2/600/600/airlines-StreamingRandomPatches-25-1-1-139
14/03/22 16:36:38
14/03/22 16:36:39
/home/pi/reginaldojunior/experimentos/results/socket/2/600/600/airlines-StreamingRandomPatchesExecutorRUNPER-25-2-1-139
14/03/22 16:38:45
14/03/22 16:38:45
/home/pi/reginaldojunior/experimentos/results/socket/2/600/600/airlines-OzaBagAdwin-25-1-1-22
14/03/22 16:40:53
14/03/22 16:40:53
/home/pi/reginaldojunior/experimentos/results/socket/2/600/600/airlines-OzaBagAdwinExecutorRUNPER-25-2-1-22
14/03/22 16:43:02
14/03/22 16:43:02
/home/pi/reginaldojunior/experimentos/results/socket/2/600/600/airlines-OzaBagAdwin-25-1-1-114
14/03/22 16:45:11
14/03/22 16:45:11
/home/pi/reginaldojunior/experimentos/results/socket/2/600/600/airlines-OzaBagAdwinExecutorRUNPER-25-2-1-114
14/03/22 16:47:19
14/03/22 16:47:19
/home/pi/reginaldojunior/experimentos/results/socket/2/600/600/airlines-OzaBagAdwin-25-1-1-205
14/03/22 16:49:28
14/03/22 16:49:28
/home/pi/reginaldojunior/experimentos/results/socket/2/600/600/airlines-OzaBagAdwinExecutorRUNPER-25-2-1-205
14/03/22 16:51:36
14/03/22 16:51:36
/home/pi/reginaldojunior/experimentos/results/socket/2/600/600/airlines-OzaBagASHT-25-1-1-55
14/03/22 16:53:45
14/03/22 16:53:45
/home/pi/reginaldojunior/experimentos/results/socket/2/600/600/airlines-OzaBagASHTExecutorRUNPER-25-2-1-55
14/03/22 16:55:54
14/03/22 16:55:54
/home/pi/reginaldojunior/experimentos/results/socket/2/600/600/airlines-OzaBagASHT-25-1-1-277
14/03/22 16:58:03
14/03/22 16:58:03
/home/pi/reginaldojunior/experimentos/results/socket/2/600/600/airlines-OzaBagASHTExecutorRUNPER-25-2-1-277
14/03/22 17:00:13
14/03/22 17:00:13
/home/pi/reginaldojunior/experimentos/results/socket/2/600/600/airlines-OzaBagASHT-25-1-1-499
14/03/22 17:02:23
14/03/22 17:02:23
/home/pi/reginaldojunior/experimentos/results/socket/2/600/600/airlines-OzaBagASHTExecutorRUNPER-25-2-1-499
14/03/22 17:04:32
14/03/22 17:04:32
/home/pi/reginaldojunior/experimentos/results/socket/2/600/600/airlines-OzaBag-25-1-1-80
14/03/22 17:06:41
14/03/22 17:06:41
/home/pi/reginaldojunior/experimentos/results/socket/2/600/600/airlines-OzaBagExecutorRUNPER-25-2-1-80
14/03/22 17:08:49
14/03/22 17:08:49
/home/pi/reginaldojunior/experimentos/results/socket/2/600/600/airlines-OzaBag-25-1-1-402
14/03/22 17:10:59
14/03/22 17:10:59
/home/pi/reginaldojunior/experimentos/results/socket/2/600/600/airlines-OzaBagExecutorRUNPER-25-2-1-402
14/03/22 17:13:08
14/03/22 17:13:08
/home/pi/reginaldojunior/experimentos/results/socket/2/600/600/airlines-OzaBag-25-1-1-724
14/03/22 17:15:16
14/03/22 17:15:16
/home/pi/reginaldojunior/experimentos/results/socket/2/600/600/airlines-OzaBagExecutorRUNPER-25-2-1-724
14/03/22 17:17:25
14/03/22 17:17:25
/home/pi/reginaldojunior/experimentos/results/socket/2/600/600/elecNormNew-AdaptiveRandomForestSequential-25-1-1-43
14/03/22 17:19:32
14/03/22 17:19:32
/home/pi/reginaldojunior/experimentos/results/socket/2/600/600/elecNormNew-AdaptiveRandomForestExecutorRUNPER-25-2-1-43
14/03/22 17:21:38
14/03/22 17:21:38
/home/pi/reginaldojunior/experimentos/results/socket/2/600/600/elecNormNew-AdaptiveRandomForestSequential-25-1-1-219
14/03/22 17:23:44
14/03/22 17:23:44
/home/pi/reginaldojunior/experimentos/results/socket/2/600/600/elecNormNew-AdaptiveRandomForestExecutorRUNPER-25-2-1-219
14/03/22 17:25:50
14/03/22 17:25:50
/home/pi/reginaldojunior/experimentos/results/socket/2/600/600/elecNormNew-AdaptiveRandomForestSequential-25-1-1-395
14/03/22 17:27:57
14/03/22 17:27:57
/home/pi/reginaldojunior/experimentos/results/socket/2/600/600/elecNormNew-AdaptiveRandomForestExecutorRUNPER-25-2-1-395
14/03/22 17:30:03
14/03/22 17:30:03
/home/pi/reginaldojunior/experimentos/results/socket/2/600/600/elecNormNew-LeveragingBag-25-1-1-68
14/03/22 17:32:12
14/03/22 17:32:12
/home/pi/reginaldojunior/experimentos/results/socket/2/600/600/elecNormNew-LBagExecutorRUNPER-25-2-1-68
14/03/22 17:34:21
14/03/22 17:34:21
/home/pi/reginaldojunior/experimentos/results/socket/2/600/600/elecNormNew-LeveragingBag-25-1-1-344
14/03/22 17:36:30
14/03/22 17:36:30
/home/pi/reginaldojunior/experimentos/results/socket/2/600/600/elecNormNew-LBagExecutorRUNPER-25-2-1-344
14/03/22 17:38:39
14/03/22 17:38:39
/home/pi/reginaldojunior/experimentos/results/socket/2/600/600/elecNormNew-LeveragingBag-25-1-1-620
14/03/22 17:40:48
14/03/22 17:40:48
/home/pi/reginaldojunior/experimentos/results/socket/2/600/600/elecNormNew-LBagExecutorRUNPER-25-2-1-620
14/03/22 17:42:56
14/03/22 17:42:56
/home/pi/reginaldojunior/experimentos/results/socket/2/600/600/elecNormNew-StreamingRandomPatches-25-1-1-25
14/03/22 17:45:03
14/03/22 17:45:03
/home/pi/reginaldojunior/experimentos/results/socket/2/600/600/elecNormNew-StreamingRandomPatchesExecutorRUNPER-25-2-1-25
14/03/22 17:47:09
14/03/22 17:47:09
/home/pi/reginaldojunior/experimentos/results/socket/2/600/600/elecNormNew-StreamingRandomPatches-25-1-1-127
14/03/22 17:49:15
14/03/22 17:49:15
/home/pi/reginaldojunior/experimentos/results/socket/2/600/600/elecNormNew-StreamingRandomPatchesExecutorRUNPER-25-2-1-127
14/03/22 17:51:22
14/03/22 17:51:22
/home/pi/reginaldojunior/experimentos/results/socket/2/600/600/elecNormNew-StreamingRandomPatches-25-1-1-229
14/03/22 17:53:29
14/03/22 17:53:29
/home/pi/reginaldojunior/experimentos/results/socket/2/600/600/elecNormNew-StreamingRandomPatchesExecutorRUNPER-25-2-1-229
14/03/22 17:55:35
14/03/22 17:55:35
/home/pi/reginaldojunior/experimentos/results/socket/2/600/600/elecNormNew-OzaBagAdwin-25-1-1-115
14/03/22 17:57:44
14/03/22 17:57:44
/home/pi/reginaldojunior/experimentos/results/socket/2/600/600/elecNormNew-OzaBagAdwinExecutorRUNPER-25-2-1-115
14/03/22 17:59:53
14/03/22 17:59:53
/home/pi/reginaldojunior/experimentos/results/socket/2/600/600/elecNormNew-OzaBagAdwin-25-1-1-577
14/03/22 18:01:21
14/03/22 18:01:21
/home/pi/reginaldojunior/experimentos/results/socket/2/600/600/elecNormNew-OzaBagAdwinExecutorRUNPER-25-2-1-577
14/03/22 18:03:01
14/03/22 18:03:01
/home/pi/reginaldojunior/experimentos/results/socket/2/600/600/elecNormNew-OzaBagAdwin-25-1-1-1039
14/03/22 18:04:20
14/03/22 18:04:20
/home/pi/reginaldojunior/experimentos/results/socket/2/600/600/elecNormNew-OzaBagAdwinExecutorRUNPER-25-2-1-1039
14/03/22 18:05:47
14/03/22 18:05:47
/home/pi/reginaldojunior/experimentos/results/socket/2/600/600/elecNormNew-OzaBagASHT-25-1-1-134
14/03/22 18:07:56
14/03/22 18:07:56
/home/pi/reginaldojunior/experimentos/results/socket/2/600/600/elecNormNew-OzaBagASHTExecutorRUNPER-25-2-1-134
14/03/22 18:10:05
14/03/22 18:10:05
/home/pi/reginaldojunior/experimentos/results/socket/2/600/600/elecNormNew-OzaBagASHT-25-1-1-673
14/03/22 18:11:22
14/03/22 18:11:22
/home/pi/reginaldojunior/experimentos/results/socket/2/600/600/elecNormNew-OzaBagASHTExecutorRUNPER-25-2-1-673
14/03/22 18:12:45
14/03/22 18:12:45
/home/pi/reginaldojunior/experimentos/results/socket/2/600/600/elecNormNew-OzaBagASHT-25-1-1-1211
14/03/22 18:13:50
14/03/22 18:13:50
/home/pi/reginaldojunior/experimentos/results/socket/2/600/600/elecNormNew-OzaBagASHTExecutorRUNPER-25-2-1-1211
14/03/22 18:15:03
14/03/22 18:15:03
/home/pi/reginaldojunior/experimentos/results/socket/2/600/600/elecNormNew-OzaBag-25-1-1-138
14/03/22 18:17:12
14/03/22 18:17:12
/home/pi/reginaldojunior/experimentos/results/socket/2/600/600/elecNormNew-OzaBagExecutorRUNPER-25-2-1-138
14/03/22 18:19:21
14/03/22 18:19:21
/home/pi/reginaldojunior/experimentos/results/socket/2/600/600/elecNormNew-OzaBag-25-1-1-694
14/03/22 18:20:36
14/03/22 18:20:36
/home/pi/reginaldojunior/experimentos/results/socket/2/600/600/elecNormNew-OzaBagExecutorRUNPER-25-2-1-694
14/03/22 18:21:56
14/03/22 18:21:56
/home/pi/reginaldojunior/experimentos/results/socket/2/600/600/elecNormNew-OzaBag-25-1-1-1250
14/03/22 18:22:56
14/03/22 18:22:56
/home/pi/reginaldojunior/experimentos/results/socket/2/600/600/elecNormNew-OzaBagExecutorRUNPER-25-2-1-1250
14/03/22 18:24:06
14/03/22 18:24:06
/home/pi/reginaldojunior/experimentos/results/socket/2/600/600/covtypeNorm-AdaptiveRandomForestSequential-25-1-1-40
14/03/22 18:26:12
14/03/22 18:26:12
/home/pi/reginaldojunior/experimentos/results/socket/2/600/600/covtypeNorm-AdaptiveRandomForestExecutorRUNPER-25-2-1-40
14/03/22 18:28:18
14/03/22 18:28:18
/home/pi/reginaldojunior/experimentos/results/socket/2/600/600/covtypeNorm-AdaptiveRandomForestSequential-25-1-1-200
14/03/22 18:30:24
14/03/22 18:30:25
/home/pi/reginaldojunior/experimentos/results/socket/2/600/600/covtypeNorm-AdaptiveRandomForestExecutorRUNPER-25-2-1-200
14/03/22 18:32:31
14/03/22 18:32:31
/home/pi/reginaldojunior/experimentos/results/socket/2/600/600/covtypeNorm-AdaptiveRandomForestSequential-25-1-1-361
14/03/22 18:34:37
14/03/22 18:34:37
/home/pi/reginaldojunior/experimentos/results/socket/2/600/600/covtypeNorm-AdaptiveRandomForestExecutorRUNPER-25-2-1-361
14/03/22 18:36:43
14/03/22 18:36:43
/home/pi/reginaldojunior/experimentos/results/socket/2/600/600/covtypeNorm-LeveragingBag-25-1-1-29
14/03/22 18:38:52
14/03/22 18:38:52
/home/pi/reginaldojunior/experimentos/results/socket/2/600/600/covtypeNorm-LBagExecutorRUNPER-25-2-1-29
14/03/22 18:41:01
14/03/22 18:41:01
/home/pi/reginaldojunior/experimentos/results/socket/2/600/600/covtypeNorm-LeveragingBag-25-1-1-146
14/03/22 18:43:10
14/03/22 18:43:10
/home/pi/reginaldojunior/experimentos/results/socket/2/600/600/covtypeNorm-LBagExecutorRUNPER-25-2-1-146
14/03/22 18:45:19
14/03/22 18:45:19
/home/pi/reginaldojunior/experimentos/results/socket/2/600/600/covtypeNorm-LeveragingBag-25-1-1-264
14/03/22 18:47:28
14/03/22 18:47:28
/home/pi/reginaldojunior/experimentos/results/socket/2/600/600/covtypeNorm-LBagExecutorRUNPER-25-2-1-264
14/03/22 18:49:37
14/03/22 18:49:37
/home/pi/reginaldojunior/experimentos/results/socket/2/600/600/covtypeNorm-StreamingRandomPatches-25-1-1-12
14/03/22 18:51:44
14/03/22 18:51:44
/home/pi/reginaldojunior/experimentos/results/socket/2/600/600/covtypeNorm-StreamingRandomPatchesExecutorRUNPER-25-2-1-12
14/03/22 18:53:50
14/03/22 18:53:50
/home/pi/reginaldojunior/experimentos/results/socket/2/600/600/covtypeNorm-StreamingRandomPatches-25-1-1-60
14/03/22 18:55:56
14/03/22 18:55:56
/home/pi/reginaldojunior/experimentos/results/socket/2/600/600/covtypeNorm-StreamingRandomPatchesExecutorRUNPER-25-2-1-60
14/03/22 18:58:03
14/03/22 18:58:03
/home/pi/reginaldojunior/experimentos/results/socket/2/600/600/covtypeNorm-StreamingRandomPatches-25-1-1-108
14/03/22 19:00:09
14/03/22 19:00:09
/home/pi/reginaldojunior/experimentos/results/socket/2/600/600/covtypeNorm-StreamingRandomPatchesExecutorRUNPER-25-2-1-108
14/03/22 19:02:16
14/03/22 19:02:16
/home/pi/reginaldojunior/experimentos/results/socket/2/600/600/covtypeNorm-OzaBagAdwin-25-1-1-42
14/03/22 19:04:24
14/03/22 19:04:24
/home/pi/reginaldojunior/experimentos/results/socket/2/600/600/covtypeNorm-OzaBagAdwinExecutorRUNPER-25-2-1-42
14/03/22 19:06:33
14/03/22 19:06:33
/home/pi/reginaldojunior/experimentos/results/socket/2/600/600/covtypeNorm-OzaBagAdwin-25-1-1-210
14/03/22 19:08:42
14/03/22 19:08:42
/home/pi/reginaldojunior/experimentos/results/socket/2/600/600/covtypeNorm-OzaBagAdwinExecutorRUNPER-25-2-1-210
14/03/22 19:10:50
14/03/22 19:10:50
/home/pi/reginaldojunior/experimentos/results/socket/2/600/600/covtypeNorm-OzaBagAdwin-25-1-1-379
14/03/22 19:12:58
14/03/22 19:12:58
/home/pi/reginaldojunior/experimentos/results/socket/2/600/600/covtypeNorm-OzaBagAdwinExecutorRUNPER-25-2-1-379
14/03/22 19:15:07
14/03/22 19:15:07
/home/pi/reginaldojunior/experimentos/results/socket/2/600/600/covtypeNorm-OzaBagASHT-25-1-1-43
14/03/22 19:17:16
14/03/22 19:17:16
/home/pi/reginaldojunior/experimentos/results/socket/2/600/600/covtypeNorm-OzaBagASHTExecutorRUNPER-25-2-1-43
14/03/22 19:19:25
14/03/22 19:19:25
/home/pi/reginaldojunior/experimentos/results/socket/2/600/600/covtypeNorm-OzaBagASHT-25-1-1-215
14/03/22 19:21:34
14/03/22 19:21:34
/home/pi/reginaldojunior/experimentos/results/socket/2/600/600/covtypeNorm-OzaBagASHTExecutorRUNPER-25-2-1-215
14/03/22 19:23:43
14/03/22 19:23:43
/home/pi/reginaldojunior/experimentos/results/socket/2/600/600/covtypeNorm-OzaBagASHT-25-1-1-388
14/03/22 19:25:51
14/03/22 19:25:51
/home/pi/reginaldojunior/experimentos/results/socket/2/600/600/covtypeNorm-OzaBagASHTExecutorRUNPER-25-2-1-388
14/03/22 19:28:00
14/03/22 19:28:00
/home/pi/reginaldojunior/experimentos/results/socket/2/600/600/covtypeNorm-OzaBag-25-1-1-43
14/03/22 19:30:09
14/03/22 19:30:09
/home/pi/reginaldojunior/experimentos/results/socket/2/600/600/covtypeNorm-OzaBagExecutorRUNPER-25-2-1-43
14/03/22 19:32:18
14/03/22 19:32:18
/home/pi/reginaldojunior/experimentos/results/socket/2/600/600/covtypeNorm-OzaBag-25-1-1-217
14/03/22 19:34:27
14/03/22 19:34:27
/home/pi/reginaldojunior/experimentos/results/socket/2/600/600/covtypeNorm-OzaBagExecutorRUNPER-25-2-1-217
14/03/22 19:36:36
14/03/22 19:36:36
/home/pi/reginaldojunior/experimentos/results/socket/2/600/600/covtypeNorm-OzaBag-25-1-1-390
14/03/22 19:38:45
14/03/22 19:38:45
/home/pi/reginaldojunior/experimentos/results/socket/2/600/600/covtypeNorm-OzaBagExecutorRUNPER-25-2-1-390
14/03/22 19:40:54
14/03/22 19:40:54
/home/pi/reginaldojunior/experimentos/results/socket/2/600/600/GMSC-AdaptiveRandomForestSequential-25-1-1-70
14/03/22 19:43:00
14/03/22 19:43:00
/home/pi/reginaldojunior/experimentos/results/socket/2/600/600/GMSC-AdaptiveRandomForestExecutorRUNPER-25-2-1-70
14/03/22 19:45:06
14/03/22 19:45:06
/home/pi/reginaldojunior/experimentos/results/socket/2/600/600/GMSC-AdaptiveRandomForestSequential-25-1-1-350
14/03/22 19:47:12
14/03/22 19:47:12
/home/pi/reginaldojunior/experimentos/results/socket/2/600/600/GMSC-AdaptiveRandomForestExecutorRUNPER-25-2-1-350
14/03/22 19:49:19
14/03/22 19:49:19
/home/pi/reginaldojunior/experimentos/results/socket/2/600/600/GMSC-AdaptiveRandomForestSequential-25-1-1-630
14/03/22 19:51:26
14/03/22 19:51:26
/home/pi/reginaldojunior/experimentos/results/socket/2/600/600/GMSC-AdaptiveRandomForestExecutorRUNPER-25-2-1-630
14/03/22 19:53:32
14/03/22 19:53:32
/home/pi/reginaldojunior/experimentos/results/socket/2/600/600/GMSC-LeveragingBag-25-1-1-90
14/03/22 19:55:41
14/03/22 19:55:41
/home/pi/reginaldojunior/experimentos/results/socket/2/600/600/GMSC-LBagExecutorRUNPER-25-2-1-90
14/03/22 19:57:49
14/03/22 19:57:49
/home/pi/reginaldojunior/experimentos/results/socket/2/600/600/GMSC-LeveragingBag-25-1-1-452
14/03/22 19:59:58
14/03/22 19:59:58
/home/pi/reginaldojunior/experimentos/results/socket/2/600/600/GMSC-LBagExecutorRUNPER-25-2-1-452
14/03/22 20:02:07
14/03/22 20:02:07
/home/pi/reginaldojunior/experimentos/results/socket/2/600/600/GMSC-LeveragingBag-25-1-1-814
14/03/22 20:04:15
14/03/22 20:04:15
/home/pi/reginaldojunior/experimentos/results/socket/2/600/600/GMSC-LBagExecutorRUNPER-25-2-1-814
14/03/22 20:06:23
14/03/22 20:06:23
/home/pi/reginaldojunior/experimentos/results/socket/2/600/600/GMSC-StreamingRandomPatches-25-1-1-33
14/03/22 20:08:30
14/03/22 20:08:30
/home/pi/reginaldojunior/experimentos/results/socket/2/600/600/GMSC-StreamingRandomPatchesExecutorRUNPER-25-2-1-33
14/03/22 20:10:36
14/03/22 20:10:36
/home/pi/reginaldojunior/experimentos/results/socket/2/600/600/GMSC-StreamingRandomPatches-25-1-1-167
14/03/22 20:12:42
14/03/22 20:12:42
/home/pi/reginaldojunior/experimentos/results/socket/2/600/600/GMSC-StreamingRandomPatchesExecutorRUNPER-25-2-1-167
14/03/22 20:14:48
14/03/22 20:14:49
/home/pi/reginaldojunior/experimentos/results/socket/2/600/600/GMSC-StreamingRandomPatches-25-1-1-301
14/03/22 20:16:55
14/03/22 20:16:55
/home/pi/reginaldojunior/experimentos/results/socket/2/600/600/GMSC-StreamingRandomPatchesExecutorRUNPER-25-2-1-301
14/03/22 20:19:02
14/03/22 20:19:02
/home/pi/reginaldojunior/experimentos/results/socket/2/600/600/GMSC-OzaBagAdwin-25-1-1-175
14/03/22 20:21:10
14/03/22 20:21:10
/home/pi/reginaldojunior/experimentos/results/socket/2/600/600/GMSC-OzaBagAdwinExecutorRUNPER-25-2-1-175
14/03/22 20:23:19
14/03/22 20:23:19
/home/pi/reginaldojunior/experimentos/results/socket/2/600/600/GMSC-OzaBagAdwin-25-1-1-877
14/03/22 20:25:29
14/03/22 20:25:29
/home/pi/reginaldojunior/experimentos/results/socket/2/600/600/GMSC-OzaBagAdwinExecutorRUNPER-25-2-1-877
14/03/22 20:27:38
14/03/22 20:27:38
/home/pi/reginaldojunior/experimentos/results/socket/2/600/600/GMSC-OzaBagAdwin-25-1-1-1578
14/03/22 20:29:47
14/03/22 20:29:47
/home/pi/reginaldojunior/experimentos/results/socket/2/600/600/GMSC-OzaBagAdwinExecutorRUNPER-25-2-1-1578
14/03/22 20:31:56
14/03/22 20:31:56
/home/pi/reginaldojunior/experimentos/results/socket/2/600/600/GMSC-OzaBagASHT-25-1-1-191
14/03/22 20:34:05
14/03/22 20:34:05
/home/pi/reginaldojunior/experimentos/results/socket/2/600/600/GMSC-OzaBagASHTExecutorRUNPER-25-2-1-191
14/03/22 20:36:14
14/03/22 20:36:14
/home/pi/reginaldojunior/experimentos/results/socket/2/600/600/GMSC-OzaBagASHT-25-1-1-959
14/03/22 20:38:23
14/03/22 20:38:23
/home/pi/reginaldojunior/experimentos/results/socket/2/600/600/GMSC-OzaBagASHTExecutorRUNPER-25-2-1-959
14/03/22 20:40:32
14/03/22 20:40:32
/home/pi/reginaldojunior/experimentos/results/socket/2/600/600/GMSC-OzaBagASHT-25-1-1-1727
14/03/22 20:42:41
14/03/22 20:42:42
/home/pi/reginaldojunior/experimentos/results/socket/2/600/600/GMSC-OzaBagASHTExecutorRUNPER-25-2-1-1727
14/03/22 20:44:50
14/03/22 20:44:50
/home/pi/reginaldojunior/experimentos/results/socket/2/600/600/GMSC-OzaBag-25-1-1-184
14/03/22 20:46:59
14/03/22 20:46:59
/home/pi/reginaldojunior/experimentos/results/socket/2/600/600/GMSC-OzaBagExecutorRUNPER-25-2-1-184
14/03/22 20:49:08
14/03/22 20:49:08
/home/pi/reginaldojunior/experimentos/results/socket/2/600/600/GMSC-OzaBag-25-1-1-924
14/03/22 20:51:17
14/03/22 20:51:17
/home/pi/reginaldojunior/experimentos/results/socket/2/600/600/GMSC-OzaBagExecutorRUNPER-25-2-1-924
14/03/22 20:53:26
14/03/22 20:53:26
/home/pi/reginaldojunior/experimentos/results/socket/2/600/600/GMSC-OzaBag-25-1-1-1663
14/03/22 20:55:35
14/03/22 20:55:35
/home/pi/reginaldojunior/experimentos/results/socket/2/600/600/GMSC-OzaBagExecutorRUNPER-25-2-1-1663
14/03/22 20:57:44
14/03/22 20:57:44
/home/pi/reginaldojunior/experimentos/results/socket/2/600/600/airlines-AdaptiveRandomForestSequential-25-1-1-15
14/03/22 20:59:50
14/03/22 20:59:50
/home/pi/reginaldojunior/experimentos/results/socket/2/600/600/airlines-AdaptiveRandomForestExecutorRUNPER-25-2-1-15
14/03/22 21:01:58
14/03/22 21:01:58
/home/pi/reginaldojunior/experimentos/results/socket/2/600/600/airlines-AdaptiveRandomForestSequential-25-1-1-78
14/03/22 21:04:04
14/03/22 21:04:04
/home/pi/reginaldojunior/experimentos/results/socket/2/600/600/airlines-AdaptiveRandomForestExecutorRUNPER-25-2-1-78
14/03/22 21:06:11
14/03/22 21:06:11
/home/pi/reginaldojunior/experimentos/results/socket/2/600/600/airlines-AdaptiveRandomForestSequential-25-1-1-140
14/03/22 21:08:17
14/03/22 21:08:18
/home/pi/reginaldojunior/experimentos/results/socket/2/600/600/airlines-AdaptiveRandomForestExecutorRUNPER-25-2-1-140
14/03/22 21:10:25
14/03/22 21:10:25
/home/pi/reginaldojunior/experimentos/results/socket/2/600/600/airlines-LeveragingBag-25-1-1-15
14/03/22 21:12:34
14/03/22 21:12:34
/home/pi/reginaldojunior/experimentos/results/socket/2/600/600/airlines-LBagExecutorRUNPER-25-2-1-15
14/03/22 21:14:43
14/03/22 21:14:43
/home/pi/reginaldojunior/experimentos/results/socket/2/600/600/airlines-LeveragingBag-25-1-1-75
14/03/22 21:16:51
14/03/22 21:16:51
/home/pi/reginaldojunior/experimentos/results/socket/2/600/600/airlines-LBagExecutorRUNPER-25-2-1-75
14/03/22 21:19:00
14/03/22 21:19:00
/home/pi/reginaldojunior/experimentos/results/socket/2/600/600/airlines-LeveragingBag-25-1-1-136
14/03/22 21:21:09
14/03/22 21:21:09
/home/pi/reginaldojunior/experimentos/results/socket/2/600/600/airlines-LBagExecutorRUNPER-25-2-1-136
14/03/22 21:23:18
14/03/22 21:23:18
/home/pi/reginaldojunior/experimentos/results/socket/2/600/600/airlines-StreamingRandomPatches-25-1-1-15
14/03/22 21:25:25
14/03/22 21:25:25
/home/pi/reginaldojunior/experimentos/results/socket/2/600/600/airlines-StreamingRandomPatchesExecutorRUNPER-25-2-1-15
14/03/22 21:27:31
14/03/22 21:27:31
/home/pi/reginaldojunior/experimentos/results/socket/2/600/600/airlines-StreamingRandomPatches-25-1-1-77
14/03/22 21:29:38
14/03/22 21:29:39
/home/pi/reginaldojunior/experimentos/results/socket/2/600/600/airlines-StreamingRandomPatchesExecutorRUNPER-25-2-1-77
14/03/22 21:31:45
14/03/22 21:31:45
/home/pi/reginaldojunior/experimentos/results/socket/2/600/600/airlines-StreamingRandomPatches-25-1-1-139
14/03/22 21:33:52
14/03/22 21:33:52
/home/pi/reginaldojunior/experimentos/results/socket/2/600/600/airlines-StreamingRandomPatchesExecutorRUNPER-25-2-1-139
14/03/22 21:35:58
14/03/22 21:35:58
/home/pi/reginaldojunior/experimentos/results/socket/2/600/600/airlines-OzaBagAdwin-25-1-1-22
14/03/22 21:38:07
14/03/22 21:38:07
/home/pi/reginaldojunior/experimentos/results/socket/2/600/600/airlines-OzaBagAdwinExecutorRUNPER-25-2-1-22
14/03/22 21:40:16
14/03/22 21:40:16
/home/pi/reginaldojunior/experimentos/results/socket/2/600/600/airlines-OzaBagAdwin-25-1-1-114
14/03/22 21:42:25
14/03/22 21:42:25
/home/pi/reginaldojunior/experimentos/results/socket/2/600/600/airlines-OzaBagAdwinExecutorRUNPER-25-2-1-114
14/03/22 21:44:34
14/03/22 21:44:34
/home/pi/reginaldojunior/experimentos/results/socket/2/600/600/airlines-OzaBagAdwin-25-1-1-205
14/03/22 21:46:44
14/03/22 21:46:44
/home/pi/reginaldojunior/experimentos/results/socket/2/600/600/airlines-OzaBagAdwinExecutorRUNPER-25-2-1-205
14/03/22 21:48:52
14/03/22 21:48:52
/home/pi/reginaldojunior/experimentos/results/socket/2/600/600/airlines-OzaBagASHT-25-1-1-55
14/03/22 21:51:01
14/03/22 21:51:01
/home/pi/reginaldojunior/experimentos/results/socket/2/600/600/airlines-OzaBagASHTExecutorRUNPER-25-2-1-55
14/03/22 21:53:12
14/03/22 21:53:12
/home/pi/reginaldojunior/experimentos/results/socket/2/600/600/airlines-OzaBagASHT-25-1-1-277
14/03/22 21:55:21
14/03/22 21:55:21
/home/pi/reginaldojunior/experimentos/results/socket/2/600/600/airlines-OzaBagASHTExecutorRUNPER-25-2-1-277
14/03/22 21:57:30
14/03/22 21:57:30
/home/pi/reginaldojunior/experimentos/results/socket/2/600/600/airlines-OzaBagASHT-25-1-1-499
14/03/22 21:59:39
14/03/22 21:59:39
/home/pi/reginaldojunior/experimentos/results/socket/2/600/600/airlines-OzaBagASHTExecutorRUNPER-25-2-1-499
14/03/22 22:01:48
14/03/22 22:01:48
/home/pi/reginaldojunior/experimentos/results/socket/2/600/600/airlines-OzaBag-25-1-1-80
14/03/22 22:03:57
14/03/22 22:03:57
/home/pi/reginaldojunior/experimentos/results/socket/2/600/600/airlines-OzaBagExecutorRUNPER-25-2-1-80
14/03/22 22:06:06
14/03/22 22:06:06
/home/pi/reginaldojunior/experimentos/results/socket/2/600/600/airlines-OzaBag-25-1-1-402
14/03/22 22:08:15
14/03/22 22:08:15
/home/pi/reginaldojunior/experimentos/results/socket/2/600/600/airlines-OzaBagExecutorRUNPER-25-2-1-402
14/03/22 22:10:26
14/03/22 22:10:26
/home/pi/reginaldojunior/experimentos/results/socket/2/600/600/airlines-OzaBag-25-1-1-724
14/03/22 22:12:35
14/03/22 22:12:35
/home/pi/reginaldojunior/experimentos/results/socket/2/600/600/airlines-OzaBagExecutorRUNPER-25-2-1-724
14/03/22 22:14:43
14/03/22 22:14:43
