06/12/23 23:30:08
/home/pi/reginaldojunior/experimentos/socket/loop-fusion-dynamic/all-batches-8//covtypeNorm-AdaptiveRandomForestExecutorMAXChunk-25-4-25-844
06/12/23 23:40:14
06/12/23 23:40:14
/home/pi/reginaldojunior/experimentos/socket/loop-fusion-dynamic/all-batches-8//covtypeNorm-LBagExecutorMAXChunk-25-4-25-575
06/12/23 23:50:20
06/12/23 23:50:20
/home/pi/reginaldojunior/experimentos/socket/loop-fusion-dynamic/all-batches-8//covtypeNorm-StreamingRandomPatchesExecutorMAXChunk-25-4-25-253
07/12/23 00:00:26
07/12/23 00:00:26
/home/pi/reginaldojunior/experimentos/socket/loop-fusion-dynamic/all-batches-8//covtypeNorm-OzaBagAdwinExecutorMAXChunk-25-4-25-794
07/12/23 00:10:32
07/12/23 00:10:32
/home/pi/reginaldojunior/experimentos/socket/loop-fusion-dynamic/all-batches-8//covtypeNorm-OzaBagASHTExecutorMAXChunk-25-4-25-2709
07/12/23 00:20:39
07/12/23 00:20:39
/home/pi/reginaldojunior/experimentos/socket/loop-fusion-dynamic/all-batches-8//covtypeNorm-OzaBagExecutorMAXChunk-25-4-25-2679
07/12/23 00:30:46
07/12/23 00:30:46
/home/pi/reginaldojunior/experimentos/socket/loop-fusion-dynamic/all-batches-8//airlines-AdaptiveRandomForestExecutorMAXChunk-25-4-25-213
07/12/23 00:40:51
07/12/23 00:40:51
/home/pi/reginaldojunior/experimentos/socket/loop-fusion-dynamic/all-batches-8//airlines-LBagExecutorMAXChunk-25-4-25-210
07/12/23 00:50:58
07/12/23 00:50:58
/home/pi/reginaldojunior/experimentos/socket/loop-fusion-dynamic/all-batches-8//airlines-StreamingRandomPatchesExecutorMAXChunk-25-4-25-236
07/12/23 01:01:03
07/12/23 01:01:03
/home/pi/reginaldojunior/experimentos/socket/loop-fusion-dynamic/all-batches-8//airlines-OzaBagAdwinExecutorMAXChunk-25-4-25-717
07/12/23 01:11:10
07/12/23 01:11:10
/home/pi/reginaldojunior/experimentos/socket/loop-fusion-dynamic/all-batches-8//airlines-OzaBagASHTExecutorMAXChunk-25-4-25-2735
07/12/23 01:21:17
07/12/23 01:21:17
/home/pi/reginaldojunior/experimentos/socket/loop-fusion-dynamic/all-batches-8//airlines-OzaBagExecutorMAXChunk-25-4-25-4800
07/12/23 01:31:23
07/12/23 01:31:23
/home/pi/reginaldojunior/experimentos/socket/loop-fusion-dynamic/all-batches-8//elecNormNew-AdaptiveRandomForestExecutorMAXChunk-25-4-25-882
07/12/23 01:41:29
07/12/23 01:41:29
/home/pi/reginaldojunior/experimentos/socket/loop-fusion-dynamic/all-batches-8//elecNormNew-LBagExecutorMAXChunk-25-4-25-1258
07/12/23 01:51:35
07/12/23 01:51:35
/home/pi/reginaldojunior/experimentos/socket/loop-fusion-dynamic/all-batches-8//elecNormNew-StreamingRandomPatchesExecutorMAXChunk-25-4-25-496
07/12/23 02:01:41
07/12/23 02:01:41
/home/pi/reginaldojunior/experimentos/socket/loop-fusion-dynamic/all-batches-8//elecNormNew-OzaBagAdwinExecutorMAXChunk-25-4-25-2142
07/12/23 02:05:25
07/12/23 02:05:25
/home/pi/reginaldojunior/experimentos/socket/loop-fusion-dynamic/all-batches-8//elecNormNew-OzaBagASHTExecutorMAXChunk-25-4-25-3926
07/12/23 02:09:52
07/12/23 02:09:52
/home/pi/reginaldojunior/experimentos/socket/loop-fusion-dynamic/all-batches-8//elecNormNew-OzaBagExecutorMAXChunk-25-4-25-3944
07/12/23 02:13:02
07/12/23 02:13:02
/home/pi/reginaldojunior/experimentos/socket/loop-fusion-dynamic/all-batches-8//GMSC-AdaptiveRandomForestExecutorMAXChunk-25-4-25-1574
07/12/23 02:23:08
07/12/23 02:23:08
/home/pi/reginaldojunior/experimentos/socket/loop-fusion-dynamic/all-batches-8//GMSC-LBagExecutorMAXChunk-25-4-25-1861
07/12/23 02:33:15
07/12/23 02:33:15
/home/pi/reginaldojunior/experimentos/socket/loop-fusion-dynamic/all-batches-8//GMSC-StreamingRandomPatchesExecutorMAXChunk-25-4-25-898
07/12/23 02:43:20
07/12/23 02:43:20
/home/pi/reginaldojunior/experimentos/socket/loop-fusion-dynamic/all-batches-8//GMSC-OzaBagAdwinExecutorMAXChunk-25-4-25-3066
07/12/23 02:53:27
07/12/23 02:53:27
/home/pi/reginaldojunior/experimentos/socket/loop-fusion-dynamic/all-batches-8//GMSC-OzaBagASHTExecutorMAXChunk-25-4-25-6863
07/12/23 02:59:20
07/12/23 02:59:20
/home/pi/reginaldojunior/experimentos/socket/loop-fusion-dynamic/all-batches-8//GMSC-OzaBagExecutorMAXChunk-25-4-25-6653
07/12/23 03:09:27
07/12/23 03:09:27
/home/pi/reginaldojunior/experimentos/socket/loop-fusion-dynamic/all-batches-8//covtypeNorm-AdaptiveRandomForestExecutorMAXChunk-25-4-50-1012
07/12/23 03:19:32
07/12/23 03:19:32
/home/pi/reginaldojunior/experimentos/socket/loop-fusion-dynamic/all-batches-8//covtypeNorm-LBagExecutorMAXChunk-25-4-50-667
07/12/23 03:29:39
07/12/23 03:29:39
/home/pi/reginaldojunior/experimentos/socket/loop-fusion-dynamic/all-batches-8//covtypeNorm-StreamingRandomPatchesExecutorMAXChunk-25-4-50-255
07/12/23 03:39:44
07/12/23 03:39:44
/home/pi/reginaldojunior/experimentos/socket/loop-fusion-dynamic/all-batches-8//covtypeNorm-OzaBagAdwinExecutorMAXChunk-25-4-50-996
07/12/23 03:49:51
07/12/23 03:49:51
/home/pi/reginaldojunior/experimentos/socket/loop-fusion-dynamic/all-batches-8//covtypeNorm-OzaBagASHTExecutorMAXChunk-25-4-50-2708
07/12/23 03:59:58
07/12/23 03:59:58
/home/pi/reginaldojunior/experimentos/socket/loop-fusion-dynamic/all-batches-8//covtypeNorm-OzaBagExecutorMAXChunk-25-4-50-2675
07/12/23 04:10:04
07/12/23 04:10:04
/home/pi/reginaldojunior/experimentos/socket/loop-fusion-dynamic/all-batches-8//airlines-AdaptiveRandomForestExecutorMAXChunk-25-4-50-220
07/12/23 04:20:09
07/12/23 04:20:09
/home/pi/reginaldojunior/experimentos/socket/loop-fusion-dynamic/all-batches-8//airlines-LBagExecutorMAXChunk-25-4-50-214
07/12/23 04:30:16
07/12/23 04:30:16
/home/pi/reginaldojunior/experimentos/socket/loop-fusion-dynamic/all-batches-8//airlines-StreamingRandomPatchesExecutorMAXChunk-25-4-50-239
07/12/23 04:40:21
07/12/23 04:40:21
/home/pi/reginaldojunior/experimentos/socket/loop-fusion-dynamic/all-batches-8//airlines-OzaBagAdwinExecutorMAXChunk-25-4-50-683
07/12/23 04:50:28
07/12/23 04:50:28
/home/pi/reginaldojunior/experimentos/socket/loop-fusion-dynamic/all-batches-8//airlines-OzaBagASHTExecutorMAXChunk-25-4-50-3799
07/12/23 05:00:35
07/12/23 05:00:35
/home/pi/reginaldojunior/experimentos/socket/loop-fusion-dynamic/all-batches-8//airlines-OzaBagExecutorMAXChunk-25-4-50-5027
07/12/23 05:10:42
07/12/23 05:10:42
/home/pi/reginaldojunior/experimentos/socket/loop-fusion-dynamic/all-batches-8//elecNormNew-AdaptiveRandomForestExecutorMAXChunk-25-4-50-918
07/12/23 05:20:48
07/12/23 05:20:48
/home/pi/reginaldojunior/experimentos/socket/loop-fusion-dynamic/all-batches-8//elecNormNew-LBagExecutorMAXChunk-25-4-50-1316
07/12/23 05:30:54
07/12/23 05:30:54
/home/pi/reginaldojunior/experimentos/socket/loop-fusion-dynamic/all-batches-8//elecNormNew-StreamingRandomPatchesExecutorMAXChunk-25-4-50-489
07/12/23 05:41:00
07/12/23 05:41:00
/home/pi/reginaldojunior/experimentos/socket/loop-fusion-dynamic/all-batches-8//elecNormNew-OzaBagAdwinExecutorMAXChunk-25-4-50-2523
07/12/23 05:48:29
07/12/23 05:48:29
/home/pi/reginaldojunior/experimentos/socket/loop-fusion-dynamic/all-batches-8//elecNormNew-OzaBagASHTExecutorMAXChunk-25-4-50-4141
07/12/23 05:52:31
07/12/23 05:52:31
/home/pi/reginaldojunior/experimentos/socket/loop-fusion-dynamic/all-batches-8//elecNormNew-OzaBagExecutorMAXChunk-25-4-50-4162
07/12/23 05:59:27
07/12/23 05:59:27
/home/pi/reginaldojunior/experimentos/socket/loop-fusion-dynamic/all-batches-8//GMSC-AdaptiveRandomForestExecutorMAXChunk-25-4-50-1699
07/12/23 06:09:33
07/12/23 06:09:33
/home/pi/reginaldojunior/experimentos/socket/loop-fusion-dynamic/all-batches-8//GMSC-LBagExecutorMAXChunk-25-4-50-2037
07/12/23 06:19:40
07/12/23 06:19:40
/home/pi/reginaldojunior/experimentos/socket/loop-fusion-dynamic/all-batches-8//GMSC-StreamingRandomPatchesExecutorMAXChunk-25-4-50-958
07/12/23 06:29:45
07/12/23 06:29:45
/home/pi/reginaldojunior/experimentos/socket/loop-fusion-dynamic/all-batches-8//GMSC-OzaBagAdwinExecutorMAXChunk-25-4-50-4027
07/12/23 06:39:52
07/12/23 06:39:52
/home/pi/reginaldojunior/experimentos/socket/loop-fusion-dynamic/all-batches-8//GMSC-OzaBagASHTExecutorMAXChunk-25-4-50-7285
07/12/23 06:46:49
07/12/23 06:46:49
/home/pi/reginaldojunior/experimentos/socket/loop-fusion-dynamic/all-batches-8//GMSC-OzaBagExecutorMAXChunk-25-4-50-6990
07/12/23 06:54:08
07/12/23 06:54:08
/home/pi/reginaldojunior/experimentos/socket/loop-fusion-dynamic/all-batches-8//covtypeNorm-AdaptiveRandomForestExecutorMAXChunk-25-4-500-963
07/12/23 07:04:13
07/12/23 07:04:13
/home/pi/reginaldojunior/experimentos/socket/loop-fusion-dynamic/all-batches-8//covtypeNorm-LBagExecutorMAXChunk-25-4-500-782
07/12/23 07:14:20
07/12/23 07:14:20
/home/pi/reginaldojunior/experimentos/socket/loop-fusion-dynamic/all-batches-8//covtypeNorm-StreamingRandomPatchesExecutorMAXChunk-25-4-500-276
07/12/23 07:24:27
07/12/23 07:24:27
/home/pi/reginaldojunior/experimentos/socket/loop-fusion-dynamic/all-batches-8//covtypeNorm-OzaBagAdwinExecutorMAXChunk-25-4-500-1154
07/12/23 07:34:34
07/12/23 07:34:34
/home/pi/reginaldojunior/experimentos/socket/loop-fusion-dynamic/all-batches-8//covtypeNorm-OzaBagASHTExecutorMAXChunk-25-4-500-3368
07/12/23 07:44:41
07/12/23 07:44:41
/home/pi/reginaldojunior/experimentos/socket/loop-fusion-dynamic/all-batches-8//covtypeNorm-OzaBagExecutorMAXChunk-25-4-500-3708
07/12/23 07:54:48
07/12/23 07:54:48
/home/pi/reginaldojunior/experimentos/socket/loop-fusion-dynamic/all-batches-8//airlines-AdaptiveRandomForestExecutorMAXChunk-25-4-500-276
07/12/23 08:04:53
07/12/23 08:04:53
/home/pi/reginaldojunior/experimentos/socket/loop-fusion-dynamic/all-batches-8//airlines-LBagExecutorMAXChunk-25-4-500-245
07/12/23 08:18:00
07/12/23 08:18:00
/home/pi/reginaldojunior/experimentos/socket/loop-fusion-dynamic/all-batches-8//airlines-StreamingRandomPatchesExecutorMAXChunk-25-4-500-266
07/12/23 08:28:06
07/12/23 08:28:06
/home/pi/reginaldojunior/experimentos/socket/loop-fusion-dynamic/all-batches-8//airlines-OzaBagAdwinExecutorMAXChunk-25-4-500-753
07/12/23 08:38:12
07/12/23 08:38:12
/home/pi/reginaldojunior/experimentos/socket/loop-fusion-dynamic/all-batches-8//airlines-OzaBagASHTExecutorMAXChunk-25-4-500-4856
07/12/23 08:48:19
07/12/23 08:48:19
/home/pi/reginaldojunior/experimentos/socket/loop-fusion-dynamic/all-batches-8//airlines-OzaBagExecutorMAXChunk-25-4-500-6170
07/12/23 08:58:26
07/12/23 08:58:26
/home/pi/reginaldojunior/experimentos/socket/loop-fusion-dynamic/all-batches-8//elecNormNew-AdaptiveRandomForestExecutorMAXChunk-25-4-500-930
07/12/23 09:08:32
07/12/23 09:08:32
/home/pi/reginaldojunior/experimentos/socket/loop-fusion-dynamic/all-batches-8//elecNormNew-LBagExecutorMAXChunk-25-4-500-1471
07/12/23 09:18:38
07/12/23 09:18:38
/home/pi/reginaldojunior/experimentos/socket/loop-fusion-dynamic/all-batches-8//elecNormNew-StreamingRandomPatchesExecutorMAXChunk-25-4-500-494
07/12/23 09:28:44
07/12/23 09:28:44
/home/pi/reginaldojunior/experimentos/socket/loop-fusion-dynamic/all-batches-8//elecNormNew-OzaBagAdwinExecutorMAXChunk-25-4-500-2794
07/12/23 09:35:31
07/12/23 09:35:31
/home/pi/reginaldojunior/experimentos/socket/loop-fusion-dynamic/all-batches-8//elecNormNew-OzaBagASHTExecutorMAXChunk-25-4-500-4712
07/12/23 09:39:19
07/12/23 09:39:19
/home/pi/reginaldojunior/experimentos/socket/loop-fusion-dynamic/all-batches-8//elecNormNew-OzaBagExecutorMAXChunk-25-4-500-4455
07/12/23 09:44:41
07/12/23 09:44:41
/home/pi/reginaldojunior/experimentos/socket/loop-fusion-dynamic/all-batches-8//GMSC-AdaptiveRandomForestExecutorMAXChunk-25-4-500-1820
07/12/23 09:54:47
07/12/23 09:54:47
/home/pi/reginaldojunior/experimentos/socket/loop-fusion-dynamic/all-batches-8//GMSC-LBagExecutorMAXChunk-25-4-500-2271
07/12/23 10:04:54
07/12/23 10:04:54
/home/pi/reginaldojunior/experimentos/socket/loop-fusion-dynamic/all-batches-8//GMSC-StreamingRandomPatchesExecutorMAXChunk-25-4-500-1019
07/12/23 10:15:00
07/12/23 10:15:00
/home/pi/reginaldojunior/experimentos/socket/loop-fusion-dynamic/all-batches-8//GMSC-OzaBagAdwinExecutorMAXChunk-25-4-500-4733
07/12/23 10:25:07
07/12/23 10:25:07
/home/pi/reginaldojunior/experimentos/socket/loop-fusion-dynamic/all-batches-8//GMSC-OzaBagASHTExecutorMAXChunk-25-4-500-8617
07/12/23 10:29:08
07/12/23 10:29:08
/home/pi/reginaldojunior/experimentos/socket/loop-fusion-dynamic/all-batches-8//GMSC-OzaBagExecutorMAXChunk-25-4-500-8499
07/12/23 10:37:22
07/12/23 10:37:22
/home/pi/reginaldojunior/experimentos/socket/loop-fusion-dynamic/all-batches-8//covtypeNorm-AdaptiveRandomForestExecutorMAXChunk-25-4-2000-1080
07/12/23 10:47:28
07/12/23 10:47:28
/home/pi/reginaldojunior/experimentos/socket/loop-fusion-dynamic/all-batches-8//covtypeNorm-LBagExecutorMAXChunk-25-4-2000-702
07/12/23 10:57:34
07/12/23 10:57:34
/home/pi/reginaldojunior/experimentos/socket/loop-fusion-dynamic/all-batches-8//covtypeNorm-StreamingRandomPatchesExecutorMAXChunk-25-4-2000-291
07/12/23 11:07:39
07/12/23 11:07:39
/home/pi/reginaldojunior/experimentos/socket/loop-fusion-dynamic/all-batches-8//covtypeNorm-OzaBagAdwinExecutorMAXChunk-25-4-2000-1149
07/12/23 11:17:46
07/12/23 11:17:46
/home/pi/reginaldojunior/experimentos/socket/loop-fusion-dynamic/all-batches-8//covtypeNorm-OzaBagASHTExecutorMAXChunk-25-4-2000-3314
07/12/23 11:27:53
07/12/23 11:27:53
/home/pi/reginaldojunior/experimentos/socket/loop-fusion-dynamic/all-batches-8//covtypeNorm-OzaBagExecutorMAXChunk-25-4-2000-3557
07/12/23 11:38:00
07/12/23 11:38:00
/home/pi/reginaldojunior/experimentos/socket/loop-fusion-dynamic/all-batches-8//airlines-AdaptiveRandomForestExecutorMAXChunk-25-4-2000-292
07/12/23 11:48:25
07/12/23 11:48:25
/home/pi/reginaldojunior/experimentos/socket/loop-fusion-dynamic/all-batches-8//airlines-LBagExecutorMAXChunk-25-4-2000-440
07/12/23 12:21:16
07/12/23 12:21:16
/home/pi/reginaldojunior/experimentos/socket/loop-fusion-dynamic/all-batches-8//airlines-StreamingRandomPatchesExecutorMAXChunk-25-4-2000-277
07/12/23 12:31:51
07/12/23 12:31:51
/home/pi/reginaldojunior/experimentos/socket/loop-fusion-dynamic/all-batches-8//airlines-OzaBagAdwinExecutorMAXChunk-25-4-2000-970
07/12/23 12:41:58
07/12/23 12:41:58
/home/pi/reginaldojunior/experimentos/socket/loop-fusion-dynamic/all-batches-8//airlines-OzaBagASHTExecutorMAXChunk-25-4-2000-4989
07/12/23 12:52:06
07/12/23 12:52:06
/home/pi/reginaldojunior/experimentos/socket/loop-fusion-dynamic/all-batches-8//airlines-OzaBagExecutorMAXChunk-25-4-2000-6220
07/12/23 13:02:12
07/12/23 13:02:13
/home/pi/reginaldojunior/experimentos/socket/loop-fusion-dynamic/all-batches-8//elecNormNew-AdaptiveRandomForestExecutorMAXChunk-25-4-2000-875
07/12/23 13:12:18
07/12/23 13:12:18
/home/pi/reginaldojunior/experimentos/socket/loop-fusion-dynamic/all-batches-8//elecNormNew-LBagExecutorMAXChunk-25-4-2000-1402
07/12/23 13:22:03
07/12/23 13:22:03
/home/pi/reginaldojunior/experimentos/socket/loop-fusion-dynamic/all-batches-8//elecNormNew-StreamingRandomPatchesExecutorMAXChunk-25-4-2000-519
07/12/23 13:32:09
07/12/23 13:32:09
/home/pi/reginaldojunior/experimentos/socket/loop-fusion-dynamic/all-batches-8//elecNormNew-OzaBagAdwinExecutorMAXChunk-25-4-2000-2528
07/12/23 13:36:05
07/12/23 13:36:05
/home/pi/reginaldojunior/experimentos/socket/loop-fusion-dynamic/all-batches-8//elecNormNew-OzaBagASHTExecutorMAXChunk-25-4-2000-4202
07/12/23 13:39:42
07/12/23 13:39:42
/home/pi/reginaldojunior/experimentos/socket/loop-fusion-dynamic/all-batches-8//elecNormNew-OzaBagExecutorMAXChunk-25-4-2000-4042
07/12/23 13:48:06
07/12/23 13:48:06
/home/pi/reginaldojunior/experimentos/socket/loop-fusion-dynamic/all-batches-8//GMSC-AdaptiveRandomForestExecutorMAXChunk-25-4-2000-1801
07/12/23 13:58:12
07/12/23 13:58:12
/home/pi/reginaldojunior/experimentos/socket/loop-fusion-dynamic/all-batches-8//GMSC-LBagExecutorMAXChunk-25-4-2000-2224
07/12/23 14:08:19
07/12/23 14:08:19
/home/pi/reginaldojunior/experimentos/socket/loop-fusion-dynamic/all-batches-8//GMSC-StreamingRandomPatchesExecutorMAXChunk-25-4-2000-974
07/12/23 14:18:25
07/12/23 14:18:25
/home/pi/reginaldojunior/experimentos/socket/loop-fusion-dynamic/all-batches-8//GMSC-OzaBagAdwinExecutorMAXChunk-25-4-2000-4540
07/12/23 14:28:27
07/12/23 14:28:27
/home/pi/reginaldojunior/experimentos/socket/loop-fusion-dynamic/all-batches-8//GMSC-OzaBagASHTExecutorMAXChunk-25-4-2000-8906
07/12/23 14:32:50
07/12/23 14:32:50
/home/pi/reginaldojunior/experimentos/socket/loop-fusion-dynamic/all-batches-8//GMSC-OzaBagExecutorMAXChunk-25-4-2000-8410
07/12/23 14:36:42
