28/01/22 11:33:22
/home/pi/reginaldojunior/experimentos/results/socket/1200/1200/elecNormNew-AdaptiveRandomForestExecutorMAXChunk-25-4-50-77
28/01/22 11:35:27
28/01/22 11:35:27
/home/pi/reginaldojunior/experimentos/results/socket/1200/1200/elecNormNew-AdaptiveRandomForestExecutorMAXChunk-25-4-50-389
28/01/22 11:37:30
28/01/22 11:37:30
/home/pi/reginaldojunior/experimentos/results/socket/1200/1200/elecNormNew-AdaptiveRandomForestExecutorMAXChunk-25-4-50-700
28/01/22 11:38:39
28/01/22 11:38:39
/home/pi/reginaldojunior/experimentos/results/socket/1200/1200/elecNormNew-LBagExecutorMAXChunk-25-4-50-114
28/01/22 11:40:46
28/01/22 11:40:46
/home/pi/reginaldojunior/experimentos/results/socket/1200/1200/elecNormNew-LBagExecutorMAXChunk-25-4-50-571
28/01/22 11:42:12
28/01/22 11:42:12
/home/pi/reginaldojunior/experimentos/results/socket/1200/1200/elecNormNew-LBagExecutorMAXChunk-25-4-50-1029
28/01/22 11:43:02
28/01/22 11:43:02
/home/pi/reginaldojunior/experimentos/results/socket/1200/1200/elecNormNew-StreamingRandomPatchesExecutorMAXChunk-25-4-50-37
28/01/22 11:45:07
28/01/22 11:45:07
/home/pi/reginaldojunior/experimentos/results/socket/1200/1200/elecNormNew-StreamingRandomPatchesExecutorMAXChunk-25-4-50-188
28/01/22 11:47:12
28/01/22 11:47:12
/home/pi/reginaldojunior/experimentos/results/socket/1200/1200/elecNormNew-StreamingRandomPatchesExecutorMAXChunk-25-4-50-338
28/01/22 11:49:17
28/01/22 11:49:17
/home/pi/reginaldojunior/experimentos/results/socket/1200/1200/elecNormNew-OzaBagAdwinExecutorMAXChunk-25-4-50-225
28/01/22 11:51:24
28/01/22 11:51:24
/home/pi/reginaldojunior/experimentos/results/socket/1200/1200/elecNormNew-OzaBagAdwinExecutorMAXChunk-25-4-50-1127
28/01/22 11:52:10
28/01/22 11:52:10
/home/pi/reginaldojunior/experimentos/results/socket/1200/1200/elecNormNew-OzaBagAdwinExecutorMAXChunk-25-4-50-2029
28/01/22 11:52:40
28/01/22 11:52:40
/home/pi/reginaldojunior/experimentos/results/socket/1200/1200/elecNormNew-OzaBagASHTExecutorMAXChunk-25-4-50-261
28/01/22 11:54:46
28/01/22 11:54:46
/home/pi/reginaldojunior/experimentos/results/socket/1200/1200/elecNormNew-OzaBagASHTExecutorMAXChunk-25-4-50-1309
28/01/22 11:55:28
28/01/22 11:55:28
/home/pi/reginaldojunior/experimentos/results/socket/1200/1200/elecNormNew-OzaBagASHTExecutorMAXChunk-25-4-50-2357
28/01/22 11:55:55
28/01/22 11:55:55
/home/pi/reginaldojunior/experimentos/results/socket/1200/1200/elecNormNew-OzaBagExecutorMAXChunk-25-4-50-273
28/01/22 11:58:02
28/01/22 11:58:02
/home/pi/reginaldojunior/experimentos/results/socket/1200/1200/elecNormNew-OzaBagExecutorMAXChunk-25-4-50-1366
28/01/22 11:58:41
28/01/22 11:58:41
/home/pi/reginaldojunior/experimentos/results/socket/1200/1200/elecNormNew-OzaBagExecutorMAXChunk-25-4-50-2459
28/01/22 11:59:06
28/01/22 11:59:06
/home/pi/reginaldojunior/experimentos/results/socket/1200/1200/covtypeNorm-AdaptiveRandomForestExecutorMAXChunk-25-4-50-58
28/01/22 12:01:11
28/01/22 12:01:11
/home/pi/reginaldojunior/experimentos/results/socket/1200/1200/covtypeNorm-AdaptiveRandomForestExecutorMAXChunk-25-4-50-293
28/01/22 12:03:15
28/01/22 12:03:15
/home/pi/reginaldojunior/experimentos/results/socket/1200/1200/covtypeNorm-AdaptiveRandomForestExecutorMAXChunk-25-4-50-527
28/01/22 12:05:20
28/01/22 12:05:20
/home/pi/reginaldojunior/experimentos/results/socket/1200/1200/covtypeNorm-LBagExecutorMAXChunk-25-4-50-44
28/01/22 12:07:27
28/01/22 12:07:27
/home/pi/reginaldojunior/experimentos/results/socket/1200/1200/covtypeNorm-LBagExecutorMAXChunk-25-4-50-221
28/01/22 12:09:33
28/01/22 12:09:34
/home/pi/reginaldojunior/experimentos/results/socket/1200/1200/covtypeNorm-LBagExecutorMAXChunk-25-4-50-397
28/01/22 12:11:40
28/01/22 12:11:40
/home/pi/reginaldojunior/experimentos/results/socket/1200/1200/covtypeNorm-StreamingRandomPatchesExecutorMAXChunk-25-4-50-16
28/01/22 12:13:46
28/01/22 12:13:46
/home/pi/reginaldojunior/experimentos/results/socket/1200/1200/covtypeNorm-StreamingRandomPatchesExecutorMAXChunk-25-4-50-81
28/01/22 12:15:52
28/01/22 12:15:52
/home/pi/reginaldojunior/experimentos/results/socket/1200/1200/covtypeNorm-StreamingRandomPatchesExecutorMAXChunk-25-4-50-147
28/01/22 12:17:56
28/01/22 12:17:56
/home/pi/reginaldojunior/experimentos/results/socket/1200/1200/covtypeNorm-OzaBagAdwinExecutorMAXChunk-25-4-50-61
28/01/22 12:20:03
28/01/22 12:20:03
/home/pi/reginaldojunior/experimentos/results/socket/1200/1200/covtypeNorm-OzaBagAdwinExecutorMAXChunk-25-4-50-305
28/01/22 12:22:10
28/01/22 12:22:10
/home/pi/reginaldojunior/experimentos/results/socket/1200/1200/covtypeNorm-OzaBagAdwinExecutorMAXChunk-25-4-50-549
28/01/22 12:24:16
28/01/22 12:24:16
/home/pi/reginaldojunior/experimentos/results/socket/1200/1200/covtypeNorm-OzaBagASHTExecutorMAXChunk-25-4-50-70
28/01/22 12:26:23
28/01/22 12:26:23
/home/pi/reginaldojunior/experimentos/results/socket/1200/1200/covtypeNorm-OzaBagASHTExecutorMAXChunk-25-4-50-350
28/01/22 12:28:29
28/01/22 12:28:29
/home/pi/reginaldojunior/experimentos/results/socket/1200/1200/covtypeNorm-OzaBagASHTExecutorMAXChunk-25-4-50-631
28/01/22 12:30:36
28/01/22 12:30:36
/home/pi/reginaldojunior/experimentos/results/socket/1200/1200/covtypeNorm-OzaBagExecutorMAXChunk-25-4-50-69
28/01/22 12:32:43
28/01/22 12:32:43
/home/pi/reginaldojunior/experimentos/results/socket/1200/1200/covtypeNorm-OzaBagExecutorMAXChunk-25-4-50-349
28/01/22 12:34:49
28/01/22 12:34:49
/home/pi/reginaldojunior/experimentos/results/socket/1200/1200/covtypeNorm-OzaBagExecutorMAXChunk-25-4-50-629
28/01/22 12:36:56
28/01/22 12:36:56
/home/pi/reginaldojunior/experimentos/results/socket/1200/1200/airlines-AdaptiveRandomForestExecutorMAXChunk-25-4-50-14
28/01/22 12:39:01
28/01/22 12:39:01
/home/pi/reginaldojunior/experimentos/results/socket/1200/1200/airlines-AdaptiveRandomForestExecutorMAXChunk-25-4-50-72
28/01/22 12:41:07
28/01/22 12:41:07
/home/pi/reginaldojunior/experimentos/results/socket/1200/1200/airlines-AdaptiveRandomForestExecutorMAXChunk-25-4-50-130
28/01/22 12:43:12
28/01/22 12:43:12
/home/pi/reginaldojunior/experimentos/results/socket/1200/1200/airlines-LBagExecutorMAXChunk-25-4-50-15
28/01/22 12:45:18
28/01/22 12:45:18
/home/pi/reginaldojunior/experimentos/results/socket/1200/1200/airlines-LBagExecutorMAXChunk-25-4-50-75
28/01/22 12:47:25
28/01/22 12:47:25
/home/pi/reginaldojunior/experimentos/results/socket/1200/1200/airlines-LBagExecutorMAXChunk-25-4-50-136
28/01/22 12:49:33
28/01/22 12:49:33
/home/pi/reginaldojunior/experimentos/results/socket/1200/1200/airlines-StreamingRandomPatchesExecutorMAXChunk-25-4-50-17
28/01/22 12:51:39
28/01/22 12:51:39
/home/pi/reginaldojunior/experimentos/results/socket/1200/1200/airlines-StreamingRandomPatchesExecutorMAXChunk-25-4-50-88
28/01/22 12:53:48
28/01/22 12:53:48
/home/pi/reginaldojunior/experimentos/results/socket/1200/1200/airlines-StreamingRandomPatchesExecutorMAXChunk-25-4-50-159
28/01/22 12:55:56
28/01/22 12:55:56
/home/pi/reginaldojunior/experimentos/results/socket/1200/1200/airlines-OzaBagAdwinExecutorMAXChunk-25-4-50-45
28/01/22 12:58:02
28/01/22 12:58:03
/home/pi/reginaldojunior/experimentos/results/socket/1200/1200/airlines-OzaBagAdwinExecutorMAXChunk-25-4-50-228
28/01/22 13:00:09
28/01/22 13:00:09
/home/pi/reginaldojunior/experimentos/results/socket/1200/1200/airlines-OzaBagAdwinExecutorMAXChunk-25-4-50-411
28/01/22 13:02:17
28/01/22 13:02:17
/home/pi/reginaldojunior/experimentos/results/socket/1200/1200/airlines-OzaBagASHTExecutorMAXChunk-25-4-50-90
28/01/22 13:04:24
28/01/22 13:04:24
/home/pi/reginaldojunior/experimentos/results/socket/1200/1200/airlines-OzaBagASHTExecutorMAXChunk-25-4-50-450
28/01/22 13:06:31
28/01/22 13:06:31
/home/pi/reginaldojunior/experimentos/results/socket/1200/1200/airlines-OzaBagASHTExecutorMAXChunk-25-4-50-811
28/01/22 13:08:38
28/01/22 13:08:38
/home/pi/reginaldojunior/experimentos/results/socket/1200/1200/airlines-OzaBagExecutorMAXChunk-25-4-50-107
28/01/22 13:10:44
28/01/22 13:10:44
/home/pi/reginaldojunior/experimentos/results/socket/1200/1200/airlines-OzaBagExecutorMAXChunk-25-4-50-536
28/01/22 13:12:52
28/01/22 13:12:52
/home/pi/reginaldojunior/experimentos/results/socket/1200/1200/airlines-OzaBagExecutorMAXChunk-25-4-50-966
28/01/22 13:14:59
28/01/22 13:14:59
/home/pi/reginaldojunior/experimentos/results/socket/1200/1200/GMSC-AdaptiveRandomForestExecutorMAXChunk-25-4-50-125
28/01/22 13:17:04
28/01/22 13:17:04
/home/pi/reginaldojunior/experimentos/results/socket/1200/1200/GMSC-AdaptiveRandomForestExecutorMAXChunk-25-4-50-627
28/01/22 13:19:09
28/01/22 13:19:09
/home/pi/reginaldojunior/experimentos/results/socket/1200/1200/GMSC-AdaptiveRandomForestExecutorMAXChunk-25-4-50-1129
28/01/22 13:21:14
28/01/22 13:21:14
/home/pi/reginaldojunior/experimentos/results/socket/1200/1200/GMSC-LBagExecutorMAXChunk-25-4-50-135
28/01/22 13:23:21
28/01/22 13:23:21
/home/pi/reginaldojunior/experimentos/results/socket/1200/1200/GMSC-LBagExecutorMAXChunk-25-4-50-675
28/01/22 13:25:28
28/01/22 13:25:28
/home/pi/reginaldojunior/experimentos/results/socket/1200/1200/GMSC-LBagExecutorMAXChunk-25-4-50-1216
28/01/22 13:27:34
28/01/22 13:27:34
/home/pi/reginaldojunior/experimentos/results/socket/1200/1200/GMSC-StreamingRandomPatchesExecutorMAXChunk-25-4-50-62
28/01/22 13:29:38
28/01/22 13:29:38
/home/pi/reginaldojunior/experimentos/results/socket/1200/1200/GMSC-StreamingRandomPatchesExecutorMAXChunk-25-4-50-310
28/01/22 13:31:43
28/01/22 13:31:43
/home/pi/reginaldojunior/experimentos/results/socket/1200/1200/GMSC-StreamingRandomPatchesExecutorMAXChunk-25-4-50-559
28/01/22 13:33:48
28/01/22 13:33:48
/home/pi/reginaldojunior/experimentos/results/socket/1200/1200/GMSC-OzaBagAdwinExecutorMAXChunk-25-4-50-391
28/01/22 13:35:54
28/01/22 13:35:54
/home/pi/reginaldojunior/experimentos/results/socket/1200/1200/GMSC-OzaBagAdwinExecutorMAXChunk-25-4-50-1957
28/01/22 13:37:18
28/01/22 13:37:18
/home/pi/reginaldojunior/experimentos/results/socket/1200/1200/GMSC-OzaBagAdwinExecutorMAXChunk-25-4-50-3523
28/01/22 13:38:08
28/01/22 13:38:08
/home/pi/reginaldojunior/experimentos/results/socket/1200/1200/GMSC-OzaBagASHTExecutorMAXChunk-25-4-50-415
28/01/22 13:40:14
28/01/22 13:40:14
/home/pi/reginaldojunior/experimentos/results/socket/1200/1200/GMSC-OzaBagASHTExecutorMAXChunk-25-4-50-2077
28/01/22 13:41:33
28/01/22 13:41:33
/home/pi/reginaldojunior/experimentos/results/socket/1200/1200/GMSC-OzaBagASHTExecutorMAXChunk-25-4-50-3740
28/01/22 13:42:19
28/01/22 13:42:19
/home/pi/reginaldojunior/experimentos/results/socket/1200/1200/GMSC-OzaBagExecutorMAXChunk-25-4-50-393
28/01/22 13:44:26
28/01/22 13:44:26
/home/pi/reginaldojunior/experimentos/results/socket/1200/1200/GMSC-OzaBagExecutorMAXChunk-25-4-50-1967
28/01/22 13:45:49
28/01/22 13:45:49
/home/pi/reginaldojunior/experimentos/results/socket/1200/1200/GMSC-OzaBagExecutorMAXChunk-25-4-50-3540
28/01/22 13:46:37
28/01/22 13:46:37
/home/pi/reginaldojunior/experimentos/results/socket/1200/1200/elecNormNew-AdaptiveRandomForestExecutorMAXChunk-25-4-500-79
28/01/22 13:48:43
28/01/22 13:48:43
/home/pi/reginaldojunior/experimentos/results/socket/1200/1200/elecNormNew-AdaptiveRandomForestExecutorMAXChunk-25-4-500-399
28/01/22 13:50:43
28/01/22 13:50:43
/home/pi/reginaldojunior/experimentos/results/socket/1200/1200/elecNormNew-AdaptiveRandomForestExecutorMAXChunk-25-4-500-718
28/01/22 13:51:53
28/01/22 13:51:53
/home/pi/reginaldojunior/experimentos/results/socket/1200/1200/elecNormNew-LBagExecutorMAXChunk-25-4-500-131
28/01/22 13:53:59
28/01/22 13:53:59
/home/pi/reginaldojunior/experimentos/results/socket/1200/1200/elecNormNew-LBagExecutorMAXChunk-25-4-500-658
28/01/22 13:55:15
28/01/22 13:55:15
/home/pi/reginaldojunior/experimentos/results/socket/1200/1200/elecNormNew-LBagExecutorMAXChunk-25-4-500-1186
28/01/22 13:56:01
28/01/22 13:56:02
/home/pi/reginaldojunior/experimentos/results/socket/1200/1200/elecNormNew-StreamingRandomPatchesExecutorMAXChunk-25-4-500-41
28/01/22 13:58:07
28/01/22 13:58:07
/home/pi/reginaldojunior/experimentos/results/socket/1200/1200/elecNormNew-StreamingRandomPatchesExecutorMAXChunk-25-4-500-209
28/01/22 14:00:12
28/01/22 14:00:12
/home/pi/reginaldojunior/experimentos/results/socket/1200/1200/elecNormNew-StreamingRandomPatchesExecutorMAXChunk-25-4-500-377
28/01/22 14:02:18
28/01/22 14:02:18
/home/pi/reginaldojunior/experimentos/results/socket/1200/1200/elecNormNew-OzaBagAdwinExecutorMAXChunk-25-4-500-259
28/01/22 14:04:25
28/01/22 14:04:25
/home/pi/reginaldojunior/experimentos/results/socket/1200/1200/elecNormNew-OzaBagAdwinExecutorMAXChunk-25-4-500-1297
28/01/22 14:05:06
28/01/22 14:05:06
/home/pi/reginaldojunior/experimentos/results/socket/1200/1200/elecNormNew-OzaBagAdwinExecutorMAXChunk-25-4-500-2335
28/01/22 14:05:38
28/01/22 14:05:38
/home/pi/reginaldojunior/experimentos/results/socket/1200/1200/elecNormNew-OzaBagASHTExecutorMAXChunk-25-4-500-298
28/01/22 14:07:44
28/01/22 14:07:44
/home/pi/reginaldojunior/experimentos/results/socket/1200/1200/elecNormNew-OzaBagASHTExecutorMAXChunk-25-4-500-1494
28/01/22 14:08:22
28/01/22 14:08:22
/home/pi/reginaldojunior/experimentos/results/socket/1200/1200/elecNormNew-OzaBagASHTExecutorMAXChunk-25-4-500-2689
28/01/22 14:08:46
28/01/22 14:08:46
/home/pi/reginaldojunior/experimentos/results/socket/1200/1200/elecNormNew-OzaBagExecutorMAXChunk-25-4-500-292
28/01/22 14:10:55
28/01/22 14:10:55
/home/pi/reginaldojunior/experimentos/results/socket/1200/1200/elecNormNew-OzaBagExecutorMAXChunk-25-4-500-1462
28/01/22 14:11:32
28/01/22 14:11:32
/home/pi/reginaldojunior/experimentos/results/socket/1200/1200/elecNormNew-OzaBagExecutorMAXChunk-25-4-500-2632
28/01/22 14:11:59
28/01/22 14:11:59
/home/pi/reginaldojunior/experimentos/results/socket/1200/1200/covtypeNorm-AdaptiveRandomForestExecutorMAXChunk-25-4-500-61
28/01/22 14:14:04
28/01/22 14:14:04
/home/pi/reginaldojunior/experimentos/results/socket/1200/1200/covtypeNorm-AdaptiveRandomForestExecutorMAXChunk-25-4-500-308
28/01/22 14:16:10
28/01/22 14:16:10
/home/pi/reginaldojunior/experimentos/results/socket/1200/1200/covtypeNorm-AdaptiveRandomForestExecutorMAXChunk-25-4-500-554
28/01/22 14:18:16
28/01/22 14:18:16
/home/pi/reginaldojunior/experimentos/results/socket/1200/1200/covtypeNorm-LBagExecutorMAXChunk-25-4-500-51
28/01/22 14:20:24
28/01/22 14:20:24
/home/pi/reginaldojunior/experimentos/results/socket/1200/1200/covtypeNorm-LBagExecutorMAXChunk-25-4-500-255
28/01/22 14:22:30
28/01/22 14:22:30
/home/pi/reginaldojunior/experimentos/results/socket/1200/1200/covtypeNorm-LBagExecutorMAXChunk-25-4-500-460
28/01/22 14:24:37
28/01/22 14:24:37
/home/pi/reginaldojunior/experimentos/results/socket/1200/1200/covtypeNorm-StreamingRandomPatchesExecutorMAXChunk-25-4-500-16
28/01/22 14:26:44
28/01/22 14:26:44
/home/pi/reginaldojunior/experimentos/results/socket/1200/1200/covtypeNorm-StreamingRandomPatchesExecutorMAXChunk-25-4-500-81
28/01/22 14:28:50
28/01/22 14:28:50
/home/pi/reginaldojunior/experimentos/results/socket/1200/1200/covtypeNorm-StreamingRandomPatchesExecutorMAXChunk-25-4-500-146
28/01/22 14:30:56
28/01/22 14:30:56
/home/pi/reginaldojunior/experimentos/results/socket/1200/1200/covtypeNorm-OzaBagAdwinExecutorMAXChunk-25-4-500-76
28/01/22 14:33:04
28/01/22 14:33:04
/home/pi/reginaldojunior/experimentos/results/socket/1200/1200/covtypeNorm-OzaBagAdwinExecutorMAXChunk-25-4-500-380
28/01/22 14:35:11
28/01/22 14:35:11
/home/pi/reginaldojunior/experimentos/results/socket/1200/1200/covtypeNorm-OzaBagAdwinExecutorMAXChunk-25-4-500-685
28/01/22 14:37:17
28/01/22 14:37:17
/home/pi/reginaldojunior/experimentos/results/socket/1200/1200/covtypeNorm-OzaBagASHTExecutorMAXChunk-25-4-500-79
28/01/22 14:39:25
28/01/22 14:39:25
/home/pi/reginaldojunior/experimentos/results/socket/1200/1200/covtypeNorm-OzaBagASHTExecutorMAXChunk-25-4-500-397
28/01/22 14:41:32
28/01/22 14:41:32
/home/pi/reginaldojunior/experimentos/results/socket/1200/1200/covtypeNorm-OzaBagASHTExecutorMAXChunk-25-4-500-715
28/01/22 14:43:39
28/01/22 14:43:39
/home/pi/reginaldojunior/experimentos/results/socket/1200/1200/covtypeNorm-OzaBagExecutorMAXChunk-25-4-500-75
28/01/22 14:45:47
28/01/22 14:45:47
/home/pi/reginaldojunior/experimentos/results/socket/1200/1200/covtypeNorm-OzaBagExecutorMAXChunk-25-4-500-378
28/01/22 14:47:53
28/01/22 14:47:53
/home/pi/reginaldojunior/experimentos/results/socket/1200/1200/covtypeNorm-OzaBagExecutorMAXChunk-25-4-500-680
28/01/22 14:50:00
28/01/22 14:50:00
/home/pi/reginaldojunior/experimentos/results/socket/1200/1200/airlines-AdaptiveRandomForestExecutorMAXChunk-25-4-500-16
28/01/22 14:52:07
28/01/22 14:52:07
/home/pi/reginaldojunior/experimentos/results/socket/1200/1200/airlines-AdaptiveRandomForestExecutorMAXChunk-25-4-500-82
28/01/22 14:54:13
28/01/22 14:54:13
/home/pi/reginaldojunior/experimentos/results/socket/1200/1200/airlines-AdaptiveRandomForestExecutorMAXChunk-25-4-500-148
28/01/22 14:56:19
28/01/22 14:56:19
/home/pi/reginaldojunior/experimentos/results/socket/1200/1200/airlines-LBagExecutorMAXChunk-25-4-500-17
28/01/22 14:58:27
28/01/22 14:58:27
/home/pi/reginaldojunior/experimentos/results/socket/1200/1200/airlines-LBagExecutorMAXChunk-25-4-500-85
28/01/22 15:00:51
28/01/22 15:00:51
/home/pi/reginaldojunior/experimentos/results/socket/1200/1200/airlines-LBagExecutorMAXChunk-25-4-500-153
28/01/22 15:03:03
28/01/22 15:03:03
/home/pi/reginaldojunior/experimentos/results/socket/1200/1200/airlines-StreamingRandomPatchesExecutorMAXChunk-25-4-500-18
28/01/22 15:05:13
28/01/22 15:05:13
/home/pi/reginaldojunior/experimentos/results/socket/1200/1200/airlines-StreamingRandomPatchesExecutorMAXChunk-25-4-500-94
28/01/22 15:07:26
28/01/22 15:07:26
/home/pi/reginaldojunior/experimentos/results/socket/1200/1200/airlines-StreamingRandomPatchesExecutorMAXChunk-25-4-500-170
28/01/22 15:09:35
28/01/22 15:09:35
/home/pi/reginaldojunior/experimentos/results/socket/1200/1200/airlines-OzaBagAdwinExecutorMAXChunk-25-4-500-44
28/01/22 15:11:42
28/01/22 15:11:42
/home/pi/reginaldojunior/experimentos/results/socket/1200/1200/airlines-OzaBagAdwinExecutorMAXChunk-25-4-500-224
28/01/22 15:13:49
28/01/22 15:13:49
/home/pi/reginaldojunior/experimentos/results/socket/1200/1200/airlines-OzaBagAdwinExecutorMAXChunk-25-4-500-403
28/01/22 15:15:58
28/01/22 15:15:58
/home/pi/reginaldojunior/experimentos/results/socket/1200/1200/airlines-OzaBagASHTExecutorMAXChunk-25-4-500-83
28/01/22 15:18:05
28/01/22 15:18:05
/home/pi/reginaldojunior/experimentos/results/socket/1200/1200/airlines-OzaBagASHTExecutorMAXChunk-25-4-500-418
28/01/22 15:20:21
28/01/22 15:20:21
/home/pi/reginaldojunior/experimentos/results/socket/1200/1200/airlines-OzaBagASHTExecutorMAXChunk-25-4-500-752
28/01/22 15:22:28
28/01/22 15:22:28
/home/pi/reginaldojunior/experimentos/results/socket/1200/1200/airlines-OzaBagExecutorMAXChunk-25-4-500-116
28/01/22 15:24:35
28/01/22 15:24:35
/home/pi/reginaldojunior/experimentos/results/socket/1200/1200/airlines-OzaBagExecutorMAXChunk-25-4-500-581
28/01/22 15:26:53
28/01/22 15:26:53
/home/pi/reginaldojunior/experimentos/results/socket/1200/1200/airlines-OzaBagExecutorMAXChunk-25-4-500-1046
28/01/22 15:29:00
28/01/22 15:29:00
/home/pi/reginaldojunior/experimentos/results/socket/1200/1200/GMSC-AdaptiveRandomForestExecutorMAXChunk-25-4-500-126
28/01/22 15:31:06
28/01/22 15:31:06
/home/pi/reginaldojunior/experimentos/results/socket/1200/1200/GMSC-AdaptiveRandomForestExecutorMAXChunk-25-4-500-630
28/01/22 15:33:12
28/01/22 15:33:12
/home/pi/reginaldojunior/experimentos/results/socket/1200/1200/GMSC-AdaptiveRandomForestExecutorMAXChunk-25-4-500-1135
28/01/22 15:35:18
28/01/22 15:35:18
/home/pi/reginaldojunior/experimentos/results/socket/1200/1200/GMSC-LBagExecutorMAXChunk-25-4-500-164
28/01/22 15:37:24
28/01/22 15:37:24
/home/pi/reginaldojunior/experimentos/results/socket/1200/1200/GMSC-LBagExecutorMAXChunk-25-4-500-823
28/01/22 15:39:30
28/01/22 15:39:30
/home/pi/reginaldojunior/experimentos/results/socket/1200/1200/GMSC-LBagExecutorMAXChunk-25-4-500-1482
28/01/22 15:41:19
28/01/22 15:41:19
/home/pi/reginaldojunior/experimentos/results/socket/1200/1200/GMSC-StreamingRandomPatchesExecutorMAXChunk-25-4-500-53
28/01/22 15:43:24
28/01/22 15:43:25
/home/pi/reginaldojunior/experimentos/results/socket/1200/1200/GMSC-StreamingRandomPatchesExecutorMAXChunk-25-4-500-267
28/01/22 15:45:29
28/01/22 15:45:29
/home/pi/reginaldojunior/experimentos/results/socket/1200/1200/GMSC-StreamingRandomPatchesExecutorMAXChunk-25-4-500-481
28/01/22 15:47:36
28/01/22 15:47:36
/home/pi/reginaldojunior/experimentos/results/socket/1200/1200/GMSC-OzaBagAdwinExecutorMAXChunk-25-4-500-411
28/01/22 15:49:42
28/01/22 15:49:42
/home/pi/reginaldojunior/experimentos/results/socket/1200/1200/GMSC-OzaBagAdwinExecutorMAXChunk-25-4-500-2055
28/01/22 15:51:02
28/01/22 15:51:02
/home/pi/reginaldojunior/experimentos/results/socket/1200/1200/GMSC-OzaBagAdwinExecutorMAXChunk-25-4-500-3699
28/01/22 15:51:50
28/01/22 15:51:50
/home/pi/reginaldojunior/experimentos/results/socket/1200/1200/GMSC-OzaBagASHTExecutorMAXChunk-25-4-500-491
28/01/22 15:53:56
28/01/22 15:53:56
/home/pi/reginaldojunior/experimentos/results/socket/1200/1200/GMSC-OzaBagASHTExecutorMAXChunk-25-4-500-2455
28/01/22 15:55:04
28/01/22 15:55:04
/home/pi/reginaldojunior/experimentos/results/socket/1200/1200/GMSC-OzaBagASHTExecutorMAXChunk-25-4-500-4420
28/01/22 15:55:44
28/01/22 15:55:45
/home/pi/reginaldojunior/experimentos/results/socket/1200/1200/GMSC-OzaBagExecutorMAXChunk-25-4-500-466
28/01/22 15:57:51
28/01/22 15:57:51
/home/pi/reginaldojunior/experimentos/results/socket/1200/1200/GMSC-OzaBagExecutorMAXChunk-25-4-500-2334
28/01/22 15:59:02
28/01/22 15:59:02
/home/pi/reginaldojunior/experimentos/results/socket/1200/1200/GMSC-OzaBagExecutorMAXChunk-25-4-500-4202
28/01/22 15:59:44
28/01/22 15:59:44
/home/pi/reginaldojunior/experimentos/results/socket/1200/1200/elecNormNew-AdaptiveRandomForestExecutorMAXChunk-25-4-2000-71
28/01/22 16:01:50
28/01/22 16:01:50
/home/pi/reginaldojunior/experimentos/results/socket/1200/1200/elecNormNew-AdaptiveRandomForestExecutorMAXChunk-25-4-2000-355
28/01/22 16:03:56
28/01/22 16:03:56
/home/pi/reginaldojunior/experimentos/results/socket/1200/1200/elecNormNew-AdaptiveRandomForestExecutorMAXChunk-25-4-2000-639
28/01/22 16:05:14
28/01/22 16:05:14
/home/pi/reginaldojunior/experimentos/results/socket/1200/1200/elecNormNew-LBagExecutorMAXChunk-25-4-2000-126
28/01/22 16:07:20
28/01/22 16:07:20
/home/pi/reginaldojunior/experimentos/results/socket/1200/1200/elecNormNew-LBagExecutorMAXChunk-25-4-2000-634
28/01/22 16:08:39
28/01/22 16:08:39
/home/pi/reginaldojunior/experimentos/results/socket/1200/1200/elecNormNew-LBagExecutorMAXChunk-25-4-2000-1142
28/01/22 16:09:26
28/01/22 16:09:26
/home/pi/reginaldojunior/experimentos/results/socket/1200/1200/elecNormNew-StreamingRandomPatchesExecutorMAXChunk-25-4-2000-39
28/01/22 16:11:32
28/01/22 16:11:32
/home/pi/reginaldojunior/experimentos/results/socket/1200/1200/elecNormNew-StreamingRandomPatchesExecutorMAXChunk-25-4-2000-196
28/01/22 16:13:41
28/01/22 16:13:41
/home/pi/reginaldojunior/experimentos/results/socket/1200/1200/elecNormNew-StreamingRandomPatchesExecutorMAXChunk-25-4-2000-353
28/01/22 16:15:46
28/01/22 16:15:46
/home/pi/reginaldojunior/experimentos/results/socket/1200/1200/elecNormNew-OzaBagAdwinExecutorMAXChunk-25-4-2000-244
28/01/22 16:17:53
28/01/22 16:17:53
/home/pi/reginaldojunior/experimentos/results/socket/1200/1200/elecNormNew-OzaBagAdwinExecutorMAXChunk-25-4-2000-1220
28/01/22 16:18:37
28/01/22 16:18:37
/home/pi/reginaldojunior/experimentos/results/socket/1200/1200/elecNormNew-OzaBagAdwinExecutorMAXChunk-25-4-2000-2196
28/01/22 16:19:06
28/01/22 16:19:06
/home/pi/reginaldojunior/experimentos/results/socket/1200/1200/elecNormNew-OzaBagASHTExecutorMAXChunk-25-4-2000-282
28/01/22 16:21:13
28/01/22 16:21:13
/home/pi/reginaldojunior/experimentos/results/socket/1200/1200/elecNormNew-OzaBagASHTExecutorMAXChunk-25-4-2000-1411
28/01/22 16:21:52
28/01/22 16:21:52
/home/pi/reginaldojunior/experimentos/results/socket/1200/1200/elecNormNew-OzaBagASHTExecutorMAXChunk-25-4-2000-2541
28/01/22 16:22:17
28/01/22 16:22:17
/home/pi/reginaldojunior/experimentos/results/socket/1200/1200/elecNormNew-OzaBagExecutorMAXChunk-25-4-2000-279
28/01/22 16:24:24
28/01/22 16:24:24
/home/pi/reginaldojunior/experimentos/results/socket/1200/1200/elecNormNew-OzaBagExecutorMAXChunk-25-4-2000-1397
28/01/22 16:25:03
28/01/22 16:25:04
/home/pi/reginaldojunior/experimentos/results/socket/1200/1200/elecNormNew-OzaBagExecutorMAXChunk-25-4-2000-2515
28/01/22 16:25:28
28/01/22 16:25:28
/home/pi/reginaldojunior/experimentos/results/socket/1200/1200/covtypeNorm-AdaptiveRandomForestExecutorMAXChunk-25-4-2000-58
28/01/22 16:27:34
28/01/22 16:27:34
/home/pi/reginaldojunior/experimentos/results/socket/1200/1200/covtypeNorm-AdaptiveRandomForestExecutorMAXChunk-25-4-2000-293
28/01/22 16:29:39
28/01/22 16:29:39
/home/pi/reginaldojunior/experimentos/results/socket/1200/1200/covtypeNorm-AdaptiveRandomForestExecutorMAXChunk-25-4-2000-528
28/01/22 16:31:46
28/01/22 16:31:46
/home/pi/reginaldojunior/experimentos/results/socket/1200/1200/covtypeNorm-LBagExecutorMAXChunk-25-4-2000-47
28/01/22 16:33:56
28/01/22 16:33:56
/home/pi/reginaldojunior/experimentos/results/socket/1200/1200/covtypeNorm-LBagExecutorMAXChunk-25-4-2000-235
28/01/22 16:36:04
28/01/22 16:36:04
/home/pi/reginaldojunior/experimentos/results/socket/1200/1200/covtypeNorm-LBagExecutorMAXChunk-25-4-2000-424
28/01/22 16:38:12
28/01/22 16:38:12
/home/pi/reginaldojunior/experimentos/results/socket/1200/1200/covtypeNorm-StreamingRandomPatchesExecutorMAXChunk-25-4-2000-16
28/01/22 16:40:36
28/01/22 16:40:36
/home/pi/reginaldojunior/experimentos/results/socket/1200/1200/covtypeNorm-StreamingRandomPatchesExecutorMAXChunk-25-4-2000-80
28/01/22 16:42:52
28/01/22 16:42:52
/home/pi/reginaldojunior/experimentos/results/socket/1200/1200/covtypeNorm-StreamingRandomPatchesExecutorMAXChunk-25-4-2000-144
28/01/22 16:45:03
28/01/22 16:45:03
/home/pi/reginaldojunior/experimentos/results/socket/1200/1200/covtypeNorm-OzaBagAdwinExecutorMAXChunk-25-4-2000-61
28/01/22 16:47:14
28/01/22 16:47:14
/home/pi/reginaldojunior/experimentos/results/socket/1200/1200/covtypeNorm-OzaBagAdwinExecutorMAXChunk-25-4-2000-306
28/01/22 16:49:22
28/01/22 16:49:22
/home/pi/reginaldojunior/experimentos/results/socket/1200/1200/covtypeNorm-OzaBagAdwinExecutorMAXChunk-25-4-2000-551
28/01/22 16:51:30
28/01/22 16:51:30
/home/pi/reginaldojunior/experimentos/results/socket/1200/1200/covtypeNorm-OzaBagASHTExecutorMAXChunk-25-4-2000-73
28/01/22 16:53:37
28/01/22 16:53:37
/home/pi/reginaldojunior/experimentos/results/socket/1200/1200/covtypeNorm-OzaBagASHTExecutorMAXChunk-25-4-2000-366
28/01/22 16:55:44
28/01/22 16:55:44
/home/pi/reginaldojunior/experimentos/results/socket/1200/1200/covtypeNorm-OzaBagASHTExecutorMAXChunk-25-4-2000-659
28/01/22 16:57:51
28/01/22 16:57:51
/home/pi/reginaldojunior/experimentos/results/socket/1200/1200/covtypeNorm-OzaBagExecutorMAXChunk-25-4-2000-73
28/01/22 16:59:58
28/01/22 16:59:58
/home/pi/reginaldojunior/experimentos/results/socket/1200/1200/covtypeNorm-OzaBagExecutorMAXChunk-25-4-2000-365
28/01/22 17:02:06
28/01/22 17:02:06
/home/pi/reginaldojunior/experimentos/results/socket/1200/1200/covtypeNorm-OzaBagExecutorMAXChunk-25-4-2000-658
28/01/22 17:04:13
28/01/22 17:04:13
/home/pi/reginaldojunior/experimentos/results/socket/1200/1200/airlines-AdaptiveRandomForestExecutorMAXChunk-25-4-2000-17
28/01/22 17:06:41
28/01/22 17:06:41
/home/pi/reginaldojunior/experimentos/results/socket/1200/1200/airlines-AdaptiveRandomForestExecutorMAXChunk-25-4-2000-89
28/01/22 17:09:05
28/01/22 17:09:05
/home/pi/reginaldojunior/experimentos/results/socket/1200/1200/airlines-AdaptiveRandomForestExecutorMAXChunk-25-4-2000-161
28/01/22 17:11:20
28/01/22 17:11:20
/home/pi/reginaldojunior/experimentos/results/socket/1200/1200/airlines-LBagExecutorMAXChunk-25-4-2000-18
28/01/22 17:13:45
28/01/22 17:13:45
/home/pi/reginaldojunior/experimentos/results/socket/1200/1200/airlines-LBagExecutorMAXChunk-25-4-2000-91
28/01/22 17:19:14
28/01/22 17:19:14
/home/pi/reginaldojunior/experimentos/results/socket/1200/1200/airlines-LBagExecutorMAXChunk-25-4-2000-164
28/01/22 17:27:05
28/01/22 17:27:05
/home/pi/reginaldojunior/experimentos/results/socket/1200/1200/airlines-StreamingRandomPatchesExecutorMAXChunk-25-4-2000-16
28/01/22 17:29:42
28/01/22 17:29:42
/home/pi/reginaldojunior/experimentos/results/socket/1200/1200/airlines-StreamingRandomPatchesExecutorMAXChunk-25-4-2000-80
28/01/22 17:32:19
28/01/22 17:32:19
/home/pi/reginaldojunior/experimentos/results/socket/1200/1200/airlines-StreamingRandomPatchesExecutorMAXChunk-25-4-2000-144
28/01/22 17:35:02
28/01/22 17:35:02
/home/pi/reginaldojunior/experimentos/results/socket/1200/1200/airlines-OzaBagAdwinExecutorMAXChunk-25-4-2000-61
28/01/22 17:37:13
28/01/22 17:37:13
/home/pi/reginaldojunior/experimentos/results/socket/1200/1200/airlines-OzaBagAdwinExecutorMAXChunk-25-4-2000-308
28/01/22 17:39:40
28/01/22 17:39:40
/home/pi/reginaldojunior/experimentos/results/socket/1200/1200/airlines-OzaBagAdwinExecutorMAXChunk-25-4-2000-554
28/01/22 17:42:10
28/01/22 17:42:10
/home/pi/reginaldojunior/experimentos/results/socket/1200/1200/airlines-OzaBagASHTExecutorMAXChunk-25-4-2000-92
28/01/22 17:44:19
28/01/22 17:44:19
/home/pi/reginaldojunior/experimentos/results/socket/1200/1200/airlines-OzaBagASHTExecutorMAXChunk-25-4-2000-461
28/01/22 17:46:42
28/01/22 17:46:42
/home/pi/reginaldojunior/experimentos/results/socket/1200/1200/airlines-OzaBagASHTExecutorMAXChunk-25-4-2000-831
28/01/22 17:48:57
28/01/22 17:48:57
/home/pi/reginaldojunior/experimentos/results/socket/1200/1200/airlines-OzaBagExecutorMAXChunk-25-4-2000-113
28/01/22 17:51:09
28/01/22 17:51:09
/home/pi/reginaldojunior/experimentos/results/socket/1200/1200/airlines-OzaBagExecutorMAXChunk-25-4-2000-566
28/01/22 17:53:49
28/01/22 17:53:49
/home/pi/reginaldojunior/experimentos/results/socket/1200/1200/airlines-OzaBagExecutorMAXChunk-25-4-2000-1019
28/01/22 17:55:56
28/01/22 17:55:56
/home/pi/reginaldojunior/experimentos/results/socket/1200/1200/GMSC-AdaptiveRandomForestExecutorMAXChunk-25-4-2000-106
28/01/22 17:58:01
28/01/22 17:58:01
/home/pi/reginaldojunior/experimentos/results/socket/1200/1200/GMSC-AdaptiveRandomForestExecutorMAXChunk-25-4-2000-530
28/01/22 18:00:08
28/01/22 18:00:08
/home/pi/reginaldojunior/experimentos/results/socket/1200/1200/GMSC-AdaptiveRandomForestExecutorMAXChunk-25-4-2000-955
28/01/22 18:02:14
28/01/22 18:02:14
/home/pi/reginaldojunior/experimentos/results/socket/1200/1200/GMSC-LBagExecutorMAXChunk-25-4-2000-167
28/01/22 18:04:21
28/01/22 18:04:21
/home/pi/reginaldojunior/experimentos/results/socket/1200/1200/GMSC-LBagExecutorMAXChunk-25-4-2000-836
28/01/22 18:06:28
28/01/22 18:06:28
/home/pi/reginaldojunior/experimentos/results/socket/1200/1200/GMSC-LBagExecutorMAXChunk-25-4-2000-1505
28/01/22 18:08:38
28/01/22 18:08:38
/home/pi/reginaldojunior/experimentos/results/socket/1200/1200/GMSC-StreamingRandomPatchesExecutorMAXChunk-25-4-2000-57
28/01/22 18:10:44
28/01/22 18:10:44
/home/pi/reginaldojunior/experimentos/results/socket/1200/1200/GMSC-StreamingRandomPatchesExecutorMAXChunk-25-4-2000-286
28/01/22 18:12:51
28/01/22 18:12:51
/home/pi/reginaldojunior/experimentos/results/socket/1200/1200/GMSC-StreamingRandomPatchesExecutorMAXChunk-25-4-2000-514
28/01/22 18:14:57
28/01/22 18:14:57
/home/pi/reginaldojunior/experimentos/results/socket/1200/1200/GMSC-OzaBagAdwinExecutorMAXChunk-25-4-2000-381
28/01/22 18:17:04
28/01/22 18:17:04
/home/pi/reginaldojunior/experimentos/results/socket/1200/1200/GMSC-OzaBagAdwinExecutorMAXChunk-25-4-2000-1905
28/01/22 18:18:29
28/01/22 18:18:29
/home/pi/reginaldojunior/experimentos/results/socket/1200/1200/GMSC-OzaBagAdwinExecutorMAXChunk-25-4-2000-3429
28/01/22 18:19:20
28/01/22 18:19:20
/home/pi/reginaldojunior/experimentos/results/socket/1200/1200/GMSC-OzaBagASHTExecutorMAXChunk-25-4-2000-457
28/01/22 18:21:27
28/01/22 18:21:27
/home/pi/reginaldojunior/experimentos/results/socket/1200/1200/GMSC-OzaBagASHTExecutorMAXChunk-25-4-2000-2286
28/01/22 18:22:39
28/01/22 18:22:40
/home/pi/reginaldojunior/experimentos/results/socket/1200/1200/GMSC-OzaBagASHTExecutorMAXChunk-25-4-2000-4115
28/01/22 18:23:22
28/01/22 18:23:22
/home/pi/reginaldojunior/experimentos/results/socket/1200/1200/GMSC-OzaBagExecutorMAXChunk-25-4-2000-452
28/01/22 18:25:29
28/01/22 18:25:29
/home/pi/reginaldojunior/experimentos/results/socket/1200/1200/GMSC-OzaBagExecutorMAXChunk-25-4-2000-2260
28/01/22 18:26:42
28/01/22 18:26:42
/home/pi/reginaldojunior/experimentos/results/socket/1200/1200/GMSC-OzaBagExecutorMAXChunk-25-4-2000-4068
28/01/22 18:27:25