07/11/23 10:20:08
/home/pi/reginaldojunior/experimentos/dynamic-batch/1//covtypeNorm-AdaptiveRandomForestExecutorMAXChunk
07/11/23 10:22:20
07/11/23 10:22:20
/home/pi/reginaldojunior/experimentos/dynamic-batch/1//covtypeNorm-LBagExecutorMAXChunk
07/11/23 10:24:34
07/11/23 10:24:34
/home/pi/reginaldojunior/experimentos/dynamic-batch/1//covtypeNorm-StreamingRandomPatchesExecutorMAXChunk
07/11/23 10:26:47
07/11/23 10:26:47
/home/pi/reginaldojunior/experimentos/dynamic-batch/1//covtypeNorm-OzaBagAdwinExecutorMAXChunk
07/11/23 10:29:01
07/11/23 10:29:01
/home/pi/reginaldojunior/experimentos/dynamic-batch/1//covtypeNorm-OzaBagASHTExecutorMAXChunk
07/11/23 10:31:14
07/11/23 10:31:14
/home/pi/reginaldojunior/experimentos/dynamic-batch/1//covtypeNorm-OzaBagExecutorMAXChunk
07/11/23 10:33:28
07/11/23 10:33:28
/home/pi/reginaldojunior/experimentos/dynamic-batch/1//airlines-AdaptiveRandomForestExecutorMAXChunk
07/11/23 10:35:41
07/11/23 10:35:41
/home/pi/reginaldojunior/experimentos/dynamic-batch/1//airlines-LBagExecutorMAXChunk
07/11/23 10:45:52
07/11/23 10:45:52
/home/pi/reginaldojunior/experimentos/dynamic-batch/1//airlines-StreamingRandomPatchesExecutorMAXChunk
07/11/23 10:48:09
07/11/23 10:48:09
/home/pi/reginaldojunior/experimentos/dynamic-batch/1//airlines-OzaBagAdwinExecutorMAXChunk
07/11/23 10:50:22
07/11/23 10:50:22
/home/pi/reginaldojunior/experimentos/dynamic-batch/1//airlines-OzaBagASHTExecutorMAXChunk
07/11/23 10:52:42
07/11/23 10:52:42
/home/pi/reginaldojunior/experimentos/dynamic-batch/1//airlines-OzaBagExecutorMAXChunk
07/11/23 10:54:57
07/11/23 10:54:57
/home/pi/reginaldojunior/experimentos/dynamic-batch/1//elecNormNew-AdaptiveRandomForestExecutorMAXChunk
07/11/23 10:57:09
07/11/23 10:57:09
/home/pi/reginaldojunior/experimentos/dynamic-batch/1//elecNormNew-LBagExecutorMAXChunk
07/11/23 10:59:22
07/11/23 10:59:22
/home/pi/reginaldojunior/experimentos/dynamic-batch/1//elecNormNew-StreamingRandomPatchesExecutorMAXChunk
07/11/23 11:01:34
07/11/23 11:01:34
/home/pi/reginaldojunior/experimentos/dynamic-batch/1//elecNormNew-OzaBagAdwinExecutorMAXChunk
07/11/23 11:03:48
07/11/23 11:03:48
/home/pi/reginaldojunior/experimentos/dynamic-batch/1//elecNormNew-OzaBagASHTExecutorMAXChunk
07/11/23 11:06:02
07/11/23 11:06:02
/home/pi/reginaldojunior/experimentos/dynamic-batch/1//elecNormNew-OzaBagExecutorMAXChunk
07/11/23 11:08:16
07/11/23 11:08:16
/home/pi/reginaldojunior/experimentos/dynamic-batch/1//GMSC-AdaptiveRandomForestExecutorMAXChunk
07/11/23 11:10:28
07/11/23 11:10:28
/home/pi/reginaldojunior/experimentos/dynamic-batch/1//GMSC-LBagExecutorMAXChunk
07/11/23 11:12:42
07/11/23 11:12:42
/home/pi/reginaldojunior/experimentos/dynamic-batch/1//GMSC-StreamingRandomPatchesExecutorMAXChunk
07/11/23 11:14:54
07/11/23 11:14:54
/home/pi/reginaldojunior/experimentos/dynamic-batch/1//GMSC-OzaBagAdwinExecutorMAXChunk
07/11/23 11:17:08
07/11/23 11:17:08
/home/pi/reginaldojunior/experimentos/dynamic-batch/1//GMSC-OzaBagASHTExecutorMAXChunk
07/11/23 11:19:22
07/11/23 11:19:22
/home/pi/reginaldojunior/experimentos/dynamic-batch/1//GMSC-OzaBagExecutorMAXChunk
07/11/23 11:21:36
07/11/23 11:21:36
07/11/23 11:26:55
/home/pi/reginaldojunior/experimentos/dynamic-batch/1//airlines-LBagExecutorMAXChunk
07/11/23 11:29:11
07/11/23 11:29:11
