18/03/22 23:23:28
/home/pi/reginaldojunior/experimentos/results/socket/2/600/600/elecNormNew-AdaptiveRandomForestSequential-25-1-1-26
18/03/22 23:23:51
/home/pi/reginaldojunior/experimentos/results/socket/2/600/600/elecNormNew-AdaptiveRandomForestSequential-25-1-1-26
18/03/22 23:25:57
18/03/22 23:25:57
/home/pi/reginaldojunior/experimentos/results/socket/2/600/600/elecNormNew-AdaptiveRandomForestExecutorRUNPER-25-2-1-26
18/03/22 23:28:03
18/03/22 23:28:03
/home/pi/reginaldojunior/experimentos/results/socket/2/600/600/elecNormNew-AdaptiveRandomForestSequential-25-1-1-130
18/03/22 23:30:09
18/03/22 23:30:09
/home/pi/reginaldojunior/experimentos/results/socket/2/600/600/elecNormNew-AdaptiveRandomForestExecutorRUNPER-25-2-1-130
18/03/22 23:32:15
18/03/22 23:32:15
/home/pi/reginaldojunior/experimentos/results/socket/2/600/600/elecNormNew-AdaptiveRandomForestSequential-25-1-1-234
18/03/22 23:34:22
18/03/22 23:34:22
/home/pi/reginaldojunior/experimentos/results/socket/2/600/600/elecNormNew-AdaptiveRandomForestExecutorRUNPER-25-2-1-234
18/03/22 23:36:28
18/03/22 23:36:28
/home/pi/reginaldojunior/experimentos/results/socket/2/600/600/elecNormNew-LeveragingBag-25-1-1-36
18/03/22 23:38:37
18/03/22 23:38:37
/home/pi/reginaldojunior/experimentos/results/socket/2/600/600/elecNormNew-LBagExecutorRUNPER-25-2-1-36
18/03/22 23:40:46
18/03/22 23:40:46
/home/pi/reginaldojunior/experimentos/results/socket/2/600/600/elecNormNew-LeveragingBag-25-1-1-183
18/03/22 23:42:55
18/03/22 23:42:55
/home/pi/reginaldojunior/experimentos/results/socket/2/600/600/elecNormNew-LBagExecutorRUNPER-25-2-1-183
18/03/22 23:45:05
18/03/22 23:45:05
/home/pi/reginaldojunior/experimentos/results/socket/2/600/600/elecNormNew-LeveragingBag-25-1-1-330
18/03/22 23:47:14
18/03/22 23:47:14
/home/pi/reginaldojunior/experimentos/results/socket/2/600/600/elecNormNew-LBagExecutorRUNPER-25-2-1-330
18/03/22 23:49:22
18/03/22 23:49:22
/home/pi/reginaldojunior/experimentos/results/socket/2/600/600/elecNormNew-StreamingRandomPatches-25-1-1-13
18/03/22 23:51:29
18/03/22 23:51:29
/home/pi/reginaldojunior/experimentos/results/socket/2/600/600/elecNormNew-StreamingRandomPatchesExecutorRUNPER-25-2-1-13
18/03/22 23:53:35
18/03/22 23:53:35
/home/pi/reginaldojunior/experimentos/results/socket/2/600/600/elecNormNew-StreamingRandomPatches-25-1-1-67
18/03/22 23:55:41
18/03/22 23:55:41
/home/pi/reginaldojunior/experimentos/results/socket/2/600/600/elecNormNew-StreamingRandomPatchesExecutorRUNPER-25-2-1-67
18/03/22 23:57:49
18/03/22 23:57:49
/home/pi/reginaldojunior/experimentos/results/socket/2/600/600/elecNormNew-StreamingRandomPatches-25-1-1-122
18/03/22 23:59:55
18/03/22 23:59:55
/home/pi/reginaldojunior/experimentos/results/socket/2/600/600/elecNormNew-StreamingRandomPatchesExecutorRUNPER-25-2-1-122
19/03/22 00:02:01
19/03/22 00:02:01
/home/pi/reginaldojunior/experimentos/results/socket/2/600/600/elecNormNew-OzaBagAdwin-25-1-1-61
19/03/22 00:04:10
19/03/22 00:04:10
/home/pi/reginaldojunior/experimentos/results/socket/2/600/600/elecNormNew-OzaBagAdwinExecutorRUNPER-25-2-1-61
19/03/22 00:06:19
19/03/22 00:06:19
/home/pi/reginaldojunior/experimentos/results/socket/2/600/600/elecNormNew-OzaBagAdwin-25-1-1-309
19/03/22 00:08:28
19/03/22 00:08:28
/home/pi/reginaldojunior/experimentos/results/socket/2/600/600/elecNormNew-OzaBagAdwinExecutorRUNPER-25-2-1-309
19/03/22 00:10:37
19/03/22 00:10:37
/home/pi/reginaldojunior/experimentos/results/socket/2/600/600/elecNormNew-OzaBagAdwin-25-1-1-557
19/03/22 00:12:08
19/03/22 00:12:08
/home/pi/reginaldojunior/experimentos/results/socket/2/600/600/elecNormNew-OzaBagAdwinExecutorRUNPER-25-2-1-557
19/03/22 00:13:47
19/03/22 00:13:47
/home/pi/reginaldojunior/experimentos/results/socket/2/600/600/elecNormNew-OzaBagASHT-25-1-1-71
19/03/22 00:15:56
19/03/22 00:15:56
/home/pi/reginaldojunior/experimentos/results/socket/2/600/600/elecNormNew-OzaBagASHTExecutorRUNPER-25-2-1-71
19/03/22 00:18:05
19/03/22 00:18:05
/home/pi/reginaldojunior/experimentos/results/socket/2/600/600/elecNormNew-OzaBagASHT-25-1-1-358
19/03/22 00:20:14
19/03/22 00:20:14
/home/pi/reginaldojunior/experimentos/results/socket/2/600/600/elecNormNew-OzaBagASHTExecutorRUNPER-25-2-1-358
19/03/22 00:22:23
19/03/22 00:22:23
/home/pi/reginaldojunior/experimentos/results/socket/2/600/600/elecNormNew-OzaBagASHT-25-1-1-645
19/03/22 00:23:42
19/03/22 00:23:42
/home/pi/reginaldojunior/experimentos/results/socket/2/600/600/elecNormNew-OzaBagASHTExecutorRUNPER-25-2-1-645
19/03/22 00:25:05
19/03/22 00:25:05
/home/pi/reginaldojunior/experimentos/results/socket/2/600/600/elecNormNew-OzaBag-25-1-1-74
19/03/22 00:27:14
19/03/22 00:27:14
/home/pi/reginaldojunior/experimentos/results/socket/2/600/600/elecNormNew-OzaBagExecutorRUNPER-25-2-1-74
19/03/22 00:29:22
19/03/22 00:29:22
/home/pi/reginaldojunior/experimentos/results/socket/2/600/600/elecNormNew-OzaBag-25-1-1-373
19/03/22 00:31:31
19/03/22 00:31:32
/home/pi/reginaldojunior/experimentos/results/socket/2/600/600/elecNormNew-OzaBagExecutorRUNPER-25-2-1-373
19/03/22 00:33:40
19/03/22 00:33:40
/home/pi/reginaldojunior/experimentos/results/socket/2/600/600/elecNormNew-OzaBag-25-1-1-673
19/03/22 00:34:57
19/03/22 00:34:57
/home/pi/reginaldojunior/experimentos/results/socket/2/600/600/elecNormNew-OzaBagExecutorRUNPER-25-2-1-673
19/03/22 00:36:17
19/03/22 00:36:17
/home/pi/reginaldojunior/experimentos/results/socket/2/600/600/covtypeNorm-AdaptiveRandomForestSequential-25-1-1-19
19/03/22 00:38:24
19/03/22 00:38:24
/home/pi/reginaldojunior/experimentos/results/socket/2/600/600/covtypeNorm-AdaptiveRandomForestExecutorRUNPER-25-2-1-19
19/03/22 00:40:31
19/03/22 00:40:31
/home/pi/reginaldojunior/experimentos/results/socket/2/600/600/covtypeNorm-AdaptiveRandomForestSequential-25-1-1-98
19/03/22 00:42:37
19/03/22 00:42:37
/home/pi/reginaldojunior/experimentos/results/socket/2/600/600/covtypeNorm-AdaptiveRandomForestExecutorRUNPER-25-2-1-98
19/03/22 00:44:43
19/03/22 00:44:43
/home/pi/reginaldojunior/experimentos/results/socket/2/600/600/covtypeNorm-AdaptiveRandomForestSequential-25-1-1-177
19/03/22 00:46:49
19/03/22 00:46:49
/home/pi/reginaldojunior/experimentos/results/socket/2/600/600/covtypeNorm-AdaptiveRandomForestExecutorRUNPER-25-2-1-177
19/03/22 00:48:56
19/03/22 00:48:56
/home/pi/reginaldojunior/experimentos/results/socket/2/600/600/covtypeNorm-LeveragingBag-25-1-1-15
19/03/22 00:51:05
19/03/22 00:51:05
/home/pi/reginaldojunior/experimentos/results/socket/2/600/600/covtypeNorm-LBagExecutorRUNPER-25-2-1-15
19/03/22 00:53:13
19/03/22 00:53:13
/home/pi/reginaldojunior/experimentos/results/socket/2/600/600/covtypeNorm-LeveragingBag-25-1-1-75
19/03/22 00:55:22
19/03/22 00:55:22
/home/pi/reginaldojunior/experimentos/results/socket/2/600/600/covtypeNorm-LBagExecutorRUNPER-25-2-1-75
19/03/22 00:57:31
19/03/22 00:57:31
/home/pi/reginaldojunior/experimentos/results/socket/2/600/600/covtypeNorm-LeveragingBag-25-1-1-135
19/03/22 00:59:41
19/03/22 00:59:41
/home/pi/reginaldojunior/experimentos/results/socket/2/600/600/covtypeNorm-LBagExecutorRUNPER-25-2-1-135
19/03/22 01:01:50
19/03/22 01:01:50
/home/pi/reginaldojunior/experimentos/results/socket/2/600/600/covtypeNorm-StreamingRandomPatches-25-1-1-5
19/03/22 01:03:56
19/03/22 01:03:57
/home/pi/reginaldojunior/experimentos/results/socket/2/600/600/covtypeNorm-StreamingRandomPatchesExecutorRUNPER-25-2-1-5
19/03/22 01:06:03
19/03/22 01:06:03
/home/pi/reginaldojunior/experimentos/results/socket/2/600/600/covtypeNorm-StreamingRandomPatches-25-1-1-29
19/03/22 01:08:10
19/03/22 01:08:10
/home/pi/reginaldojunior/experimentos/results/socket/2/600/600/covtypeNorm-StreamingRandomPatchesExecutorRUNPER-25-2-1-29
19/03/22 01:10:16
19/03/22 01:10:16
/home/pi/reginaldojunior/experimentos/results/socket/2/600/600/covtypeNorm-StreamingRandomPatches-25-1-1-53
19/03/22 01:12:23
19/03/22 01:12:23
/home/pi/reginaldojunior/experimentos/results/socket/2/600/600/covtypeNorm-StreamingRandomPatchesExecutorRUNPER-25-2-1-53
19/03/22 01:14:29
19/03/22 01:14:29
/home/pi/reginaldojunior/experimentos/results/socket/2/600/600/covtypeNorm-OzaBagAdwin-25-1-1-20
19/03/22 01:16:38
19/03/22 01:16:38
/home/pi/reginaldojunior/experimentos/results/socket/2/600/600/covtypeNorm-OzaBagAdwinExecutorRUNPER-25-2-1-20
19/03/22 01:18:47
19/03/22 01:18:47
/home/pi/reginaldojunior/experimentos/results/socket/2/600/600/covtypeNorm-OzaBagAdwin-25-1-1-101
19/03/22 01:20:56
19/03/22 01:20:56
/home/pi/reginaldojunior/experimentos/results/socket/2/600/600/covtypeNorm-OzaBagAdwinExecutorRUNPER-25-2-1-101
19/03/22 01:23:05
19/03/22 01:23:05
/home/pi/reginaldojunior/experimentos/results/socket/2/600/600/covtypeNorm-OzaBagAdwin-25-1-1-182
19/03/22 01:25:14
19/03/22 01:25:14
/home/pi/reginaldojunior/experimentos/results/socket/2/600/600/covtypeNorm-OzaBagAdwinExecutorRUNPER-25-2-1-182
19/03/22 01:27:23
19/03/22 01:27:23
/home/pi/reginaldojunior/experimentos/results/socket/2/600/600/covtypeNorm-OzaBagASHT-25-1-1-17
19/03/22 01:29:32
19/03/22 01:29:32
/home/pi/reginaldojunior/experimentos/results/socket/2/600/600/covtypeNorm-OzaBagASHTExecutorRUNPER-25-2-1-17
19/03/22 01:31:41
19/03/22 01:31:41
/home/pi/reginaldojunior/experimentos/results/socket/2/600/600/covtypeNorm-OzaBagASHT-25-1-1-87
19/03/22 01:33:50
19/03/22 01:33:50
/home/pi/reginaldojunior/experimentos/results/socket/2/600/600/covtypeNorm-OzaBagASHTExecutorRUNPER-25-2-1-87
19/03/22 01:35:59
19/03/22 01:35:59
/home/pi/reginaldojunior/experimentos/results/socket/2/600/600/covtypeNorm-OzaBagASHT-25-1-1-157
19/03/22 01:38:08
19/03/22 01:38:08
/home/pi/reginaldojunior/experimentos/results/socket/2/600/600/covtypeNorm-OzaBagASHTExecutorRUNPER-25-2-1-157
19/03/22 01:40:17
19/03/22 01:40:17
/home/pi/reginaldojunior/experimentos/results/socket/2/600/600/covtypeNorm-OzaBag-25-1-1-16
19/03/22 01:42:26
19/03/22 01:42:26
/home/pi/reginaldojunior/experimentos/results/socket/2/600/600/covtypeNorm-OzaBagExecutorRUNPER-25-2-1-16
19/03/22 01:44:35
19/03/22 01:44:35
/home/pi/reginaldojunior/experimentos/results/socket/2/600/600/covtypeNorm-OzaBag-25-1-1-83
19/03/22 01:46:44
19/03/22 01:46:44
/home/pi/reginaldojunior/experimentos/results/socket/2/600/600/covtypeNorm-OzaBagExecutorRUNPER-25-2-1-83
19/03/22 01:48:53
19/03/22 01:48:53
/home/pi/reginaldojunior/experimentos/results/socket/2/600/600/covtypeNorm-OzaBag-25-1-1-150
19/03/22 01:51:02
19/03/22 01:51:02
/home/pi/reginaldojunior/experimentos/results/socket/2/600/600/covtypeNorm-OzaBagExecutorRUNPER-25-2-1-150
19/03/22 01:53:10
19/03/22 01:53:10
/home/pi/reginaldojunior/experimentos/results/socket/2/600/600/GMSC-AdaptiveRandomForestSequential-25-1-1-39
19/03/22 01:55:17
19/03/22 01:55:17
/home/pi/reginaldojunior/experimentos/results/socket/2/600/600/GMSC-AdaptiveRandomForestExecutorRUNPER-25-2-1-39
19/03/22 01:57:23
19/03/22 01:57:23
/home/pi/reginaldojunior/experimentos/results/socket/2/600/600/GMSC-AdaptiveRandomForestSequential-25-1-1-195
19/03/22 01:59:30
19/03/22 01:59:30
/home/pi/reginaldojunior/experimentos/results/socket/2/600/600/GMSC-AdaptiveRandomForestExecutorRUNPER-25-2-1-195
19/03/22 02:01:36
19/03/22 02:01:36
/home/pi/reginaldojunior/experimentos/results/socket/2/600/600/GMSC-AdaptiveRandomForestSequential-25-1-1-351
19/03/22 02:03:43
19/03/22 02:03:43
/home/pi/reginaldojunior/experimentos/results/socket/2/600/600/GMSC-AdaptiveRandomForestExecutorRUNPER-25-2-1-351
19/03/22 02:05:49
19/03/22 02:05:49
/home/pi/reginaldojunior/experimentos/results/socket/2/600/600/GMSC-LeveragingBag-25-1-1-49
19/03/22 02:07:57
19/03/22 02:07:57
/home/pi/reginaldojunior/experimentos/results/socket/2/600/600/GMSC-LBagExecutorRUNPER-25-2-1-49
19/03/22 02:10:06
19/03/22 02:10:06
/home/pi/reginaldojunior/experimentos/results/socket/2/600/600/GMSC-LeveragingBag-25-1-1-248
19/03/22 02:12:15
19/03/22 02:12:15
/home/pi/reginaldojunior/experimentos/results/socket/2/600/600/GMSC-LBagExecutorRUNPER-25-2-1-248
19/03/22 02:14:24
19/03/22 02:14:24
/home/pi/reginaldojunior/experimentos/results/socket/2/600/600/GMSC-LeveragingBag-25-1-1-447
19/03/22 02:16:33
19/03/22 02:16:33
/home/pi/reginaldojunior/experimentos/results/socket/2/600/600/GMSC-LBagExecutorRUNPER-25-2-1-447
19/03/22 02:18:41
19/03/22 02:18:41
/home/pi/reginaldojunior/experimentos/results/socket/2/600/600/GMSC-StreamingRandomPatches-25-1-1-20
19/03/22 02:20:47
19/03/22 02:20:47
/home/pi/reginaldojunior/experimentos/results/socket/2/600/600/GMSC-StreamingRandomPatchesExecutorRUNPER-25-2-1-20
19/03/22 02:22:53
19/03/22 02:22:53
/home/pi/reginaldojunior/experimentos/results/socket/2/600/600/GMSC-StreamingRandomPatches-25-1-1-102
19/03/22 02:25:00
19/03/22 02:25:00
/home/pi/reginaldojunior/experimentos/results/socket/2/600/600/GMSC-StreamingRandomPatchesExecutorRUNPER-25-2-1-102
19/03/22 02:27:06
19/03/22 02:27:06
/home/pi/reginaldojunior/experimentos/results/socket/2/600/600/GMSC-StreamingRandomPatches-25-1-1-184
19/03/22 02:29:12
19/03/22 02:29:12
/home/pi/reginaldojunior/experimentos/results/socket/2/600/600/GMSC-StreamingRandomPatchesExecutorRUNPER-25-2-1-184
19/03/22 02:31:19
19/03/22 02:31:19
/home/pi/reginaldojunior/experimentos/results/socket/2/600/600/GMSC-OzaBagAdwin-25-1-1-93
19/03/22 02:33:28
19/03/22 02:33:28
/home/pi/reginaldojunior/experimentos/results/socket/2/600/600/GMSC-OzaBagAdwinExecutorRUNPER-25-2-1-93
19/03/22 02:35:37
19/03/22 02:35:37
/home/pi/reginaldojunior/experimentos/results/socket/2/600/600/GMSC-OzaBagAdwin-25-1-1-465
19/03/22 02:37:46
19/03/22 02:37:46
/home/pi/reginaldojunior/experimentos/results/socket/2/600/600/GMSC-OzaBagAdwinExecutorRUNPER-25-2-1-465
19/03/22 02:39:55
19/03/22 02:39:55
/home/pi/reginaldojunior/experimentos/results/socket/2/600/600/GMSC-OzaBagAdwin-25-1-1-838
19/03/22 02:42:03
19/03/22 02:42:03
/home/pi/reginaldojunior/experimentos/results/socket/2/600/600/GMSC-OzaBagAdwinExecutorRUNPER-25-2-1-838
19/03/22 02:44:12
19/03/22 02:44:12
/home/pi/reginaldojunior/experimentos/results/socket/2/600/600/GMSC-OzaBagASHT-25-1-1-102
19/03/22 02:46:21
19/03/22 02:46:21
/home/pi/reginaldojunior/experimentos/results/socket/2/600/600/GMSC-OzaBagASHTExecutorRUNPER-25-2-1-102
19/03/22 02:48:30
19/03/22 02:48:30
/home/pi/reginaldojunior/experimentos/results/socket/2/600/600/GMSC-OzaBagASHT-25-1-1-514
19/03/22 02:50:39
19/03/22 02:50:39
/home/pi/reginaldojunior/experimentos/results/socket/2/600/600/GMSC-OzaBagASHTExecutorRUNPER-25-2-1-514
19/03/22 02:52:47
19/03/22 02:52:47
/home/pi/reginaldojunior/experimentos/results/socket/2/600/600/GMSC-OzaBagASHT-25-1-1-925
19/03/22 02:54:56
19/03/22 02:54:56
/home/pi/reginaldojunior/experimentos/results/socket/2/600/600/GMSC-OzaBagASHTExecutorRUNPER-25-2-1-925
19/03/22 02:57:05
19/03/22 02:57:05
/home/pi/reginaldojunior/experimentos/results/socket/2/600/600/GMSC-OzaBag-25-1-1-100
19/03/22 02:59:14
19/03/22 02:59:14
/home/pi/reginaldojunior/experimentos/results/socket/2/600/600/GMSC-OzaBagExecutorRUNPER-25-2-1-100
19/03/22 03:01:23
19/03/22 03:01:23
/home/pi/reginaldojunior/experimentos/results/socket/2/600/600/GMSC-OzaBag-25-1-1-501
19/03/22 03:03:31
19/03/22 03:03:31
/home/pi/reginaldojunior/experimentos/results/socket/2/600/600/GMSC-OzaBagExecutorRUNPER-25-2-1-501
19/03/22 03:05:40
19/03/22 03:05:40
/home/pi/reginaldojunior/experimentos/results/socket/2/600/600/GMSC-OzaBag-25-1-1-903
19/03/22 03:07:49
19/03/22 03:07:49
/home/pi/reginaldojunior/experimentos/results/socket/2/600/600/GMSC-OzaBagExecutorRUNPER-25-2-1-903
19/03/22 03:09:58
19/03/22 03:09:58
/home/pi/reginaldojunior/experimentos/results/socket/2/600/600/airlines-AdaptiveRandomForestSequential-25-1-1-8
19/03/22 03:12:05
19/03/22 03:12:05
/home/pi/reginaldojunior/experimentos/results/socket/2/600/600/airlines-AdaptiveRandomForestExecutorRUNPER-25-2-1-8
19/03/22 03:14:11
19/03/22 03:14:11
/home/pi/reginaldojunior/experimentos/results/socket/2/600/600/airlines-AdaptiveRandomForestSequential-25-1-1-41
19/03/22 03:16:18
19/03/22 03:16:18
/home/pi/reginaldojunior/experimentos/results/socket/2/600/600/airlines-AdaptiveRandomForestExecutorRUNPER-25-2-1-41
19/03/22 03:18:24
19/03/22 03:18:24
/home/pi/reginaldojunior/experimentos/results/socket/2/600/600/airlines-AdaptiveRandomForestSequential-25-1-1-75
19/03/22 03:20:31
19/03/22 03:20:31
/home/pi/reginaldojunior/experimentos/results/socket/2/600/600/airlines-AdaptiveRandomForestExecutorRUNPER-25-2-1-75
19/03/22 03:22:38
19/03/22 03:22:38
/home/pi/reginaldojunior/experimentos/results/socket/2/600/600/airlines-LeveragingBag-25-1-1-7
19/03/22 03:24:46
19/03/22 03:24:46
/home/pi/reginaldojunior/experimentos/results/socket/2/600/600/airlines-LBagExecutorRUNPER-25-2-1-7
19/03/22 03:26:55
19/03/22 03:26:55
/home/pi/reginaldojunior/experimentos/results/socket/2/600/600/airlines-LeveragingBag-25-1-1-39
19/03/22 03:29:04
19/03/22 03:29:04
/home/pi/reginaldojunior/experimentos/results/socket/2/600/600/airlines-LBagExecutorRUNPER-25-2-1-39
19/03/22 03:31:13
19/03/22 03:31:13
/home/pi/reginaldojunior/experimentos/results/socket/2/600/600/airlines-LeveragingBag-25-1-1-71
19/03/22 03:33:22
19/03/22 03:33:22
/home/pi/reginaldojunior/experimentos/results/socket/2/600/600/airlines-LBagExecutorRUNPER-25-2-1-71
19/03/22 03:35:31
19/03/22 03:35:31
/home/pi/reginaldojunior/experimentos/results/socket/2/600/600/airlines-StreamingRandomPatches-25-1-1-7
19/03/22 03:37:37
19/03/22 03:37:37
/home/pi/reginaldojunior/experimentos/results/socket/2/600/600/airlines-StreamingRandomPatchesExecutorRUNPER-25-2-1-7
19/03/22 03:39:43
19/03/22 03:39:43
/home/pi/reginaldojunior/experimentos/results/socket/2/600/600/airlines-StreamingRandomPatches-25-1-1-38
19/03/22 03:41:50
19/03/22 03:41:50
/home/pi/reginaldojunior/experimentos/results/socket/2/600/600/airlines-StreamingRandomPatchesExecutorRUNPER-25-2-1-38
19/03/22 03:43:57
19/03/22 03:43:57
/home/pi/reginaldojunior/experimentos/results/socket/2/600/600/airlines-StreamingRandomPatches-25-1-1-69
19/03/22 03:46:04
19/03/22 03:46:04
/home/pi/reginaldojunior/experimentos/results/socket/2/600/600/airlines-StreamingRandomPatchesExecutorRUNPER-25-2-1-69
19/03/22 03:48:11
19/03/22 03:48:11
/home/pi/reginaldojunior/experimentos/results/socket/2/600/600/airlines-OzaBagAdwin-25-1-1-13
19/03/22 03:50:19
19/03/22 03:50:19
/home/pi/reginaldojunior/experimentos/results/socket/2/600/600/airlines-OzaBagAdwinExecutorRUNPER-25-2-1-13
19/03/22 03:52:28
19/03/22 03:52:28
/home/pi/reginaldojunior/experimentos/results/socket/2/600/600/airlines-OzaBagAdwin-25-1-1-65
19/03/22 03:54:37
19/03/22 03:54:37
/home/pi/reginaldojunior/experimentos/results/socket/2/600/600/airlines-OzaBagAdwinExecutorRUNPER-25-2-1-65
19/03/22 03:56:46
19/03/22 03:56:46
/home/pi/reginaldojunior/experimentos/results/socket/2/600/600/airlines-OzaBagAdwin-25-1-1-118
19/03/22 03:58:55
19/03/22 03:58:55
/home/pi/reginaldojunior/experimentos/results/socket/2/600/600/airlines-OzaBagAdwinExecutorRUNPER-25-2-1-118
19/03/22 04:01:04
19/03/22 04:01:04
/home/pi/reginaldojunior/experimentos/results/socket/2/600/600/airlines-OzaBagASHT-25-1-1-27
19/03/22 04:03:14
19/03/22 04:03:14
/home/pi/reginaldojunior/experimentos/results/socket/2/600/600/airlines-OzaBagASHTExecutorRUNPER-25-2-1-27
19/03/22 04:05:22
19/03/22 04:05:22
/home/pi/reginaldojunior/experimentos/results/socket/2/600/600/airlines-OzaBagASHT-25-1-1-139
19/03/22 04:07:31
19/03/22 04:07:31
/home/pi/reginaldojunior/experimentos/results/socket/2/600/600/airlines-OzaBagASHTExecutorRUNPER-25-2-1-139
19/03/22 04:09:40
19/03/22 04:09:40
/home/pi/reginaldojunior/experimentos/results/socket/2/600/600/airlines-OzaBagASHT-25-1-1-250
19/03/22 04:11:49
19/03/22 04:11:49
/home/pi/reginaldojunior/experimentos/results/socket/2/600/600/airlines-OzaBagASHTExecutorRUNPER-25-2-1-250
19/03/22 04:13:58
19/03/22 04:13:58
/home/pi/reginaldojunior/experimentos/results/socket/2/600/600/airlines-OzaBag-25-1-1-45
19/03/22 04:16:07
19/03/22 04:16:07
/home/pi/reginaldojunior/experimentos/results/socket/2/600/600/airlines-OzaBagExecutorRUNPER-25-2-1-45
19/03/22 04:18:16
19/03/22 04:18:16
/home/pi/reginaldojunior/experimentos/results/socket/2/600/600/airlines-OzaBag-25-1-1-227
19/03/22 04:20:26
19/03/22 04:20:26
/home/pi/reginaldojunior/experimentos/results/socket/2/600/600/airlines-OzaBagExecutorRUNPER-25-2-1-227
19/03/22 04:22:34
19/03/22 04:22:34
/home/pi/reginaldojunior/experimentos/results/socket/2/600/600/airlines-OzaBag-25-1-1-409
19/03/22 04:24:43
19/03/22 04:24:43
/home/pi/reginaldojunior/experimentos/results/socket/2/600/600/airlines-OzaBagExecutorRUNPER-25-2-1-409
19/03/22 04:26:52
19/03/22 04:26:52
