03/09/23 14:17:54
/home/pi/reginaldojunior/experimentos/dynamic-batch/results/covtypeNorm-AdaptiveRandomForestExecutorMAXChunk
03/09/23 14:20:07
03/09/23 14:20:07
/home/pi/reginaldojunior/experimentos/dynamic-batch/results/covtypeNorm-LBagExecutorMAXChunk
03/09/23 14:22:21
03/09/23 14:22:21
/home/pi/reginaldojunior/experimentos/dynamic-batch/results/covtypeNorm-StreamingRandomPatchesExecutorMAXChunk
03/09/23 14:24:34
03/09/23 14:24:34
/home/pi/reginaldojunior/experimentos/dynamic-batch/results/covtypeNorm-OzaBagAdwinExecutorMAXChunk
03/09/23 14:26:48
03/09/23 14:26:48
/home/pi/reginaldojunior/experimentos/dynamic-batch/results/covtypeNorm-OzaBagASHTExecutorMAXChunk
03/09/23 14:29:02
03/09/23 14:29:02
/home/pi/reginaldojunior/experimentos/dynamic-batch/results/covtypeNorm-OzaBagExecutorMAXChunk
03/09/23 14:31:16
03/09/23 14:31:16
/home/pi/reginaldojunior/experimentos/dynamic-batch/results/airlines-AdaptiveRandomForestExecutorMAXChunk
03/09/23 14:33:29
03/09/23 14:33:29
/home/pi/reginaldojunior/experimentos/dynamic-batch/results/airlines-LBagExecutorMAXChunk
03/09/23 14:34:47
03/09/23 14:34:47
/home/pi/reginaldojunior/experimentos/dynamic-batch/results/airlines-StreamingRandomPatchesExecutorMAXChunk
03/09/23 14:37:03
03/09/23 14:37:03
/home/pi/reginaldojunior/experimentos/dynamic-batch/results/airlines-OzaBagAdwinExecutorMAXChunk
03/09/23 14:39:17
03/09/23 14:39:17
/home/pi/reginaldojunior/experimentos/dynamic-batch/results/airlines-OzaBagASHTExecutorMAXChunk
03/09/23 14:41:30
03/09/23 14:41:30
/home/pi/reginaldojunior/experimentos/dynamic-batch/results/airlines-OzaBagExecutorMAXChunk
03/09/23 14:43:44
03/09/23 14:43:44
/home/pi/reginaldojunior/experimentos/dynamic-batch/results/elecNormNew-AdaptiveRandomForestExecutorMAXChunk
03/09/23 14:45:56
03/09/23 14:45:57
/home/pi/reginaldojunior/experimentos/dynamic-batch/results/elecNormNew-LBagExecutorMAXChunk
03/09/23 14:48:10
03/09/23 14:48:10
/home/pi/reginaldojunior/experimentos/dynamic-batch/results/elecNormNew-StreamingRandomPatchesExecutorMAXChunk
03/09/23 14:50:22
03/09/23 14:50:22
/home/pi/reginaldojunior/experimentos/dynamic-batch/results/elecNormNew-OzaBagAdwinExecutorMAXChunk
03/09/23 14:52:36
03/09/23 14:52:36
/home/pi/reginaldojunior/experimentos/dynamic-batch/results/elecNormNew-OzaBagASHTExecutorMAXChunk
03/09/23 14:54:50
03/09/23 14:54:50
/home/pi/reginaldojunior/experimentos/dynamic-batch/results/elecNormNew-OzaBagExecutorMAXChunk
03/09/23 14:57:03
03/09/23 14:57:04
/home/pi/reginaldojunior/experimentos/dynamic-batch/results/GMSC-AdaptiveRandomForestExecutorMAXChunk
03/09/23 14:59:16
03/09/23 14:59:16
/home/pi/reginaldojunior/experimentos/dynamic-batch/results/GMSC-LBagExecutorMAXChunk
03/09/23 15:01:30
03/09/23 15:01:30
/home/pi/reginaldojunior/experimentos/dynamic-batch/results/GMSC-StreamingRandomPatchesExecutorMAXChunk
03/09/23 15:03:43
03/09/23 15:03:43
/home/pi/reginaldojunior/experimentos/dynamic-batch/results/GMSC-OzaBagAdwinExecutorMAXChunk
03/09/23 15:05:57
03/09/23 15:05:57
/home/pi/reginaldojunior/experimentos/dynamic-batch/results/GMSC-OzaBagASHTExecutorMAXChunk
03/09/23 15:08:10
03/09/23 15:08:11
/home/pi/reginaldojunior/experimentos/dynamic-batch/results/GMSC-OzaBagExecutorMAXChunk
03/09/23 15:10:24
03/09/23 15:10:24
03/09/23 15:13:20
/home/pi/reginaldojunior/experimentos/dynamic-batch/results/airlines-LBagExecutorMAXChunk
03/09/23 15:14:40
03/09/23 15:14:40
03/09/23 15:14:57
/home/pi/reginaldojunior/experimentos/dynamic-batch/results/airlines-LBagExecutorMAXChunk
03/09/23 15:15:08
03/09/23 15:15:08
03/09/23 15:15:42
03/09/23 15:15:56
/home/pi/reginaldojunior/experimentos/dynamic-batch/results/airlines-LBagExecutorMAXChunk
03/09/23 15:17:20
03/09/23 15:17:20
04/09/23 06:53:38
/home/pi/reginaldojunior/experimentos/dynamic-batch/results/airlines-LBagExecutorMAXChunk
04/09/23 06:54:56
04/09/23 06:54:56
04/09/23 06:57:05
/home/pi/reginaldojunior/experimentos/dynamic-batch/results/airlines-LBagExecutorMAXChunk
04/09/23 06:58:33
04/09/23 06:58:33
04/09/23 06:58:52
/home/pi/reginaldojunior/experimentos/dynamic-batch/results/airlines-LBagExecutorMAXChunk
04/09/23 07:01:06
04/09/23 07:01:06
04/09/23 07:01:58
/home/pi/reginaldojunior/experimentos/dynamic-batch/results/airlines-LBagExecutorMAXChunk
04/09/23 07:03:24
/home/pi/reginaldojunior/experimentos/dynamic-batch/results/airlines-LBagExecutorMAXChunk
04/09/23 07:05:03
04/09/23 07:05:03
04/09/23 07:13:33
04/09/23 07:13:58
/home/pi/reginaldojunior/experimentos/dynamic-batch/results/airlines-LBagExecutorMAXChunk
04/09/23 07:15:24
04/09/23 07:15:24
04/09/23 07:16:51
/home/pi/reginaldojunior/experimentos/dynamic-batch/results/airlines-LBagExecutorMAXChunk
04/09/23 07:18:03
04/09/23 07:18:03
04/09/23 09:58:03
/home/pi/reginaldojunior/experimentos/dynamic-batch/results/airlines-LBagExecutorMAXChunk
04/09/23 09:59:14
04/09/23 09:59:14
04/09/23 10:30:56
/home/pi/reginaldojunior/experimentos/dynamic-batch/results/airlines-LBagExecutorMAXChunk
04/09/23 10:32:07
04/09/23 10:32:07
04/09/23 10:33:55
/home/pi/reginaldojunior/experimentos/dynamic-batch/results/covtypeNorm-AdaptiveRandomForestExecutorMAXChunk
04/09/23 10:36:08
04/09/23 10:36:08
/home/pi/reginaldojunior/experimentos/dynamic-batch/results/covtypeNorm-LBagExecutorMAXChunk
04/09/23 10:38:21
04/09/23 10:38:21
/home/pi/reginaldojunior/experimentos/dynamic-batch/results/covtypeNorm-StreamingRandomPatchesExecutorMAXChunk
04/09/23 10:40:33
04/09/23 10:40:33
/home/pi/reginaldojunior/experimentos/dynamic-batch/results/covtypeNorm-OzaBagAdwinExecutorMAXChunk
04/09/23 10:42:46
04/09/23 10:42:46
/home/pi/reginaldojunior/experimentos/dynamic-batch/results/covtypeNorm-OzaBagASHTExecutorMAXChunk
04/09/23 10:44:58
04/09/23 10:44:58
/home/pi/reginaldojunior/experimentos/dynamic-batch/results/covtypeNorm-OzaBagExecutorMAXChunk
04/09/23 10:47:11
04/09/23 10:47:11
/home/pi/reginaldojunior/experimentos/dynamic-batch/results/airlines-AdaptiveRandomForestExecutorMAXChunk
04/09/23 10:49:25
04/09/23 10:49:25
/home/pi/reginaldojunior/experimentos/dynamic-batch/results/airlines-LBagExecutorMAXChunk
04/09/23 10:51:38
04/09/23 10:51:38
/home/pi/reginaldojunior/experimentos/dynamic-batch/results/airlines-StreamingRandomPatchesExecutorMAXChunk
04/09/23 10:53:51
04/09/23 10:53:51
/home/pi/reginaldojunior/experimentos/dynamic-batch/results/airlines-OzaBagAdwinExecutorMAXChunk
04/09/23 10:56:05
04/09/23 10:56:05
/home/pi/reginaldojunior/experimentos/dynamic-batch/results/airlines-OzaBagASHTExecutorMAXChunk
04/09/23 10:58:18
04/09/23 10:58:18
/home/pi/reginaldojunior/experimentos/dynamic-batch/results/airlines-OzaBagExecutorMAXChunk
04/09/23 11:00:31
04/09/23 11:00:31
/home/pi/reginaldojunior/experimentos/dynamic-batch/results/elecNormNew-AdaptiveRandomForestExecutorMAXChunk
04/09/23 11:02:43
04/09/23 11:02:43
/home/pi/reginaldojunior/experimentos/dynamic-batch/results/elecNormNew-LBagExecutorMAXChunk
04/09/23 11:04:55
04/09/23 11:04:55
/home/pi/reginaldojunior/experimentos/dynamic-batch/results/elecNormNew-StreamingRandomPatchesExecutorMAXChunk
04/09/23 11:07:07
04/09/23 11:07:07
/home/pi/reginaldojunior/experimentos/dynamic-batch/results/elecNormNew-OzaBagAdwinExecutorMAXChunk
04/09/23 11:09:20
04/09/23 11:09:20
/home/pi/reginaldojunior/experimentos/dynamic-batch/results/elecNormNew-OzaBagASHTExecutorMAXChunk
04/09/23 11:11:33
04/09/23 11:11:33
/home/pi/reginaldojunior/experimentos/dynamic-batch/results/elecNormNew-OzaBagExecutorMAXChunk
04/09/23 11:13:46
04/09/23 11:13:46
/home/pi/reginaldojunior/experimentos/dynamic-batch/results/GMSC-AdaptiveRandomForestExecutorMAXChunk
04/09/23 11:15:58
04/09/23 11:15:58
/home/pi/reginaldojunior/experimentos/dynamic-batch/results/GMSC-LBagExecutorMAXChunk
04/09/23 11:18:11
04/09/23 11:18:11
/home/pi/reginaldojunior/experimentos/dynamic-batch/results/GMSC-StreamingRandomPatchesExecutorMAXChunk
04/09/23 11:20:23
04/09/23 11:20:23
/home/pi/reginaldojunior/experimentos/dynamic-batch/results/GMSC-OzaBagAdwinExecutorMAXChunk
04/09/23 11:22:36
04/09/23 11:22:36
/home/pi/reginaldojunior/experimentos/dynamic-batch/results/GMSC-OzaBagASHTExecutorMAXChunk
04/09/23 11:24:49
04/09/23 11:24:49
/home/pi/reginaldojunior/experimentos/dynamic-batch/results/GMSC-OzaBagExecutorMAXChunk
04/09/23 11:27:01
04/09/23 11:27:01
