03/11/23 05:55:57
/home/pi/reginaldojunior/experimentos/socket/mb-socket-dynamic/all-batches-7//elecNormNew-AdaptiveRandomForestExecutorMAXChunk-25-4-25-316
03/11/23 06:06:03
03/11/23 06:06:03
/home/pi/reginaldojunior/experimentos/socket/mb-socket-dynamic/all-batches-7//elecNormNew-LBagExecutorMAXChunk-25-4-25-524
03/11/23 06:14:30
03/11/23 06:14:30
/home/pi/reginaldojunior/experimentos/socket/mb-socket-dynamic/all-batches-7//elecNormNew-StreamingRandomPatchesExecutorMAXChunk-25-4-25-169
03/11/23 06:24:35
03/11/23 06:24:35
/home/pi/reginaldojunior/experimentos/socket/mb-socket-dynamic/all-batches-7//elecNormNew-OzaBagAdwinExecutorMAXChunk-25-4-25-1208
03/11/23 06:25:55
03/11/23 06:25:55
/home/pi/reginaldojunior/experimentos/socket/mb-socket-dynamic/all-batches-7//elecNormNew-OzaBagASHTExecutorMAXChunk-25-4-25-1496
03/11/23 06:27:05
03/11/23 06:27:05
/home/pi/reginaldojunior/experimentos/socket/mb-socket-dynamic/all-batches-7//elecNormNew-OzaBagExecutorMAXChunk-25-4-25-1664
03/11/23 06:28:12
03/11/23 06:28:12
/home/pi/reginaldojunior/experimentos/socket/mb-socket-dynamic/all-batches-7//covtypeNorm-AdaptiveRandomForestExecutorMAXChunk-25-4-25-207
03/11/23 06:38:18
03/11/23 06:38:18
/home/pi/reginaldojunior/experimentos/socket/mb-socket-dynamic/all-batches-7//covtypeNorm-LBagExecutorMAXChunk-25-4-25-150
03/11/23 06:48:24
03/11/23 06:48:24
/home/pi/reginaldojunior/experimentos/socket/mb-socket-dynamic/all-batches-7//covtypeNorm-StreamingRandomPatchesExecutorMAXChunk-25-4-25-68
03/11/23 06:58:30
03/11/23 06:58:30
/home/pi/reginaldojunior/experimentos/socket/mb-socket-dynamic/all-batches-7//covtypeNorm-OzaBagAdwinExecutorMAXChunk-25-4-25-283
03/11/23 07:08:36
03/11/23 07:08:36
/home/pi/reginaldojunior/experimentos/socket/mb-socket-dynamic/all-batches-7//covtypeNorm-OzaBagASHTExecutorMAXChunk-25-4-25-251
03/11/23 07:18:43
03/11/23 07:18:43
/home/pi/reginaldojunior/experimentos/socket/mb-socket-dynamic/all-batches-7//covtypeNorm-OzaBagExecutorMAXChunk-25-4-25-288
03/11/23 07:28:49
03/11/23 07:28:49
/home/pi/reginaldojunior/experimentos/socket/mb-socket-dynamic/all-batches-7//airlines-AdaptiveRandomForestExecutorMAXChunk-25-4-25-66
03/11/23 07:38:54
03/11/23 07:38:55
/home/pi/reginaldojunior/experimentos/socket/mb-socket-dynamic/all-batches-7//airlines-LBagExecutorMAXChunk-25-4-25-46
03/11/23 07:49:02
03/11/23 07:49:02
/home/pi/reginaldojunior/experimentos/socket/mb-socket-dynamic/all-batches-7//airlines-StreamingRandomPatchesExecutorMAXChunk-25-4-25-69
03/11/23 07:59:08
03/11/23 07:59:08
/home/pi/reginaldojunior/experimentos/socket/mb-socket-dynamic/all-batches-7//airlines-OzaBagAdwinExecutorMAXChunk-25-4-25-170
03/11/23 08:09:15
03/11/23 08:09:15
/home/pi/reginaldojunior/experimentos/socket/mb-socket-dynamic/all-batches-7//airlines-OzaBagASHTExecutorMAXChunk-25-4-25-177
03/11/23 08:19:22
03/11/23 08:19:22
/home/pi/reginaldojunior/experimentos/socket/mb-socket-dynamic/all-batches-7//airlines-OzaBagExecutorMAXChunk-25-4-25-170
03/11/23 08:29:28
03/11/23 08:29:28
/home/pi/reginaldojunior/experimentos/socket/mb-socket-dynamic/all-batches-7//GMSC-AdaptiveRandomForestExecutorMAXChunk-25-4-25-540
03/11/23 08:39:34
03/11/23 08:39:34
/home/pi/reginaldojunior/experimentos/socket/mb-socket-dynamic/all-batches-7//GMSC-LBagExecutorMAXChunk-25-4-25-716
03/11/23 08:49:41
03/11/23 08:49:41
/home/pi/reginaldojunior/experimentos/socket/mb-socket-dynamic/all-batches-7//GMSC-StreamingRandomPatchesExecutorMAXChunk-25-4-25-295
03/11/23 08:59:46
03/11/23 08:59:46
/home/pi/reginaldojunior/experimentos/socket/mb-socket-dynamic/all-batches-7//GMSC-OzaBagAdwinExecutorMAXChunk-25-4-25-1709
03/11/23 09:06:11
03/11/23 09:06:11
/home/pi/reginaldojunior/experimentos/socket/mb-socket-dynamic/all-batches-7//GMSC-OzaBagASHTExecutorMAXChunk-25-4-25-2263
03/11/23 09:09:47
03/11/23 09:09:47
/home/pi/reginaldojunior/experimentos/socket/mb-socket-dynamic/all-batches-7//GMSC-OzaBagExecutorMAXChunk-25-4-25-2260
03/11/23 09:13:46
03/11/23 09:13:46
/home/pi/reginaldojunior/experimentos/socket/mb-socket-dynamic/all-batches-7//elecNormNew-AdaptiveRandomForestExecutorMAXChunk-25-4-50-316
03/11/23 09:23:51
03/11/23 09:23:51
/home/pi/reginaldojunior/experimentos/socket/mb-socket-dynamic/all-batches-7//elecNormNew-LBagExecutorMAXChunk-25-4-50-524
03/11/23 09:30:32
03/11/23 09:30:32
/home/pi/reginaldojunior/experimentos/socket/mb-socket-dynamic/all-batches-7//elecNormNew-StreamingRandomPatchesExecutorMAXChunk-25-4-50-169
03/11/23 09:40:38
03/11/23 09:40:38
/home/pi/reginaldojunior/experimentos/socket/mb-socket-dynamic/all-batches-7//elecNormNew-OzaBagAdwinExecutorMAXChunk-25-4-50-1208
03/11/23 09:43:09
03/11/23 09:43:09
/home/pi/reginaldojunior/experimentos/socket/mb-socket-dynamic/all-batches-7//elecNormNew-OzaBagASHTExecutorMAXChunk-25-4-50-1496
03/11/23 09:44:21
03/11/23 09:44:21
/home/pi/reginaldojunior/experimentos/socket/mb-socket-dynamic/all-batches-7//elecNormNew-OzaBagExecutorMAXChunk-25-4-50-1664
03/11/23 09:45:56
03/11/23 09:45:56
/home/pi/reginaldojunior/experimentos/socket/mb-socket-dynamic/all-batches-7//covtypeNorm-AdaptiveRandomForestExecutorMAXChunk-25-4-50-207
03/11/23 09:56:02
03/11/23 09:56:02
/home/pi/reginaldojunior/experimentos/socket/mb-socket-dynamic/all-batches-7//covtypeNorm-LBagExecutorMAXChunk-25-4-50-150
03/11/23 10:06:08
03/11/23 10:06:08
/home/pi/reginaldojunior/experimentos/socket/mb-socket-dynamic/all-batches-7//covtypeNorm-StreamingRandomPatchesExecutorMAXChunk-25-4-50-68
03/11/23 10:16:14
03/11/23 10:16:14
/home/pi/reginaldojunior/experimentos/socket/mb-socket-dynamic/all-batches-7//covtypeNorm-OzaBagAdwinExecutorMAXChunk-25-4-50-283
03/11/23 10:26:21
03/11/23 10:26:21
/home/pi/reginaldojunior/experimentos/socket/mb-socket-dynamic/all-batches-7//covtypeNorm-OzaBagASHTExecutorMAXChunk-25-4-50-251
03/11/23 10:36:27
03/11/23 10:36:27
/home/pi/reginaldojunior/experimentos/socket/mb-socket-dynamic/all-batches-7//covtypeNorm-OzaBagExecutorMAXChunk-25-4-50-288
03/11/23 10:46:33
03/11/23 10:46:33
/home/pi/reginaldojunior/experimentos/socket/mb-socket-dynamic/all-batches-7//airlines-AdaptiveRandomForestExecutorMAXChunk-25-4-50-66
03/11/23 10:56:40
03/11/23 10:56:40
/home/pi/reginaldojunior/experimentos/socket/mb-socket-dynamic/all-batches-7//airlines-LBagExecutorMAXChunk-25-4-50-46
03/11/23 11:06:46
03/11/23 11:06:46
/home/pi/reginaldojunior/experimentos/socket/mb-socket-dynamic/all-batches-7//airlines-StreamingRandomPatchesExecutorMAXChunk-25-4-50-69
03/11/23 11:16:53
03/11/23 11:16:53
/home/pi/reginaldojunior/experimentos/socket/mb-socket-dynamic/all-batches-7//airlines-OzaBagAdwinExecutorMAXChunk-25-4-50-170
03/11/23 11:26:59
03/11/23 11:26:59
/home/pi/reginaldojunior/experimentos/socket/mb-socket-dynamic/all-batches-7//airlines-OzaBagASHTExecutorMAXChunk-25-4-50-177
03/11/23 11:37:07
03/11/23 11:37:07
/home/pi/reginaldojunior/experimentos/socket/mb-socket-dynamic/all-batches-7//airlines-OzaBagExecutorMAXChunk-25-4-50-170
03/11/23 11:47:16
03/11/23 11:47:16
/home/pi/reginaldojunior/experimentos/socket/mb-socket-dynamic/all-batches-7//GMSC-AdaptiveRandomForestExecutorMAXChunk-25-4-50-540
03/11/23 11:57:22
03/11/23 11:57:22
/home/pi/reginaldojunior/experimentos/socket/mb-socket-dynamic/all-batches-7//GMSC-LBagExecutorMAXChunk-25-4-50-716
03/11/23 12:06:52
03/11/23 12:06:52
/home/pi/reginaldojunior/experimentos/socket/mb-socket-dynamic/all-batches-7//GMSC-StreamingRandomPatchesExecutorMAXChunk-25-4-50-295
03/11/23 12:16:58
03/11/23 12:16:58
/home/pi/reginaldojunior/experimentos/socket/mb-socket-dynamic/all-batches-7//GMSC-OzaBagAdwinExecutorMAXChunk-25-4-50-1709
03/11/23 12:22:17
03/11/23 12:22:17
/home/pi/reginaldojunior/experimentos/socket/mb-socket-dynamic/all-batches-7//GMSC-OzaBagASHTExecutorMAXChunk-25-4-50-2263
03/11/23 12:27:28
03/11/23 12:27:28
/home/pi/reginaldojunior/experimentos/socket/mb-socket-dynamic/all-batches-7//GMSC-OzaBagExecutorMAXChunk-25-4-50-2260
03/11/23 12:30:45
03/11/23 12:30:45
/home/pi/reginaldojunior/experimentos/socket/mb-socket-dynamic/all-batches-7//elecNormNew-AdaptiveRandomForestExecutorMAXChunk-25-4-500-316
03/11/23 12:37:57
03/11/23 12:37:57
/home/pi/reginaldojunior/experimentos/socket/mb-socket-dynamic/all-batches-7//elecNormNew-LBagExecutorMAXChunk-25-4-500-524
03/11/23 12:42:45
03/11/23 12:42:45
/home/pi/reginaldojunior/experimentos/socket/mb-socket-dynamic/all-batches-7//elecNormNew-StreamingRandomPatchesExecutorMAXChunk-25-4-500-169
03/11/23 12:52:52
03/11/23 12:52:52
/home/pi/reginaldojunior/experimentos/socket/mb-socket-dynamic/all-batches-7//elecNormNew-OzaBagAdwinExecutorMAXChunk-25-4-500-1208
03/11/23 12:54:28
03/11/23 12:54:28
/home/pi/reginaldojunior/experimentos/socket/mb-socket-dynamic/all-batches-7//elecNormNew-OzaBagASHTExecutorMAXChunk-25-4-500-1496
03/11/23 12:58:08
03/11/23 12:58:08
/home/pi/reginaldojunior/experimentos/socket/mb-socket-dynamic/all-batches-7//elecNormNew-OzaBagExecutorMAXChunk-25-4-500-1664
03/11/23 12:59:12
03/11/23 12:59:12
/home/pi/reginaldojunior/experimentos/socket/mb-socket-dynamic/all-batches-7//covtypeNorm-AdaptiveRandomForestExecutorMAXChunk-25-4-500-207
03/11/23 13:09:18
03/11/23 13:09:18
/home/pi/reginaldojunior/experimentos/socket/mb-socket-dynamic/all-batches-7//covtypeNorm-LBagExecutorMAXChunk-25-4-500-150
03/11/23 13:19:25
03/11/23 13:19:25
/home/pi/reginaldojunior/experimentos/socket/mb-socket-dynamic/all-batches-7//covtypeNorm-StreamingRandomPatchesExecutorMAXChunk-25-4-500-68
03/11/23 13:29:32
03/11/23 13:29:32
/home/pi/reginaldojunior/experimentos/socket/mb-socket-dynamic/all-batches-7//covtypeNorm-OzaBagAdwinExecutorMAXChunk-25-4-500-283
03/11/23 13:39:38
03/11/23 13:39:38
/home/pi/reginaldojunior/experimentos/socket/mb-socket-dynamic/all-batches-7//covtypeNorm-OzaBagASHTExecutorMAXChunk-25-4-500-251
03/11/23 13:49:46
03/11/23 13:49:46
/home/pi/reginaldojunior/experimentos/socket/mb-socket-dynamic/all-batches-7//covtypeNorm-OzaBagExecutorMAXChunk-25-4-500-288
03/11/23 13:59:53
03/11/23 13:59:53
/home/pi/reginaldojunior/experimentos/socket/mb-socket-dynamic/all-batches-7//airlines-AdaptiveRandomForestExecutorMAXChunk-25-4-500-66
03/11/23 14:10:00
03/11/23 14:10:00
/home/pi/reginaldojunior/experimentos/socket/mb-socket-dynamic/all-batches-7//airlines-LBagExecutorMAXChunk-25-4-500-46
03/11/23 14:20:16
03/11/23 14:20:16
/home/pi/reginaldojunior/experimentos/socket/mb-socket-dynamic/all-batches-7//airlines-StreamingRandomPatchesExecutorMAXChunk-25-4-500-69
03/11/23 14:30:27
03/11/23 14:30:27
/home/pi/reginaldojunior/experimentos/socket/mb-socket-dynamic/all-batches-7//airlines-OzaBagAdwinExecutorMAXChunk-25-4-500-170
03/11/23 14:40:35
03/11/23 14:40:35
/home/pi/reginaldojunior/experimentos/socket/mb-socket-dynamic/all-batches-7//airlines-OzaBagASHTExecutorMAXChunk-25-4-500-177
03/11/23 14:50:42
03/11/23 14:50:42
/home/pi/reginaldojunior/experimentos/socket/mb-socket-dynamic/all-batches-7//airlines-OzaBagExecutorMAXChunk-25-4-500-170
03/11/23 15:00:53
03/11/23 15:00:53
/home/pi/reginaldojunior/experimentos/socket/mb-socket-dynamic/all-batches-7//GMSC-AdaptiveRandomForestExecutorMAXChunk-25-4-500-540
03/11/23 15:10:59
03/11/23 15:10:59
/home/pi/reginaldojunior/experimentos/socket/mb-socket-dynamic/all-batches-7//GMSC-LBagExecutorMAXChunk-25-4-500-716
03/11/23 15:21:05
03/11/23 15:21:05
/home/pi/reginaldojunior/experimentos/socket/mb-socket-dynamic/all-batches-7//GMSC-StreamingRandomPatchesExecutorMAXChunk-25-4-500-295
03/11/23 15:31:11
03/11/23 15:31:11
/home/pi/reginaldojunior/experimentos/socket/mb-socket-dynamic/all-batches-7//GMSC-OzaBagAdwinExecutorMAXChunk-25-4-500-1709
03/11/23 15:38:00
03/11/23 15:38:00
/home/pi/reginaldojunior/experimentos/socket/mb-socket-dynamic/all-batches-7//GMSC-OzaBagASHTExecutorMAXChunk-25-4-500-2263
03/11/23 15:42:45
03/11/23 15:42:45
/home/pi/reginaldojunior/experimentos/socket/mb-socket-dynamic/all-batches-7//GMSC-OzaBagExecutorMAXChunk-25-4-500-2260
03/11/23 15:47:27
03/11/23 15:47:27
/home/pi/reginaldojunior/experimentos/socket/mb-socket-dynamic/all-batches-7//elecNormNew-AdaptiveRandomForestExecutorMAXChunk-25-4-2000-316
03/11/23 15:57:08
03/11/23 15:57:08
/home/pi/reginaldojunior/experimentos/socket/mb-socket-dynamic/all-batches-7//elecNormNew-LBagExecutorMAXChunk-25-4-2000-524
03/11/23 16:03:49
03/11/23 16:03:49
/home/pi/reginaldojunior/experimentos/socket/mb-socket-dynamic/all-batches-7//elecNormNew-StreamingRandomPatchesExecutorMAXChunk-25-4-2000-169
03/11/23 16:13:57
03/11/23 16:13:57
/home/pi/reginaldojunior/experimentos/socket/mb-socket-dynamic/all-batches-7//elecNormNew-OzaBagAdwinExecutorMAXChunk-25-4-2000-1208
03/11/23 16:19:09
03/11/23 16:19:09
/home/pi/reginaldojunior/experimentos/socket/mb-socket-dynamic/all-batches-7//elecNormNew-OzaBagASHTExecutorMAXChunk-25-4-2000-1496
03/11/23 16:23:24
03/11/23 16:23:24
/home/pi/reginaldojunior/experimentos/socket/mb-socket-dynamic/all-batches-7//elecNormNew-OzaBagExecutorMAXChunk-25-4-2000-1664
03/11/23 16:24:33
03/11/23 16:24:33
/home/pi/reginaldojunior/experimentos/socket/mb-socket-dynamic/all-batches-7//covtypeNorm-AdaptiveRandomForestExecutorMAXChunk-25-4-2000-207
03/11/23 16:34:40
03/11/23 16:34:40
/home/pi/reginaldojunior/experimentos/socket/mb-socket-dynamic/all-batches-7//covtypeNorm-LBagExecutorMAXChunk-25-4-2000-150
03/11/23 16:44:47
03/11/23 16:44:47
/home/pi/reginaldojunior/experimentos/socket/mb-socket-dynamic/all-batches-7//covtypeNorm-StreamingRandomPatchesExecutorMAXChunk-25-4-2000-68
03/11/23 16:54:56
03/11/23 16:54:56
/home/pi/reginaldojunior/experimentos/socket/mb-socket-dynamic/all-batches-7//covtypeNorm-OzaBagAdwinExecutorMAXChunk-25-4-2000-283
03/11/23 17:05:03
03/11/23 17:05:03
/home/pi/reginaldojunior/experimentos/socket/mb-socket-dynamic/all-batches-7//covtypeNorm-OzaBagASHTExecutorMAXChunk-25-4-2000-251
03/11/23 17:15:11
03/11/23 17:15:11
/home/pi/reginaldojunior/experimentos/socket/mb-socket-dynamic/all-batches-7//covtypeNorm-OzaBagExecutorMAXChunk-25-4-2000-288
03/11/23 17:25:20
03/11/23 17:25:20
/home/pi/reginaldojunior/experimentos/socket/mb-socket-dynamic/all-batches-7//airlines-AdaptiveRandomForestExecutorMAXChunk-25-4-2000-66
03/11/23 17:35:36
03/11/23 17:35:36
/home/pi/reginaldojunior/experimentos/socket/mb-socket-dynamic/all-batches-7//airlines-LBagExecutorMAXChunk-25-4-2000-46
03/11/23 17:45:59
03/11/23 17:45:59
/home/pi/reginaldojunior/experimentos/socket/mb-socket-dynamic/all-batches-7//airlines-StreamingRandomPatchesExecutorMAXChunk-25-4-2000-69
03/11/23 17:56:24
03/11/23 17:56:24
/home/pi/reginaldojunior/experimentos/socket/mb-socket-dynamic/all-batches-7//airlines-OzaBagAdwinExecutorMAXChunk-25-4-2000-170
03/11/23 18:06:37
03/11/23 18:06:37
/home/pi/reginaldojunior/experimentos/socket/mb-socket-dynamic/all-batches-7//airlines-OzaBagASHTExecutorMAXChunk-25-4-2000-177
03/11/23 18:16:48
03/11/23 18:16:48
/home/pi/reginaldojunior/experimentos/socket/mb-socket-dynamic/all-batches-7//airlines-OzaBagExecutorMAXChunk-25-4-2000-170
03/11/23 18:26:56
03/11/23 18:26:56
/home/pi/reginaldojunior/experimentos/socket/mb-socket-dynamic/all-batches-7//GMSC-AdaptiveRandomForestExecutorMAXChunk-25-4-2000-540
03/11/23 18:37:03
03/11/23 18:37:03
/home/pi/reginaldojunior/experimentos/socket/mb-socket-dynamic/all-batches-7//GMSC-LBagExecutorMAXChunk-25-4-2000-716
03/11/23 18:47:10
03/11/23 18:47:10
/home/pi/reginaldojunior/experimentos/socket/mb-socket-dynamic/all-batches-7//GMSC-StreamingRandomPatchesExecutorMAXChunk-25-4-2000-295
03/11/23 18:57:17
03/11/23 18:57:17
/home/pi/reginaldojunior/experimentos/socket/mb-socket-dynamic/all-batches-7//GMSC-OzaBagAdwinExecutorMAXChunk-25-4-2000-1709
03/11/23 19:06:04
03/11/23 19:06:04
/home/pi/reginaldojunior/experimentos/socket/mb-socket-dynamic/all-batches-7//GMSC-OzaBagASHTExecutorMAXChunk-25-4-2000-2263
03/11/23 19:09:28
03/11/23 19:09:28
/home/pi/reginaldojunior/experimentos/socket/mb-socket-dynamic/all-batches-7//GMSC-OzaBagExecutorMAXChunk-25-4-2000-2260
03/11/23 19:15:55
