11/03/22 11:21:43
11/03/22 11:29:19
11/03/22 11:29:22
11/03/22 11:29:22
11/03/22 11:29:25
11/03/22 11:29:25
11/03/22 11:30:57
11/03/22 11:31:07
11/03/22 11:31:10
11/03/22 11:31:10
11/03/22 11:32:55
11/03/22 11:32:58
11/03/22 11:33:00
11/03/22 11:33:03
11/03/22 11:33:06
11/03/22 11:33:09
11/03/22 11:33:11
11/03/22 11:33:14
11/03/22 11:33:17
11/03/22 11:33:20
11/03/22 11:33:57
11/03/22 11:34:00
11/03/22 11:34:04
11/03/22 11:34:07
11/03/22 11:34:09
11/03/22 11:34:12
11/03/22 11:34:15
11/03/22 11:34:18
11/03/22 11:34:20
13/03/22 16:13:00
13/03/22 16:13:03
13/03/22 16:13:05
13/03/22 16:13:08
13/03/22 16:13:11
13/03/22 16:13:14
13/03/22 16:13:17
13/03/22 16:13:20
13/03/22 16:13:22
13/03/22 16:13:25
13/03/22 16:13:28
13/03/22 16:13:31
13/03/22 16:13:33
13/03/22 16:13:36
13/03/22 16:13:39
13/03/22 16:13:42
13/03/22 16:13:44
13/03/22 16:13:47
13/03/22 16:13:50
13/03/22 16:13:53
13/03/22 16:13:55
13/03/22 16:13:58
13/03/22 16:14:01
13/03/22 16:14:04
13/03/22 16:14:06
13/03/22 16:17:29
13/03/22 16:17:32
13/03/22 16:17:32
13/03/22 16:18:00
13/03/22 16:18:04
13/03/22 16:18:04
13/03/22 16:19:24
/home/pi/reginaldojunior/experimentos/results/socket/4/600/600/elecNormNew-AdaptiveRandomForestSequential-25-1-1-43
13/03/22 16:19:34
13/03/22 16:19:34
13/03/22 16:25:24
/home/pi/reginaldojunior/experimentos/results/socket/4/600/600/elecNormNew-AdaptiveRandomForestSequential-25-1-1-43
13/03/22 16:27:30
13/03/22 16:27:30
/home/pi/reginaldojunior/experimentos/results/socket/4/600/600/elecNormNew-AdaptiveRandomForestExecutorRUNPER-25-4-1-43
13/03/22 16:27:35
13/03/22 16:27:35
/home/pi/reginaldojunior/experimentos/results/socket/4/600/600/elecNormNew-AdaptiveRandomForestSequential-25-1-1-219
13/03/22 16:28:02
13/03/22 16:28:02
13/03/22 16:28:49
/home/pi/reginaldojunior/experimentos/results/socket/4/600/600/elecNormNew-AdaptiveRandomForestSequential-25-1-1-43
13/03/22 16:30:55
13/03/22 16:30:55
/home/pi/reginaldojunior/experimentos/results/socket/4/600/600/elecNormNew-AdaptiveRandomForestExecutorRUNPER-25-4-1-43
13/03/22 16:31:00
13/03/22 16:31:00
/home/pi/reginaldojunior/experimentos/results/socket/4/600/600/elecNormNew-AdaptiveRandomForestSequential-25-1-1-219
13/03/22 16:32:02
13/03/22 16:32:02
16/03/22 00:32:04
/home/pi/reginaldojunior/experimentos/results/socket/4/600/600/elecNormNew-LeveragingBag-25-1-1-68
16/03/22 00:34:13
16/03/22 00:34:13
/home/pi/reginaldojunior/experimentos/results/socket/4/600/600/elecNormNew-LBagExecutorRUNPER-25-4-1-68
16/03/22 00:36:22
16/03/22 00:36:22
/home/pi/reginaldojunior/experimentos/results/socket/4/600/600/elecNormNew-LeveragingBag-25-1-1-344
16/03/22 00:38:31
16/03/22 00:38:31
/home/pi/reginaldojunior/experimentos/results/socket/4/600/600/elecNormNew-LBagExecutorRUNPER-25-4-1-344
16/03/22 00:40:40
16/03/22 00:40:40
/home/pi/reginaldojunior/experimentos/results/socket/4/600/600/elecNormNew-LeveragingBag-25-1-1-620
16/03/22 00:42:49
16/03/22 00:42:49
/home/pi/reginaldojunior/experimentos/results/socket/4/600/600/elecNormNew-LBagExecutorRUNPER-25-4-1-620
16/03/22 00:44:58
16/03/22 00:44:58
/home/pi/reginaldojunior/experimentos/results/socket/4/600/600/elecNormNew-StreamingRandomPatches-25-1-1-25
16/03/22 00:47:04
16/03/22 00:47:04
/home/pi/reginaldojunior/experimentos/results/socket/4/600/600/elecNormNew-StreamingRandomPatchesExecutorRUNPER-25-4-1-25
16/03/22 00:49:11
16/03/22 00:49:11
/home/pi/reginaldojunior/experimentos/results/socket/4/600/600/elecNormNew-StreamingRandomPatches-25-1-1-127
16/03/22 00:51:17
16/03/22 00:51:17
/home/pi/reginaldojunior/experimentos/results/socket/4/600/600/elecNormNew-StreamingRandomPatchesExecutorRUNPER-25-4-1-127
16/03/22 00:53:24
16/03/22 00:53:24
/home/pi/reginaldojunior/experimentos/results/socket/4/600/600/elecNormNew-StreamingRandomPatches-25-1-1-229
16/03/22 00:55:30
16/03/22 00:55:30
/home/pi/reginaldojunior/experimentos/results/socket/4/600/600/elecNormNew-StreamingRandomPatchesExecutorRUNPER-25-4-1-229
16/03/22 00:57:37
16/03/22 00:57:37
/home/pi/reginaldojunior/experimentos/results/socket/4/600/600/elecNormNew-OzaBagAdwin-25-1-1-115
16/03/22 00:59:46
16/03/22 00:59:46
/home/pi/reginaldojunior/experimentos/results/socket/4/600/600/elecNormNew-OzaBagAdwinExecutorRUNPER-25-4-1-115
16/03/22 01:01:54
16/03/22 01:01:54
/home/pi/reginaldojunior/experimentos/results/socket/4/600/600/elecNormNew-OzaBagAdwin-25-1-1-577
16/03/22 01:03:22
16/03/22 01:03:22
/home/pi/reginaldojunior/experimentos/results/socket/4/600/600/elecNormNew-OzaBagAdwinExecutorRUNPER-25-4-1-577
16/03/22 01:04:52
16/03/22 01:04:52
/home/pi/reginaldojunior/experimentos/results/socket/4/600/600/elecNormNew-OzaBagAdwin-25-1-1-1039
16/03/22 01:06:08
16/03/22 01:06:08
/home/pi/reginaldojunior/experimentos/results/socket/4/600/600/elecNormNew-OzaBagAdwinExecutorRUNPER-25-4-1-1039
16/03/22 01:07:31
16/03/22 01:07:31
/home/pi/reginaldojunior/experimentos/results/socket/4/600/600/elecNormNew-OzaBagASHT-25-1-1-134
16/03/22 01:09:40
16/03/22 01:09:40
/home/pi/reginaldojunior/experimentos/results/socket/4/600/600/elecNormNew-OzaBagASHTExecutorRUNPER-25-4-1-134
16/03/22 01:11:49
16/03/22 01:11:49
/home/pi/reginaldojunior/experimentos/results/socket/4/600/600/elecNormNew-OzaBagASHT-25-1-1-673
16/03/22 01:13:06
16/03/22 01:13:06
/home/pi/reginaldojunior/experimentos/results/socket/4/600/600/elecNormNew-OzaBagASHTExecutorRUNPER-25-4-1-673
16/03/22 01:14:23
16/03/22 01:14:23
/home/pi/reginaldojunior/experimentos/results/socket/4/600/600/elecNormNew-OzaBagASHT-25-1-1-1211
16/03/22 01:15:25
16/03/22 01:15:25
/home/pi/reginaldojunior/experimentos/results/socket/4/600/600/elecNormNew-OzaBagASHTExecutorRUNPER-25-4-1-1211
16/03/22 01:16:34
16/03/22 01:16:34
/home/pi/reginaldojunior/experimentos/results/socket/4/600/600/elecNormNew-OzaBag-25-1-1-138
16/03/22 01:18:43
16/03/22 01:18:43
/home/pi/reginaldojunior/experimentos/results/socket/4/600/600/elecNormNew-OzaBagExecutorRUNPER-25-4-1-138
16/03/22 01:20:51
16/03/22 01:20:52
/home/pi/reginaldojunior/experimentos/results/socket/4/600/600/elecNormNew-OzaBag-25-1-1-694
16/03/22 01:22:06
16/03/22 01:22:06
/home/pi/reginaldojunior/experimentos/results/socket/4/600/600/elecNormNew-OzaBagExecutorRUNPER-25-4-1-694
16/03/22 01:23:21
16/03/22 01:23:21
/home/pi/reginaldojunior/experimentos/results/socket/4/600/600/elecNormNew-OzaBag-25-1-1-1250
16/03/22 01:24:19
16/03/22 01:24:19
/home/pi/reginaldojunior/experimentos/results/socket/4/600/600/elecNormNew-OzaBagExecutorRUNPER-25-4-1-1250
16/03/22 01:25:26
16/03/22 01:25:26
/home/pi/reginaldojunior/experimentos/results/socket/4/600/600/covtypeNorm-AdaptiveRandomForestSequential-25-1-1-40
16/03/22 01:27:32
16/03/22 01:27:32
/home/pi/reginaldojunior/experimentos/results/socket/4/600/600/covtypeNorm-AdaptiveRandomForestExecutorRUNPER-25-4-1-40
16/03/22 01:29:38
16/03/22 01:29:38
/home/pi/reginaldojunior/experimentos/results/socket/4/600/600/covtypeNorm-AdaptiveRandomForestSequential-25-1-1-200
16/03/22 01:31:44
16/03/22 01:31:44
/home/pi/reginaldojunior/experimentos/results/socket/4/600/600/covtypeNorm-AdaptiveRandomForestExecutorRUNPER-25-4-1-200
16/03/22 01:33:50
16/03/22 01:33:50
/home/pi/reginaldojunior/experimentos/results/socket/4/600/600/covtypeNorm-AdaptiveRandomForestSequential-25-1-1-361
16/03/22 01:35:56
16/03/22 01:35:56
/home/pi/reginaldojunior/experimentos/results/socket/4/600/600/covtypeNorm-AdaptiveRandomForestExecutorRUNPER-25-4-1-361
16/03/22 01:38:02
16/03/22 01:38:02
/home/pi/reginaldojunior/experimentos/results/socket/4/600/600/covtypeNorm-LeveragingBag-25-1-1-29
16/03/22 01:40:11
16/03/22 01:40:11
/home/pi/reginaldojunior/experimentos/results/socket/4/600/600/covtypeNorm-LBagExecutorRUNPER-25-4-1-29
16/03/22 01:42:20
16/03/22 01:42:20
/home/pi/reginaldojunior/experimentos/results/socket/4/600/600/covtypeNorm-LeveragingBag-25-1-1-146
16/03/22 01:44:29
16/03/22 01:44:29
/home/pi/reginaldojunior/experimentos/results/socket/4/600/600/covtypeNorm-LBagExecutorRUNPER-25-4-1-146
16/03/22 01:46:38
16/03/22 01:46:38
/home/pi/reginaldojunior/experimentos/results/socket/4/600/600/covtypeNorm-LeveragingBag-25-1-1-264
16/03/22 01:48:47
16/03/22 01:48:47
/home/pi/reginaldojunior/experimentos/results/socket/4/600/600/covtypeNorm-LBagExecutorRUNPER-25-4-1-264
16/03/22 01:50:56
16/03/22 01:50:56
/home/pi/reginaldojunior/experimentos/results/socket/4/600/600/covtypeNorm-StreamingRandomPatches-25-1-1-12
16/03/22 01:53:03
16/03/22 01:53:03
/home/pi/reginaldojunior/experimentos/results/socket/4/600/600/covtypeNorm-StreamingRandomPatchesExecutorRUNPER-25-4-1-12
16/03/22 01:55:10
16/03/22 01:55:10
/home/pi/reginaldojunior/experimentos/results/socket/4/600/600/covtypeNorm-StreamingRandomPatches-25-1-1-60
16/03/22 01:57:16
16/03/22 01:57:16
/home/pi/reginaldojunior/experimentos/results/socket/4/600/600/covtypeNorm-StreamingRandomPatchesExecutorRUNPER-25-4-1-60
16/03/22 01:59:22
16/03/22 01:59:22
/home/pi/reginaldojunior/experimentos/results/socket/4/600/600/covtypeNorm-StreamingRandomPatches-25-1-1-108
16/03/22 02:01:28
16/03/22 02:01:28
/home/pi/reginaldojunior/experimentos/results/socket/4/600/600/covtypeNorm-StreamingRandomPatchesExecutorRUNPER-25-4-1-108
16/03/22 02:03:35
16/03/22 02:03:35
/home/pi/reginaldojunior/experimentos/results/socket/4/600/600/covtypeNorm-OzaBagAdwin-25-1-1-42
16/03/22 02:05:43
16/03/22 02:05:43
/home/pi/reginaldojunior/experimentos/results/socket/4/600/600/covtypeNorm-OzaBagAdwinExecutorRUNPER-25-4-1-42
16/03/22 02:07:52
16/03/22 02:07:52
/home/pi/reginaldojunior/experimentos/results/socket/4/600/600/covtypeNorm-OzaBagAdwin-25-1-1-210
16/03/22 02:10:01
16/03/22 02:10:01
/home/pi/reginaldojunior/experimentos/results/socket/4/600/600/covtypeNorm-OzaBagAdwinExecutorRUNPER-25-4-1-210
16/03/22 02:12:10
16/03/22 02:12:10
/home/pi/reginaldojunior/experimentos/results/socket/4/600/600/covtypeNorm-OzaBagAdwin-25-1-1-379
16/03/22 02:14:19
16/03/22 02:14:19
/home/pi/reginaldojunior/experimentos/results/socket/4/600/600/covtypeNorm-OzaBagAdwinExecutorRUNPER-25-4-1-379
16/03/22 02:16:28
16/03/22 02:16:28
/home/pi/reginaldojunior/experimentos/results/socket/4/600/600/covtypeNorm-OzaBagASHT-25-1-1-43
16/03/22 02:18:37
16/03/22 02:18:37
/home/pi/reginaldojunior/experimentos/results/socket/4/600/600/covtypeNorm-OzaBagASHTExecutorRUNPER-25-4-1-43
16/03/22 02:20:46
16/03/22 02:20:46
/home/pi/reginaldojunior/experimentos/results/socket/4/600/600/covtypeNorm-OzaBagASHT-25-1-1-215
16/03/22 02:22:54
16/03/22 02:22:54
/home/pi/reginaldojunior/experimentos/results/socket/4/600/600/covtypeNorm-OzaBagASHTExecutorRUNPER-25-4-1-215
16/03/22 02:25:03
16/03/22 02:25:03
/home/pi/reginaldojunior/experimentos/results/socket/4/600/600/covtypeNorm-OzaBagASHT-25-1-1-388
16/03/22 02:27:12
16/03/22 02:27:12
/home/pi/reginaldojunior/experimentos/results/socket/4/600/600/covtypeNorm-OzaBagASHTExecutorRUNPER-25-4-1-388
16/03/22 02:29:21
16/03/22 02:29:21
/home/pi/reginaldojunior/experimentos/results/socket/4/600/600/covtypeNorm-OzaBag-25-1-1-43
16/03/22 02:31:30
16/03/22 02:31:30
/home/pi/reginaldojunior/experimentos/results/socket/4/600/600/covtypeNorm-OzaBagExecutorRUNPER-25-4-1-43
16/03/22 02:33:38
16/03/22 02:33:38
/home/pi/reginaldojunior/experimentos/results/socket/4/600/600/covtypeNorm-OzaBag-25-1-1-217
16/03/22 02:35:47
16/03/22 02:35:47
/home/pi/reginaldojunior/experimentos/results/socket/4/600/600/covtypeNorm-OzaBagExecutorRUNPER-25-4-1-217
16/03/22 02:37:56
16/03/22 02:37:56
/home/pi/reginaldojunior/experimentos/results/socket/4/600/600/covtypeNorm-OzaBag-25-1-1-390
16/03/22 02:40:05
16/03/22 02:40:05
/home/pi/reginaldojunior/experimentos/results/socket/4/600/600/covtypeNorm-OzaBagExecutorRUNPER-25-4-1-390
16/03/22 02:42:13
16/03/22 02:42:13
/home/pi/reginaldojunior/experimentos/results/socket/4/600/600/GMSC-AdaptiveRandomForestSequential-25-1-1-70
16/03/22 02:44:19
16/03/22 02:44:19
/home/pi/reginaldojunior/experimentos/results/socket/4/600/600/GMSC-AdaptiveRandomForestExecutorRUNPER-25-4-1-70
16/03/22 02:46:25
16/03/22 02:46:25
/home/pi/reginaldojunior/experimentos/results/socket/4/600/600/GMSC-AdaptiveRandomForestSequential-25-1-1-350
16/03/22 02:48:31
16/03/22 02:48:31
/home/pi/reginaldojunior/experimentos/results/socket/4/600/600/GMSC-AdaptiveRandomForestExecutorRUNPER-25-4-1-350
16/03/22 02:50:37
16/03/22 02:50:37
/home/pi/reginaldojunior/experimentos/results/socket/4/600/600/GMSC-AdaptiveRandomForestSequential-25-1-1-630
16/03/22 02:52:44
16/03/22 02:52:44
/home/pi/reginaldojunior/experimentos/results/socket/4/600/600/GMSC-AdaptiveRandomForestExecutorRUNPER-25-4-1-630
16/03/22 02:54:50
16/03/22 02:54:50
/home/pi/reginaldojunior/experimentos/results/socket/4/600/600/GMSC-LeveragingBag-25-1-1-90
16/03/22 02:56:59
16/03/22 02:56:59
/home/pi/reginaldojunior/experimentos/results/socket/4/600/600/GMSC-LBagExecutorRUNPER-25-4-1-90
16/03/22 02:59:08
16/03/22 02:59:08
/home/pi/reginaldojunior/experimentos/results/socket/4/600/600/GMSC-LeveragingBag-25-1-1-452
16/03/22 03:01:16
16/03/22 03:01:16
/home/pi/reginaldojunior/experimentos/results/socket/4/600/600/GMSC-LBagExecutorRUNPER-25-4-1-452
16/03/22 03:03:26
16/03/22 03:03:26
/home/pi/reginaldojunior/experimentos/results/socket/4/600/600/GMSC-LeveragingBag-25-1-1-814
16/03/22 03:05:34
16/03/22 03:05:34
/home/pi/reginaldojunior/experimentos/results/socket/4/600/600/GMSC-LBagExecutorRUNPER-25-4-1-814
16/03/22 03:07:43
16/03/22 03:07:43
/home/pi/reginaldojunior/experimentos/results/socket/4/600/600/GMSC-StreamingRandomPatches-25-1-1-33
16/03/22 03:09:48
16/03/22 03:09:48
/home/pi/reginaldojunior/experimentos/results/socket/4/600/600/GMSC-StreamingRandomPatchesExecutorRUNPER-25-4-1-33
16/03/22 03:11:55
16/03/22 03:11:55
/home/pi/reginaldojunior/experimentos/results/socket/4/600/600/GMSC-StreamingRandomPatches-25-1-1-167
16/03/22 03:14:02
16/03/22 03:14:02
/home/pi/reginaldojunior/experimentos/results/socket/4/600/600/GMSC-StreamingRandomPatchesExecutorRUNPER-25-4-1-167
16/03/22 03:16:08
16/03/22 03:16:08
/home/pi/reginaldojunior/experimentos/results/socket/4/600/600/GMSC-StreamingRandomPatches-25-1-1-301
16/03/22 03:18:14
16/03/22 03:18:14
/home/pi/reginaldojunior/experimentos/results/socket/4/600/600/GMSC-StreamingRandomPatchesExecutorRUNPER-25-4-1-301
16/03/22 03:20:20
16/03/22 03:20:21
/home/pi/reginaldojunior/experimentos/results/socket/4/600/600/GMSC-OzaBagAdwin-25-1-1-175
16/03/22 03:22:29
16/03/22 03:22:29
/home/pi/reginaldojunior/experimentos/results/socket/4/600/600/GMSC-OzaBagAdwinExecutorRUNPER-25-4-1-175
16/03/22 03:24:38
16/03/22 03:24:38
/home/pi/reginaldojunior/experimentos/results/socket/4/600/600/GMSC-OzaBagAdwin-25-1-1-877
16/03/22 03:26:47
16/03/22 03:26:47
/home/pi/reginaldojunior/experimentos/results/socket/4/600/600/GMSC-OzaBagAdwinExecutorRUNPER-25-4-1-877
16/03/22 03:28:56
16/03/22 03:28:56
/home/pi/reginaldojunior/experimentos/results/socket/4/600/600/GMSC-OzaBagAdwin-25-1-1-1578
16/03/22 03:31:05
16/03/22 03:31:05
/home/pi/reginaldojunior/experimentos/results/socket/4/600/600/GMSC-OzaBagAdwinExecutorRUNPER-25-4-1-1578
16/03/22 03:33:13
16/03/22 03:33:13
/home/pi/reginaldojunior/experimentos/results/socket/4/600/600/GMSC-OzaBagASHT-25-1-1-191
16/03/22 03:35:22
16/03/22 03:35:22
/home/pi/reginaldojunior/experimentos/results/socket/4/600/600/GMSC-OzaBagASHTExecutorRUNPER-25-4-1-191
16/03/22 03:37:31
16/03/22 03:37:31
/home/pi/reginaldojunior/experimentos/results/socket/4/600/600/GMSC-OzaBagASHT-25-1-1-959
16/03/22 03:39:40
16/03/22 03:39:40
/home/pi/reginaldojunior/experimentos/results/socket/4/600/600/GMSC-OzaBagASHTExecutorRUNPER-25-4-1-959
16/03/22 03:41:49
16/03/22 03:41:49
/home/pi/reginaldojunior/experimentos/results/socket/4/600/600/GMSC-OzaBagASHT-25-1-1-1727
16/03/22 03:43:58
16/03/22 03:43:58
/home/pi/reginaldojunior/experimentos/results/socket/4/600/600/GMSC-OzaBagASHTExecutorRUNPER-25-4-1-1727
16/03/22 03:46:07
16/03/22 03:46:07
/home/pi/reginaldojunior/experimentos/results/socket/4/600/600/GMSC-OzaBag-25-1-1-184
16/03/22 03:48:15
16/03/22 03:48:15
/home/pi/reginaldojunior/experimentos/results/socket/4/600/600/GMSC-OzaBagExecutorRUNPER-25-4-1-184
16/03/22 03:50:24
16/03/22 03:50:24
/home/pi/reginaldojunior/experimentos/results/socket/4/600/600/GMSC-OzaBag-25-1-1-924
16/03/22 03:52:33
16/03/22 03:52:33
/home/pi/reginaldojunior/experimentos/results/socket/4/600/600/GMSC-OzaBagExecutorRUNPER-25-4-1-924
16/03/22 03:54:42
16/03/22 03:54:42
/home/pi/reginaldojunior/experimentos/results/socket/4/600/600/GMSC-OzaBag-25-1-1-1663
16/03/22 03:56:51
16/03/22 03:56:51
/home/pi/reginaldojunior/experimentos/results/socket/4/600/600/GMSC-OzaBagExecutorRUNPER-25-4-1-1663
16/03/22 03:59:00
16/03/22 03:59:00
/home/pi/reginaldojunior/experimentos/results/socket/4/600/600/airlines-AdaptiveRandomForestSequential-25-1-1-15
16/03/22 04:01:07
16/03/22 04:01:07
/home/pi/reginaldojunior/experimentos/results/socket/4/600/600/airlines-AdaptiveRandomForestExecutorRUNPER-25-4-1-15
16/03/22 04:03:14
16/03/22 04:03:14
/home/pi/reginaldojunior/experimentos/results/socket/4/600/600/airlines-AdaptiveRandomForestSequential-25-1-1-78
16/03/22 04:05:21
16/03/22 04:05:21
/home/pi/reginaldojunior/experimentos/results/socket/4/600/600/airlines-AdaptiveRandomForestExecutorRUNPER-25-4-1-78
16/03/22 04:07:28
16/03/22 04:07:28
/home/pi/reginaldojunior/experimentos/results/socket/4/600/600/airlines-AdaptiveRandomForestSequential-25-1-1-140
16/03/22 04:09:34
16/03/22 04:09:34
/home/pi/reginaldojunior/experimentos/results/socket/4/600/600/airlines-AdaptiveRandomForestExecutorRUNPER-25-4-1-140
16/03/22 04:11:40
16/03/22 04:11:40
/home/pi/reginaldojunior/experimentos/results/socket/4/600/600/airlines-LeveragingBag-25-1-1-15
16/03/22 04:13:49
16/03/22 04:13:49
/home/pi/reginaldojunior/experimentos/results/socket/4/600/600/airlines-LBagExecutorRUNPER-25-4-1-15
16/03/22 04:15:58
16/03/22 04:15:58
/home/pi/reginaldojunior/experimentos/results/socket/4/600/600/airlines-LeveragingBag-25-1-1-75
16/03/22 04:18:06
16/03/22 04:18:06
/home/pi/reginaldojunior/experimentos/results/socket/4/600/600/airlines-LBagExecutorRUNPER-25-4-1-75
16/03/22 04:20:15
16/03/22 04:20:15
/home/pi/reginaldojunior/experimentos/results/socket/4/600/600/airlines-LeveragingBag-25-1-1-136
16/03/22 04:22:24
16/03/22 04:22:24
/home/pi/reginaldojunior/experimentos/results/socket/4/600/600/airlines-LBagExecutorRUNPER-25-4-1-136
16/03/22 04:24:33
16/03/22 04:24:33
/home/pi/reginaldojunior/experimentos/results/socket/4/600/600/airlines-StreamingRandomPatches-25-1-1-15
16/03/22 04:26:40
16/03/22 04:26:40
/home/pi/reginaldojunior/experimentos/results/socket/4/600/600/airlines-StreamingRandomPatchesExecutorRUNPER-25-4-1-15
16/03/22 04:28:46
16/03/22 04:28:46
/home/pi/reginaldojunior/experimentos/results/socket/4/600/600/airlines-StreamingRandomPatches-25-1-1-77
16/03/22 04:30:52
16/03/22 04:30:52
/home/pi/reginaldojunior/experimentos/results/socket/4/600/600/airlines-StreamingRandomPatchesExecutorRUNPER-25-4-1-77
16/03/22 04:32:59
16/03/22 04:32:59
/home/pi/reginaldojunior/experimentos/results/socket/4/600/600/airlines-StreamingRandomPatches-25-1-1-139
16/03/22 04:35:05
16/03/22 04:35:05
/home/pi/reginaldojunior/experimentos/results/socket/4/600/600/airlines-StreamingRandomPatchesExecutorRUNPER-25-4-1-139
16/03/22 04:37:11
16/03/22 04:37:11
/home/pi/reginaldojunior/experimentos/results/socket/4/600/600/airlines-OzaBagAdwin-25-1-1-22
16/03/22 04:39:20
16/03/22 04:39:20
/home/pi/reginaldojunior/experimentos/results/socket/4/600/600/airlines-OzaBagAdwinExecutorRUNPER-25-4-1-22
16/03/22 04:41:29
16/03/22 04:41:29
/home/pi/reginaldojunior/experimentos/results/socket/4/600/600/airlines-OzaBagAdwin-25-1-1-114
16/03/22 04:43:38
16/03/22 04:43:38
/home/pi/reginaldojunior/experimentos/results/socket/4/600/600/airlines-OzaBagAdwinExecutorRUNPER-25-4-1-114
16/03/22 04:45:47
16/03/22 04:45:47
/home/pi/reginaldojunior/experimentos/results/socket/4/600/600/airlines-OzaBagAdwin-25-1-1-205
16/03/22 04:47:55
16/03/22 04:47:55
/home/pi/reginaldojunior/experimentos/results/socket/4/600/600/airlines-OzaBagAdwinExecutorRUNPER-25-4-1-205
16/03/22 04:50:04
16/03/22 04:50:04
/home/pi/reginaldojunior/experimentos/results/socket/4/600/600/airlines-OzaBagASHT-25-1-1-55
16/03/22 04:52:13
16/03/22 04:52:13
/home/pi/reginaldojunior/experimentos/results/socket/4/600/600/airlines-OzaBagASHTExecutorRUNPER-25-4-1-55
16/03/22 04:54:22
16/03/22 04:54:22
/home/pi/reginaldojunior/experimentos/results/socket/4/600/600/airlines-OzaBagASHT-25-1-1-277
16/03/22 04:56:31
16/03/22 04:56:31
/home/pi/reginaldojunior/experimentos/results/socket/4/600/600/airlines-OzaBagASHTExecutorRUNPER-25-4-1-277
16/03/22 04:58:40
16/03/22 04:58:40
/home/pi/reginaldojunior/experimentos/results/socket/4/600/600/airlines-OzaBagASHT-25-1-1-499
16/03/22 05:00:49
16/03/22 05:00:49
/home/pi/reginaldojunior/experimentos/results/socket/4/600/600/airlines-OzaBagASHTExecutorRUNPER-25-4-1-499
16/03/22 05:02:58
16/03/22 05:02:58
/home/pi/reginaldojunior/experimentos/results/socket/4/600/600/airlines-OzaBag-25-1-1-80
16/03/22 05:05:06
16/03/22 05:05:06
/home/pi/reginaldojunior/experimentos/results/socket/4/600/600/airlines-OzaBagExecutorRUNPER-25-4-1-80
16/03/22 05:07:15
16/03/22 05:07:15
/home/pi/reginaldojunior/experimentos/results/socket/4/600/600/airlines-OzaBag-25-1-1-402
16/03/22 05:09:23
16/03/22 05:09:23
/home/pi/reginaldojunior/experimentos/results/socket/4/600/600/airlines-OzaBagExecutorRUNPER-25-4-1-402
16/03/22 05:11:33
16/03/22 05:11:33
/home/pi/reginaldojunior/experimentos/results/socket/4/600/600/airlines-OzaBag-25-1-1-724
16/03/22 05:13:41
16/03/22 05:13:41
/home/pi/reginaldojunior/experimentos/results/socket/4/600/600/airlines-OzaBagExecutorRUNPER-25-4-1-724
16/03/22 05:15:50
16/03/22 05:15:50
/home/pi/reginaldojunior/experimentos/results/socket/4/600/600/elecNormNew-AdaptiveRandomForestSequential-25-1-1-43
16/03/22 05:17:56
16/03/22 05:17:56
/home/pi/reginaldojunior/experimentos/results/socket/4/600/600/elecNormNew-AdaptiveRandomForestExecutorRUNPER-25-4-1-43
16/03/22 05:20:02
16/03/22 05:20:02
/home/pi/reginaldojunior/experimentos/results/socket/4/600/600/elecNormNew-AdaptiveRandomForestSequential-25-1-1-219
16/03/22 05:22:08
16/03/22 05:22:08
/home/pi/reginaldojunior/experimentos/results/socket/4/600/600/elecNormNew-AdaptiveRandomForestExecutorRUNPER-25-4-1-219
16/03/22 05:24:15
16/03/22 05:24:15
/home/pi/reginaldojunior/experimentos/results/socket/4/600/600/elecNormNew-AdaptiveRandomForestSequential-25-1-1-395
16/03/22 05:26:21
16/03/22 05:26:21
/home/pi/reginaldojunior/experimentos/results/socket/4/600/600/elecNormNew-AdaptiveRandomForestExecutorRUNPER-25-4-1-395
16/03/22 05:28:27
16/03/22 05:28:27
/home/pi/reginaldojunior/experimentos/results/socket/4/600/600/elecNormNew-LeveragingBag-25-1-1-68
16/03/22 05:30:36
16/03/22 05:30:36
/home/pi/reginaldojunior/experimentos/results/socket/4/600/600/elecNormNew-LBagExecutorRUNPER-25-4-1-68
16/03/22 05:32:45
16/03/22 05:32:45
/home/pi/reginaldojunior/experimentos/results/socket/4/600/600/elecNormNew-LeveragingBag-25-1-1-344
16/03/22 05:34:54
16/03/22 05:34:54
/home/pi/reginaldojunior/experimentos/results/socket/4/600/600/elecNormNew-LBagExecutorRUNPER-25-4-1-344
16/03/22 05:37:02
16/03/22 05:37:02
/home/pi/reginaldojunior/experimentos/results/socket/4/600/600/elecNormNew-LeveragingBag-25-1-1-620
16/03/22 05:39:10
16/03/22 05:39:10
/home/pi/reginaldojunior/experimentos/results/socket/4/600/600/elecNormNew-LBagExecutorRUNPER-25-4-1-620
16/03/22 05:41:19
16/03/22 05:41:19
/home/pi/reginaldojunior/experimentos/results/socket/4/600/600/elecNormNew-StreamingRandomPatches-25-1-1-25
16/03/22 05:43:25
16/03/22 05:43:25
/home/pi/reginaldojunior/experimentos/results/socket/4/600/600/elecNormNew-StreamingRandomPatchesExecutorRUNPER-25-4-1-25
16/03/22 05:45:32
16/03/22 05:45:32
/home/pi/reginaldojunior/experimentos/results/socket/4/600/600/elecNormNew-StreamingRandomPatches-25-1-1-127
16/03/22 05:47:39
16/03/22 05:47:39
/home/pi/reginaldojunior/experimentos/results/socket/4/600/600/elecNormNew-StreamingRandomPatchesExecutorRUNPER-25-4-1-127
16/03/22 05:49:45
16/03/22 05:49:45
/home/pi/reginaldojunior/experimentos/results/socket/4/600/600/elecNormNew-StreamingRandomPatches-25-1-1-229
16/03/22 05:51:51
16/03/22 05:51:51
/home/pi/reginaldojunior/experimentos/results/socket/4/600/600/elecNormNew-StreamingRandomPatchesExecutorRUNPER-25-4-1-229
16/03/22 05:53:57
16/03/22 05:53:57
/home/pi/reginaldojunior/experimentos/results/socket/4/600/600/elecNormNew-OzaBagAdwin-25-1-1-115
16/03/22 05:56:06
16/03/22 05:56:06
/home/pi/reginaldojunior/experimentos/results/socket/4/600/600/elecNormNew-OzaBagAdwinExecutorRUNPER-25-4-1-115
16/03/22 05:58:15
16/03/22 05:58:15
/home/pi/reginaldojunior/experimentos/results/socket/4/600/600/elecNormNew-OzaBagAdwin-25-1-1-577
16/03/22 05:59:43
16/03/22 05:59:43
/home/pi/reginaldojunior/experimentos/results/socket/4/600/600/elecNormNew-OzaBagAdwinExecutorRUNPER-25-4-1-577
16/03/22 06:01:12
16/03/22 06:01:12
/home/pi/reginaldojunior/experimentos/results/socket/4/600/600/elecNormNew-OzaBagAdwin-25-1-1-1039
16/03/22 06:02:26
16/03/22 06:02:27
/home/pi/reginaldojunior/experimentos/results/socket/4/600/600/elecNormNew-OzaBagAdwinExecutorRUNPER-25-4-1-1039
16/03/22 06:03:46
16/03/22 06:03:46
/home/pi/reginaldojunior/experimentos/results/socket/4/600/600/elecNormNew-OzaBagASHT-25-1-1-134
16/03/22 06:05:55
16/03/22 06:05:55
/home/pi/reginaldojunior/experimentos/results/socket/4/600/600/elecNormNew-OzaBagASHTExecutorRUNPER-25-4-1-134
16/03/22 06:08:04
16/03/22 06:08:04
/home/pi/reginaldojunior/experimentos/results/socket/4/600/600/elecNormNew-OzaBagASHT-25-1-1-673
16/03/22 06:09:21
16/03/22 06:09:21
/home/pi/reginaldojunior/experimentos/results/socket/4/600/600/elecNormNew-OzaBagASHTExecutorRUNPER-25-4-1-673
16/03/22 06:10:38
16/03/22 06:10:38
/home/pi/reginaldojunior/experimentos/results/socket/4/600/600/elecNormNew-OzaBagASHT-25-1-1-1211
16/03/22 06:11:41
16/03/22 06:11:41
/home/pi/reginaldojunior/experimentos/results/socket/4/600/600/elecNormNew-OzaBagASHTExecutorRUNPER-25-4-1-1211
16/03/22 06:12:51
16/03/22 06:12:51
/home/pi/reginaldojunior/experimentos/results/socket/4/600/600/elecNormNew-OzaBag-25-1-1-138
16/03/22 06:14:59
16/03/22 06:15:00
/home/pi/reginaldojunior/experimentos/results/socket/4/600/600/elecNormNew-OzaBagExecutorRUNPER-25-4-1-138
16/03/22 06:17:08
16/03/22 06:17:08
/home/pi/reginaldojunior/experimentos/results/socket/4/600/600/elecNormNew-OzaBag-25-1-1-694
16/03/22 06:18:23
16/03/22 06:18:23
/home/pi/reginaldojunior/experimentos/results/socket/4/600/600/elecNormNew-OzaBagExecutorRUNPER-25-4-1-694
16/03/22 06:19:37
16/03/22 06:19:37
/home/pi/reginaldojunior/experimentos/results/socket/4/600/600/elecNormNew-OzaBag-25-1-1-1250
16/03/22 06:20:37
16/03/22 06:20:37
/home/pi/reginaldojunior/experimentos/results/socket/4/600/600/elecNormNew-OzaBagExecutorRUNPER-25-4-1-1250
16/03/22 06:21:46
16/03/22 06:21:46
/home/pi/reginaldojunior/experimentos/results/socket/4/600/600/covtypeNorm-AdaptiveRandomForestSequential-25-1-1-40
16/03/22 06:23:52
16/03/22 06:23:52
/home/pi/reginaldojunior/experimentos/results/socket/4/600/600/covtypeNorm-AdaptiveRandomForestExecutorRUNPER-25-4-1-40
16/03/22 06:25:58
16/03/22 06:25:58
/home/pi/reginaldojunior/experimentos/results/socket/4/600/600/covtypeNorm-AdaptiveRandomForestSequential-25-1-1-200
16/03/22 06:28:04
16/03/22 06:28:04
/home/pi/reginaldojunior/experimentos/results/socket/4/600/600/covtypeNorm-AdaptiveRandomForestExecutorRUNPER-25-4-1-200
16/03/22 06:30:10
16/03/22 06:30:10
/home/pi/reginaldojunior/experimentos/results/socket/4/600/600/covtypeNorm-AdaptiveRandomForestSequential-25-1-1-361
16/03/22 06:32:16
16/03/22 06:32:16
/home/pi/reginaldojunior/experimentos/results/socket/4/600/600/covtypeNorm-AdaptiveRandomForestExecutorRUNPER-25-4-1-361
16/03/22 06:34:23
16/03/22 06:34:23
/home/pi/reginaldojunior/experimentos/results/socket/4/600/600/covtypeNorm-LeveragingBag-25-1-1-29
16/03/22 06:36:31
16/03/22 06:36:31
/home/pi/reginaldojunior/experimentos/results/socket/4/600/600/covtypeNorm-LBagExecutorRUNPER-25-4-1-29
16/03/22 06:38:40
16/03/22 06:38:40
/home/pi/reginaldojunior/experimentos/results/socket/4/600/600/covtypeNorm-LeveragingBag-25-1-1-146
16/03/22 06:40:49
16/03/22 06:40:49
/home/pi/reginaldojunior/experimentos/results/socket/4/600/600/covtypeNorm-LBagExecutorRUNPER-25-4-1-146
16/03/22 06:42:58
16/03/22 06:42:58
/home/pi/reginaldojunior/experimentos/results/socket/4/600/600/covtypeNorm-LeveragingBag-25-1-1-264
16/03/22 06:45:07
16/03/22 06:45:07
/home/pi/reginaldojunior/experimentos/results/socket/4/600/600/covtypeNorm-LBagExecutorRUNPER-25-4-1-264
16/03/22 06:47:16
16/03/22 06:47:16
/home/pi/reginaldojunior/experimentos/results/socket/4/600/600/covtypeNorm-StreamingRandomPatches-25-1-1-12
16/03/22 06:49:23
16/03/22 06:49:23
/home/pi/reginaldojunior/experimentos/results/socket/4/600/600/covtypeNorm-StreamingRandomPatchesExecutorRUNPER-25-4-1-12
16/03/22 06:51:30
16/03/22 06:51:30
/home/pi/reginaldojunior/experimentos/results/socket/4/600/600/covtypeNorm-StreamingRandomPatches-25-1-1-60
16/03/22 06:53:36
16/03/22 06:53:36
/home/pi/reginaldojunior/experimentos/results/socket/4/600/600/covtypeNorm-StreamingRandomPatchesExecutorRUNPER-25-4-1-60
16/03/22 06:55:43
16/03/22 06:55:43
/home/pi/reginaldojunior/experimentos/results/socket/4/600/600/covtypeNorm-StreamingRandomPatches-25-1-1-108
16/03/22 06:57:49
16/03/22 06:57:49
/home/pi/reginaldojunior/experimentos/results/socket/4/600/600/covtypeNorm-StreamingRandomPatchesExecutorRUNPER-25-4-1-108
16/03/22 06:59:55
16/03/22 06:59:55
/home/pi/reginaldojunior/experimentos/results/socket/4/600/600/covtypeNorm-OzaBagAdwin-25-1-1-42
16/03/22 07:02:04
16/03/22 07:02:04
/home/pi/reginaldojunior/experimentos/results/socket/4/600/600/covtypeNorm-OzaBagAdwinExecutorRUNPER-25-4-1-42
16/03/22 07:04:13
16/03/22 07:04:13
/home/pi/reginaldojunior/experimentos/results/socket/4/600/600/covtypeNorm-OzaBagAdwin-25-1-1-210
16/03/22 07:06:22
16/03/22 07:06:22
/home/pi/reginaldojunior/experimentos/results/socket/4/600/600/covtypeNorm-OzaBagAdwinExecutorRUNPER-25-4-1-210
16/03/22 07:08:31
16/03/22 07:08:31
/home/pi/reginaldojunior/experimentos/results/socket/4/600/600/covtypeNorm-OzaBagAdwin-25-1-1-379
16/03/22 07:10:39
16/03/22 07:10:40
/home/pi/reginaldojunior/experimentos/results/socket/4/600/600/covtypeNorm-OzaBagAdwinExecutorRUNPER-25-4-1-379
16/03/22 07:12:49
16/03/22 07:12:49
/home/pi/reginaldojunior/experimentos/results/socket/4/600/600/covtypeNorm-OzaBagASHT-25-1-1-43
16/03/22 07:14:57
16/03/22 07:14:57
/home/pi/reginaldojunior/experimentos/results/socket/4/600/600/covtypeNorm-OzaBagASHTExecutorRUNPER-25-4-1-43
16/03/22 07:17:06
16/03/22 07:17:06
/home/pi/reginaldojunior/experimentos/results/socket/4/600/600/covtypeNorm-OzaBagASHT-25-1-1-215
16/03/22 07:19:15
16/03/22 07:19:15
/home/pi/reginaldojunior/experimentos/results/socket/4/600/600/covtypeNorm-OzaBagASHTExecutorRUNPER-25-4-1-215
16/03/22 07:21:24
16/03/22 07:21:24
/home/pi/reginaldojunior/experimentos/results/socket/4/600/600/covtypeNorm-OzaBagASHT-25-1-1-388
16/03/22 07:23:33
16/03/22 07:23:33
/home/pi/reginaldojunior/experimentos/results/socket/4/600/600/covtypeNorm-OzaBagASHTExecutorRUNPER-25-4-1-388
16/03/22 07:25:42
16/03/22 07:25:42
/home/pi/reginaldojunior/experimentos/results/socket/4/600/600/covtypeNorm-OzaBag-25-1-1-43
16/03/22 07:27:51
16/03/22 07:27:51
/home/pi/reginaldojunior/experimentos/results/socket/4/600/600/covtypeNorm-OzaBagExecutorRUNPER-25-4-1-43
16/03/22 07:30:00
16/03/22 07:30:00
/home/pi/reginaldojunior/experimentos/results/socket/4/600/600/covtypeNorm-OzaBag-25-1-1-217
16/03/22 07:32:09
16/03/22 07:32:09
/home/pi/reginaldojunior/experimentos/results/socket/4/600/600/covtypeNorm-OzaBagExecutorRUNPER-25-4-1-217
16/03/22 07:34:18
16/03/22 07:34:18
/home/pi/reginaldojunior/experimentos/results/socket/4/600/600/covtypeNorm-OzaBag-25-1-1-390
16/03/22 07:36:27
16/03/22 07:36:27
/home/pi/reginaldojunior/experimentos/results/socket/4/600/600/covtypeNorm-OzaBagExecutorRUNPER-25-4-1-390
16/03/22 07:38:35
16/03/22 07:38:35
/home/pi/reginaldojunior/experimentos/results/socket/4/600/600/GMSC-AdaptiveRandomForestSequential-25-1-1-70
16/03/22 07:40:41
16/03/22 07:40:41
/home/pi/reginaldojunior/experimentos/results/socket/4/600/600/GMSC-AdaptiveRandomForestExecutorRUNPER-25-4-1-70
16/03/22 07:42:47
16/03/22 07:42:47
/home/pi/reginaldojunior/experimentos/results/socket/4/600/600/GMSC-AdaptiveRandomForestSequential-25-1-1-350
16/03/22 07:44:53
16/03/22 07:44:53
/home/pi/reginaldojunior/experimentos/results/socket/4/600/600/GMSC-AdaptiveRandomForestExecutorRUNPER-25-4-1-350
16/03/22 07:46:59
16/03/22 07:46:59
/home/pi/reginaldojunior/experimentos/results/socket/4/600/600/GMSC-AdaptiveRandomForestSequential-25-1-1-630
16/03/22 07:49:06
16/03/22 07:49:07
/home/pi/reginaldojunior/experimentos/results/socket/4/600/600/GMSC-AdaptiveRandomForestExecutorRUNPER-25-4-1-630
16/03/22 07:51:13
16/03/22 07:51:13
/home/pi/reginaldojunior/experimentos/results/socket/4/600/600/GMSC-LeveragingBag-25-1-1-90
16/03/22 07:53:22
16/03/22 07:53:22
/home/pi/reginaldojunior/experimentos/results/socket/4/600/600/GMSC-LBagExecutorRUNPER-25-4-1-90
16/03/22 07:55:30
16/03/22 07:55:30
/home/pi/reginaldojunior/experimentos/results/socket/4/600/600/GMSC-LeveragingBag-25-1-1-452
16/03/22 07:57:39
16/03/22 07:57:39
/home/pi/reginaldojunior/experimentos/results/socket/4/600/600/GMSC-LBagExecutorRUNPER-25-4-1-452
16/03/22 07:59:47
16/03/22 07:59:47
/home/pi/reginaldojunior/experimentos/results/socket/4/600/600/GMSC-LeveragingBag-25-1-1-814
16/03/22 08:01:55
16/03/22 08:01:55
/home/pi/reginaldojunior/experimentos/results/socket/4/600/600/GMSC-LBagExecutorRUNPER-25-4-1-814
16/03/22 08:04:04
16/03/22 08:04:04
/home/pi/reginaldojunior/experimentos/results/socket/4/600/600/GMSC-StreamingRandomPatches-25-1-1-33
16/03/22 08:06:10
16/03/22 08:06:10
/home/pi/reginaldojunior/experimentos/results/socket/4/600/600/GMSC-StreamingRandomPatchesExecutorRUNPER-25-4-1-33
16/03/22 08:08:17
16/03/22 08:08:17
/home/pi/reginaldojunior/experimentos/results/socket/4/600/600/GMSC-StreamingRandomPatches-25-1-1-167
16/03/22 08:10:23
16/03/22 08:10:23
/home/pi/reginaldojunior/experimentos/results/socket/4/600/600/GMSC-StreamingRandomPatchesExecutorRUNPER-25-4-1-167
16/03/22 08:12:29
16/03/22 08:12:29
/home/pi/reginaldojunior/experimentos/results/socket/4/600/600/GMSC-StreamingRandomPatches-25-1-1-301
16/03/22 08:14:35
16/03/22 08:14:35
/home/pi/reginaldojunior/experimentos/results/socket/4/600/600/GMSC-StreamingRandomPatchesExecutorRUNPER-25-4-1-301
16/03/22 08:16:42
16/03/22 08:16:42
/home/pi/reginaldojunior/experimentos/results/socket/4/600/600/GMSC-OzaBagAdwin-25-1-1-175
16/03/22 08:18:51
16/03/22 08:18:51
/home/pi/reginaldojunior/experimentos/results/socket/4/600/600/GMSC-OzaBagAdwinExecutorRUNPER-25-4-1-175
16/03/22 08:21:00
16/03/22 08:21:00
/home/pi/reginaldojunior/experimentos/results/socket/4/600/600/GMSC-OzaBagAdwin-25-1-1-877
16/03/22 08:23:09
16/03/22 08:23:09
/home/pi/reginaldojunior/experimentos/results/socket/4/600/600/GMSC-OzaBagAdwinExecutorRUNPER-25-4-1-877
16/03/22 08:25:18
16/03/22 08:25:18
/home/pi/reginaldojunior/experimentos/results/socket/4/600/600/GMSC-OzaBagAdwin-25-1-1-1578
16/03/22 08:27:27
16/03/22 08:27:27
/home/pi/reginaldojunior/experimentos/results/socket/4/600/600/GMSC-OzaBagAdwinExecutorRUNPER-25-4-1-1578
16/03/22 08:29:35
16/03/22 08:29:35
/home/pi/reginaldojunior/experimentos/results/socket/4/600/600/GMSC-OzaBagASHT-25-1-1-191
16/03/22 08:31:44
16/03/22 08:31:44
/home/pi/reginaldojunior/experimentos/results/socket/4/600/600/GMSC-OzaBagASHTExecutorRUNPER-25-4-1-191
16/03/22 08:33:53
16/03/22 08:33:53
/home/pi/reginaldojunior/experimentos/results/socket/4/600/600/GMSC-OzaBagASHT-25-1-1-959
16/03/22 08:36:02
16/03/22 08:36:02
/home/pi/reginaldojunior/experimentos/results/socket/4/600/600/GMSC-OzaBagASHTExecutorRUNPER-25-4-1-959
16/03/22 08:38:10
16/03/22 08:38:10
/home/pi/reginaldojunior/experimentos/results/socket/4/600/600/GMSC-OzaBagASHT-25-1-1-1727
16/03/22 08:40:18
16/03/22 08:40:18
/home/pi/reginaldojunior/experimentos/results/socket/4/600/600/GMSC-OzaBagASHTExecutorRUNPER-25-4-1-1727
16/03/22 08:42:27
16/03/22 08:42:27
/home/pi/reginaldojunior/experimentos/results/socket/4/600/600/GMSC-OzaBag-25-1-1-184
16/03/22 08:44:36
16/03/22 08:44:36
/home/pi/reginaldojunior/experimentos/results/socket/4/600/600/GMSC-OzaBagExecutorRUNPER-25-4-1-184
16/03/22 08:46:45
16/03/22 08:46:45
/home/pi/reginaldojunior/experimentos/results/socket/4/600/600/GMSC-OzaBag-25-1-1-924
16/03/22 08:48:54
16/03/22 08:48:54
/home/pi/reginaldojunior/experimentos/results/socket/4/600/600/GMSC-OzaBagExecutorRUNPER-25-4-1-924
16/03/22 08:51:03
16/03/22 08:51:03
/home/pi/reginaldojunior/experimentos/results/socket/4/600/600/GMSC-OzaBag-25-1-1-1663
16/03/22 08:53:12
16/03/22 08:53:12
/home/pi/reginaldojunior/experimentos/results/socket/4/600/600/GMSC-OzaBagExecutorRUNPER-25-4-1-1663
16/03/22 08:55:21
16/03/22 08:55:21
/home/pi/reginaldojunior/experimentos/results/socket/4/600/600/airlines-AdaptiveRandomForestSequential-25-1-1-15
16/03/22 08:57:28
16/03/22 08:57:28
/home/pi/reginaldojunior/experimentos/results/socket/4/600/600/airlines-AdaptiveRandomForestExecutorRUNPER-25-4-1-15
16/03/22 08:59:35
16/03/22 08:59:35
/home/pi/reginaldojunior/experimentos/results/socket/4/600/600/airlines-AdaptiveRandomForestSequential-25-1-1-78
16/03/22 09:01:41
16/03/22 09:01:41
/home/pi/reginaldojunior/experimentos/results/socket/4/600/600/airlines-AdaptiveRandomForestExecutorRUNPER-25-4-1-78
16/03/22 09:03:48
16/03/22 09:03:48
/home/pi/reginaldojunior/experimentos/results/socket/4/600/600/airlines-AdaptiveRandomForestSequential-25-1-1-140
16/03/22 09:05:54
16/03/22 09:05:54
/home/pi/reginaldojunior/experimentos/results/socket/4/600/600/airlines-AdaptiveRandomForestExecutorRUNPER-25-4-1-140
16/03/22 09:08:01
16/03/22 09:08:01
/home/pi/reginaldojunior/experimentos/results/socket/4/600/600/airlines-LeveragingBag-25-1-1-15
16/03/22 09:10:09
16/03/22 09:10:10
/home/pi/reginaldojunior/experimentos/results/socket/4/600/600/airlines-LBagExecutorRUNPER-25-4-1-15
16/03/22 09:12:19
16/03/22 09:12:19
/home/pi/reginaldojunior/experimentos/results/socket/4/600/600/airlines-LeveragingBag-25-1-1-75
16/03/22 09:14:28
16/03/22 09:14:28
/home/pi/reginaldojunior/experimentos/results/socket/4/600/600/airlines-LBagExecutorRUNPER-25-4-1-75
16/03/22 09:16:37
16/03/22 09:16:37
/home/pi/reginaldojunior/experimentos/results/socket/4/600/600/airlines-LeveragingBag-25-1-1-136
16/03/22 09:18:46
16/03/22 09:18:46
/home/pi/reginaldojunior/experimentos/results/socket/4/600/600/airlines-LBagExecutorRUNPER-25-4-1-136
16/03/22 09:20:56
16/03/22 09:20:56
/home/pi/reginaldojunior/experimentos/results/socket/4/600/600/airlines-StreamingRandomPatches-25-1-1-15
16/03/22 09:23:02
16/03/22 09:23:02
/home/pi/reginaldojunior/experimentos/results/socket/4/600/600/airlines-StreamingRandomPatchesExecutorRUNPER-25-4-1-15
16/03/22 09:25:08
16/03/22 09:25:08
/home/pi/reginaldojunior/experimentos/results/socket/4/600/600/airlines-StreamingRandomPatches-25-1-1-77
16/03/22 09:27:14
16/03/22 09:27:14
/home/pi/reginaldojunior/experimentos/results/socket/4/600/600/airlines-StreamingRandomPatchesExecutorRUNPER-25-4-1-77
16/03/22 09:29:21
16/03/22 09:29:21
/home/pi/reginaldojunior/experimentos/results/socket/4/600/600/airlines-StreamingRandomPatches-25-1-1-139
16/03/22 09:31:27
16/03/22 09:31:27
/home/pi/reginaldojunior/experimentos/results/socket/4/600/600/airlines-StreamingRandomPatchesExecutorRUNPER-25-4-1-139
16/03/22 09:33:33
16/03/22 09:33:33
/home/pi/reginaldojunior/experimentos/results/socket/4/600/600/airlines-OzaBagAdwin-25-1-1-22
16/03/22 09:35:42
16/03/22 09:35:42
/home/pi/reginaldojunior/experimentos/results/socket/4/600/600/airlines-OzaBagAdwinExecutorRUNPER-25-4-1-22
16/03/22 09:37:51
16/03/22 09:37:51
/home/pi/reginaldojunior/experimentos/results/socket/4/600/600/airlines-OzaBagAdwin-25-1-1-114
16/03/22 09:40:00
16/03/22 09:40:00
/home/pi/reginaldojunior/experimentos/results/socket/4/600/600/airlines-OzaBagAdwinExecutorRUNPER-25-4-1-114
16/03/22 09:42:08
16/03/22 09:42:08
/home/pi/reginaldojunior/experimentos/results/socket/4/600/600/airlines-OzaBagAdwin-25-1-1-205
16/03/22 09:44:17
16/03/22 09:44:17
/home/pi/reginaldojunior/experimentos/results/socket/4/600/600/airlines-OzaBagAdwinExecutorRUNPER-25-4-1-205
16/03/22 09:46:26
16/03/22 09:46:26
/home/pi/reginaldojunior/experimentos/results/socket/4/600/600/airlines-OzaBagASHT-25-1-1-55
16/03/22 09:48:35
16/03/22 09:48:35
/home/pi/reginaldojunior/experimentos/results/socket/4/600/600/airlines-OzaBagASHTExecutorRUNPER-25-4-1-55
16/03/22 09:50:44
16/03/22 09:50:44
/home/pi/reginaldojunior/experimentos/results/socket/4/600/600/airlines-OzaBagASHT-25-1-1-277
16/03/22 09:52:53
16/03/22 09:52:53
/home/pi/reginaldojunior/experimentos/results/socket/4/600/600/airlines-OzaBagASHTExecutorRUNPER-25-4-1-277
16/03/22 09:55:02
16/03/22 09:55:02
/home/pi/reginaldojunior/experimentos/results/socket/4/600/600/airlines-OzaBagASHT-25-1-1-499
16/03/22 09:57:11
16/03/22 09:57:11
/home/pi/reginaldojunior/experimentos/results/socket/4/600/600/airlines-OzaBagASHTExecutorRUNPER-25-4-1-499
16/03/22 09:59:21
16/03/22 09:59:21
/home/pi/reginaldojunior/experimentos/results/socket/4/600/600/airlines-OzaBag-25-1-1-80
16/03/22 10:01:29
16/03/22 10:01:29
/home/pi/reginaldojunior/experimentos/results/socket/4/600/600/airlines-OzaBagExecutorRUNPER-25-4-1-80
16/03/22 10:03:39
16/03/22 10:03:39
/home/pi/reginaldojunior/experimentos/results/socket/4/600/600/airlines-OzaBag-25-1-1-402
16/03/22 10:05:47
16/03/22 10:05:47
/home/pi/reginaldojunior/experimentos/results/socket/4/600/600/airlines-OzaBagExecutorRUNPER-25-4-1-402
16/03/22 10:07:57
16/03/22 10:07:57
/home/pi/reginaldojunior/experimentos/results/socket/4/600/600/airlines-OzaBag-25-1-1-724
16/03/22 10:10:05
16/03/22 10:10:05
/home/pi/reginaldojunior/experimentos/results/socket/4/600/600/airlines-OzaBagExecutorRUNPER-25-4-1-724
16/03/22 10:12:14
16/03/22 10:12:14
