06/11/23 20:24:18
/home/pi/reginaldojunior/experimentos/dynamic-batch/5//covtypeNorm-AdaptiveRandomForestExecutorMAXChunk
06/11/23 20:26:31
06/11/23 20:26:31
/home/pi/reginaldojunior/experimentos/dynamic-batch/5//covtypeNorm-LBagExecutorMAXChunk
06/11/23 20:28:44
06/11/23 20:28:44
/home/pi/reginaldojunior/experimentos/dynamic-batch/5//covtypeNorm-StreamingRandomPatchesExecutorMAXChunk
06/11/23 20:30:58
06/11/23 20:30:58
/home/pi/reginaldojunior/experimentos/dynamic-batch/5//covtypeNorm-OzaBagAdwinExecutorMAXChunk
06/11/23 20:33:12
06/11/23 20:33:12
/home/pi/reginaldojunior/experimentos/dynamic-batch/5//covtypeNorm-OzaBagASHTExecutorMAXChunk
06/11/23 20:35:26
06/11/23 20:35:26
/home/pi/reginaldojunior/experimentos/dynamic-batch/5//covtypeNorm-OzaBagExecutorMAXChunk
06/11/23 20:37:39
06/11/23 20:37:39
/home/pi/reginaldojunior/experimentos/dynamic-batch/5//airlines-AdaptiveRandomForestExecutorMAXChunk
06/11/23 20:39:55
06/11/23 20:39:55
/home/pi/reginaldojunior/experimentos/dynamic-batch/5//airlines-StreamingRandomPatchesExecutorMAXChunk
06/11/23 20:57:22
06/11/23 20:57:22
/home/pi/reginaldojunior/experimentos/dynamic-batch/5//airlines-OzaBagAdwinExecutorMAXChunk
06/11/23 20:59:35
06/11/23 20:59:35
/home/pi/reginaldojunior/experimentos/dynamic-batch/5//airlines-OzaBagASHTExecutorMAXChunk
06/11/23 21:01:49
06/11/23 21:01:49
/home/pi/reginaldojunior/experimentos/dynamic-batch/5//airlines-OzaBagExecutorMAXChunk
06/11/23 21:04:02
06/11/23 21:04:02
/home/pi/reginaldojunior/experimentos/dynamic-batch/5//elecNormNew-AdaptiveRandomForestExecutorMAXChunk
06/11/23 21:06:14
06/11/23 21:06:14
/home/pi/reginaldojunior/experimentos/dynamic-batch/5//elecNormNew-LBagExecutorMAXChunk
06/11/23 21:08:27
06/11/23 21:08:27
/home/pi/reginaldojunior/experimentos/dynamic-batch/5//elecNormNew-StreamingRandomPatchesExecutorMAXChunk
06/11/23 21:10:39
06/11/23 21:10:39
/home/pi/reginaldojunior/experimentos/dynamic-batch/5//elecNormNew-OzaBagAdwinExecutorMAXChunk
06/11/23 21:12:53
06/11/23 21:12:53
/home/pi/reginaldojunior/experimentos/dynamic-batch/5//elecNormNew-OzaBagASHTExecutorMAXChunk
06/11/23 21:15:07
06/11/23 21:15:07
/home/pi/reginaldojunior/experimentos/dynamic-batch/5//elecNormNew-OzaBagExecutorMAXChunk
06/11/23 21:17:20
06/11/23 21:17:21
/home/pi/reginaldojunior/experimentos/dynamic-batch/5//GMSC-AdaptiveRandomForestExecutorMAXChunk
06/11/23 21:19:33
06/11/23 21:19:33
/home/pi/reginaldojunior/experimentos/dynamic-batch/5//GMSC-LBagExecutorMAXChunk
06/11/23 21:21:46
06/11/23 21:21:46
/home/pi/reginaldojunior/experimentos/dynamic-batch/5//GMSC-StreamingRandomPatchesExecutorMAXChunk
06/11/23 21:23:58
06/11/23 21:23:58
/home/pi/reginaldojunior/experimentos/dynamic-batch/5//GMSC-OzaBagAdwinExecutorMAXChunk
06/11/23 21:26:12
06/11/23 21:26:12
/home/pi/reginaldojunior/experimentos/dynamic-batch/5//GMSC-OzaBagASHTExecutorMAXChunk
06/11/23 21:28:26
06/11/23 21:28:26
/home/pi/reginaldojunior/experimentos/dynamic-batch/5//GMSC-OzaBagExecutorMAXChunk
06/11/23 21:30:40
06/11/23 21:30:40
06/11/23 21:31:45
/home/pi/reginaldojunior/experimentos/dynamic-batch/5//airlines-LBagExecutorMAXChunk
06/11/23 21:33:59
