15/01/22 19:12:26
/home/pi/reginaldojunior/experimentos/results/socket/1200/1200/GMSC-AdaptiveRandomForestExecutorMAXChunk-25-4-50-29
15/01/22 19:14:31
15/01/22 19:14:31
/home/pi/reginaldojunior/experimentos/results/socket/1200/1200/GMSC-AdaptiveRandomForestExecutorMAXChunk-25-4-50-148
15/01/22 19:16:35
15/01/22 19:16:35
/home/pi/reginaldojunior/experimentos/results/socket/1200/1200/GMSC-AdaptiveRandomForestExecutorMAXChunk-25-4-50-267
15/01/22 19:18:41
15/01/22 19:18:41
/home/pi/reginaldojunior/experimentos/results/socket/1200/1200/GMSC-LBagExecutorMAXChunk-25-4-50-33
15/01/22 19:20:48
15/01/22 19:20:48
/home/pi/reginaldojunior/experimentos/results/socket/1200/1200/GMSC-LBagExecutorMAXChunk-25-4-50-166
15/01/22 19:22:54
15/01/22 19:22:54
/home/pi/reginaldojunior/experimentos/results/socket/1200/1200/GMSC-LBagExecutorMAXChunk-25-4-50-299
15/01/22 19:25:01
15/01/22 19:25:01
/home/pi/reginaldojunior/experimentos/results/socket/1200/1200/GMSC-StreamingRandomPatchesExecutorMAXChunk-25-4-50-18
15/01/22 19:27:06
15/01/22 19:27:06
/home/pi/reginaldojunior/experimentos/results/socket/1200/1200/GMSC-StreamingRandomPatchesExecutorMAXChunk-25-4-50-91
15/01/22 19:29:10
15/01/22 19:29:10
/home/pi/reginaldojunior/experimentos/results/socket/1200/1200/GMSC-StreamingRandomPatchesExecutorMAXChunk-25-4-50-164
15/01/22 19:31:15
15/01/22 19:31:15
/home/pi/reginaldojunior/experimentos/results/socket/1200/1200/GMSC-OzaBagAdwinExecutorMAXChunk-25-4-50-91
15/01/22 19:33:22
15/01/22 19:33:22
/home/pi/reginaldojunior/experimentos/results/socket/1200/1200/GMSC-OzaBagAdwinExecutorMAXChunk-25-4-50-457
15/01/22 19:35:28
15/01/22 19:35:28
/home/pi/reginaldojunior/experimentos/results/socket/1200/1200/GMSC-OzaBagAdwinExecutorMAXChunk-25-4-50-824
15/01/22 19:37:35
15/01/22 19:37:35
/home/pi/reginaldojunior/experimentos/results/socket/1200/1200/GMSC-OzaBagASHTExecutorMAXChunk-25-4-50-172
15/01/22 19:39:42
15/01/22 19:39:42
/home/pi/reginaldojunior/experimentos/results/socket/1200/1200/GMSC-OzaBagASHTExecutorMAXChunk-25-4-50-862
15/01/22 19:41:47
15/01/22 19:41:47
/home/pi/reginaldojunior/experimentos/results/socket/1200/1200/GMSC-OzaBagASHTExecutorMAXChunk-25-4-50-1552
15/01/22 19:43:31
15/01/22 19:43:31
/home/pi/reginaldojunior/experimentos/results/socket/1200/1200/GMSC-OzaBagExecutorMAXChunk-25-4-50-113
15/01/22 19:45:38
15/01/22 19:45:38
/home/pi/reginaldojunior/experimentos/results/socket/1200/1200/GMSC-OzaBagExecutorMAXChunk-25-4-50-566
15/01/22 19:47:44
15/01/22 19:47:44
/home/pi/reginaldojunior/experimentos/results/socket/1200/1200/GMSC-OzaBagExecutorMAXChunk-25-4-50-1019
15/01/22 19:49:51
15/01/22 19:49:51
/home/pi/reginaldojunior/experimentos/results/socket/1200/1200/elecNormNew-AdaptiveRandomForestExecutorMAXChunk-25-4-50-21
15/01/22 19:51:56
15/01/22 19:51:56
/home/pi/reginaldojunior/experimentos/results/socket/1200/1200/elecNormNew-AdaptiveRandomForestExecutorMAXChunk-25-4-50-107
15/01/22 19:54:02
15/01/22 19:54:02
/home/pi/reginaldojunior/experimentos/results/socket/1200/1200/elecNormNew-AdaptiveRandomForestExecutorMAXChunk-25-4-50-192
15/01/22 19:56:07
15/01/22 19:56:07
/home/pi/reginaldojunior/experimentos/results/socket/1200/1200/elecNormNew-LBagExecutorMAXChunk-25-4-50-33
15/01/22 19:58:13
15/01/22 19:58:13
15/01/22 21:46:15
/home/pi/reginaldojunior/experimentos/results/socket/1200/1200/GMSC-AdaptiveRandomForestExecutorMAXChunk-25-4-50-29
15/01/22 21:48:19
15/01/22 21:48:19
/home/pi/reginaldojunior/experimentos/results/socket/1200/1200/GMSC-AdaptiveRandomForestExecutorMAXChunk-25-4-50-148
15/01/22 21:50:24
15/01/22 21:50:24
/home/pi/reginaldojunior/experimentos/results/socket/1200/1200/GMSC-AdaptiveRandomForestExecutorMAXChunk-25-4-50-267
15/01/22 21:52:29
15/01/22 21:52:29
/home/pi/reginaldojunior/experimentos/results/socket/1200/1200/GMSC-LBagExecutorMAXChunk-25-4-50-33
15/01/22 21:54:35
15/01/22 21:54:35
/home/pi/reginaldojunior/experimentos/results/socket/1200/1200/GMSC-LBagExecutorMAXChunk-25-4-50-166
15/01/22 21:56:42
15/01/22 21:56:42
/home/pi/reginaldojunior/experimentos/results/socket/1200/1200/GMSC-LBagExecutorMAXChunk-25-4-50-299
15/01/22 21:58:49
15/01/22 21:58:49
/home/pi/reginaldojunior/experimentos/results/socket/1200/1200/GMSC-StreamingRandomPatchesExecutorMAXChunk-25-4-50-18
15/01/22 22:00:53
15/01/22 22:00:53
/home/pi/reginaldojunior/experimentos/results/socket/1200/1200/GMSC-StreamingRandomPatchesExecutorMAXChunk-25-4-50-91
15/01/22 22:02:58
15/01/22 22:02:58
/home/pi/reginaldojunior/experimentos/results/socket/1200/1200/GMSC-StreamingRandomPatchesExecutorMAXChunk-25-4-50-164
15/01/22 22:05:03
15/01/22 22:05:03
/home/pi/reginaldojunior/experimentos/results/socket/1200/1200/GMSC-OzaBagAdwinExecutorMAXChunk-25-4-50-91
15/01/22 22:07:10
15/01/22 22:07:10
/home/pi/reginaldojunior/experimentos/results/socket/1200/1200/GMSC-OzaBagAdwinExecutorMAXChunk-25-4-50-457
15/01/22 22:09:16
15/01/22 22:09:16
/home/pi/reginaldojunior/experimentos/results/socket/1200/1200/GMSC-OzaBagAdwinExecutorMAXChunk-25-4-50-824
15/01/22 22:11:23
15/01/22 22:11:23
/home/pi/reginaldojunior/experimentos/results/socket/1200/1200/GMSC-OzaBagASHTExecutorMAXChunk-25-4-50-172
15/01/22 22:13:29
15/01/22 22:13:29
/home/pi/reginaldojunior/experimentos/results/socket/1200/1200/GMSC-OzaBagASHTExecutorMAXChunk-25-4-50-862
15/01/22 22:15:36
15/01/22 22:15:36
/home/pi/reginaldojunior/experimentos/results/socket/1200/1200/GMSC-OzaBagASHTExecutorMAXChunk-25-4-50-1552
15/01/22 22:17:20
15/01/22 22:17:20
/home/pi/reginaldojunior/experimentos/results/socket/1200/1200/GMSC-OzaBagExecutorMAXChunk-25-4-50-113
15/01/22 22:19:26
15/01/22 22:19:26
/home/pi/reginaldojunior/experimentos/results/socket/1200/1200/GMSC-OzaBagExecutorMAXChunk-25-4-50-566
15/01/22 22:21:33
15/01/22 22:21:33
/home/pi/reginaldojunior/experimentos/results/socket/1200/1200/GMSC-OzaBagExecutorMAXChunk-25-4-50-1019
15/01/22 22:23:39
15/01/22 22:23:39
/home/pi/reginaldojunior/experimentos/results/socket/1200/1200/elecNormNew-AdaptiveRandomForestExecutorMAXChunk-25-4-50-21
15/01/22 22:25:44
15/01/22 22:25:44
/home/pi/reginaldojunior/experimentos/results/socket/1200/1200/elecNormNew-AdaptiveRandomForestExecutorMAXChunk-25-4-50-107
15/01/22 22:27:50
15/01/22 22:27:50
/home/pi/reginaldojunior/experimentos/results/socket/1200/1200/elecNormNew-AdaptiveRandomForestExecutorMAXChunk-25-4-50-192
15/01/22 22:29:55
15/01/22 22:29:55
/home/pi/reginaldojunior/experimentos/results/socket/1200/1200/elecNormNew-LBagExecutorMAXChunk-25-4-50-33
15/01/22 22:32:01
15/01/22 22:32:01
/home/pi/reginaldojunior/experimentos/results/socket/1200/1200/elecNormNew-LBagExecutorMAXChunk-25-4-50-168
15/01/22 22:34:08
15/01/22 22:34:08
/home/pi/reginaldojunior/experimentos/results/socket/1200/1200/elecNormNew-LBagExecutorMAXChunk-25-4-50-303
15/01/22 22:36:15
15/01/22 22:36:15
/home/pi/reginaldojunior/experimentos/results/socket/1200/1200/elecNormNew-StreamingRandomPatchesExecutorMAXChunk-25-4-50-4
15/01/22 22:38:19
15/01/22 22:38:19
/home/pi/reginaldojunior/experimentos/results/socket/1200/1200/elecNormNew-StreamingRandomPatchesExecutorMAXChunk-25-4-50-23
15/01/22 22:40:24
15/01/22 22:40:24
/home/pi/reginaldojunior/experimentos/results/socket/1200/1200/elecNormNew-StreamingRandomPatchesExecutorMAXChunk-25-4-50-42
15/01/22 22:42:28
15/01/22 22:42:28
/home/pi/reginaldojunior/experimentos/results/socket/1200/1200/elecNormNew-OzaBagAdwinExecutorMAXChunk-25-4-50-74
15/01/22 22:44:35
15/01/22 22:44:35
/home/pi/reginaldojunior/experimentos/results/socket/1200/1200/elecNormNew-OzaBagAdwinExecutorMAXChunk-25-4-50-371
15/01/22 22:46:42
15/01/22 22:46:42
/home/pi/reginaldojunior/experimentos/results/socket/1200/1200/elecNormNew-OzaBagAdwinExecutorMAXChunk-25-4-50-668
15/01/22 22:47:56
15/01/22 22:47:56
/home/pi/reginaldojunior/experimentos/results/socket/1200/1200/elecNormNew-OzaBagASHTExecutorMAXChunk-25-4-50-35
15/01/22 22:50:03
15/01/22 22:50:03
/home/pi/reginaldojunior/experimentos/results/socket/1200/1200/elecNormNew-OzaBagASHTExecutorMAXChunk-25-4-50-178
15/01/22 22:52:09
15/01/22 22:52:09
/home/pi/reginaldojunior/experimentos/results/socket/1200/1200/elecNormNew-OzaBagASHTExecutorMAXChunk-25-4-50-320
15/01/22 22:54:16
15/01/22 22:54:16
/home/pi/reginaldojunior/experimentos/results/socket/1200/1200/elecNormNew-OzaBagExecutorMAXChunk-25-4-50-94
15/01/22 22:56:22
15/01/22 22:56:22
/home/pi/reginaldojunior/experimentos/results/socket/1200/1200/elecNormNew-OzaBagExecutorMAXChunk-25-4-50-473
15/01/22 22:58:05
15/01/22 22:58:05
/home/pi/reginaldojunior/experimentos/results/socket/1200/1200/elecNormNew-OzaBagExecutorMAXChunk-25-4-50-852
15/01/22 22:59:05
15/01/22 22:59:05
/home/pi/reginaldojunior/experimentos/results/socket/1200/1200/covtypeNorm-AdaptiveRandomForestExecutorMAXChunk-25-4-50-10
15/01/22 23:01:09
15/01/22 23:01:09
/home/pi/reginaldojunior/experimentos/results/socket/1200/1200/covtypeNorm-AdaptiveRandomForestExecutorMAXChunk-25-4-50-53
15/01/22 23:03:15
15/01/22 23:03:15
/home/pi/reginaldojunior/experimentos/results/socket/1200/1200/covtypeNorm-AdaptiveRandomForestExecutorMAXChunk-25-4-50-96
15/01/22 23:05:20
15/01/22 23:05:20
/home/pi/reginaldojunior/experimentos/results/socket/1200/1200/covtypeNorm-LBagExecutorMAXChunk-25-4-50-7
15/01/22 23:07:26
15/01/22 23:07:26
/home/pi/reginaldojunior/experimentos/results/socket/1200/1200/covtypeNorm-LBagExecutorMAXChunk-25-4-50-35
15/01/22 23:09:33
15/01/22 23:09:33
/home/pi/reginaldojunior/experimentos/results/socket/1200/1200/covtypeNorm-LBagExecutorMAXChunk-25-4-50-63
15/01/22 23:11:39
15/01/22 23:11:39
/home/pi/reginaldojunior/experimentos/results/socket/1200/1200/covtypeNorm-StreamingRandomPatchesExecutorMAXChunk-25-4-50-4
15/01/22 23:13:45
15/01/22 23:13:45
/home/pi/reginaldojunior/experimentos/results/socket/1200/1200/covtypeNorm-StreamingRandomPatchesExecutorMAXChunk-25-4-50-20
15/01/22 23:15:51
15/01/22 23:15:51
/home/pi/reginaldojunior/experimentos/results/socket/1200/1200/covtypeNorm-StreamingRandomPatchesExecutorMAXChunk-25-4-50-37
15/01/22 23:17:56
15/01/22 23:17:56
/home/pi/reginaldojunior/experimentos/results/socket/1200/1200/covtypeNorm-OzaBagAdwinExecutorMAXChunk-25-4-50-8
15/01/22 23:20:02
15/01/22 23:20:02
/home/pi/reginaldojunior/experimentos/results/socket/1200/1200/covtypeNorm-OzaBagAdwinExecutorMAXChunk-25-4-50-40
15/01/22 23:22:09
15/01/22 23:22:09
/home/pi/reginaldojunior/experimentos/results/socket/1200/1200/covtypeNorm-OzaBagAdwinExecutorMAXChunk-25-4-50-72
15/01/22 23:24:15
15/01/22 23:24:15
/home/pi/reginaldojunior/experimentos/results/socket/1200/1200/covtypeNorm-OzaBagASHTExecutorMAXChunk-25-4-50-6
15/01/22 23:26:22
15/01/22 23:26:22
/home/pi/reginaldojunior/experimentos/results/socket/1200/1200/covtypeNorm-OzaBagASHTExecutorMAXChunk-25-4-50-33
15/01/22 23:28:28
15/01/22 23:28:28
/home/pi/reginaldojunior/experimentos/results/socket/1200/1200/covtypeNorm-OzaBagASHTExecutorMAXChunk-25-4-50-60
15/01/22 23:30:35
15/01/22 23:30:35
/home/pi/reginaldojunior/experimentos/results/socket/1200/1200/covtypeNorm-OzaBagExecutorMAXChunk-25-4-50-9
15/01/22 23:32:42
15/01/22 23:32:42
/home/pi/reginaldojunior/experimentos/results/socket/1200/1200/covtypeNorm-OzaBagExecutorMAXChunk-25-4-50-45
15/01/22 23:34:48
15/01/22 23:34:48
/home/pi/reginaldojunior/experimentos/results/socket/1200/1200/covtypeNorm-OzaBagExecutorMAXChunk-25-4-50-81
15/01/22 23:36:55
15/01/22 23:36:55
/home/pi/reginaldojunior/experimentos/results/socket/1200/1200/GMSC-AdaptiveRandomForestExecutorMAXChunk-25-4-500-29
15/01/22 23:39:01
15/01/22 23:39:01
/home/pi/reginaldojunior/experimentos/results/socket/1200/1200/GMSC-AdaptiveRandomForestExecutorMAXChunk-25-4-500-148
15/01/22 23:41:06
15/01/22 23:41:06
/home/pi/reginaldojunior/experimentos/results/socket/1200/1200/GMSC-AdaptiveRandomForestExecutorMAXChunk-25-4-500-267
15/01/22 23:43:12
15/01/22 23:43:12
/home/pi/reginaldojunior/experimentos/results/socket/1200/1200/GMSC-LBagExecutorMAXChunk-25-4-500-33
15/01/22 23:45:19
15/01/22 23:45:19
/home/pi/reginaldojunior/experimentos/results/socket/1200/1200/GMSC-LBagExecutorMAXChunk-25-4-500-166
16/01/22 01:03:45
/home/pi/reginaldojunior/experimentos/results/socket/1200/1200/GMSC-AdaptiveRandomForestExecutorMAXChunk-25-4-50-29
16/01/22 01:05:49
16/01/22 01:05:49
/home/pi/reginaldojunior/experimentos/results/socket/1200/1200/GMSC-AdaptiveRandomForestExecutorMAXChunk-25-4-50-148
16/01/22 01:07:54
16/01/22 01:07:54
/home/pi/reginaldojunior/experimentos/results/socket/1200/1200/GMSC-AdaptiveRandomForestExecutorMAXChunk-25-4-50-267
16/01/22 01:09:59
16/01/22 01:09:59
/home/pi/reginaldojunior/experimentos/results/socket/1200/1200/GMSC-LBagExecutorMAXChunk-25-4-50-33
16/01/22 01:12:05
16/01/22 01:12:05
/home/pi/reginaldojunior/experimentos/results/socket/1200/1200/GMSC-LBagExecutorMAXChunk-25-4-50-166
16/01/22 01:14:12
16/01/22 01:14:12
/home/pi/reginaldojunior/experimentos/results/socket/1200/1200/GMSC-LBagExecutorMAXChunk-25-4-50-299
16/01/22 01:16:19
16/01/22 01:16:19
/home/pi/reginaldojunior/experimentos/results/socket/1200/1200/GMSC-StreamingRandomPatchesExecutorMAXChunk-25-4-50-18
16/01/22 01:18:23
16/01/22 01:18:23
/home/pi/reginaldojunior/experimentos/results/socket/1200/1200/GMSC-StreamingRandomPatchesExecutorMAXChunk-25-4-50-91
16/01/22 01:20:28
16/01/22 01:20:28
/home/pi/reginaldojunior/experimentos/results/socket/1200/1200/GMSC-StreamingRandomPatchesExecutorMAXChunk-25-4-50-164
16/01/22 01:22:33
16/01/22 01:22:33
/home/pi/reginaldojunior/experimentos/results/socket/1200/1200/GMSC-OzaBagAdwinExecutorMAXChunk-25-4-50-91
16/01/22 01:24:39
16/01/22 01:24:40
/home/pi/reginaldojunior/experimentos/results/socket/1200/1200/GMSC-OzaBagAdwinExecutorMAXChunk-25-4-50-457
16/01/22 01:26:46
16/01/22 01:26:46
/home/pi/reginaldojunior/experimentos/results/socket/1200/1200/GMSC-OzaBagAdwinExecutorMAXChunk-25-4-50-824
16/01/22 01:28:53
16/01/22 01:28:53
/home/pi/reginaldojunior/experimentos/results/socket/1200/1200/GMSC-OzaBagASHTExecutorMAXChunk-25-4-50-172
16/01/22 01:30:59
16/01/22 01:30:59
/home/pi/reginaldojunior/experimentos/results/socket/1200/1200/GMSC-OzaBagASHTExecutorMAXChunk-25-4-50-862
16/01/22 01:33:06
16/01/22 01:33:06
/home/pi/reginaldojunior/experimentos/results/socket/1200/1200/GMSC-OzaBagASHTExecutorMAXChunk-25-4-50-1552
16/01/22 01:34:49
16/01/22 01:34:50
/home/pi/reginaldojunior/experimentos/results/socket/1200/1200/GMSC-OzaBagExecutorMAXChunk-25-4-50-113
16/01/22 01:36:56
16/01/22 01:36:56
/home/pi/reginaldojunior/experimentos/results/socket/1200/1200/GMSC-OzaBagExecutorMAXChunk-25-4-50-566
16/01/22 01:39:03
16/01/22 01:39:03
/home/pi/reginaldojunior/experimentos/results/socket/1200/1200/GMSC-OzaBagExecutorMAXChunk-25-4-50-1019
16/01/22 01:41:09
16/01/22 01:41:09
/home/pi/reginaldojunior/experimentos/results/socket/1200/1200/elecNormNew-AdaptiveRandomForestExecutorMAXChunk-25-4-50-21
16/01/22 01:43:14
16/01/22 01:43:14
/home/pi/reginaldojunior/experimentos/results/socket/1200/1200/elecNormNew-AdaptiveRandomForestExecutorMAXChunk-25-4-50-107
16/01/22 01:45:19
16/01/22 01:45:19
/home/pi/reginaldojunior/experimentos/results/socket/1200/1200/elecNormNew-AdaptiveRandomForestExecutorMAXChunk-25-4-50-192
16/01/22 01:47:24
16/01/22 01:47:24
/home/pi/reginaldojunior/experimentos/results/socket/1200/1200/elecNormNew-LBagExecutorMAXChunk-25-4-50-33
16/01/22 01:49:30
16/01/22 01:49:30
/home/pi/reginaldojunior/experimentos/results/socket/1200/1200/elecNormNew-LBagExecutorMAXChunk-25-4-50-168
16/01/22 01:51:37
16/01/22 01:51:37
/home/pi/reginaldojunior/experimentos/results/socket/1200/1200/elecNormNew-LBagExecutorMAXChunk-25-4-50-303
16/01/22 01:53:43
16/01/22 01:53:43
/home/pi/reginaldojunior/experimentos/results/socket/1200/1200/elecNormNew-StreamingRandomPatchesExecutorMAXChunk-25-4-50-4
16/01/22 01:55:48
16/01/22 01:55:48
/home/pi/reginaldojunior/experimentos/results/socket/1200/1200/elecNormNew-StreamingRandomPatchesExecutorMAXChunk-25-4-50-23
16/01/22 01:57:53
16/01/22 01:57:53
/home/pi/reginaldojunior/experimentos/results/socket/1200/1200/elecNormNew-StreamingRandomPatchesExecutorMAXChunk-25-4-50-42
16/01/22 01:59:57
16/01/22 01:59:57
/home/pi/reginaldojunior/experimentos/results/socket/1200/1200/elecNormNew-OzaBagAdwinExecutorMAXChunk-25-4-50-74
16/01/22 02:02:04
16/01/22 02:02:04
/home/pi/reginaldojunior/experimentos/results/socket/1200/1200/elecNormNew-OzaBagAdwinExecutorMAXChunk-25-4-50-371
16/01/22 02:04:11
16/01/22 02:04:11
/home/pi/reginaldojunior/experimentos/results/socket/1200/1200/elecNormNew-OzaBagAdwinExecutorMAXChunk-25-4-50-668
16/01/22 02:05:25
16/01/22 02:05:25
/home/pi/reginaldojunior/experimentos/results/socket/1200/1200/elecNormNew-OzaBagASHTExecutorMAXChunk-25-4-50-35
16/01/22 02:07:32
16/01/22 02:07:32
/home/pi/reginaldojunior/experimentos/results/socket/1200/1200/elecNormNew-OzaBagASHTExecutorMAXChunk-25-4-50-178
16/01/22 02:09:38
16/01/22 02:09:38
/home/pi/reginaldojunior/experimentos/results/socket/1200/1200/elecNormNew-OzaBagASHTExecutorMAXChunk-25-4-50-320
16/01/22 02:11:45
16/01/22 02:11:45
/home/pi/reginaldojunior/experimentos/results/socket/1200/1200/elecNormNew-OzaBagExecutorMAXChunk-25-4-50-94
16/01/22 02:13:52
16/01/22 02:13:52
/home/pi/reginaldojunior/experimentos/results/socket/1200/1200/elecNormNew-OzaBagExecutorMAXChunk-25-4-50-473
16/01/22 02:15:35
16/01/22 02:15:35
/home/pi/reginaldojunior/experimentos/results/socket/1200/1200/elecNormNew-OzaBagExecutorMAXChunk-25-4-50-852
16/01/22 02:16:35
16/01/22 02:16:35
/home/pi/reginaldojunior/experimentos/results/socket/1200/1200/covtypeNorm-AdaptiveRandomForestExecutorMAXChunk-25-4-50-10
16/01/22 02:18:39
16/01/22 02:18:39
/home/pi/reginaldojunior/experimentos/results/socket/1200/1200/covtypeNorm-AdaptiveRandomForestExecutorMAXChunk-25-4-50-53
16/01/22 02:20:44
16/01/22 02:20:44
/home/pi/reginaldojunior/experimentos/results/socket/1200/1200/covtypeNorm-AdaptiveRandomForestExecutorMAXChunk-25-4-50-96
16/01/22 02:22:49
16/01/22 02:22:49
/home/pi/reginaldojunior/experimentos/results/socket/1200/1200/covtypeNorm-LBagExecutorMAXChunk-25-4-50-7
16/01/22 02:24:55
16/01/22 02:24:55
/home/pi/reginaldojunior/experimentos/results/socket/1200/1200/covtypeNorm-LBagExecutorMAXChunk-25-4-50-35
16/01/22 02:27:02
16/01/22 02:27:02
/home/pi/reginaldojunior/experimentos/results/socket/1200/1200/covtypeNorm-LBagExecutorMAXChunk-25-4-50-63
16/01/22 02:29:09
16/01/22 02:29:09
/home/pi/reginaldojunior/experimentos/results/socket/1200/1200/covtypeNorm-StreamingRandomPatchesExecutorMAXChunk-25-4-50-4
16/01/22 02:31:14
16/01/22 02:31:14
/home/pi/reginaldojunior/experimentos/results/socket/1200/1200/covtypeNorm-StreamingRandomPatchesExecutorMAXChunk-25-4-50-20
16/01/22 02:33:20
16/01/22 02:33:20
/home/pi/reginaldojunior/experimentos/results/socket/1200/1200/covtypeNorm-StreamingRandomPatchesExecutorMAXChunk-25-4-50-37
16/01/22 02:35:26
16/01/22 02:35:26
/home/pi/reginaldojunior/experimentos/results/socket/1200/1200/covtypeNorm-OzaBagAdwinExecutorMAXChunk-25-4-50-8
16/01/22 02:37:32
16/01/22 02:37:32
/home/pi/reginaldojunior/experimentos/results/socket/1200/1200/covtypeNorm-OzaBagAdwinExecutorMAXChunk-25-4-50-40
16/01/22 02:39:39
16/01/22 02:39:39
/home/pi/reginaldojunior/experimentos/results/socket/1200/1200/covtypeNorm-OzaBagAdwinExecutorMAXChunk-25-4-50-72
16/01/22 02:41:45
16/01/22 02:41:45
/home/pi/reginaldojunior/experimentos/results/socket/1200/1200/covtypeNorm-OzaBagASHTExecutorMAXChunk-25-4-50-6
16/01/22 02:43:52
16/01/22 02:43:52
/home/pi/reginaldojunior/experimentos/results/socket/1200/1200/covtypeNorm-OzaBagASHTExecutorMAXChunk-25-4-50-33
16/01/22 02:45:59
16/01/22 02:45:59
/home/pi/reginaldojunior/experimentos/results/socket/1200/1200/covtypeNorm-OzaBagASHTExecutorMAXChunk-25-4-50-60
16/01/22 02:48:05
16/01/22 02:48:05
/home/pi/reginaldojunior/experimentos/results/socket/1200/1200/covtypeNorm-OzaBagExecutorMAXChunk-25-4-50-9
16/01/22 02:50:12
16/01/22 02:50:12
/home/pi/reginaldojunior/experimentos/results/socket/1200/1200/covtypeNorm-OzaBagExecutorMAXChunk-25-4-50-45
16/01/22 02:52:18
16/01/22 02:52:18
/home/pi/reginaldojunior/experimentos/results/socket/1200/1200/covtypeNorm-OzaBagExecutorMAXChunk-25-4-50-81
16/01/22 02:54:25
16/01/22 02:54:25
/home/pi/reginaldojunior/experimentos/results/socket/1200/1200/GMSC-AdaptiveRandomForestExecutorMAXChunk-25-4-500-29
16/01/22 02:56:31
16/01/22 02:56:31
/home/pi/reginaldojunior/experimentos/results/socket/1200/1200/GMSC-AdaptiveRandomForestExecutorMAXChunk-25-4-500-148
16/01/22 02:58:36
16/01/22 02:58:36
/home/pi/reginaldojunior/experimentos/results/socket/1200/1200/GMSC-AdaptiveRandomForestExecutorMAXChunk-25-4-500-267
16/01/22 03:00:42
16/01/22 03:00:42
/home/pi/reginaldojunior/experimentos/results/socket/1200/1200/GMSC-LBagExecutorMAXChunk-25-4-500-33
16/01/22 03:02:49
16/01/22 03:02:49
/home/pi/reginaldojunior/experimentos/results/socket/1200/1200/GMSC-LBagExecutorMAXChunk-25-4-500-166
16/01/22 03:04:55
16/01/22 03:04:55
/home/pi/reginaldojunior/experimentos/results/socket/1200/1200/GMSC-LBagExecutorMAXChunk-25-4-500-299
16/01/22 03:07:02
16/01/22 03:07:02
/home/pi/reginaldojunior/experimentos/results/socket/1200/1200/GMSC-StreamingRandomPatchesExecutorMAXChunk-25-4-500-18
16/01/22 03:09:08
16/01/22 03:09:08
/home/pi/reginaldojunior/experimentos/results/socket/1200/1200/GMSC-StreamingRandomPatchesExecutorMAXChunk-25-4-500-91
16/01/22 03:11:13
16/01/22 03:11:13
/home/pi/reginaldojunior/experimentos/results/socket/1200/1200/GMSC-StreamingRandomPatchesExecutorMAXChunk-25-4-500-164
16/01/22 03:13:19
16/01/22 03:13:19
/home/pi/reginaldojunior/experimentos/results/socket/1200/1200/GMSC-OzaBagAdwinExecutorMAXChunk-25-4-500-91
16/01/22 03:15:26
16/01/22 03:15:26
/home/pi/reginaldojunior/experimentos/results/socket/1200/1200/GMSC-OzaBagAdwinExecutorMAXChunk-25-4-500-457
16/01/22 03:17:32
16/01/22 03:17:32
/home/pi/reginaldojunior/experimentos/results/socket/1200/1200/GMSC-OzaBagAdwinExecutorMAXChunk-25-4-500-824
16/01/22 03:19:39
16/01/22 03:19:39
/home/pi/reginaldojunior/experimentos/results/socket/1200/1200/GMSC-OzaBagASHTExecutorMAXChunk-25-4-500-172
16/01/22 03:21:46
16/01/22 03:21:46
/home/pi/reginaldojunior/experimentos/results/socket/1200/1200/GMSC-OzaBagASHTExecutorMAXChunk-25-4-500-862
16/01/22 03:23:52
16/01/22 03:23:52
/home/pi/reginaldojunior/experimentos/results/socket/1200/1200/GMSC-OzaBagASHTExecutorMAXChunk-25-4-500-1552
16/01/22 03:25:36
16/01/22 03:25:36
/home/pi/reginaldojunior/experimentos/results/socket/1200/1200/GMSC-OzaBagExecutorMAXChunk-25-4-500-113
16/01/22 03:27:42
16/01/22 03:27:42
/home/pi/reginaldojunior/experimentos/results/socket/1200/1200/GMSC-OzaBagExecutorMAXChunk-25-4-500-566
16/01/22 03:29:49
16/01/22 03:29:49
/home/pi/reginaldojunior/experimentos/results/socket/1200/1200/GMSC-OzaBagExecutorMAXChunk-25-4-500-1019
16/01/22 03:31:56
16/01/22 03:31:56
/home/pi/reginaldojunior/experimentos/results/socket/1200/1200/elecNormNew-AdaptiveRandomForestExecutorMAXChunk-25-4-500-21
16/01/22 03:34:01
16/01/22 03:34:01
/home/pi/reginaldojunior/experimentos/results/socket/1200/1200/elecNormNew-AdaptiveRandomForestExecutorMAXChunk-25-4-500-107
16/01/22 03:36:06
16/01/22 03:36:06
/home/pi/reginaldojunior/experimentos/results/socket/1200/1200/elecNormNew-AdaptiveRandomForestExecutorMAXChunk-25-4-500-192
16/01/22 03:38:12
16/01/22 03:38:12
/home/pi/reginaldojunior/experimentos/results/socket/1200/1200/elecNormNew-LBagExecutorMAXChunk-25-4-500-33
16/01/22 03:40:19
16/01/22 03:40:19
/home/pi/reginaldojunior/experimentos/results/socket/1200/1200/elecNormNew-LBagExecutorMAXChunk-25-4-500-168
16/01/22 03:42:26
16/01/22 03:42:26
/home/pi/reginaldojunior/experimentos/results/socket/1200/1200/elecNormNew-LBagExecutorMAXChunk-25-4-500-303
16/01/22 03:44:32
16/01/22 03:44:32
/home/pi/reginaldojunior/experimentos/results/socket/1200/1200/elecNormNew-StreamingRandomPatchesExecutorMAXChunk-25-4-500-4
16/01/22 03:46:38
16/01/22 03:46:38
/home/pi/reginaldojunior/experimentos/results/socket/1200/1200/elecNormNew-StreamingRandomPatchesExecutorMAXChunk-25-4-500-23
16/01/22 03:48:45
16/01/22 03:48:45
/home/pi/reginaldojunior/experimentos/results/socket/1200/1200/elecNormNew-StreamingRandomPatchesExecutorMAXChunk-25-4-500-42
16/01/22 03:50:50
16/01/22 03:50:50
/home/pi/reginaldojunior/experimentos/results/socket/1200/1200/elecNormNew-OzaBagAdwinExecutorMAXChunk-25-4-500-74
16/01/22 03:52:57
16/01/22 03:52:57
/home/pi/reginaldojunior/experimentos/results/socket/1200/1200/elecNormNew-OzaBagAdwinExecutorMAXChunk-25-4-500-371
16/01/22 03:55:04
16/01/22 03:55:04
/home/pi/reginaldojunior/experimentos/results/socket/1200/1200/elecNormNew-OzaBagAdwinExecutorMAXChunk-25-4-500-668
16/01/22 03:56:18
16/01/22 03:56:18
/home/pi/reginaldojunior/experimentos/results/socket/1200/1200/elecNormNew-OzaBagASHTExecutorMAXChunk-25-4-500-35
16/01/22 03:58:25
16/01/22 03:58:25
/home/pi/reginaldojunior/experimentos/results/socket/1200/1200/elecNormNew-OzaBagASHTExecutorMAXChunk-25-4-500-178
16/01/22 04:00:31
16/01/22 04:00:31
/home/pi/reginaldojunior/experimentos/results/socket/1200/1200/elecNormNew-OzaBagASHTExecutorMAXChunk-25-4-500-320
16/01/22 04:02:38
16/01/22 04:02:38
/home/pi/reginaldojunior/experimentos/results/socket/1200/1200/elecNormNew-OzaBagExecutorMAXChunk-25-4-500-94
16/01/22 04:04:44
16/01/22 04:04:45
/home/pi/reginaldojunior/experimentos/results/socket/1200/1200/elecNormNew-OzaBagExecutorMAXChunk-25-4-500-473
16/01/22 04:06:28
16/01/22 04:06:28
/home/pi/reginaldojunior/experimentos/results/socket/1200/1200/elecNormNew-OzaBagExecutorMAXChunk-25-4-500-852
16/01/22 04:07:28
16/01/22 04:07:28
/home/pi/reginaldojunior/experimentos/results/socket/1200/1200/covtypeNorm-AdaptiveRandomForestExecutorMAXChunk-25-4-500-10
16/01/22 04:09:34
16/01/22 04:09:34
/home/pi/reginaldojunior/experimentos/results/socket/1200/1200/covtypeNorm-AdaptiveRandomForestExecutorMAXChunk-25-4-500-53
16/01/22 04:11:40
16/01/22 04:11:40
/home/pi/reginaldojunior/experimentos/results/socket/1200/1200/covtypeNorm-AdaptiveRandomForestExecutorMAXChunk-25-4-500-96
16/01/22 04:13:46
16/01/22 04:13:46
/home/pi/reginaldojunior/experimentos/results/socket/1200/1200/covtypeNorm-LBagExecutorMAXChunk-25-4-500-7
16/01/22 04:15:52
16/01/22 04:15:52
/home/pi/reginaldojunior/experimentos/results/socket/1200/1200/covtypeNorm-LBagExecutorMAXChunk-25-4-500-35
16/01/22 04:17:59
16/01/22 04:17:59
/home/pi/reginaldojunior/experimentos/results/socket/1200/1200/covtypeNorm-LBagExecutorMAXChunk-25-4-500-63
16/01/22 04:20:06
16/01/22 04:20:06
/home/pi/reginaldojunior/experimentos/results/socket/1200/1200/covtypeNorm-StreamingRandomPatchesExecutorMAXChunk-25-4-500-4
16/01/22 04:22:13
16/01/22 04:22:13
/home/pi/reginaldojunior/experimentos/results/socket/1200/1200/covtypeNorm-StreamingRandomPatchesExecutorMAXChunk-25-4-500-20
16/01/22 04:24:20
16/01/22 04:24:20
/home/pi/reginaldojunior/experimentos/results/socket/1200/1200/covtypeNorm-StreamingRandomPatchesExecutorMAXChunk-25-4-500-37
16/01/22 04:26:26
16/01/22 04:26:26
/home/pi/reginaldojunior/experimentos/results/socket/1200/1200/covtypeNorm-OzaBagAdwinExecutorMAXChunk-25-4-500-8
16/01/22 04:28:33
16/01/22 04:28:33
/home/pi/reginaldojunior/experimentos/results/socket/1200/1200/covtypeNorm-OzaBagAdwinExecutorMAXChunk-25-4-500-40
16/01/22 04:30:40
16/01/22 04:30:40
/home/pi/reginaldojunior/experimentos/results/socket/1200/1200/covtypeNorm-OzaBagAdwinExecutorMAXChunk-25-4-500-72
16/01/22 04:32:48
16/01/22 04:32:48
/home/pi/reginaldojunior/experimentos/results/socket/1200/1200/covtypeNorm-OzaBagASHTExecutorMAXChunk-25-4-500-6
16/01/22 04:34:55
16/01/22 04:34:55
/home/pi/reginaldojunior/experimentos/results/socket/1200/1200/covtypeNorm-OzaBagASHTExecutorMAXChunk-25-4-500-33
16/01/22 04:37:01
16/01/22 04:37:01
/home/pi/reginaldojunior/experimentos/results/socket/1200/1200/covtypeNorm-OzaBagASHTExecutorMAXChunk-25-4-500-60
16/01/22 04:39:08
16/01/22 04:39:08
/home/pi/reginaldojunior/experimentos/results/socket/1200/1200/covtypeNorm-OzaBagExecutorMAXChunk-25-4-500-9
16/01/22 04:41:15
16/01/22 04:41:15
/home/pi/reginaldojunior/experimentos/results/socket/1200/1200/covtypeNorm-OzaBagExecutorMAXChunk-25-4-500-45
16/01/22 04:43:22
16/01/22 04:43:22
/home/pi/reginaldojunior/experimentos/results/socket/1200/1200/covtypeNorm-OzaBagExecutorMAXChunk-25-4-500-81
16/01/22 04:45:29
16/01/22 04:45:29
/home/pi/reginaldojunior/experimentos/results/socket/1200/1200/GMSC-AdaptiveRandomForestExecutorMAXChunk-25-4-2000-29
16/01/22 04:47:35
16/01/22 04:47:35
/home/pi/reginaldojunior/experimentos/results/socket/1200/1200/GMSC-AdaptiveRandomForestExecutorMAXChunk-25-4-2000-148
16/01/22 04:49:41
16/01/22 04:49:41
/home/pi/reginaldojunior/experimentos/results/socket/1200/1200/GMSC-AdaptiveRandomForestExecutorMAXChunk-25-4-2000-267
16/01/22 04:51:48
16/01/22 04:51:48
/home/pi/reginaldojunior/experimentos/results/socket/1200/1200/GMSC-LBagExecutorMAXChunk-25-4-2000-33
16/01/22 04:53:56
16/01/22 04:53:56
/home/pi/reginaldojunior/experimentos/results/socket/1200/1200/GMSC-LBagExecutorMAXChunk-25-4-2000-166
16/01/22 04:56:02
16/01/22 04:56:02
/home/pi/reginaldojunior/experimentos/results/socket/1200/1200/GMSC-LBagExecutorMAXChunk-25-4-2000-299
16/01/22 04:58:09
16/01/22 04:58:09
/home/pi/reginaldojunior/experimentos/results/socket/1200/1200/GMSC-StreamingRandomPatchesExecutorMAXChunk-25-4-2000-18
16/01/22 05:00:23
16/01/22 05:00:23
/home/pi/reginaldojunior/experimentos/results/socket/1200/1200/GMSC-StreamingRandomPatchesExecutorMAXChunk-25-4-2000-91
16/01/22 05:02:28
16/01/22 05:02:29
/home/pi/reginaldojunior/experimentos/results/socket/1200/1200/GMSC-StreamingRandomPatchesExecutorMAXChunk-25-4-2000-164
16/01/22 05:04:35
16/01/22 05:04:35
/home/pi/reginaldojunior/experimentos/results/socket/1200/1200/GMSC-OzaBagAdwinExecutorMAXChunk-25-4-2000-91
16/01/22 05:06:42
16/01/22 05:06:42
/home/pi/reginaldojunior/experimentos/results/socket/1200/1200/GMSC-OzaBagAdwinExecutorMAXChunk-25-4-2000-457
16/01/22 05:08:48
16/01/22 05:08:48
/home/pi/reginaldojunior/experimentos/results/socket/1200/1200/GMSC-OzaBagAdwinExecutorMAXChunk-25-4-2000-824
16/01/22 05:10:55
16/01/22 05:10:55
/home/pi/reginaldojunior/experimentos/results/socket/1200/1200/GMSC-OzaBagASHTExecutorMAXChunk-25-4-2000-172
16/01/22 05:13:01
16/01/22 05:13:01
/home/pi/reginaldojunior/experimentos/results/socket/1200/1200/GMSC-OzaBagASHTExecutorMAXChunk-25-4-2000-862
16/01/22 05:15:08
16/01/22 05:15:08
/home/pi/reginaldojunior/experimentos/results/socket/1200/1200/GMSC-OzaBagASHTExecutorMAXChunk-25-4-2000-1552
16/01/22 05:16:51
16/01/22 05:16:51
/home/pi/reginaldojunior/experimentos/results/socket/1200/1200/GMSC-OzaBagExecutorMAXChunk-25-4-2000-113
16/01/22 05:18:58
16/01/22 05:18:58
/home/pi/reginaldojunior/experimentos/results/socket/1200/1200/GMSC-OzaBagExecutorMAXChunk-25-4-2000-566
16/01/22 05:21:05
16/01/22 05:21:05
/home/pi/reginaldojunior/experimentos/results/socket/1200/1200/GMSC-OzaBagExecutorMAXChunk-25-4-2000-1019
16/01/22 05:23:11
16/01/22 05:23:11
/home/pi/reginaldojunior/experimentos/results/socket/1200/1200/elecNormNew-AdaptiveRandomForestExecutorMAXChunk-25-4-2000-21
16/01/22 05:25:17
16/01/22 05:25:17
/home/pi/reginaldojunior/experimentos/results/socket/1200/1200/elecNormNew-AdaptiveRandomForestExecutorMAXChunk-25-4-2000-107
16/01/22 05:27:23
16/01/22 05:27:23
/home/pi/reginaldojunior/experimentos/results/socket/1200/1200/elecNormNew-AdaptiveRandomForestExecutorMAXChunk-25-4-2000-192
16/01/22 05:29:29
16/01/22 05:29:29
/home/pi/reginaldojunior/experimentos/results/socket/1200/1200/elecNormNew-LBagExecutorMAXChunk-25-4-2000-33
16/01/22 05:31:37
16/01/22 05:31:37
/home/pi/reginaldojunior/experimentos/results/socket/1200/1200/elecNormNew-LBagExecutorMAXChunk-25-4-2000-168
16/01/22 05:33:43
16/01/22 05:33:43
/home/pi/reginaldojunior/experimentos/results/socket/1200/1200/elecNormNew-LBagExecutorMAXChunk-25-4-2000-303
16/01/22 05:35:51
16/01/22 05:35:51
/home/pi/reginaldojunior/experimentos/results/socket/1200/1200/elecNormNew-StreamingRandomPatchesExecutorMAXChunk-25-4-2000-4
16/01/22 05:37:57
16/01/22 05:37:57
/home/pi/reginaldojunior/experimentos/results/socket/1200/1200/elecNormNew-StreamingRandomPatchesExecutorMAXChunk-25-4-2000-23
16/01/22 05:40:04
16/01/22 05:40:04
/home/pi/reginaldojunior/experimentos/results/socket/1200/1200/elecNormNew-StreamingRandomPatchesExecutorMAXChunk-25-4-2000-42
16/01/22 05:42:10
16/01/22 05:42:10
/home/pi/reginaldojunior/experimentos/results/socket/1200/1200/elecNormNew-OzaBagAdwinExecutorMAXChunk-25-4-2000-74
16/01/22 05:44:17
16/01/22 05:44:17
/home/pi/reginaldojunior/experimentos/results/socket/1200/1200/elecNormNew-OzaBagAdwinExecutorMAXChunk-25-4-2000-371
16/01/22 05:46:24
16/01/22 05:46:24
/home/pi/reginaldojunior/experimentos/results/socket/1200/1200/elecNormNew-OzaBagAdwinExecutorMAXChunk-25-4-2000-668
16/01/22 05:47:38
16/01/22 05:47:38
/home/pi/reginaldojunior/experimentos/results/socket/1200/1200/elecNormNew-OzaBagASHTExecutorMAXChunk-25-4-2000-35
16/01/22 05:49:45
16/01/22 05:49:45
/home/pi/reginaldojunior/experimentos/results/socket/1200/1200/elecNormNew-OzaBagASHTExecutorMAXChunk-25-4-2000-178
16/01/22 05:51:52
16/01/22 05:51:52
/home/pi/reginaldojunior/experimentos/results/socket/1200/1200/elecNormNew-OzaBagASHTExecutorMAXChunk-25-4-2000-320
16/01/22 05:53:58
16/01/22 05:53:59
/home/pi/reginaldojunior/experimentos/results/socket/1200/1200/elecNormNew-OzaBagExecutorMAXChunk-25-4-2000-94
16/01/22 05:56:05
16/01/22 05:56:05
/home/pi/reginaldojunior/experimentos/results/socket/1200/1200/elecNormNew-OzaBagExecutorMAXChunk-25-4-2000-473
16/01/22 05:57:49
16/01/22 05:57:49
/home/pi/reginaldojunior/experimentos/results/socket/1200/1200/elecNormNew-OzaBagExecutorMAXChunk-25-4-2000-852
16/01/22 05:58:48
16/01/22 05:58:48
/home/pi/reginaldojunior/experimentos/results/socket/1200/1200/covtypeNorm-AdaptiveRandomForestExecutorMAXChunk-25-4-2000-10
16/01/22 06:01:04
16/01/22 06:01:04
/home/pi/reginaldojunior/experimentos/results/socket/1200/1200/covtypeNorm-AdaptiveRandomForestExecutorMAXChunk-25-4-2000-53
16/01/22 06:03:12
16/01/22 06:03:12
/home/pi/reginaldojunior/experimentos/results/socket/1200/1200/covtypeNorm-AdaptiveRandomForestExecutorMAXChunk-25-4-2000-96
16/01/22 06:05:19
16/01/22 06:05:19
/home/pi/reginaldojunior/experimentos/results/socket/1200/1200/covtypeNorm-LBagExecutorMAXChunk-25-4-2000-7
16/01/22 06:07:29
16/01/22 06:07:29
/home/pi/reginaldojunior/experimentos/results/socket/1200/1200/covtypeNorm-LBagExecutorMAXChunk-25-4-2000-35
16/01/22 06:09:36
16/01/22 06:09:36
/home/pi/reginaldojunior/experimentos/results/socket/1200/1200/covtypeNorm-LBagExecutorMAXChunk-25-4-2000-63
16/01/22 06:11:45
16/01/22 06:11:46
/home/pi/reginaldojunior/experimentos/results/socket/1200/1200/covtypeNorm-StreamingRandomPatchesExecutorMAXChunk-25-4-2000-4
16/01/22 12:27:45
16/01/22 12:27:45
/home/pi/reginaldojunior/experimentos/results/socket/1200/1200/covtypeNorm-StreamingRandomPatchesExecutorMAXChunk-25-4-2000-20
16/01/22 12:48:20
16/01/22 12:48:20
/home/pi/reginaldojunior/experimentos/results/socket/1200/1200/covtypeNorm-StreamingRandomPatchesExecutorMAXChunk-25-4-2000-37
16/01/22 12:50:29
16/01/22 12:50:29
/home/pi/reginaldojunior/experimentos/results/socket/1200/1200/covtypeNorm-OzaBagAdwinExecutorMAXChunk-25-4-2000-8
16/01/22 12:52:39
16/01/22 12:52:39
/home/pi/reginaldojunior/experimentos/results/socket/1200/1200/covtypeNorm-OzaBagAdwinExecutorMAXChunk-25-4-2000-40
16/01/22 12:54:48
16/01/22 12:54:48
/home/pi/reginaldojunior/experimentos/results/socket/1200/1200/covtypeNorm-OzaBagAdwinExecutorMAXChunk-25-4-2000-72
16/01/22 12:56:54
16/01/22 12:56:54
/home/pi/reginaldojunior/experimentos/results/socket/1200/1200/covtypeNorm-OzaBagASHTExecutorMAXChunk-25-4-2000-6
16/01/22 12:59:04
16/01/22 12:59:04
/home/pi/reginaldojunior/experimentos/results/socket/1200/1200/covtypeNorm-OzaBagASHTExecutorMAXChunk-25-4-2000-33
16/01/22 13:01:14
16/01/22 13:01:14
/home/pi/reginaldojunior/experimentos/results/socket/1200/1200/covtypeNorm-OzaBagASHTExecutorMAXChunk-25-4-2000-60
16/01/22 13:03:23
16/01/22 13:03:23
/home/pi/reginaldojunior/experimentos/results/socket/1200/1200/covtypeNorm-OzaBagExecutorMAXChunk-25-4-2000-9
16/01/22 13:05:32
16/01/22 13:05:33
/home/pi/reginaldojunior/experimentos/results/socket/1200/1200/covtypeNorm-OzaBagExecutorMAXChunk-25-4-2000-45
16/01/22 13:07:42
16/01/22 13:07:42
/home/pi/reginaldojunior/experimentos/results/socket/1200/1200/covtypeNorm-OzaBagExecutorMAXChunk-25-4-2000-81
16/01/22 13:09:54
