12/10/23 08:12:27
/home/pi/reginaldojunior/experimentos/socket/loop-fusion-dynamic/all-batches//covtypeNorm-AdaptiveRandomForestExecutorMAXChunk-25-4-25-844
12/10/23 08:12:33
12/10/23 08:12:33
12/10/23 08:13:49
/home/pi/reginaldojunior/experimentos/socket/loop-fusion-dynamic/all-batches//covtypeNorm-AdaptiveRandomForestExecutorMAXChunk-25-4-25-844
12/10/23 08:14:17
12/10/23 08:14:17
12/10/23 08:15:17
/home/pi/reginaldojunior/experimentos/socket/loop-fusion-dynamic/all-batches//covtypeNorm-AdaptiveRandomForestExecutorMAXChunk-25-4-25-844
12/10/23 08:25:22
12/10/23 08:25:22
/home/pi/reginaldojunior/experimentos/socket/loop-fusion-dynamic/all-batches//covtypeNorm-LBagExecutorMAXChunk-25-4-25-575
12/10/23 08:35:29
12/10/23 08:35:29
/home/pi/reginaldojunior/experimentos/socket/loop-fusion-dynamic/all-batches//covtypeNorm-StreamingRandomPatchesExecutorMAXChunk-25-4-25-253
12/10/23 08:45:35
12/10/23 08:45:35
/home/pi/reginaldojunior/experimentos/socket/loop-fusion-dynamic/all-batches//covtypeNorm-OzaBagAdwinExecutorMAXChunk-25-4-25-794
12/10/23 08:55:41
12/10/23 08:55:41
/home/pi/reginaldojunior/experimentos/socket/loop-fusion-dynamic/all-batches//covtypeNorm-OzaBagASHTExecutorMAXChunk-25-4-25-2709
12/10/23 09:05:47
12/10/23 09:05:47
/home/pi/reginaldojunior/experimentos/socket/loop-fusion-dynamic/all-batches//covtypeNorm-OzaBagExecutorMAXChunk-25-4-25-2679
12/10/23 09:15:53
12/10/23 09:15:53
/home/pi/reginaldojunior/experimentos/socket/loop-fusion-dynamic/all-batches//airlines-AdaptiveRandomForestExecutorMAXChunk-25-4-25-213
12/10/23 09:26:01
12/10/23 09:26:01
/home/pi/reginaldojunior/experimentos/socket/loop-fusion-dynamic/all-batches//airlines-LBagExecutorMAXChunk-25-4-25-210
12/10/23 09:36:08
12/10/23 09:36:08
/home/pi/reginaldojunior/experimentos/socket/loop-fusion-dynamic/all-batches//airlines-StreamingRandomPatchesExecutorMAXChunk-25-4-25-236
12/10/23 09:46:13
12/10/23 09:46:13
/home/pi/reginaldojunior/experimentos/socket/loop-fusion-dynamic/all-batches//airlines-OzaBagAdwinExecutorMAXChunk-25-4-25-717
12/10/23 09:56:19
12/10/23 09:56:19
/home/pi/reginaldojunior/experimentos/socket/loop-fusion-dynamic/all-batches//airlines-OzaBagASHTExecutorMAXChunk-25-4-25-2735
12/10/23 10:06:26
12/10/23 10:06:26
/home/pi/reginaldojunior/experimentos/socket/loop-fusion-dynamic/all-batches//airlines-OzaBagExecutorMAXChunk-25-4-25-4800
12/10/23 10:16:12
12/10/23 10:16:12
/home/pi/reginaldojunior/experimentos/socket/loop-fusion-dynamic/all-batches//elecNormNew-AdaptiveRandomForestExecutorMAXChunk-25-4-25-882
12/10/23 10:19:37
12/10/23 10:19:37
/home/pi/reginaldojunior/experimentos/socket/loop-fusion-dynamic/all-batches//elecNormNew-LBagExecutorMAXChunk-25-4-25-1258
12/10/23 10:22:56
12/10/23 10:22:56
/home/pi/reginaldojunior/experimentos/socket/loop-fusion-dynamic/all-batches//elecNormNew-StreamingRandomPatchesExecutorMAXChunk-25-4-25-496
12/10/23 10:30:03
12/10/23 10:30:03
/home/pi/reginaldojunior/experimentos/socket/loop-fusion-dynamic/all-batches//elecNormNew-OzaBagAdwinExecutorMAXChunk-25-4-25-2142
12/10/23 10:32:17
12/10/23 10:32:17
/home/pi/reginaldojunior/experimentos/socket/loop-fusion-dynamic/all-batches//elecNormNew-OzaBagASHTExecutorMAXChunk-25-4-25-3926
12/10/23 10:33:14
12/10/23 10:33:14
/home/pi/reginaldojunior/experimentos/socket/loop-fusion-dynamic/all-batches//elecNormNew-OzaBagExecutorMAXChunk-25-4-25-3944
12/10/23 10:34:57
12/10/23 10:34:57
/home/pi/reginaldojunior/experimentos/socket/loop-fusion-dynamic/all-batches//GMSC-AdaptiveRandomForestExecutorMAXChunk-25-4-25-1574
12/10/23 10:41:22
12/10/23 10:41:22
/home/pi/reginaldojunior/experimentos/socket/loop-fusion-dynamic/all-batches//GMSC-LBagExecutorMAXChunk-25-4-25-1861
12/10/23 10:45:23
12/10/23 10:45:23
/home/pi/reginaldojunior/experimentos/socket/loop-fusion-dynamic/all-batches//GMSC-StreamingRandomPatchesExecutorMAXChunk-25-4-25-898
12/10/23 10:55:29
12/10/23 10:55:29
/home/pi/reginaldojunior/experimentos/socket/loop-fusion-dynamic/all-batches//GMSC-OzaBagAdwinExecutorMAXChunk-25-4-25-3066
12/10/23 10:58:47
12/10/23 10:58:47
/home/pi/reginaldojunior/experimentos/socket/loop-fusion-dynamic/all-batches//GMSC-OzaBagASHTExecutorMAXChunk-25-4-25-6863
12/10/23 11:00:10
12/10/23 11:00:10
/home/pi/reginaldojunior/experimentos/socket/loop-fusion-dynamic/all-batches//GMSC-OzaBagExecutorMAXChunk-25-4-25-6653
12/10/23 11:01:01
12/10/23 11:01:01
/home/pi/reginaldojunior/experimentos/socket/loop-fusion-dynamic/all-batches//covtypeNorm-AdaptiveRandomForestExecutorMAXChunk-25-4-50-1012
12/10/23 11:11:07
12/10/23 11:11:07
/home/pi/reginaldojunior/experimentos/socket/loop-fusion-dynamic/all-batches//covtypeNorm-LBagExecutorMAXChunk-25-4-50-667
12/10/23 11:21:14
12/10/23 11:21:14
/home/pi/reginaldojunior/experimentos/socket/loop-fusion-dynamic/all-batches//covtypeNorm-StreamingRandomPatchesExecutorMAXChunk-25-4-50-255
12/10/23 11:31:20
12/10/23 11:31:20
/home/pi/reginaldojunior/experimentos/socket/loop-fusion-dynamic/all-batches//covtypeNorm-OzaBagAdwinExecutorMAXChunk-25-4-50-996
12/10/23 11:41:27
12/10/23 11:41:27
/home/pi/reginaldojunior/experimentos/socket/loop-fusion-dynamic/all-batches//covtypeNorm-OzaBagASHTExecutorMAXChunk-25-4-50-2708
12/10/23 11:51:34
12/10/23 11:51:34
/home/pi/reginaldojunior/experimentos/socket/loop-fusion-dynamic/all-batches//covtypeNorm-OzaBagExecutorMAXChunk-25-4-50-2675
12/10/23 12:01:41
12/10/23 12:01:41
/home/pi/reginaldojunior/experimentos/socket/loop-fusion-dynamic/all-batches//airlines-AdaptiveRandomForestExecutorMAXChunk-25-4-50-220
12/10/23 12:11:47
12/10/23 12:11:47
/home/pi/reginaldojunior/experimentos/socket/loop-fusion-dynamic/all-batches//airlines-LBagExecutorMAXChunk-25-4-50-214
12/10/23 12:21:56
12/10/23 12:21:56
/home/pi/reginaldojunior/experimentos/socket/loop-fusion-dynamic/all-batches//airlines-StreamingRandomPatchesExecutorMAXChunk-25-4-50-239
12/10/23 12:32:02
12/10/23 12:32:02
/home/pi/reginaldojunior/experimentos/socket/loop-fusion-dynamic/all-batches//airlines-OzaBagAdwinExecutorMAXChunk-25-4-50-683
12/10/23 12:42:08
12/10/23 12:42:08
/home/pi/reginaldojunior/experimentos/socket/loop-fusion-dynamic/all-batches//airlines-OzaBagASHTExecutorMAXChunk-25-4-50-3799
12/10/23 12:49:53
12/10/23 12:49:53
/home/pi/reginaldojunior/experimentos/socket/loop-fusion-dynamic/all-batches//airlines-OzaBagExecutorMAXChunk-25-4-50-5027
12/10/23 12:58:38
12/10/23 12:58:38
/home/pi/reginaldojunior/experimentos/socket/loop-fusion-dynamic/all-batches//elecNormNew-AdaptiveRandomForestExecutorMAXChunk-25-4-50-918
12/10/23 13:01:14
12/10/23 13:01:14
/home/pi/reginaldojunior/experimentos/socket/loop-fusion-dynamic/all-batches//elecNormNew-LBagExecutorMAXChunk-25-4-50-1316
12/10/23 13:04:00
12/10/23 13:04:00
/home/pi/reginaldojunior/experimentos/socket/loop-fusion-dynamic/all-batches//elecNormNew-StreamingRandomPatchesExecutorMAXChunk-25-4-50-489
12/10/23 13:11:39
12/10/23 13:11:39
/home/pi/reginaldojunior/experimentos/socket/loop-fusion-dynamic/all-batches//elecNormNew-OzaBagAdwinExecutorMAXChunk-25-4-50-2523
12/10/23 13:15:08
12/10/23 13:15:08
/home/pi/reginaldojunior/experimentos/socket/loop-fusion-dynamic/all-batches//elecNormNew-OzaBagASHTExecutorMAXChunk-25-4-50-4141
12/10/23 13:15:38
12/10/23 13:15:38
/home/pi/reginaldojunior/experimentos/socket/loop-fusion-dynamic/all-batches//elecNormNew-OzaBagExecutorMAXChunk-25-4-50-4162
12/10/23 13:16:10
12/10/23 13:16:10
/home/pi/reginaldojunior/experimentos/socket/loop-fusion-dynamic/all-batches//GMSC-AdaptiveRandomForestExecutorMAXChunk-25-4-50-1699
12/10/23 13:21:15
12/10/23 13:21:15
/home/pi/reginaldojunior/experimentos/socket/loop-fusion-dynamic/all-batches//GMSC-LBagExecutorMAXChunk-25-4-50-2037
12/10/23 13:25:30
12/10/23 13:25:30
/home/pi/reginaldojunior/experimentos/socket/loop-fusion-dynamic/all-batches//GMSC-StreamingRandomPatchesExecutorMAXChunk-25-4-50-958
12/10/23 13:35:34
12/10/23 13:35:34
/home/pi/reginaldojunior/experimentos/socket/loop-fusion-dynamic/all-batches//GMSC-OzaBagAdwinExecutorMAXChunk-25-4-50-4027
12/10/23 13:37:55
12/10/23 13:37:55
/home/pi/reginaldojunior/experimentos/socket/loop-fusion-dynamic/all-batches//GMSC-OzaBagASHTExecutorMAXChunk-25-4-50-7285
12/10/23 13:39:17
12/10/23 13:39:17
/home/pi/reginaldojunior/experimentos/socket/loop-fusion-dynamic/all-batches//GMSC-OzaBagExecutorMAXChunk-25-4-50-6990
12/10/23 13:40:09
12/10/23 13:40:09
/home/pi/reginaldojunior/experimentos/socket/loop-fusion-dynamic/all-batches//covtypeNorm-AdaptiveRandomForestExecutorMAXChunk-25-4-100-1061
12/10/23 13:50:15
12/10/23 13:50:15
/home/pi/reginaldojunior/experimentos/socket/loop-fusion-dynamic/all-batches//covtypeNorm-LBagExecutorMAXChunk-25-4-100-712
12/10/23 14:00:22
12/10/23 14:00:22
/home/pi/reginaldojunior/experimentos/socket/loop-fusion-dynamic/all-batches//covtypeNorm-StreamingRandomPatchesExecutorMAXChunk-25-4-100-264
12/10/23 14:10:28
12/10/23 14:10:28
/home/pi/reginaldojunior/experimentos/socket/loop-fusion-dynamic/all-batches//covtypeNorm-OzaBagAdwinExecutorMAXChunk-25-4-100-1126
12/10/23 14:20:34
12/10/23 14:20:34
/home/pi/reginaldojunior/experimentos/socket/loop-fusion-dynamic/all-batches//covtypeNorm-OzaBagASHTExecutorMAXChunk-25-4-100-3146
12/10/23 14:30:40
12/10/23 14:30:40
/home/pi/reginaldojunior/experimentos/socket/loop-fusion-dynamic/all-batches//covtypeNorm-OzaBagExecutorMAXChunk-25-4-100-2990
12/10/23 14:40:47
12/10/23 14:40:47
/home/pi/reginaldojunior/experimentos/socket/loop-fusion-dynamic/all-batches//airlines-AdaptiveRandomForestExecutorMAXChunk-25-4-100-230
12/10/23 14:50:53
12/10/23 14:50:53
/home/pi/reginaldojunior/experimentos/socket/loop-fusion-dynamic/all-batches//airlines-LBagExecutorMAXChunk-25-4-100-217
12/10/23 15:24:58
12/10/23 15:24:58
/home/pi/reginaldojunior/experimentos/socket/loop-fusion-dynamic/all-batches//airlines-StreamingRandomPatchesExecutorMAXChunk-25-4-100-243
12/10/23 15:35:03
12/10/23 15:35:03
/home/pi/reginaldojunior/experimentos/socket/loop-fusion-dynamic/all-batches//airlines-OzaBagAdwinExecutorMAXChunk-25-4-100-682
12/10/23 15:45:10
12/10/23 15:45:10
/home/pi/reginaldojunior/experimentos/socket/loop-fusion-dynamic/all-batches//airlines-OzaBagASHTExecutorMAXChunk-25-4-100-4473
12/10/23 15:54:47
12/10/23 15:54:47
/home/pi/reginaldojunior/experimentos/socket/loop-fusion-dynamic/all-batches//airlines-OzaBagExecutorMAXChunk-25-4-100-5110
12/10/23 16:03:49
12/10/23 16:03:49
/home/pi/reginaldojunior/experimentos/socket/loop-fusion-dynamic/all-batches//elecNormNew-AdaptiveRandomForestExecutorMAXChunk-25-4-100-934
12/10/23 16:07:06
12/10/23 16:07:06
/home/pi/reginaldojunior/experimentos/socket/loop-fusion-dynamic/all-batches//elecNormNew-LBagExecutorMAXChunk-25-4-100-1411
12/10/23 16:11:31
12/10/23 16:11:31
/home/pi/reginaldojunior/experimentos/socket/loop-fusion-dynamic/all-batches//elecNormNew-StreamingRandomPatchesExecutorMAXChunk-25-4-100-513
12/10/23 16:17:09
12/10/23 16:17:09
/home/pi/reginaldojunior/experimentos/socket/loop-fusion-dynamic/all-batches//elecNormNew-OzaBagAdwinExecutorMAXChunk-25-4-100-2726
12/10/23 16:17:55
12/10/23 16:17:55
/home/pi/reginaldojunior/experimentos/socket/loop-fusion-dynamic/all-batches//elecNormNew-OzaBagASHTExecutorMAXChunk-25-4-100-4243
12/10/23 16:19:39
12/10/23 16:19:39
/home/pi/reginaldojunior/experimentos/socket/loop-fusion-dynamic/all-batches//elecNormNew-OzaBagExecutorMAXChunk-25-4-100-4482
12/10/23 16:21:55
12/10/23 16:21:55
/home/pi/reginaldojunior/experimentos/socket/loop-fusion-dynamic/all-batches//GMSC-AdaptiveRandomForestExecutorMAXChunk-25-4-100-1763
12/10/23 16:30:24
12/10/23 16:30:24
/home/pi/reginaldojunior/experimentos/socket/loop-fusion-dynamic/all-batches//GMSC-LBagExecutorMAXChunk-25-4-100-2177
12/10/23 16:36:40
12/10/23 16:36:40
/home/pi/reginaldojunior/experimentos/socket/loop-fusion-dynamic/all-batches//GMSC-StreamingRandomPatchesExecutorMAXChunk-25-4-100-976
12/10/23 16:46:45
12/10/23 16:46:45
/home/pi/reginaldojunior/experimentos/socket/loop-fusion-dynamic/all-batches//GMSC-OzaBagAdwinExecutorMAXChunk-25-4-100-4577
12/10/23 16:49:23
12/10/23 16:49:23
/home/pi/reginaldojunior/experimentos/socket/loop-fusion-dynamic/all-batches//GMSC-OzaBagASHTExecutorMAXChunk-25-4-100-7869
12/10/23 16:52:09
12/10/23 16:52:09
/home/pi/reginaldojunior/experimentos/socket/loop-fusion-dynamic/all-batches//GMSC-OzaBagExecutorMAXChunk-25-4-100-7515
12/10/23 16:53:31
12/10/23 16:53:31
/home/pi/reginaldojunior/experimentos/socket/loop-fusion-dynamic/all-batches//covtypeNorm-AdaptiveRandomForestExecutorMAXChunk-25-4-500-963
12/10/23 17:03:37
12/10/23 17:03:37
/home/pi/reginaldojunior/experimentos/socket/loop-fusion-dynamic/all-batches//covtypeNorm-LBagExecutorMAXChunk-25-4-500-782
12/10/23 17:13:44
12/10/23 17:13:44
/home/pi/reginaldojunior/experimentos/socket/loop-fusion-dynamic/all-batches//covtypeNorm-StreamingRandomPatchesExecutorMAXChunk-25-4-500-276
12/10/23 17:23:49
12/10/23 17:23:49
/home/pi/reginaldojunior/experimentos/socket/loop-fusion-dynamic/all-batches//covtypeNorm-OzaBagAdwinExecutorMAXChunk-25-4-500-1154
12/10/23 17:33:56
12/10/23 17:33:56
/home/pi/reginaldojunior/experimentos/socket/loop-fusion-dynamic/all-batches//covtypeNorm-OzaBagASHTExecutorMAXChunk-25-4-500-3368
12/10/23 17:44:03
12/10/23 17:44:03
/home/pi/reginaldojunior/experimentos/socket/loop-fusion-dynamic/all-batches//covtypeNorm-OzaBagExecutorMAXChunk-25-4-500-3708
12/10/23 17:52:08
12/10/23 17:52:08
/home/pi/reginaldojunior/experimentos/socket/loop-fusion-dynamic/all-batches//airlines-AdaptiveRandomForestExecutorMAXChunk-25-4-500-276
12/10/23 18:02:14
12/10/23 18:02:14
/home/pi/reginaldojunior/experimentos/socket/loop-fusion-dynamic/all-batches//airlines-LBagExecutorMAXChunk-25-4-500-245
12/10/23 18:29:02
12/10/23 18:29:02
/home/pi/reginaldojunior/experimentos/socket/loop-fusion-dynamic/all-batches//airlines-StreamingRandomPatchesExecutorMAXChunk-25-4-500-266
12/10/23 18:39:13
12/10/23 18:39:13
/home/pi/reginaldojunior/experimentos/socket/loop-fusion-dynamic/all-batches//airlines-OzaBagAdwinExecutorMAXChunk-25-4-500-753
12/10/23 18:49:20
12/10/23 18:49:20
/home/pi/reginaldojunior/experimentos/socket/loop-fusion-dynamic/all-batches//airlines-OzaBagASHTExecutorMAXChunk-25-4-500-4856
12/10/23 18:55:47
12/10/23 18:55:47
/home/pi/reginaldojunior/experimentos/socket/loop-fusion-dynamic/all-batches//airlines-OzaBagExecutorMAXChunk-25-4-500-6170
12/10/23 19:02:50
12/10/23 19:02:50
/home/pi/reginaldojunior/experimentos/socket/loop-fusion-dynamic/all-batches//elecNormNew-AdaptiveRandomForestExecutorMAXChunk-25-4-500-930
12/10/23 19:07:02
12/10/23 19:07:02
/home/pi/reginaldojunior/experimentos/socket/loop-fusion-dynamic/all-batches//elecNormNew-LBagExecutorMAXChunk-25-4-500-1471
12/10/23 19:09:15
12/10/23 19:09:16
/home/pi/reginaldojunior/experimentos/socket/loop-fusion-dynamic/all-batches//elecNormNew-StreamingRandomPatchesExecutorMAXChunk-25-4-500-494
12/10/23 19:16:56
12/10/23 19:16:57
/home/pi/reginaldojunior/experimentos/socket/loop-fusion-dynamic/all-batches//elecNormNew-OzaBagAdwinExecutorMAXChunk-25-4-500-2794
12/10/23 19:17:45
12/10/23 19:17:45
/home/pi/reginaldojunior/experimentos/socket/loop-fusion-dynamic/all-batches//elecNormNew-OzaBagASHTExecutorMAXChunk-25-4-500-4712
12/10/23 19:18:15
12/10/23 19:18:15
/home/pi/reginaldojunior/experimentos/socket/loop-fusion-dynamic/all-batches//elecNormNew-OzaBagExecutorMAXChunk-25-4-500-4455
12/10/23 19:18:44
12/10/23 19:18:44
/home/pi/reginaldojunior/experimentos/socket/loop-fusion-dynamic/all-batches//GMSC-AdaptiveRandomForestExecutorMAXChunk-25-4-500-1820
12/10/23 19:23:58
12/10/23 19:23:58
/home/pi/reginaldojunior/experimentos/socket/loop-fusion-dynamic/all-batches//GMSC-LBagExecutorMAXChunk-25-4-500-2271
12/10/23 19:27:59
12/10/23 19:27:59
/home/pi/reginaldojunior/experimentos/socket/loop-fusion-dynamic/all-batches//GMSC-StreamingRandomPatchesExecutorMAXChunk-25-4-500-1019
12/10/23 19:38:04
12/10/23 19:38:04
/home/pi/reginaldojunior/experimentos/socket/loop-fusion-dynamic/all-batches//GMSC-OzaBagAdwinExecutorMAXChunk-25-4-500-4733
12/10/23 19:41:24
12/10/23 19:41:24
/home/pi/reginaldojunior/experimentos/socket/loop-fusion-dynamic/all-batches//GMSC-OzaBagASHTExecutorMAXChunk-25-4-500-8617
12/10/23 19:43:33
12/10/23 19:43:33
/home/pi/reginaldojunior/experimentos/socket/loop-fusion-dynamic/all-batches//GMSC-OzaBagExecutorMAXChunk-25-4-500-8499
12/10/23 19:44:18
12/10/23 19:44:18
/home/pi/reginaldojunior/experimentos/socket/loop-fusion-dynamic/all-batches//covtypeNorm-AdaptiveRandomForestExecutorMAXChunk-25-4-2000-1080
12/10/23 19:54:23
12/10/23 19:54:23
/home/pi/reginaldojunior/experimentos/socket/loop-fusion-dynamic/all-batches//covtypeNorm-LBagExecutorMAXChunk-25-4-2000-702
12/10/23 20:04:29
12/10/23 20:04:29
/home/pi/reginaldojunior/experimentos/socket/loop-fusion-dynamic/all-batches//covtypeNorm-StreamingRandomPatchesExecutorMAXChunk-25-4-2000-291
12/10/23 20:14:37
12/10/23 20:14:37
/home/pi/reginaldojunior/experimentos/socket/loop-fusion-dynamic/all-batches//covtypeNorm-OzaBagAdwinExecutorMAXChunk-25-4-2000-1149
12/10/23 20:24:43
12/10/23 20:24:43
/home/pi/reginaldojunior/experimentos/socket/loop-fusion-dynamic/all-batches//covtypeNorm-OzaBagASHTExecutorMAXChunk-25-4-2000-3314
12/10/23 20:34:07
12/10/23 20:34:07
/home/pi/reginaldojunior/experimentos/socket/loop-fusion-dynamic/all-batches//covtypeNorm-OzaBagExecutorMAXChunk-25-4-2000-3557
12/10/23 20:44:14
12/10/23 20:44:14
/home/pi/reginaldojunior/experimentos/socket/loop-fusion-dynamic/all-batches//airlines-AdaptiveRandomForestExecutorMAXChunk-25-4-2000-292
12/10/23 20:54:47
12/10/23 20:54:47
/home/pi/reginaldojunior/experimentos/socket/loop-fusion-dynamic/all-batches//airlines-LBagExecutorMAXChunk-25-4-2000-440
12/10/23 21:04:55
12/10/23 21:04:55
/home/pi/reginaldojunior/experimentos/socket/loop-fusion-dynamic/all-batches//airlines-StreamingRandomPatchesExecutorMAXChunk-25-4-2000-277
12/10/23 21:15:07
12/10/23 21:15:07
/home/pi/reginaldojunior/experimentos/socket/loop-fusion-dynamic/all-batches//airlines-OzaBagAdwinExecutorMAXChunk-25-4-2000-970
12/10/23 21:25:13
12/10/23 21:25:13
/home/pi/reginaldojunior/experimentos/socket/loop-fusion-dynamic/all-batches//airlines-OzaBagASHTExecutorMAXChunk-25-4-2000-4989
12/10/23 21:34:35
12/10/23 21:34:35
/home/pi/reginaldojunior/experimentos/socket/loop-fusion-dynamic/all-batches//airlines-OzaBagExecutorMAXChunk-25-4-2000-6220
12/10/23 21:44:42
12/10/23 21:44:42
/home/pi/reginaldojunior/experimentos/socket/loop-fusion-dynamic/all-batches//elecNormNew-AdaptiveRandomForestExecutorMAXChunk-25-4-2000-875
12/10/23 21:48:36
12/10/23 21:48:36
/home/pi/reginaldojunior/experimentos/socket/loop-fusion-dynamic/all-batches//elecNormNew-LBagExecutorMAXChunk-25-4-2000-1402
12/10/23 21:52:43
12/10/23 21:52:43
/home/pi/reginaldojunior/experimentos/socket/loop-fusion-dynamic/all-batches//elecNormNew-StreamingRandomPatchesExecutorMAXChunk-25-4-2000-519
12/10/23 21:57:01
12/10/23 21:57:01
/home/pi/reginaldojunior/experimentos/socket/loop-fusion-dynamic/all-batches//elecNormNew-OzaBagAdwinExecutorMAXChunk-25-4-2000-2528
12/10/23 21:57:49
12/10/23 21:57:49
/home/pi/reginaldojunior/experimentos/socket/loop-fusion-dynamic/all-batches//elecNormNew-OzaBagASHTExecutorMAXChunk-25-4-2000-4202
12/10/23 21:58:40
12/10/23 21:58:40
/home/pi/reginaldojunior/experimentos/socket/loop-fusion-dynamic/all-batches//elecNormNew-OzaBagExecutorMAXChunk-25-4-2000-4042
12/10/23 21:59:39
12/10/23 21:59:39
/home/pi/reginaldojunior/experimentos/socket/loop-fusion-dynamic/all-batches//GMSC-AdaptiveRandomForestExecutorMAXChunk-25-4-2000-1801
12/10/23 22:05:22
12/10/23 22:05:22
/home/pi/reginaldojunior/experimentos/socket/loop-fusion-dynamic/all-batches//GMSC-LBagExecutorMAXChunk-25-4-2000-2224
12/10/23 22:10:37
12/10/23 22:10:37
/home/pi/reginaldojunior/experimentos/socket/loop-fusion-dynamic/all-batches//GMSC-StreamingRandomPatchesExecutorMAXChunk-25-4-2000-974
12/10/23 22:20:36
12/10/23 22:20:36
/home/pi/reginaldojunior/experimentos/socket/loop-fusion-dynamic/all-batches//GMSC-OzaBagAdwinExecutorMAXChunk-25-4-2000-4540
12/10/23 22:24:07
12/10/23 22:24:07
/home/pi/reginaldojunior/experimentos/socket/loop-fusion-dynamic/all-batches//GMSC-OzaBagASHTExecutorMAXChunk-25-4-2000-8906
12/10/23 22:24:57
12/10/23 22:24:57
/home/pi/reginaldojunior/experimentos/socket/loop-fusion-dynamic/all-batches//GMSC-OzaBagExecutorMAXChunk-25-4-2000-8410
12/10/23 22:26:11
